Mplus VERSION 8.5
MUTHEN & MUTHEN
08/24/2021   5:44 PM

INPUT INSTRUCTIONS

  TITLE:
  Confirmatory Factor Analysis - Extract factor scores;
  DATA:
  FILE = "./mplus_models/simpview/shapeB/cfa_scores_5d1661a61d02e40cc3ff92203e61da3c.dat";

  VARIABLE:
  NAMES = cidB3153 naraComp naraAcc combAcc woldComp f8age f9age;
   MISSING=.;
   idvariable = cidB3153;
  ANALYSIS:
  estimator = mlr; type = general;
  MODEL:
  f8age; f9age;
             G by combAcc naraAcc naraComp woldComp;
             combAcc naraAcc naraComp on f9age;
             woldComp on f8age;
  OUTPUT:
  sampstat; TECH1; TECH4; stdyx; modindices;
  SAVEDATA:
  FILE IS shape_cfa_scores.dat; SAVE = fscores;
  PLOT:
  TYPE = PLOT3;



INPUT READING TERMINATED NORMALLY




Confirmatory Factor Analysis - Extract factor scores;

SUMMARY OF ANALYSIS

Number of groups                                                 1
Number of observations                                        3423

Number of dependent variables                                    4
Number of independent variables                                  2
Number of continuous latent variables                            1

Observed dependent variables

  Continuous
   NARACOMP    NARAACC     COMBACC     WOLDCOMP

Observed independent variables
   F8AGE       F9AGE

Continuous latent variables
   G

Variables with special functions

  ID variable           CIDB3153

Estimator                                                      MLR
Information matrix                                        OBSERVED
Maximum number of iterations                                  1000
Convergence criterion                                    0.500D-04
Maximum number of steepest descent iterations                   20
Maximum number of iterations for H1                           2000
Convergence criterion for H1                             0.100D-03

Input data file(s)
  ./mplus_models/simpview/shapeB/cfa_scores_5d1661a61d02e40cc3ff92203e61da3c.dat

Input data format  FREE


SUMMARY OF DATA

     Number of missing data patterns             6


COVARIANCE COVERAGE OF DATA

Minimum covariance coverage value   0.100


     PROPORTION OF DATA PRESENT


           Covariance Coverage
              NARACOMP      NARAACC       COMBACC       WOLDCOMP      F8AGE
              ________      ________      ________      ________      ________
 NARACOMP       1.000
 NARAACC        1.000         1.000
 COMBACC        0.993         0.993         0.993
 WOLDCOMP       0.857         0.857         0.852         0.857
 F8AGE          0.864         0.864         0.858         0.857         0.864
 F9AGE          1.000         1.000         0.993         0.857         0.864


           Covariance Coverage
              F9AGE
              ________
 F9AGE          1.000


SAMPLE STATISTICS


     ESTIMATED SAMPLE STATISTICS


           Means
              NARACOMP      NARAACC       COMBACC       WOLDCOMP      F8AGE
              ________      ________      ________      ________      ________
               24.968        65.861        12.617         7.414       103.772


           Means
              F9AGE
              ________
              118.704


           Covariances
              NARACOMP      NARAACC       COMBACC       WOLDCOMP      F8AGE
              ________      ________      ________      ________      ________
 NARACOMP      60.947
 NARAACC      132.135       423.591
 COMBACC       25.533        79.237        21.492
 WOLDCOMP       6.577        12.110         2.214         3.774
 F8AGE         -1.586        -2.483        -0.640         0.448        13.636
 F9AGE          0.948         2.702        -0.024        -0.403         3.809


           Covariances
              F9AGE
              ________
 F9AGE         16.555


           Correlations
              NARACOMP      NARAACC       COMBACC       WOLDCOMP      F8AGE
              ________      ________      ________      ________      ________
 NARACOMP       1.000
 NARAACC        0.822         1.000
 COMBACC        0.706         0.830         1.000
 WOLDCOMP       0.434         0.303         0.246         1.000
 F8AGE         -0.055        -0.033        -0.037         0.062         1.000
 F9AGE          0.030         0.032        -0.001        -0.051         0.253


           Correlations
              F9AGE
              ________
 F9AGE          1.000


     MAXIMUM LOG-LIKELIHOOD VALUE FOR THE UNRESTRICTED (H1) MODEL IS -56580.887


UNIVARIATE SAMPLE STATISTICS


     UNIVARIATE HIGHER-ORDER MOMENT DESCRIPTIVE STATISTICS

         Variable/         Mean/     Skewness/   Minimum/ % with                Percentiles
        Sample Size      Variance    Kurtosis    Maximum  Min/Max      20%/60%    40%/80%    Median

     NARACOMP             24.968      -0.218       0.000    0.03%      18.000     23.000     25.000
            3423.000      60.947      -0.334      44.000    0.09%      27.000     32.000
     NARAACC              65.861      -0.452       0.000    0.15%      47.000     60.000     68.000
            3423.000     423.591      -0.549     100.000    0.23%      75.000     86.000
     COMBACC              12.644      -0.687       0.000    1.29%       9.000     12.000     13.000
            3399.000      21.304      -0.135      20.000    1.15%      15.000     17.000
     WOLDCOMP              7.465       0.044       2.000    0.65%       6.000      7.000      7.000
            2935.000       3.764       0.382      15.000    0.07%       8.000      9.000
     F8AGE               103.676       2.573      97.000    0.07%     102.000    102.000    103.000
            2958.000      13.489       7.992     127.000    0.03%     103.000    105.000
     F9AGE               118.704       1.459     106.000    0.03%     115.000    117.000    118.000
            3423.000      16.555       3.079     140.000    0.09%     119.000    121.000


THE MODEL ESTIMATION TERMINATED NORMALLY



MODEL FIT INFORMATION

Number of Free Parameters                       23

Loglikelihood

          H0 Value                      -56756.935
          H0 Scaling Correction Factor      1.3015
            for MLR
          H1 Value                      -56580.887
          H1 Scaling Correction Factor      1.2561
            for MLR

Information Criteria

          Akaike (AIC)                  113559.870
          Bayesian (BIC)                113701.050
          Sample-Size Adjusted BIC      113627.968
            (n* = (n + 2) / 24)

Chi-Square Test of Model Fit

          Value                            353.788*
          Degrees of Freedom                     4
          P-Value                           0.0000
          Scaling Correction Factor         0.9952
            for MLR

*   The chi-square value for MLM, MLMV, MLR, ULSMV, WLSM and WLSMV cannot be used
    for chi-square difference testing in the regular way.  MLM, MLR and WLSM
    chi-square difference testing is described on the Mplus website.  MLMV, WLSMV,
    and ULSMV difference testing is done using the DIFFTEST option.

RMSEA (Root Mean Square Error Of Approximation)

          Estimate                           0.160
          90 Percent C.I.                    0.146  0.174
          Probability RMSEA <= .05           0.000

CFI/TLI

          CFI                                0.956
          TLI                                0.845

Chi-Square Test of Model Fit for the Baseline Model

          Value                           7936.709
          Degrees of Freedom                    14
          P-Value                           0.0000

SRMR (Standardized Root Mean Square Residual)

          Value                              0.031



MODEL RESULTS

                                                    Two-Tailed
                    Estimate       S.E.  Est./S.E.    P-Value

 G        BY
    COMBACC            1.000      0.000    999.000    999.000
    NARAACC            5.077      0.060     84.038      0.000
    NARACOMP           1.672      0.024     69.734      0.000
    WOLDCOMP           0.168      0.010     17.511      0.000

 COMBACC  ON
    F9AGE              0.207      0.056      3.668      0.000

 NARAACC  ON
    F9AGE              1.223      0.283      4.319      0.000

 NARACOMP ON
    F9AGE              0.406      0.090      4.531      0.000

 WOLDCOMP ON
    F8AGE              0.052      0.010      5.400      0.000

 F8AGE    WITH
    G                 -1.466      0.384     -3.816      0.000

 F9AGE    WITH
    G                 -3.454      0.959     -3.603      0.000

 F9AGE    WITH
    F8AGE              3.805      0.443      8.579      0.000

 Means
    F8AGE            103.766      0.073   1428.119      0.000
    F9AGE            118.704      0.070   1706.874      0.000

 Intercepts
    NARACOMP         -23.254     10.644     -2.185      0.029
    NARAACC          -79.256     33.600     -2.359      0.018
    COMBACC          -11.979      6.708     -1.786      0.074
    WOLDCOMP           2.086      0.989      2.108      0.035

 Variances
    F8AGE             13.635      0.800     17.035      0.000
    F9AGE             16.555      0.638     25.962      0.000
    G                 16.276      0.667     24.390      0.000

 Residual Variances
    NARACOMP          17.382      0.612     28.391      0.000
    NARAACC           22.190      3.256      6.815      0.000
    COMBACC            5.935      0.180     32.951      0.000
    WOLDCOMP           3.309      0.095     34.767      0.000


STANDARDIZED MODEL RESULTS


STDYX Standardization

                                                    Two-Tailed
                    Estimate       S.E.  Est./S.E.    P-Value

 G        BY
    COMBACC            0.870      0.012     72.276      0.000
    NARAACC            0.995      0.013     75.741      0.000
    NARACOMP           0.864      0.012     69.859      0.000
    WOLDCOMP           0.349      0.018     19.535      0.000

 COMBACC  ON
    F9AGE              0.182      0.050      3.671      0.000

 NARAACC  ON
    F9AGE              0.242      0.056      4.316      0.000

 NARACOMP ON
    F9AGE              0.212      0.047      4.519      0.000

 WOLDCOMP ON
    F8AGE              0.098      0.018      5.351      0.000

 F8AGE    WITH
    G                 -0.098      0.025     -4.015      0.000

 F9AGE    WITH
    G                 -0.210      0.055     -3.794      0.000

 F9AGE    WITH
    F8AGE              0.253      0.025     10.191      0.000

 Means
    F8AGE             28.102      0.809     34.753      0.000
    F9AGE             29.174      0.551     52.952      0.000

 Intercepts
    NARACOMP          -2.979      1.365     -2.182      0.029
    NARAACC           -3.851      1.633     -2.358      0.018
    COMBACC           -2.584      1.446     -1.787      0.074
    WOLDCOMP           1.073      0.511      2.101      0.036

 Variances
    F8AGE              1.000      0.000    999.000    999.000
    F9AGE              1.000      0.000    999.000    999.000
    G                  1.000      0.000    999.000    999.000

 Residual Variances
    NARACOMP           0.285      0.011     25.644      0.000
    NARAACC            0.052      0.008      6.779      0.000
    COMBACC            0.276      0.010     27.460      0.000
    WOLDCOMP           0.875      0.012     71.104      0.000


R-SQUARE

    Observed                                        Two-Tailed
    Variable        Estimate       S.E.  Est./S.E.    P-Value

    NARACOMP           0.715      0.011     64.271      0.000
    NARAACC            0.948      0.008    122.634      0.000
    COMBACC            0.724      0.010     71.971      0.000
    WOLDCOMP           0.125      0.012     10.116      0.000


QUALITY OF NUMERICAL RESULTS

     Condition Number for the Information Matrix              0.309E-07
       (ratio of smallest to largest eigenvalue)


MODEL MODIFICATION INDICES

NOTE:  Modification indices for direct effects of observed dependent variables
regressed on covariates may not be included.  To include these, request
MODINDICES (ALL).

Minimum M.I. value for printing the modification index    10.000

                                   M.I.     E.P.C.  Std E.P.C.  StdYX E.P.C.

ON Statements

NARACOMP ON NARAACC               16.758    -0.818     -0.818       -2.157
NARACOMP ON COMBACC              116.678    -1.234     -1.234       -0.732
NARACOMP ON WOLDCOMP             314.275     0.801      0.801        0.200
NARAACC  ON NARACOMP              16.779    -1.045     -1.045       -0.396
NARAACC  ON COMBACC              335.183     8.311      8.311        1.872
NARAACC  ON WOLDCOMP             107.534    -1.085     -1.085       -0.103
COMBACC  ON NARACOMP             116.679    -0.421     -0.421       -0.709
COMBACC  ON NARAACC              335.262     2.223      2.223        9.870
COMBACC  ON WOLDCOMP              16.544    -0.108     -0.108       -0.045
WOLDCOMP ON NARACOMP             327.764     0.157      0.157        0.629
WOLDCOMP ON NARAACC              113.106    -0.167     -0.167       -1.769
WOLDCOMP ON COMBACC               16.879    -0.061     -0.061       -0.146

WITH Statements

NARAACC  WITH NARACOMP            16.778   -18.162    -18.162       -0.925
COMBACC  WITH NARACOMP           116.684    -7.321     -7.321       -0.721
COMBACC  WITH NARAACC            335.187    49.326     49.326        4.298
WOLDCOMP WITH NARACOMP           327.776     2.724      2.724        0.359
WOLDCOMP WITH NARAACC            113.074    -3.707     -3.707       -0.433
WOLDCOMP WITH COMBACC             16.876    -0.364     -0.364       -0.082


TECHNICAL 1 OUTPUT


     PARAMETER SPECIFICATION


           NU
              NARACOMP      NARAACC       COMBACC       WOLDCOMP      F8AGE
              ________      ________      ________      ________      ________
                  0             0             0             0             0


           NU
              F9AGE
              ________
                  0


           LAMBDA
              G             NARACOMP      NARAACC       COMBACC       WOLDCOMP
              ________      ________      ________      ________      ________
 NARACOMP           0             0             0             0             0
 NARAACC            0             0             0             0             0
 COMBACC            0             0             0             0             0
 WOLDCOMP           0             0             0             0             0
 F8AGE              0             0             0             0             0
 F9AGE              0             0             0             0             0


           LAMBDA
              F8AGE         F9AGE
              ________      ________
 NARACOMP           0             0
 NARAACC            0             0
 COMBACC            0             0
 WOLDCOMP           0             0
 F8AGE              0             0
 F9AGE              0             0


           THETA
              NARACOMP      NARAACC       COMBACC       WOLDCOMP      F8AGE
              ________      ________      ________      ________      ________
 NARACOMP           0
 NARAACC            0             0
 COMBACC            0             0             0
 WOLDCOMP           0             0             0             0
 F8AGE              0             0             0             0             0
 F9AGE              0             0             0             0             0


           THETA
              F9AGE
              ________
 F9AGE              0


           ALPHA
              G             NARACOMP      NARAACC       COMBACC       WOLDCOMP
              ________      ________      ________      ________      ________
                  0             1             2             3             4


           ALPHA
              F8AGE         F9AGE
              ________      ________
                  5             6


           BETA
              G             NARACOMP      NARAACC       COMBACC       WOLDCOMP
              ________      ________      ________      ________      ________
 G                  0             0             0             0             0
 NARACOMP           7             0             0             0             0
 NARAACC            9             0             0             0             0
 COMBACC            0             0             0             0             0
 WOLDCOMP          12             0             0             0             0
 F8AGE              0             0             0             0             0
 F9AGE              0             0             0             0             0


           BETA
              F8AGE         F9AGE
              ________      ________
 G                  0             0
 NARACOMP           0             8
 NARAACC            0            10
 COMBACC            0            11
 WOLDCOMP          13             0
 F8AGE              0             0
 F9AGE              0             0


           PSI
              G             NARACOMP      NARAACC       COMBACC       WOLDCOMP
              ________      ________      ________      ________      ________
 G                 14
 NARACOMP           0            15
 NARAACC            0             0            16
 COMBACC            0             0             0            17
 WOLDCOMP           0             0             0             0            18
 F8AGE             19             0             0             0             0
 F9AGE             21             0             0             0             0


           PSI
              F8AGE         F9AGE
              ________      ________
 F8AGE             20
 F9AGE             22            23


     STARTING VALUES


           NU
              NARACOMP      NARAACC       COMBACC       WOLDCOMP      F8AGE
              ________      ________      ________      ________      ________
                0.000         0.000         0.000         0.000         0.000


           NU
              F9AGE
              ________
                0.000


           LAMBDA
              G             NARACOMP      NARAACC       COMBACC       WOLDCOMP
              ________      ________      ________      ________      ________
 NARACOMP       0.000         1.000         0.000         0.000         0.000
 NARAACC        0.000         0.000         1.000         0.000         0.000
 COMBACC        0.000         0.000         0.000         1.000         0.000
 WOLDCOMP       0.000         0.000         0.000         0.000         1.000
 F8AGE          0.000         0.000         0.000         0.000         0.000
 F9AGE          0.000         0.000         0.000         0.000         0.000


           LAMBDA
              F8AGE         F9AGE
              ________      ________
 NARACOMP       0.000         0.000
 NARAACC        0.000         0.000
 COMBACC        0.000         0.000
 WOLDCOMP       0.000         0.000
 F8AGE          1.000         0.000
 F9AGE          0.000         1.000


           THETA
              NARACOMP      NARAACC       COMBACC       WOLDCOMP      F8AGE
              ________      ________      ________      ________      ________
 NARACOMP       0.000
 NARAACC        0.000         0.000
 COMBACC        0.000         0.000         0.000
 WOLDCOMP       0.000         0.000         0.000         0.000
 F8AGE          0.000         0.000         0.000         0.000         0.000
 F9AGE          0.000         0.000         0.000         0.000         0.000


           THETA
              F9AGE
              ________
 F9AGE          0.000


           ALPHA
              G             NARACOMP      NARAACC       COMBACC       WOLDCOMP
              ________      ________      ________      ________      ________
                0.000        24.968        65.861        12.644         7.465


           ALPHA
              F8AGE         F9AGE
              ________      ________
              103.676       118.704


           BETA
              G             NARACOMP      NARAACC       COMBACC       WOLDCOMP
              ________      ________      ________      ________      ________
 G              0.000         0.000         0.000         0.000         0.000
 NARACOMP       1.763         0.000         0.000         0.000         0.000
 NARAACC        5.002         0.000         0.000         0.000         0.000
 COMBACC        1.000         0.000         0.000         0.000         0.000
 WOLDCOMP       0.161         0.000         0.000         0.000         0.000
 F8AGE          0.000         0.000         0.000         0.000         0.000
 F9AGE          0.000         0.000         0.000         0.000         0.000


           BETA
              F8AGE         F9AGE
              ________      ________
 G              0.000         0.000
 NARACOMP       0.000         0.000
 NARAACC        0.000         0.000
 COMBACC        0.000         0.000
 WOLDCOMP       0.000         0.000
 F8AGE          0.000         0.000
 F9AGE          0.000         0.000


           PSI
              G             NARACOMP      NARAACC       COMBACC       WOLDCOMP
              ________      ________      ________      ________      ________
 G              0.050
 NARACOMP       0.000        30.474
 NARAACC        0.000         0.000       211.795
 COMBACC        0.000         0.000         0.000        10.652
 WOLDCOMP       0.000         0.000         0.000         0.000         1.882
 F8AGE          0.000         0.000         0.000         0.000         0.000
 F9AGE          0.000         0.000         0.000         0.000         0.000


           PSI
              F8AGE         F9AGE
              ________      ________
 F8AGE          6.745
 F9AGE          0.000         8.278


TECHNICAL 4 OUTPUT


     ESTIMATES DERIVED FROM THE MODEL


           ESTIMATED MEANS FOR THE LATENT VARIABLES
              G             NARACOMP      NARAACC       COMBACC       WOLDCOMP
              ________      ________      ________      ________      ________
                0.000        24.968        65.861        12.617         7.434


           ESTIMATED MEANS FOR THE LATENT VARIABLES
              F8AGE         F9AGE
              ________      ________
              103.766       118.704


           S.E. FOR ESTIMATED MEANS FOR THE LATENT VARIABLES
              G             NARACOMP      NARAACC       COMBACC       WOLDCOMP
              ________      ________      ________      ________      ________
                0.000         0.133         0.352         0.079         0.036


           S.E. FOR ESTIMATED MEANS FOR THE LATENT VARIABLES
              F8AGE         F9AGE
              ________      ________
                0.073         0.070


           EST./S.E. FOR ESTIMATED MEANS FOR THE LATENT VARIABLES
              G             NARACOMP      NARAACC       COMBACC       WOLDCOMP
              ________      ________      ________      ________      ________
                0.000       187.115       187.222       158.877       208.865


           EST./S.E. FOR ESTIMATED MEANS FOR THE LATENT VARIABLES
              F8AGE         F9AGE
              ________      ________
             1428.119      1706.874


           TWO-TAILED P-VALUE FOR ESTIMATED MEANS FOR THE LATENT VARIABLES
              G             NARACOMP      NARAACC       COMBACC       WOLDCOMP
              ________      ________      ________      ________      ________
                1.000         0.000         0.000         0.000         0.000


           TWO-TAILED P-VALUE FOR ESTIMATED MEANS FOR THE LATENT VARIABLES
              F8AGE         F9AGE
              ________      ________
                0.000         0.000


           ESTIMATED COVARIANCE MATRIX FOR THE LATENT VARIABLES
              G             NARACOMP      NARAACC       COMBACC       WOLDCOMP
              ________      ________      ________      ________      ________
 G             16.276
 NARACOMP      25.818        60.947
 NARAACC       78.410       132.238       423.591
 COMBACC       15.560        26.014        78.970        21.490
 WOLDCOMP       2.661         4.294        13.038         2.581         3.780
 F8AGE         -1.466        -0.906        -2.790        -0.677         0.456
 F9AGE         -3.454         0.948         2.702        -0.024        -0.385


           ESTIMATED COVARIANCE MATRIX FOR THE LATENT VARIABLES
              F8AGE         F9AGE
              ________      ________
 F8AGE         13.635
 F9AGE          3.805        16.555


           S.E. FOR ESTIMATED COVARIANCE MATRIX FOR THE LATENT VARIABLES
              G             NARACOMP      NARAACC       COMBACC       WOLDCOMP
              ________      ________      ________      ________      ________
 G              0.667
 NARACOMP       0.784         1.344
 NARAACC        2.105         3.318         8.720
 COMBACC        0.526         0.765         2.053         0.504
 WOLDCOMP       0.168         0.282         0.778         0.161         0.108
 F8AGE          0.384         0.503         1.512         0.300         0.145
 F9AGE          0.959         0.576         1.544         0.340         0.156


           S.E. FOR ESTIMATED COVARIANCE MATRIX FOR THE LATENT VARIABLES
              F8AGE         F9AGE
              ________      ________
 F8AGE          0.800
 F9AGE          0.443         0.638


           EST./S.E. FOR ESTIMATED COVARIANCE MATRIX FOR THE LATENT VARIABLES
              G             NARACOMP      NARAACC       COMBACC       WOLDCOMP
              ________      ________      ________      ________      ________
 G             24.390
 NARACOMP      32.943        45.333
 NARAACC       37.247        39.860        48.578
 COMBACC       29.565        33.984        38.468        42.653
 WOLDCOMP      15.882        15.210        16.752        16.033        34.992
 F8AGE         -3.816        -1.801        -1.846        -2.258         3.156
 F9AGE         -3.603         1.646         1.751        -0.070        -2.473


           EST./S.E. FOR ESTIMATED COVARIANCE MATRIX FOR THE LATENT VARIABLES
              F8AGE         F9AGE
              ________      ________
 F8AGE         17.035
 F9AGE          8.579        25.962


           TWO-TAILED P-VALUE FOR ESTIMATED COVARIANCE MATRIX FOR THE LATENT VARIABLES
              G             NARACOMP      NARAACC       COMBACC       WOLDCOMP
              ________      ________      ________      ________      ________
 G              0.000
 NARACOMP       0.000         0.000
 NARAACC        0.000         0.000         0.000
 COMBACC        0.000         0.000         0.000         0.000
 WOLDCOMP       0.000         0.000         0.000         0.000         0.000
 F8AGE          0.000         0.072         0.065         0.024         0.002
 F9AGE          0.000         0.100         0.080         0.944         0.013


           TWO-TAILED P-VALUE FOR ESTIMATED COVARIANCE MATRIX FOR THE LATENT VARIABLES
              F8AGE         F9AGE
              ________      ________
 F8AGE          0.000
 F9AGE          0.000         0.000


           ESTIMATED CORRELATION MATRIX FOR THE LATENT VARIABLES
              G             NARACOMP      NARAACC       COMBACC       WOLDCOMP
              ________      ________      ________      ________      ________
 G              1.000
 NARACOMP       0.820         1.000
 NARAACC        0.944         0.823         1.000
 COMBACC        0.832         0.719         0.828         1.000
 WOLDCOMP       0.339         0.283         0.326         0.286         1.000
 F8AGE         -0.098        -0.031        -0.037        -0.040         0.064
 F9AGE         -0.210         0.030         0.032        -0.001        -0.049


           ESTIMATED CORRELATION MATRIX FOR THE LATENT VARIABLES
              F8AGE         F9AGE
              ________      ________
 F8AGE          1.000
 F9AGE          0.253         1.000


           S.E. FOR ESTIMATED CORRELATION MATRIX FOR THE LATENT VARIABLES
              G             NARACOMP      NARAACC       COMBACC       WOLDCOMP
              ________      ________      ________      ________      ________
 G              0.000
 NARACOMP       0.013         0.000
 NARAACC        0.013         0.007         0.000
 COMBACC        0.012         0.009         0.006         0.000
 WOLDCOMP       0.018         0.016         0.017         0.016         0.000
 F8AGE          0.025         0.017         0.020         0.017         0.020
 F9AGE          0.055         0.018         0.018         0.018         0.020


           S.E. FOR ESTIMATED CORRELATION MATRIX FOR THE LATENT VARIABLES
              F8AGE         F9AGE
              ________      ________
 F8AGE          0.000
 F9AGE          0.025         0.000


           EST./S.E. FOR ESTIMATED CORRELATION MATRIX FOR THE LATENT VARIABLES
              G             NARACOMP      NARAACC       COMBACC       WOLDCOMP
              ________      ________      ________      ________      ________
 G            999.000
 NARACOMP      62.522       999.000
 NARAACC       70.355       125.806       999.000
 COMBACC       70.911        83.003       133.278       999.000
 WOLDCOMP      18.955        17.740        19.172        18.401       999.000
 F8AGE         -4.015        -1.810        -1.854        -2.274         3.200
 F9AGE         -3.794         1.645         1.748        -0.070        -2.483


           EST./S.E. FOR ESTIMATED CORRELATION MATRIX FOR THE LATENT VARIABLES
              F8AGE         F9AGE
              ________      ________
 F8AGE        999.000
 F9AGE         10.191       999.000


           TWO-TAILED P-VALUE FOR ESTIMATED CORRELATION MATRIX FOR THE LATENT VARIABLES
              G             NARACOMP      NARAACC       COMBACC       WOLDCOMP
              ________      ________      ________      ________      ________
 G              0.000
 NARACOMP       0.000         0.000
 NARAACC        0.000         0.000         0.000
 COMBACC        0.000         0.000         0.000         0.000
 WOLDCOMP       0.000         0.000         0.000         0.000         0.000
 F8AGE          0.000         0.070         0.064         0.023         0.001
 F9AGE          0.000         0.100         0.081         0.944         0.013


           TWO-TAILED P-VALUE FOR ESTIMATED CORRELATION MATRIX FOR THE LATENT VARIABLES
              F8AGE         F9AGE
              ________      ________
 F8AGE          0.000
 F9AGE          0.000         0.000


SAMPLE STATISTICS FOR ESTIMATED FACTOR SCORES


     SAMPLE STATISTICS


           Means
              G             G_SE
              ________      ________
                0.000         0.800


           Covariances
              G             G_SE
              ________      ________
 G             15.635
 G_SE          -0.002         0.000


           Correlations
              G             G_SE
              ________      ________
 G              1.000
 G_SE          -0.110         1.000


PLOT INFORMATION

The following plots are available:

  Histograms (sample values, estimated factor scores, estimated values, residuals)
  Scatterplots (sample values, estimated factor scores, estimated values, residuals)
  Latent variable distribution plots

SAVEDATA INFORMATION


  Save file
    shape_cfa_scores.dat

  Order and format of variables

    NARACOMP       F10.3
    NARAACC        F10.3
    COMBACC        F10.3
    WOLDCOMP       F10.3
    F8AGE          F10.3
    F9AGE          F10.3
    G              F10.3
    G_SE           F10.3
    CIDB3153       I6

  Save file format
    8F10.3 I6

  Save file record length    10000

  Save missing symbol        *


     Beginning Time:  17:44:59
        Ending Time:  17:45:00
       Elapsed Time:  00:00:01



MUTHEN & MUTHEN
3463 Stoner Ave.
Los Angeles, CA  90066

Tel: (310) 391-9971
Fax: (310) 391-8971
Web: www.StatModel.com
Support: Support@StatModel.com

Copyright (c) 1998-2020 Muthen & Muthen
