Mplus VERSION 8.5
MUTHEN & MUTHEN
10/11/2021   6:12 PM

INPUT INSTRUCTIONS

  TITLE:
   Model 3 (FMM): 7 classes;
  DATA:
  FILE = "mplus_models/simpview/shapeB/fmm3_1class_804316e9cf9d5fe45b42d1dcd2bccc98.dat";

  VARIABLE:
  NAMES = cidB3153 f8age f9age naraAcc naraComp woldComp combAcc;
   MISSING=.;
    idvariable = cidb3153; classes = c(7);
  ANALYSIS:
   estimator = mlr; type = mixture;
                                                     starts = 0;
                                                     optseed = 882737;
                                                     k-1starts = 500 50;
                                                     STSCALE = 5;
  MODEL:
  %OVERALL%
             f8age; f9age;
             combAcc naraAcc naraComp on f9age;
             woldcomp on f8age;

    naraComp naraAcc@0 combAcc woldComp;

    [naraComp naraAcc combAcc woldComp];
                G by combAcc* naraAcc naraComp woldComp;
                naraComp with woldComp;
                [G@0]; G@1;
                f8age with G@0; f9age with G@0;

   %c#1%

    naraComp naraAcc@0 combAcc woldComp;
    [naraComp naraAcc combAcc woldComp];
   %c#2%

    naraComp naraAcc@0 combAcc woldComp;
    [naraComp naraAcc combAcc woldComp];
   %c#3%

    naraComp naraAcc@0 combAcc woldComp;
    [naraComp naraAcc combAcc woldComp];
   %c#4%

    naraComp naraAcc@0 combAcc woldComp;
    [naraComp naraAcc combAcc woldComp];
   %c#5%

    naraComp naraAcc@0 combAcc woldComp;
    [naraComp naraAcc combAcc woldComp];
   %c#6%

    naraComp naraAcc@0 combAcc woldComp;
    [naraComp naraAcc combAcc woldComp];
   %c#7%

    naraComp naraAcc@0 combAcc woldComp;
    [naraComp naraAcc combAcc woldComp];
  OUTPUT:
   TECH7 TECH11;
  PLOT:
  TYPE = PLOT3;



INPUT READING TERMINATED NORMALLY




Model 3 (FMM): 7 classes;

SUMMARY OF ANALYSIS

Number of groups                                                 1
Number of observations                                        3423

Number of dependent variables                                    4
Number of independent variables                                  2
Number of continuous latent variables                            1
Number of categorical latent variables                           1

Observed dependent variables

  Continuous
   NARAACC     NARACOMP    WOLDCOMP    COMBACC

Observed independent variables
   F8AGE       F9AGE

Continuous latent variables
   G

Categorical latent variables
   C

Variables with special functions

  ID variable           CIDB3153

Estimator                                                      MLR
Information matrix                                        OBSERVED
Optimization Specifications for the Quasi-Newton Algorithm for
Continuous Outcomes
  Maximum number of iterations                                 100
  Convergence criterion                                  0.100D-05
Optimization Specifications for the EM Algorithm
  Maximum number of iterations                                 500
  Convergence criteria
    Loglikelihood change                                 0.100D-06
    Relative loglikelihood change                        0.100D-06
    Derivative                                           0.100D-05
Optimization Specifications for the M step of the EM Algorithm for
Categorical Latent variables
  Number of M step iterations                                    1
  M step convergence criterion                           0.100D-05
  Basis for M step termination                           ITERATION
Optimization Specifications for the M step of the EM Algorithm for
Censored, Binary or Ordered Categorical (Ordinal), Unordered
Categorical (Nominal) and Count Outcomes
  Number of M step iterations                                    1
  M step convergence criterion                           0.100D-05
  Basis for M step termination                           ITERATION
  Maximum value for logit thresholds                            15
  Minimum value for logit thresholds                           -15
  Minimum expected cell size for chi-square              0.100D-01
Maximum number of iterations for H1                           2000
Convergence criterion for H1                             0.100D-03
Optimization algorithm                                         EMA
Random Starts Specifications
  Random seed for analysis                                  882737

Input data file(s)
  mplus_models/simpview/shapeB/fmm3_1class_804316e9cf9d5fe45b42d1dcd2bccc98.dat
Input data format  FREE


SUMMARY OF DATA

     Number of missing data patterns             6
     Number of y missing data patterns           6
     Number of u missing data patterns           0


COVARIANCE COVERAGE OF DATA

Minimum covariance coverage value   0.100


     PROPORTION OF DATA PRESENT FOR Y


           Covariance Coverage
              NARAACC       NARACOMP      WOLDCOMP      COMBACC       F8AGE
              ________      ________      ________      ________      ________
 NARAACC        1.000
 NARACOMP       1.000         1.000
 WOLDCOMP       0.857         0.857         0.857
 COMBACC        0.993         0.993         0.852         0.993
 F8AGE          0.864         0.864         0.857         0.858         0.864
 F9AGE          1.000         1.000         0.857         0.993         0.864


           Covariance Coverage
              F9AGE
              ________
 F9AGE          1.000



UNIVARIATE SAMPLE STATISTICS


     UNIVARIATE HIGHER-ORDER MOMENT DESCRIPTIVE STATISTICS

         Variable/         Mean/     Skewness/   Minimum/ % with                Percentiles
        Sample Size      Variance    Kurtosis    Maximum  Min/Max      20%/60%    40%/80%    Median

     NARAACC              65.861      -0.452       0.000    0.15%      47.000     60.000     68.000
            3423.000     423.591      -0.549     100.000    0.23%      75.000     86.000
     NARACOMP             24.968      -0.218       0.000    0.03%      18.000     23.000     25.000
            3423.000      60.947      -0.334      44.000    0.09%      27.000     32.000
     WOLDCOMP              7.465       0.044       2.000    0.65%       6.000      7.000      7.000
            2935.000       3.764       0.382      15.000    0.07%       8.000      9.000
     COMBACC              12.644      -0.687       0.000    1.29%       9.000     12.000     13.000
            3399.000      21.304      -0.135      20.000    1.15%      15.000     17.000
     F8AGE               103.676       2.573      97.000    0.07%     102.000    102.000    103.000
            2958.000      13.489       7.992     127.000    0.03%     103.000    105.000
     F9AGE               118.704       1.459     106.000    0.03%     115.000    117.000    118.000
            3423.000      16.555       3.079     140.000    0.09%     119.000    121.000


THE MODEL ESTIMATION TERMINATED NORMALLY



MODEL FIT INFORMATION

Number of Free Parameters                       81

Loglikelihood

          H0 Value                      -54764.356
          H0 Scaling Correction Factor      1.4006
            for MLR

Information Criteria

          Akaike (AIC)                  109690.712
          Bayesian (BIC)                110187.912
          Sample-Size Adjusted BIC      109930.537
            (n* = (n + 2) / 24)



FINAL CLASS COUNTS AND PROPORTIONS FOR THE LATENT CLASSES
BASED ON THE ESTIMATED MODEL

    Latent
   Classes

       1       1596.98501          0.46655
       2        142.93792          0.04176
       3        129.55394          0.03785
       4        368.66311          0.10770
       5        954.67922          0.27890
       6        199.59276          0.05831
       7         30.58803          0.00894


FINAL CLASS COUNTS AND PROPORTIONS FOR THE LATENT CLASSES
BASED ON ESTIMATED POSTERIOR PROBABILITIES

    Latent
   Classes

       1       1596.98501          0.46655
       2        142.93792          0.04176
       3        129.55394          0.03785
       4        368.66311          0.10770
       5        954.67922          0.27890
       6        199.59276          0.05831
       7         30.58803          0.00894


FINAL CLASS COUNTS AND PROPORTIONS FOR THE LATENT CLASSES
BASED ON THEIR MOST LIKELY LATENT CLASS MEMBERSHIP

Class Counts and Proportions

    Latent
   Classes

       1             1639          0.47882
       2              141          0.04119
       3              124          0.03623
       4              369          0.10780
       5              950          0.27753
       6              171          0.04996
       7               29          0.00847


CLASSIFICATION QUALITY

     Entropy                         0.766


Average Latent Class Probabilities for Most Likely Latent Class Membership (Row)
by Latent Class (Column)

           1        2        3        4        5        6        7

    1   0.856    0.012    0.004    0.003    0.112    0.013    0.000
    2   0.089    0.818    0.031    0.002    0.025    0.018    0.018
    3   0.017    0.021    0.854    0.010    0.030    0.060    0.008
    4   0.013    0.001    0.005    0.795    0.177    0.005    0.003
    5   0.178    0.003    0.005    0.070    0.730    0.013    0.001
    6   0.029    0.006    0.025    0.012    0.022    0.904    0.002
    7   0.000    0.070    0.025    0.034    0.006    0.005    0.859


Classification Probabilities for the Most Likely Latent Class Membership (Column)
by Latent Class (Row)

           1        2        3        4        5        6        7

    1   0.879    0.008    0.001    0.003    0.106    0.003    0.000
    2   0.133    0.807    0.018    0.001    0.020    0.007    0.014
    3   0.054    0.034    0.818    0.015    0.040    0.034    0.006
    4   0.012    0.001    0.003    0.796    0.180    0.005    0.003
    5   0.193    0.004    0.004    0.068    0.727    0.004    0.000
    6   0.105    0.012    0.037    0.010    0.060    0.775    0.001
    7   0.000    0.081    0.030    0.040    0.023    0.011    0.815


Logits for the Classification Probabilities for the Most Likely Latent Class Membership (Column)
by Latent Class (Row)

              1        2        3        4        5        6        7

    1     12.456    7.737    5.976    6.809   10.340    6.819    0.000
    2      2.232    4.035    0.223   -2.302    0.320   -0.770    0.000
    3      2.255    1.795    4.969    0.942    1.953    1.774    0.000
    4      1.472   -1.440    0.226    5.682    4.196    0.690    0.000
    5      7.027    3.059    3.136    5.989    8.353    3.131    0.000
    6      5.017    2.887    3.978    2.665    4.460    7.017    0.000
    7     -8.760   -2.311   -3.287   -3.021   -3.556   -4.291    0.000


MODEL RESULTS

                                                    Two-Tailed
                    Estimate       S.E.  Est./S.E.    P-Value

Latent Class 1

 G        BY
    COMBACC            2.163      0.109     19.804      0.000
    NARAACC           13.420      0.956     14.036      0.000
    NARACOMP           4.144      0.224     18.460      0.000
    WOLDCOMP           0.530      0.055      9.706      0.000

 COMBACC    ON
    F9AGE              0.005      0.028      0.161      0.872

 NARAACC    ON
    F9AGE              0.138      0.142      0.976      0.329

 NARACOMP   ON
    F9AGE              0.115      0.049      2.361      0.018

 WOLDCOMP   ON
    F8AGE              0.025      0.020      1.211      0.226

 F8AGE    WITH
    G                  0.000      0.000    999.000    999.000

 F9AGE    WITH
    G                  0.000      0.000    999.000    999.000

 NARACOMP WITH
    WOLDCOMP           2.655      0.165     16.068      0.000

 F9AGE    WITH
    F8AGE              0.005      0.157      0.034      0.973

 Means
    F8AGE            102.656      0.054   1913.605      0.000
    F9AGE            117.828      0.110   1072.369      0.000
    G                  0.000      0.000    999.000    999.000

 Intercepts
    NARAACC           63.078     17.328      3.640      0.000
    NARACOMP          15.601      5.810      2.685      0.007
    WOLDCOMP           5.154      2.091      2.464      0.014
    COMBACC           14.591      3.349      4.356      0.000

 Variances
    F8AGE              3.079      0.133     23.145      0.000
    F9AGE              9.214      0.370     24.870      0.000
    G                  1.000      0.000    999.000    999.000

 Residual Variances
    NARAACC            0.000      0.000    999.000    999.000
    NARACOMP          24.285      1.028     23.632      0.000
    WOLDCOMP           3.664      0.162     22.648      0.000
    COMBACC            4.806      0.298     16.109      0.000

Latent Class 2

 G        BY
    COMBACC            2.163      0.109     19.804      0.000
    NARAACC           13.420      0.956     14.036      0.000
    NARACOMP           4.144      0.224     18.460      0.000
    WOLDCOMP           0.530      0.055      9.706      0.000

 COMBACC    ON
    F9AGE              0.005      0.028      0.161      0.872

 NARAACC    ON
    F9AGE              0.138      0.142      0.976      0.329

 NARACOMP   ON
    F9AGE              0.115      0.049      2.361      0.018

 WOLDCOMP   ON
    F8AGE              0.025      0.020      1.211      0.226

 F8AGE    WITH
    G                  0.000      0.000    999.000    999.000

 F9AGE    WITH
    G                  0.000      0.000    999.000    999.000

 NARACOMP WITH
    WOLDCOMP           2.655      0.165     16.068      0.000

 F9AGE    WITH
    F8AGE              0.005      0.157      0.034      0.973

 Means
    F8AGE            102.968      0.335    307.148      0.000
    F9AGE            128.468      0.665    193.260      0.000
    G                  0.000      0.000    999.000    999.000

 Intercepts
    NARAACC           61.597     19.375      3.179      0.001
    NARACOMP          14.457      6.548      2.208      0.027
    WOLDCOMP           4.692      2.094      2.241      0.025
    COMBACC           14.296      3.755      3.807      0.000

 Variances
    F8AGE              3.079      0.133     23.145      0.000
    F9AGE              9.214      0.370     24.870      0.000
    G                  1.000      0.000    999.000    999.000

 Residual Variances
    NARAACC            0.000      0.000    999.000    999.000
    NARACOMP          31.001      8.349      3.713      0.000
    WOLDCOMP           3.547      0.574      6.178      0.000
    COMBACC            5.626      0.991      5.676      0.000

Latent Class 3

 G        BY
    COMBACC            2.163      0.109     19.804      0.000
    NARAACC           13.420      0.956     14.036      0.000
    NARACOMP           4.144      0.224     18.460      0.000
    WOLDCOMP           0.530      0.055      9.706      0.000

 COMBACC    ON
    F9AGE              0.005      0.028      0.161      0.872

 NARAACC    ON
    F9AGE              0.138      0.142      0.976      0.329

 NARACOMP   ON
    F9AGE              0.115      0.049      2.361      0.018

 WOLDCOMP   ON
    F8AGE              0.025      0.020      1.211      0.226

 F8AGE    WITH
    G                  0.000      0.000    999.000    999.000

 F9AGE    WITH
    G                  0.000      0.000    999.000    999.000

 NARACOMP WITH
    WOLDCOMP           2.655      0.165     16.068      0.000

 F9AGE    WITH
    F8AGE              0.005      0.157      0.034      0.973

 Means
    F8AGE            118.004      0.408    289.499      0.000
    F9AGE            123.018      0.585    210.239      0.000
    G                  0.000      0.000    999.000    999.000

 Intercepts
    NARAACC           46.359     17.542      2.643      0.008
    NARACOMP           8.950      6.063      1.476      0.140
    WOLDCOMP           4.973      2.419      2.056      0.040
    COMBACC           11.632      3.524      3.301      0.001

 Variances
    F8AGE              3.079      0.133     23.145      0.000
    F9AGE              9.214      0.370     24.870      0.000
    G                  1.000      0.000    999.000    999.000

 Residual Variances
    NARAACC            0.000      0.000    999.000    999.000
    NARACOMP          14.984      2.605      5.753      0.000
    WOLDCOMP           3.375      0.520      6.485      0.000
    COMBACC            7.652      1.193      6.417      0.000

Latent Class 4

 G        BY
    COMBACC            2.163      0.109     19.804      0.000
    NARAACC           13.420      0.956     14.036      0.000
    NARACOMP           4.144      0.224     18.460      0.000
    WOLDCOMP           0.530      0.055      9.706      0.000

 COMBACC    ON
    F9AGE              0.005      0.028      0.161      0.872

 NARAACC    ON
    F9AGE              0.138      0.142      0.976      0.329

 NARACOMP   ON
    F9AGE              0.115      0.049      2.361      0.018

 WOLDCOMP   ON
    F8AGE              0.025      0.020      1.211      0.226

 F8AGE    WITH
    G                  0.000      0.000    999.000    999.000

 F9AGE    WITH
    G                  0.000      0.000    999.000    999.000

 NARACOMP WITH
    WOLDCOMP           2.655      0.165     16.068      0.000

 F9AGE    WITH
    F8AGE              0.005      0.157      0.034      0.973

 Means
    F8AGE            103.014      0.144    717.683      0.000
    F9AGE            118.100      0.251    469.976      0.000
    G                  0.000      0.000    999.000    999.000

 Intercepts
    NARAACC           17.934     17.006      1.055      0.292
    NARACOMP           0.054      5.888      0.009      0.993
    WOLDCOMP           4.253      2.100      2.025      0.043
    COMBACC            3.984      3.379      1.179      0.238

 Variances
    F8AGE              3.079      0.133     23.145      0.000
    F9AGE              9.214      0.370     24.870      0.000
    G                  1.000      0.000    999.000    999.000

 Residual Variances
    NARAACC            0.000      0.000    999.000    999.000
    NARACOMP           7.899      0.629     12.565      0.000
    WOLDCOMP           4.029      0.331     12.176      0.000
    COMBACC            3.267      0.350      9.336      0.000

Latent Class 5

 G        BY
    COMBACC            2.163      0.109     19.804      0.000
    NARAACC           13.420      0.956     14.036      0.000
    NARACOMP           4.144      0.224     18.460      0.000
    WOLDCOMP           0.530      0.055      9.706      0.000

 COMBACC    ON
    F9AGE              0.005      0.028      0.161      0.872

 NARAACC    ON
    F9AGE              0.138      0.142      0.976      0.329

 NARACOMP   ON
    F9AGE              0.115      0.049      2.361      0.018

 WOLDCOMP   ON
    F8AGE              0.025      0.020      1.211      0.226

 F8AGE    WITH
    G                  0.000      0.000    999.000    999.000

 F9AGE    WITH
    G                  0.000      0.000    999.000    999.000

 NARACOMP WITH
    WOLDCOMP           2.655      0.165     16.068      0.000

 F9AGE    WITH
    F8AGE              0.005      0.157      0.034      0.973

 Means
    F8AGE            102.689      0.076   1357.950      0.000
    F9AGE            117.529      0.127    928.649      0.000
    G                  0.000      0.000    999.000    999.000

 Intercepts
    NARAACC           38.244     16.857      2.269      0.023
    NARACOMP           8.638      5.854      1.475      0.140
    WOLDCOMP           4.601      2.079      2.213      0.027
    COMBACC           10.848      3.414      3.178      0.001

 Variances
    F8AGE              3.079      0.133     23.145      0.000
    F9AGE              9.214      0.370     24.870      0.000
    G                  1.000      0.000    999.000    999.000

 Residual Variances
    NARAACC            0.000      0.000    999.000    999.000
    NARACOMP          12.874      2.505      5.139      0.000
    WOLDCOMP           2.623      0.228     11.516      0.000
    COMBACC            7.757      0.754     10.289      0.000

Latent Class 6

 G        BY
    COMBACC            2.163      0.109     19.804      0.000
    NARAACC           13.420      0.956     14.036      0.000
    NARACOMP           4.144      0.224     18.460      0.000
    WOLDCOMP           0.530      0.055      9.706      0.000

 COMBACC    ON
    F9AGE              0.005      0.028      0.161      0.872

 NARAACC    ON
    F9AGE              0.138      0.142      0.976      0.329

 NARACOMP   ON
    F9AGE              0.115      0.049      2.361      0.018

 WOLDCOMP   ON
    F8AGE              0.025      0.020      1.211      0.226

 F8AGE    WITH
    G                  0.000      0.000    999.000    999.000

 F9AGE    WITH
    G                  0.000      0.000    999.000    999.000

 NARACOMP WITH
    WOLDCOMP           2.655      0.165     16.068      0.000

 F9AGE    WITH
    F8AGE              0.005      0.157      0.034      0.973

 Means
    F8AGE            110.421      0.402    274.778      0.000
    F9AGE            120.568      0.372    324.483      0.000
    G                  0.000      0.000    999.000    999.000

 Intercepts
    NARAACC           50.166     17.337      2.894      0.004
    NARACOMP          11.571      5.900      1.961      0.050
    WOLDCOMP           5.188      2.284      2.271      0.023
    COMBACC           12.433      3.437      3.617      0.000

 Variances
    F8AGE              3.079      0.133     23.145      0.000
    F9AGE              9.214      0.370     24.870      0.000
    G                  1.000      0.000    999.000    999.000

 Residual Variances
    NARAACC            0.000      0.000    999.000    999.000
    NARACOMP          21.212      3.590      5.909      0.000
    WOLDCOMP           2.797      0.352      7.957      0.000
    COMBACC            8.107      1.327      6.109      0.000

Latent Class 7

 G        BY
    COMBACC            2.163      0.109     19.804      0.000
    NARAACC           13.420      0.956     14.036      0.000
    NARACOMP           4.144      0.224     18.460      0.000
    WOLDCOMP           0.530      0.055      9.706      0.000

 COMBACC    ON
    F9AGE              0.005      0.028      0.161      0.872

 NARAACC    ON
    F9AGE              0.138      0.142      0.976      0.329

 NARACOMP   ON
    F9AGE              0.115      0.049      2.361      0.018

 WOLDCOMP   ON
    F8AGE              0.025      0.020      1.211      0.226

 F8AGE    WITH
    G                  0.000      0.000    999.000    999.000

 F9AGE    WITH
    G                  0.000      0.000    999.000    999.000

 NARACOMP WITH
    WOLDCOMP           2.655      0.165     16.068      0.000

 F9AGE    WITH
    F8AGE              0.005      0.157      0.034      0.973

 Means
    F8AGE            102.379      1.416     72.303      0.000
    F9AGE            132.377      1.885     70.219      0.000
    G                  0.000      0.000    999.000    999.000

 Intercepts
    NARAACC           19.811     20.292      0.976      0.329
    NARACOMP           0.817      7.215      0.113      0.910
    WOLDCOMP           4.045      2.075      1.950      0.051
    COMBACC            5.943      4.255      1.397      0.162

 Variances
    F8AGE              3.079      0.133     23.145      0.000
    F9AGE              9.214      0.370     24.870      0.000
    G                  1.000      0.000    999.000    999.000

 Residual Variances
    NARAACC            0.000      0.000    999.000    999.000
    NARACOMP          11.180      3.184      3.511      0.000
    WOLDCOMP           3.444      1.250      2.756      0.006
    COMBACC            6.103      1.676      3.641      0.000

Categorical Latent Variables

 Means
    C#1                3.955      0.466      8.492      0.000
    C#2                1.542      0.516      2.988      0.003
    C#3                1.443      0.464      3.109      0.002
    C#4                2.489      0.437      5.698      0.000
    C#5                3.441      0.394      8.722      0.000
    C#6                1.876      0.467      4.016      0.000


QUALITY OF NUMERICAL RESULTS

     Condition Number for the Information Matrix              0.135E-08
       (ratio of smallest to largest eigenvalue)


TECHNICAL 7 OUTPUT


     SAMPLE STATISTICS WEIGHTED BY ESTIMATED CLASS PROBABILITIES FOR CLASS 1


           Means
              NARAACC       NARACOMP      WOLDCOMP      COMBACC       F8AGE
              ________      ________      ________      ________      ________
               79.362        29.150         7.710        15.127       102.656


           Means
              F9AGE
              ________
              117.828


           Covariances
              NARAACC       NARACOMP      WOLDCOMP      COMBACC       F8AGE
              ________      ________      ________      ________      ________
 NARAACC      147.294
 NARACOMP      40.808        36.235
 WOLDCOMP       7.723         6.928         4.105
 COMBACC       22.535         6.222         0.850         8.223
 F8AGE         11.861        24.240         0.038        -1.493         2.644
 F9AGE          2.039         0.653        -1.126        -0.017       -11.502


           Covariances
              F9AGE
              ________
 F9AGE          7.509


     SAMPLE STATISTICS WEIGHTED BY ESTIMATED CLASS PROBABILITIES FOR CLASS 2


           Means
              NARAACC       NARACOMP      WOLDCOMP      COMBACC       F8AGE
              ________      ________      ________      ________      ________
               79.352        29.230         7.241        14.879       102.967


           Means
              F9AGE
              ________
              128.468


           Covariances
              NARAACC       NARACOMP      WOLDCOMP      COMBACC       F8AGE
              ________      ________      ________      ________      ________
 NARAACC      184.282
 NARACOMP      43.839        41.596
 WOLDCOMP       8.767         5.919         4.053
 COMBACC       28.032         7.735         1.250         9.850
 F8AGE         33.048         9.761         0.667        -3.079         4.419
 F9AGE          5.673         4.181        -4.118         1.524       -64.174


           Covariances
              F9AGE
              ________
 F9AGE         13.262


     SAMPLE STATISTICS WEIGHTED BY ESTIMATED CLASS PROBABILITIES FOR CLASS 3


           Means
              NARAACC       NARACOMP      WOLDCOMP      COMBACC       F8AGE
              ________      ________      ________      ________      ________
               63.360        23.096         7.954        12.224       118.003


           Means
              F9AGE
              ________
              123.018


           Covariances
              NARAACC       NARACOMP      WOLDCOMP      COMBACC       F8AGE
              ________      ________      ________      ________      ________
 NARAACC      441.810
 NARACOMP     134.026        56.228
 WOLDCOMP      30.324        14.257         4.553
 COMBACC       81.710        25.777         6.130        21.733
 F8AGE        100.561        41.150        -1.654        17.336         7.385
 F9AGE        -10.329        -4.363        -4.610        -1.059       -44.328


           Covariances
              F9AGE
              ________
 F9AGE         22.666


     SAMPLE STATISTICS WEIGHTED BY ESTIMATED CLASS PROBABILITIES FOR CLASS 4


           Means
              NARAACC       NARACOMP      WOLDCOMP      COMBACC       F8AGE
              ________      ________      ________      ________      ________
               34.256        13.634         6.813         4.563       103.014


           Means
              F9AGE
              ________
              118.100


           Covariances
              NARAACC       NARACOMP      WOLDCOMP      COMBACC       F8AGE
              ________      ________      ________      ________      ________
 NARAACC      174.605
 NARACOMP      57.661        26.086
 WOLDCOMP      11.009         5.035         3.788
 COMBACC       30.366        10.243         2.107         8.187
 F8AGE         68.189        16.246        -0.053         9.323         3.455
 F9AGE         -4.446        -0.859        -3.091        -0.719       -39.281


           Covariances
              F9AGE
              ________
 F9AGE          9.790


     SAMPLE STATISTICS WEIGHTED BY ESTIMATED CLASS PROBABILITIES FOR CLASS 5


           Means
              NARAACC       NARACOMP      WOLDCOMP      COMBACC       F8AGE
              ________      ________      ________      ________      ________
               54.487        22.153         7.164        11.387       102.689


           Means
              F9AGE
              ________
              117.529


           Covariances
              NARAACC       NARACOMP      WOLDCOMP      COMBACC       F8AGE
              ________      ________      ________      ________      ________
 NARAACC      159.876
 NARACOMP      51.203        28.757
 WOLDCOMP       7.755         5.478         2.711
 COMBACC       26.911         8.316         1.511        12.164
 F8AGE         28.851        19.138         0.032         8.357         2.692
 F9AGE          0.269         0.647        -1.109        -0.245       -13.212


           Covariances
              F9AGE
              ________
 F9AGE          8.117


     SAMPLE STATISTICS WEIGHTED BY ESTIMATED CLASS PROBABILITIES FOR CLASS 6


           Means
              NARAACC       NARACOMP      WOLDCOMP      COMBACC       F8AGE
              ________      ________      ________      ________      ________
               66.829        25.435         7.970        13.043       110.421


           Means
              F9AGE
              ________
              120.568


           Covariances
              NARAACC       NARACOMP      WOLDCOMP      COMBACC       F8AGE
              ________      ________      ________      ________      ________
 NARAACC      369.396
 NARACOMP     107.725        54.421
 WOLDCOMP      19.416        11.102         3.467
 COMBACC       61.268        20.330         3.281        17.201
 F8AGE         35.608        30.524        -0.039         5.001         4.603
 F9AGE          2.349         2.827        -2.344        -0.025       -22.789


           Covariances
              F9AGE
              ________
 F9AGE         14.790


     SAMPLE STATISTICS WEIGHTED BY ESTIMATED CLASS PROBABILITIES FOR CLASS 7


           Means
              NARAACC       NARACOMP      WOLDCOMP      COMBACC       F8AGE
              ________      ________      ________      ________      ________
               38.106        16.039         6.522         6.580       102.378


           Means
              F9AGE
              ________
              132.377


           Covariances
              NARAACC       NARACOMP      WOLDCOMP      COMBACC       F8AGE
              ________      ________      ________      ________      ________
 NARAACC      227.975
 NARACOMP      83.630        39.377
 WOLDCOMP     -11.891        -1.361         2.043
 COMBACC       52.154        19.893        -0.286        16.428
 F8AGE       -210.925       -56.141        -0.716       -23.130         4.712
 F9AGE         11.334         4.433        -2.050         3.144       -38.000


           Covariances
              F9AGE
              ________
 F9AGE         13.196


TECHNICAL 11 OUTPUT

     Random Starts Specifications for the k-1 Class Analysis Model
        Number of initial stage random starts                 500
        Number of final stage optimizations                    50



     VUONG-LO-MENDELL-RUBIN LIKELIHOOD RATIO TEST FOR 6 (H0) VERSUS 7 CLASSES

          H0 Loglikelihood Value                       -54824.712
          2 Times the Loglikelihood Difference            120.711
          Difference in the Number of Parameters               10
          Mean                                             31.691
          Standard Deviation                              116.634
          P-Value                                          0.2227

     LO-MENDELL-RUBIN ADJUSTED LRT TEST

          Value                                           119.246
          P-Value                                          0.2264


SAMPLE STATISTICS FOR ESTIMATED FACTOR SCORES


     SAMPLE STATISTICS


           Means
              G             C_G
              ________      ________
                0.000        -0.014


           Covariances
              G             C_G
              ________      ________
 G              0.616
 C_G            0.600         0.726


           Correlations
              G             C_G
              ________      ________
 G              1.000
 C_G            0.898         1.000


PLOT INFORMATION

The following plots are available:

  Histograms (sample values, estimated factor scores, estimated values, residuals)
  Scatterplots (sample values, estimated factor scores, estimated values, residuals)
  Latent variable distribution plots
  Estimated overall and class-specific distributions

     Beginning Time:  18:12:43
        Ending Time:  18:14:15
       Elapsed Time:  00:01:32



MUTHEN & MUTHEN
3463 Stoner Ave.
Los Angeles, CA  90066

Tel: (310) 391-9971
Fax: (310) 391-8971
Web: www.StatModel.com
Support: Support@StatModel.com

Copyright (c) 1998-2020 Muthen & Muthen
