Mplus VERSION 8.5
MUTHEN & MUTHEN
10/11/2021   9:10 PM

INPUT INSTRUCTIONS

  TITLE:
   Model 4 (LPA and G covariate): 5 classes;
  DATA:
  FILE = "mplus_models/simpview/shapeB/lpa4_1class_c470bf1e811197d233eaf6a07887104a.dat";

  VARIABLE:
  NAMES = NARACOMP NARAACC COMBACC WOLDCOMP F8AGE F9AGE G CIDB3153;
   MISSING=.;
    idvariable = cidb3153; classes = c(5);
  ANALYSIS:
   estimator = mlr; type = mixture;
                                                     starts = 0;
                                                     optseed = 985544;
                                                     k-1starts = 20 4;
                                                     STSCALE = 5;
  MODEL:
  %OVERALL%
             f8age; f9age;
             combAcc naraAcc naraComp on f9age;
             woldcomp on f8age;

    naraComp naraAcc combAcc woldComp;

    [naraComp naraAcc combAcc woldComp];
                combAcc naraAcc naraComp woldComp ON G;

    naraComp with naraAcc@0;
    naraComp with combAcc@0;
    naraComp with woldComp@0;
    naraAcc with combAcc@0;
    naraAcc with woldComp@0;
    combAcc with woldComp@0;
   %c#1%

    naraComp naraAcc combAcc woldComp;
    [naraComp naraAcc combAcc woldComp];
   %c#2%

    naraComp naraAcc combAcc woldComp;
    [naraComp naraAcc combAcc woldComp];
   %c#3%

    naraComp naraAcc combAcc woldComp;
    [naraComp naraAcc combAcc woldComp];
   %c#4%

    naraComp naraAcc combAcc woldComp;
    [naraComp naraAcc combAcc woldComp];
   %c#5%

    naraComp naraAcc combAcc woldComp;
    [naraComp naraAcc combAcc woldComp];
  OUTPUT:
   TECH7 TECH11;
  PLOT:
  TYPE = PLOT3;



INPUT READING TERMINATED NORMALLY




Model 4 (LPA and G covariate): 5 classes;

SUMMARY OF ANALYSIS

Number of groups                                                 1
Number of observations                                        3423

Number of dependent variables                                    4
Number of independent variables                                  3
Number of continuous latent variables                            0
Number of categorical latent variables                           1

Observed dependent variables

  Continuous
   NARACOMP    NARAACC     COMBACC     WOLDCOMP

Observed independent variables
   F8AGE       F9AGE       G

Categorical latent variables
   C

Variables with special functions

  ID variable           CIDB3153

Estimator                                                      MLR
Information matrix                                        OBSERVED
Optimization Specifications for the Quasi-Newton Algorithm for
Continuous Outcomes
  Maximum number of iterations                                 100
  Convergence criterion                                  0.100D-05
Optimization Specifications for the EM Algorithm
  Maximum number of iterations                                 500
  Convergence criteria
    Loglikelihood change                                 0.100D-06
    Relative loglikelihood change                        0.100D-06
    Derivative                                           0.100D-05
Optimization Specifications for the M step of the EM Algorithm for
Categorical Latent variables
  Number of M step iterations                                    1
  M step convergence criterion                           0.100D-05
  Basis for M step termination                           ITERATION
Optimization Specifications for the M step of the EM Algorithm for
Censored, Binary or Ordered Categorical (Ordinal), Unordered
Categorical (Nominal) and Count Outcomes
  Number of M step iterations                                    1
  M step convergence criterion                           0.100D-05
  Basis for M step termination                           ITERATION
  Maximum value for logit thresholds                            15
  Minimum value for logit thresholds                           -15
  Minimum expected cell size for chi-square              0.100D-01
Maximum number of iterations for H1                           2000
Convergence criterion for H1                             0.100D-03
Optimization algorithm                                         EMA
Random Starts Specifications
  Random seed for analysis                                  985544

Input data file(s)
  mplus_models/simpview/shapeB/lpa4_1class_c470bf1e811197d233eaf6a07887104a.dat
Input data format  FREE


SUMMARY OF DATA

     Number of missing data patterns             6
     Number of y missing data patterns           6
     Number of u missing data patterns           0


COVARIANCE COVERAGE OF DATA

Minimum covariance coverage value   0.100


     PROPORTION OF DATA PRESENT FOR Y


           Covariance Coverage
              NARACOMP      NARAACC       COMBACC       WOLDCOMP      F8AGE
              ________      ________      ________      ________      ________
 NARACOMP       1.000
 NARAACC        1.000         1.000
 COMBACC        0.993         0.993         0.993
 WOLDCOMP       0.857         0.857         0.852         0.857
 F8AGE          0.864         0.864         0.858         0.857         0.864
 F9AGE          1.000         1.000         0.993         0.857         0.864
 G              1.000         1.000         0.993         0.857         0.864


           Covariance Coverage
              F9AGE         G
              ________      ________
 F9AGE          1.000
 G              1.000         1.000



UNIVARIATE SAMPLE STATISTICS


     UNIVARIATE HIGHER-ORDER MOMENT DESCRIPTIVE STATISTICS

         Variable/         Mean/     Skewness/   Minimum/ % with                Percentiles
        Sample Size      Variance    Kurtosis    Maximum  Min/Max      20%/60%    40%/80%    Median

     NARACOMP             24.968      -0.218       0.000    0.03%      18.000     23.000     25.000
            3423.000      60.947      -0.334      44.000    0.09%      27.000     32.000
     NARAACC              65.861      -0.452       0.000    0.15%      47.000     60.000     68.000
            3423.000     423.591      -0.549     100.000    0.23%      75.000     86.000
     COMBACC              12.644      -0.687       0.000    1.29%       9.000     12.000     13.000
            3399.000      21.304      -0.135      20.000    1.15%      15.000     17.000
     WOLDCOMP              7.465       0.044       2.000    0.65%       6.000      7.000      7.000
            2935.000       3.764       0.382      15.000    0.07%       8.000      9.000
     F8AGE               103.676       2.573      97.000    0.07%     102.000    102.000    103.000
            2958.000      13.489       7.992     127.000    0.03%     103.000    105.000
     F9AGE               118.704       1.459     106.000    0.03%     115.000    117.000    118.000
            3423.000      16.555       3.079     140.000    0.09%     119.000    121.000
     G                     0.000      -0.563     -15.171    0.03%      -3.457     -0.802      0.342
            3423.000      15.890      -0.147       7.348    0.03%       1.750      3.746


THE MODEL ESTIMATION TERMINATED NORMALLY



MODEL FIT INFORMATION

Number of Free Parameters                       65

Loglikelihood

          H0 Value                      -44486.308
          H0 Scaling Correction Factor      1.6607
            for MLR

Information Criteria

          Akaike (AIC)                   89102.616
          Bayesian (BIC)                 89501.604
          Sample-Size Adjusted BIC       89295.069
            (n* = (n + 2) / 24)



FINAL CLASS COUNTS AND PROPORTIONS FOR THE LATENT CLASSES
BASED ON THE ESTIMATED MODEL

    Latent
   Classes

       1        927.91259          0.27108
       2        249.13888          0.07278
       3        715.42840          0.20901
       4        722.63164          0.21111
       5        807.88849          0.23602


FINAL CLASS COUNTS AND PROPORTIONS FOR THE LATENT CLASSES
BASED ON ESTIMATED POSTERIOR PROBABILITIES

    Latent
   Classes

       1        927.91259          0.27108
       2        249.13888          0.07278
       3        715.42840          0.20901
       4        722.63164          0.21111
       5        807.88849          0.23602


FINAL CLASS COUNTS AND PROPORTIONS FOR THE LATENT CLASSES
BASED ON THEIR MOST LIKELY LATENT CLASS MEMBERSHIP

Class Counts and Proportions

    Latent
   Classes

       1              910          0.26585
       2              233          0.06807
       3              737          0.21531
       4              699          0.20421
       5              844          0.24657


CLASSIFICATION QUALITY

     Entropy                         0.786


Average Latent Class Probabilities for Most Likely Latent Class Membership (Row)
by Latent Class (Column)

           1        2        3        4        5

    1   0.908    0.013    0.032    0.000    0.046
    2   0.025    0.918    0.017    0.021    0.019
    3   0.051    0.009    0.807    0.066    0.068
    4   0.000    0.010    0.047    0.906    0.038
    5   0.069    0.012    0.065    0.043    0.811


Classification Probabilities for the Most Likely Latent Class Membership (Column)
by Latent Class (Row)

           1        2        3        4        5

    1   0.891    0.006    0.040    0.000    0.062
    2   0.046    0.859    0.025    0.028    0.042
    3   0.041    0.005    0.831    0.046    0.077
    4   0.000    0.007    0.067    0.876    0.050
    5   0.052    0.005    0.062    0.032    0.848


Logits for the Classification Probabilities for the Most Likely Latent Class Membership (Column)
by Latent Class (Row)

              1        2        3        4        5

    1      2.658   -2.300   -0.442   -5.551    0.000
    2      0.088    3.013   -0.505   -0.426    0.000
    3     -0.620   -2.636    2.383   -0.521    0.000
    4     -6.750   -1.981    0.300    2.868    0.000
    5     -2.786   -5.053   -2.611   -3.261    0.000


MODEL RESULTS

                                                    Two-Tailed
                    Estimate       S.E.  Est./S.E.    P-Value

Latent Class 1

 COMBACC    ON
    F9AGE              0.236      0.023     10.401      0.000
    G                  1.027      0.025     41.487      0.000

 NARAACC    ON
    F9AGE              1.455      0.017     87.996      0.000
    G                  5.316      0.020    265.625      0.000

 NARACOMP   ON
    F9AGE              0.499      0.036     13.789      0.000
    G                  1.722      0.046     37.126      0.000

 WOLDCOMP   ON
    F8AGE              0.033      0.017      1.986      0.047
    G                  0.155      0.011     14.153      0.000

 NARACOMP WITH
    NARAACC            0.000      0.000    999.000    999.000
    COMBACC            0.000      0.000    999.000    999.000
    WOLDCOMP           0.000      0.000    999.000    999.000

 NARAACC  WITH
    COMBACC            0.000      0.000    999.000    999.000
    WOLDCOMP           0.000      0.000    999.000    999.000

 COMBACC  WITH
    WOLDCOMP           0.000      0.000    999.000    999.000

 F9AGE    WITH
    F8AGE              0.442      0.211      2.094      0.036

 Means
    F8AGE            102.976      0.077   1335.218      0.000
    F9AGE            118.144      0.178    664.513      0.000

 Intercepts
    NARACOMP         -37.026      4.627     -8.003      0.000
    NARAACC         -105.215      2.050    -51.314      0.000
    COMBACC          -17.432      2.667     -6.535      0.000
    WOLDCOMP           3.661      1.731      2.115      0.034

 Variances
    F8AGE              4.520      0.221     20.467      0.000
    F9AGE             14.874      0.611     24.357      0.000

 Residual Variances
    NARACOMP          14.032      1.017     13.801      0.000
    NARAACC            0.644      0.041     15.572      0.000
    COMBACC            4.016      0.419      9.590      0.000
    WOLDCOMP           3.226      0.208     15.535      0.000

Latent Class 2

 COMBACC    ON
    F9AGE              0.236      0.023     10.401      0.000
    G                  1.027      0.025     41.487      0.000

 NARAACC    ON
    F9AGE              1.455      0.017     87.996      0.000
    G                  5.316      0.020    265.625      0.000

 NARACOMP   ON
    F9AGE              0.499      0.036     13.789      0.000
    G                  1.722      0.046     37.126      0.000

 WOLDCOMP   ON
    F8AGE              0.033      0.017      1.986      0.047
    G                  0.155      0.011     14.153      0.000

 NARACOMP WITH
    NARAACC            0.000      0.000    999.000    999.000
    COMBACC            0.000      0.000    999.000    999.000
    WOLDCOMP           0.000      0.000    999.000    999.000

 NARAACC  WITH
    COMBACC            0.000      0.000    999.000    999.000
    WOLDCOMP           0.000      0.000    999.000    999.000

 COMBACC  WITH
    WOLDCOMP           0.000      0.000    999.000    999.000

 F9AGE    WITH
    F8AGE              0.442      0.211      2.094      0.036

 Means
    F8AGE            115.157      0.413    278.501      0.000
    F9AGE            123.271      0.566    217.759      0.000

 Intercepts
    NARACOMP         -35.367      4.437     -7.972      0.000
    NARAACC         -106.622      2.026    -52.633      0.000
    COMBACC          -15.088      2.818     -5.354      0.000
    WOLDCOMP           4.343      1.923      2.258      0.024

 Variances
    F8AGE              4.520      0.221     20.467      0.000
    F9AGE             14.874      0.611     24.357      0.000

 Residual Variances
    NARACOMP          24.023      5.064      4.744      0.000
    NARAACC            3.117      0.649      4.801      0.000
    COMBACC            7.060      0.952      7.419      0.000
    WOLDCOMP           3.150      0.373      8.441      0.000

Latent Class 3

 COMBACC    ON
    F9AGE              0.236      0.023     10.401      0.000
    G                  1.027      0.025     41.487      0.000

 NARAACC    ON
    F9AGE              1.455      0.017     87.996      0.000
    G                  5.316      0.020    265.625      0.000

 NARACOMP   ON
    F9AGE              0.499      0.036     13.789      0.000
    G                  1.722      0.046     37.126      0.000

 WOLDCOMP   ON
    F8AGE              0.033      0.017      1.986      0.047
    G                  0.155      0.011     14.153      0.000

 NARACOMP WITH
    NARAACC            0.000      0.000    999.000    999.000
    COMBACC            0.000      0.000    999.000    999.000
    WOLDCOMP           0.000      0.000    999.000    999.000

 NARAACC  WITH
    COMBACC            0.000      0.000    999.000    999.000
    WOLDCOMP           0.000      0.000    999.000    999.000

 COMBACC  WITH
    WOLDCOMP           0.000      0.000    999.000    999.000

 F9AGE    WITH
    F8AGE              0.442      0.211      2.094      0.036

 Means
    F8AGE            102.872      0.098   1054.094      0.000
    F9AGE            118.599      0.217    546.070      0.000

 Intercepts
    NARACOMP         -31.325      4.532     -6.912      0.000
    NARAACC         -107.097      2.132    -50.236      0.000
    COMBACC          -16.470      2.950     -5.583      0.000
    WOLDCOMP           4.764      1.709      2.787      0.005

 Variances
    F8AGE              4.520      0.221     20.467      0.000
    F9AGE             14.874      0.611     24.357      0.000

 Residual Variances
    NARACOMP           4.021      0.463      8.681      0.000
    NARAACC            0.347      0.067      5.180      0.000
    COMBACC            1.488      0.182      8.155      0.000
    WOLDCOMP           2.940      0.237     12.424      0.000

Latent Class 4

 COMBACC    ON
    F9AGE              0.236      0.023     10.401      0.000
    G                  1.027      0.025     41.487      0.000

 NARAACC    ON
    F9AGE              1.455      0.017     87.996      0.000
    G                  5.316      0.020    265.625      0.000

 NARACOMP   ON
    F9AGE              0.499      0.036     13.789      0.000
    G                  1.722      0.046     37.126      0.000

 WOLDCOMP   ON
    F8AGE              0.033      0.017      1.986      0.047
    G                  0.155      0.011     14.153      0.000

 NARACOMP WITH
    NARAACC            0.000      0.000    999.000    999.000
    COMBACC            0.000      0.000    999.000    999.000
    WOLDCOMP           0.000      0.000    999.000    999.000

 NARAACC  WITH
    COMBACC            0.000      0.000    999.000    999.000
    WOLDCOMP           0.000      0.000    999.000    999.000

 COMBACC  WITH
    WOLDCOMP           0.000      0.000    999.000    999.000

 F9AGE    WITH
    F8AGE              0.442      0.211      2.094      0.036

 Means
    F8AGE            102.826      0.089   1152.216      0.000
    F9AGE            118.128      0.233    507.284      0.000

 Intercepts
    NARACOMP         -31.089      4.392     -7.079      0.000
    NARAACC         -108.692      2.039    -53.308      0.000
    COMBACC          -13.201      2.731     -4.833      0.000
    WOLDCOMP           4.197      1.709      2.455      0.014

 Variances
    F8AGE              4.520      0.221     20.467      0.000
    F9AGE             14.874      0.611     24.357      0.000

 Residual Variances
    NARACOMP          12.919      1.104     11.702      0.000
    NARAACC            0.582      0.058     10.076      0.000
    COMBACC            3.671      0.343     10.689      0.000
    WOLDCOMP           3.330      0.264     12.633      0.000

Latent Class 5

 COMBACC    ON
    F9AGE              0.236      0.023     10.401      0.000
    G                  1.027      0.025     41.487      0.000

 NARAACC    ON
    F9AGE              1.455      0.017     87.996      0.000
    G                  5.316      0.020    265.625      0.000

 NARACOMP   ON
    F9AGE              0.499      0.036     13.789      0.000
    G                  1.722      0.046     37.126      0.000

 WOLDCOMP   ON
    F8AGE              0.033      0.017      1.986      0.047
    G                  0.155      0.011     14.153      0.000

 NARACOMP WITH
    NARAACC            0.000      0.000    999.000    999.000
    COMBACC            0.000      0.000    999.000    999.000
    WOLDCOMP           0.000      0.000    999.000    999.000

 NARAACC  WITH
    COMBACC            0.000      0.000    999.000    999.000
    WOLDCOMP           0.000      0.000    999.000    999.000

 COMBACC  WITH
    WOLDCOMP           0.000      0.000    999.000    999.000

 F9AGE    WITH
    F8AGE              0.442      0.211      2.094      0.036

 Means
    F8AGE            102.908      0.091   1129.212      0.000
    F9AGE            118.549      0.189    627.167      0.000

 Intercepts
    NARACOMP         -36.187      4.332     -8.354      0.000
    NARAACC         -106.839      2.013    -53.075      0.000
    COMBACC          -14.399      2.845     -5.061      0.000
    WOLDCOMP           3.422      1.714      1.996      0.046

 Variances
    F8AGE              4.520      0.221     20.467      0.000
    F9AGE             14.874      0.611     24.357      0.000

 Residual Variances
    NARACOMP           3.897      0.376     10.375      0.000
    NARAACC            0.302      0.025     11.951      0.000
    COMBACC            1.496      0.121     12.362      0.000
    WOLDCOMP           2.926      0.226     12.959      0.000

Categorical Latent Variables

 Means
    C#1                0.139      0.153      0.903      0.366
    C#2               -1.176      0.101    -11.591      0.000
    C#3               -0.122      0.140     -0.868      0.385
    C#4               -0.112      0.163     -0.686      0.493


QUALITY OF NUMERICAL RESULTS

     Condition Number for the Information Matrix              0.401E-08
       (ratio of smallest to largest eigenvalue)


TECHNICAL 7 OUTPUT


     SAMPLE STATISTICS WEIGHTED BY ESTIMATED CLASS PROBABILITIES FOR CLASS 1


           Means
              NARACOMP      NARAACC       COMBACC       WOLDCOMP      F8AGE
              ________      ________      ________      ________      ________
               21.547        65.494        10.291         7.066       102.970


           Means
              F9AGE         G
              ________      ________
              118.144        -0.219


           Covariances
              NARACOMP      NARAACC       COMBACC       WOLDCOMP      F8AGE
              ________      ________      ________      ________      ________
 NARACOMP      55.158
 NARAACC      148.855       536.160
 COMBACC       26.826       110.564        26.825
 WOLDCOMP       7.568        18.566         3.112         3.504
 F8AGE         33.324        89.037        11.770        -0.017         3.796
 F9AGE          0.887         3.773         0.301        -2.026       -22.415
 G             27.903        99.336        20.757         4.026        22.622


           Covariances
              F9AGE         G
              ________      ________
 F9AGE         11.794
 G             -2.534        19.315


     SAMPLE STATISTICS WEIGHTED BY ESTIMATED CLASS PROBABILITIES FOR CLASS 2


           Means
              NARACOMP      NARAACC       COMBACC       WOLDCOMP      F8AGE
              ________      ________      ________      ________      ________
               24.016        66.148        12.876         8.028       115.117


           Means
              F9AGE         G
              ________      ________
              123.271        -1.234


           Covariances
              NARACOMP      NARAACC       COMBACC       WOLDCOMP      F8AGE
              ________      ________      ________      ________      ________
 NARACOMP      68.059
 NARAACC      140.330       488.880
 COMBACC       27.527        88.117        22.723
 WOLDCOMP      14.535        23.722         3.872         3.904
 F8AGE         40.665        -2.070        -7.283        -1.678        14.720
 F9AGE          0.236        -2.044        -0.234       -12.489      -154.889
 G             27.265        91.156        17.098         8.068        42.282


           Covariances
              F9AGE         G
              ________      ________
 F9AGE         34.503
 G             -9.727        19.635


     SAMPLE STATISTICS WEIGHTED BY ESTIMATED CLASS PROBABILITIES FOR CLASS 3


           Means
              NARACOMP      NARAACC       COMBACC       WOLDCOMP      F8AGE
              ________      ________      ________      ________      ________
               28.646        67.887        12.079         8.279       102.863


           Means
              F9AGE         G
              ________      ________
              118.599         0.460


           Covariances
              NARACOMP      NARAACC       COMBACC       WOLDCOMP      F8AGE
              ________      ________      ________      ________      ________
 NARACOMP      55.085
 NARAACC      149.096       437.895
 COMBACC       28.583        86.234        18.031
 WOLDCOMP       9.107        24.590         4.861         3.536
 F8AGE         42.471       117.270        23.437         0.152         3.907
 F9AGE          1.497         3.160         0.003        -3.217       -29.587
 G             27.870        81.831        16.369         5.513        30.356


           Covariances
              F9AGE         G
              ________      ________
 F9AGE         14.460
 G             -3.346        16.377


     SAMPLE STATISTICS WEIGHTED BY ESTIMATED CLASS PROBABILITIES FOR CLASS 4


           Means
              NARACOMP      NARAACC       COMBACC       WOLDCOMP      F8AGE
              ________      ________      ________      ________      ________
               27.958        63.480        14.795         7.617       102.821


           Means
              F9AGE         G
              ________      ________
              118.128         0.060


           Covariances
              NARACOMP      NARAACC       COMBACC       WOLDCOMP      F8AGE
              ________      ________      ________      ________      ________
 NARACOMP      49.204
 NARAACC       96.007       255.807
 COMBACC       10.717        37.993         9.037
 WOLDCOMP       6.325        10.667         1.076         3.670
 F8AGE         12.053        21.101         2.775         0.238         3.666
 F9AGE          1.807         2.539        -0.191        -1.781       -17.767
 G             17.753        47.154         7.272         2.499         8.952


           Covariances
              F9AGE         G
              ________      ________
 F9AGE         13.442
 G             -3.181         9.705


     SAMPLE STATISTICS WEIGHTED BY ESTIMATED CLASS PROBABILITIES FOR CLASS 5


           Means
              NARACOMP      NARAACC       COMBACC       WOLDCOMP      F8AGE
              ________      ________      ________      ________      ________
               23.259        66.529        13.859         6.876       102.899


           Means
              F9AGE         G
              ________      ________
              118.549         0.170


           Covariances
              NARACOMP      NARAACC       COMBACC       WOLDCOMP      F8AGE
              ________      ________      ________      ________      ________
 NARACOMP      44.483
 NARAACC      127.252       402.240
 COMBACC       23.910        78.625        16.096
 WOLDCOMP       4.532        11.800         2.594         3.078
 F8AGE         18.401        47.902        10.399         0.087         3.910
 F9AGE          0.739         1.101        -0.688        -2.145       -32.553
 G             23.818        75.286        15.049         2.815        18.217


           Covariances
              F9AGE         G
              ________      ________
 F9AGE         14.007
 G             -3.642        15.159


TECHNICAL 11 OUTPUT

     Random Starts Specifications for the k-1 Class Analysis Model
        Number of initial stage random starts                  20
        Number of final stage optimizations                     4



     VUONG-LO-MENDELL-RUBIN LIKELIHOOD RATIO TEST FOR 4 (H0) VERSUS 5 CLASSES

          H0 Loglikelihood Value                       -44879.472
          2 Times the Loglikelihood Difference            786.327
          Difference in the Number of Parameters               11
          Mean                                            142.581
          Standard Deviation                              292.079
          P-Value                                          0.0330

     LO-MENDELL-RUBIN ADJUSTED LRT TEST

          Value                                           777.640
          P-Value                                          0.0340


PLOT INFORMATION

The following plots are available:

  Histograms (sample values, estimated values, residuals)
  Scatterplots (sample values, estimated values, residuals)
  Estimated overall and class-specific distributions
  Estimated probabilities for a categorical latent variable as a
    function of its covariates

     Beginning Time:  21:10:20
        Ending Time:  21:10:32
       Elapsed Time:  00:00:12



MUTHEN & MUTHEN
3463 Stoner Ave.
Los Angeles, CA  90066

Tel: (310) 391-9971
Fax: (310) 391-8971
Web: www.StatModel.com
Support: Support@StatModel.com

Copyright (c) 1998-2020 Muthen & Muthen
