Mplus VERSION 8.5
MUTHEN & MUTHEN
08/26/2021   1:15 PM

INPUT INSTRUCTIONS

  TITLE:
   Model 3 (FMM): 4 classes;
  DATA:
  FILE = "mplus_models/simpview/shapeB/fmm3_1class_804316e9cf9d5fe45b42d1dcd2bccc98.dat";

  VARIABLE:
  NAMES = cidB3153 f8age f9age naraAcc naraComp woldComp combAcc;
   MISSING=.;
    idvariable = cidb3153; classes = c(4);
  ANALYSIS:
   estimator = mlr; type = mixture;
                                                     starts = 0;
                                                     optseed = 163626;
                                                     processors = 4(starts);
                                                     lrtstarts = 0 0 100 20;
  MODEL:
  %OVERALL%
             f8age; f9age;
             combAcc naraAcc naraComp on f9age;
             woldcomp on f8age;

    naraComp naraAcc@0 combAcc woldComp;

    [naraComp naraAcc combAcc woldComp];
                G by combAcc* naraAcc naraComp woldComp;
                naraComp with woldComp;
                [G@0]; G@1;
                f8age with G@0; f9age with G@0;

   %c#1%

    naraComp naraAcc@0 combAcc woldComp;
    [naraComp naraAcc combAcc woldComp];
   %c#2%

    naraComp naraAcc@0 combAcc woldComp;
    [naraComp naraAcc combAcc woldComp];
   %c#3%

    naraComp naraAcc@0 combAcc woldComp;
    [naraComp naraAcc combAcc woldComp];
   %c#4%

    naraComp naraAcc@0 combAcc woldComp;
    [naraComp naraAcc combAcc woldComp];
  OUTPUT:
   TECH7 TECH11 TECH14 stdyx CINTERVAL ENTROPY;
  SAVEDATA:
   FILE IS sv_fmm3_4class.dat; SAVE = cprobabilities;
  PLOT:
  TYPE = PLOT3;



INPUT READING TERMINATED NORMALLY




Model 3 (FMM): 4 classes;

SUMMARY OF ANALYSIS

Number of groups                                                 1
Number of observations                                        3423

Number of dependent variables                                    4
Number of independent variables                                  2
Number of continuous latent variables                            1
Number of categorical latent variables                           1

Observed dependent variables

  Continuous
   NARAACC     NARACOMP    WOLDCOMP    COMBACC

Observed independent variables
   F8AGE       F9AGE

Continuous latent variables
   G

Categorical latent variables
   C

Variables with special functions

  ID variable           CIDB3153

Estimator                                                      MLR
Information matrix                                        OBSERVED
Optimization Specifications for the Quasi-Newton Algorithm for
Continuous Outcomes
  Maximum number of iterations                                 100
  Convergence criterion                                  0.100D-05
Optimization Specifications for the EM Algorithm
  Maximum number of iterations                                 500
  Convergence criteria
    Loglikelihood change                                 0.100D-06
    Relative loglikelihood change                        0.100D-06
    Derivative                                           0.100D-05
Optimization Specifications for the M step of the EM Algorithm for
Categorical Latent variables
  Number of M step iterations                                    1
  M step convergence criterion                           0.100D-05
  Basis for M step termination                           ITERATION
Optimization Specifications for the M step of the EM Algorithm for
Censored, Binary or Ordered Categorical (Ordinal), Unordered
Categorical (Nominal) and Count Outcomes
  Number of M step iterations                                    1
  M step convergence criterion                           0.100D-05
  Basis for M step termination                           ITERATION
  Maximum value for logit thresholds                            15
  Minimum value for logit thresholds                           -15
  Minimum expected cell size for chi-square              0.100D-01
Maximum number of iterations for H1                           2000
Convergence criterion for H1                             0.100D-03
Optimization algorithm                                         EMA
Random Starts Specifications
  Random seed for analysis                                  163626

Input data file(s)
  mplus_models/simpview/shapeB/fmm3_1class_804316e9cf9d5fe45b42d1dcd2bccc98.dat
Input data format  FREE


SUMMARY OF DATA

     Number of missing data patterns             6
     Number of y missing data patterns           6
     Number of u missing data patterns           0


COVARIANCE COVERAGE OF DATA

Minimum covariance coverage value   0.100


     PROPORTION OF DATA PRESENT FOR Y


           Covariance Coverage
              NARAACC       NARACOMP      WOLDCOMP      COMBACC       F8AGE
              ________      ________      ________      ________      ________
 NARAACC        1.000
 NARACOMP       1.000         1.000
 WOLDCOMP       0.857         0.857         0.857
 COMBACC        0.993         0.993         0.852         0.993
 F8AGE          0.864         0.864         0.857         0.858         0.864
 F9AGE          1.000         1.000         0.857         0.993         0.864


           Covariance Coverage
              F9AGE
              ________
 F9AGE          1.000



UNIVARIATE SAMPLE STATISTICS


     UNIVARIATE HIGHER-ORDER MOMENT DESCRIPTIVE STATISTICS

         Variable/         Mean/     Skewness/   Minimum/ % with                Percentiles
        Sample Size      Variance    Kurtosis    Maximum  Min/Max      20%/60%    40%/80%    Median

     NARAACC              65.861      -0.452       0.000    0.15%      47.000     60.000     68.000
            3423.000     423.591      -0.549     100.000    0.23%      75.000     86.000
     NARACOMP             24.968      -0.218       0.000    0.03%      18.000     23.000     25.000
            3423.000      60.947      -0.334      44.000    0.09%      27.000     32.000
     WOLDCOMP              7.465       0.044       2.000    0.65%       6.000      7.000      7.000
            2935.000       3.764       0.382      15.000    0.07%       8.000      9.000
     COMBACC              12.644      -0.687       0.000    1.29%       9.000     12.000     13.000
            3399.000      21.304      -0.135      20.000    1.15%      15.000     17.000
     F8AGE               103.676       2.573      97.000    0.07%     102.000    102.000    103.000
            2958.000      13.489       7.992     127.000    0.03%     103.000    105.000
     F9AGE               118.704       1.459     106.000    0.03%     115.000    117.000    118.000
            3423.000      16.555       3.079     140.000    0.09%     119.000    121.000


THE MODEL ESTIMATION TERMINATED NORMALLY



MODEL FIT INFORMATION

Number of Free Parameters                       51

Loglikelihood

          H0 Value                      -55236.995
          H0 Scaling Correction Factor      1.3752
            for MLR

Information Criteria

          Akaike (AIC)                  110575.989
          Bayesian (BIC)                110889.041
          Sample-Size Adjusted BIC      110726.990
            (n* = (n + 2) / 24)



FINAL CLASS COUNTS AND PROPORTIONS FOR THE LATENT CLASSES
BASED ON THE ESTIMATED MODEL

    Latent
   Classes

       1         55.45689          0.01620
       2        308.40570          0.09010
       3        241.22959          0.07047
       4       2817.90782          0.82323


FINAL CLASS COUNTS AND PROPORTIONS FOR THE LATENT CLASSES
BASED ON ESTIMATED POSTERIOR PROBABILITIES

    Latent
   Classes

       1         55.45689          0.01620
       2        308.40570          0.09010
       3        241.22959          0.07047
       4       2817.90782          0.82323


FINAL CLASS COUNTS AND PROPORTIONS FOR THE LATENT CLASSES
BASED ON THEIR MOST LIKELY LATENT CLASS MEMBERSHIP

Class Counts and Proportions

    Latent
   Classes

       1               55          0.01607
       2              278          0.08122
       3              197          0.05755
       4             2893          0.84517


CLASSIFICATION QUALITY

     Entropy                         0.892


           Univariate Entropy
              NARAACC       NARACOMP      WOLDCOMP      COMBACC       F8AGE
              ________      ________      ________      ________      ________
                0.546         0.546         0.549         0.546         0.699


           Univariate Entropy
              F9AGE
              ________
                0.783


Average Latent Class Probabilities for Most Likely Latent Class Membership (Row)
by Latent Class (Column)

           1        2        3        4

    1   0.881    0.113    0.007    0.000
    2   0.024    0.768    0.062    0.146
    3   0.001    0.008    0.958    0.033
    4   0.000    0.030    0.012    0.958


Classification Probabilities for the Most Likely Latent Class Membership (Column)
by Latent Class (Row)

           1        2        3        4

    1   0.873    0.122    0.005    0.000
    2   0.020    0.692    0.005    0.283
    3   0.002    0.072    0.782    0.145
    4   0.000    0.014    0.002    0.983


Logits for the Classification Probabilities for the Most Likely Latent Class Membership (Column)
by Latent Class (Row)

              1        2        3        4

    1      8.771    6.803    3.513    0.000
    2     -2.644    0.896   -3.959    0.000
    3     -4.538   -0.706    1.686    0.000
    4    -13.212   -4.224   -6.064    0.000


MODEL RESULTS

                                                    Two-Tailed
                    Estimate       S.E.  Est./S.E.    P-Value

Latent Class 1

 G        BY
    COMBACC            3.849      0.066     58.688      0.000
    NARAACC           20.546      0.213     96.427      0.000
    NARACOMP           6.418      0.106     60.695      0.000
    WOLDCOMP           0.603      0.035     17.100      0.000

 COMBACC    ON
    F9AGE              0.003      0.039      0.088      0.930

 NARAACC    ON
    F9AGE              0.327      0.184      1.779      0.075

 NARACOMP   ON
    F9AGE              0.143      0.062      2.306      0.021

 WOLDCOMP   ON
    F8AGE              0.030      0.016      1.857      0.063

 F8AGE    WITH
    G                  0.000      0.000    999.000    999.000

 F9AGE    WITH
    G                  0.000      0.000    999.000    999.000

 NARACOMP WITH
    WOLDCOMP           2.828      0.164     17.245      0.000

 F9AGE    WITH
    F8AGE              0.610      0.204      2.986      0.003

 Means
    F8AGE            104.194      1.204     86.517      0.000
    F9AGE            133.822      0.746    179.347      0.000
    G                  0.000      0.000    999.000    999.000

 Intercepts
    NARAACC           19.491     25.536      0.763      0.445
    NARACOMP           5.689      8.759      0.650      0.516
    WOLDCOMP           4.225      1.695      2.492      0.013
    COMBACC           11.487      5.448      2.109      0.035

 Variances
    F8AGE              4.408      0.194     22.727      0.000
    F9AGE              7.359      0.381     19.338      0.000
    G                  1.000      0.000    999.000    999.000

 Residual Variances
    NARAACC            0.000      0.000    999.000    999.000
    NARACOMP          15.522      3.860      4.021      0.000
    WOLDCOMP           2.844      0.641      4.440      0.000
    COMBACC            5.331      1.033      5.162      0.000

Latent Class 2

 G        BY
    COMBACC            3.849      0.066     58.688      0.000
    NARAACC           20.546      0.213     96.427      0.000
    NARACOMP           6.418      0.106     60.695      0.000
    WOLDCOMP           0.603      0.035     17.100      0.000

 COMBACC    ON
    F9AGE              0.003      0.039      0.088      0.930

 NARAACC    ON
    F9AGE              0.327      0.184      1.779      0.075

 NARACOMP   ON
    F9AGE              0.143      0.062      2.306      0.021

 WOLDCOMP   ON
    F8AGE              0.030      0.016      1.857      0.063

 F8AGE    WITH
    G                  0.000      0.000    999.000    999.000

 F9AGE    WITH
    G                  0.000      0.000    999.000    999.000

 NARACOMP WITH
    WOLDCOMP           2.828      0.164     17.245      0.000

 F9AGE    WITH
    F8AGE              0.610      0.204      2.986      0.003

 Means
    F8AGE            102.644      0.264    389.073      0.000
    F9AGE            124.990      0.436    286.369      0.000
    G                  0.000      0.000    999.000    999.000

 Intercepts
    NARAACC           27.931     24.083      1.160      0.246
    NARACOMP           7.979      7.988      0.999      0.318
    WOLDCOMP           3.853      1.622      2.376      0.018
    COMBACC           12.624      5.066      2.492      0.013

 Variances
    F8AGE              4.408      0.194     22.727      0.000
    F9AGE              7.359      0.381     19.338      0.000
    G                  1.000      0.000    999.000    999.000

 Residual Variances
    NARAACC            0.000      0.000    999.000    999.000
    NARACOMP          26.745      5.349      5.000      0.000
    WOLDCOMP           3.398      0.389      8.728      0.000
    COMBACC            5.664      0.783      7.229      0.000

Latent Class 3

 G        BY
    COMBACC            3.849      0.066     58.688      0.000
    NARAACC           20.546      0.213     96.427      0.000
    NARACOMP           6.418      0.106     60.695      0.000
    WOLDCOMP           0.603      0.035     17.100      0.000

 COMBACC    ON
    F9AGE              0.003      0.039      0.088      0.930

 NARAACC    ON
    F9AGE              0.327      0.184      1.779      0.075

 NARACOMP   ON
    F9AGE              0.143      0.062      2.306      0.021

 WOLDCOMP   ON
    F8AGE              0.030      0.016      1.857      0.063

 F8AGE    WITH
    G                  0.000      0.000    999.000    999.000

 F9AGE    WITH
    G                  0.000      0.000    999.000    999.000

 NARACOMP WITH
    WOLDCOMP           2.828      0.164     17.245      0.000

 F9AGE    WITH
    F8AGE              0.610      0.204      2.986      0.003

 Means
    F8AGE            115.073      0.411    280.027      0.000
    F9AGE            121.754      0.393    310.064      0.000
    G                  0.000      0.000    999.000    999.000

 Intercepts
    NARAACC           24.684     22.353      1.104      0.269
    NARACOMP           6.369      7.557      0.843      0.399
    WOLDCOMP           4.531      1.843      2.458      0.014
    COMBACC           11.944      4.783      2.497      0.013

 Variances
    F8AGE              4.408      0.194     22.727      0.000
    F9AGE              7.359      0.381     19.338      0.000
    G                  1.000      0.000    999.000    999.000

 Residual Variances
    NARAACC            0.000      0.000    999.000    999.000
    NARACOMP          17.423      1.912      9.110      0.000
    WOLDCOMP           3.092      0.339      9.123      0.000
    COMBACC            7.509      0.901      8.335      0.000

Latent Class 4

 G        BY
    COMBACC            3.849      0.066     58.688      0.000
    NARAACC           20.546      0.213     96.427      0.000
    NARACOMP           6.418      0.106     60.695      0.000
    WOLDCOMP           0.603      0.035     17.100      0.000

 COMBACC    ON
    F9AGE              0.003      0.039      0.088      0.930

 NARAACC    ON
    F9AGE              0.327      0.184      1.779      0.075

 NARACOMP   ON
    F9AGE              0.143      0.062      2.306      0.021

 WOLDCOMP   ON
    F8AGE              0.030      0.016      1.857      0.063

 F8AGE    WITH
    G                  0.000      0.000    999.000    999.000

 F9AGE    WITH
    G                  0.000      0.000    999.000    999.000

 NARACOMP WITH
    WOLDCOMP           2.828      0.164     17.245      0.000

 F9AGE    WITH
    F8AGE              0.610      0.204      2.986      0.003

 Means
    F8AGE            102.897      0.045   2286.753      0.000
    F9AGE            117.458      0.085   1378.771      0.000
    G                  0.000      0.000    999.000    999.000

 Intercepts
    NARAACC           27.341     21.449      1.275      0.202
    NARACOMP           8.189      7.248      1.130      0.259
    WOLDCOMP           4.390      1.637      2.681      0.007
    COMBACC           12.201      4.571      2.669      0.008

 Variances
    F8AGE              4.408      0.194     22.727      0.000
    F9AGE              7.359      0.381     19.338      0.000
    G                  1.000      0.000    999.000    999.000

 Residual Variances
    NARAACC            0.000      0.000    999.000    999.000
    NARACOMP          19.176      0.637     30.097      0.000
    WOLDCOMP           3.393      0.108     31.339      0.000
    COMBACC            6.705      0.199     33.658      0.000

Categorical Latent Variables

 Means
    C#1               -3.928      0.205    -19.149      0.000
    C#2               -2.212      0.145    -15.287      0.000
    C#3               -2.458      0.078    -31.662      0.000


STANDARDIZED MODEL RESULTS


STDYX Standardization

                                                    Two-Tailed
                    Estimate       S.E.  Est./S.E.    P-Value

Latent Class 1

 G        BY
    COMBACC            0.858      0.023     38.036      0.000
    NARAACC            0.999      0.001    964.345      0.000
    NARACOMP           0.851      0.030     28.774      0.000
    WOLDCOMP           0.337      0.036      9.434      0.000

 COMBACC    ON
    F9AGE              0.002      0.024      0.088      0.930

 NARAACC    ON
    F9AGE              0.043      0.024      1.794      0.073

 NARACOMP   ON
    F9AGE              0.051      0.022      2.325      0.020

 WOLDCOMP   ON
    F8AGE              0.035      0.019      1.805      0.071

 F8AGE    WITH
    G                  0.000      0.000    999.000    999.000

 F9AGE    WITH
    G                  0.000      0.000    999.000    999.000

 NARACOMP WITH
    WOLDCOMP           0.426      0.054      7.918      0.000

 F9AGE    WITH
    F8AGE              0.107      0.035      3.046      0.002

 Means
    F8AGE             49.625      1.171     42.381      0.000
    F9AGE             49.332      1.255     39.295      0.000
    G                  0.000      0.000    999.000    999.000

 Intercepts
    NARAACC            0.948      1.242      0.763      0.446
    NARACOMP           0.754      1.165      0.647      0.517
    WOLDCOMP           2.358      0.963      2.448      0.014
    COMBACC            2.559      1.221      2.096      0.036

 Variances
    F8AGE              1.000      0.000    999.000    999.000
    F9AGE              1.000      0.000    999.000    999.000
    G                  1.000      0.000    999.000    999.000

 Residual Variances
    NARAACC            0.000    999.000    999.000    999.000
    NARACOMP           0.273      0.050      5.437      0.000
    WOLDCOMP           0.886      0.024     36.416      0.000
    COMBACC            0.265      0.039      6.844      0.000

Latent Class 2

 G        BY
    COMBACC            0.851      0.017     50.722      0.000
    NARAACC            0.999      0.001    964.345      0.000
    NARACOMP           0.778      0.031     25.258      0.000
    WOLDCOMP           0.311      0.023     13.423      0.000

 COMBACC    ON
    F9AGE              0.002      0.023      0.088      0.930

 NARAACC    ON
    F9AGE              0.043      0.024      1.794      0.073

 NARACOMP   ON
    F9AGE              0.047      0.021      2.258      0.024

 WOLDCOMP   ON
    F8AGE              0.032      0.017      1.839      0.066

 F8AGE    WITH
    G                  0.000      0.000    999.000    999.000

 F9AGE    WITH
    G                  0.000      0.000    999.000    999.000

 NARACOMP WITH
    WOLDCOMP           0.297      0.040      7.358      0.000

 F9AGE    WITH
    F8AGE              0.107      0.035      3.046      0.002

 Means
    F8AGE             48.887      1.056     46.281      0.000
    F9AGE             46.076      1.107     41.607      0.000
    G                  0.000      0.000    999.000    999.000

 Intercepts
    NARAACC            1.358      1.172      1.159      0.247
    NARACOMP           0.967      0.961      1.007      0.314
    WOLDCOMP           1.986      0.844      2.352      0.019
    COMBACC            2.790      1.132      2.465      0.014

 Variances
    F8AGE              1.000      0.000    999.000    999.000
    F9AGE              1.000      0.000    999.000    999.000
    G                  1.000      0.000    999.000    999.000

 Residual Variances
    NARAACC            0.000    999.000    999.000    999.000
    NARACOMP           0.393      0.048      8.110      0.000
    WOLDCOMP           0.902      0.015     62.102      0.000
    COMBACC            0.277      0.029      9.700      0.000

Latent Class 3

 G        BY
    COMBACC            0.815      0.017     47.273      0.000
    NARAACC            0.999      0.001    964.345      0.000
    NARACOMP           0.837      0.014     57.817      0.000
    WOLDCOMP           0.324      0.024     13.743      0.000

 COMBACC    ON
    F9AGE              0.002      0.022      0.088      0.930

 NARAACC    ON
    F9AGE              0.043      0.024      1.794      0.073

 NARACOMP   ON
    F9AGE              0.051      0.022      2.309      0.021

 WOLDCOMP   ON
    F8AGE              0.033      0.018      1.853      0.064

 F8AGE    WITH
    G                  0.000      0.000    999.000    999.000

 F9AGE    WITH
    G                  0.000      0.000    999.000    999.000

 NARACOMP WITH
    WOLDCOMP           0.385      0.033     11.725      0.000

 F9AGE    WITH
    F8AGE              0.107      0.035      3.046      0.002

 Means
    F8AGE             54.807      1.121     48.895      0.000
    F9AGE             44.883      1.135     39.547      0.000
    G                  0.000      0.000    999.000    999.000

 Intercepts
    NARAACC            1.200      1.088      1.103      0.270
    NARACOMP           0.831      0.986      0.842      0.400
    WOLDCOMP           2.436      1.008      2.416      0.016
    COMBACC            2.528      1.016      2.488      0.013

 Variances
    F8AGE              1.000      0.000    999.000    999.000
    F9AGE              1.000      0.000    999.000    999.000
    G                  1.000      0.000    999.000    999.000

 Residual Variances
    NARAACC            0.000    999.000    999.000    999.000
    NARACOMP           0.297      0.024     12.242      0.000
    WOLDCOMP           0.894      0.015     58.086      0.000
    COMBACC            0.336      0.028     11.980      0.000

Latent Class 4

 G        BY
    COMBACC            0.830      0.006    131.828      0.000
    NARAACC            0.999      0.001    964.345      0.000
    NARACOMP           0.825      0.007    119.876      0.000
    WOLDCOMP           0.311      0.017     18.536      0.000

 COMBACC    ON
    F9AGE              0.002      0.023      0.088      0.930

 NARAACC    ON
    F9AGE              0.043      0.024      1.794      0.073

 NARACOMP   ON
    F9AGE              0.050      0.022      2.313      0.021

 WOLDCOMP   ON
    F8AGE              0.032      0.017      1.852      0.064

 F8AGE    WITH
    G                  0.000      0.000    999.000    999.000

 F9AGE    WITH
    G                  0.000      0.000    999.000    999.000

 NARACOMP WITH
    WOLDCOMP           0.351      0.017     20.994      0.000

 F9AGE    WITH
    F8AGE              0.107      0.035      3.046      0.002

 Means
    F8AGE             49.008      1.069     45.840      0.000
    F9AGE             43.299      1.096     39.504      0.000
    G                  0.000      0.000    999.000    999.000

 Intercepts
    NARAACC            1.329      1.044      1.273      0.203
    NARACOMP           1.053      0.933      1.128      0.259
    WOLDCOMP           2.264      0.848      2.670      0.008
    COMBACC            2.630      0.986      2.667      0.008

 Variances
    F8AGE              1.000      0.000    999.000    999.000
    F9AGE              1.000      0.000    999.000    999.000
    G                  1.000      0.000    999.000    999.000

 Residual Variances
    NARAACC            0.000    999.000    999.000    999.000
    NARACOMP           0.317      0.011     28.682      0.000
    WOLDCOMP           0.902      0.011     85.878      0.000
    COMBACC            0.312      0.010     29.818      0.000


R-SQUARE

Class 1

    Observed                                        Two-Tailed
    Variable        Estimate       S.E.  Est./S.E.    P-Value

    NARAACC            1.000    999.000    999.000    999.000
    NARACOMP           0.727      0.050     14.479      0.000
    WOLDCOMP           0.114      0.024      4.707      0.000
    COMBACC            0.735      0.039     19.019      0.000

Class 2

    Observed                                        Two-Tailed
    Variable        Estimate       S.E.  Est./S.E.    P-Value

    NARAACC            1.000    999.000    999.000    999.000
    NARACOMP           0.607      0.048     12.536      0.000
    WOLDCOMP           0.098      0.015      6.716      0.000
    COMBACC            0.723      0.029     25.373      0.000

Class 3

    Observed                                        Two-Tailed
    Variable        Estimate       S.E.  Est./S.E.    P-Value

    NARAACC            1.000    999.000    999.000    999.000
    NARACOMP           0.703      0.024     29.045      0.000
    WOLDCOMP           0.106      0.015      6.905      0.000
    COMBACC            0.664      0.028     23.637      0.000

Class 4

    Observed                                        Two-Tailed
    Variable        Estimate       S.E.  Est./S.E.    P-Value

    NARAACC            1.000    999.000    999.000    999.000
    NARACOMP           0.683      0.011     61.831      0.000
    WOLDCOMP           0.098      0.011      9.304      0.000
    COMBACC            0.688      0.010     65.886      0.000


QUALITY OF NUMERICAL RESULTS

     Condition Number for the Information Matrix              0.308E-08
       (ratio of smallest to largest eigenvalue)


CONFIDENCE INTERVALS OF MODEL RESULTS

                  Lower .5%  Lower 2.5%    Lower 5%    Estimate    Upper 5%  Upper 2.5%   Upper .5%

Latent Class 1

 G        BY
    COMBACC          3.680       3.720       3.741       3.849       3.957       3.978       4.018
    NARAACC         19.997      20.128      20.195      20.546      20.896      20.964      21.095
    NARACOMP         6.145       6.210       6.244       6.418       6.592       6.625       6.690
    WOLDCOMP         0.512       0.534       0.545       0.603       0.661       0.672       0.694

 COMBACC  ON
    F9AGE           -0.097      -0.073      -0.061       0.003       0.068       0.080       0.104

 NARAACC  ON
    F9AGE           -0.146      -0.033       0.025       0.327       0.629       0.687       0.800

 NARACOMP ON
    F9AGE           -0.017       0.021       0.041       0.143       0.245       0.264       0.303

 WOLDCOMP ON
    F8AGE           -0.011      -0.002       0.003       0.030       0.056       0.061       0.071

 F8AGE    WITH
    G                0.000       0.000       0.000       0.000       0.000       0.000       0.000

 F9AGE    WITH
    G                0.000       0.000       0.000       0.000       0.000       0.000       0.000

 NARACOMP WITH
    WOLDCOMP         2.405       2.506       2.558       2.828       3.097       3.149       3.250

 F9AGE    WITH
    F8AGE            0.084       0.209       0.274       0.610       0.945       1.010       1.135

 Means
    F8AGE          101.092     101.833     102.213     104.194     106.175     106.554     107.296
    F9AGE          131.900     132.359     132.594     133.822     135.049     135.284     135.744
    G                0.000       0.000       0.000       0.000       0.000       0.000       0.000

 Intercepts
    NARAACC        -46.284     -30.559     -22.515      19.491      61.497      69.540      85.265
    NARACOMP       -16.873     -11.479      -8.720       5.689      20.098      22.857      28.251
    WOLDCOMP        -0.142       0.902       1.436       4.225       7.014       7.548       8.592
    COMBACC         -2.545       0.809       2.525      11.487      20.449      22.165      25.520

 Variances
    F8AGE            3.909       4.028       4.089       4.408       4.727       4.789       4.908
    F9AGE            6.379       6.613       6.733       7.359       7.985       8.105       8.339
    G                1.000       1.000       1.000       1.000       1.000       1.000       1.000

 Residual Variances
    NARAACC          0.000       0.000       0.000       0.000       0.000       0.000       0.000
    NARACOMP         5.579       7.956       9.172      15.522      21.872      23.088      25.465
    WOLDCOMP         1.194       1.588       1.790       2.844       3.897       4.099       4.494
    COMBACC          2.671       3.307       3.632       5.331       7.030       7.355       7.991

Latent Class 2

 G        BY
    COMBACC          3.680       3.720       3.741       3.849       3.957       3.978       4.018
    NARAACC         19.997      20.128      20.195      20.546      20.896      20.964      21.095
    NARACOMP         6.145       6.210       6.244       6.418       6.592       6.625       6.690
    WOLDCOMP         0.512       0.534       0.545       0.603       0.661       0.672       0.694

 COMBACC  ON
    F9AGE           -0.097      -0.073      -0.061       0.003       0.068       0.080       0.104

 NARAACC  ON
    F9AGE           -0.146      -0.033       0.025       0.327       0.629       0.687       0.800

 NARACOMP ON
    F9AGE           -0.017       0.021       0.041       0.143       0.245       0.264       0.303

 WOLDCOMP ON
    F8AGE           -0.011      -0.002       0.003       0.030       0.056       0.061       0.071

 F8AGE    WITH
    G                0.000       0.000       0.000       0.000       0.000       0.000       0.000

 F9AGE    WITH
    G                0.000       0.000       0.000       0.000       0.000       0.000       0.000

 NARACOMP WITH
    WOLDCOMP         2.405       2.506       2.558       2.828       3.097       3.149       3.250

 F9AGE    WITH
    F8AGE            0.084       0.209       0.274       0.610       0.945       1.010       1.135

 Means
    F8AGE          101.965     102.127     102.210     102.644     103.078     103.161     103.324
    F9AGE          123.866     124.134     124.272     124.990     125.708     125.845     126.114
    G                0.000       0.000       0.000       0.000       0.000       0.000       0.000

 Intercepts
    NARAACC        -34.101     -19.271     -11.685      27.931      67.547      75.133      89.963
    NARACOMP       -12.596      -7.677      -5.161       7.979      21.119      23.635      28.554
    WOLDCOMP        -0.325       0.674       1.185       3.853       6.522       7.033       8.031
    COMBACC         -0.424       2.696       4.291      12.624      20.957      22.553      25.672

 Variances
    F8AGE            3.909       4.028       4.089       4.408       4.727       4.789       4.908
    F9AGE            6.379       6.613       6.733       7.359       7.985       8.105       8.339
    G                1.000       1.000       1.000       1.000       1.000       1.000       1.000

 Residual Variances
    NARAACC          0.000       0.000       0.000       0.000       0.000       0.000       0.000
    NARACOMP        12.966      16.260      17.945      26.745      35.544      37.229      40.523
    WOLDCOMP         2.395       2.635       2.758       3.398       4.039       4.162       4.401
    COMBACC          3.646       4.128       4.375       5.664       6.953       7.199       7.682

Latent Class 3

 G        BY
    COMBACC          3.680       3.720       3.741       3.849       3.957       3.978       4.018
    NARAACC         19.997      20.128      20.195      20.546      20.896      20.964      21.095
    NARACOMP         6.145       6.210       6.244       6.418       6.592       6.625       6.690
    WOLDCOMP         0.512       0.534       0.545       0.603       0.661       0.672       0.694

 COMBACC  ON
    F9AGE           -0.097      -0.073      -0.061       0.003       0.068       0.080       0.104

 NARAACC  ON
    F9AGE           -0.146      -0.033       0.025       0.327       0.629       0.687       0.800

 NARACOMP ON
    F9AGE           -0.017       0.021       0.041       0.143       0.245       0.264       0.303

 WOLDCOMP ON
    F8AGE           -0.011      -0.002       0.003       0.030       0.056       0.061       0.071

 F8AGE    WITH
    G                0.000       0.000       0.000       0.000       0.000       0.000       0.000

 F9AGE    WITH
    G                0.000       0.000       0.000       0.000       0.000       0.000       0.000

 NARACOMP WITH
    WOLDCOMP         2.405       2.506       2.558       2.828       3.097       3.149       3.250

 F9AGE    WITH
    F8AGE            0.084       0.209       0.274       0.610       0.945       1.010       1.135

 Means
    F8AGE          114.014     114.267     114.397     115.073     115.749     115.878     116.131
    F9AGE          120.742     120.984     121.108     121.754     122.400     122.523     122.765
    G                0.000       0.000       0.000       0.000       0.000       0.000       0.000

 Intercepts
    NARAACC        -32.893     -19.128     -12.087      24.684      61.454      68.496      82.260
    NARACOMP       -13.097      -8.443      -6.062       6.369      18.800      21.181      25.834
    WOLDCOMP        -0.216       0.918       1.499       4.531       7.563       8.143       9.278
    COMBACC         -0.377       2.568       4.075      11.944      19.813      21.319      24.265

 Variances
    F8AGE            3.909       4.028       4.089       4.408       4.727       4.789       4.908
    F9AGE            6.379       6.613       6.733       7.359       7.985       8.105       8.339
    G                1.000       1.000       1.000       1.000       1.000       1.000       1.000

 Residual Variances
    NARAACC          0.000       0.000       0.000       0.000       0.000       0.000       0.000
    NARACOMP        12.496      13.674      14.277      17.423      20.569      21.171      22.349
    WOLDCOMP         2.219       2.428       2.534       3.092       3.649       3.756       3.965
    COMBACC          5.188       5.743       6.027       7.509       8.990       9.274       9.829

Latent Class 4

 G        BY
    COMBACC          3.680       3.720       3.741       3.849       3.957       3.978       4.018
    NARAACC         19.997      20.128      20.195      20.546      20.896      20.964      21.095
    NARACOMP         6.145       6.210       6.244       6.418       6.592       6.625       6.690
    WOLDCOMP         0.512       0.534       0.545       0.603       0.661       0.672       0.694

 COMBACC  ON
    F9AGE           -0.097      -0.073      -0.061       0.003       0.068       0.080       0.104

 NARAACC  ON
    F9AGE           -0.146      -0.033       0.025       0.327       0.629       0.687       0.800

 NARACOMP ON
    F9AGE           -0.017       0.021       0.041       0.143       0.245       0.264       0.303

 WOLDCOMP ON
    F8AGE           -0.011      -0.002       0.003       0.030       0.056       0.061       0.071

 F8AGE    WITH
    G                0.000       0.000       0.000       0.000       0.000       0.000       0.000

 F9AGE    WITH
    G                0.000       0.000       0.000       0.000       0.000       0.000       0.000

 NARACOMP WITH
    WOLDCOMP         2.405       2.506       2.558       2.828       3.097       3.149       3.250

 F9AGE    WITH
    F8AGE            0.084       0.209       0.274       0.610       0.945       1.010       1.135

 Means
    F8AGE          102.781     102.809     102.823     102.897     102.971     102.985     103.013
    F9AGE          117.238     117.291     117.318     117.458     117.598     117.625     117.677
    G                0.000       0.000       0.000       0.000       0.000       0.000       0.000

 Intercepts
    NARAACC        -27.908     -14.699      -7.943      27.341      62.624      69.380      82.589
    NARACOMP       -10.481      -6.017      -3.734       8.189      20.112      22.396      26.859
    WOLDCOMP         0.173       1.181       1.697       4.390       7.084       7.600       8.608
    COMBACC          0.427       3.242       4.682      12.201      19.720      21.159      23.974

 Variances
    F8AGE            3.909       4.028       4.089       4.408       4.727       4.789       4.908
    F9AGE            6.379       6.613       6.733       7.359       7.985       8.105       8.339
    G                1.000       1.000       1.000       1.000       1.000       1.000       1.000

 Residual Variances
    NARAACC          0.000       0.000       0.000       0.000       0.000       0.000       0.000
    NARACOMP        17.535      17.927      18.128      19.176      20.224      20.425      20.817
    WOLDCOMP         3.114       3.180       3.215       3.393       3.571       3.605       3.671
    COMBACC          6.192       6.314       6.377       6.705       7.033       7.095       7.218

Categorical Latent Variables

 Means
    C#1             -4.457      -4.330      -4.266      -3.928      -3.591      -3.526      -3.400
    C#2             -2.585      -2.496      -2.450      -2.212      -1.974      -1.929      -1.840
    C#3             -2.658      -2.610      -2.586      -2.458      -2.330      -2.306      -2.258


CONFIDENCE INTERVALS OF STANDARDIZED MODEL RESULTS


STDYX Standardization

                  Lower .5%  Lower 2.5%    Lower 5%    Estimate    Upper 5%  Upper 2.5%   Upper .5%

Latent Class 1

 G        BY
    COMBACC          0.799       0.813       0.820       0.858       0.895       0.902       0.916
    NARAACC          0.996       0.997       0.997       0.999       1.001       1.001       1.002
    NARACOMP         0.775       0.793       0.802       0.851       0.900       0.909       0.927
    WOLDCOMP         0.245       0.267       0.278       0.337       0.395       0.406       0.428

 COMBACC  ON
    F9AGE           -0.059      -0.044      -0.037       0.002       0.041       0.048       0.063

 NARAACC  ON
    F9AGE           -0.019      -0.004       0.004       0.043       0.083       0.090       0.105

 NARACOMP ON
    F9AGE           -0.006       0.008       0.015       0.051       0.088       0.095       0.108

 WOLDCOMP ON
    F8AGE           -0.015      -0.003       0.003       0.035       0.066       0.072       0.084

 F8AGE    WITH
    G                0.000       0.000       0.000       0.000       0.000       0.000       0.000

 F9AGE    WITH
    G                0.000       0.000       0.000       0.000       0.000       0.000       0.000

 NARACOMP WITH
    WOLDCOMP         0.287       0.320       0.337       0.426       0.514       0.531       0.564

 F9AGE    WITH
    F8AGE            0.017       0.038       0.049       0.107       0.165       0.176       0.198

 Means
    F8AGE           46.609      47.330      47.699      49.625      51.551      51.920      52.641
    F9AGE           46.098      46.871      47.267      49.332      51.397      51.792      52.566
    G                0.000       0.000       0.000       0.000       0.000       0.000       0.000

 Intercepts
    NARAACC         -2.252      -1.487      -1.096       0.948       2.992       3.383       4.148
    NARACOMP        -2.247      -1.530      -1.163       0.754       2.672       3.039       3.756
    WOLDCOMP        -0.123       0.470       0.773       2.358       3.942       4.245       4.839
    COMBACC         -0.585       0.167       0.551       2.559       4.568       4.952       5.704

 Variances
    F8AGE            1.000       1.000       1.000       1.000       1.000       1.000       1.000
    F9AGE            1.000       1.000       1.000       1.000       1.000       1.000       1.000
    G                1.000       1.000       1.000       1.000       1.000       1.000       1.000

 Residual Variances
    NARAACC        999.000     999.000     999.000       0.000     999.000     999.000     999.000
    NARACOMP         0.144       0.175       0.190       0.273       0.356       0.371       0.402
    WOLDCOMP         0.823       0.838       0.846       0.886       0.926       0.933       0.948
    COMBACC          0.165       0.189       0.201       0.265       0.328       0.340       0.364

Latent Class 2

 G        BY
    COMBACC          0.807       0.818       0.823       0.851       0.878       0.883       0.894
    NARAACC          0.996       0.997       0.997       0.999       1.001       1.001       1.002
    NARACOMP         0.698       0.717       0.727       0.778       0.828       0.838       0.857
    WOLDCOMP         0.251       0.265       0.273       0.311       0.349       0.356       0.370

 COMBACC  ON
    F9AGE           -0.058      -0.044      -0.036       0.002       0.041       0.048       0.062

 NARAACC  ON
    F9AGE           -0.019      -0.004       0.004       0.043       0.083       0.090       0.105

 NARACOMP ON
    F9AGE           -0.007       0.006       0.013       0.047       0.081       0.088       0.101

 WOLDCOMP ON
    F8AGE           -0.013      -0.002       0.003       0.032       0.061       0.066       0.077

 F8AGE    WITH
    G                0.000       0.000       0.000       0.000       0.000       0.000       0.000

 F9AGE    WITH
    G                0.000       0.000       0.000       0.000       0.000       0.000       0.000

 NARACOMP WITH
    WOLDCOMP         0.193       0.218       0.230       0.297       0.363       0.376       0.400

 F9AGE    WITH
    F8AGE            0.017       0.038       0.049       0.107       0.165       0.176       0.198

 Means
    F8AGE           46.166      46.817      47.150      48.887      50.625      50.958      51.608
    F9AGE           43.224      43.906      44.254      46.076      47.898      48.247      48.928
    G                0.000       0.000       0.000       0.000       0.000       0.000       0.000

 Intercepts
    NARAACC         -1.661      -0.939      -0.570       1.358       3.287       3.656       4.378
    NARACOMP        -1.508      -0.916      -0.613       0.967       2.547       2.850       3.442
    WOLDCOMP        -0.189       0.331       0.597       1.986       3.374       3.640       4.160
    COMBACC         -0.125       0.572       0.928       2.790       4.651       5.008       5.705

 Variances
    F8AGE            1.000       1.000       1.000       1.000       1.000       1.000       1.000
    F9AGE            1.000       1.000       1.000       1.000       1.000       1.000       1.000
    G                1.000       1.000       1.000       1.000       1.000       1.000       1.000

 Residual Variances
    NARAACC        999.000     999.000     999.000       0.000     999.000     999.000     999.000
    NARACOMP         0.268       0.298       0.313       0.393       0.473       0.488       0.518
    WOLDCOMP         0.865       0.874       0.879       0.902       0.926       0.931       0.940
    COMBACC          0.203       0.221       0.230       0.277       0.323       0.332       0.350

Latent Class 3

 G        BY
    COMBACC          0.770       0.781       0.786       0.815       0.843       0.848       0.859
    NARAACC          0.996       0.997       0.997       0.999       1.001       1.001       1.002
    NARACOMP         0.800       0.809       0.813       0.837       0.861       0.866       0.875
    WOLDCOMP         0.263       0.278       0.285       0.324       0.363       0.370       0.385

 COMBACC  ON
    F9AGE           -0.056      -0.042      -0.035       0.002       0.039       0.046       0.060

 NARAACC  ON
    F9AGE           -0.019      -0.004       0.004       0.043       0.083       0.090       0.105

 NARACOMP ON
    F9AGE           -0.006       0.008       0.015       0.051       0.087       0.094       0.107

 WOLDCOMP ON
    F8AGE           -0.013      -0.002       0.004       0.033       0.063       0.069       0.080

 F8AGE    WITH
    G                0.000       0.000       0.000       0.000       0.000       0.000       0.000

 F9AGE    WITH
    G                0.000       0.000       0.000       0.000       0.000       0.000       0.000

 NARACOMP WITH
    WOLDCOMP         0.301       0.321       0.331       0.385       0.439       0.450       0.470

 F9AGE    WITH
    F8AGE            0.017       0.038       0.049       0.107       0.165       0.176       0.198

 Means
    F8AGE           51.919      52.610      52.963      54.807      56.650      57.004      57.694
    F9AGE           41.960      42.659      43.016      44.883      46.750      47.107      47.806
    G                0.000       0.000       0.000       0.000       0.000       0.000       0.000

 Intercepts
    NARAACC         -1.602      -0.932      -0.589       1.200       2.990       3.333       4.003
    NARACOMP        -1.710      -1.103      -0.792       0.831       2.454       2.764       3.372
    WOLDCOMP        -0.161       0.460       0.778       2.436       4.094       4.412       5.033
    COMBACC         -0.089       0.536       0.856       2.528       4.200       4.520       5.145

 Variances
    F8AGE            1.000       1.000       1.000       1.000       1.000       1.000       1.000
    F9AGE            1.000       1.000       1.000       1.000       1.000       1.000       1.000
    G                1.000       1.000       1.000       1.000       1.000       1.000       1.000

 Residual Variances
    NARAACC        999.000     999.000     999.000       0.000     999.000     999.000     999.000
    NARACOMP         0.234       0.249       0.257       0.297       0.336       0.344       0.359
    WOLDCOMP         0.854       0.864       0.868       0.894       0.919       0.924       0.933
    COMBACC          0.264       0.281       0.290       0.336       0.383       0.391       0.409

Latent Class 4

 G        BY
    COMBACC          0.814       0.817       0.819       0.830       0.840       0.842       0.846
    NARAACC          0.996       0.997       0.997       0.999       1.001       1.001       1.002
    NARACOMP         0.807       0.812       0.814       0.825       0.836       0.838       0.843
    WOLDCOMP         0.268       0.278       0.283       0.311       0.339       0.344       0.354

 COMBACC  ON
    F9AGE           -0.057      -0.043      -0.036       0.002       0.040       0.047       0.061

 NARAACC  ON
    F9AGE           -0.019      -0.004       0.004       0.043       0.083       0.090       0.105

 NARACOMP ON
    F9AGE           -0.006       0.008       0.014       0.050       0.085       0.092       0.105

 WOLDCOMP ON
    F8AGE           -0.013      -0.002       0.004       0.032       0.060       0.066       0.077

 F8AGE    WITH
    G                0.000       0.000       0.000       0.000       0.000       0.000       0.000

 F9AGE    WITH
    G                0.000       0.000       0.000       0.000       0.000       0.000       0.000

 NARACOMP WITH
    WOLDCOMP         0.308       0.318       0.323       0.351       0.378       0.383       0.394

 F9AGE    WITH
    F8AGE            0.017       0.038       0.049       0.107       0.165       0.176       0.198

 Means
    F8AGE           46.254      46.912      47.249      49.008      50.766      51.103      51.761
    F9AGE           40.476      41.151      41.496      43.299      45.102      45.448      46.123
    G                0.000       0.000       0.000       0.000       0.000       0.000       0.000

 Intercepts
    NARAACC         -1.360      -0.717      -0.388       1.329       3.047       3.376       4.019
    NARACOMP        -1.351      -0.777      -0.483       1.053       2.588       2.882       3.457
    WOLDCOMP         0.080       0.602       0.869       2.264       3.659       3.926       4.448
    COMBACC          0.090       0.697       1.008       2.630       4.252       4.563       5.170

 Variances
    F8AGE            1.000       1.000       1.000       1.000       1.000       1.000       1.000
    F9AGE            1.000       1.000       1.000       1.000       1.000       1.000       1.000
    G                1.000       1.000       1.000       1.000       1.000       1.000       1.000

 Residual Variances
    NARAACC        999.000     999.000     999.000       0.000     999.000     999.000     999.000
    NARACOMP         0.288       0.295       0.299       0.317       0.335       0.339       0.345
    WOLDCOMP         0.875       0.882       0.885       0.902       0.920       0.923       0.929
    COMBACC          0.285       0.291       0.294       0.312       0.329       0.332       0.338


TECHNICAL 7 OUTPUT


     SAMPLE STATISTICS WEIGHTED BY ESTIMATED CLASS PROBABILITIES FOR CLASS 1


           Means
              NARAACC       NARACOMP      WOLDCOMP      COMBACC       F8AGE
              ________      ________      ________      ________      ________
               63.211        24.816         7.258        11.950       104.172


           Means
              F9AGE
              ________
              133.822


           Covariances
              NARAACC       NARACOMP      WOLDCOMP      COMBACC       F8AGE
              ________      ________      ________      ________      ________
 NARAACC      655.396
 NARACOMP     215.417        85.536
 WOLDCOMP       4.313         3.327         2.775
 COMBACC      129.688        43.916        -0.316        30.880
 F8AGE       -160.408       -54.742         0.623       -41.593        12.209
 F9AGE          0.630        -0.848        -1.875        -0.301       -25.779


           Covariances
              F9AGE
              ________
 F9AGE          8.914


     SAMPLE STATISTICS WEIGHTED BY ESTIMATED CLASS PROBABILITIES FOR CLASS 2


           Means
              NARAACC       NARACOMP      WOLDCOMP      COMBACC       F8AGE
              ________      ________      ________      ________      ________
               68.766        25.844         6.957        13.110       102.616


           Means
              F9AGE
              ________
              124.990


           Covariances
              NARAACC       NARACOMP      WOLDCOMP      COMBACC       F8AGE
              ________      ________      ________      ________      ________
 NARAACC      434.579
 NARACOMP     129.217        65.239
 WOLDCOMP      21.357        11.381         3.839
 COMBACC       80.843        25.021         4.412        19.691
 F8AGE        143.659        76.605         0.427        30.432         4.895
 F9AGE          4.664         1.813        -2.271         0.255       -33.823


           Covariances
              F9AGE
              ________
 F9AGE          7.642


     SAMPLE STATISTICS WEIGHTED BY ESTIMATED CLASS PROBABILITIES FOR CLASS 3


           Means
              NARAACC       NARACOMP      WOLDCOMP      COMBACC       F8AGE
              ________      ________      ________      ________      ________
               64.462        23.771         8.039        12.462       115.054


           Means
              F9AGE
              ________
              121.754


           Covariances
              NARAACC       NARACOMP      WOLDCOMP      COMBACC       F8AGE
              ________      ________      ________      ________      ________
 NARAACC      501.334
 NARACOMP     156.855        67.061
 WOLDCOMP      38.302        17.251         3.961
 COMBACC       95.097        31.322         7.374        23.722
 F8AGE        191.262        77.943        -1.724        40.992        14.122
 F9AGE         -3.444        -1.176        -3.420        -0.184       -23.848


           Covariances
              F9AGE
              ________
 F9AGE         18.423


     SAMPLE STATISTICS WEIGHTED BY ESTIMATED CLASS PROBABILITIES FOR CLASS 4


           Means
              NARAACC       NARACOMP      WOLDCOMP      COMBACC       F8AGE
              ________      ________      ________      ________      ________
               65.715        24.977         7.470        12.622       102.889


           Means
              F9AGE
              ________
              117.458


           Covariances
              NARAACC       NARACOMP      WOLDCOMP      COMBACC       F8AGE
              ________      ________      ________      ________      ________
 NARAACC      409.920
 NARACOMP     128.270        59.263
 WOLDCOMP      15.501         8.677         3.707
 COMBACC       77.505        24.948         2.813        21.050
 F8AGE         52.464        30.806         0.028         9.782         3.529
 F9AGE          2.028         0.838        -0.756        -0.110        -9.480


           Covariances
              F9AGE
              ________
 F9AGE          6.350


TECHNICAL 11 OUTPUT

     Random Starts Specifications for the k-1 Class Analysis Model
        Number of initial stage random starts                  20
        Number of final stage optimizations                     4



     VUONG-LO-MENDELL-RUBIN LIKELIHOOD RATIO TEST FOR 3 (H0) VERSUS 4 CLASSES

          H0 Loglikelihood Value                       -55300.647
          2 Times the Loglikelihood Difference            127.304
          Difference in the Number of Parameters               10
          Mean                                             28.088
          Standard Deviation                               44.417
          P-Value                                          0.0273

     LO-MENDELL-RUBIN ADJUSTED LRT TEST

          Value                                           125.759
          P-Value                                          0.0285


TECHNICAL 14 OUTPUT

     Random Starts Specifications for the k-1 Class Analysis Model
        Number of initial stage random starts                  20
        Number of final stage optimizations                     4

     Random Starts Specification for the k-1 Class Model for Generated Data
        Number of initial stage random starts                   0
        Number of final stage optimizations for the
           initial stage random starts                          0
     Random Starts Specification for the k Class Model for Generated Data
        Number of initial stage random starts                 100
        Number of final stage optimizations                    20
     Number of bootstrap draws requested                   Varies


     PARAMETRIC BOOTSTRAPPED LIKELIHOOD RATIO TEST FOR 3 (H0) VERSUS 4 CLASSES

          H0 Loglikelihood Value                       -55300.647
          2 Times the Loglikelihood Difference            127.304
          Difference in the Number of Parameters               10
          Approximate P-Value                              0.0000
          Successful Bootstrap Draws                            5

     WARNING:  OF THE 5 BOOTSTRAP DRAWS, 4 DRAWS HAD BOTH A SMALLER LRT VALUE THAN THE
     OBSERVED LRT VALUE AND NOT A REPLICATED BEST LOGLIKELIHOOD VALUE FOR THE 4-CLASS MODEL.
     THIS MEANS THAT THE P-VALUE MAY NOT BE TRUSTWORTHY DUE TO LOCAL MAXIMA.
     INCREASE THE NUMBER OF RANDOM STARTS USING THE LRTSTARTS OPTION.



SAMPLE STATISTICS FOR ESTIMATED FACTOR SCORES


     SAMPLE STATISTICS


           Means
              G             C_G
              ________      ________
                0.000        -0.001


           Covariances
              G             C_G
              ________      ________
 G              0.999
 C_G            1.000         1.001


           Correlations
              G             C_G
              ________      ________
 G              1.000
 C_G            1.000         1.000


PLOT INFORMATION

The following plots are available:

  Histograms (sample values, estimated factor scores, estimated values, residuals)
  Scatterplots (sample values, estimated factor scores, estimated values, residuals)
  Latent variable distribution plots
  Estimated overall and class-specific distributions

SAVEDATA INFORMATION


  Save file
    sv_fmm3_4class.dat

  Order and format of variables

    NARAACC        F10.3
    NARACOMP       F10.3
    WOLDCOMP       F10.3
    COMBACC        F10.3
    F8AGE          F10.3
    F9AGE          F10.3
    G              F10.3
    C_G            F10.3
    CPROB1         F10.3
    CPROB2         F10.3
    CPROB3         F10.3
    CPROB4         F10.3
    C              F10.3
    CIDB3153       I6

  Save file format
    13F10.3 I6

  Save file record length    10000

  Save missing symbol        *


     Beginning Time:  13:15:10
        Ending Time:  13:15:26
       Elapsed Time:  00:00:16



MUTHEN & MUTHEN
3463 Stoner Ave.
Los Angeles, CA  90066

Tel: (310) 391-9971
Fax: (310) 391-8971
Web: www.StatModel.com
Support: Support@StatModel.com

Copyright (c) 1998-2020 Muthen & Muthen
