Mplus VERSION 8.5
MUTHEN & MUTHEN
08/26/2021   1:14 PM

INPUT INSTRUCTIONS

  TITLE:
   Model 3 (FMM): 3 classes;
  DATA:
  FILE = "mplus_models/simpview/shapeB/fmm3_1class_804316e9cf9d5fe45b42d1dcd2bccc98.dat";

  VARIABLE:
  NAMES = cidB3153 f8age f9age naraAcc naraComp woldComp combAcc;
   MISSING=.;
    idvariable = cidb3153; classes = c(3);
  ANALYSIS:
   estimator = mlr; type = mixture;
                                                     starts = 0;
                                                     optseed = 155749;
                                                     processors = 4(starts);
                                                     lrtstarts = 0 0 100 20;
  MODEL:
  %OVERALL%
             f8age; f9age;
             combAcc naraAcc naraComp on f9age;
             woldcomp on f8age;

    naraComp naraAcc@0 combAcc woldComp;

    [naraComp naraAcc combAcc woldComp];
                G by combAcc* naraAcc naraComp woldComp;
                naraComp with woldComp;
                [G@0]; G@1;
                f8age with G@0; f9age with G@0;

   %c#1%

    naraComp naraAcc@0 combAcc woldComp;
    [naraComp naraAcc combAcc woldComp];
   %c#2%

    naraComp naraAcc@0 combAcc woldComp;
    [naraComp naraAcc combAcc woldComp];
   %c#3%

    naraComp naraAcc@0 combAcc woldComp;
    [naraComp naraAcc combAcc woldComp];
  OUTPUT:
   TECH7 TECH11 TECH14 stdyx CINTERVAL ENTROPY;
  SAVEDATA:
   FILE IS sv_fmm3_3class.dat; SAVE = cprobabilities;
  PLOT:
  TYPE = PLOT3;



INPUT READING TERMINATED NORMALLY




Model 3 (FMM): 3 classes;

SUMMARY OF ANALYSIS

Number of groups                                                 1
Number of observations                                        3423

Number of dependent variables                                    4
Number of independent variables                                  2
Number of continuous latent variables                            1
Number of categorical latent variables                           1

Observed dependent variables

  Continuous
   NARAACC     NARACOMP    WOLDCOMP    COMBACC

Observed independent variables
   F8AGE       F9AGE

Continuous latent variables
   G

Categorical latent variables
   C

Variables with special functions

  ID variable           CIDB3153

Estimator                                                      MLR
Information matrix                                        OBSERVED
Optimization Specifications for the Quasi-Newton Algorithm for
Continuous Outcomes
  Maximum number of iterations                                 100
  Convergence criterion                                  0.100D-05
Optimization Specifications for the EM Algorithm
  Maximum number of iterations                                 500
  Convergence criteria
    Loglikelihood change                                 0.100D-06
    Relative loglikelihood change                        0.100D-06
    Derivative                                           0.100D-05
Optimization Specifications for the M step of the EM Algorithm for
Categorical Latent variables
  Number of M step iterations                                    1
  M step convergence criterion                           0.100D-05
  Basis for M step termination                           ITERATION
Optimization Specifications for the M step of the EM Algorithm for
Censored, Binary or Ordered Categorical (Ordinal), Unordered
Categorical (Nominal) and Count Outcomes
  Number of M step iterations                                    1
  M step convergence criterion                           0.100D-05
  Basis for M step termination                           ITERATION
  Maximum value for logit thresholds                            15
  Minimum value for logit thresholds                           -15
  Minimum expected cell size for chi-square              0.100D-01
Maximum number of iterations for H1                           2000
Convergence criterion for H1                             0.100D-03
Optimization algorithm                                         EMA
Random Starts Specifications
  Random seed for analysis                                  155749

Input data file(s)
  mplus_models/simpview/shapeB/fmm3_1class_804316e9cf9d5fe45b42d1dcd2bccc98.dat
Input data format  FREE


SUMMARY OF DATA

     Number of missing data patterns             6
     Number of y missing data patterns           6
     Number of u missing data patterns           0


COVARIANCE COVERAGE OF DATA

Minimum covariance coverage value   0.100


     PROPORTION OF DATA PRESENT FOR Y


           Covariance Coverage
              NARAACC       NARACOMP      WOLDCOMP      COMBACC       F8AGE
              ________      ________      ________      ________      ________
 NARAACC        1.000
 NARACOMP       1.000         1.000
 WOLDCOMP       0.857         0.857         0.857
 COMBACC        0.993         0.993         0.852         0.993
 F8AGE          0.864         0.864         0.857         0.858         0.864
 F9AGE          1.000         1.000         0.857         0.993         0.864


           Covariance Coverage
              F9AGE
              ________
 F9AGE          1.000



UNIVARIATE SAMPLE STATISTICS


     UNIVARIATE HIGHER-ORDER MOMENT DESCRIPTIVE STATISTICS

         Variable/         Mean/     Skewness/   Minimum/ % with                Percentiles
        Sample Size      Variance    Kurtosis    Maximum  Min/Max      20%/60%    40%/80%    Median

     NARAACC              65.861      -0.452       0.000    0.15%      47.000     60.000     68.000
            3423.000     423.591      -0.549     100.000    0.23%      75.000     86.000
     NARACOMP             24.968      -0.218       0.000    0.03%      18.000     23.000     25.000
            3423.000      60.947      -0.334      44.000    0.09%      27.000     32.000
     WOLDCOMP              7.465       0.044       2.000    0.65%       6.000      7.000      7.000
            2935.000       3.764       0.382      15.000    0.07%       8.000      9.000
     COMBACC              12.644      -0.687       0.000    1.29%       9.000     12.000     13.000
            3399.000      21.304      -0.135      20.000    1.15%      15.000     17.000
     F8AGE               103.676       2.573      97.000    0.07%     102.000    102.000    103.000
            2958.000      13.489       7.992     127.000    0.03%     103.000    105.000
     F9AGE               118.704       1.459     106.000    0.03%     115.000    117.000    118.000
            3423.000      16.555       3.079     140.000    0.09%     119.000    121.000


THE MODEL ESTIMATION TERMINATED NORMALLY



MODEL FIT INFORMATION

Number of Free Parameters                       41

Loglikelihood

          H0 Value                      -55340.579
          H0 Scaling Correction Factor      1.2466
            for MLR

Information Criteria

          Akaike (AIC)                  110763.159
          Bayesian (BIC)                111014.828
          Sample-Size Adjusted BIC      110884.552
            (n* = (n + 2) / 24)



FINAL CLASS COUNTS AND PROPORTIONS FOR THE LATENT CLASSES
BASED ON THE ESTIMATED MODEL

    Latent
   Classes

       1        571.24626          0.16688
       2        270.24744          0.07895
       3       2581.50630          0.75416


FINAL CLASS COUNTS AND PROPORTIONS FOR THE LATENT CLASSES
BASED ON ESTIMATED POSTERIOR PROBABILITIES

    Latent
   Classes

       1        571.24626          0.16688
       2        270.24744          0.07895
       3       2581.50630          0.75416


FINAL CLASS COUNTS AND PROPORTIONS FOR THE LATENT CLASSES
BASED ON THEIR MOST LIKELY LATENT CLASS MEMBERSHIP

Class Counts and Proportions

    Latent
   Classes

       1              535          0.15630
       2              247          0.07216
       3             2641          0.77155


CLASSIFICATION QUALITY

     Entropy                         0.834


           Univariate Entropy
              NARAACC       NARACOMP      WOLDCOMP      COMBACC       F8AGE
              ________      ________      ________      ________      ________
                0.521         0.498         0.363         0.616         0.558


           Univariate Entropy
              F9AGE
              ________
                0.428


Average Latent Class Probabilities for Most Likely Latent Class Membership (Row)
by Latent Class (Column)

           1        2        3

    1   0.843    0.016    0.141
    2   0.008    0.923    0.069
    3   0.045    0.013    0.942


Classification Probabilities for the Most Likely Latent Class Membership (Column)
by Latent Class (Row)

           1        2        3

    1   0.789    0.003    0.207
    2   0.032    0.843    0.125
    3   0.029    0.007    0.964


Logits for the Classification Probabilities for the Most Likely Latent Class Membership (Column)
by Latent Class (Row)

              1        2        3

    1      1.336   -4.101    0.000
    2     -1.364    1.911    0.000
    3     -3.494   -4.980    0.000


MODEL RESULTS

                                                    Two-Tailed
                    Estimate       S.E.  Est./S.E.    P-Value

Latent Class 1

 G        BY
    COMBACC            2.462      0.071     34.807      0.000
    NARAACC           16.859      0.246     68.467      0.000
    NARACOMP           5.077      0.112     45.478      0.000
    WOLDCOMP           0.546      0.038     14.480      0.000

 COMBACC    ON
    F9AGE              0.009      0.021      0.421      0.674

 NARAACC    ON
    F9AGE              0.266      0.095      2.818      0.005

 NARACOMP   ON
    F9AGE              0.126      0.035      3.617      0.000

 WOLDCOMP   ON
    F8AGE              0.026      0.016      1.660      0.097

 F8AGE    WITH
    G                  0.000      0.000    999.000    999.000

 F9AGE    WITH
    G                  0.000      0.000    999.000    999.000

 NARACOMP WITH
    WOLDCOMP           2.794      0.166     16.845      0.000

 F9AGE    WITH
    F8AGE              0.426      0.190      2.237      0.025

 Means
    F8AGE            103.141      0.114    906.991      0.000
    F9AGE            118.345      0.203    583.006      0.000
    G                  0.000      0.000    999.000    999.000

 Intercepts
    NARAACC            8.197     11.381      0.720      0.471
    NARACOMP           0.925      4.182      0.221      0.825
    WOLDCOMP           4.083      1.631      2.503      0.012
    COMBACC            4.462      2.570      1.736      0.083

 Variances
    F8AGE              4.340      0.185     23.460      0.000
    F9AGE             14.627      0.592     24.699      0.000
    G                  1.000      0.000    999.000    999.000

 Residual Variances
    NARAACC            0.000      0.000    999.000    999.000
    NARACOMP           9.185      0.646     14.221      0.000
    WOLDCOMP           3.803      0.248     15.341      0.000
    COMBACC            3.591      0.333     10.796      0.000

Latent Class 2

 G        BY
    COMBACC            2.462      0.071     34.807      0.000
    NARAACC           16.859      0.246     68.467      0.000
    NARACOMP           5.077      0.112     45.478      0.000
    WOLDCOMP           0.546      0.038     14.480      0.000

 COMBACC    ON
    F9AGE              0.009      0.021      0.421      0.674

 NARAACC    ON
    F9AGE              0.266      0.095      2.818      0.005

 NARACOMP   ON
    F9AGE              0.126      0.035      3.617      0.000

 WOLDCOMP   ON
    F8AGE              0.026      0.016      1.660      0.097

 F8AGE    WITH
    G                  0.000      0.000    999.000    999.000

 F9AGE    WITH
    G                  0.000      0.000    999.000    999.000

 NARACOMP WITH
    WOLDCOMP           2.794      0.166     16.845      0.000

 F9AGE    WITH
    F8AGE              0.426      0.190      2.237      0.025

 Means
    F8AGE            115.033      0.382    301.154      0.000
    F9AGE            123.447      0.481    256.560      0.000
    G                  0.000      0.000    999.000    999.000

 Intercepts
    NARAACC           33.335     11.777      2.831      0.005
    NARACOMP           9.005      4.330      2.080      0.038
    WOLDCOMP           4.971      1.821      2.730      0.006
    COMBACC           11.678      2.641      4.422      0.000

 Variances
    F8AGE              4.340      0.185     23.460      0.000
    F9AGE             14.627      0.592     24.699      0.000
    G                  1.000      0.000    999.000    999.000

 Residual Variances
    NARAACC            0.000      0.000    999.000    999.000
    NARACOMP          18.515      1.823     10.154      0.000
    WOLDCOMP           2.975      0.317      9.380      0.000
    COMBACC            7.567      0.751     10.081      0.000

Latent Class 3

 G        BY
    COMBACC            2.462      0.071     34.807      0.000
    NARAACC           16.859      0.246     68.467      0.000
    NARACOMP           5.077      0.112     45.478      0.000
    WOLDCOMP           0.546      0.038     14.480      0.000

 COMBACC    ON
    F9AGE              0.009      0.021      0.421      0.674

 NARAACC    ON
    F9AGE              0.266      0.095      2.818      0.005

 NARACOMP   ON
    F9AGE              0.126      0.035      3.617      0.000

 WOLDCOMP   ON
    F8AGE              0.026      0.016      1.660      0.097

 F8AGE    WITH
    G                  0.000      0.000    999.000    999.000

 F9AGE    WITH
    G                  0.000      0.000    999.000    999.000

 NARACOMP WITH
    WOLDCOMP           2.794      0.166     16.845      0.000

 F9AGE    WITH
    F8AGE              0.426      0.190      2.237      0.025

 Means
    F8AGE            102.820      0.045   2286.984      0.000
    F9AGE            118.287      0.081   1452.602      0.000
    G                  0.000      0.000    999.000    999.000

 Intercepts
    NARAACC           40.095     11.215      3.575      0.000
    NARACOMP          12.146      4.123      2.946      0.003
    WOLDCOMP           4.818      1.624      2.967      0.003
    COMBACC           13.116      2.527      5.191      0.000

 Variances
    F8AGE              4.340      0.185     23.460      0.000
    F9AGE             14.627      0.592     24.699      0.000
    G                  1.000      0.000    999.000    999.000

 Residual Variances
    NARAACC            0.000      0.000    999.000    999.000
    NARACOMP          21.478      0.756     28.402      0.000
    WOLDCOMP           3.345      0.108     30.999      0.000
    COMBACC            5.295      0.232     22.796      0.000

Categorical Latent Variables

 Means
    C#1               -1.508      0.110    -13.730      0.000
    C#2               -2.257      0.073    -31.085      0.000


STANDARDIZED MODEL RESULTS


STDYX Standardization

                                                    Two-Tailed
                    Estimate       S.E.  Est./S.E.    P-Value

Latent Class 1

 G        BY
    COMBACC            0.792      0.019     42.188      0.000
    NARAACC            0.998      0.001    773.816      0.000
    NARACOMP           0.856      0.010     88.484      0.000
    WOLDCOMP           0.269      0.018     14.646      0.000

 COMBACC    ON
    F9AGE              0.011      0.026      0.421      0.674

 NARAACC    ON
    F9AGE              0.060      0.021      2.826      0.005

 NARACOMP   ON
    F9AGE              0.081      0.022      3.636      0.000

 WOLDCOMP   ON
    F8AGE              0.027      0.016      1.658      0.097

 F8AGE    WITH
    G                  0.000      0.000    999.000    999.000

 F9AGE    WITH
    G                  0.000      0.000    999.000    999.000

 NARACOMP WITH
    WOLDCOMP           0.473      0.023     20.439      0.000

 F9AGE    WITH
    F8AGE              0.053      0.024      2.254      0.024

 Means
    F8AGE             49.510      1.047     47.287      0.000
    F9AGE             30.944      0.615     50.319      0.000
    G                  0.000      0.000    999.000    999.000

 Intercepts
    NARAACC            0.485      0.674      0.720      0.472
    NARACOMP           0.156      0.705      0.221      0.825
    WOLDCOMP           2.016      0.812      2.481      0.013
    COMBACC            1.436      0.830      1.730      0.084

 Variances
    F8AGE              1.000      0.000    999.000    999.000
    F9AGE              1.000      0.000    999.000    999.000
    G                  1.000      0.000    999.000    999.000

 Residual Variances
    NARAACC            0.000    999.000    999.000    999.000
    NARACOMP           0.261      0.016     15.998      0.000
    WOLDCOMP           0.927      0.010     93.118      0.000
    COMBACC            0.372      0.030     12.481      0.000

Latent Class 2

 G        BY
    COMBACC            0.667      0.022     30.529      0.000
    NARAACC            0.998      0.001    773.816      0.000
    NARACOMP           0.761      0.018     42.235      0.000
    WOLDCOMP           0.301      0.024     12.647      0.000

 COMBACC    ON
    F9AGE              0.009      0.022      0.421      0.674

 NARAACC    ON
    F9AGE              0.060      0.021      2.826      0.005

 NARACOMP   ON
    F9AGE              0.072      0.020      3.627      0.000

 WOLDCOMP   ON
    F8AGE              0.030      0.018      1.653      0.098

 F8AGE    WITH
    G                  0.000      0.000    999.000    999.000

 F9AGE    WITH
    G                  0.000      0.000    999.000    999.000

 NARACOMP WITH
    WOLDCOMP           0.376      0.032     11.710      0.000

 F9AGE    WITH
    F8AGE              0.053      0.024      2.254      0.024

 Means
    F8AGE             55.219      1.100     50.198      0.000
    F9AGE             32.278      0.684     47.219      0.000
    G                  0.000      0.000    999.000    999.000

 Intercepts
    NARAACC            1.974      0.701      2.816      0.005
    NARACOMP           1.349      0.651      2.073      0.038
    WOLDCOMP           2.746      1.020      2.692      0.007
    COMBACC            3.163      0.732      4.321      0.000

 Variances
    F8AGE              1.000      0.000    999.000    999.000
    F9AGE              1.000      0.000    999.000    999.000
    G                  1.000      0.000    999.000    999.000

 Residual Variances
    NARAACC            0.000    999.000    999.000    999.000
    NARACOMP           0.416      0.027     15.122      0.000
    WOLDCOMP           0.908      0.014     62.789      0.000
    COMBACC            0.555      0.029     19.046      0.000

Latent Class 3

 G        BY
    COMBACC            0.730      0.011     68.521      0.000
    NARAACC            0.998      0.001    773.816      0.000
    NARACOMP           0.737      0.010     73.972      0.000
    WOLDCOMP           0.286      0.019     15.388      0.000

 COMBACC    ON
    F9AGE              0.010      0.024      0.421      0.673

 NARAACC    ON
    F9AGE              0.060      0.021      2.826      0.005

 NARACOMP   ON
    F9AGE              0.070      0.019      3.623      0.000

 WOLDCOMP   ON
    F8AGE              0.029      0.017      1.655      0.098

 F8AGE    WITH
    G                  0.000      0.000    999.000    999.000

 F9AGE    WITH
    G                  0.000      0.000    999.000    999.000

 NARACOMP WITH
    WOLDCOMP           0.330      0.018     18.569      0.000

 F9AGE    WITH
    F8AGE              0.053      0.024      2.254      0.024

 Means
    F8AGE             49.356      1.042     47.363      0.000
    F9AGE             30.929      0.615     50.320      0.000
    G                  0.000      0.000    999.000    999.000

 Intercepts
    NARAACC            2.374      0.668      3.553      0.000
    NARACOMP           1.762      0.600      2.939      0.003
    WOLDCOMP           2.524      0.852      2.960      0.003
    COMBACC            3.892      0.770      5.052      0.000

 Variances
    F8AGE              1.000      0.000    999.000    999.000
    F9AGE              1.000      0.000    999.000    999.000
    G                  1.000      0.000    999.000    999.000

 Residual Variances
    NARAACC            0.000    999.000    999.000    999.000
    NARACOMP           0.452      0.015     30.694      0.000
    WOLDCOMP           0.918      0.011     85.910      0.000
    COMBACC            0.466      0.016     29.930      0.000


R-SQUARE

Class 1

    Observed                                        Two-Tailed
    Variable        Estimate       S.E.  Est./S.E.    P-Value

    NARAACC            1.000    999.000    999.000    999.000
    NARACOMP           0.739      0.016     45.306      0.000
    WOLDCOMP           0.073      0.010      7.359      0.000
    COMBACC            0.628      0.030     21.064      0.000

Class 2

    Observed                                        Two-Tailed
    Variable        Estimate       S.E.  Est./S.E.    P-Value

    NARAACC            1.000    999.000    999.000    999.000
    NARACOMP           0.584      0.027     21.245      0.000
    WOLDCOMP           0.092      0.014      6.343      0.000
    COMBACC            0.445      0.029     15.254      0.000

Class 3

    Observed                                        Two-Tailed
    Variable        Estimate       S.E.  Est./S.E.    P-Value

    NARAACC            1.000    999.000    999.000    999.000
    NARACOMP           0.548      0.015     37.174      0.000
    WOLDCOMP           0.082      0.011      7.720      0.000
    COMBACC            0.534      0.016     34.255      0.000


QUALITY OF NUMERICAL RESULTS

     Condition Number for the Information Matrix              0.426E-08
       (ratio of smallest to largest eigenvalue)


CONFIDENCE INTERVALS OF MODEL RESULTS

                  Lower .5%  Lower 2.5%    Lower 5%    Estimate    Upper 5%  Upper 2.5%   Upper .5%

Latent Class 1

 G        BY
    COMBACC          2.279       2.323       2.345       2.462       2.578       2.600       2.644
    NARAACC         16.225      16.376      16.454      16.859      17.264      17.342      17.493
    NARACOMP         4.790       4.859       4.894       5.077       5.261       5.296       5.365
    WOLDCOMP         0.448       0.472       0.484       0.546       0.607       0.619       0.643

 COMBACC  ON
    F9AGE           -0.046      -0.033      -0.026       0.009       0.044       0.050       0.063

 NARAACC  ON
    F9AGE            0.023       0.081       0.111       0.266       0.422       0.452       0.510

 NARACOMP ON
    F9AGE            0.036       0.058       0.069       0.126       0.183       0.194       0.216

 WOLDCOMP ON
    F8AGE           -0.014      -0.005       0.000       0.026       0.052       0.057       0.067

 F8AGE    WITH
    G                0.000       0.000       0.000       0.000       0.000       0.000       0.000

 F9AGE    WITH
    G                0.000       0.000       0.000       0.000       0.000       0.000       0.000

 NARACOMP WITH
    WOLDCOMP         2.367       2.469       2.521       2.794       3.067       3.119       3.221

 F9AGE    WITH
    F8AGE           -0.064       0.053       0.113       0.426       0.739       0.799       0.916

 Means
    F8AGE          102.848     102.918     102.954     103.141     103.328     103.364     103.434
    F9AGE          117.822     117.947     118.011     118.345     118.679     118.743     118.868
    G                0.000       0.000       0.000       0.000       0.000       0.000       0.000

 Intercepts
    NARAACC        -21.117     -14.109     -10.524       8.197      26.919      30.503      37.512
    NARACOMP        -9.848      -7.272      -5.955       0.925       7.805       9.122      11.697
    WOLDCOMP        -0.119       0.886       1.400       4.083       6.767       7.280       8.285
    COMBACC         -2.158      -0.576       0.234       4.462       8.689       9.499      11.082

 Variances
    F8AGE            3.863       3.977       4.036       4.340       4.644       4.702       4.816
    F9AGE           13.102      13.466      13.653      14.627      15.601      15.788      16.152
    G                1.000       1.000       1.000       1.000       1.000       1.000       1.000

 Residual Variances
    NARAACC          0.000       0.000       0.000       0.000       0.000       0.000       0.000
    NARACOMP         7.521       7.919       8.122       9.185      10.247      10.451      10.849
    WOLDCOMP         3.165       3.317       3.395       3.803       4.211       4.289       4.442
    COMBACC          2.734       2.939       3.044       3.591       4.138       4.243       4.448

Latent Class 2

 G        BY
    COMBACC          2.279       2.323       2.345       2.462       2.578       2.600       2.644
    NARAACC         16.225      16.376      16.454      16.859      17.264      17.342      17.493
    NARACOMP         4.790       4.859       4.894       5.077       5.261       5.296       5.365
    WOLDCOMP         0.448       0.472       0.484       0.546       0.607       0.619       0.643

 COMBACC  ON
    F9AGE           -0.046      -0.033      -0.026       0.009       0.044       0.050       0.063

 NARAACC  ON
    F9AGE            0.023       0.081       0.111       0.266       0.422       0.452       0.510

 NARACOMP ON
    F9AGE            0.036       0.058       0.069       0.126       0.183       0.194       0.216

 WOLDCOMP ON
    F8AGE           -0.014      -0.005       0.000       0.026       0.052       0.057       0.067

 F8AGE    WITH
    G                0.000       0.000       0.000       0.000       0.000       0.000       0.000

 F9AGE    WITH
    G                0.000       0.000       0.000       0.000       0.000       0.000       0.000

 NARACOMP WITH
    WOLDCOMP         2.367       2.469       2.521       2.794       3.067       3.119       3.221

 F9AGE    WITH
    F8AGE           -0.064       0.053       0.113       0.426       0.739       0.799       0.916

 Means
    F8AGE          114.049     114.284     114.404     115.033     115.661     115.781     116.017
    F9AGE          122.207     122.504     122.655     123.447     124.238     124.390     124.686
    G                0.000       0.000       0.000       0.000       0.000       0.000       0.000

 Intercepts
    NARAACC          3.000      10.252      13.962      33.335      52.708      56.417      63.669
    NARACOMP        -2.149       0.518       1.882       9.005      16.128      17.492      20.158
    WOLDCOMP         0.280       1.402       1.975       4.971       7.966       8.540       9.661
    COMBACC          4.875       6.501       7.333      11.678      16.023      16.854      18.481

 Variances
    F8AGE            3.863       3.977       4.036       4.340       4.644       4.702       4.816
    F9AGE           13.102      13.466      13.653      14.627      15.601      15.788      16.152
    G                1.000       1.000       1.000       1.000       1.000       1.000       1.000

 Residual Variances
    NARAACC          0.000       0.000       0.000       0.000       0.000       0.000       0.000
    NARACOMP        13.818      14.941      15.515      18.515      21.514      22.088      23.211
    WOLDCOMP         2.158       2.353       2.453       2.975       3.497       3.597       3.792
    COMBACC          5.634       6.096       6.332       7.567       8.802       9.038       9.500

Latent Class 3

 G        BY
    COMBACC          2.279       2.323       2.345       2.462       2.578       2.600       2.644
    NARAACC         16.225      16.376      16.454      16.859      17.264      17.342      17.493
    NARACOMP         4.790       4.859       4.894       5.077       5.261       5.296       5.365
    WOLDCOMP         0.448       0.472       0.484       0.546       0.607       0.619       0.643

 COMBACC  ON
    F9AGE           -0.046      -0.033      -0.026       0.009       0.044       0.050       0.063

 NARAACC  ON
    F9AGE            0.023       0.081       0.111       0.266       0.422       0.452       0.510

 NARACOMP ON
    F9AGE            0.036       0.058       0.069       0.126       0.183       0.194       0.216

 WOLDCOMP ON
    F8AGE           -0.014      -0.005       0.000       0.026       0.052       0.057       0.067

 F8AGE    WITH
    G                0.000       0.000       0.000       0.000       0.000       0.000       0.000

 F9AGE    WITH
    G                0.000       0.000       0.000       0.000       0.000       0.000       0.000

 NARACOMP WITH
    WOLDCOMP         2.367       2.469       2.521       2.794       3.067       3.119       3.221

 F9AGE    WITH
    F8AGE           -0.064       0.053       0.113       0.426       0.739       0.799       0.916

 Means
    F8AGE          102.704     102.732     102.746     102.820     102.894     102.908     102.936
    F9AGE          118.078     118.128     118.154     118.287     118.421     118.447     118.497
    G                0.000       0.000       0.000       0.000       0.000       0.000       0.000

 Intercepts
    NARAACC         11.208      18.114      21.647      40.095      58.543      62.076      68.982
    NARACOMP         1.527       4.066       5.364      12.146      18.928      20.226      22.765
    WOLDCOMP         0.635       1.635       2.146       4.818       7.490       8.002       9.002
    COMBACC          6.607       8.163       8.959      13.116      17.273      18.069      19.625

 Variances
    F8AGE            3.863       3.977       4.036       4.340       4.644       4.702       4.816
    F9AGE           13.102      13.466      13.653      14.627      15.601      15.788      16.152
    G                1.000       1.000       1.000       1.000       1.000       1.000       1.000

 Residual Variances
    NARAACC          0.000       0.000       0.000       0.000       0.000       0.000       0.000
    NARACOMP        19.530      19.996      20.234      21.478      22.722      22.960      23.426
    WOLDCOMP         3.067       3.133       3.167       3.345       3.522       3.556       3.623
    COMBACC          4.697       4.840       4.913       5.295       5.677       5.750       5.893

Categorical Latent Variables

 Means
    C#1             -1.791      -1.724      -1.689      -1.508      -1.328      -1.293      -1.225
    C#2             -2.444      -2.399      -2.376      -2.257      -2.137      -2.114      -2.070


CONFIDENCE INTERVALS OF STANDARDIZED MODEL RESULTS


STDYX Standardization

                  Lower .5%  Lower 2.5%    Lower 5%    Estimate    Upper 5%  Upper 2.5%   Upper .5%

Latent Class 1

 G        BY
    COMBACC          0.744       0.756       0.761       0.792       0.823       0.829       0.841
    NARAACC          0.995       0.996       0.996       0.998       1.000       1.001       1.002
    NARACOMP         0.831       0.837       0.840       0.856       0.872       0.875       0.881
    WOLDCOMP         0.222       0.233       0.239       0.269       0.300       0.305       0.317

 COMBACC  ON
    F9AGE           -0.056      -0.040      -0.032       0.011       0.054       0.062       0.078

 NARAACC  ON
    F9AGE            0.005       0.018       0.025       0.060       0.095       0.102       0.115

 NARACOMP ON
    F9AGE            0.024       0.037       0.044       0.081       0.118       0.125       0.139

 WOLDCOMP ON
    F8AGE           -0.015      -0.005       0.000       0.027       0.054       0.059       0.069

 F8AGE    WITH
    G                0.000       0.000       0.000       0.000       0.000       0.000       0.000

 F9AGE    WITH
    G                0.000       0.000       0.000       0.000       0.000       0.000       0.000

 NARACOMP WITH
    WOLDCOMP         0.413       0.427       0.435       0.473       0.511       0.518       0.532

 F9AGE    WITH
    F8AGE           -0.008       0.007       0.014       0.053       0.092       0.100       0.115

 Means
    F8AGE           46.813      47.458      47.788      49.510      51.233      51.563      52.207
    F9AGE           29.360      29.738      29.932      30.944      31.955      32.149      32.528
    G                0.000       0.000       0.000       0.000       0.000       0.000       0.000

 Intercepts
    NARAACC         -1.252      -0.837      -0.624       0.485       1.595       1.807       2.223
    NARACOMP        -1.660      -1.226      -1.004       0.156       1.316       1.538       1.972
    WOLDCOMP        -0.077       0.423       0.679       2.016       3.352       3.608       4.108
    COMBACC         -0.702      -0.191       0.071       1.436       2.802       3.063       3.574

 Variances
    F8AGE            1.000       1.000       1.000       1.000       1.000       1.000       1.000
    F9AGE            1.000       1.000       1.000       1.000       1.000       1.000       1.000
    G                1.000       1.000       1.000       1.000       1.000       1.000       1.000

 Residual Variances
    NARAACC        999.000     999.000     999.000       0.000     999.000     999.000     999.000
    NARACOMP         0.219       0.229       0.234       0.261       0.288       0.293       0.303
    WOLDCOMP         0.901       0.907       0.910       0.927       0.943       0.946       0.952
    COMBACC          0.295       0.314       0.323       0.372       0.421       0.430       0.449

Latent Class 2

 G        BY
    COMBACC          0.611       0.624       0.631       0.667       0.703       0.710       0.723
    NARAACC          0.995       0.996       0.996       0.998       1.000       1.001       1.002
    NARACOMP         0.715       0.726       0.731       0.761       0.791       0.796       0.807
    WOLDCOMP         0.240       0.255       0.262       0.301       0.341       0.348       0.363

 COMBACC  ON
    F9AGE           -0.047      -0.034      -0.027       0.009       0.045       0.052       0.066

 NARAACC  ON
    F9AGE            0.005       0.018       0.025       0.060       0.095       0.102       0.115

 NARACOMP ON
    F9AGE            0.021       0.033       0.039       0.072       0.105       0.111       0.123

 WOLDCOMP ON
    F8AGE           -0.017      -0.006       0.000       0.030       0.060       0.066       0.077

 F8AGE    WITH
    G                0.000       0.000       0.000       0.000       0.000       0.000       0.000

 F9AGE    WITH
    G                0.000       0.000       0.000       0.000       0.000       0.000       0.000

 NARACOMP WITH
    WOLDCOMP         0.294       0.313       0.324       0.376       0.429       0.439       0.459

 F9AGE    WITH
    F8AGE           -0.008       0.007       0.014       0.053       0.092       0.100       0.115

 Means
    F8AGE           52.385      53.063      53.409      55.219      57.028      57.375      58.052
    F9AGE           30.517      30.938      31.153      32.278      33.402      33.617      34.038
    G                0.000       0.000       0.000       0.000       0.000       0.000       0.000

 Intercepts
    NARAACC          0.169       0.600       0.821       1.974       3.126       3.347       3.779
    NARACOMP        -0.328       0.073       0.278       1.349       2.420       2.626       3.026
    WOLDCOMP         0.119       0.747       1.068       2.746       4.424       4.746       5.374
    COMBACC          1.278       1.729       1.959       3.163       4.368       4.598       5.049

 Variances
    F8AGE            1.000       1.000       1.000       1.000       1.000       1.000       1.000
    F9AGE            1.000       1.000       1.000       1.000       1.000       1.000       1.000
    G                1.000       1.000       1.000       1.000       1.000       1.000       1.000

 Residual Variances
    NARAACC        999.000     999.000     999.000       0.000     999.000     999.000     999.000
    NARACOMP         0.345       0.362       0.371       0.416       0.461       0.470       0.487
    WOLDCOMP         0.871       0.880       0.884       0.908       0.932       0.937       0.946
    COMBACC          0.480       0.498       0.507       0.555       0.603       0.612       0.630

Latent Class 3

 G        BY
    COMBACC          0.703       0.710       0.713       0.730       0.748       0.751       0.758
    NARAACC          0.995       0.996       0.996       0.998       1.000       1.001       1.002
    NARACOMP         0.711       0.717       0.720       0.737       0.753       0.756       0.762
    WOLDCOMP         0.238       0.249       0.255       0.286       0.316       0.322       0.334

 COMBACC  ON
    F9AGE           -0.052      -0.037      -0.029       0.010       0.050       0.057       0.072

 NARAACC  ON
    F9AGE            0.005       0.018       0.025       0.060       0.095       0.102       0.115

 NARACOMP ON
    F9AGE            0.020       0.032       0.038       0.070       0.102       0.108       0.120

 WOLDCOMP ON
    F8AGE           -0.016      -0.005       0.000       0.029       0.057       0.063       0.073

 F8AGE    WITH
    G                0.000       0.000       0.000       0.000       0.000       0.000       0.000

 F9AGE    WITH
    G                0.000       0.000       0.000       0.000       0.000       0.000       0.000

 NARACOMP WITH
    WOLDCOMP         0.284       0.295       0.300       0.330       0.359       0.364       0.375

 F9AGE    WITH
    F8AGE           -0.008       0.007       0.014       0.053       0.092       0.100       0.115

 Means
    F8AGE           46.672      47.314      47.642      49.356      51.071      51.399      52.041
    F9AGE           29.345      29.724      29.918      30.929      31.940      32.133      32.512
    G                0.000       0.000       0.000       0.000       0.000       0.000       0.000

 Intercepts
    NARAACC          0.653       1.064       1.275       2.374       3.473       3.684       4.095
    NARACOMP         0.218       0.587       0.776       1.762       2.749       2.938       3.307
    WOLDCOMP         0.328       0.853       1.121       2.524       3.926       4.194       4.719
    COMBACC          1.908       2.382       2.625       3.892       5.159       5.402       5.877

 Variances
    F8AGE            1.000       1.000       1.000       1.000       1.000       1.000       1.000
    F9AGE            1.000       1.000       1.000       1.000       1.000       1.000       1.000
    G                1.000       1.000       1.000       1.000       1.000       1.000       1.000

 Residual Variances
    NARAACC        999.000     999.000     999.000       0.000     999.000     999.000     999.000
    NARACOMP         0.414       0.423       0.428       0.452       0.477       0.481       0.490
    WOLDCOMP         0.890       0.897       0.900       0.918       0.935       0.938       0.945
    COMBACC          0.426       0.436       0.441       0.466       0.492       0.497       0.506


TECHNICAL 7 OUTPUT


     SAMPLE STATISTICS WEIGHTED BY ESTIMATED CLASS PROBABILITIES FOR CLASS 1


           Means
              NARAACC       NARACOMP      WOLDCOMP      COMBACC       F8AGE
              ________      ________      ________      ________      ________
               39.725        15.822         6.824         5.555       103.130


           Means
              F9AGE
              ________
              118.345


           Covariances
              NARAACC       NARACOMP      WOLDCOMP      COMBACC       F8AGE
              ________      ________      ________      ________      ________
 NARAACC      255.268
 NARACOMP      84.587        36.009
 WOLDCOMP      12.382         5.909         3.527
 COMBACC       41.063        14.052         2.248         9.776
 F8AGE         80.971        24.326        -0.049        12.109         4.270
 F9AGE         -5.245        -1.382        -3.083        -1.141       -37.652


           Covariances
              F9AGE
              ________
 F9AGE         14.023


     SAMPLE STATISTICS WEIGHTED BY ESTIMATED CLASS PROBABILITIES FOR CLASS 2


           Means
              NARAACC       NARACOMP      WOLDCOMP      COMBACC       F8AGE
              ________      ________      ________      ________      ________
               66.221        24.544         8.045        12.829       114.985


           Means
              F9AGE
              ________
              123.447


           Covariances
              NARAACC       NARACOMP      WOLDCOMP      COMBACC       F8AGE
              ________      ________      ________      ________      ________
 NARAACC      444.042
 NARACOMP     136.298        61.239
 WOLDCOMP      24.587        11.446         3.843
 COMBACC       79.183        25.864         4.565        20.181
 F8AGE          7.736        -0.247        -1.761         3.385        14.138
 F9AGE         -1.261         0.890       -14.673         0.146      -185.334


           Covariances
              F9AGE
              ________
 F9AGE         34.152


     SAMPLE STATISTICS WEIGHTED BY ESTIMATED CLASS PROBABILITIES FOR CLASS 3


           Means
              NARAACC       NARACOMP      WOLDCOMP      COMBACC       F8AGE
              ________      ________      ________      ________      ________
               71.607        27.036         7.548        14.173       102.815


           Means
              F9AGE
              ________
              118.287


           Covariances
              NARAACC       NARACOMP      WOLDCOMP      COMBACC       F8AGE
              ________      ________      ________      ________      ________
 NARAACC      274.509
 NARACOMP      77.459        43.630
 WOLDCOMP      10.017         7.170         3.688
 COMBACC       38.472        10.674         1.297        10.619
 F8AGE         19.664        24.184         0.126         1.909         3.510
 F9AGE          5.012         1.815        -1.679         0.217       -17.646


           Covariances
              F9AGE
              ________
 F9AGE         12.717


TECHNICAL 11 OUTPUT

     Random Starts Specifications for the k-1 Class Analysis Model
        Number of initial stage random starts                  20
        Number of final stage optimizations                     4



     VUONG-LO-MENDELL-RUBIN LIKELIHOOD RATIO TEST FOR 2 (H0) VERSUS 3 CLASSES

          H0 Loglikelihood Value                       -55572.400
          2 Times the Loglikelihood Difference            463.641
          Difference in the Number of Parameters               10
          Mean                                             13.142
          Standard Deviation                               11.883
          P-Value                                          0.0000

     LO-MENDELL-RUBIN ADJUSTED LRT TEST

          Value                                           458.013
          P-Value                                          0.0000


TECHNICAL 14 OUTPUT

     Random Starts Specifications for the k-1 Class Analysis Model
        Number of initial stage random starts                  20
        Number of final stage optimizations                     4

     Random Starts Specification for the k-1 Class Model for Generated Data
        Number of initial stage random starts                   0
        Number of final stage optimizations for the
           initial stage random starts                          0
     Random Starts Specification for the k Class Model for Generated Data
        Number of initial stage random starts                 100
        Number of final stage optimizations                    20
     Number of bootstrap draws requested                   Varies


     PARAMETRIC BOOTSTRAPPED LIKELIHOOD RATIO TEST FOR 2 (H0) VERSUS 3 CLASSES

          H0 Loglikelihood Value                       -55572.400
          2 Times the Loglikelihood Difference            463.641
          Difference in the Number of Parameters               10
          Approximate P-Value                              0.0000
          Successful Bootstrap Draws                            5

     WARNING:  OF THE 5 BOOTSTRAP DRAWS, 3 DRAWS HAD BOTH A SMALLER LRT VALUE THAN THE
     OBSERVED LRT VALUE AND NOT A REPLICATED BEST LOGLIKELIHOOD VALUE FOR THE 3-CLASS MODEL.
     THIS MEANS THAT THE P-VALUE MAY NOT BE TRUSTWORTHY DUE TO LOCAL MAXIMA.
     INCREASE THE NUMBER OF RANDOM STARTS USING THE LRTSTARTS OPTION.



SAMPLE STATISTICS FOR ESTIMATED FACTOR SCORES


     SAMPLE STATISTICS


           Means
              G             C_G
              ________      ________
                0.000        -0.023


           Covariances
              G             C_G
              ________      ________
 G              0.847
 C_G            0.862         0.936


           Correlations
              G             C_G
              ________      ________
 G              1.000
 C_G            0.969         1.000


PLOT INFORMATION

The following plots are available:

  Histograms (sample values, estimated factor scores, estimated values, residuals)
  Scatterplots (sample values, estimated factor scores, estimated values, residuals)
  Latent variable distribution plots
  Estimated overall and class-specific distributions

SAVEDATA INFORMATION


  Save file
    sv_fmm3_3class.dat

  Order and format of variables

    NARAACC        F10.3
    NARACOMP       F10.3
    WOLDCOMP       F10.3
    COMBACC        F10.3
    F8AGE          F10.3
    F9AGE          F10.3
    G              F10.3
    C_G            F10.3
    CPROB1         F10.3
    CPROB2         F10.3
    CPROB3         F10.3
    C              F10.3
    CIDB3153       I6

  Save file format
    12F10.3 I6

  Save file record length    10000

  Save missing symbol        *


     Beginning Time:  13:14:53
        Ending Time:  13:15:04
       Elapsed Time:  00:00:11



MUTHEN & MUTHEN
3463 Stoner Ave.
Los Angeles, CA  90066

Tel: (310) 391-9971
Fax: (310) 391-8971
Web: www.StatModel.com
Support: Support@StatModel.com

Copyright (c) 1998-2020 Muthen & Muthen
