Mplus VERSION 8.5
MUTHEN & MUTHEN
10/12/2021   9:24 AM

INPUT INSTRUCTIONS

  TITLE:
   Model 4 (LPA and G covariate): 6 classes;
  DATA:
  FILE = "mplus_models/simpview/shapeB/lpa4_1class_c470bf1e811197d233eaf6a07887104a.dat";

  VARIABLE:
  NAMES = NARACOMP NARAACC COMBACC WOLDCOMP F8AGE F9AGE G CIDB3153;
   MISSING=.;
    idvariable = cidb3153; classes = c(6);
  ANALYSIS:
   estimator = mlr; type = mixture;
                                                     starts = 0; stscale = 5;
                                                     optseed = 887676;
                                                     processors = 4(starts);
                                                     lrtbootstrap = 500;
                                                     lrtstarts = 0 0 0 0;
  MODEL:
  %OVERALL%
             f8age; f9age;
             combAcc naraAcc naraComp on f9age;
             woldcomp on f8age;

    naraComp naraAcc combAcc woldComp;

    [naraComp naraAcc combAcc woldComp];
                combAcc naraAcc naraComp woldComp ON G;

    naraComp with naraAcc@0;
    naraComp with combAcc@0;
    naraComp with woldComp@0;
    naraAcc with combAcc@0;
    naraAcc with woldComp@0;
    combAcc with woldComp@0;
   %c#1%

    naraComp naraAcc combAcc woldComp;
    [naraComp naraAcc combAcc woldComp];
   %c#2%

    naraComp naraAcc combAcc woldComp;
    [naraComp naraAcc combAcc woldComp];
   %c#3%

    naraComp naraAcc combAcc woldComp;
    [naraComp naraAcc combAcc woldComp];
   %c#4%

    naraComp naraAcc combAcc woldComp;
    [naraComp naraAcc combAcc woldComp];
   %c#5%

    naraComp naraAcc combAcc woldComp;
    [naraComp naraAcc combAcc woldComp];
   %c#6%

    naraComp naraAcc combAcc woldComp;
    [naraComp naraAcc combAcc woldComp];
  OUTPUT:
   TECH7 TECH11 TECH14 stdyx CINTERVAL ENTROPY;
  SAVEDATA:
   FILE IS sv_lpa4_6class.dat; SAVE = cprobabilities;
  PLOT:
  TYPE = PLOT3;



INPUT READING TERMINATED NORMALLY




Model 4 (LPA and G covariate): 6 classes;

SUMMARY OF ANALYSIS

Number of groups                                                 1
Number of observations                                        3423

Number of dependent variables                                    4
Number of independent variables                                  3
Number of continuous latent variables                            0
Number of categorical latent variables                           1

Observed dependent variables

  Continuous
   NARACOMP    NARAACC     COMBACC     WOLDCOMP

Observed independent variables
   F8AGE       F9AGE       G

Categorical latent variables
   C

Variables with special functions

  ID variable           CIDB3153

Estimator                                                      MLR
Information matrix                                        OBSERVED
Optimization Specifications for the Quasi-Newton Algorithm for
Continuous Outcomes
  Maximum number of iterations                                 100
  Convergence criterion                                  0.100D-05
Optimization Specifications for the EM Algorithm
  Maximum number of iterations                                 500
  Convergence criteria
    Loglikelihood change                                 0.100D-06
    Relative loglikelihood change                        0.100D-06
    Derivative                                           0.100D-05
Optimization Specifications for the M step of the EM Algorithm for
Categorical Latent variables
  Number of M step iterations                                    1
  M step convergence criterion                           0.100D-05
  Basis for M step termination                           ITERATION
Optimization Specifications for the M step of the EM Algorithm for
Censored, Binary or Ordered Categorical (Ordinal), Unordered
Categorical (Nominal) and Count Outcomes
  Number of M step iterations                                    1
  M step convergence criterion                           0.100D-05
  Basis for M step termination                           ITERATION
  Maximum value for logit thresholds                            15
  Minimum value for logit thresholds                           -15
  Minimum expected cell size for chi-square              0.100D-01
Maximum number of iterations for H1                           2000
Convergence criterion for H1                             0.100D-03
Optimization algorithm                                         EMA
Random Starts Specifications
  Random seed for analysis                                  887676

Input data file(s)
  mplus_models/simpview/shapeB/lpa4_1class_c470bf1e811197d233eaf6a07887104a.dat
Input data format  FREE


SUMMARY OF DATA

     Number of missing data patterns             6
     Number of y missing data patterns           6
     Number of u missing data patterns           0


COVARIANCE COVERAGE OF DATA

Minimum covariance coverage value   0.100


     PROPORTION OF DATA PRESENT FOR Y


           Covariance Coverage
              NARACOMP      NARAACC       COMBACC       WOLDCOMP      F8AGE
              ________      ________      ________      ________      ________
 NARACOMP       1.000
 NARAACC        1.000         1.000
 COMBACC        0.993         0.993         0.993
 WOLDCOMP       0.857         0.857         0.852         0.857
 F8AGE          0.864         0.864         0.858         0.857         0.864
 F9AGE          1.000         1.000         0.993         0.857         0.864
 G              1.000         1.000         0.993         0.857         0.864


           Covariance Coverage
              F9AGE         G
              ________      ________
 F9AGE          1.000
 G              1.000         1.000



UNIVARIATE SAMPLE STATISTICS


     UNIVARIATE HIGHER-ORDER MOMENT DESCRIPTIVE STATISTICS

         Variable/         Mean/     Skewness/   Minimum/ % with                Percentiles
        Sample Size      Variance    Kurtosis    Maximum  Min/Max      20%/60%    40%/80%    Median

     NARACOMP             24.968      -0.218       0.000    0.03%      18.000     23.000     25.000
            3423.000      60.947      -0.334      44.000    0.09%      27.000     32.000
     NARAACC              65.861      -0.452       0.000    0.15%      47.000     60.000     68.000
            3423.000     423.591      -0.549     100.000    0.23%      75.000     86.000
     COMBACC              12.644      -0.687       0.000    1.29%       9.000     12.000     13.000
            3399.000      21.304      -0.135      20.000    1.15%      15.000     17.000
     WOLDCOMP              7.465       0.044       2.000    0.65%       6.000      7.000      7.000
            2935.000       3.764       0.382      15.000    0.07%       8.000      9.000
     F8AGE               103.676       2.573      97.000    0.07%     102.000    102.000    103.000
            2958.000      13.489       7.992     127.000    0.03%     103.000    105.000
     F9AGE               118.704       1.459     106.000    0.03%     115.000    117.000    118.000
            3423.000      16.555       3.079     140.000    0.09%     119.000    121.000
     G                     0.000      -0.563     -15.171    0.03%      -3.457     -0.802      0.342
            3423.000      15.890      -0.147       7.348    0.03%       1.750      3.746


THE MODEL ESTIMATION TERMINATED NORMALLY



MODEL FIT INFORMATION

Number of Free Parameters                       76

Loglikelihood

          H0 Value                      -44161.679
          H0 Scaling Correction Factor      1.6833
            for MLR

Information Criteria

          Akaike (AIC)                   88475.359
          Bayesian (BIC)                 88941.867
          Sample-Size Adjusted BIC       88700.380
            (n* = (n + 2) / 24)



FINAL CLASS COUNTS AND PROPORTIONS FOR THE LATENT CLASSES
BASED ON THE ESTIMATED MODEL

    Latent
   Classes

       1        678.20294          0.19813
       2        792.58961          0.23155
       3        612.03791          0.17880
       4        521.39983          0.15232
       5        239.78294          0.07005
       6        578.98677          0.16915


FINAL CLASS COUNTS AND PROPORTIONS FOR THE LATENT CLASSES
BASED ON ESTIMATED POSTERIOR PROBABILITIES

    Latent
   Classes

       1        678.20294          0.19813
       2        792.58961          0.23155
       3        612.03791          0.17880
       4        521.39983          0.15232
       5        239.78294          0.07005
       6        578.98677          0.16915


FINAL CLASS COUNTS AND PROPORTIONS FOR THE LATENT CLASSES
BASED ON THEIR MOST LIKELY LATENT CLASS MEMBERSHIP

Class Counts and Proportions

    Latent
   Classes

       1              670          0.19573
       2              831          0.24277
       3              619          0.18084
       4              502          0.14665
       5              222          0.06486
       6              579          0.16915


CLASSIFICATION QUALITY

     Entropy                         0.798


           Univariate Entropy
              NARACOMP      NARAACC       COMBACC       WOLDCOMP      F8AGE
              ________      ________      ________      ________      ________
                0.057         0.042         0.081         0.043         0.142


           Univariate Entropy
              F9AGE
              ________
                0.072


Average Latent Class Probabilities for Most Likely Latent Class Membership (Row)
by Latent Class (Column)

           1        2        3        4        5        6

    1   0.904    0.032    0.000    0.000    0.013    0.050
    2   0.031    0.827    0.043    0.039    0.013    0.047
    3   0.001    0.049    0.834    0.072    0.008    0.037
    4   0.001    0.036    0.071    0.880    0.012    0.000
    5   0.016    0.017    0.009    0.010    0.927    0.020
    6   0.072    0.054    0.038    0.000    0.007    0.828


Classification Probabilities for the Most Likely Latent Class Membership (Column)
by Latent Class (Row)

           1        2        3        4        5        6

    1   0.894    0.038    0.001    0.001    0.005    0.061
    2   0.027    0.867    0.038    0.023    0.005    0.040
    3   0.000    0.058    0.844    0.059    0.003    0.036
    4   0.000    0.063    0.085    0.847    0.004    0.001
    5   0.037    0.044    0.020    0.025    0.859    0.016
    6   0.057    0.067    0.039    0.000    0.008    0.829


Logits for the Classification Probabilities for the Most Likely Latent Class Membership (Column)
by Latent Class (Row)

              1        2        3        4        5        6

    1      2.677   -0.474   -4.522   -4.408   -2.445    0.000
    2     -0.386    3.083   -0.043   -0.554   -2.094    0.000
    3     -4.494    0.470    3.153    0.484   -2.373    0.000
    4     -0.050    4.815    5.121    7.417    2.081    0.000
    5      0.842    1.017    0.229    0.459    3.993    0.000
    6     -2.669   -2.510   -3.055  -13.627   -4.685    0.000


MODEL RESULTS

                                                    Two-Tailed
                    Estimate       S.E.  Est./S.E.    P-Value

Latent Class 1

 COMBACC    ON
    F9AGE              0.222      0.016     14.250      0.000
    G                  1.026      0.014     72.815      0.000

 NARAACC    ON
    F9AGE              1.459      0.010    142.428      0.000
    G                  5.290      0.010    512.891      0.000

 NARACOMP   ON
    F9AGE              0.498      0.033     15.128      0.000
    G                  1.799      0.028     64.429      0.000

 WOLDCOMP   ON
    F8AGE              0.033      0.017      1.953      0.051
    G                  0.172      0.010     17.102      0.000

 NARACOMP WITH
    NARAACC            0.000      0.000    999.000    999.000
    COMBACC            0.000      0.000    999.000    999.000
    WOLDCOMP           0.000      0.000    999.000    999.000

 NARAACC  WITH
    COMBACC            0.000      0.000    999.000    999.000
    WOLDCOMP           0.000      0.000    999.000    999.000

 COMBACC  WITH
    WOLDCOMP           0.000      0.000    999.000    999.000

 F9AGE    WITH
    F8AGE              0.476      0.209      2.273      0.023

 Means
    F8AGE            102.852      0.094   1093.536      0.000
    F9AGE            118.213      0.198    598.213      0.000

 Intercepts
    NARACOMP         -31.123      3.815     -8.158      0.000
    NARAACC         -109.259      1.239    -88.205      0.000
    COMBACC          -11.332      1.744     -6.499      0.000
    WOLDCOMP           4.198      1.719      2.443      0.015

 Variances
    F8AGE              4.471      0.208     21.450      0.000
    F9AGE             14.879      0.607     24.518      0.000

 Residual Variances
    NARACOMP          13.675      0.966     14.158      0.000
    NARAACC            0.593      0.055     10.717      0.000
    COMBACC            3.677      0.925      3.977      0.000
    WOLDCOMP           3.347      0.270     12.399      0.000

Latent Class 2

 COMBACC    ON
    F9AGE              0.222      0.016     14.250      0.000
    G                  1.026      0.014     72.815      0.000

 NARAACC    ON
    F9AGE              1.459      0.010    142.428      0.000
    G                  5.290      0.010    512.891      0.000

 NARACOMP   ON
    F9AGE              0.498      0.033     15.128      0.000
    G                  1.799      0.028     64.429      0.000

 WOLDCOMP   ON
    F8AGE              0.033      0.017      1.953      0.051
    G                  0.172      0.010     17.102      0.000

 NARACOMP WITH
    NARAACC            0.000      0.000    999.000    999.000
    COMBACC            0.000      0.000    999.000    999.000
    WOLDCOMP           0.000      0.000    999.000    999.000

 NARAACC  WITH
    COMBACC            0.000      0.000    999.000    999.000
    WOLDCOMP           0.000      0.000    999.000    999.000

 COMBACC  WITH
    WOLDCOMP           0.000      0.000    999.000    999.000

 F9AGE    WITH
    F8AGE              0.476      0.209      2.273      0.023

 Means
    F8AGE            102.914      0.092   1121.313      0.000
    F9AGE            118.546      0.193    613.361      0.000

 Intercepts
    NARACOMP         -36.253      4.053     -8.944      0.000
    NARAACC         -107.292      1.252    -85.664      0.000
    COMBACC          -12.745      1.969     -6.472      0.000
    WOLDCOMP           3.496      1.722      2.031      0.042

 Variances
    F8AGE              4.471      0.208     21.450      0.000
    F9AGE             14.879      0.607     24.518      0.000

 Residual Variances
    NARACOMP           3.546      0.462      7.677      0.000
    NARAACC            0.292      0.030      9.845      0.000
    COMBACC            1.408      0.124     11.313      0.000
    WOLDCOMP           3.048      0.234     13.035      0.000

Latent Class 3

 COMBACC    ON
    F9AGE              0.222      0.016     14.250      0.000
    G                  1.026      0.014     72.815      0.000

 NARAACC    ON
    F9AGE              1.459      0.010    142.428      0.000
    G                  5.290      0.010    512.891      0.000

 NARACOMP   ON
    F9AGE              0.498      0.033     15.128      0.000
    G                  1.799      0.028     64.429      0.000

 WOLDCOMP   ON
    F8AGE              0.033      0.017      1.953      0.051
    G                  0.172      0.010     17.102      0.000

 NARACOMP WITH
    NARAACC            0.000      0.000    999.000    999.000
    COMBACC            0.000      0.000    999.000    999.000
    WOLDCOMP           0.000      0.000    999.000    999.000

 NARAACC  WITH
    COMBACC            0.000      0.000    999.000    999.000
    WOLDCOMP           0.000      0.000    999.000    999.000

 COMBACC  WITH
    WOLDCOMP           0.000      0.000    999.000    999.000

 F9AGE    WITH
    F8AGE              0.476      0.209      2.273      0.023

 Means
    F8AGE            102.922      0.102   1005.846      0.000
    F9AGE            117.906      0.158    744.285      0.000

 Intercepts
    NARACOMP         -33.262      3.783     -8.792      0.000
    NARAACC         -106.465      1.224    -86.965      0.000
    COMBACC          -16.166      1.939     -8.339      0.000
    WOLDCOMP           4.455      1.713      2.601      0.009

 Variances
    F8AGE              4.471      0.208     21.450      0.000
    F9AGE             14.879      0.607     24.518      0.000

 Residual Variances
    NARACOMP           5.415      0.666      8.126      0.000
    NARAACC            0.287      0.045      6.370      0.000
    COMBACC            1.555      0.196      7.918      0.000
    WOLDCOMP           3.110      0.271     11.493      0.000

Latent Class 4

 COMBACC    ON
    F9AGE              0.222      0.016     14.250      0.000
    G                  1.026      0.014     72.815      0.000

 NARAACC    ON
    F9AGE              1.459      0.010    142.428      0.000
    G                  5.290      0.010    512.891      0.000

 NARACOMP   ON
    F9AGE              0.498      0.033     15.128      0.000
    G                  1.799      0.028     64.429      0.000

 WOLDCOMP   ON
    F8AGE              0.033      0.017      1.953      0.051
    G                  0.172      0.010     17.102      0.000

 NARACOMP WITH
    NARAACC            0.000      0.000    999.000    999.000
    COMBACC            0.000      0.000    999.000    999.000
    WOLDCOMP           0.000      0.000    999.000    999.000

 NARAACC  WITH
    COMBACC            0.000      0.000    999.000    999.000
    WOLDCOMP           0.000      0.000    999.000    999.000

 COMBACC  WITH
    WOLDCOMP           0.000      0.000    999.000    999.000

 F9AGE    WITH
    F8AGE              0.476      0.209      2.273      0.023

 Means
    F8AGE            102.978      0.115    898.679      0.000
    F9AGE            118.251      0.203    583.187      0.000

 Intercepts
    NARACOMP         -39.414      3.834    -10.279      0.000
    NARAACC         -105.327      1.229    -85.679      0.000
    COMBACC          -15.235      1.786     -8.529      0.000
    WOLDCOMP           3.294      1.720      1.915      0.055

 Variances
    F8AGE              4.471      0.208     21.450      0.000
    F9AGE             14.879      0.607     24.518      0.000

 Residual Variances
    NARACOMP          12.204      2.198      5.553      0.000
    NARAACC            0.782      0.160      4.889      0.000
    COMBACC            5.572      0.579      9.628      0.000
    WOLDCOMP           3.050      0.261     11.698      0.000

Latent Class 5

 COMBACC    ON
    F9AGE              0.222      0.016     14.250      0.000
    G                  1.026      0.014     72.815      0.000

 NARAACC    ON
    F9AGE              1.459      0.010    142.428      0.000
    G                  5.290      0.010    512.891      0.000

 NARACOMP   ON
    F9AGE              0.498      0.033     15.128      0.000
    G                  1.799      0.028     64.429      0.000

 WOLDCOMP   ON
    F8AGE              0.033      0.017      1.953      0.051
    G                  0.172      0.010     17.102      0.000

 NARACOMP WITH
    NARAACC            0.000      0.000    999.000    999.000
    COMBACC            0.000      0.000    999.000    999.000
    WOLDCOMP           0.000      0.000    999.000    999.000

 NARAACC  WITH
    COMBACC            0.000      0.000    999.000    999.000
    WOLDCOMP           0.000      0.000    999.000    999.000

 COMBACC  WITH
    WOLDCOMP           0.000      0.000    999.000    999.000

 F9AGE    WITH
    F8AGE              0.476      0.209      2.273      0.023

 Means
    F8AGE            115.270      0.408    282.362      0.000
    F9AGE            123.291      0.575    214.604      0.000

 Intercepts
    NARACOMP         -34.779      4.114     -8.453      0.000
    NARAACC         -107.312      1.286    -83.433      0.000
    COMBACC          -13.281      1.960     -6.775      0.000
    WOLDCOMP           4.413      1.933      2.283      0.022

 Variances
    F8AGE              4.471      0.208     21.450      0.000
    F9AGE             14.879      0.607     24.518      0.000

 Residual Variances
    NARACOMP          18.688      3.189      5.861      0.000
    NARAACC            2.815      0.601      4.681      0.000
    COMBACC            7.041      0.950      7.413      0.000
    WOLDCOMP           3.146      0.373      8.440      0.000

Latent Class 6

 COMBACC    ON
    F9AGE              0.222      0.016     14.250      0.000
    G                  1.026      0.014     72.815      0.000

 NARAACC    ON
    F9AGE              1.459      0.010    142.428      0.000
    G                  5.290      0.010    512.891      0.000

 NARACOMP   ON
    F9AGE              0.498      0.033     15.128      0.000
    G                  1.799      0.028     64.429      0.000

 WOLDCOMP   ON
    F8AGE              0.033      0.017      1.953      0.051
    G                  0.172      0.010     17.102      0.000

 NARACOMP WITH
    NARAACC            0.000      0.000    999.000    999.000
    COMBACC            0.000      0.000    999.000    999.000
    WOLDCOMP           0.000      0.000    999.000    999.000

 NARAACC  WITH
    COMBACC            0.000      0.000    999.000    999.000
    WOLDCOMP           0.000      0.000    999.000    999.000

 COMBACC  WITH
    WOLDCOMP           0.000      0.000    999.000    999.000

 F9AGE    WITH
    F8AGE              0.476      0.209      2.273      0.023

 Means
    F8AGE            102.871      0.113    911.458      0.000
    F9AGE            118.849      0.252    472.468      0.000

 Intercepts
    NARACOMP         -31.050      4.185     -7.420      0.000
    NARAACC         -107.963      1.232    -87.610      0.000
    COMBACC          -14.131      1.944     -7.270      0.000
    WOLDCOMP           4.681      1.723      2.718      0.007

 Variances
    F8AGE              4.471      0.208     21.450      0.000
    F9AGE             14.879      0.607     24.518      0.000

 Residual Variances
    NARACOMP           3.423      1.233      2.776      0.006
    NARAACC            0.186      0.048      3.897      0.000
    COMBACC            1.075      0.376      2.861      0.004
    WOLDCOMP           2.877      0.265     10.853      0.000

Categorical Latent Variables

 Means
    C#1                0.158      0.209      0.758      0.449
    C#2                0.314      0.113      2.790      0.005
    C#3                0.056      0.151      0.367      0.713
    C#4               -0.105      0.197     -0.532      0.595
    C#5               -0.882      0.142     -6.217      0.000


STANDARDIZED MODEL RESULTS


STDYX Standardization

                                                    Two-Tailed
                    Estimate       S.E.  Est./S.E.    P-Value

Latent Class 1

 COMBACC    ON
    F9AGE              0.227      0.020     11.471      0.000
    G                  0.831      0.026     31.995      0.000

 NARAACC    ON
    F9AGE              0.329      0.007     45.172      0.000
    G                  0.943      0.003    370.879      0.000

 NARACOMP   ON
    F9AGE              0.279      0.018     15.740      0.000
    G                  0.796      0.011     75.129      0.000

 WOLDCOMP   ON
    F8AGE              0.036      0.019      1.927      0.054
    G                  0.275      0.018     15.051      0.000

 NARACOMP WITH
    NARAACC            0.000      0.000    999.000    999.000
    COMBACC            0.000      0.000    999.000    999.000
    WOLDCOMP           0.000      0.000    999.000    999.000

 NARAACC  WITH
    COMBACC            0.000      0.000    999.000    999.000
    WOLDCOMP           0.000      0.000    999.000    999.000

 COMBACC  WITH
    WOLDCOMP           0.000      0.000    999.000    999.000

 F9AGE    WITH
    F8AGE              0.058      0.025      2.302      0.021

 Means
    F8AGE             48.640      1.118     43.496      0.000
    F9AGE             30.646      0.613     49.956      0.000

 Intercepts
    NARACOMP          -4.517      0.530     -8.516      0.000
    NARAACC           -6.386      0.094    -67.577      0.000
    COMBACC           -3.006      0.475     -6.323      0.000
    WOLDCOMP           2.204      0.901      2.447      0.014

 Variances
    F8AGE              1.000      0.000    999.000    999.000
    F9AGE              1.000      0.000    999.000    999.000

 Residual Variances
    NARACOMP           0.288      0.017     17.002      0.000
    NARAACC            0.002      0.000     10.314      0.000
    COMBACC            0.259      0.049      5.253      0.000
    WOLDCOMP           0.923      0.010     89.711      0.000

Latent Class 2

 COMBACC    ON
    F9AGE              0.199      0.014     14.291      0.000
    G                  0.940      0.004    238.949      0.000

 NARAACC    ON
    F9AGE              0.261      0.006     43.216      0.000
    G                  0.965      0.002    590.672      0.000

 NARACOMP   ON
    F9AGE              0.254      0.016     15.678      0.000
    G                  0.935      0.006    157.724      0.000

 WOLDCOMP   ON
    F8AGE              0.037      0.019      1.936      0.053
    G                  0.361      0.021     17.269      0.000

 NARACOMP WITH
    NARAACC            0.000      0.000    999.000    999.000
    COMBACC            0.000      0.000    999.000    999.000
    WOLDCOMP           0.000      0.000    999.000    999.000

 NARAACC  WITH
    COMBACC            0.000      0.000    999.000    999.000
    WOLDCOMP           0.000      0.000    999.000    999.000

 COMBACC  WITH
    WOLDCOMP           0.000      0.000    999.000    999.000

 F9AGE    WITH
    F8AGE              0.058      0.025      2.302      0.021

 Means
    F8AGE             48.669      1.122     43.367      0.000
    F9AGE             30.732      0.616     49.851      0.000

 Intercepts
    NARACOMP          -4.787      0.513     -9.340      0.000
    NARAACC           -4.973      0.077    -64.750      0.000
    COMBACC           -2.967      0.442     -6.704      0.000
    WOLDCOMP           1.866      0.925      2.018      0.044

 Variances
    F8AGE              1.000      0.000    999.000    999.000
    F9AGE              1.000      0.000    999.000    999.000

 Residual Variances
    NARACOMP           0.062      0.008      8.168      0.000
    NARAACC            0.001      0.000      9.681      0.000
    COMBACC            0.076      0.007     10.760      0.000
    WOLDCOMP           0.868      0.015     57.039      0.000

Latent Class 3

 COMBACC    ON
    F9AGE              0.180      0.012     14.471      0.000
    G                  0.948      0.005    176.082      0.000

 NARAACC    ON
    F9AGE              0.235      0.006     42.625      0.000
    G                  0.972      0.001    728.641      0.000

 NARACOMP   ON
    F9AGE              0.227      0.015     15.463      0.000
    G                  0.934      0.006    155.862      0.000

 WOLDCOMP   ON
    F8AGE              0.036      0.019      1.939      0.053
    G                  0.394      0.026     15.253      0.000

 NARACOMP WITH
    NARAACC            0.000      0.000    999.000    999.000
    COMBACC            0.000      0.000    999.000    999.000
    WOLDCOMP           0.000      0.000    999.000    999.000

 NARAACC  WITH
    COMBACC            0.000      0.000    999.000    999.000
    WOLDCOMP           0.000      0.000    999.000    999.000

 COMBACC  WITH
    WOLDCOMP           0.000      0.000    999.000    999.000

 F9AGE    WITH
    F8AGE              0.058      0.025      2.302      0.021

 Means
    F8AGE             48.673      1.125     43.266      0.000
    F9AGE             30.566      0.615     49.706      0.000

 Intercepts
    NARACOMP          -3.925      0.433     -9.073      0.000
    NARAACC           -4.443      0.069    -64.320      0.000
    COMBACC           -3.393      0.387     -8.759      0.000
    WOLDCOMP           2.320      0.900      2.578      0.010

 Variances
    F8AGE              1.000      0.000    999.000    999.000
    F9AGE              1.000      0.000    999.000    999.000

 Residual Variances
    NARACOMP           0.075      0.009      8.215      0.000
    NARAACC            0.001      0.000      6.323      0.000
    COMBACC            0.069      0.009      7.538      0.000
    WOLDCOMP           0.843      0.020     41.224      0.000

Latent Class 4

 COMBACC    ON
    F9AGE              0.183      0.013     14.484      0.000
    G                  0.843      0.013     64.731      0.000

 NARAACC    ON
    F9AGE              0.267      0.006     43.416      0.000
    G                  0.963      0.002    552.936      0.000

 NARACOMP   ON
    F9AGE              0.241      0.016     15.267      0.000
    G                  0.866      0.016     55.548      0.000

 WOLDCOMP   ON
    F8AGE              0.037      0.019      1.937      0.053
    G                  0.353      0.023     15.612      0.000

 NARACOMP WITH
    NARAACC            0.000      0.000    999.000    999.000
    COMBACC            0.000      0.000    999.000    999.000
    WOLDCOMP           0.000      0.000    999.000    999.000

 NARAACC  WITH
    COMBACC            0.000      0.000    999.000    999.000
    WOLDCOMP           0.000      0.000    999.000    999.000

 COMBACC  WITH
    WOLDCOMP           0.000      0.000    999.000    999.000

 F9AGE    WITH
    F8AGE              0.058      0.025      2.302      0.021

 Means
    F8AGE             48.699      1.128     43.176      0.000
    F9AGE             30.656      0.620     49.433      0.000

 Intercepts
    NARACOMP          -4.949      0.469    -10.544      0.000
    NARAACC           -5.002      0.077    -64.936      0.000
    COMBACC           -3.265      0.368     -8.878      0.000
    WOLDCOMP           1.764      0.928      1.900      0.057

 Variances
    F8AGE              1.000      0.000    999.000    999.000
    F9AGE              1.000      0.000    999.000    999.000

 Residual Variances
    NARACOMP           0.192      0.028      6.929      0.000
    NARAACC            0.002      0.000      4.874      0.000
    COMBACC            0.256      0.022     11.582      0.000
    WOLDCOMP           0.874      0.016     54.411      0.000

Latent Class 5

 COMBACC    ON
    F9AGE              0.160      0.012     13.407      0.000
    G                  0.854      0.015     58.308      0.000

 NARAACC    ON
    F9AGE              0.232      0.005     42.711      0.000
    G                  0.970      0.001    661.943      0.000

 NARACOMP   ON
    F9AGE              0.207      0.014     14.440      0.000
    G                  0.861      0.017     52.187      0.000

 WOLDCOMP   ON
    F8AGE              0.036      0.018      1.932      0.053
    G                  0.396      0.028     13.975      0.000

 NARACOMP WITH
    NARAACC            0.000      0.000    999.000    999.000
    COMBACC            0.000      0.000    999.000    999.000
    WOLDCOMP           0.000      0.000    999.000    999.000

 NARAACC  WITH
    COMBACC            0.000      0.000    999.000    999.000
    WOLDCOMP           0.000      0.000    999.000    999.000

 COMBACC  WITH
    WOLDCOMP           0.000      0.000    999.000    999.000

 F9AGE    WITH
    F8AGE              0.058      0.025      2.302      0.021

 Means
    F8AGE             54.512      1.178     46.272      0.000
    F9AGE             31.963      0.699     45.740      0.000

 Intercepts
    NARACOMP          -3.737      0.447     -8.368      0.000
    NARAACC           -4.418      0.070    -63.509      0.000
    COMBACC           -2.480      0.366     -6.766      0.000
    WOLDCOMP           2.283      1.009      2.262      0.024

 Variances
    F8AGE              1.000      0.000    999.000    999.000
    F9AGE              1.000      0.000    999.000    999.000

 Residual Variances
    NARACOMP           0.216      0.030      7.187      0.000
    NARAACC            0.005      0.001      4.689      0.000
    COMBACC            0.245      0.026      9.334      0.000
    WOLDCOMP           0.842      0.023     37.249      0.000

Latent Class 6

 COMBACC    ON
    F9AGE              0.193      0.013     15.107      0.000
    G                  0.953      0.010     91.355      0.000

 NARAACC    ON
    F9AGE              0.249      0.006     42.953      0.000
    G                  0.968      0.002    644.469      0.000

 NARACOMP   ON
    F9AGE              0.244      0.017     14.614      0.000
    G                  0.941      0.009    107.706      0.000

 WOLDCOMP   ON
    F8AGE              0.037      0.019      1.936      0.053
    G                  0.386      0.025     15.147      0.000

 NARACOMP WITH
    NARAACC            0.000      0.000    999.000    999.000
    COMBACC            0.000      0.000    999.000    999.000
    WOLDCOMP           0.000      0.000    999.000    999.000

 NARAACC  WITH
    COMBACC            0.000      0.000    999.000    999.000
    WOLDCOMP           0.000      0.000    999.000    999.000

 COMBACC  WITH
    WOLDCOMP           0.000      0.000    999.000    999.000

 F9AGE    WITH
    F8AGE              0.058      0.025      2.302      0.021

 Means
    F8AGE             48.649      1.123     43.320      0.000
    F9AGE             30.811      0.612     50.367      0.000

 Intercepts
    NARACOMP          -3.934      0.535     -7.353      0.000
    NARAACC           -4.785      0.074    -64.933      0.000
    COMBACC           -3.178      0.408     -7.798      0.000
    WOLDCOMP           2.544      0.945      2.693      0.007

 Variances
    F8AGE              1.000      0.000    999.000    999.000
    F9AGE              1.000      0.000    999.000    999.000

 Residual Variances
    NARACOMP           0.055      0.019      2.933      0.003
    NARAACC            0.000      0.000      3.875      0.000
    COMBACC            0.054      0.018      2.992      0.003
    WOLDCOMP           0.850      0.020     42.961      0.000


R-SQUARE

Class 1

    Observed                                        Two-Tailed
    Variable        Estimate       S.E.  Est./S.E.    P-Value

    NARACOMP           0.712      0.017     42.032      0.000
    NARAACC            0.998      0.000   5078.296      0.000
    COMBACC            0.741      0.049     15.053      0.000
    WOLDCOMP           0.077      0.010      7.498      0.000

Class 2

    Observed                                        Two-Tailed
    Variable        Estimate       S.E.  Est./S.E.    P-Value

    NARACOMP           0.938      0.008    123.943      0.000
    NARAACC            0.999      0.000   ********      0.000
    COMBACC            0.924      0.007    130.268      0.000
    WOLDCOMP           0.132      0.015      8.652      0.000

Class 3

    Observed                                        Two-Tailed
    Variable        Estimate       S.E.  Est./S.E.    P-Value

    NARACOMP           0.925      0.009    100.698      0.000
    NARAACC            0.999      0.000   ********      0.000
    COMBACC            0.931      0.009    102.501      0.000
    WOLDCOMP           0.157      0.020      7.653      0.000

Class 4

    Observed                                        Two-Tailed
    Variable        Estimate       S.E.  Est./S.E.    P-Value

    NARACOMP           0.808      0.028     29.079      0.000
    NARAACC            0.998      0.000   2759.657      0.000
    COMBACC            0.744      0.022     33.681      0.000
    WOLDCOMP           0.126      0.016      7.828      0.000

Class 5

    Observed                                        Two-Tailed
    Variable        Estimate       S.E.  Est./S.E.    P-Value

    NARACOMP           0.784      0.030     26.122      0.000
    NARAACC            0.995      0.001    978.193      0.000
    COMBACC            0.755      0.026     28.698      0.000
    WOLDCOMP           0.158      0.023      7.002      0.000

Class 6

    Observed                                        Two-Tailed
    Variable        Estimate       S.E.  Est./S.E.    P-Value

    NARACOMP           0.945      0.019     50.441      0.000
    NARAACC            1.000      0.000   ********      0.000
    COMBACC            0.946      0.018     52.036      0.000
    WOLDCOMP           0.150      0.020      7.595      0.000


QUALITY OF NUMERICAL RESULTS

     Condition Number for the Information Matrix              0.281E-08
       (ratio of smallest to largest eigenvalue)


CONFIDENCE INTERVALS OF MODEL RESULTS

                  Lower .5%  Lower 2.5%    Lower 5%    Estimate    Upper 5%  Upper 2.5%   Upper .5%

Latent Class 1

 COMBACC  ON
    F9AGE            0.182       0.191       0.196       0.222       0.248       0.252       0.262
    G                0.990       0.999       1.003       1.026       1.050       1.054       1.063

 NARAACC  ON
    F9AGE            1.433       1.439       1.442       1.459       1.476       1.479       1.486
    G                5.264       5.270       5.273       5.290       5.307       5.310       5.317

 NARACOMP ON
    F9AGE            0.414       0.434       0.444       0.498       0.553       0.563       0.583
    G                1.727       1.744       1.753       1.799       1.845       1.853       1.871

 WOLDCOMP ON
    F8AGE           -0.010       0.000       0.005       0.033       0.060       0.065       0.076
    G                0.146       0.152       0.155       0.172       0.188       0.192       0.198

 NARACOMP WITH
    NARAACC          0.000       0.000       0.000       0.000       0.000       0.000       0.000
    COMBACC          0.000       0.000       0.000       0.000       0.000       0.000       0.000
    WOLDCOMP         0.000       0.000       0.000       0.000       0.000       0.000       0.000

 NARAACC  WITH
    COMBACC          0.000       0.000       0.000       0.000       0.000       0.000       0.000
    WOLDCOMP         0.000       0.000       0.000       0.000       0.000       0.000       0.000

 COMBACC  WITH
    WOLDCOMP         0.000       0.000       0.000       0.000       0.000       0.000       0.000

 F9AGE    WITH
    F8AGE           -0.063       0.066       0.132       0.476       0.820       0.886       1.015

 Means
    F8AGE          102.609     102.667     102.697     102.852     103.006     103.036     103.094
    F9AGE          117.704     117.826     117.888     118.213     118.538     118.601     118.722

 Intercepts
    NARACOMP       -40.950     -38.601     -37.399     -31.123     -24.847     -23.645     -21.296
    NARAACC       -112.450    -111.687    -111.297    -109.259    -107.222    -106.832    -106.069
    COMBACC        -15.824     -14.750     -14.201     -11.332      -8.464      -7.915      -6.841
    WOLDCOMP        -0.229       0.830       1.371       4.198       7.026       7.567       8.625

 Variances
    F8AGE            3.934       4.063       4.128       4.471       4.814       4.880       5.008
    F9AGE           13.316      13.690      13.881      14.879      15.878      16.069      16.442

 Residual Variances
    NARACOMP        11.187      11.782      12.086      13.675      15.264      15.568      16.163
    NARAACC          0.451       0.485       0.502       0.593       0.684       0.702       0.736
    COMBACC          1.295       1.865       2.156       3.677       5.198       5.489       6.058
    WOLDCOMP         2.652       2.818       2.903       3.347       3.792       3.877       4.043

Latent Class 2

 COMBACC  ON
    F9AGE            0.182       0.191       0.196       0.222       0.248       0.252       0.262
    G                0.990       0.999       1.003       1.026       1.050       1.054       1.063

 NARAACC  ON
    F9AGE            1.433       1.439       1.442       1.459       1.476       1.479       1.486
    G                5.264       5.270       5.273       5.290       5.307       5.310       5.317

 NARACOMP ON
    F9AGE            0.414       0.434       0.444       0.498       0.553       0.563       0.583
    G                1.727       1.744       1.753       1.799       1.845       1.853       1.871

 WOLDCOMP ON
    F8AGE           -0.010       0.000       0.005       0.033       0.060       0.065       0.076
    G                0.146       0.152       0.155       0.172       0.188       0.192       0.198

 NARACOMP WITH
    NARAACC          0.000       0.000       0.000       0.000       0.000       0.000       0.000
    COMBACC          0.000       0.000       0.000       0.000       0.000       0.000       0.000
    WOLDCOMP         0.000       0.000       0.000       0.000       0.000       0.000       0.000

 NARAACC  WITH
    COMBACC          0.000       0.000       0.000       0.000       0.000       0.000       0.000
    WOLDCOMP         0.000       0.000       0.000       0.000       0.000       0.000       0.000

 COMBACC  WITH
    WOLDCOMP         0.000       0.000       0.000       0.000       0.000       0.000       0.000

 F9AGE    WITH
    F8AGE           -0.063       0.066       0.132       0.476       0.820       0.886       1.015

 Means
    F8AGE          102.678     102.734     102.763     102.914     103.065     103.094     103.150
    F9AGE          118.048     118.167     118.228     118.546     118.864     118.924     119.044

 Intercepts
    NARACOMP       -46.693     -44.197     -42.920     -36.253     -29.585     -28.308     -25.812
    NARAACC       -110.518    -109.747    -109.352    -107.292    -105.232    -104.837    -104.066
    COMBACC        -17.817     -16.605     -15.984     -12.745      -9.505      -8.885      -7.672
    WOLDCOMP        -0.939       0.121       0.664       3.496       6.329       6.871       7.931

 Variances
    F8AGE            3.934       4.063       4.128       4.471       4.814       4.880       5.008
    F9AGE           13.316      13.690      13.881      14.879      15.878      16.069      16.442

 Residual Variances
    NARACOMP         2.356       2.640       2.786       3.546       4.305       4.451       4.735
    NARAACC          0.215       0.233       0.243       0.292       0.340       0.350       0.368
    COMBACC          1.088       1.164       1.203       1.408       1.613       1.652       1.729
    WOLDCOMP         2.446       2.590       2.664       3.048       3.433       3.507       3.651

Latent Class 3

 COMBACC  ON
    F9AGE            0.182       0.191       0.196       0.222       0.248       0.252       0.262
    G                0.990       0.999       1.003       1.026       1.050       1.054       1.063

 NARAACC  ON
    F9AGE            1.433       1.439       1.442       1.459       1.476       1.479       1.486
    G                5.264       5.270       5.273       5.290       5.307       5.310       5.317

 NARACOMP ON
    F9AGE            0.414       0.434       0.444       0.498       0.553       0.563       0.583
    G                1.727       1.744       1.753       1.799       1.845       1.853       1.871

 WOLDCOMP ON
    F8AGE           -0.010       0.000       0.005       0.033       0.060       0.065       0.076
    G                0.146       0.152       0.155       0.172       0.188       0.192       0.198

 NARACOMP WITH
    NARAACC          0.000       0.000       0.000       0.000       0.000       0.000       0.000
    COMBACC          0.000       0.000       0.000       0.000       0.000       0.000       0.000
    WOLDCOMP         0.000       0.000       0.000       0.000       0.000       0.000       0.000

 NARAACC  WITH
    COMBACC          0.000       0.000       0.000       0.000       0.000       0.000       0.000
    WOLDCOMP         0.000       0.000       0.000       0.000       0.000       0.000       0.000

 COMBACC  WITH
    WOLDCOMP         0.000       0.000       0.000       0.000       0.000       0.000       0.000

 F9AGE    WITH
    F8AGE           -0.063       0.066       0.132       0.476       0.820       0.886       1.015

 Means
    F8AGE          102.658     102.721     102.753     102.922     103.090     103.122     103.185
    F9AGE          117.498     117.595     117.645     117.906     118.166     118.216     118.314

 Intercepts
    NARACOMP       -43.007     -40.677     -39.485     -33.262     -27.038     -25.846     -23.517
    NARAACC       -109.619    -108.865    -108.479    -106.465    -104.451    -104.066    -103.312
    COMBACC        -21.160     -19.966     -19.355     -16.166     -12.977     -12.367     -11.173
    WOLDCOMP         0.043       1.098       1.637       4.455       7.273       7.813       8.868

 Variances
    F8AGE            3.934       4.063       4.128       4.471       4.814       4.880       5.008
    F9AGE           13.316      13.690      13.881      14.879      15.878      16.069      16.442

 Residual Variances
    NARACOMP         3.699       4.109       4.319       5.415       6.512       6.722       7.132
    NARAACC          0.171       0.199       0.213       0.287       0.362       0.376       0.404
    COMBACC          1.049       1.170       1.232       1.555       1.878       1.940       2.061
    WOLDCOMP         2.413       2.579       2.665       3.110       3.555       3.640       3.807

Latent Class 4

 COMBACC  ON
    F9AGE            0.182       0.191       0.196       0.222       0.248       0.252       0.262
    G                0.990       0.999       1.003       1.026       1.050       1.054       1.063

 NARAACC  ON
    F9AGE            1.433       1.439       1.442       1.459       1.476       1.479       1.486
    G                5.264       5.270       5.273       5.290       5.307       5.310       5.317

 NARACOMP ON
    F9AGE            0.414       0.434       0.444       0.498       0.553       0.563       0.583
    G                1.727       1.744       1.753       1.799       1.845       1.853       1.871

 WOLDCOMP ON
    F8AGE           -0.010       0.000       0.005       0.033       0.060       0.065       0.076
    G                0.146       0.152       0.155       0.172       0.188       0.192       0.198

 NARACOMP WITH
    NARAACC          0.000       0.000       0.000       0.000       0.000       0.000       0.000
    COMBACC          0.000       0.000       0.000       0.000       0.000       0.000       0.000
    WOLDCOMP         0.000       0.000       0.000       0.000       0.000       0.000       0.000

 NARAACC  WITH
    COMBACC          0.000       0.000       0.000       0.000       0.000       0.000       0.000
    WOLDCOMP         0.000       0.000       0.000       0.000       0.000       0.000       0.000

 COMBACC  WITH
    WOLDCOMP         0.000       0.000       0.000       0.000       0.000       0.000       0.000

 F9AGE    WITH
    F8AGE           -0.063       0.066       0.132       0.476       0.820       0.886       1.015

 Means
    F8AGE          102.683     102.754     102.790     102.978     103.167     103.203     103.273
    F9AGE          117.729     117.854     117.918     118.251     118.585     118.649     118.774

 Intercepts
    NARACOMP       -49.291     -46.929     -45.722     -39.414     -33.106     -31.898     -29.537
    NARAACC       -108.493    -107.736    -107.349    -105.327    -103.304    -102.917    -102.160
    COMBACC        -19.836     -18.736     -18.174     -15.235     -12.297     -11.734     -10.634
    WOLDCOMP        -1.136      -0.077       0.465       3.294       6.123       6.665       7.724

 Variances
    F8AGE            3.934       4.063       4.128       4.471       4.814       4.880       5.008
    F9AGE           13.316      13.690      13.881      14.879      15.878      16.069      16.442

 Residual Variances
    NARACOMP         6.543       7.896       8.589      12.204      15.818      16.511      17.864
    NARAACC          0.370       0.468       0.519       0.782       1.045       1.095       1.194
    COMBACC          4.081       4.438       4.620       5.572       6.524       6.706       7.063
    WOLDCOMP         2.378       2.539       2.621       3.050       3.479       3.561       3.721

Latent Class 5

 COMBACC  ON
    F9AGE            0.182       0.191       0.196       0.222       0.248       0.252       0.262
    G                0.990       0.999       1.003       1.026       1.050       1.054       1.063

 NARAACC  ON
    F9AGE            1.433       1.439       1.442       1.459       1.476       1.479       1.486
    G                5.264       5.270       5.273       5.290       5.307       5.310       5.317

 NARACOMP ON
    F9AGE            0.414       0.434       0.444       0.498       0.553       0.563       0.583
    G                1.727       1.744       1.753       1.799       1.845       1.853       1.871

 WOLDCOMP ON
    F8AGE           -0.010       0.000       0.005       0.033       0.060       0.065       0.076
    G                0.146       0.152       0.155       0.172       0.188       0.192       0.198

 NARACOMP WITH
    NARAACC          0.000       0.000       0.000       0.000       0.000       0.000       0.000
    COMBACC          0.000       0.000       0.000       0.000       0.000       0.000       0.000
    WOLDCOMP         0.000       0.000       0.000       0.000       0.000       0.000       0.000

 NARAACC  WITH
    COMBACC          0.000       0.000       0.000       0.000       0.000       0.000       0.000
    WOLDCOMP         0.000       0.000       0.000       0.000       0.000       0.000       0.000

 COMBACC  WITH
    WOLDCOMP         0.000       0.000       0.000       0.000       0.000       0.000       0.000

 F9AGE    WITH
    F8AGE           -0.063       0.066       0.132       0.476       0.820       0.886       1.015

 Means
    F8AGE          114.218     114.470     114.598     115.270     115.942     116.070     116.322
    F9AGE          121.811     122.165     122.346     123.291     124.236     124.417     124.771

 Intercepts
    NARACOMP       -45.377     -42.843     -41.547     -34.779     -28.011     -26.715     -24.181
    NARAACC       -110.625    -109.833    -109.428    -107.312    -105.196    -104.791    -103.999
    COMBACC        -18.329     -17.122     -16.505     -13.281     -10.056      -9.439      -8.232
    WOLDCOMP        -0.566       0.624       1.233       4.413       7.592       8.201       9.391

 Variances
    F8AGE            3.934       4.063       4.128       4.471       4.814       4.880       5.008
    F9AGE           13.316      13.690      13.881      14.879      15.878      16.069      16.442

 Residual Variances
    NARACOMP        10.475      12.439      13.443      18.688      23.933      24.938      26.901
    NARAACC          1.266       1.636       1.826       2.815       3.804       3.993       4.364
    COMBACC          4.594       5.179       5.478       7.041       8.603       8.902       9.487
    WOLDCOMP         2.186       2.415       2.533       3.146       3.759       3.877       4.106

Latent Class 6

 COMBACC  ON
    F9AGE            0.182       0.191       0.196       0.222       0.248       0.252       0.262
    G                0.990       0.999       1.003       1.026       1.050       1.054       1.063

 NARAACC  ON
    F9AGE            1.433       1.439       1.442       1.459       1.476       1.479       1.486
    G                5.264       5.270       5.273       5.290       5.307       5.310       5.317

 NARACOMP ON
    F9AGE            0.414       0.434       0.444       0.498       0.553       0.563       0.583
    G                1.727       1.744       1.753       1.799       1.845       1.853       1.871

 WOLDCOMP ON
    F8AGE           -0.010       0.000       0.005       0.033       0.060       0.065       0.076
    G                0.146       0.152       0.155       0.172       0.188       0.192       0.198

 NARACOMP WITH
    NARAACC          0.000       0.000       0.000       0.000       0.000       0.000       0.000
    COMBACC          0.000       0.000       0.000       0.000       0.000       0.000       0.000
    WOLDCOMP         0.000       0.000       0.000       0.000       0.000       0.000       0.000

 NARAACC  WITH
    COMBACC          0.000       0.000       0.000       0.000       0.000       0.000       0.000
    WOLDCOMP         0.000       0.000       0.000       0.000       0.000       0.000       0.000

 COMBACC  WITH
    WOLDCOMP         0.000       0.000       0.000       0.000       0.000       0.000       0.000

 F9AGE    WITH
    F8AGE           -0.063       0.066       0.132       0.476       0.820       0.886       1.015

 Means
    F8AGE          102.580     102.650     102.685     102.871     103.056     103.092     103.161
    F9AGE          118.201     118.356     118.436     118.849     119.263     119.342     119.497

 Intercepts
    NARACOMP       -41.829     -39.252     -37.934     -31.050     -24.166     -22.848     -20.271
    NARAACC       -111.137    -110.378    -109.990    -107.963    -105.936    -105.547    -104.789
    COMBACC        -19.137     -17.940     -17.328     -14.131     -10.933     -10.321      -9.124
    WOLDCOMP         0.244       1.305       1.848       4.681       7.515       8.058       9.118

 Variances
    F8AGE            3.934       4.063       4.128       4.471       4.814       4.880       5.008
    F9AGE           13.316      13.690      13.881      14.879      15.878      16.069      16.442

 Residual Variances
    NARACOMP         0.247       1.006       1.394       3.423       5.451       5.839       6.599
    NARAACC          0.063       0.093       0.108       0.186       0.265       0.280       0.309
    COMBACC          0.107       0.338       0.457       1.075       1.693       1.812       2.043
    WOLDCOMP         2.194       2.358       2.441       2.877       3.313       3.397       3.560

Categorical Latent Variables

 Means
    C#1             -0.380      -0.251      -0.185       0.158       0.502       0.567       0.696
    C#2              0.024       0.093       0.129       0.314       0.499       0.535       0.604
    C#3             -0.334      -0.241      -0.193       0.056       0.304       0.352       0.445
    C#4             -0.612      -0.491      -0.429      -0.105       0.219       0.281       0.403
    C#5             -1.247      -1.159      -1.115      -0.882      -0.648      -0.604      -0.516


CONFIDENCE INTERVALS OF STANDARDIZED MODEL RESULTS


STDYX Standardization

                  Lower .5%  Lower 2.5%    Lower 5%    Estimate    Upper 5%  Upper 2.5%   Upper .5%

Latent Class 1

 COMBACC  ON
    F9AGE            0.176       0.188       0.195       0.227       0.260       0.266       0.278
    G                0.764       0.780       0.788       0.831       0.873       0.881       0.897

 NARAACC  ON
    F9AGE            0.310       0.315       0.317       0.329       0.341       0.343       0.348
    G                0.937       0.938       0.939       0.943       0.947       0.948       0.950

 NARACOMP ON
    F9AGE            0.233       0.244       0.250       0.279       0.308       0.314       0.325
    G                0.769       0.776       0.779       0.796       0.814       0.817       0.824

 WOLDCOMP ON
    F8AGE           -0.012      -0.001       0.005       0.036       0.067       0.073       0.085
    G                0.228       0.240       0.245       0.275       0.305       0.311       0.322

 NARACOMP WITH
    NARAACC          0.000       0.000       0.000       0.000       0.000       0.000       0.000
    COMBACC          0.000       0.000       0.000       0.000       0.000       0.000       0.000
    WOLDCOMP         0.000       0.000       0.000       0.000       0.000       0.000       0.000

 NARAACC  WITH
    COMBACC          0.000       0.000       0.000       0.000       0.000       0.000       0.000
    WOLDCOMP         0.000       0.000       0.000       0.000       0.000       0.000       0.000

 COMBACC  WITH
    WOLDCOMP         0.000       0.000       0.000       0.000       0.000       0.000       0.000

 F9AGE    WITH
    F8AGE           -0.007       0.009       0.017       0.058       0.100       0.108       0.124

 Means
    F8AGE           45.759      46.448      46.800      48.640      50.479      50.831      51.520
    F9AGE           29.066      29.444      29.637      30.646      31.655      31.849      32.226

 Intercepts
    NARACOMP        -5.883      -5.556      -5.389      -4.517      -3.644      -3.477      -3.150
    NARAACC         -6.629      -6.571      -6.541      -6.386      -6.230      -6.201      -6.142
    COMBACC         -4.230      -3.938      -3.788      -3.006      -2.224      -2.074      -1.781
    WOLDCOMP        -0.116       0.438       0.722       2.204       3.687       3.970       4.525

 Variances
    F8AGE            1.000       1.000       1.000       1.000       1.000       1.000       1.000
    F9AGE            1.000       1.000       1.000       1.000       1.000       1.000       1.000

 Residual Variances
    NARACOMP         0.244       0.255       0.260       0.288       0.316       0.321       0.332
    NARAACC          0.002       0.002       0.002       0.002       0.002       0.002       0.003
    COMBACC          0.132       0.162       0.178       0.259       0.340       0.355       0.386
    WOLDCOMP         0.896       0.903       0.906       0.923       0.940       0.943       0.949

Latent Class 2

 COMBACC  ON
    F9AGE            0.163       0.172       0.176       0.199       0.222       0.227       0.235
    G                0.930       0.932       0.934       0.940       0.947       0.948       0.950

 NARAACC  ON
    F9AGE            0.245       0.249       0.251       0.261       0.271       0.273       0.276
    G                0.961       0.962       0.962       0.965       0.968       0.968       0.969

 NARACOMP ON
    F9AGE            0.212       0.222       0.227       0.254       0.281       0.286       0.296
    G                0.919       0.923       0.925       0.935       0.944       0.946       0.950

 WOLDCOMP ON
    F8AGE           -0.012       0.000       0.006       0.037       0.068       0.074       0.086
    G                0.307       0.320       0.327       0.361       0.395       0.402       0.415

 NARACOMP WITH
    NARAACC          0.000       0.000       0.000       0.000       0.000       0.000       0.000
    COMBACC          0.000       0.000       0.000       0.000       0.000       0.000       0.000
    WOLDCOMP         0.000       0.000       0.000       0.000       0.000       0.000       0.000

 NARAACC  WITH
    COMBACC          0.000       0.000       0.000       0.000       0.000       0.000       0.000
    WOLDCOMP         0.000       0.000       0.000       0.000       0.000       0.000       0.000

 COMBACC  WITH
    WOLDCOMP         0.000       0.000       0.000       0.000       0.000       0.000       0.000

 F9AGE    WITH
    F8AGE           -0.007       0.009       0.017       0.058       0.100       0.108       0.124

 Means
    F8AGE           45.778      46.469      46.823      48.669      50.515      50.869      51.560
    F9AGE           29.144      29.524      29.718      30.732      31.746      31.941      32.320

 Intercepts
    NARACOMP        -6.107      -5.792      -5.630      -4.787      -3.944      -3.782      -3.467
    NARAACC         -5.171      -5.124      -5.100      -4.973      -4.847      -4.823      -4.776
    COMBACC         -4.106      -3.834      -3.695      -2.967      -2.239      -2.099      -1.827
    WOLDCOMP        -0.515       0.054       0.345       1.866       3.387       3.678       4.247

 Variances
    F8AGE            1.000       1.000       1.000       1.000       1.000       1.000       1.000
    F9AGE            1.000       1.000       1.000       1.000       1.000       1.000       1.000

 Residual Variances
    NARACOMP         0.042       0.047       0.049       0.062       0.074       0.077       0.081
    NARAACC          0.000       0.000       0.001       0.001       0.001       0.001       0.001
    COMBACC          0.058       0.062       0.065       0.076       0.088       0.090       0.095
    WOLDCOMP         0.829       0.838       0.843       0.868       0.893       0.898       0.908

Latent Class 3

 COMBACC  ON
    F9AGE            0.148       0.155       0.159       0.180       0.200       0.204       0.212
    G                0.934       0.938       0.939       0.948       0.957       0.959       0.962

 NARAACC  ON
    F9AGE            0.221       0.224       0.226       0.235       0.244       0.246       0.249
    G                0.968       0.969       0.970       0.972       0.974       0.974       0.975

 NARACOMP ON
    F9AGE            0.189       0.198       0.203       0.227       0.251       0.256       0.265
    G                0.919       0.923       0.925       0.934       0.944       0.946       0.950

 WOLDCOMP ON
    F8AGE           -0.012       0.000       0.005       0.036       0.066       0.072       0.084
    G                0.328       0.343       0.352       0.394       0.437       0.445       0.461

 NARACOMP WITH
    NARAACC          0.000       0.000       0.000       0.000       0.000       0.000       0.000
    COMBACC          0.000       0.000       0.000       0.000       0.000       0.000       0.000
    WOLDCOMP         0.000       0.000       0.000       0.000       0.000       0.000       0.000

 NARAACC  WITH
    COMBACC          0.000       0.000       0.000       0.000       0.000       0.000       0.000
    WOLDCOMP         0.000       0.000       0.000       0.000       0.000       0.000       0.000

 COMBACC  WITH
    WOLDCOMP         0.000       0.000       0.000       0.000       0.000       0.000       0.000

 F9AGE    WITH
    F8AGE           -0.007       0.009       0.017       0.058       0.100       0.108       0.124

 Means
    F8AGE           45.775      46.468      46.822      48.673      50.523      50.878      51.570
    F9AGE           28.982      29.361      29.555      30.566      31.578      31.772      32.150

 Intercepts
    NARACOMP        -5.040      -4.773      -4.637      -3.925      -3.214      -3.077      -2.811
    NARAACC         -4.621      -4.578      -4.557      -4.443      -4.329      -4.308      -4.265
    COMBACC         -4.391      -4.153      -4.030      -3.393      -2.756      -2.634      -2.395
    WOLDCOMP         0.002       0.556       0.840       2.320       3.801       4.085       4.639

 Variances
    F8AGE            1.000       1.000       1.000       1.000       1.000       1.000       1.000
    F9AGE            1.000       1.000       1.000       1.000       1.000       1.000       1.000

 Residual Variances
    NARACOMP         0.052       0.057       0.060       0.075       0.091       0.093       0.099
    NARAACC          0.000       0.000       0.000       0.001       0.001       0.001       0.001
    COMBACC          0.045       0.051       0.054       0.069       0.083       0.086       0.092
    WOLDCOMP         0.791       0.803       0.810       0.843       0.877       0.884       0.896

Latent Class 4

 COMBACC  ON
    F9AGE            0.151       0.159       0.163       0.183       0.204       0.208       0.216
    G                0.809       0.817       0.821       0.843       0.864       0.868       0.876

 NARAACC  ON
    F9AGE            0.251       0.255       0.257       0.267       0.277       0.279       0.283
    G                0.958       0.959       0.960       0.963       0.966       0.966       0.967

 NARACOMP ON
    F9AGE            0.201       0.210       0.215       0.241       0.267       0.272       0.282
    G                0.825       0.835       0.840       0.866       0.891       0.896       0.906

 WOLDCOMP ON
    F8AGE           -0.012       0.000       0.006       0.037       0.068       0.074       0.086
    G                0.295       0.308       0.316       0.353       0.390       0.397       0.411

 NARACOMP WITH
    NARAACC          0.000       0.000       0.000       0.000       0.000       0.000       0.000
    COMBACC          0.000       0.000       0.000       0.000       0.000       0.000       0.000
    WOLDCOMP         0.000       0.000       0.000       0.000       0.000       0.000       0.000

 NARAACC  WITH
    COMBACC          0.000       0.000       0.000       0.000       0.000       0.000       0.000
    WOLDCOMP         0.000       0.000       0.000       0.000       0.000       0.000       0.000

 COMBACC  WITH
    WOLDCOMP         0.000       0.000       0.000       0.000       0.000       0.000       0.000

 F9AGE    WITH
    F8AGE           -0.007       0.009       0.017       0.058       0.100       0.108       0.124

 Means
    F8AGE           45.794      46.489      46.844      48.699      50.555      50.910      51.605
    F9AGE           29.059      29.441      29.636      30.656      31.676      31.872      32.253

 Intercepts
    NARACOMP        -6.158      -5.869      -5.722      -4.949      -4.177      -4.029      -3.740
    NARAACC         -5.200      -5.153      -5.128      -5.002      -4.875      -4.851      -4.803
    COMBACC         -4.212      -3.986      -3.870      -3.265      -2.660      -2.544      -2.318
    WOLDCOMP        -0.627      -0.056       0.237       1.764       3.290       3.583       4.154

 Variances
    F8AGE            1.000       1.000       1.000       1.000       1.000       1.000       1.000
    F9AGE            1.000       1.000       1.000       1.000       1.000       1.000       1.000

 Residual Variances
    NARACOMP         0.121       0.138       0.147       0.192       0.238       0.247       0.264
    NARAACC          0.001       0.001       0.001       0.002       0.002       0.002       0.003
    COMBACC          0.199       0.213       0.220       0.256       0.292       0.299       0.313
    WOLDCOMP         0.833       0.843       0.848       0.874       0.901       0.906       0.916

Latent Class 5

 COMBACC  ON
    F9AGE            0.129       0.136       0.140       0.160       0.179       0.183       0.191
    G                0.816       0.825       0.830       0.854       0.878       0.883       0.892

 NARAACC  ON
    F9AGE            0.218       0.221       0.223       0.232       0.241       0.242       0.246
    G                0.967       0.967       0.968       0.970       0.973       0.973       0.974

 NARACOMP ON
    F9AGE            0.170       0.179       0.183       0.207       0.230       0.235       0.243
    G                0.819       0.829       0.834       0.861       0.888       0.893       0.904

 WOLDCOMP ON
    F8AGE           -0.012      -0.001       0.005       0.036       0.066       0.072       0.083
    G                0.323       0.341       0.350       0.396       0.443       0.452       0.469

 NARACOMP WITH
    NARAACC          0.000       0.000       0.000       0.000       0.000       0.000       0.000
    COMBACC          0.000       0.000       0.000       0.000       0.000       0.000       0.000
    WOLDCOMP         0.000       0.000       0.000       0.000       0.000       0.000       0.000

 NARAACC  WITH
    COMBACC          0.000       0.000       0.000       0.000       0.000       0.000       0.000
    WOLDCOMP         0.000       0.000       0.000       0.000       0.000       0.000       0.000

 COMBACC  WITH
    WOLDCOMP         0.000       0.000       0.000       0.000       0.000       0.000       0.000

 F9AGE    WITH
    F8AGE           -0.007       0.009       0.017       0.058       0.100       0.108       0.124

 Means
    F8AGE           51.478      52.203      52.574      54.512      56.450      56.821      57.547
    F9AGE           30.163      30.593      30.813      31.963      33.112      33.332      33.762

 Intercepts
    NARACOMP        -4.887      -4.612      -4.472      -3.737      -3.002      -2.862      -2.587
    NARAACC         -4.597      -4.554      -4.532      -4.418      -4.303      -4.281      -4.238
    COMBACC         -3.424      -3.198      -3.082      -2.480      -1.877      -1.761      -1.536
    WOLDCOMP        -0.317       0.305       0.622       2.283       3.943       4.260       4.882

 Variances
    F8AGE            1.000       1.000       1.000       1.000       1.000       1.000       1.000
    F9AGE            1.000       1.000       1.000       1.000       1.000       1.000       1.000

 Residual Variances
    NARACOMP         0.138       0.157       0.166       0.216       0.265       0.275       0.293
    NARAACC          0.002       0.003       0.003       0.005       0.006       0.007       0.007
    COMBACC          0.178       0.194       0.202       0.245       0.289       0.297       0.313
    WOLDCOMP         0.784       0.797       0.805       0.842       0.879       0.886       0.900

Latent Class 6

 COMBACC  ON
    F9AGE            0.160       0.168       0.172       0.193       0.214       0.218       0.225
    G                0.926       0.933       0.936       0.953       0.970       0.974       0.980

 NARAACC  ON
    F9AGE            0.235       0.238       0.240       0.249       0.259       0.261       0.264
    G                0.964       0.965       0.966       0.968       0.971       0.971       0.972

 NARACOMP ON
    F9AGE            0.201       0.211       0.216       0.244       0.271       0.276       0.287
    G                0.919       0.924       0.927       0.941       0.955       0.958       0.964

 WOLDCOMP ON
    F8AGE           -0.012       0.000       0.006       0.037       0.069       0.075       0.087
    G                0.320       0.336       0.344       0.386       0.428       0.436       0.451

 NARACOMP WITH
    NARAACC          0.000       0.000       0.000       0.000       0.000       0.000       0.000
    COMBACC          0.000       0.000       0.000       0.000       0.000       0.000       0.000
    WOLDCOMP         0.000       0.000       0.000       0.000       0.000       0.000       0.000

 NARAACC  WITH
    COMBACC          0.000       0.000       0.000       0.000       0.000       0.000       0.000
    WOLDCOMP         0.000       0.000       0.000       0.000       0.000       0.000       0.000

 COMBACC  WITH
    WOLDCOMP         0.000       0.000       0.000       0.000       0.000       0.000       0.000

 F9AGE    WITH
    F8AGE           -0.007       0.009       0.017       0.058       0.100       0.108       0.124

 Means
    F8AGE           45.756      46.448      46.801      48.649      50.496      50.850      51.541
    F9AGE           29.235      29.612      29.805      30.811      31.817      32.010      32.387

 Intercepts
    NARACOMP        -5.312      -4.983      -4.814      -3.934      -3.054      -2.886      -2.556
    NARAACC         -4.975      -4.929      -4.906      -4.785      -4.664      -4.641      -4.595
    COMBACC         -4.228      -3.977      -3.848      -3.178      -2.508      -2.379      -2.128
    WOLDCOMP         0.111       0.693       0.990       2.544       4.098       4.395       4.977

 Variances
    F8AGE            1.000       1.000       1.000       1.000       1.000       1.000       1.000
    F9AGE            1.000       1.000       1.000       1.000       1.000       1.000       1.000

 Residual Variances
    NARACOMP         0.007       0.018       0.024       0.055       0.086       0.092       0.103
    NARAACC          0.000       0.000       0.000       0.000       0.001       0.001       0.001
    COMBACC          0.008       0.019       0.024       0.054       0.084       0.090       0.101
    WOLDCOMP         0.799       0.811       0.817       0.850       0.882       0.889       0.901


TECHNICAL 7 OUTPUT


     SAMPLE STATISTICS WEIGHTED BY ESTIMATED CLASS PROBABILITIES FOR CLASS 1


           Means
              NARACOMP      NARAACC       COMBACC       WOLDCOMP      F8AGE
              ________      ________      ________      ________      ________
               27.342        61.889        14.646         7.524       102.846


           Means
              F9AGE         G
              ________      ________
              118.213        -0.254


           Covariances
              NARACOMP      NARAACC       COMBACC       WOLDCOMP      F8AGE
              ________      ________      ________      ________      ________
 NARACOMP      50.165
 NARAACC       93.190       241.214
 COMBACC       10.454        36.945         9.154
 WOLDCOMP       6.473        10.022         1.007         3.670
 F8AGE         13.865        21.017         2.784         0.261         3.689
 F9AGE          1.728         2.653        -0.275        -1.803       -18.422
 G             17.344        44.591         7.126         2.403         9.204


           Covariances
              F9AGE         G
              ________      ________
 F9AGE         14.013
 G             -3.328         9.307


     SAMPLE STATISTICS WEIGHTED BY ESTIMATED CLASS PROBABILITIES FOR CLASS 2


           Means
              NARACOMP      NARAACC       COMBACC       WOLDCOMP      F8AGE
              ________      ________      ________      ________      ________
               23.394        67.329        13.936         6.935       102.904


           Means
              F9AGE         G
              ________      ________
              118.546         0.310


           Covariances
              NARACOMP      NARAACC       COMBACC       WOLDCOMP      F8AGE
              ________      ________      ________      ________      ________
 NARACOMP      47.874
 NARAACC      133.861       406.872
 COMBACC       25.620        80.314        16.506
 WOLDCOMP       5.049        12.789         2.859         3.223
 F8AGE         19.602        48.146        11.061         0.081         3.869
 F9AGE          0.175         0.451        -0.910        -2.044       -31.140
 G             25.296        76.603        15.481         2.982        17.937


           Covariances
              F9AGE         G
              ________      ________
 F9AGE         13.803
 G             -3.731        15.488


     SAMPLE STATISTICS WEIGHTED BY ESTIMATED CLASS PROBABILITIES FOR CLASS 3


           Means
              NARACOMP      NARAACC       COMBACC       WOLDCOMP      F8AGE
              ________      ________      ________      ________      ________
               23.966        61.045         9.140         7.718       102.914


           Means
              F9AGE         G
              ________      ________
              117.906        -0.857


           Covariances
              NARACOMP      NARAACC       COMBACC       WOLDCOMP      F8AGE
              ________      ________      ________      ________      ________
 NARACOMP      69.969
 NARAACC      183.384       524.242
 COMBACC       34.638       103.058        21.749
 WOLDCOMP      11.012        27.334         5.353         3.713
 F8AGE         52.260       123.697        21.915         0.105         3.957
 F9AGE          0.966         2.568        -0.208        -2.248       -23.361
 G             34.606        98.602        19.639         5.800        29.928


           Covariances
              F9AGE         G
              ________      ________
 F9AGE         10.806
 G             -2.491        19.375


     SAMPLE STATISTICS WEIGHTED BY ESTIMATED CLASS PROBABILITIES FOR CLASS 4


           Means
              NARACOMP      NARAACC       COMBACC       WOLDCOMP      F8AGE
              ________      ________      ________      ________      ________
               21.464        72.917        12.115         6.864       102.970


           Means
              F9AGE         G
              ________      ________
              118.251         1.076


           Covariances
              NARACOMP      NARAACC       COMBACC       WOLDCOMP      F8AGE
              ________      ________      ________      ________      ________
 NARACOMP      43.204
 NARAACC      113.463       404.830
 COMBACC       20.429        86.791        24.528
 WOLDCOMP       6.395        15.142         2.278         3.419
 F8AGE         28.513        50.826         0.770         0.028         3.789
 F9AGE          0.827         5.189         0.398        -2.165       -25.094
 G             21.272        74.643        16.467         3.404        16.216


           Covariances
              F9AGE         G
              ________      ________
 F9AGE         11.666
 G             -2.268        14.686


     SAMPLE STATISTICS WEIGHTED BY ESTIMATED CLASS PROBABILITIES FOR CLASS 5


           Means
              NARACOMP      NARAACC       COMBACC       WOLDCOMP      F8AGE
              ________      ________      ________      ________      ________
               24.321        65.669        12.823         8.036       115.225


           Means
              F9AGE         G
              ________      ________
              123.291        -1.308


           Covariances
              NARACOMP      NARAACC       COMBACC       WOLDCOMP      F8AGE
              ________      ________      ________      ________      ________
 NARACOMP      67.210
 NARAACC      149.355       491.126
 COMBACC       29.148        88.637        22.748
 WOLDCOMP      13.216        26.482         4.362         3.944
 F8AGE         18.907        33.719        -1.430        -1.733        13.769
 F9AGE          0.325        -1.972         0.023       -12.844      -159.465
 G             28.769        91.906        17.180         8.593        48.848


           Covariances
              F9AGE         G
              ________      ________
 F9AGE         35.025
 G             -9.835        19.853


     SAMPLE STATISTICS WEIGHTED BY ESTIMATED CLASS PROBABILITIES FOR CLASS 6


           Means
              NARACOMP      NARAACC       COMBACC       WOLDCOMP      F8AGE
              ________      ________      ________      ________      ________
               28.823        67.320        12.653         8.148       102.860


           Means
              F9AGE         G
              ________      ________
              118.849         0.352


           Covariances
              NARACOMP      NARAACC       COMBACC       WOLDCOMP      F8AGE
              ________      ________      ________      ________      ________
 NARACOMP      58.178
 NARAACC      156.594       449.711
 COMBACC       29.955        88.806        17.853
 WOLDCOMP       9.601        25.371         5.093         3.542
 F8AGE         41.917       119.089        24.907         0.008         3.910
 F9AGE          0.861         2.680        -0.618        -3.587       -34.476
 G             29.457        84.315        17.008         5.783        32.127


           Covariances
              F9AGE         G
              ________      ________
 F9AGE         16.222
 G             -3.975        17.052


TECHNICAL 11 OUTPUT

     Random Starts Specifications for the k-1 Class Analysis Model
        Number of initial stage random starts                  20
        Number of final stage optimizations                     4



     VUONG-LO-MENDELL-RUBIN LIKELIHOOD RATIO TEST FOR 5 (H0) VERSUS 6 CLASSES

          H0 Loglikelihood Value                       -44486.308
          2 Times the Loglikelihood Difference            649.258
          Difference in the Number of Parameters               11
          Mean                                            133.601
          Standard Deviation                              454.442
          P-Value                                          0.1282

     LO-MENDELL-RUBIN ADJUSTED LRT TEST

          Value                                           642.085
          P-Value                                          0.1316


TECHNICAL 14 OUTPUT

     Random Starts Specifications for the k-1 Class Analysis Model
        Number of initial stage random starts                  20
        Number of final stage optimizations                     4

     Random Starts Specification for the k-1 Class Model for Generated Data
        Number of initial stage random starts                   0
        Number of final stage optimizations for the
           initial stage random starts                          0
     Random Starts Specification for the k Class Model for Generated Data
        Number of initial stage random starts                   0
        Number of final stage optimizations for the
           initial stage random starts                          0
     Number of bootstrap draws requested                      500


     PARAMETRIC BOOTSTRAPPED LIKELIHOOD RATIO TEST FOR 5 (H0) VERSUS 6 CLASSES

          H0 Loglikelihood Value                       -44486.308
          2 Times the Loglikelihood Difference            649.258
          Difference in the Number of Parameters               11
          Approximate P-Value                              0.0000
          Successful Bootstrap Draws                          499

     WARNING:  OF THE 499 BOOTSTRAP DRAWS, 500 DRAWS HAD BOTH A SMALLER LRT VALUE THAN THE
     OBSERVED LRT VALUE AND NOT A REPLICATED BEST LOGLIKELIHOOD VALUE FOR THE 6-CLASS MODEL.
     THIS MEANS THAT THE P-VALUE MAY NOT BE TRUSTWORTHY DUE TO LOCAL MAXIMA.
     INCREASE THE NUMBER OF RANDOM STARTS USING THE LRTSTARTS OPTION.


     WARNING:  1 OUT OF 500 BOOTSTRAP DRAWS DID NOT CONVERGE.
     INCREASE THE NUMBER OF RANDOM STARTS USING THE LRTSTARTS OPTION.



PLOT INFORMATION

The following plots are available:

  Histograms (sample values, estimated values, residuals)
  Scatterplots (sample values, estimated values, residuals)
  Estimated overall and class-specific distributions
  Estimated probabilities for a categorical latent variable as a
    function of its covariates

SAVEDATA INFORMATION


  Save file
    sv_lpa4_6class.dat

  Order and format of variables

    NARACOMP       F10.3
    NARAACC        F10.3
    COMBACC        F10.3
    WOLDCOMP       F10.3
    F8AGE          F10.3
    F9AGE          F10.3
    G              F10.3
    CPROB1         F10.3
    CPROB2         F10.3
    CPROB3         F10.3
    CPROB4         F10.3
    CPROB5         F10.3
    CPROB6         F10.3
    C              F10.3
    CIDB3153       I6

  Save file format
    14F10.3 I6

  Save file record length    10000

  Save missing symbol        *


     Beginning Time:  09:24:20
        Ending Time:  09:32:34
       Elapsed Time:  00:08:14



MUTHEN & MUTHEN
3463 Stoner Ave.
Los Angeles, CA  90066

Tel: (310) 391-9971
Fax: (310) 391-8971
Web: www.StatModel.com
Support: Support@StatModel.com

Copyright (c) 1998-2020 Muthen & Muthen
