Mplus VERSION 8.5
MUTHEN & MUTHEN
08/05/2021   9:24 AM

INPUT INSTRUCTIONS

  TITLE:
  Confirmatory Factor Analysis - 5-factor (split execfun, no wiscode, no sdqHyp);
  DATA:
  FILE = "./mplus_models/compprof/cfa/cp_cfa_5fnoSDQ_881676f4cb810fab02cb087069d5715d.dat";

  VARIABLE:
  NAMES = naraAcc combAcc woldComp f8age f9age f10age woldVcb wiscVcb wiscPcmp
       wiscParr wiscBloc wiscObja wiscBwsp cntspan attnSel attnDiv attnOpp;
   MISSING=.;

  DEFINE:
   naraAcc = naraAcc/5; wiscVcb = wiscVcb/2;
            wiscPcmp = wiscPcmp/2; wiscParr = wiscParr/5;
            wiscBloc = wiscBloc/6; wiscObja = wiscObja/5; attnDiv = attnDiv/20;
            attnOpp = attnOpp/4;
  ANALYSIS:
  estimator = mlr; type = general; starts = 20;
  MODEL:
   f8age; f9age; f10age;
              lang perfiq wiscBwsp attn on f8age;
              cntSpan on f10age;
              acc on f9age;
              acc by combAcc naraAcc;
              lang by woldComp wiscVcb woldVcb;
              perfiq by wiscPcmp wiscParr wiscBloc wiscObja;
              workmem by wiscBwsp cntSpan;
              attn by attnSel attnDiv attnOpp;
              acc with lang;
              acc with perfiq; acc with workmem;
              lang with perfiq;
              lang with workmem;
              perfiq with workmem;
              attn with acc; attn with lang;
  OUTPUT:
  TECH1; TECH4; stdyx; modindices;
  PLOT:
  TYPE = PLOT3;



INPUT READING TERMINATED NORMALLY




Confirmatory Factor Analysis - 5-factor (split execfun, no wiscode, no sdqHyp);

SUMMARY OF ANALYSIS

Number of groups                                                 1
Number of observations                                         248

Number of dependent variables                                   14
Number of independent variables                                  3
Number of continuous latent variables                            5

Observed dependent variables

  Continuous
   NARAACC     COMBACC     WOLDCOMP    WOLDVCB     WISCVCB     WISCPCMP
   WISCPARR    WISCBLOC    WISCOBJA    WISCBWSP    CNTSPAN     ATTNSEL
   ATTNDIV     ATTNOPP

Observed independent variables
   F8AGE       F9AGE       F10AGE

Continuous latent variables
   ACC         LANG        PERFIQ      WORKMEM     ATTN


Estimator                                                      MLR
Information matrix                                        OBSERVED
Maximum number of iterations                                  1000
Convergence criterion                                    0.500D-04
Maximum number of steepest descent iterations                   20
Maximum number of iterations for H1                           2000
Convergence criterion for H1                             0.100D-03
Random Starts Specifications
  Number of random starts                                       20
  Random starts scale                                    0.500D+01

Input data file(s)
  ./mplus_models/compprof/cfa/cp_cfa_5fnoSDQ_881676f4cb810fab02cb087069d5715d.da

Input data format  FREE


SUMMARY OF DATA

     Number of missing data patterns            32


COVARIANCE COVERAGE OF DATA

Minimum covariance coverage value   0.100


     PROPORTION OF DATA PRESENT


           Covariance Coverage
              NARAACC       COMBACC       WOLDCOMP      WOLDVCB       WISCVCB
              ________      ________      ________      ________      ________
 NARAACC        1.000
 COMBACC        1.000         1.000
 WOLDCOMP       0.794         0.794         0.794
 WOLDVCB        0.774         0.774         0.774         0.774
 WISCVCB        0.786         0.786         0.774         0.758         0.786
 WISCPCMP       0.794         0.794         0.782         0.762         0.786
 WISCPARR       0.778         0.778         0.766         0.750         0.774
 WISCBLOC       0.754         0.754         0.746         0.730         0.750
 WISCOBJA       0.754         0.754         0.742         0.726         0.750
 WISCBWSP       0.774         0.774         0.762         0.750         0.770
 CNTSPAN        0.855         0.855         0.677         0.665         0.677
 ATTNSEL        0.778         0.778         0.766         0.754         0.766
 ATTNDIV        0.738         0.738         0.726         0.714         0.730
 ATTNOPP        0.778         0.778         0.766         0.750         0.766
 F8AGE          0.806         0.806         0.794         0.774         0.786
 F9AGE          1.000         1.000         0.794         0.774         0.786
 F10AGE         0.899         0.899         0.714         0.698         0.706


           Covariance Coverage
              WISCPCMP      WISCPARR      WISCBLOC      WISCOBJA      WISCBWSP
              ________      ________      ________      ________      ________
 WISCPCMP       0.794
 WISCPARR       0.778         0.778
 WISCBLOC       0.754         0.742         0.754
 WISCOBJA       0.754         0.746         0.726         0.754
 WISCBWSP       0.774         0.762         0.742         0.742         0.774
 CNTSPAN        0.681         0.669         0.653         0.657         0.673
 ATTNSEL        0.770         0.762         0.734         0.738         0.758
 ATTNDIV        0.734         0.722         0.702         0.698         0.722
 ATTNOPP        0.770         0.758         0.734         0.734         0.754
 F8AGE          0.794         0.778         0.754         0.754         0.774
 F9AGE          0.794         0.778         0.754         0.754         0.774
 F10AGE         0.714         0.698         0.681         0.681         0.702


           Covariance Coverage
              CNTSPAN       ATTNSEL       ATTNDIV       ATTNOPP       F8AGE
              ________      ________      ________      ________      ________
 CNTSPAN        0.855
 ATTNSEL        0.673         0.778
 ATTNDIV        0.645         0.734         0.738
 ATTNOPP        0.669         0.770         0.730         0.778
 F8AGE          0.690         0.778         0.738         0.778         0.806
 F9AGE          0.855         0.778         0.738         0.778         0.806
 F10AGE         0.855         0.702         0.665         0.698         0.726


           Covariance Coverage
              F9AGE         F10AGE
              ________      ________
 F9AGE          1.000
 F10AGE         0.899         0.899



UNIVARIATE SAMPLE STATISTICS


     UNIVARIATE HIGHER-ORDER MOMENT DESCRIPTIVE STATISTICS

         Variable/         Mean/     Skewness/   Minimum/ % with                Percentiles
        Sample Size      Variance    Kurtosis    Maximum  Min/Max      20%/60%    40%/80%    Median

     NARAACC              10.156       0.717       3.200    0.40%       8.000      9.200      9.800
             248.000       7.182       0.752      19.200    0.40%      10.400     12.000
     COMBACC              12.448       0.293       8.000    5.65%      10.000     12.000     12.000
             248.000       6.554      -0.508      19.000    0.40%      13.000     15.000
     WOLDCOMP              6.360      -0.217       2.000    1.52%       5.000      6.000      6.000
             197.000       2.434       0.263      10.000    2.03%       7.000      8.000
     WOLDVCB               5.974      -0.435       0.000    0.52%       4.000      6.000      6.000
             192.000       3.921      -0.090      10.000    1.56%       7.000      8.000
     WISCVCB               8.826       0.138       0.000    1.03%       7.000      8.000      9.000
             195.000       7.518       1.525      18.000    1.03%       9.000     11.000
     WISCPCMP              6.959      -0.464       0.000    0.51%       5.000      7.000      7.000
             197.000       5.582      -0.133      12.000    2.03%       8.000      9.000
     WISCPARR              2.944       0.683       0.600    5.70%       0.800      2.200      2.400
             193.000       3.723      -0.226       8.800    0.52%       3.200      4.400
     WISCBLOC              4.643       0.119       0.833    0.53%       2.667      4.000      4.667
             187.000       3.962      -0.458       9.833    0.53%       5.333      6.333
     WISCOBJA              4.180       0.174       0.600    0.53%       2.600      3.400      3.600
             187.000       3.107      -1.132       7.600    1.60%       4.400      6.200
     WISCBWSP              3.208       0.898       1.000    1.04%       3.000      3.000      3.000
             192.000       0.582       3.695       7.000    0.52%       3.000      4.000
     CNTSPAN               3.083      -0.404       0.500    3.30%       2.500      3.000      3.000
             212.000       0.733       1.281       5.000    3.77%       3.500      3.500
     ATTNSEL               5.819       3.824       0.000    0.52%       4.195      4.928      5.316
             193.000       8.292      22.909      27.900    0.52%       5.809      6.794
     ATTNDIV               0.358       5.688      -0.184    0.55%       0.010      0.085      0.147
             183.000       0.608      42.130       7.506    0.55%       0.208      0.457
     ATTNOPP               1.322       4.445      -0.500    0.52%       0.625      1.000      1.125
             193.000       1.270      32.683      11.375    0.52%       1.250      1.750
     F8AGE               103.565       2.190      99.000    2.50%     102.000    102.000    103.000
             200.000      10.286       5.717     117.000    1.50%     103.000    105.000
     F9AGE               118.637       0.864     110.000    0.40%     115.000    117.000    118.000
             248.000      15.852       0.512     135.000    0.40%     118.000    122.000
     F10AGE              127.448       1.799     120.000    0.45%     125.000    126.000    127.000
             223.000      10.274       4.244     142.000    0.45%     127.000    129.000


RANDOM STARTS RESULTS RANKED FROM THE BEST TO THE WORST FIT FUNCTION VALUES

Fit function values at local maxima and random start numbers:

            133.0780         20
            133.0780         14
            133.0780         12
            133.0780         5
            133.0780         8
            133.0780         6
            133.0780         15
            133.0780         19
            133.0780         1
            133.0780         18
            133.0780         7
            133.0780         10
            133.0780         17
            133.0780         3
            133.0780         unperturbed
            133.0780         16
            133.0780         13

4 starting value run(s) did not converge.



MODEL FIT INFORMATION

Number of Free Parameters                       69

Loglikelihood

          H0 Value                       -7051.707
          H0 Scaling Correction Factor      2.0013
            for MLR
          H1 Value                       -6985.168
          H1 Scaling Correction Factor      1.3462
            for MLR

Information Criteria

          Akaike (AIC)                   14241.414
          Bayesian (BIC)                 14483.841
          Sample-Size Adjusted BIC       14265.109
            (n* = (n + 2) / 24)

Chi-Square Test of Model Fit

          Value                            148.073*
          Degrees of Freedom                   101
          P-Value                           0.0016
          Scaling Correction Factor         0.8987
            for MLR

*   The chi-square value for MLM, MLMV, MLR, ULSMV, WLSM and WLSMV cannot be used
    for chi-square difference testing in the regular way.  MLM, MLR and WLSM
    chi-square difference testing is described on the Mplus website.  MLMV, WLSMV,
    and ULSMV difference testing is done using the DIFFTEST option.

RMSEA (Root Mean Square Error Of Approximation)

          Estimate                           0.043
          90 Percent C.I.                    0.027  0.058
          Probability RMSEA <= .05           0.762

CFI/TLI

          CFI                                0.895
          TLI                                0.862

Chi-Square Test of Model Fit for the Baseline Model

          Value                            582.418
          Degrees of Freedom                   133
          P-Value                           0.0000

SRMR (Standardized Root Mean Square Residual)

          Value                              0.074



MODEL RESULTS

                                                    Two-Tailed
                    Estimate       S.E.  Est./S.E.    P-Value

 ACC      BY
    COMBACC            1.000      0.000    999.000    999.000
    NARAACC            1.516      0.901      1.683      0.092

 LANG     BY
    WOLDCOMP           1.000      0.000    999.000    999.000
    WISCVCB            1.442      0.302      4.769      0.000
    WOLDVCB            1.348      0.254      5.299      0.000

 PERFIQ   BY
    WISCPCMP           1.000      0.000    999.000    999.000
    WISCPARR           0.784      0.173      4.543      0.000
    WISCBLOC           1.289      0.283      4.551      0.000
    WISCOBJA           1.069      0.180      5.936      0.000

 WORKMEM  BY
    WISCBWSP           1.000      0.000    999.000    999.000
    CNTSPAN            0.765      0.282      2.714      0.007

 ATTN     BY
    ATTNSEL            1.000      0.000    999.000    999.000
    ATTNDIV            0.187      0.113      1.653      0.098
    ATTNOPP            0.298      0.076      3.913      0.000

 LANG     ON
    F8AGE              0.046      0.028      1.641      0.101

 PERFIQ   ON
    F8AGE              0.041      0.034      1.219      0.223

 ATTN     ON
    F8AGE             -0.053      0.042     -1.274      0.203

 ACC      ON
    F9AGE              0.037      0.033      1.101      0.271

 WISCBWSP ON
    F8AGE              0.042      0.027      1.600      0.110

 CNTSPAN  ON
    F10AGE             0.026      0.022      1.174      0.240

 ACC      WITH
    LANG              -0.022      0.192     -0.115      0.908
    PERFIQ            -0.177      0.253     -0.702      0.483
    WORKMEM            0.298      0.260      1.148      0.251
    ATTN               0.192      0.273      0.703      0.482

 LANG     WITH
    PERFIQ             0.435      0.172      2.521      0.012
    WORKMEM            0.289      0.081      3.588      0.000
    ATTN              -0.421      0.215     -1.958      0.050

 PERFIQ   WITH
    WORKMEM            0.193      0.088      2.195      0.028

 ATTN     WITH
    PERFIQ            -1.036      0.388     -2.672      0.008

 F8AGE    WITH
    WORKMEM           -0.111      0.242     -0.459      0.646

 F9AGE    WITH
    WORKMEM            0.224      0.224      1.000      0.317

 F10AGE   WITH
    WORKMEM           -0.138      0.183     -0.757      0.449

 F9AGE    WITH
    F8AGE              3.466      1.346      2.574      0.010

 F10AGE   WITH
    F8AGE              0.898      0.909      0.987      0.324
    F9AGE              4.902      1.023      4.793      0.000

 Means
    F8AGE            103.655      0.245    423.748      0.000
    F9AGE            118.637      0.253    469.247      0.000
    F10AGE           127.514      0.218    585.553      0.000

 Intercepts
    NARAACC            3.540      5.470      0.647      0.518
    COMBACC            8.084      3.970      2.036      0.042
    WOLDCOMP           1.573      2.912      0.540      0.589
    WOLDVCB           -0.495      4.064     -0.122      0.903
    WISCVCB            1.905      4.537      0.420      0.675
    WISCPCMP           2.662      3.516      0.757      0.449
    WISCPARR          -0.434      2.647     -0.164      0.870
    WISCBLOC          -0.934      4.424     -0.211      0.833
    WISCOBJA          -0.447      3.677     -0.122      0.903
    WISCBWSP          -1.185      2.749     -0.431      0.666
    CNTSPAN           -0.216      2.815     -0.077      0.939
    ATTNSEL           11.359      4.356      2.607      0.009
    ATTNDIV            1.412      1.092      1.293      0.196
    ATTNOPP            2.971      1.090      2.726      0.006

 Variances
    F8AGE             10.395      2.050      5.070      0.000
    F9AGE             15.852      1.595      9.936      0.000
    F10AGE            10.241      1.709      5.993      0.000
    WORKMEM            0.162      0.091      1.788      0.074

 Residual Variances
    NARAACC            0.948      3.665      0.259      0.796
    COMBACC            3.842      1.602      2.398      0.017
    WOLDCOMP           1.474      0.208      7.096      0.000
    WOLDVCB            2.189      0.361      6.069      0.000
    WISCVCB            5.536      0.848      6.525      0.000
    WISCPCMP           4.275      0.618      6.923      0.000
    WISCPARR           2.923      0.347      8.429      0.000
    WISCBLOC           1.827      0.390      4.689      0.000
    WISCOBJA           1.621      0.258      6.290      0.000
    WISCBWSP           0.420      0.079      5.342      0.000
    CNTSPAN            0.644      0.096      6.684      0.000
    ATTNSEL            3.787      1.512      2.504      0.012
    ATTNDIV            0.491      0.261      1.880      0.060
    ATTNOPP            0.869      0.187      4.647      0.000
    ACC                2.700      1.626      1.660      0.097
    LANG               0.904      0.250      3.609      0.000
    PERFIQ             1.236      0.429      2.883      0.004
    ATTN               4.463      3.710      1.203      0.229


STANDARDIZED MODEL RESULTS


STDYX Standardization

                                                    Two-Tailed
                    Estimate       S.E.  Est./S.E.    P-Value

 ACC      BY
    COMBACC            0.644      0.190      3.386      0.001
    NARAACC            0.932      0.274      3.405      0.001

 LANG     BY
    WOLDCOMP           0.621      0.066      9.479      0.000
    WISCVCB            0.508      0.071      7.200      0.000
    WOLDVCB            0.659      0.070      9.451      0.000

 PERFIQ   BY
    WISCPCMP           0.476      0.081      5.862      0.000
    WISCPARR           0.457      0.067      6.849      0.000
    WISCBLOC           0.730      0.066     10.992      0.000
    WISCOBJA           0.685      0.060     11.414      0.000

 WORKMEM  BY
    WISCBWSP           0.523      0.120      4.347      0.000
    CNTSPAN            0.358      0.110      3.240      0.001

 ATTN     BY
    ATTNSEL            0.737      0.190      3.883      0.000
    ATTNDIV            0.492      0.173      2.847      0.004
    ATTNOPP            0.561      0.201      2.789      0.005

 LANG     ON
    F8AGE              0.155      0.101      1.527      0.127

 PERFIQ   ON
    F8AGE              0.119      0.099      1.205      0.228

 ATTN     ON
    F8AGE             -0.081      0.075     -1.087      0.277

 ACC      ON
    F9AGE              0.089      0.071      1.242      0.214

 WISCBWSP ON
    F8AGE              0.178      0.112      1.589      0.112

 CNTSPAN  ON
    F10AGE             0.096      0.081      1.196      0.232

 ACC      WITH
    LANG              -0.014      0.125     -0.113      0.910
    PERFIQ            -0.097      0.162     -0.599      0.549
    WORKMEM            0.451      0.261      1.732      0.083
    ATTN               0.055      0.074      0.747      0.455

 LANG     WITH
    PERFIQ             0.411      0.116      3.545      0.000
    WORKMEM            0.757      0.190      3.972      0.000
    ATTN              -0.209      0.095     -2.212      0.027

 PERFIQ   WITH
    WORKMEM            0.431      0.164      2.625      0.009

 ATTN     WITH
    PERFIQ            -0.441      0.214     -2.065      0.039

 F8AGE    WITH
    WORKMEM           -0.086      0.186     -0.461      0.645

 F9AGE    WITH
    WORKMEM            0.140      0.143      0.976      0.329

 F10AGE   WITH
    WORKMEM           -0.108      0.137     -0.784      0.433

 F9AGE    WITH
    F8AGE              0.270      0.087      3.092      0.002

 F10AGE   WITH
    F8AGE              0.087      0.087      1.001      0.317
    F9AGE              0.385      0.059      6.490      0.000

 Means
    F8AGE             32.150      3.110     10.336      0.000
    F9AGE             29.797      1.466     20.328      0.000
    F10AGE            39.846      3.275     12.168      0.000

 Intercepts
    NARAACC            1.319      2.051      0.643      0.520
    COMBACC            3.156      1.569      2.011      0.044
    WOLDCOMP           1.015      1.879      0.540      0.589
    WOLDVCB           -0.252      2.067     -0.122      0.903
    WISCVCB            0.697      1.667      0.419      0.676
    WISCPCMP           1.132      1.498      0.756      0.450
    WISCPARR          -0.226      1.376     -0.164      0.870
    WISCBLOC          -0.472      2.232     -0.211      0.833
    WISCOBJA          -0.256      2.103     -0.122      0.903
    WISCBWSP          -1.541      3.568     -0.432      0.666
    CNTSPAN           -0.251      3.266     -0.077      0.939
    ATTNSEL            3.948      1.614      2.446      0.014
    ATTNDIV            1.756      1.293      1.358      0.174
    ATTNOPP            2.639      1.123      2.349      0.019

 Variances
    F8AGE              1.000      0.000    999.000    999.000
    F9AGE              1.000      0.000    999.000    999.000
    F10AGE             1.000      0.000    999.000    999.000
    WORKMEM            1.000      0.000    999.000    999.000

 Residual Variances
    NARAACC            0.132      0.510      0.258      0.796
    COMBACC            0.585      0.245      2.390      0.017
    WOLDCOMP           0.614      0.081      7.543      0.000
    WOLDVCB            0.565      0.092      6.144      0.000
    WISCVCB            0.742      0.072     10.346      0.000
    WISCPCMP           0.773      0.077      9.991      0.000
    WISCPARR           0.791      0.061     12.989      0.000
    WISCBLOC           0.467      0.097      4.819      0.000
    WISCOBJA           0.531      0.082      6.450      0.000
    WISCBWSP           0.711      0.126      5.652      0.000
    CNTSPAN            0.870      0.077     11.362      0.000
    ATTNSEL            0.457      0.279      1.637      0.102
    ATTNDIV            0.758      0.170      4.468      0.000
    ATTNOPP            0.686      0.225      3.042      0.002
    ACC                0.992      0.013     78.193      0.000
    LANG               0.976      0.031     31.072      0.000
    PERFIQ             0.986      0.024     41.788      0.000
    ATTN               0.993      0.012     82.207      0.000


R-SQUARE

    Observed                                        Two-Tailed
    Variable        Estimate       S.E.  Est./S.E.    P-Value

    NARAACC            0.868      0.510      1.702      0.089
    COMBACC            0.415      0.245      1.693      0.090
    WOLDCOMP           0.386      0.081      4.739      0.000
    WOLDVCB            0.435      0.092      4.726      0.000
    WISCVCB            0.258      0.072      3.600      0.000
    WISCPCMP           0.227      0.077      2.931      0.003
    WISCPARR           0.209      0.061      3.424      0.001
    WISCBLOC           0.533      0.097      5.496      0.000
    WISCOBJA           0.469      0.082      5.707      0.000
    WISCBWSP           0.289      0.126      2.302      0.021
    CNTSPAN            0.130      0.077      1.696      0.090
    ATTNSEL            0.543      0.279      1.941      0.052
    ATTNDIV            0.242      0.170      1.424      0.155
    ATTNOPP            0.314      0.225      1.394      0.163

     Latent                                         Two-Tailed
    Variable        Estimate       S.E.  Est./S.E.    P-Value

    ACC                0.008      0.013      0.621      0.535
    LANG               0.024      0.031      0.763      0.445
    PERFIQ             0.014      0.024      0.603      0.547
    ATTN               0.007      0.012      0.544      0.587


QUALITY OF NUMERICAL RESULTS

     Condition Number for the Information Matrix              0.400E-08
       (ratio of smallest to largest eigenvalue)


MODEL MODIFICATION INDICES

NOTE:  Modification indices for direct effects of observed dependent variables
regressed on covariates may not be included.  To include these, request
MODINDICES (ALL).

Minimum M.I. value for printing the modification index    10.000

                                   M.I.     E.P.C.  Std E.P.C.  StdYX E.P.C.

ON/BY Statements

CNTSPAN  ON ATTN     /
ATTN     BY CNTSPAN               10.979    -0.118     -0.249       -0.290
WORKMEM  ON ACC      /
ACC      BY WORKMEM               11.925    -2.195     -8.999       -8.999
WORKMEM  ON LANG     /
LANG     BY WORKMEM               11.924     1.002      2.397        2.397
WORKMEM  ON PERFIQ   /
PERFIQ   BY WORKMEM               11.924     0.407      1.133        1.133
WORKMEM  ON ATTN     /
ATTN     BY WORKMEM               11.925    -0.094     -0.498       -0.498
ATTN     ON ACC      /
ACC      BY ATTN                  11.424    -1.309     -1.019       -1.019
ATTN     ON LANG     /
LANG     BY ATTN                  11.925    -1.457     -0.661       -0.661
ATTN     ON PERFIQ   /
PERFIQ   BY ATTN                  11.924    -2.188     -1.156       -1.156
ATTN     ON WORKMEM  /
WORKMEM  BY ATTN                  14.857    -2.825     -0.536       -0.536

ON Statements

ATTN     ON CNTSPAN               11.345    -0.724     -0.341       -0.294

WITH Statements

ATTN     WITH WORKMEM             11.925    -0.422     -0.496       -0.496


TECHNICAL 1 OUTPUT


     PARAMETER SPECIFICATION


           NU
              NARAACC       COMBACC       WOLDCOMP      WOLDVCB       WISCVCB
              ________      ________      ________      ________      ________
                  1             2             3             4             5


           NU
              WISCPCMP      WISCPARR      WISCBLOC      WISCOBJA      WISCBWSP
              ________      ________      ________      ________      ________
                  6             7             8             9             0


           NU
              CNTSPAN       ATTNSEL       ATTNDIV       ATTNOPP       F8AGE
              ________      ________      ________      ________      ________
                  0            10            11            12             0


           NU
              F9AGE         F10AGE
              ________      ________
                  0             0


           LAMBDA
              ACC           LANG          PERFIQ        WORKMEM       ATTN
              ________      ________      ________      ________      ________
 NARAACC           13             0             0             0             0
 COMBACC            0             0             0             0             0
 WOLDCOMP           0             0             0             0             0
 WOLDVCB            0            14             0             0             0
 WISCVCB            0            15             0             0             0
 WISCPCMP           0             0             0             0             0
 WISCPARR           0             0            16             0             0
 WISCBLOC           0             0            17             0             0
 WISCOBJA           0             0            18             0             0
 WISCBWSP           0             0             0             0             0
 CNTSPAN            0             0             0             0             0
 ATTNSEL            0             0             0             0             0
 ATTNDIV            0             0             0             0            19
 ATTNOPP            0             0             0             0            20
 F8AGE              0             0             0             0             0
 F9AGE              0             0             0             0             0
 F10AGE             0             0             0             0             0


           LAMBDA
              WISCBWSP      CNTSPAN       F8AGE         F9AGE         F10AGE
              ________      ________      ________      ________      ________
 NARAACC            0             0             0             0             0
 COMBACC            0             0             0             0             0
 WOLDCOMP           0             0             0             0             0
 WOLDVCB            0             0             0             0             0
 WISCVCB            0             0             0             0             0
 WISCPCMP           0             0             0             0             0
 WISCPARR           0             0             0             0             0
 WISCBLOC           0             0             0             0             0
 WISCOBJA           0             0             0             0             0
 WISCBWSP           0             0             0             0             0
 CNTSPAN            0             0             0             0             0
 ATTNSEL            0             0             0             0             0
 ATTNDIV            0             0             0             0             0
 ATTNOPP            0             0             0             0             0
 F8AGE              0             0             0             0             0
 F9AGE              0             0             0             0             0
 F10AGE             0             0             0             0             0


           THETA
              NARAACC       COMBACC       WOLDCOMP      WOLDVCB       WISCVCB
              ________      ________      ________      ________      ________
 NARAACC           21
 COMBACC            0            22
 WOLDCOMP           0             0            23
 WOLDVCB            0             0             0            24
 WISCVCB            0             0             0             0            25
 WISCPCMP           0             0             0             0             0
 WISCPARR           0             0             0             0             0
 WISCBLOC           0             0             0             0             0
 WISCOBJA           0             0             0             0             0
 WISCBWSP           0             0             0             0             0
 CNTSPAN            0             0             0             0             0
 ATTNSEL            0             0             0             0             0
 ATTNDIV            0             0             0             0             0
 ATTNOPP            0             0             0             0             0
 F8AGE              0             0             0             0             0
 F9AGE              0             0             0             0             0
 F10AGE             0             0             0             0             0


           THETA
              WISCPCMP      WISCPARR      WISCBLOC      WISCOBJA      WISCBWSP
              ________      ________      ________      ________      ________
 WISCPCMP          26
 WISCPARR           0            27
 WISCBLOC           0             0            28
 WISCOBJA           0             0             0            29
 WISCBWSP           0             0             0             0             0
 CNTSPAN            0             0             0             0             0
 ATTNSEL            0             0             0             0             0
 ATTNDIV            0             0             0             0             0
 ATTNOPP            0             0             0             0             0
 F8AGE              0             0             0             0             0
 F9AGE              0             0             0             0             0
 F10AGE             0             0             0             0             0


           THETA
              CNTSPAN       ATTNSEL       ATTNDIV       ATTNOPP       F8AGE
              ________      ________      ________      ________      ________
 CNTSPAN            0
 ATTNSEL            0            30
 ATTNDIV            0             0            31
 ATTNOPP            0             0             0            32
 F8AGE              0             0             0             0             0
 F9AGE              0             0             0             0             0
 F10AGE             0             0             0             0             0


           THETA
              F9AGE         F10AGE
              ________      ________
 F9AGE              0
 F10AGE             0             0


           ALPHA
              ACC           LANG          PERFIQ        WORKMEM       ATTN
              ________      ________      ________      ________      ________
                  0             0             0             0             0


           ALPHA
              WISCBWSP      CNTSPAN       F8AGE         F9AGE         F10AGE
              ________      ________      ________      ________      ________
                 33            34            35            36            37


           BETA
              ACC           LANG          PERFIQ        WORKMEM       ATTN
              ________      ________      ________      ________      ________
 ACC                0             0             0             0             0
 LANG               0             0             0             0             0
 PERFIQ             0             0             0             0             0
 WORKMEM            0             0             0             0             0
 ATTN               0             0             0             0             0
 WISCBWSP           0             0             0             0             0
 CNTSPAN            0             0             0            43             0
 F8AGE              0             0             0             0             0
 F9AGE              0             0             0             0             0
 F10AGE             0             0             0             0             0


           BETA
              WISCBWSP      CNTSPAN       F8AGE         F9AGE         F10AGE
              ________      ________      ________      ________      ________
 ACC                0             0             0            38             0
 LANG               0             0            39             0             0
 PERFIQ             0             0            40             0             0
 WORKMEM            0             0             0             0             0
 ATTN               0             0            41             0             0
 WISCBWSP           0             0            42             0             0
 CNTSPAN            0             0             0             0            44
 F8AGE              0             0             0             0             0
 F9AGE              0             0             0             0             0
 F10AGE             0             0             0             0             0


           PSI
              ACC           LANG          PERFIQ        WORKMEM       ATTN
              ________      ________      ________      ________      ________
 ACC               45
 LANG              46            47
 PERFIQ            48            49            50
 WORKMEM           51            52            53            54
 ATTN              55            56            57             0            58
 WISCBWSP           0             0             0             0             0
 CNTSPAN            0             0             0             0             0
 F8AGE              0             0             0            61             0
 F9AGE              0             0             0            63             0
 F10AGE             0             0             0            66             0


           PSI
              WISCBWSP      CNTSPAN       F8AGE         F9AGE         F10AGE
              ________      ________      ________      ________      ________
 WISCBWSP          59
 CNTSPAN            0            60
 F8AGE              0             0            62
 F9AGE              0             0            64            65
 F10AGE             0             0            67            68            69


     STARTING VALUES


           NU
              NARAACC       COMBACC       WOLDCOMP      WOLDVCB       WISCVCB
              ________      ________      ________      ________      ________
               10.156        12.448         6.360         5.974         8.826


           NU
              WISCPCMP      WISCPARR      WISCBLOC      WISCOBJA      WISCBWSP
              ________      ________      ________      ________      ________
                6.959         2.944         4.643         4.180         0.000


           NU
              CNTSPAN       ATTNSEL       ATTNDIV       ATTNOPP       F8AGE
              ________      ________      ________      ________      ________
                0.000         5.819         0.358         1.322         0.000


           NU
              F9AGE         F10AGE
              ________      ________
                0.000         0.000


           LAMBDA
              ACC           LANG          PERFIQ        WORKMEM       ATTN
              ________      ________      ________      ________      ________
 NARAACC        1.747         0.000         0.000         0.000         0.000
 COMBACC        1.000         0.000         0.000         0.000         0.000
 WOLDCOMP       0.000         1.000         0.000         0.000         0.000
 WOLDVCB        0.000         1.259         0.000         0.000         0.000
 WISCVCB        0.000         1.438         0.000         0.000         0.000
 WISCPCMP       0.000         0.000         1.000         0.000         0.000
 WISCPARR       0.000         0.000         0.797         0.000         0.000
 WISCBLOC       0.000         0.000         1.236         0.000         0.000
 WISCOBJA       0.000         0.000         1.230         0.000         0.000
 WISCBWSP       0.000         0.000         0.000         0.000         0.000
 CNTSPAN        0.000         0.000         0.000         0.000         0.000
 ATTNSEL        0.000         0.000         0.000         0.000         1.000
 ATTNDIV        0.000         0.000         0.000         0.000         0.086
 ATTNOPP        0.000         0.000         0.000         0.000         0.196
 F8AGE          0.000         0.000         0.000         0.000         0.000
 F9AGE          0.000         0.000         0.000         0.000         0.000
 F10AGE         0.000         0.000         0.000         0.000         0.000


           LAMBDA
              WISCBWSP      CNTSPAN       F8AGE         F9AGE         F10AGE
              ________      ________      ________      ________      ________
 NARAACC        0.000         0.000         0.000         0.000         0.000
 COMBACC        0.000         0.000         0.000         0.000         0.000
 WOLDCOMP       0.000         0.000         0.000         0.000         0.000
 WOLDVCB        0.000         0.000         0.000         0.000         0.000
 WISCVCB        0.000         0.000         0.000         0.000         0.000
 WISCPCMP       0.000         0.000         0.000         0.000         0.000
 WISCPARR       0.000         0.000         0.000         0.000         0.000
 WISCBLOC       0.000         0.000         0.000         0.000         0.000
 WISCOBJA       0.000         0.000         0.000         0.000         0.000
 WISCBWSP       1.000         0.000         0.000         0.000         0.000
 CNTSPAN        0.000         1.000         0.000         0.000         0.000
 ATTNSEL        0.000         0.000         0.000         0.000         0.000
 ATTNDIV        0.000         0.000         0.000         0.000         0.000
 ATTNOPP        0.000         0.000         0.000         0.000         0.000
 F8AGE          0.000         0.000         1.000         0.000         0.000
 F9AGE          0.000         0.000         0.000         1.000         0.000
 F10AGE         0.000         0.000         0.000         0.000         1.000


           THETA
              NARAACC       COMBACC       WOLDCOMP      WOLDVCB       WISCVCB
              ________      ________      ________      ________      ________
 NARAACC        3.591
 COMBACC        0.000         3.277
 WOLDCOMP       0.000         0.000         1.217
 WOLDVCB        0.000         0.000         0.000         1.961
 WISCVCB        0.000         0.000         0.000         0.000         3.759
 WISCPCMP       0.000         0.000         0.000         0.000         0.000
 WISCPARR       0.000         0.000         0.000         0.000         0.000
 WISCBLOC       0.000         0.000         0.000         0.000         0.000
 WISCOBJA       0.000         0.000         0.000         0.000         0.000
 WISCBWSP       0.000         0.000         0.000         0.000         0.000
 CNTSPAN        0.000         0.000         0.000         0.000         0.000
 ATTNSEL        0.000         0.000         0.000         0.000         0.000
 ATTNDIV        0.000         0.000         0.000         0.000         0.000
 ATTNOPP        0.000         0.000         0.000         0.000         0.000
 F8AGE          0.000         0.000         0.000         0.000         0.000
 F9AGE          0.000         0.000         0.000         0.000         0.000
 F10AGE         0.000         0.000         0.000         0.000         0.000


           THETA
              WISCPCMP      WISCPARR      WISCBLOC      WISCOBJA      WISCBWSP
              ________      ________      ________      ________      ________
 WISCPCMP       2.791
 WISCPARR       0.000         1.862
 WISCBLOC       0.000         0.000         1.981
 WISCOBJA       0.000         0.000         0.000         1.553
 WISCBWSP       0.000         0.000         0.000         0.000         0.000
 CNTSPAN        0.000         0.000         0.000         0.000         0.000
 ATTNSEL        0.000         0.000         0.000         0.000         0.000
 ATTNDIV        0.000         0.000         0.000         0.000         0.000
 ATTNOPP        0.000         0.000         0.000         0.000         0.000
 F8AGE          0.000         0.000         0.000         0.000         0.000
 F9AGE          0.000         0.000         0.000         0.000         0.000
 F10AGE         0.000         0.000         0.000         0.000         0.000


           THETA
              CNTSPAN       ATTNSEL       ATTNDIV       ATTNOPP       F8AGE
              ________      ________      ________      ________      ________
 CNTSPAN        0.000
 ATTNSEL        0.000         4.146
 ATTNDIV        0.000         0.000         0.304
 ATTNOPP        0.000         0.000         0.000         0.635
 F8AGE          0.000         0.000         0.000         0.000         0.000
 F9AGE          0.000         0.000         0.000         0.000         0.000
 F10AGE         0.000         0.000         0.000         0.000         0.000


           THETA
              F9AGE         F10AGE
              ________      ________
 F9AGE          0.000
 F10AGE         0.000         0.000


           ALPHA
              ACC           LANG          PERFIQ        WORKMEM       ATTN
              ________      ________      ________      ________      ________
                0.000         0.000         0.000         0.000         0.000


           ALPHA
              WISCBWSP      CNTSPAN       F8AGE         F9AGE         F10AGE
              ________      ________      ________      ________      ________
                3.208         3.083       103.565       118.637       127.448


           BETA
              ACC           LANG          PERFIQ        WORKMEM       ATTN
              ________      ________      ________      ________      ________
 ACC            0.000         0.000         0.000         0.000         0.000
 LANG           0.000         0.000         0.000         0.000         0.000
 PERFIQ         0.000         0.000         0.000         0.000         0.000
 WORKMEM        0.000         0.000         0.000         0.000         0.000
 ATTN           0.000         0.000         0.000         0.000         0.000
 WISCBWSP       0.000         0.000         0.000         1.000         0.000
 CNTSPAN        0.000         0.000         0.000         0.195         0.000
 F8AGE          0.000         0.000         0.000         0.000         0.000
 F9AGE          0.000         0.000         0.000         0.000         0.000
 F10AGE         0.000         0.000         0.000         0.000         0.000


           BETA
              WISCBWSP      CNTSPAN       F8AGE         F9AGE         F10AGE
              ________      ________      ________      ________      ________
 ACC            0.000         0.000         0.000         0.000         0.000
 LANG           0.000         0.000         0.000         0.000         0.000
 PERFIQ         0.000         0.000         0.000         0.000         0.000
 WORKMEM        0.000         0.000         0.000         0.000         0.000
 ATTN           0.000         0.000         0.000         0.000         0.000
 WISCBWSP       0.000         0.000         0.000         0.000         0.000
 CNTSPAN        0.000         0.000         0.000         0.000         0.000
 F8AGE          0.000         0.000         0.000         0.000         0.000
 F9AGE          0.000         0.000         0.000         0.000         0.000
 F10AGE         0.000         0.000         0.000         0.000         0.000


           PSI
              ACC           LANG          PERFIQ        WORKMEM       ATTN
              ________      ________      ________      ________      ________
 ACC            0.050
 LANG           0.000         0.050
 PERFIQ         0.000         0.000         0.050
 WORKMEM        0.000         0.000         0.000         0.050
 ATTN           0.000         0.000         0.000         0.000         0.050
 WISCBWSP       0.000         0.000         0.000         0.000         0.000
 CNTSPAN        0.000         0.000         0.000         0.000         0.000
 F8AGE          0.000         0.000         0.000         0.000         0.000
 F9AGE          0.000         0.000         0.000         0.000         0.000
 F10AGE         0.000         0.000         0.000         0.000         0.000


           PSI
              WISCBWSP      CNTSPAN       F8AGE         F9AGE         F10AGE
              ________      ________      ________      ________      ________
 WISCBWSP       0.291
 CNTSPAN        0.000         0.366
 F8AGE          0.000         0.000         5.143
 F9AGE          0.000         0.000         0.000         7.926
 F10AGE         0.000         0.000         0.000         0.000         5.137


TECHNICAL 4 OUTPUT


     ESTIMATES DERIVED FROM THE MODEL


           ESTIMATED MEANS FOR THE LATENT VARIABLES
              ACC           LANG          PERFIQ        WORKMEM       ATTN
              ________      ________      ________      ________      ________
                4.364         4.792         4.293         0.000        -5.524


           ESTIMATED MEANS FOR THE LATENT VARIABLES
              WISCBWSP      CNTSPAN       F8AGE         F9AGE         F10AGE
              ________      ________      ________      ________      ________
                3.217         3.086       103.655       118.637       127.514


           S.E. FOR ESTIMATED MEANS FOR THE LATENT VARIABLES
              ACC           LANG          PERFIQ        WORKMEM       ATTN
              ________      ________      ________      ________      ________
                3.960         2.920         3.523         0.000         4.337


           S.E. FOR ESTIMATED MEANS FOR THE LATENT VARIABLES
              WISCBWSP      CNTSPAN       F8AGE         F9AGE         F10AGE
              ________      ________      ________      ________      ________
                0.056         0.059         0.245         0.253         0.218


           EST./S.E. FOR ESTIMATED MEANS FOR THE LATENT VARIABLES
              ACC           LANG          PERFIQ        WORKMEM       ATTN
              ________      ________      ________      ________      ________
                1.102         1.641         1.218         0.000        -1.274


           EST./S.E. FOR ESTIMATED MEANS FOR THE LATENT VARIABLES
              WISCBWSP      CNTSPAN       F8AGE         F9AGE         F10AGE
              ________      ________      ________      ________      ________
               57.022        52.587       423.748       469.247       585.553


           TWO-TAILED P-VALUE FOR ESTIMATED MEANS FOR THE LATENT VARIABLES
              ACC           LANG          PERFIQ        WORKMEM       ATTN
              ________      ________      ________      ________      ________
                0.271         0.101         0.223         1.000         0.203


           TWO-TAILED P-VALUE FOR ESTIMATED MEANS FOR THE LATENT VARIABLES
              WISCBWSP      CNTSPAN       F8AGE         F9AGE         F10AGE
              ________      ________      ________      ________      ________
                0.000         0.000         0.000         0.000         0.000


           ESTIMATED COVARIANCE MATRIX FOR THE LATENT VARIABLES
              ACC           LANG          PERFIQ        WORKMEM       ATTN
              ________      ________      ________      ________      ________
 ACC            2.721
 LANG          -0.016         0.926
 PERFIQ        -0.172         0.455         1.254
 WORKMEM        0.307         0.284         0.188         0.162
 ATTN           0.185        -0.446        -1.059         0.006         4.492
 WISCBWSP       0.312         0.305         0.206         0.157        -0.018
 CNTSPAN        0.239         0.219         0.145         0.120         0.003
 F8AGE          0.127         0.481         0.431        -0.111        -0.554
 F9AGE          0.583         0.160         0.144         0.224        -0.185
 F10AGE         0.180         0.041         0.037        -0.138        -0.048


           ESTIMATED COVARIANCE MATRIX FOR THE LATENT VARIABLES
              WISCBWSP      CNTSPAN       F8AGE         F9AGE         F10AGE
              ________      ________      ________      ________      ________
 WISCBWSP       0.592
 CNTSPAN        0.118         0.740
 F8AGE          0.330        -0.062        10.395
 F9AGE          0.372         0.299         3.466        15.852
 F10AGE        -0.100         0.159         0.898         4.902        10.241


           S.E. FOR ESTIMATED COVARIANCE MATRIX FOR THE LATENT VARIABLES
              ACC           LANG          PERFIQ        WORKMEM       ATTN
              ________      ________      ________      ________      ________
 ACC            1.644
 LANG           0.193         0.246
 PERFIQ         0.255         0.178         0.436
 WORKMEM        0.265         0.080         0.088         0.091
 ATTN           0.273         0.221         0.395         0.012         3.708
 WISCBWSP       0.267         0.080         0.089         0.089         0.019
 CNTSPAN        0.193         0.091         0.072         0.057         0.009
 F8AGE          0.118         0.316         0.391         0.242         0.463
 F9AGE          0.525         0.107         0.140         0.224         0.167
 F10AGE         0.164         0.047         0.055         0.183         0.058


           S.E. FOR ESTIMATED COVARIANCE MATRIX FOR THE LATENT VARIABLES
              WISCBWSP      CNTSPAN       F8AGE         F9AGE         F10AGE
              ________      ________      ________      ________      ________
 WISCBWSP       0.103
 CNTSPAN        0.057         0.092
 F8AGE          0.216         0.174         2.050
 F9AGE          0.224         0.167         1.346         1.595
 F10AGE         0.178         0.176         0.909         1.023         1.709


           EST./S.E. FOR ESTIMATED COVARIANCE MATRIX FOR THE LATENT VARIABLES
              ACC           LANG          PERFIQ        WORKMEM       ATTN
              ________      ________      ________      ________      ________
 ACC            1.655
 LANG          -0.084         3.767
 PERFIQ        -0.676         2.550         2.876
 WORKMEM        1.159         3.559         2.127         1.788
 ATTN           0.679        -2.019        -2.681         0.475         1.211
 WISCBWSP       1.167         3.786         2.322         1.757        -0.918
 CNTSPAN        1.242         2.402         2.008         2.118         0.369
 F8AGE          1.078         1.519         1.101        -0.459        -1.197
 F9AGE          1.111         1.495         1.024         1.000        -1.108
 F10AGE         1.102         0.887         0.676        -0.757        -0.818


           EST./S.E. FOR ESTIMATED COVARIANCE MATRIX FOR THE LATENT VARIABLES
              WISCBWSP      CNTSPAN       F8AGE         F9AGE         F10AGE
              ________      ________      ________      ________      ________
 WISCBWSP       5.764
 CNTSPAN        2.079         8.024
 F8AGE          1.532        -0.355         5.070
 F9AGE          1.658         1.789         2.574         9.936
 F10AGE        -0.562         0.906         0.987         4.793         5.993


           TWO-TAILED P-VALUE FOR ESTIMATED COVARIANCE MATRIX FOR THE LATENT VARIABLES
              ACC           LANG          PERFIQ        WORKMEM       ATTN
              ________      ________      ________      ________      ________
 ACC            0.098
 LANG           0.933         0.000
 PERFIQ         0.499         0.011         0.004
 WORKMEM        0.247         0.000         0.033         0.074
 ATTN           0.497         0.044         0.007         0.635         0.226
 WISCBWSP       0.243         0.000         0.020         0.079         0.359
 CNTSPAN        0.214         0.016         0.045         0.034         0.712
 F8AGE          0.281         0.129         0.271         0.646         0.231
 F9AGE          0.267         0.135         0.306         0.317         0.268
 F10AGE         0.271         0.375         0.499         0.449         0.413


           TWO-TAILED P-VALUE FOR ESTIMATED COVARIANCE MATRIX FOR THE LATENT VARIABLES
              WISCBWSP      CNTSPAN       F8AGE         F9AGE         F10AGE
              ________      ________      ________      ________      ________
 WISCBWSP       0.000
 CNTSPAN        0.038         0.000
 F8AGE          0.126         0.723         0.000
 F9AGE          0.097         0.074         0.010         0.000
 F10AGE         0.574         0.365         0.324         0.000         0.000


           ESTIMATED CORRELATION MATRIX FOR THE LATENT VARIABLES
              ACC           LANG          PERFIQ        WORKMEM       ATTN
              ________      ________      ________      ________      ________
 ACC            1.000
 LANG          -0.010         1.000
 PERFIQ        -0.093         0.422         1.000
 WORKMEM        0.462         0.734         0.417         1.000
 ATTN           0.053        -0.219        -0.446         0.007         1.000
 WISCBWSP       0.246         0.412         0.240         0.508        -0.011
 CNTSPAN        0.169         0.264         0.150         0.347         0.002
 F8AGE          0.024         0.155         0.119        -0.086        -0.081
 F9AGE          0.089         0.042         0.032         0.140        -0.022
 F10AGE         0.034         0.013         0.010        -0.108        -0.007


           ESTIMATED CORRELATION MATRIX FOR THE LATENT VARIABLES
              WISCBWSP      CNTSPAN       F8AGE         F9AGE         F10AGE
              ________      ________      ________      ________      ________
 WISCBWSP       1.000
 CNTSPAN        0.178         1.000
 F8AGE          0.133        -0.022         1.000
 F9AGE          0.121         0.087         0.270         1.000
 F10AGE        -0.041         0.058         0.087         0.385         1.000


           S.E. FOR ESTIMATED CORRELATION MATRIX FOR THE LATENT VARIABLES
              ACC           LANG          PERFIQ        WORKMEM       ATTN
              ________      ________      ________      ________      ________
 ACC            0.000
 LANG           0.123         0.000
 PERFIQ         0.161         0.116         0.000
 WORKMEM        0.263         0.189         0.168         0.000
 ATTN           0.073         0.099         0.215         0.014         0.000
 WISCBWSP       0.143         0.069         0.083         0.125         0.013
 CNTSPAN        0.092         0.101         0.068         0.108         0.005
 F8AGE          0.020         0.101         0.099         0.186         0.075
 F9AGE          0.071         0.028         0.030         0.143         0.022
 F10AGE         0.028         0.015         0.015         0.137         0.009


           S.E. FOR ESTIMATED CORRELATION MATRIX FOR THE LATENT VARIABLES
              WISCBWSP      CNTSPAN       F8AGE         F9AGE         F10AGE
              ________      ________      ________      ________      ________
 WISCBWSP       0.000
 CNTSPAN        0.080         0.000
 F8AGE          0.081         0.063         0.000
 F9AGE          0.071         0.048         0.087         0.000
 F10AGE         0.072         0.063         0.087         0.059         0.000


           EST./S.E. FOR ESTIMATED CORRELATION MATRIX FOR THE LATENT VARIABLES
              ACC           LANG          PERFIQ        WORKMEM       ATTN
              ________      ________      ________      ________      ________
 ACC          999.000
 LANG          -0.083       999.000
 PERFIQ        -0.579         3.625       999.000
 WORKMEM        1.756         3.894         2.483       999.000
 ATTN           0.721        -2.220        -2.076         0.479       999.000
 WISCBWSP       1.719         5.980         2.889         4.068        -0.843
 CNTSPAN        1.837         2.617         2.200         3.211         0.371
 F8AGE          1.204         1.527         1.205        -0.461        -1.087
 F9AGE          1.242         1.474         1.068         0.976        -0.995
 F10AGE         1.236         0.895         0.695        -0.784        -0.776


           EST./S.E. FOR ESTIMATED CORRELATION MATRIX FOR THE LATENT VARIABLES
              WISCBWSP      CNTSPAN       F8AGE         F9AGE         F10AGE
              ________      ________      ________      ________      ________
 WISCBWSP     999.000
 CNTSPAN        2.234       999.000
 F8AGE          1.644        -0.353       999.000
 F9AGE          1.704         1.822         3.092       999.000
 F10AGE        -0.565         0.924         1.001         6.490       999.000


           TWO-TAILED P-VALUE FOR ESTIMATED CORRELATION MATRIX FOR THE LATENT VARIABLES
              ACC           LANG          PERFIQ        WORKMEM       ATTN
              ________      ________      ________      ________      ________
 ACC            0.000
 LANG           0.934         0.000
 PERFIQ         0.562         0.000         0.000
 WORKMEM        0.079         0.000         0.013         0.000
 ATTN           0.471         0.026         0.038         0.632         0.000
 WISCBWSP       0.086         0.000         0.004         0.000         0.399
 CNTSPAN        0.066         0.009         0.028         0.001         0.710
 F8AGE          0.229         0.127         0.228         0.645         0.277
 F9AGE          0.214         0.141         0.286         0.329         0.320
 F10AGE         0.217         0.371         0.487         0.433         0.438


           TWO-TAILED P-VALUE FOR ESTIMATED CORRELATION MATRIX FOR THE LATENT VARIABLES
              WISCBWSP      CNTSPAN       F8AGE         F9AGE         F10AGE
              ________      ________      ________      ________      ________
 WISCBWSP       0.000
 CNTSPAN        0.025         0.000
 F8AGE          0.100         0.724         0.000
 F9AGE          0.088         0.068         0.002         0.000
 F10AGE         0.572         0.355         0.317         0.000         0.000


SAMPLE STATISTICS FOR ESTIMATED FACTOR SCORES


     SAMPLE STATISTICS


           Means
              ACC           ACC_SE        LANG          LANG_SE       PERFIQ
              ________      ________      ________      ________      ________
                4.364         0.569         4.792         0.622         4.293


           Means
              PERFIQ_S      WORKMEM       WORKMEM_      ATTN          ATTN_SE
              ________      ________      ________      ________      ________
                0.683         0.000         0.237        -5.524         1.396


           Covariances
              ACC           ACC_SE        LANG          LANG_SE       PERFIQ
              ________      ________      ________      ________      ________
 ACC            2.388
 ACC_SE         0.000         0.000
 LANG          -0.022         0.000         0.541
 LANG_SE        0.029         0.000         0.000         0.024
 PERFIQ        -0.149         0.000         0.382        -0.003         0.783
 PERFIQ_S       0.046         0.000        -0.006         0.032        -0.008
 WORKMEM        0.272         0.000         0.162         0.003         0.123
 WORKMEM_       0.011         0.000         0.000         0.008        -0.001
 ATTN           0.061         0.000        -0.460         0.000        -0.843
 ATTN_SE        0.054         0.000         0.000         0.055        -0.015


           Covariances
              PERFIQ_S      WORKMEM       WORKMEM_      ATTN          ATTN_SE
              ________      ________      ________      ________      ________
 PERFIQ_S       0.046
 WORKMEM        0.004         0.097
 WORKMEM_       0.011         0.001         0.003
 ATTN           0.007        -0.099         0.001         2.407
 ATTN_SE        0.076         0.006         0.018         0.016         0.138


           Correlations
              ACC           ACC_SE        LANG          LANG_SE       PERFIQ
              ________      ________      ________      ________      ________
 ACC            1.000
 ACC_SE         0.136         1.000
 LANG          -0.019        -0.041         1.000
 LANG_SE        0.123         0.900        -0.004         1.000
 PERFIQ        -0.109        -0.077         0.587        -0.019         1.000
 PERFIQ_S       0.139         0.927        -0.036         0.965        -0.042
 WORKMEM        0.564         0.036         0.706         0.068         0.445
 WORKMEM_       0.135         0.936        -0.011         0.994        -0.032
 ATTN           0.025         0.052        -0.403         0.000        -0.614
 ATTN_SE        0.093         0.888         0.000         0.952        -0.046


           Correlations
              PERFIQ_S      WORKMEM       WORKMEM_      ATTN          ATTN_SE
              ________      ________      ________      ________      ________
 PERFIQ_S       1.000
 WORKMEM        0.053         1.000
 WORKMEM_       0.977         0.067         1.000
 ATTN           0.021        -0.205         0.015         1.000
 ATTN_SE        0.950         0.055         0.957         0.028         1.000


PLOT INFORMATION

The following plots are available:

  Histograms (sample values, estimated factor scores, estimated values, residuals)
  Scatterplots (sample values, estimated factor scores, estimated values, residuals)
  Latent variable distribution plots

     Beginning Time:  09:24:14
        Ending Time:  09:24:29
       Elapsed Time:  00:00:15



MUTHEN & MUTHEN
3463 Stoner Ave.
Los Angeles, CA  90066

Tel: (310) 391-9971
Fax: (310) 391-8971
Web: www.StatModel.com
Support: Support@StatModel.com

Copyright (c) 1998-2020 Muthen & Muthen
