Mplus VERSION 8.5
MUTHEN & MUTHEN
08/05/2021   9:26 AM

INPUT INSTRUCTIONS

  TITLE:
  Confirmatory Factor Analysis - 5-factor (split execfun, no wiscode, no sdqHyp);
  DATA:
  FILE = "./mplus_models/compprof/cfa/cp_cfa_5fnoSDQ_881676f4cb810fab02cb087069d5715d.dat";

  VARIABLE:
  NAMES = naraAcc combAcc woldComp f8age f9age f10age woldVcb wiscVcb wiscPcmp
       wiscParr wiscBloc wiscObja wiscBwsp cntspan attnSel attnDiv attnOpp;
   MISSING=.;

  DEFINE:
   naraAcc = naraAcc/5; wiscVcb = wiscVcb/2;
            wiscPcmp = wiscPcmp/2; wiscParr = wiscParr/5;
            wiscBloc = wiscBloc/6; wiscObja = wiscObja/5; attnDiv = attnDiv/20;
            attnOpp = attnOpp/4;
  ANALYSIS:
  estimator = mlr; type = general; starts = 20;
  MODEL:
   f8age; f9age; f10age;
              lang perfiq wiscBwsp attn on f8age;
              cntSpan on f10age;
              acc on f9age;
              acc by combAcc naraAcc;
              lang by woldComp wiscVcb woldVcb;
              perfiq by wiscPcmp wiscParr wiscBloc wiscObja;
              workmem by wiscBwsp cntSpan;
              attn by attnSel attnDiv attnOpp;
              acc with lang;
              acc with perfiq; acc with workmem;
              lang with perfiq;
              lang with workmem;
              perfiq with workmem;
              attn with acc; attn with lang;
              attn with perfiq; attn with workmem;
  OUTPUT:
  TECH1; TECH4; stdyx; modindices;
  PLOT:
  TYPE = PLOT3;



INPUT READING TERMINATED NORMALLY




Confirmatory Factor Analysis - 5-factor (split execfun, no wiscode, no sdqHyp);

SUMMARY OF ANALYSIS

Number of groups                                                 1
Number of observations                                         248

Number of dependent variables                                   14
Number of independent variables                                  3
Number of continuous latent variables                            5

Observed dependent variables

  Continuous
   NARAACC     COMBACC     WOLDCOMP    WOLDVCB     WISCVCB     WISCPCMP
   WISCPARR    WISCBLOC    WISCOBJA    WISCBWSP    CNTSPAN     ATTNSEL
   ATTNDIV     ATTNOPP

Observed independent variables
   F8AGE       F9AGE       F10AGE

Continuous latent variables
   ACC         LANG        PERFIQ      WORKMEM     ATTN


Estimator                                                      MLR
Information matrix                                        OBSERVED
Maximum number of iterations                                  1000
Convergence criterion                                    0.500D-04
Maximum number of steepest descent iterations                   20
Maximum number of iterations for H1                           2000
Convergence criterion for H1                             0.100D-03
Random Starts Specifications
  Number of random starts                                       20
  Random starts scale                                    0.500D+01

Input data file(s)
  ./mplus_models/compprof/cfa/cp_cfa_5fnoSDQ_881676f4cb810fab02cb087069d5715d.da

Input data format  FREE


SUMMARY OF DATA

     Number of missing data patterns            32


COVARIANCE COVERAGE OF DATA

Minimum covariance coverage value   0.100


     PROPORTION OF DATA PRESENT


           Covariance Coverage
              NARAACC       COMBACC       WOLDCOMP      WOLDVCB       WISCVCB
              ________      ________      ________      ________      ________
 NARAACC        1.000
 COMBACC        1.000         1.000
 WOLDCOMP       0.794         0.794         0.794
 WOLDVCB        0.774         0.774         0.774         0.774
 WISCVCB        0.786         0.786         0.774         0.758         0.786
 WISCPCMP       0.794         0.794         0.782         0.762         0.786
 WISCPARR       0.778         0.778         0.766         0.750         0.774
 WISCBLOC       0.754         0.754         0.746         0.730         0.750
 WISCOBJA       0.754         0.754         0.742         0.726         0.750
 WISCBWSP       0.774         0.774         0.762         0.750         0.770
 CNTSPAN        0.855         0.855         0.677         0.665         0.677
 ATTNSEL        0.778         0.778         0.766         0.754         0.766
 ATTNDIV        0.738         0.738         0.726         0.714         0.730
 ATTNOPP        0.778         0.778         0.766         0.750         0.766
 F8AGE          0.806         0.806         0.794         0.774         0.786
 F9AGE          1.000         1.000         0.794         0.774         0.786
 F10AGE         0.899         0.899         0.714         0.698         0.706


           Covariance Coverage
              WISCPCMP      WISCPARR      WISCBLOC      WISCOBJA      WISCBWSP
              ________      ________      ________      ________      ________
 WISCPCMP       0.794
 WISCPARR       0.778         0.778
 WISCBLOC       0.754         0.742         0.754
 WISCOBJA       0.754         0.746         0.726         0.754
 WISCBWSP       0.774         0.762         0.742         0.742         0.774
 CNTSPAN        0.681         0.669         0.653         0.657         0.673
 ATTNSEL        0.770         0.762         0.734         0.738         0.758
 ATTNDIV        0.734         0.722         0.702         0.698         0.722
 ATTNOPP        0.770         0.758         0.734         0.734         0.754
 F8AGE          0.794         0.778         0.754         0.754         0.774
 F9AGE          0.794         0.778         0.754         0.754         0.774
 F10AGE         0.714         0.698         0.681         0.681         0.702


           Covariance Coverage
              CNTSPAN       ATTNSEL       ATTNDIV       ATTNOPP       F8AGE
              ________      ________      ________      ________      ________
 CNTSPAN        0.855
 ATTNSEL        0.673         0.778
 ATTNDIV        0.645         0.734         0.738
 ATTNOPP        0.669         0.770         0.730         0.778
 F8AGE          0.690         0.778         0.738         0.778         0.806
 F9AGE          0.855         0.778         0.738         0.778         0.806
 F10AGE         0.855         0.702         0.665         0.698         0.726


           Covariance Coverage
              F9AGE         F10AGE
              ________      ________
 F9AGE          1.000
 F10AGE         0.899         0.899



UNIVARIATE SAMPLE STATISTICS


     UNIVARIATE HIGHER-ORDER MOMENT DESCRIPTIVE STATISTICS

         Variable/         Mean/     Skewness/   Minimum/ % with                Percentiles
        Sample Size      Variance    Kurtosis    Maximum  Min/Max      20%/60%    40%/80%    Median

     NARAACC              10.156       0.717       3.200    0.40%       8.000      9.200      9.800
             248.000       7.182       0.752      19.200    0.40%      10.400     12.000
     COMBACC              12.448       0.293       8.000    5.65%      10.000     12.000     12.000
             248.000       6.554      -0.508      19.000    0.40%      13.000     15.000
     WOLDCOMP              6.360      -0.217       2.000    1.52%       5.000      6.000      6.000
             197.000       2.434       0.263      10.000    2.03%       7.000      8.000
     WOLDVCB               5.974      -0.435       0.000    0.52%       4.000      6.000      6.000
             192.000       3.921      -0.090      10.000    1.56%       7.000      8.000
     WISCVCB               8.826       0.138       0.000    1.03%       7.000      8.000      9.000
             195.000       7.518       1.525      18.000    1.03%       9.000     11.000
     WISCPCMP              6.959      -0.464       0.000    0.51%       5.000      7.000      7.000
             197.000       5.582      -0.133      12.000    2.03%       8.000      9.000
     WISCPARR              2.944       0.683       0.600    5.70%       0.800      2.200      2.400
             193.000       3.723      -0.226       8.800    0.52%       3.200      4.400
     WISCBLOC              4.643       0.119       0.833    0.53%       2.667      4.000      4.667
             187.000       3.962      -0.458       9.833    0.53%       5.333      6.333
     WISCOBJA              4.180       0.174       0.600    0.53%       2.600      3.400      3.600
             187.000       3.107      -1.132       7.600    1.60%       4.400      6.200
     WISCBWSP              3.208       0.898       1.000    1.04%       3.000      3.000      3.000
             192.000       0.582       3.695       7.000    0.52%       3.000      4.000
     CNTSPAN               3.083      -0.404       0.500    3.30%       2.500      3.000      3.000
             212.000       0.733       1.281       5.000    3.77%       3.500      3.500
     ATTNSEL               5.819       3.824       0.000    0.52%       4.195      4.928      5.316
             193.000       8.292      22.909      27.900    0.52%       5.809      6.794
     ATTNDIV               0.358       5.688      -0.184    0.55%       0.010      0.085      0.147
             183.000       0.608      42.130       7.506    0.55%       0.208      0.457
     ATTNOPP               1.322       4.445      -0.500    0.52%       0.625      1.000      1.125
             193.000       1.270      32.683      11.375    0.52%       1.250      1.750
     F8AGE               103.565       2.190      99.000    2.50%     102.000    102.000    103.000
             200.000      10.286       5.717     117.000    1.50%     103.000    105.000
     F9AGE               118.637       0.864     110.000    0.40%     115.000    117.000    118.000
             248.000      15.852       0.512     135.000    0.40%     118.000    122.000
     F10AGE              127.448       1.799     120.000    0.45%     125.000    126.000    127.000
             223.000      10.274       4.244     142.000    0.45%     127.000    129.000


RANDOM STARTS RESULTS RANKED FROM THE BEST TO THE WORST FIT FUNCTION VALUES

Fit function values at local maxima and random start numbers:

            121.3070         13
            121.3070         10
            121.3070         18
            121.3070         19
            121.3070         1
            121.3070         6
            121.3070         unperturbed
            121.3070         5
            121.3070         8
            121.3070         16
            121.3070         12
            121.3070         14
            121.3070         3
            121.3070         7
            121.3070         20
            121.3070         15
            121.3070         17

4 starting value run(s) did not converge.

     WARNING:  THE LATENT VARIABLE COVARIANCE MATRIX (PSI) IS NOT POSITIVE
     DEFINITE.  THIS COULD INDICATE A NEGATIVE VARIANCE/RESIDUAL VARIANCE FOR A
     LATENT VARIABLE, A CORRELATION GREATER OR EQUAL TO ONE BETWEEN TWO LATENT
     VARIABLES, OR A LINEAR DEPENDENCY AMONG MORE THAN TWO LATENT VARIABLES.
     CHECK THE TECH4 OUTPUT FOR MORE INFORMATION.
     PROBLEM INVOLVING VARIABLE ATTN.




MODEL FIT INFORMATION

Number of Free Parameters                       70

Loglikelihood

          H0 Value                       -7045.822
          H0 Scaling Correction Factor      1.9888
            for MLR
          H1 Value                       -6985.168
          H1 Scaling Correction Factor      1.3462
            for MLR

Information Criteria

          Akaike (AIC)                   14231.643
          Bayesian (BIC)                 14477.583
          Sample-Size Adjusted BIC       14255.682
            (n* = (n + 2) / 24)

Chi-Square Test of Model Fit

          Value                            135.324*
          Degrees of Freedom                   100
          P-Value                           0.0108
          Scaling Correction Factor         0.8964
            for MLR

*   The chi-square value for MLM, MLMV, MLR, ULSMV, WLSM and WLSMV cannot be used
    for chi-square difference testing in the regular way.  MLM, MLR and WLSM
    chi-square difference testing is described on the Mplus website.  MLMV, WLSMV,
    and ULSMV difference testing is done using the DIFFTEST option.

RMSEA (Root Mean Square Error Of Approximation)

          Estimate                           0.038
          90 Percent C.I.                    0.019  0.053
          Probability RMSEA <= .05           0.901

CFI/TLI

          CFI                                0.921
          TLI                                0.895

Chi-Square Test of Model Fit for the Baseline Model

          Value                            582.418
          Degrees of Freedom                   133
          P-Value                           0.0000

SRMR (Standardized Root Mean Square Residual)

          Value                              0.065



MODEL RESULTS

                                                    Two-Tailed
                    Estimate       S.E.  Est./S.E.    P-Value

 ACC      BY
    COMBACC            1.000      0.000    999.000    999.000
    NARAACC            1.563      1.043      1.499      0.134

 LANG     BY
    WOLDCOMP           1.000      0.000    999.000    999.000
    WISCVCB            1.458      0.301      4.847      0.000
    WOLDVCB            1.360      0.249      5.468      0.000

 PERFIQ   BY
    WISCPCMP           1.000      0.000    999.000    999.000
    WISCPARR           0.784      0.173      4.528      0.000
    WISCBLOC           1.290      0.284      4.537      0.000
    WISCOBJA           1.065      0.180      5.921      0.000

 WORKMEM  BY
    WISCBWSP           1.000      0.000    999.000    999.000
    CNTSPAN            0.963      0.360      2.677      0.007

 ATTN     BY
    ATTNSEL            1.000      0.000    999.000    999.000
    ATTNDIV            0.194      0.107      1.818      0.069
    ATTNOPP            0.311      0.081      3.836      0.000

 LANG     ON
    F8AGE              0.046      0.028      1.638      0.101

 PERFIQ   ON
    F8AGE              0.041      0.034      1.200      0.230

 ATTN     ON
    F8AGE             -0.051      0.042     -1.227      0.220

 ACC      ON
    F9AGE              0.036      0.034      1.041      0.298

 WISCBWSP ON
    F8AGE              0.040      0.023      1.695      0.090

 CNTSPAN  ON
    F10AGE             0.026      0.025      1.066      0.286

 ACC      WITH
    LANG              -0.028      0.194     -0.146      0.884
    PERFIQ            -0.162      0.271     -0.599      0.549
    WORKMEM            0.238      0.267      0.893      0.372
    ATTN              -0.015      0.285     -0.053      0.957

 LANG     WITH
    PERFIQ             0.482      0.181      2.665      0.008
    WORKMEM            0.299      0.082      3.647      0.000
    ATTN              -0.659      0.259     -2.549      0.011

 PERFIQ   WITH
    WORKMEM            0.243      0.091      2.655      0.008
    ATTN              -1.195      0.400     -2.986      0.003

 ATTN     WITH
    WORKMEM           -0.408      0.165     -2.473      0.013

 F8AGE    WITH
    WORKMEM           -0.085      0.194     -0.441      0.659

 F9AGE    WITH
    WORKMEM            0.220      0.208      1.057      0.290

 F10AGE   WITH
    WORKMEM           -0.070      0.180     -0.387      0.699

 F9AGE    WITH
    F8AGE              3.469      1.347      2.575      0.010

 F10AGE   WITH
    F8AGE              0.880      0.912      0.965      0.334
    F9AGE              4.904      1.023      4.792      0.000

 Means
    F8AGE            103.655      0.245    423.899      0.000
    F9AGE            118.637      0.253    469.247      0.000
    F10AGE           127.512      0.218    586.177      0.000

 Intercepts
    NARAACC            3.533      5.473      0.646      0.519
    COMBACC            8.211      4.077      2.014      0.044
    WOLDCOMP           1.617      2.891      0.559      0.576
    WOLDVCB           -0.493      4.067     -0.121      0.904
    WISCVCB            1.892      4.540      0.417      0.677
    WISCPCMP           2.722      3.522      0.773      0.440
    WISCPARR          -0.387      2.651     -0.146      0.884
    WISCBLOC          -0.860      4.431     -0.194      0.846
    WISCOBJA          -0.366      3.677     -0.100      0.921
    WISCBWSP          -0.902      2.426     -0.372      0.710
    CNTSPAN           -0.257      3.134     -0.082      0.935
    ATTNSEL           11.156      4.356      2.561      0.010
    ATTNDIV            1.413      1.094      1.292      0.196
    ATTNOPP            2.977      1.135      2.623      0.009

 Variances
    F8AGE             10.396      2.050      5.072      0.000
    F9AGE             15.852      1.595      9.936      0.000
    F10AGE            10.237      1.708      5.994      0.000
    WORKMEM            0.131      0.075      1.742      0.082

 Residual Variances
    NARAACC            0.754      4.275      0.176      0.860
    COMBACC            3.924      1.752      2.239      0.025
    WOLDCOMP           1.486      0.204      7.269      0.000
    WOLDVCB            2.181      0.357      6.102      0.000
    WISCVCB            5.517      0.845      6.532      0.000
    WISCPCMP           4.271      0.618      6.911      0.000
    WISCPARR           2.921      0.348      8.400      0.000
    WISCBLOC           1.819      0.392      4.643      0.000
    WISCOBJA           1.630      0.261      6.254      0.000
    WISCBWSP           0.447      0.076      5.918      0.000
    CNTSPAN            0.621      0.100      6.207      0.000
    ATTNSEL            3.998      1.422      2.811      0.005
    ATTNDIV            0.486      0.257      1.889      0.059
    ATTNOPP            0.855      0.175      4.883      0.000
    ACC                2.607      1.748      1.491      0.136
    LANG               0.923      0.250      3.684      0.000
    PERFIQ             1.291      0.454      2.847      0.004
    ATTN               4.249      3.504      1.212      0.225


STANDARDIZED MODEL RESULTS


STDYX Standardization

                                                    Two-Tailed
                    Estimate       S.E.  Est./S.E.    P-Value

 ACC      BY
    COMBACC            0.633      0.210      3.012      0.003
    NARAACC            0.946      0.315      3.001      0.003

 LANG     BY
    WOLDCOMP           0.623      0.064      9.801      0.000
    WISCVCB            0.517      0.070      7.401      0.000
    WOLDVCB            0.667      0.069      9.682      0.000

 PERFIQ   BY
    WISCPCMP           0.484      0.083      5.868      0.000
    WISCPARR           0.465      0.068      6.841      0.000
    WISCBLOC           0.738      0.066     11.230      0.000
    WISCOBJA           0.690      0.060     11.496      0.000

 WORKMEM  BY
    WISCBWSP           0.472      0.112      4.226      0.000
    CNTSPAN            0.403      0.119      3.398      0.001

 ATTN     BY
    ATTNSEL            0.719      0.184      3.907      0.000
    ATTNDIV            0.498      0.159      3.133      0.002
    ATTNOPP            0.570      0.204      2.800      0.005

 LANG     ON
    F8AGE              0.152      0.100      1.526      0.127

 PERFIQ   ON
    F8AGE              0.115      0.097      1.184      0.236

 ATTN     ON
    F8AGE             -0.080      0.076     -1.049      0.294

 ACC      ON
    F9AGE              0.088      0.072      1.217      0.224

 WISCBWSP ON
    F8AGE              0.167      0.100      1.676      0.094

 CNTSPAN  ON
    F10AGE             0.097      0.090      1.083      0.279

 ACC      WITH
    LANG              -0.018      0.128     -0.142      0.887
    PERFIQ            -0.088      0.173     -0.511      0.609
    WORKMEM            0.408      0.310      1.315      0.188
    ATTN              -0.005      0.085     -0.054      0.957

 LANG     WITH
    PERFIQ             0.441      0.111      3.970      0.000
    WORKMEM            0.861      0.175      4.912      0.000
    ATTN              -0.333      0.089     -3.740      0.000

 PERFIQ   WITH
    WORKMEM            0.590      0.157      3.757      0.000
    ATTN              -0.510      0.202     -2.523      0.012

 ATTN     WITH
    WORKMEM           -0.548      0.149     -3.671      0.000

 F8AGE    WITH
    WORKMEM           -0.073      0.166     -0.442      0.658

 F9AGE    WITH
    WORKMEM            0.153      0.145      1.053      0.292

 F10AGE   WITH
    WORKMEM           -0.060      0.153     -0.394      0.694

 F9AGE    WITH
    F8AGE              0.270      0.087      3.092      0.002

 F10AGE   WITH
    F8AGE              0.085      0.087      0.977      0.328
    F9AGE              0.385      0.059      6.490      0.000

 Means
    F8AGE             32.148      3.109     10.341      0.000
    F9AGE             29.797      1.466     20.328      0.000
    F10AGE            39.854      3.275     12.169      0.000

 Intercepts
    NARAACC            1.319      2.055      0.642      0.521
    COMBACC            3.208      1.609      1.994      0.046
    WOLDCOMP           1.037      1.853      0.560      0.576
    WOLDVCB           -0.249      2.053     -0.121      0.904
    WISCVCB            0.690      1.661      0.415      0.678
    WISCPCMP           1.152      1.494      0.771      0.441
    WISCPARR          -0.201      1.372     -0.146      0.884
    WISCBLOC          -0.430      2.213     -0.194      0.846
    WISCOBJA          -0.208      2.083     -0.100      0.921
    WISCBWSP          -1.176      3.159     -0.372      0.710
    CNTSPAN           -0.297      3.623     -0.082      0.935
    ATTNSEL            3.878      1.633      2.375      0.018
    ATTNDIV            1.757      1.298      1.354      0.176
    ATTNOPP            2.644      1.176      2.248      0.025

 Variances
    F8AGE              1.000      0.000    999.000    999.000
    F9AGE              1.000      0.000    999.000    999.000
    F10AGE             1.000      0.000    999.000    999.000
    WORKMEM            1.000      0.000    999.000    999.000

 Residual Variances
    NARAACC            0.105      0.596      0.176      0.860
    COMBACC            0.599      0.266      2.249      0.025
    WOLDCOMP           0.611      0.079      7.706      0.000
    WOLDVCB            0.555      0.092      6.038      0.000
    WISCVCB            0.733      0.072     10.162      0.000
    WISCPCMP           0.765      0.080      9.574      0.000
    WISCPARR           0.784      0.063     12.423      0.000
    WISCBLOC           0.455      0.097      4.694      0.000
    WISCOBJA           0.523      0.083      6.308      0.000
    WISCBWSP           0.761      0.106      7.184      0.000
    CNTSPAN            0.833      0.094      8.815      0.000
    ATTNSEL            0.483      0.265      1.827      0.068
    ATTNDIV            0.752      0.158      4.746      0.000
    ATTNOPP            0.675      0.232      2.903      0.004
    ACC                0.992      0.013     78.457      0.000
    LANG               0.977      0.030     32.291      0.000
    PERFIQ             0.987      0.022     44.089      0.000
    ATTN               0.994      0.012     81.216      0.000


R-SQUARE

    Observed                                        Two-Tailed
    Variable        Estimate       S.E.  Est./S.E.    P-Value

    NARAACC            0.895      0.596      1.500      0.134
    COMBACC            0.401      0.266      1.506      0.132
    WOLDCOMP           0.389      0.079      4.900      0.000
    WOLDVCB            0.445      0.092      4.841      0.000
    WISCVCB            0.267      0.072      3.700      0.000
    WISCPCMP           0.235      0.080      2.934      0.003
    WISCPARR           0.216      0.063      3.421      0.001
    WISCBLOC           0.545      0.097      5.615      0.000
    WISCOBJA           0.477      0.083      5.748      0.000
    WISCBWSP           0.239      0.106      2.256      0.024
    CNTSPAN            0.167      0.094      1.772      0.076
    ATTNSEL            0.517      0.265      1.954      0.051
    ATTNDIV            0.248      0.158      1.567      0.117
    ATTNOPP            0.325      0.232      1.400      0.162

     Latent                                         Two-Tailed
    Variable        Estimate       S.E.  Est./S.E.    P-Value

    ACC                0.008      0.013      0.608      0.543
    LANG               0.023      0.030      0.763      0.445
    PERFIQ             0.013      0.022      0.592      0.554
    ATTN               0.006      0.012      0.525      0.600


QUALITY OF NUMERICAL RESULTS

     Condition Number for the Information Matrix              0.367E-08
       (ratio of smallest to largest eigenvalue)


MODEL MODIFICATION INDICES

NOTE:  Modification indices for direct effects of observed dependent variables
regressed on covariates may not be included.  To include these, request
MODINDICES (ALL).

Minimum M.I. value for printing the modification index    10.000

                                   M.I.     E.P.C.  Std E.P.C.  StdYX E.P.C.

No modification indices above the minimum value.



TECHNICAL 1 OUTPUT


     PARAMETER SPECIFICATION


           NU
              NARAACC       COMBACC       WOLDCOMP      WOLDVCB       WISCVCB
              ________      ________      ________      ________      ________
                  1             2             3             4             5


           NU
              WISCPCMP      WISCPARR      WISCBLOC      WISCOBJA      WISCBWSP
              ________      ________      ________      ________      ________
                  6             7             8             9             0


           NU
              CNTSPAN       ATTNSEL       ATTNDIV       ATTNOPP       F8AGE
              ________      ________      ________      ________      ________
                  0            10            11            12             0


           NU
              F9AGE         F10AGE
              ________      ________
                  0             0


           LAMBDA
              ACC           LANG          PERFIQ        WORKMEM       ATTN
              ________      ________      ________      ________      ________
 NARAACC           13             0             0             0             0
 COMBACC            0             0             0             0             0
 WOLDCOMP           0             0             0             0             0
 WOLDVCB            0            14             0             0             0
 WISCVCB            0            15             0             0             0
 WISCPCMP           0             0             0             0             0
 WISCPARR           0             0            16             0             0
 WISCBLOC           0             0            17             0             0
 WISCOBJA           0             0            18             0             0
 WISCBWSP           0             0             0             0             0
 CNTSPAN            0             0             0             0             0
 ATTNSEL            0             0             0             0             0
 ATTNDIV            0             0             0             0            19
 ATTNOPP            0             0             0             0            20
 F8AGE              0             0             0             0             0
 F9AGE              0             0             0             0             0
 F10AGE             0             0             0             0             0


           LAMBDA
              WISCBWSP      CNTSPAN       F8AGE         F9AGE         F10AGE
              ________      ________      ________      ________      ________
 NARAACC            0             0             0             0             0
 COMBACC            0             0             0             0             0
 WOLDCOMP           0             0             0             0             0
 WOLDVCB            0             0             0             0             0
 WISCVCB            0             0             0             0             0
 WISCPCMP           0             0             0             0             0
 WISCPARR           0             0             0             0             0
 WISCBLOC           0             0             0             0             0
 WISCOBJA           0             0             0             0             0
 WISCBWSP           0             0             0             0             0
 CNTSPAN            0             0             0             0             0
 ATTNSEL            0             0             0             0             0
 ATTNDIV            0             0             0             0             0
 ATTNOPP            0             0             0             0             0
 F8AGE              0             0             0             0             0
 F9AGE              0             0             0             0             0
 F10AGE             0             0             0             0             0


           THETA
              NARAACC       COMBACC       WOLDCOMP      WOLDVCB       WISCVCB
              ________      ________      ________      ________      ________
 NARAACC           21
 COMBACC            0            22
 WOLDCOMP           0             0            23
 WOLDVCB            0             0             0            24
 WISCVCB            0             0             0             0            25
 WISCPCMP           0             0             0             0             0
 WISCPARR           0             0             0             0             0
 WISCBLOC           0             0             0             0             0
 WISCOBJA           0             0             0             0             0
 WISCBWSP           0             0             0             0             0
 CNTSPAN            0             0             0             0             0
 ATTNSEL            0             0             0             0             0
 ATTNDIV            0             0             0             0             0
 ATTNOPP            0             0             0             0             0
 F8AGE              0             0             0             0             0
 F9AGE              0             0             0             0             0
 F10AGE             0             0             0             0             0


           THETA
              WISCPCMP      WISCPARR      WISCBLOC      WISCOBJA      WISCBWSP
              ________      ________      ________      ________      ________
 WISCPCMP          26
 WISCPARR           0            27
 WISCBLOC           0             0            28
 WISCOBJA           0             0             0            29
 WISCBWSP           0             0             0             0             0
 CNTSPAN            0             0             0             0             0
 ATTNSEL            0             0             0             0             0
 ATTNDIV            0             0             0             0             0
 ATTNOPP            0             0             0             0             0
 F8AGE              0             0             0             0             0
 F9AGE              0             0             0             0             0
 F10AGE             0             0             0             0             0


           THETA
              CNTSPAN       ATTNSEL       ATTNDIV       ATTNOPP       F8AGE
              ________      ________      ________      ________      ________
 CNTSPAN            0
 ATTNSEL            0            30
 ATTNDIV            0             0            31
 ATTNOPP            0             0             0            32
 F8AGE              0             0             0             0             0
 F9AGE              0             0             0             0             0
 F10AGE             0             0             0             0             0


           THETA
              F9AGE         F10AGE
              ________      ________
 F9AGE              0
 F10AGE             0             0


           ALPHA
              ACC           LANG          PERFIQ        WORKMEM       ATTN
              ________      ________      ________      ________      ________
                  0             0             0             0             0


           ALPHA
              WISCBWSP      CNTSPAN       F8AGE         F9AGE         F10AGE
              ________      ________      ________      ________      ________
                 33            34            35            36            37


           BETA
              ACC           LANG          PERFIQ        WORKMEM       ATTN
              ________      ________      ________      ________      ________
 ACC                0             0             0             0             0
 LANG               0             0             0             0             0
 PERFIQ             0             0             0             0             0
 WORKMEM            0             0             0             0             0
 ATTN               0             0             0             0             0
 WISCBWSP           0             0             0             0             0
 CNTSPAN            0             0             0            43             0
 F8AGE              0             0             0             0             0
 F9AGE              0             0             0             0             0
 F10AGE             0             0             0             0             0


           BETA
              WISCBWSP      CNTSPAN       F8AGE         F9AGE         F10AGE
              ________      ________      ________      ________      ________
 ACC                0             0             0            38             0
 LANG               0             0            39             0             0
 PERFIQ             0             0            40             0             0
 WORKMEM            0             0             0             0             0
 ATTN               0             0            41             0             0
 WISCBWSP           0             0            42             0             0
 CNTSPAN            0             0             0             0            44
 F8AGE              0             0             0             0             0
 F9AGE              0             0             0             0             0
 F10AGE             0             0             0             0             0


           PSI
              ACC           LANG          PERFIQ        WORKMEM       ATTN
              ________      ________      ________      ________      ________
 ACC               45
 LANG              46            47
 PERFIQ            48            49            50
 WORKMEM           51            52            53            54
 ATTN              55            56            57            58            59
 WISCBWSP           0             0             0             0             0
 CNTSPAN            0             0             0             0             0
 F8AGE              0             0             0            62             0
 F9AGE              0             0             0            64             0
 F10AGE             0             0             0            67             0


           PSI
              WISCBWSP      CNTSPAN       F8AGE         F9AGE         F10AGE
              ________      ________      ________      ________      ________
 WISCBWSP          60
 CNTSPAN            0            61
 F8AGE              0             0            63
 F9AGE              0             0            65            66
 F10AGE             0             0            68            69            70


     STARTING VALUES


           NU
              NARAACC       COMBACC       WOLDCOMP      WOLDVCB       WISCVCB
              ________      ________      ________      ________      ________
               10.156        12.448         6.360         5.974         8.826


           NU
              WISCPCMP      WISCPARR      WISCBLOC      WISCOBJA      WISCBWSP
              ________      ________      ________      ________      ________
                6.959         2.944         4.643         4.180         0.000


           NU
              CNTSPAN       ATTNSEL       ATTNDIV       ATTNOPP       F8AGE
              ________      ________      ________      ________      ________
                0.000         5.819         0.358         1.322         0.000


           NU
              F9AGE         F10AGE
              ________      ________
                0.000         0.000


           LAMBDA
              ACC           LANG          PERFIQ        WORKMEM       ATTN
              ________      ________      ________      ________      ________
 NARAACC        1.747         0.000         0.000         0.000         0.000
 COMBACC        1.000         0.000         0.000         0.000         0.000
 WOLDCOMP       0.000         1.000         0.000         0.000         0.000
 WOLDVCB        0.000         1.259         0.000         0.000         0.000
 WISCVCB        0.000         1.438         0.000         0.000         0.000
 WISCPCMP       0.000         0.000         1.000         0.000         0.000
 WISCPARR       0.000         0.000         0.797         0.000         0.000
 WISCBLOC       0.000         0.000         1.236         0.000         0.000
 WISCOBJA       0.000         0.000         1.230         0.000         0.000
 WISCBWSP       0.000         0.000         0.000         0.000         0.000
 CNTSPAN        0.000         0.000         0.000         0.000         0.000
 ATTNSEL        0.000         0.000         0.000         0.000         1.000
 ATTNDIV        0.000         0.000         0.000         0.000         0.086
 ATTNOPP        0.000         0.000         0.000         0.000         0.196
 F8AGE          0.000         0.000         0.000         0.000         0.000
 F9AGE          0.000         0.000         0.000         0.000         0.000
 F10AGE         0.000         0.000         0.000         0.000         0.000


           LAMBDA
              WISCBWSP      CNTSPAN       F8AGE         F9AGE         F10AGE
              ________      ________      ________      ________      ________
 NARAACC        0.000         0.000         0.000         0.000         0.000
 COMBACC        0.000         0.000         0.000         0.000         0.000
 WOLDCOMP       0.000         0.000         0.000         0.000         0.000
 WOLDVCB        0.000         0.000         0.000         0.000         0.000
 WISCVCB        0.000         0.000         0.000         0.000         0.000
 WISCPCMP       0.000         0.000         0.000         0.000         0.000
 WISCPARR       0.000         0.000         0.000         0.000         0.000
 WISCBLOC       0.000         0.000         0.000         0.000         0.000
 WISCOBJA       0.000         0.000         0.000         0.000         0.000
 WISCBWSP       1.000         0.000         0.000         0.000         0.000
 CNTSPAN        0.000         1.000         0.000         0.000         0.000
 ATTNSEL        0.000         0.000         0.000         0.000         0.000
 ATTNDIV        0.000         0.000         0.000         0.000         0.000
 ATTNOPP        0.000         0.000         0.000         0.000         0.000
 F8AGE          0.000         0.000         1.000         0.000         0.000
 F9AGE          0.000         0.000         0.000         1.000         0.000
 F10AGE         0.000         0.000         0.000         0.000         1.000


           THETA
              NARAACC       COMBACC       WOLDCOMP      WOLDVCB       WISCVCB
              ________      ________      ________      ________      ________
 NARAACC        3.591
 COMBACC        0.000         3.277
 WOLDCOMP       0.000         0.000         1.217
 WOLDVCB        0.000         0.000         0.000         1.961
 WISCVCB        0.000         0.000         0.000         0.000         3.759
 WISCPCMP       0.000         0.000         0.000         0.000         0.000
 WISCPARR       0.000         0.000         0.000         0.000         0.000
 WISCBLOC       0.000         0.000         0.000         0.000         0.000
 WISCOBJA       0.000         0.000         0.000         0.000         0.000
 WISCBWSP       0.000         0.000         0.000         0.000         0.000
 CNTSPAN        0.000         0.000         0.000         0.000         0.000
 ATTNSEL        0.000         0.000         0.000         0.000         0.000
 ATTNDIV        0.000         0.000         0.000         0.000         0.000
 ATTNOPP        0.000         0.000         0.000         0.000         0.000
 F8AGE          0.000         0.000         0.000         0.000         0.000
 F9AGE          0.000         0.000         0.000         0.000         0.000
 F10AGE         0.000         0.000         0.000         0.000         0.000


           THETA
              WISCPCMP      WISCPARR      WISCBLOC      WISCOBJA      WISCBWSP
              ________      ________      ________      ________      ________
 WISCPCMP       2.791
 WISCPARR       0.000         1.862
 WISCBLOC       0.000         0.000         1.981
 WISCOBJA       0.000         0.000         0.000         1.553
 WISCBWSP       0.000         0.000         0.000         0.000         0.000
 CNTSPAN        0.000         0.000         0.000         0.000         0.000
 ATTNSEL        0.000         0.000         0.000         0.000         0.000
 ATTNDIV        0.000         0.000         0.000         0.000         0.000
 ATTNOPP        0.000         0.000         0.000         0.000         0.000
 F8AGE          0.000         0.000         0.000         0.000         0.000
 F9AGE          0.000         0.000         0.000         0.000         0.000
 F10AGE         0.000         0.000         0.000         0.000         0.000


           THETA
              CNTSPAN       ATTNSEL       ATTNDIV       ATTNOPP       F8AGE
              ________      ________      ________      ________      ________
 CNTSPAN        0.000
 ATTNSEL        0.000         4.146
 ATTNDIV        0.000         0.000         0.304
 ATTNOPP        0.000         0.000         0.000         0.635
 F8AGE          0.000         0.000         0.000         0.000         0.000
 F9AGE          0.000         0.000         0.000         0.000         0.000
 F10AGE         0.000         0.000         0.000         0.000         0.000


           THETA
              F9AGE         F10AGE
              ________      ________
 F9AGE          0.000
 F10AGE         0.000         0.000


           ALPHA
              ACC           LANG          PERFIQ        WORKMEM       ATTN
              ________      ________      ________      ________      ________
                0.000         0.000         0.000         0.000         0.000


           ALPHA
              WISCBWSP      CNTSPAN       F8AGE         F9AGE         F10AGE
              ________      ________      ________      ________      ________
                3.208         3.083       103.565       118.637       127.448


           BETA
              ACC           LANG          PERFIQ        WORKMEM       ATTN
              ________      ________      ________      ________      ________
 ACC            0.000         0.000         0.000         0.000         0.000
 LANG           0.000         0.000         0.000         0.000         0.000
 PERFIQ         0.000         0.000         0.000         0.000         0.000
 WORKMEM        0.000         0.000         0.000         0.000         0.000
 ATTN           0.000         0.000         0.000         0.000         0.000
 WISCBWSP       0.000         0.000         0.000         1.000         0.000
 CNTSPAN        0.000         0.000         0.000         0.195         0.000
 F8AGE          0.000         0.000         0.000         0.000         0.000
 F9AGE          0.000         0.000         0.000         0.000         0.000
 F10AGE         0.000         0.000         0.000         0.000         0.000


           BETA
              WISCBWSP      CNTSPAN       F8AGE         F9AGE         F10AGE
              ________      ________      ________      ________      ________
 ACC            0.000         0.000         0.000         0.000         0.000
 LANG           0.000         0.000         0.000         0.000         0.000
 PERFIQ         0.000         0.000         0.000         0.000         0.000
 WORKMEM        0.000         0.000         0.000         0.000         0.000
 ATTN           0.000         0.000         0.000         0.000         0.000
 WISCBWSP       0.000         0.000         0.000         0.000         0.000
 CNTSPAN        0.000         0.000         0.000         0.000         0.000
 F8AGE          0.000         0.000         0.000         0.000         0.000
 F9AGE          0.000         0.000         0.000         0.000         0.000
 F10AGE         0.000         0.000         0.000         0.000         0.000


           PSI
              ACC           LANG          PERFIQ        WORKMEM       ATTN
              ________      ________      ________      ________      ________
 ACC            0.050
 LANG           0.000         0.050
 PERFIQ         0.000         0.000         0.050
 WORKMEM        0.000         0.000         0.000         0.050
 ATTN           0.000         0.000         0.000         0.000         0.050
 WISCBWSP       0.000         0.000         0.000         0.000         0.000
 CNTSPAN        0.000         0.000         0.000         0.000         0.000
 F8AGE          0.000         0.000         0.000         0.000         0.000
 F9AGE          0.000         0.000         0.000         0.000         0.000
 F10AGE         0.000         0.000         0.000         0.000         0.000


           PSI
              WISCBWSP      CNTSPAN       F8AGE         F9AGE         F10AGE
              ________      ________      ________      ________      ________
 WISCBWSP       0.291
 CNTSPAN        0.000         0.366
 F8AGE          0.000         0.000         5.143
 F9AGE          0.000         0.000         0.000         7.926
 F10AGE         0.000         0.000         0.000         0.000         5.137


TECHNICAL 4 OUTPUT


     ESTIMATES DERIVED FROM THE MODEL


           ESTIMATED MEANS FOR THE LATENT VARIABLES
              ACC           LANG          PERFIQ        WORKMEM       ATTN
              ________      ________      ________      ________      ________
                4.236         4.747         4.233         0.000        -5.325


           ESTIMATED MEANS FOR THE LATENT VARIABLES
              WISCBWSP      CNTSPAN       F8AGE         F9AGE         F10AGE
              ________      ________      ________      ________      ________
                3.216         3.082       103.655       118.637       127.512


           S.E. FOR ESTIMATED MEANS FOR THE LATENT VARIABLES
              ACC           LANG          PERFIQ        WORKMEM       ATTN
              ________      ________      ________      ________      ________
                4.067         2.899         3.530         0.000         4.341


           S.E. FOR ESTIMATED MEANS FOR THE LATENT VARIABLES
              WISCBWSP      CNTSPAN       F8AGE         F9AGE         F10AGE
              ________      ________      ________      ________      ________
                0.056         0.058         0.245         0.253         0.218


           EST./S.E. FOR ESTIMATED MEANS FOR THE LATENT VARIABLES
              ACC           LANG          PERFIQ        WORKMEM       ATTN
              ________      ________      ________      ________      ________
                1.042         1.638         1.199         0.000        -1.227


           EST./S.E. FOR ESTIMATED MEANS FOR THE LATENT VARIABLES
              WISCBWSP      CNTSPAN       F8AGE         F9AGE         F10AGE
              ________      ________      ________      ________      ________
               57.084        52.844       423.899       469.247       586.177


           TWO-TAILED P-VALUE FOR ESTIMATED MEANS FOR THE LATENT VARIABLES
              ACC           LANG          PERFIQ        WORKMEM       ATTN
              ________      ________      ________      ________      ________
                0.298         0.101         0.230         1.000         0.220


           TWO-TAILED P-VALUE FOR ESTIMATED MEANS FOR THE LATENT VARIABLES
              WISCBWSP      CNTSPAN       F8AGE         F9AGE         F10AGE
              ________      ________      ________      ________      ________
                0.000         0.000         0.000         0.000         0.000


           ESTIMATED COVARIANCE MATRIX FOR THE LATENT VARIABLES
              ACC           LANG          PERFIQ        WORKMEM       ATTN
              ________      ________      ________      ________      ________
 ACC            2.627
 LANG          -0.023         0.945
 PERFIQ        -0.157         0.501         1.309
 WORKMEM        0.246         0.295         0.239         0.131
 ATTN          -0.022        -0.684        -1.217        -0.404         4.276
 WISCBWSP       0.251         0.314         0.256         0.128        -0.425
 CNTSPAN        0.242         0.286         0.231         0.124        -0.390
 F8AGE          0.124         0.476         0.425        -0.085        -0.534
 F9AGE          0.566         0.159         0.142         0.220        -0.178
 F10AGE         0.175         0.040         0.036        -0.070        -0.045


           ESTIMATED COVARIANCE MATRIX FOR THE LATENT VARIABLES
              WISCBWSP      CNTSPAN       F8AGE         F9AGE         F10AGE
              ________      ________      ________      ________      ________
 WISCBWSP       0.588
 CNTSPAN        0.122         0.746
 F8AGE          0.328        -0.059        10.396
 F9AGE          0.358         0.340         3.469        15.852
 F10AGE        -0.035         0.201         0.880         4.904        10.237


           S.E. FOR ESTIMATED COVARIANCE MATRIX FOR THE LATENT VARIABLES
              ACC           LANG          PERFIQ        WORKMEM       ATTN
              ________      ________      ________      ________      ________
 ACC            1.769
 LANG           0.196         0.246
 PERFIQ         0.273         0.186         0.461
 WORKMEM        0.273         0.081         0.092         0.075
 ATTN           0.287         0.261         0.405         0.166         3.501
 WISCBWSP       0.276         0.082         0.092         0.074         0.162
 CNTSPAN        0.234         0.099         0.092         0.057         0.241
 F8AGE          0.121         0.314         0.391         0.194         0.463
 F9AGE          0.540         0.106         0.140         0.208         0.165
 F10AGE         0.168         0.046         0.054         0.180         0.057


           S.E. FOR ESTIMATED COVARIANCE MATRIX FOR THE LATENT VARIABLES
              WISCBWSP      CNTSPAN       F8AGE         F9AGE         F10AGE
              ________      ________      ________      ________      ________
 WISCBWSP       0.102
 CNTSPAN        0.057         0.093
 F8AGE          0.215         0.174         2.050
 F9AGE          0.215         0.175         1.347         1.595
 F10AGE         0.177         0.175         0.912         1.023         1.708


           EST./S.E. FOR ESTIMATED COVARIANCE MATRIX FOR THE LATENT VARIABLES
              ACC           LANG          PERFIQ        WORKMEM       ATTN
              ________      ________      ________      ________      ________
 ACC            1.485
 LANG          -0.115         3.842
 PERFIQ        -0.575         2.691         2.842
 WORKMEM        0.903         3.634         2.614         1.742
 ATTN          -0.075        -2.623        -3.003        -2.430         1.221
 WISCBWSP       0.911         3.826         2.771         1.716        -2.628
 CNTSPAN        1.034         2.882         2.521         2.189        -1.618
 F8AGE          1.024         1.517         1.086        -0.441        -1.154
 F9AGE          1.048         1.501         1.014         1.057        -1.079
 F10AGE         1.040         0.878         0.666        -0.387        -0.795


           EST./S.E. FOR ESTIMATED COVARIANCE MATRIX FOR THE LATENT VARIABLES
              WISCBWSP      CNTSPAN       F8AGE         F9AGE         F10AGE
              ________      ________      ________      ________      ________
 WISCBWSP       5.744
 CNTSPAN        2.148         8.014
 F8AGE          1.522        -0.341         5.072
 F9AGE          1.662         1.943         2.575         9.936
 F10AGE        -0.196         1.146         0.965         4.792         5.994


           TWO-TAILED P-VALUE FOR ESTIMATED COVARIANCE MATRIX FOR THE LATENT VARIABLES
              ACC           LANG          PERFIQ        WORKMEM       ATTN
              ________      ________      ________      ________      ________
 ACC            0.138
 LANG           0.908         0.000
 PERFIQ         0.565         0.007         0.004
 WORKMEM        0.367         0.000         0.009         0.082
 ATTN           0.940         0.009         0.003         0.015         0.222
 WISCBWSP       0.362         0.000         0.006         0.086         0.009
 CNTSPAN        0.301         0.004         0.012         0.029         0.106
 F8AGE          0.306         0.129         0.278         0.659         0.249
 F9AGE          0.295         0.133         0.311         0.290         0.281
 F10AGE         0.298         0.380         0.505         0.699         0.426


           TWO-TAILED P-VALUE FOR ESTIMATED COVARIANCE MATRIX FOR THE LATENT VARIABLES
              WISCBWSP      CNTSPAN       F8AGE         F9AGE         F10AGE
              ________      ________      ________      ________      ________
 WISCBWSP       0.000
 CNTSPAN        0.032         0.000
 F8AGE          0.128         0.733         0.000
 F9AGE          0.096         0.052         0.010         0.000
 F10AGE         0.844         0.252         0.334         0.000         0.000


           ESTIMATED CORRELATION MATRIX FOR THE LATENT VARIABLES
              ACC           LANG          PERFIQ        WORKMEM       ATTN
              ________      ________      ________      ________      ________
 ACC            1.000
 LANG          -0.014         1.000
 PERFIQ        -0.085         0.451         1.000
 WORKMEM        0.420         0.840         0.578         1.000
 ATTN          -0.006        -0.340        -0.514        -0.540         1.000
 WISCBWSP       0.202         0.422         0.292         0.460        -0.268
 CNTSPAN        0.173         0.340         0.234         0.398        -0.219
 F8AGE          0.024         0.152         0.115        -0.073        -0.080
 F9AGE          0.088         0.041         0.031         0.153        -0.022
 F10AGE         0.034         0.013         0.010        -0.060        -0.007


           ESTIMATED CORRELATION MATRIX FOR THE LATENT VARIABLES
              WISCBWSP      CNTSPAN       F8AGE         F9AGE         F10AGE
              ________      ________      ________      ________      ________
 WISCBWSP       1.000
 CNTSPAN        0.184         1.000
 F8AGE          0.132        -0.021         1.000
 F9AGE          0.117         0.099         0.270         1.000
 F10AGE        -0.014         0.073         0.085         0.385         1.000


           S.E. FOR ESTIMATED CORRELATION MATRIX FOR THE LATENT VARIABLES
              ACC           LANG          PERFIQ        WORKMEM       ATTN
              ________      ________      ________      ________      ________
 ACC            0.000
 LANG           0.127         0.000
 PERFIQ         0.172         0.111         0.000
 WORKMEM        0.314         0.172         0.161         0.000
 ATTN           0.085         0.092         0.203         0.152         0.000
 WISCBWSP       0.158         0.068         0.069         0.115         0.058
 CNTSPAN        0.115         0.099         0.080         0.117         0.081
 F8AGE          0.020         0.100         0.097         0.166         0.076
 F9AGE          0.072         0.028         0.030         0.145         0.022
 F10AGE         0.028         0.015         0.014         0.153         0.009


           S.E. FOR ESTIMATED CORRELATION MATRIX FOR THE LATENT VARIABLES
              WISCBWSP      CNTSPAN       F8AGE         F9AGE         F10AGE
              ________      ________      ________      ________      ________
 WISCBWSP       0.000
 CNTSPAN        0.079         0.000
 F8AGE          0.081         0.063         0.000
 F9AGE          0.068         0.050         0.087         0.000
 F10AGE         0.072         0.061         0.087         0.059         0.000


           EST./S.E. FOR ESTIMATED CORRELATION MATRIX FOR THE LATENT VARIABLES
              ACC           LANG          PERFIQ        WORKMEM       ATTN
              ________      ________      ________      ________      ________
 ACC          999.000
 LANG          -0.113       999.000
 PERFIQ        -0.493         4.050       999.000
 WORKMEM        1.338         4.871         3.580       999.000
 ATTN          -0.076        -3.694        -2.531        -3.544       999.000
 WISCBWSP       1.277         6.228         4.202         4.002        -4.593
 CNTSPAN        1.502         3.451         2.932         3.408        -2.701
 F8AGE          1.182         1.526         1.184        -0.442        -1.049
 F9AGE          1.217         1.479         1.054         1.053        -0.968
 F10AGE         1.209         0.886         0.683        -0.394        -0.752


           EST./S.E. FOR ESTIMATED CORRELATION MATRIX FOR THE LATENT VARIABLES
              WISCBWSP      CNTSPAN       F8AGE         F9AGE         F10AGE
              ________      ________      ________      ________      ________
 WISCBWSP     999.000
 CNTSPAN        2.318       999.000
 F8AGE          1.631        -0.339       999.000
 F9AGE          1.724         1.981         3.092       999.000
 F10AGE        -0.197         1.182         0.977         6.490       999.000


           TWO-TAILED P-VALUE FOR ESTIMATED CORRELATION MATRIX FOR THE LATENT VARIABLES
              ACC           LANG          PERFIQ        WORKMEM       ATTN
              ________      ________      ________      ________      ________
 ACC            0.000
 LANG           0.910         0.000
 PERFIQ         0.622         0.000         0.000
 WORKMEM        0.181         0.000         0.000         0.000
 ATTN           0.939         0.000         0.011         0.000         0.000
 WISCBWSP       0.201         0.000         0.000         0.000         0.000
 CNTSPAN        0.133         0.001         0.003         0.001         0.007
 F8AGE          0.237         0.127         0.236         0.658         0.294
 F9AGE          0.224         0.139         0.292         0.292         0.333
 F10AGE         0.227         0.376         0.494         0.694         0.452


           TWO-TAILED P-VALUE FOR ESTIMATED CORRELATION MATRIX FOR THE LATENT VARIABLES
              WISCBWSP      CNTSPAN       F8AGE         F9AGE         F10AGE
              ________      ________      ________      ________      ________
 WISCBWSP       0.000
 CNTSPAN        0.020         0.000
 F8AGE          0.103         0.735         0.000
 F9AGE          0.085         0.048         0.002         0.000
 F10AGE         0.844         0.237         0.328         0.000         0.000


SAMPLE STATISTICS FOR ESTIMATED FACTOR SCORES


     SAMPLE STATISTICS


           Means
              ACC           ACC_SE        LANG          LANG_SE       PERFIQ
              ________      ________      ________      ________      ________
                4.236         0.506         4.747         0.616         4.233


           Means
              PERFIQ_S      WORKMEM       WORKMEM_      ATTN          ATTN_SE
              ________      ________      ________      ________      ________
                0.685         0.000         0.175        -5.325         1.346


           Covariances
              ACC           ACC_SE        LANG          LANG_SE       PERFIQ
              ________      ________      ________      ________      ________
 ACC            2.374
 ACC_SE         0.000         0.000
 LANG          -0.037         0.000         0.543
 LANG_SE        0.030         0.000         0.000         0.023
 PERFIQ        -0.165         0.000         0.389        -0.003         0.794
 PERFIQ_S       0.047         0.000        -0.006         0.032        -0.008
 WORKMEM        0.223         0.000         0.168         0.003         0.154
 WORKMEM_       0.013         0.000         0.000         0.010        -0.002
 ATTN          -0.004         0.000        -0.545        -0.001        -0.899
 ATTN_SE        0.053         0.000        -0.001         0.051        -0.014


           Covariances
              PERFIQ_S      WORKMEM       WORKMEM_      ATTN          ATTN_SE
              ________      ________      ________      ________      ________
 PERFIQ_S       0.047
 WORKMEM        0.003         0.092
 WORKMEM_       0.014         0.001         0.004
 ATTN           0.005        -0.276         0.000         2.342
 ATTN_SE        0.072         0.005         0.022         0.011         0.121


           Correlations
              ACC           ACC_SE        LANG          LANG_SE       PERFIQ
              ________      ________      ________      ________      ________
 ACC            1.000
 ACC_SE         0.144         1.000
 LANG          -0.032        -0.042         1.000
 LANG_SE        0.127         0.868        -0.004         1.000
 PERFIQ        -0.121        -0.082         0.593        -0.020         1.000
 PERFIQ_S       0.142         0.891        -0.037         0.965        -0.042
 WORKMEM        0.478         0.018         0.754         0.067         0.573
 WORKMEM_       0.130         0.886        -0.010         0.997        -0.028
 ATTN          -0.002         0.061        -0.484        -0.006        -0.660
 ATTN_SE        0.099         0.858        -0.003         0.957        -0.045


           Correlations
              PERFIQ_S      WORKMEM       WORKMEM_      ATTN          ATTN_SE
              ________      ________      ________      ________      ________
 PERFIQ_S       1.000
 WORKMEM        0.048         1.000
 WORKMEM_       0.978         0.062         1.000
 ATTN           0.015        -0.596         0.003         1.000
 ATTN_SE        0.955         0.049         0.970         0.020         1.000


PLOT INFORMATION

The following plots are available:

  Histograms (sample values, estimated factor scores, estimated values, residuals)
  Scatterplots (sample values, estimated factor scores, estimated values, residuals)
  Latent variable distribution plots

     Beginning Time:  09:26:06
        Ending Time:  09:26:20
       Elapsed Time:  00:00:14



MUTHEN & MUTHEN
3463 Stoner Ave.
Los Angeles, CA  90066

Tel: (310) 391-9971
Fax: (310) 391-8971
Web: www.StatModel.com
Support: Support@StatModel.com

Copyright (c) 1998-2020 Muthen & Muthen
