Mplus VERSION 8.5
MUTHEN & MUTHEN
08/06/2021  12:07 PM

INPUT INSTRUCTIONS

  TITLE:
  Confirmatory Factor Analysis - 4-factor (with rate);
  DATA:
  FILE = "./mplus_models/compprof/cfa/cp_cfa_4fRnoSDQ_f7a2f8e87202daa7e4588ef4efe5d027.dat";

  VARIABLE:
  NAMES = woldComp f8age f9age f10age naraRate woldVcb wiscVcb wiscPcmp wiscParr
       wiscBloc wiscObja wiscBwsp cntspan attnSel attnDiv attnOpp;
   MISSING=.;

  DEFINE:
  wiscVcb = wiscVcb/2; naraRate = naraRate/8;
            wiscPcmp = wiscPcmp/2; wiscParr = wiscParr/5;
            wiscBloc = wiscBloc/6; wiscObja = wiscObja/5; attnDiv = attnDiv/20;
            attnOpp = attnOpp/4;
  ANALYSIS:
  estimator = mlr; type = general; starts = 20; distribution = skewnormal;
  MODEL:
   f8age; f9age; f10age;
              lang perfiq wiscBwsp attn on f8age;
              naraRate on f9age;
              cntSpan on f10age;
              naraRate;
              lang by woldComp wiscVcb woldVcb;
              perfiq by wiscPcmp wiscParr wiscBloc wiscObja;
              workmem by wiscBwsp cntSpan;
              attn by attnSel attnDiv attnOpp;
              naraRate with lang; naraRate with perfiq;
              naraRate with workmem; naraRate with attn;
              lang with perfiq; lang with attn; lang with workmem;
              perfiq with workmem; perfiq with attn;
              workmem with attn;
  OUTPUT:
  TECH1; TECH4; stdyx; modindices;
  PLOT:
  TYPE = PLOT3;



*** WARNING in OUTPUT command
  MODINDICES option is not available for analysis with the DISTRIBUTION option
  in the ANALYSIS command.  Request for MODINDICES is ignored.
   1 WARNING(S) FOUND IN THE INPUT INSTRUCTIONS




Confirmatory Factor Analysis - 4-factor (with rate);

SUMMARY OF ANALYSIS

Number of groups                                                 1
Number of observations                                         248

Number of dependent variables                                   13
Number of independent variables                                  3
Number of continuous latent variables                            4

Observed dependent variables

  Continuous
   WOLDCOMP    NARARATE    WOLDVCB     WISCVCB     WISCPCMP    WISCPARR
   WISCBLOC    WISCOBJA    WISCBWSP    CNTSPAN     ATTNSEL     ATTNDIV
   ATTNOPP

Observed independent variables
   F8AGE       F9AGE       F10AGE

Continuous latent variables
   LANG        PERFIQ      WORKMEM     ATTN


Estimator                                                      MLR
Information matrix                                        OBSERVED
Optimization Specifications for the Quasi-Newton Algorithm for
Continuous Outcomes
  Maximum number of iterations                                 100
  Convergence criterion                                  0.100D-03
Optimization Specifications for the EM Algorithm
  Maximum number of iterations                                 500
  Convergence criteria
    Loglikelihood change                                 0.100D-02
    Relative loglikelihood change                        0.100D-05
    Derivative                                           0.100D-03
Optimization Specifications for the M step of the EM Algorithm for
Categorical Latent variables
  Number of M step iterations                                    1
  M step convergence criterion                           0.100D-03
  Basis for M step termination                           ITERATION
Optimization Specifications for the M step of the EM Algorithm for
Censored, Binary or Ordered Categorical (Ordinal), Unordered
Categorical (Nominal) and Count Outcomes
  Number of M step iterations                                    1
  M step convergence criterion                           0.100D-03
  Basis for M step termination                           ITERATION
  Maximum value for logit thresholds                            15
  Minimum value for logit thresholds                           -15
  Minimum expected cell size for chi-square              0.100D-01
Maximum number of iterations for H1                           2000
Convergence criterion for H1                             0.100D-03
Optimization algorithm                                         EMA
Random Starts Specifications
  Number of random starts                                       20
  Random starts scale                                    0.500D+01
Distribution Specifications
  Distribution                                          SKEWNORMAL

Input data file(s)
  ./mplus_models/compprof/cfa/cp_cfa_4fRnoSDQ_f7a2f8e87202daa7e4588ef4efe5d027.d
Input data format  FREE


SUMMARY OF DATA

     Number of missing data patterns            33


COVARIANCE COVERAGE OF DATA

Minimum covariance coverage value   0.100


     PROPORTION OF DATA PRESENT FOR Y


           Covariance Coverage
              WOLDCOMP      NARARATE      WOLDVCB       WISCVCB       WISCPCMP
              ________      ________      ________      ________      ________
 WOLDCOMP       0.794
 NARARATE       0.790         0.996
 WOLDVCB        0.774         0.770         0.774
 WISCVCB        0.774         0.782         0.758         0.786
 WISCPCMP       0.782         0.790         0.762         0.786         0.794
 WISCPARR       0.766         0.774         0.750         0.774         0.778
 WISCBLOC       0.746         0.750         0.730         0.750         0.754
 WISCOBJA       0.742         0.750         0.726         0.750         0.754
 WISCBWSP       0.762         0.770         0.750         0.770         0.774
 CNTSPAN        0.677         0.851         0.665         0.677         0.681
 ATTNSEL        0.766         0.774         0.754         0.766         0.770
 ATTNDIV        0.726         0.734         0.714         0.730         0.734
 ATTNOPP        0.766         0.774         0.750         0.766         0.770
 F8AGE          0.794         0.802         0.774         0.786         0.794
 F9AGE          0.794         0.996         0.774         0.786         0.794
 F10AGE         0.714         0.895         0.698         0.706         0.714


           Covariance Coverage
              WISCPARR      WISCBLOC      WISCOBJA      WISCBWSP      CNTSPAN
              ________      ________      ________      ________      ________
 WISCPARR       0.778
 WISCBLOC       0.742         0.754
 WISCOBJA       0.746         0.726         0.754
 WISCBWSP       0.762         0.742         0.742         0.774
 CNTSPAN        0.669         0.653         0.657         0.673         0.855
 ATTNSEL        0.762         0.734         0.738         0.758         0.673
 ATTNDIV        0.722         0.702         0.698         0.722         0.645
 ATTNOPP        0.758         0.734         0.734         0.754         0.669
 F8AGE          0.778         0.754         0.754         0.774         0.690
 F9AGE          0.778         0.754         0.754         0.774         0.855
 F10AGE         0.698         0.681         0.681         0.702         0.855


           Covariance Coverage
              ATTNSEL       ATTNDIV       ATTNOPP       F8AGE         F9AGE
              ________      ________      ________      ________      ________
 ATTNSEL        0.778
 ATTNDIV        0.734         0.738
 ATTNOPP        0.770         0.730         0.778
 F8AGE          0.778         0.738         0.778         0.806
 F9AGE          0.778         0.738         0.778         0.806         1.000
 F10AGE         0.702         0.665         0.698         0.726         0.899


           Covariance Coverage
              F10AGE
              ________
 F10AGE         0.899



UNIVARIATE SAMPLE STATISTICS


     UNIVARIATE HIGHER-ORDER MOMENT DESCRIPTIVE STATISTICS

         Variable/         Mean/     Skewness/   Minimum/ % with                Percentiles
        Sample Size      Variance    Kurtosis    Maximum  Min/Max      20%/60%    40%/80%    Median

     WOLDCOMP              6.360      -0.217       2.000    1.52%       5.000      6.000      6.000
             197.000       2.434       0.263      10.000    2.03%       7.000      8.000
     NARARATE              8.385       2.376       3.500    0.40%       6.250      7.125      7.625
             247.000       8.920       9.107      27.125    0.40%       8.375      9.875
     WOLDVCB               5.974      -0.435       0.000    0.52%       4.000      6.000      6.000
             192.000       3.921      -0.090      10.000    1.56%       7.000      8.000
     WISCVCB               8.826       0.138       0.000    1.03%       7.000      8.000      9.000
             195.000       7.518       1.525      18.000    1.03%       9.000     11.000
     WISCPCMP              6.959      -0.464       0.000    0.51%       5.000      7.000      7.000
             197.000       5.582      -0.133      12.000    2.03%       8.000      9.000
     WISCPARR              2.944       0.683       0.600    5.70%       0.800      2.200      2.400
             193.000       3.723      -0.226       8.800    0.52%       3.200      4.400
     WISCBLOC              4.643       0.119       0.833    0.53%       2.667      4.000      4.667
             187.000       3.962      -0.458       9.833    0.53%       5.333      6.333
     WISCOBJA              4.180       0.174       0.600    0.53%       2.600      3.400      3.600
             187.000       3.107      -1.132       7.600    1.60%       4.400      6.200
     WISCBWSP              3.208       0.898       1.000    1.04%       3.000      3.000      3.000
             192.000       0.582       3.695       7.000    0.52%       3.000      4.000
     CNTSPAN               3.083      -0.404       0.500    3.30%       2.500      3.000      3.000
             212.000       0.733       1.281       5.000    3.77%       3.500      3.500
     ATTNSEL               5.819       3.824       0.000    0.52%       4.195      4.928      5.316
             193.000       8.292      22.909      27.900    0.52%       5.809      6.794
     ATTNDIV               0.358       5.688      -0.184    0.55%       0.010      0.085      0.147
             183.000       0.608      42.130       7.506    0.55%       0.208      0.457
     ATTNOPP               1.322       4.445      -0.500    0.52%       0.625      1.000      1.125
             193.000       1.270      32.683      11.375    0.52%       1.250      1.750
     F8AGE               103.565       2.190      99.000    2.50%     102.000    102.000    103.000
             200.000      10.286       5.717     117.000    1.50%     103.000    105.000
     F9AGE               118.637       0.864     110.000    0.40%     115.000    117.000    118.000
             248.000      15.852       0.512     135.000    0.40%     118.000    122.000
     F10AGE              127.448       1.799     120.000    0.45%     125.000    126.000    127.000
             223.000      10.274       4.244     142.000    0.45%     127.000    129.000

RANDOM STARTS RESULTS RANKED FROM THE BEST TO THE WORST LOGLIKELIHOOD VALUES

Final stage loglikelihood values at local maxima, seeds, and initial stage start numbers:

           -6538.862  462953           7
           -6601.379  415931           10

Unperturbed starting value run did not converge or was rejected in the third stage.

17 perturbed starting value run(s) did not converge or were rejected in the third stage.


     ONE OR MORE PARAMETERS WERE FIXED TO AVOID SINGULARITY OF THE
     INFORMATION MATRIX. THE SINGULARITY IS MOST LIKELY BECAUSE THE
     MODEL IS NOT IDENTIFIED, OR BECAUSE OF EMPTY CELLS IN THE JOINT
     DISTRIBUTION OF THE CATEGORICAL VARIABLES IN THE MODEL.
     THE FOLLOWING PARAMETERS WERE FIXED:
     Parameter 27, ATTNOPP
     Parameter 47, ATTN WITH LANG
     Parameter 48, ATTN WITH PERFIQ
     Parameter 49, ATTN WITH WORKMEM
     Parameter 50, ATTN
     Parameter 54, NARARATE WITH ATTN
     Parameter 57, CNTSPAN

     THIS MAY ALSO BE DUE TO RESIDUAL VARIANCES CONVERGING TO 0.
     THESE RESIDUAL VARIANCES AND CORRESPONDING COVARIANCES ARE FIXED TO 0.


THE MODEL ESTIMATION TERMINATED NORMALLY



MODEL FIT INFORMATION

Number of Free Parameters                       70

Loglikelihood

          H0 Value                       -6538.862
          H0 Scaling Correction Factor      1.6637
            for MLR

Information Criteria

          Akaike (AIC)                   13217.724
          Bayesian (BIC)                 13463.664
          Sample-Size Adjusted BIC       13241.762
            (n* = (n + 2) / 24)



MODEL RESULTS

                                                    Two-Tailed
                    Estimate       S.E.  Est./S.E.    P-Value

 LANG     BY
    WOLDCOMP           1.000      0.000    999.000    999.000
    WISCVCB            1.560      0.311      5.015      0.000
    WOLDVCB            1.333      0.248      5.365      0.000

 PERFIQ   BY
    WISCPCMP           1.000      0.000    999.000    999.000
    WISCPARR           0.777      0.176      4.407      0.000
    WISCBLOC           1.322      0.313      4.224      0.000
    WISCOBJA           1.084      0.189      5.738      0.000

 WORKMEM  BY
    WISCBWSP           1.000      0.000    999.000    999.000
    CNTSPAN            4.826      1.837      2.628      0.009

 ATTN     BY
    ATTNSEL            1.000      0.000    999.000    999.000
    ATTNDIV           -2.733      2.082     -1.313      0.189
    ATTNOPP          -27.663      5.384     -5.138      0.000

 LANG       ON
    F8AGE              0.044      0.028      1.571      0.116

 PERFIQ     ON
    F8AGE              0.041      0.033      1.216      0.224

 ATTN       ON
    F8AGE              0.000      0.000      0.807      0.419

 WISCBWSP   ON
    F8AGE              0.032      0.018      1.795      0.073

 NARARATE   ON
    F9AGE              0.026      0.039      0.685      0.493

 CNTSPAN    ON
    F10AGE             0.080      0.089      0.900      0.368

 NARARATE WITH
    LANG               0.336      0.289      1.162      0.245
    PERFIQ            -0.030      0.248     -0.122      0.903
    WORKMEM            0.095      0.053      1.795      0.073
    ATTN               0.000      0.000    999.000    999.000

 LANG     WITH
    PERFIQ             0.416      0.166      2.500      0.012
    ATTN               0.000      0.000    999.000    999.000
    WORKMEM            0.059      0.031      1.916      0.055

 PERFIQ   WITH
    WORKMEM            0.043      0.028      1.532      0.125
    ATTN               0.000      0.000    999.000    999.000

 WORKMEM  WITH
    ATTN               0.000      0.000    999.000    999.000

 F8AGE    WITH
    WORKMEM           -0.036      0.049     -0.729      0.466

 F9AGE    WITH
    WORKMEM           -0.015      0.103     -0.144      0.886

 F10AGE   WITH
    WORKMEM           -0.137      0.195     -0.706      0.480

 F9AGE    WITH
    F8AGE              3.477      1.344      2.588      0.010

 F10AGE   WITH
    F8AGE              0.870      0.902      0.965      0.335
    F9AGE              4.898      1.022      4.790      0.000

 Means
    F8AGE            103.653      0.244    423.955      0.000
    F9AGE            118.637      0.253    469.284      0.000
    F10AGE           127.511      0.217    587.079      0.000

 Intercepts
    WOLDCOMP           1.973      2.895      0.682      0.495
    NARARATE           5.247      4.628      1.134      0.257
    WOLDVCB            0.111      3.922      0.028      0.977
    WISCVCB            1.960      4.770      0.411      0.681
    WISCPCMP           3.019      3.443      0.877      0.381
    WISCPARR          -0.128      2.584     -0.050      0.960
    WISCBLOC          -0.605      4.442     -0.136      0.892
    WISCOBJA          -0.123      3.631     -0.034      0.973
    WISCBWSP          -0.062      1.842     -0.034      0.973
    CNTSPAN           -6.894     11.321     -0.609      0.543
    ATTNSEL            5.830      0.217     26.913      0.000
    ATTNDIV            0.331      0.111      2.984      0.003
    ATTNOPP            1.022      0.992      1.031      0.303

 Variances
    F8AGE             10.400      2.053      5.065      0.000
    F9AGE             15.843      1.594      9.941      0.000
    F10AGE            10.236      1.708      5.994      0.000
    WORKMEM            0.032      0.025      1.284      0.199

 Residual Variances
    WOLDCOMP           1.506      0.201      7.481      0.000
    NARARATE           8.916      1.899      4.694      0.000
    WOLDVCB            2.282      0.358      6.375      0.000
    WISCVCB            5.277      0.847      6.231      0.000
    WISCPCMP           4.306      0.632      6.814      0.000
    WISCPARR           2.958      0.358      8.271      0.000
    WISCBLOC           1.773      0.410      4.323      0.000
    WISCOBJA           1.620      0.264      6.129      0.000
    WISCBWSP           0.537      0.087      6.166      0.000
    CNTSPAN            0.000      0.000    999.000    999.000
    ATTNSEL            8.400      3.057      2.748      0.006
    ATTNDIV            0.600      0.295      2.032      0.042
    ATTNOPP            0.000      0.000    999.000    999.000
    LANG               0.860      0.235      3.663      0.000
    PERFIQ             1.181      0.434      2.724      0.006
    ATTN               0.000      0.000    999.000    999.000

Skew and Df Parameters

    LANG              -0.273      0.094     -2.917      0.004
    PERFIQ            -0.367      0.141     -2.609      0.009
    WORKMEM           -0.060      0.033     -1.813      0.070
    ATTN              -0.055      0.015     -3.626      0.000


STANDARDIZED MODEL RESULTS

                      StdYX
                    Estimate

 LANG     BY
    WOLDCOMP           0.613
    WISCVCB            0.543
    WOLDVCB            0.643

 PERFIQ   BY
    WISCPCMP           0.474
    WISCPARR           0.451
    WISCBLOC           0.743
    WISCOBJA           0.689

 WORKMEM  BY
    WISCBWSP           0.241
    CNTSPAN            1.027

 ATTN     BY
    ATTNSEL            0.012
    ATTNDIV           -0.122
    ATTNOPP           -1.000

 LANG       ON
    F8AGE              0.150

 PERFIQ     ON
    F8AGE              0.117

 ATTN       ON
    F8AGE              0.025

 WISCBWSP   ON
    F8AGE              0.135

 NARARATE   ON
    F9AGE              0.035

 CNTSPAN    ON
    F10AGE             0.296

 NARARATE WITH
    LANG               0.121
    PERFIQ            -0.009
    WORKMEM            0.178
    ATTN               0.000

 LANG     WITH
    PERFIQ             0.412
    ATTN               0.000
    WORKMEM            0.353

 PERFIQ   WITH
    WORKMEM            0.221
    ATTN               0.000

 WORKMEM  WITH
    ATTN               0.000

 F8AGE    WITH
    WORKMEM           -0.061

 F9AGE    WITH
    WORKMEM           -0.021

 F10AGE   WITH
    WORKMEM           -0.239

 F9AGE    WITH
    F8AGE              0.271

 F10AGE   WITH
    F8AGE              0.084
    F9AGE              0.385

 Means
    F8AGE             32.142
    F9AGE             29.805
    F10AGE            39.856

 Intercepts
    WOLDCOMP           1.270
    NARARATE           1.756
    WOLDVCB            0.056
    WISCVCB            0.716
    WISCPCMP           1.281
    WISCPARR          -0.067
    WISCBLOC          -0.304
    WISCOBJA          -0.070
    WISCBWSP          -0.081
    CNTSPAN           -7.993
    ATTNSEL            2.012
    ATTNDIV            0.424
    ATTNOPP            1.058

 Variances
    F8AGE              1.000
    F9AGE              1.000
    F10AGE             1.000
    WORKMEM            0.961

 Residual Variances
    WOLDCOMP           0.624
    NARARATE           0.999
    WOLDVCB            0.586
    WISCVCB            0.705
    WISCPCMP           0.775
    WISCPARR           0.797
    WISCBLOC           0.448
    WISCOBJA           0.525
    WISCBWSP           0.927
    CNTSPAN            0.000
    ATTNSEL            1.000
    ATTNDIV            0.985
    ATTNOPP            0.000
    LANG               0.948
    PERFIQ             0.947
    ATTN               0.082


R-SQUARE

    Observed
    Variable  Estimate

    WOLDCOMP  0.376
    NARARATE  0.001
    WOLDVCB   0.414
    WISCVCB   0.295
    WISCPCMP  0.225
    WISCPARR  0.203
    WISCBLOC  0.552
    WISCOBJA  0.475
    WISCBWSP  0.073
    CNTSPAN   1.000
    ATTNSEL   0.000
    ATTNDIV   0.015
    ATTNOPP   1.000

     Latent
    Variable  Estimate

    LANG      0.022
    PERFIQ    0.014
    ATTN      0.001


QUALITY OF NUMERICAL RESULTS

     Condition Number for the Information Matrix              0.256E-08
       (ratio of smallest to largest eigenvalue)


TECHNICAL 1 OUTPUT


     PARAMETER SPECIFICATION


           NU
              WOLDCOMP      NARARATE      WOLDVCB       WISCVCB       WISCPCMP
              ________      ________      ________      ________      ________
                    1             0             2             3             4


           NU
              WISCPARR      WISCBLOC      WISCOBJA      WISCBWSP      CNTSPAN
              ________      ________      ________      ________      ________
                    5             6             7             0             0


           NU
              ATTNSEL       ATTNDIV       ATTNOPP       F8AGE         F9AGE
              ________      ________      ________      ________      ________
                    8             9            10             0             0


           NU
              F10AGE
              ________
                    0


           LAMBDA
              LANG          PERFIQ        WORKMEM       ATTN          NARARATE
              ________      ________      ________      ________      ________
 WOLDCOMP           0             0             0             0             0
 NARARATE           0             0             0             0             0
 WOLDVCB           11             0             0             0             0
 WISCVCB           12             0             0             0             0
 WISCPCMP           0             0             0             0             0
 WISCPARR           0            13             0             0             0
 WISCBLOC           0            14             0             0             0
 WISCOBJA           0            15             0             0             0
 WISCBWSP           0             0             0             0             0
 CNTSPAN            0             0             0             0             0
 ATTNSEL            0             0             0             0             0
 ATTNDIV            0             0             0            16             0
 ATTNOPP            0             0             0            17             0
 F8AGE              0             0             0             0             0
 F9AGE              0             0             0             0             0
 F10AGE             0             0             0             0             0


           LAMBDA
              WISCBWSP      CNTSPAN       F8AGE         F9AGE         F10AGE
              ________      ________      ________      ________      ________
 WOLDCOMP           0             0             0             0             0
 NARARATE           0             0             0             0             0
 WOLDVCB            0             0             0             0             0
 WISCVCB            0             0             0             0             0
 WISCPCMP           0             0             0             0             0
 WISCPARR           0             0             0             0             0
 WISCBLOC           0             0             0             0             0
 WISCOBJA           0             0             0             0             0
 WISCBWSP           0             0             0             0             0
 CNTSPAN            0             0             0             0             0
 ATTNSEL            0             0             0             0             0
 ATTNDIV            0             0             0             0             0
 ATTNOPP            0             0             0             0             0
 F8AGE              0             0             0             0             0
 F9AGE              0             0             0             0             0
 F10AGE             0             0             0             0             0


           THETA
              WOLDCOMP      NARARATE      WOLDVCB       WISCVCB       WISCPCMP
              ________      ________      ________      ________      ________
 WOLDCOMP          18
 NARARATE           0             0
 WOLDVCB            0             0            19
 WISCVCB            0             0             0            20
 WISCPCMP           0             0             0             0            21
 WISCPARR           0             0             0             0             0
 WISCBLOC           0             0             0             0             0
 WISCOBJA           0             0             0             0             0
 WISCBWSP           0             0             0             0             0
 CNTSPAN            0             0             0             0             0
 ATTNSEL            0             0             0             0             0
 ATTNDIV            0             0             0             0             0
 ATTNOPP            0             0             0             0             0
 F8AGE              0             0             0             0             0
 F9AGE              0             0             0             0             0
 F10AGE             0             0             0             0             0


           THETA
              WISCPARR      WISCBLOC      WISCOBJA      WISCBWSP      CNTSPAN
              ________      ________      ________      ________      ________
 WISCPARR          22
 WISCBLOC           0            23
 WISCOBJA           0             0            24
 WISCBWSP           0             0             0             0
 CNTSPAN            0             0             0             0             0
 ATTNSEL            0             0             0             0             0
 ATTNDIV            0             0             0             0             0
 ATTNOPP            0             0             0             0             0
 F8AGE              0             0             0             0             0
 F9AGE              0             0             0             0             0
 F10AGE             0             0             0             0             0


           THETA
              ATTNSEL       ATTNDIV       ATTNOPP       F8AGE         F9AGE
              ________      ________      ________      ________      ________
 ATTNSEL           25
 ATTNDIV            0            26
 ATTNOPP            0             0            27
 F8AGE              0             0             0             0
 F9AGE              0             0             0             0             0
 F10AGE             0             0             0             0             0


           THETA
              F10AGE
              ________
 F10AGE             0


           ALPHA
              LANG          PERFIQ        WORKMEM       ATTN          NARARATE
              ________      ________      ________      ________      ________
                    0             0             0             0            28


           ALPHA
              WISCBWSP      CNTSPAN       F8AGE         F9AGE         F10AGE
              ________      ________      ________      ________      ________
                   29            30            31            32            33


           BETA
              LANG          PERFIQ        WORKMEM       ATTN          NARARATE
              ________      ________      ________      ________      ________
 LANG               0             0             0             0             0
 PERFIQ             0             0             0             0             0
 WORKMEM            0             0             0             0             0
 ATTN               0             0             0             0             0
 NARARATE           0             0             0             0             0
 WISCBWSP           0             0             0             0             0
 CNTSPAN            0             0            39             0             0
 F8AGE              0             0             0             0             0
 F9AGE              0             0             0             0             0
 F10AGE             0             0             0             0             0


           BETA
              WISCBWSP      CNTSPAN       F8AGE         F9AGE         F10AGE
              ________      ________      ________      ________      ________
 LANG               0             0            34             0             0
 PERFIQ             0             0            35             0             0
 WORKMEM            0             0             0             0             0
 ATTN               0             0            36             0             0
 NARARATE           0             0             0            37             0
 WISCBWSP           0             0            38             0             0
 CNTSPAN            0             0             0             0            40
 F8AGE              0             0             0             0             0
 F9AGE              0             0             0             0             0
 F10AGE             0             0             0             0             0


           PSI
              LANG          PERFIQ        WORKMEM       ATTN          NARARATE
              ________      ________      ________      ________      ________
 LANG              41
 PERFIQ            42            43
 WORKMEM           44            45            46
 ATTN              47            48            49            50
 NARARATE          51            52            53            54            55
 WISCBWSP           0             0             0             0             0
 CNTSPAN            0             0             0             0             0
 F8AGE              0             0            58             0             0
 F9AGE              0             0            60             0             0
 F10AGE             0             0            63             0             0


           PSI
              WISCBWSP      CNTSPAN       F8AGE         F9AGE         F10AGE
              ________      ________      ________      ________      ________
 WISCBWSP          56
 CNTSPAN            0            57
 F8AGE              0             0            59
 F9AGE              0             0            61            62
 F10AGE             0             0            64            65            66


     PARAMETER SPECIFICATION FOR THE SKEW AND DF PARAMETERS


           SKEW AND DF PARAMETERS
              WOLDCOMP      NARARATE      WOLDVCB       WISCVCB       WISCPCMP
              ________      ________      ________      ________      ________
                    0             0             0             0             0


           SKEW AND DF PARAMETERS
              WISCPARR      WISCBLOC      WISCOBJA      WISCBWSP      CNTSPAN
              ________      ________      ________      ________      ________
                    0             0             0             0             0


           SKEW AND DF PARAMETERS
              ATTNSEL       ATTNDIV       ATTNOPP       F8AGE         F9AGE
              ________      ________      ________      ________      ________
                    0             0             0             0             0


           SKEW AND DF PARAMETERS
              F10AGE        LANG          PERFIQ        WORKMEM       ATTN
              ________      ________      ________      ________      ________
                    0            67            68            69            70


     STARTING VALUES


           NU
              WOLDCOMP      NARARATE      WOLDVCB       WISCVCB       WISCPCMP
              ________      ________      ________      ________      ________
                6.360         0.000         5.974         8.826         6.959


           NU
              WISCPARR      WISCBLOC      WISCOBJA      WISCBWSP      CNTSPAN
              ________      ________      ________      ________      ________
                2.944         4.643         4.180         0.000         0.000


           NU
              ATTNSEL       ATTNDIV       ATTNOPP       F8AGE         F9AGE
              ________      ________      ________      ________      ________
                5.819         0.358         1.322         0.000         0.000


           NU
              F10AGE
              ________
                0.000


           LAMBDA
              LANG          PERFIQ        WORKMEM       ATTN          NARARATE
              ________      ________      ________      ________      ________
 WOLDCOMP       1.000         0.000         0.000         0.000         0.000
 NARARATE       0.000         0.000         0.000         0.000         1.000
 WOLDVCB        1.000         0.000         0.000         0.000         0.000
 WISCVCB        1.000         0.000         0.000         0.000         0.000
 WISCPCMP       0.000         1.000         0.000         0.000         0.000
 WISCPARR       0.000         1.000         0.000         0.000         0.000
 WISCBLOC       0.000         1.000         0.000         0.000         0.000
 WISCOBJA       0.000         1.000         0.000         0.000         0.000
 WISCBWSP       0.000         0.000         0.000         0.000         0.000
 CNTSPAN        0.000         0.000         0.000         0.000         0.000
 ATTNSEL        0.000         0.000         0.000         1.000         0.000
 ATTNDIV        0.000         0.000         0.000         1.000         0.000
 ATTNOPP        0.000         0.000         0.000         1.000         0.000
 F8AGE          0.000         0.000         0.000         0.000         0.000
 F9AGE          0.000         0.000         0.000         0.000         0.000
 F10AGE         0.000         0.000         0.000         0.000         0.000


           LAMBDA
              WISCBWSP      CNTSPAN       F8AGE         F9AGE         F10AGE
              ________      ________      ________      ________      ________
 WOLDCOMP       0.000         0.000         0.000         0.000         0.000
 NARARATE       0.000         0.000         0.000         0.000         0.000
 WOLDVCB        0.000         0.000         0.000         0.000         0.000
 WISCVCB        0.000         0.000         0.000         0.000         0.000
 WISCPCMP       0.000         0.000         0.000         0.000         0.000
 WISCPARR       0.000         0.000         0.000         0.000         0.000
 WISCBLOC       0.000         0.000         0.000         0.000         0.000
 WISCOBJA       0.000         0.000         0.000         0.000         0.000
 WISCBWSP       1.000         0.000         0.000         0.000         0.000
 CNTSPAN        0.000         1.000         0.000         0.000         0.000
 ATTNSEL        0.000         0.000         0.000         0.000         0.000
 ATTNDIV        0.000         0.000         0.000         0.000         0.000
 ATTNOPP        0.000         0.000         0.000         0.000         0.000
 F8AGE          0.000         0.000         1.000         0.000         0.000
 F9AGE          0.000         0.000         0.000         1.000         0.000
 F10AGE         0.000         0.000         0.000         0.000         1.000


           THETA
              WOLDCOMP      NARARATE      WOLDVCB       WISCVCB       WISCPCMP
              ________      ________      ________      ________      ________
 WOLDCOMP       1.217
 NARARATE       0.000         0.000
 WOLDVCB        0.000         0.000         1.961
 WISCVCB        0.000         0.000         0.000         3.759
 WISCPCMP       0.000         0.000         0.000         0.000         2.791
 WISCPARR       0.000         0.000         0.000         0.000         0.000
 WISCBLOC       0.000         0.000         0.000         0.000         0.000
 WISCOBJA       0.000         0.000         0.000         0.000         0.000
 WISCBWSP       0.000         0.000         0.000         0.000         0.000
 CNTSPAN        0.000         0.000         0.000         0.000         0.000
 ATTNSEL        0.000         0.000         0.000         0.000         0.000
 ATTNDIV        0.000         0.000         0.000         0.000         0.000
 ATTNOPP        0.000         0.000         0.000         0.000         0.000
 F8AGE          0.000         0.000         0.000         0.000         0.000
 F9AGE          0.000         0.000         0.000         0.000         0.000
 F10AGE         0.000         0.000         0.000         0.000         0.000


           THETA
              WISCPARR      WISCBLOC      WISCOBJA      WISCBWSP      CNTSPAN
              ________      ________      ________      ________      ________
 WISCPARR       1.862
 WISCBLOC       0.000         1.981
 WISCOBJA       0.000         0.000         1.553
 WISCBWSP       0.000         0.000         0.000         0.000
 CNTSPAN        0.000         0.000         0.000         0.000         0.000
 ATTNSEL        0.000         0.000         0.000         0.000         0.000
 ATTNDIV        0.000         0.000         0.000         0.000         0.000
 ATTNOPP        0.000         0.000         0.000         0.000         0.000
 F8AGE          0.000         0.000         0.000         0.000         0.000
 F9AGE          0.000         0.000         0.000         0.000         0.000
 F10AGE         0.000         0.000         0.000         0.000         0.000


           THETA
              ATTNSEL       ATTNDIV       ATTNOPP       F8AGE         F9AGE
              ________      ________      ________      ________      ________
 ATTNSEL        4.146
 ATTNDIV        0.000         0.304
 ATTNOPP        0.000         0.000         0.635
 F8AGE          0.000         0.000         0.000         0.000
 F9AGE          0.000         0.000         0.000         0.000         0.000
 F10AGE         0.000         0.000         0.000         0.000         0.000


           THETA
              F10AGE
              ________
 F10AGE         0.000


           ALPHA
              LANG          PERFIQ        WORKMEM       ATTN          NARARATE
              ________      ________      ________      ________      ________
                0.000         0.000         0.000         0.000         8.385


           ALPHA
              WISCBWSP      CNTSPAN       F8AGE         F9AGE         F10AGE
              ________      ________      ________      ________      ________
                3.208         3.083       103.565       118.637       127.448


           BETA
              LANG          PERFIQ        WORKMEM       ATTN          NARARATE
              ________      ________      ________      ________      ________
 LANG           0.000         0.000         0.000         0.000         0.000
 PERFIQ         0.000         0.000         0.000         0.000         0.000
 WORKMEM        0.000         0.000         0.000         0.000         0.000
 ATTN           0.000         0.000         0.000         0.000         0.000
 NARARATE       0.000         0.000         0.000         0.000         0.000
 WISCBWSP       0.000         0.000         1.000         0.000         0.000
 CNTSPAN        0.000         0.000         1.000         0.000         0.000
 F8AGE          0.000         0.000         0.000         0.000         0.000
 F9AGE          0.000         0.000         0.000         0.000         0.000
 F10AGE         0.000         0.000         0.000         0.000         0.000


           BETA
              WISCBWSP      CNTSPAN       F8AGE         F9AGE         F10AGE
              ________      ________      ________      ________      ________
 LANG           0.000         0.000         0.000         0.000         0.000
 PERFIQ         0.000         0.000         0.000         0.000         0.000
 WORKMEM        0.000         0.000         0.000         0.000         0.000
 ATTN           0.000         0.000         0.000         0.000         0.000
 NARARATE       0.000         0.000         0.000         0.000         0.000
 WISCBWSP       0.000         0.000         0.000         0.000         0.000
 CNTSPAN        0.000         0.000         0.000         0.000         0.000
 F8AGE          0.000         0.000         0.000         0.000         0.000
 F9AGE          0.000         0.000         0.000         0.000         0.000
 F10AGE         0.000         0.000         0.000         0.000         0.000


           PSI
              LANG          PERFIQ        WORKMEM       ATTN          NARARATE
              ________      ________      ________      ________      ________
 LANG           0.050
 PERFIQ         0.000         0.050
 WORKMEM        0.000         0.000         0.050
 ATTN           0.000         0.000         0.000         0.050
 NARARATE       0.000         0.000         0.000         0.000         4.460
 WISCBWSP       0.000         0.000         0.000         0.000         0.000
 CNTSPAN        0.000         0.000         0.000         0.000         0.000
 F8AGE          0.000         0.000         0.000         0.000         0.000
 F9AGE          0.000         0.000         0.000         0.000         0.000
 F10AGE         0.000         0.000         0.000         0.000         0.000


           PSI
              WISCBWSP      CNTSPAN       F8AGE         F9AGE         F10AGE
              ________      ________      ________      ________      ________
 WISCBWSP       0.291
 CNTSPAN        0.000         0.366
 F8AGE          0.000         0.000         5.143
 F9AGE          0.000         0.000         0.000         7.926
 F10AGE         0.000         0.000         0.000         0.000         5.137


     STARTING VALUES FOR THE SKEW AND DF PARAMETERS


           SKEW AND DF PARAMETERS
              WOLDCOMP      NARARATE      WOLDVCB       WISCVCB       WISCPCMP
              ________      ________      ________      ________      ________
                0.000         0.000         0.000         0.000         0.000


           SKEW AND DF PARAMETERS
              WISCPARR      WISCBLOC      WISCOBJA      WISCBWSP      CNTSPAN
              ________      ________      ________      ________      ________
                0.000         0.000         0.000         0.000         0.000


           SKEW AND DF PARAMETERS
              ATTNSEL       ATTNDIV       ATTNOPP       F8AGE         F9AGE
              ________      ________      ________      ________      ________
                0.000         0.000         0.000         0.000         0.000


           SKEW AND DF PARAMETERS
              F10AGE        LANG          PERFIQ        WORKMEM       ATTN
              ________      ________      ________      ________      ________
                0.000         1.000         1.000         1.000         1.000


TECHNICAL 4 OUTPUT


     ESTIMATES DERIVED FROM THE MODEL


           ESTIMATED MEANS FOR THE LATENT VARIABLES
              LANG          PERFIQ        WORKMEM       ATTN          NARARATE
              ________      ________      ________      ________      ________
                4.374         3.912        -0.048        -0.016         8.388


           ESTIMATED MEANS FOR THE LATENT VARIABLES
              WISCBWSP      CNTSPAN       F8AGE         F9AGE         F10AGE
              ________      ________      ________      ________      ________
                3.205         3.055       103.653       118.637       127.511


           ESTIMATED COVARIANCE MATRIX FOR THE LATENT VARIABLES
              LANG          PERFIQ        WORKMEM       ATTN          NARARATE
              ________      ________      ________      ________      ________
 LANG           0.907
 PERFIQ         0.471         1.248
 WORKMEM        0.063         0.050         0.034
 ATTN           0.006         0.008         0.001         0.001
 NARARATE       0.340        -0.027         0.095         0.000         8.927
 WISCBWSP       0.078         0.063         0.033         0.001         0.098
 CNTSPAN        0.308         0.243         0.152         0.006         0.469
 F8AGE          0.461         0.422        -0.036         0.003         0.092
 F9AGE          0.154         0.141        -0.015         0.001         0.419
 F10AGE         0.039         0.035        -0.137         0.000         0.130


           ESTIMATED COVARIANCE MATRIX FOR THE LATENT VARIABLES
              WISCBWSP      CNTSPAN       F8AGE         F9AGE         F10AGE
              ________      ________      ________      ________      ________
 WISCBWSP       0.580
 CNTSPAN        0.148         0.744
 F8AGE          0.297        -0.102        10.400
 F9AGE          0.096         0.320         3.477        15.843
 F10AGE        -0.110         0.154         0.870         4.898        10.236


           ESTIMATED CORRELATION MATRIX FOR THE LATENT VARIABLES
              LANG          PERFIQ        WORKMEM       ATTN          NARARATE
              ________      ________      ________      ________      ________
 LANG           1.000
 PERFIQ         0.443         1.000
 WORKMEM        0.362         0.243         1.000
 ATTN           0.170         0.193         0.187         1.000
 NARARATE       0.119        -0.008         0.173         0.000         1.000
 WISCBWSP       0.108         0.074         0.233         0.049         0.043
 CNTSPAN        0.375         0.252         0.958         0.193         0.182
 F8AGE          0.150         0.117        -0.060         0.025         0.010
 F9AGE          0.041         0.032        -0.020         0.007         0.035
 F10AGE         0.013         0.010        -0.234         0.002         0.014


           ESTIMATED CORRELATION MATRIX FOR THE LATENT VARIABLES
              WISCBWSP      CNTSPAN       F8AGE         F9AGE         F10AGE
              ________      ________      ________      ________      ________
 WISCBWSP       1.000
 CNTSPAN        0.226         1.000
 F8AGE          0.121        -0.037         1.000
 F9AGE          0.032         0.093         0.271         1.000
 F10AGE        -0.045         0.056         0.084         0.385         1.000


           ESTIMATED SKEW FOR THE LATENT VARIABLES
              LANG          PERFIQ        WORKMEM       ATTN          NARARATE
              ________      ________      ________      ________      ________
               -0.005        -0.008        -0.008        -0.874         0.000


           ESTIMATED SKEW FOR THE LATENT VARIABLES
              WISCBWSP      CNTSPAN       F8AGE         F9AGE         F10AGE
              ________      ________      ________      ________      ________
                0.000        -0.008         0.000         0.000         0.000


SAMPLE STATISTICS FOR ESTIMATED FACTOR SCORES


     SAMPLE STATISTICS


           Means
              LANG          PERFIQ        WORKMEM       ATTN
              ________      ________      ________      ________
                4.393         3.939        -0.044        -0.012


           Covariances
              LANG          PERFIQ        WORKMEM       ATTN
              ________      ________      ________      ________
 LANG           0.517
 PERFIQ         0.367         0.755
 WORKMEM        0.060         0.046         0.030
 ATTN           0.007         0.009         0.002         0.001


           Correlations
              LANG          PERFIQ        WORKMEM       ATTN
              ________      ________      ________      ________
 LANG           1.000
 PERFIQ         0.588         1.000
 WORKMEM        0.487         0.305         1.000
 ATTN           0.259         0.280         0.247         1.000


PLOT INFORMATION

The following plots are available:

  Histograms (sample values, estimated factor scores)
  Scatterplots (sample values, estimated factor scores)
  Conditional expectation plots
  Latent variable distribution plots
  Estimated distributions

     Beginning Time:  12:07:14
        Ending Time:  12:07:38
       Elapsed Time:  00:00:24



MUTHEN & MUTHEN
3463 Stoner Ave.
Los Angeles, CA  90066

Tel: (310) 391-9971
Fax: (310) 391-8971
Web: www.StatModel.com
Support: Support@StatModel.com

Copyright (c) 1998-2020 Muthen & Muthen
