Mplus VERSION 8.5
MUTHEN & MUTHEN
08/05/2021   9:53 AM

INPUT INSTRUCTIONS

  TITLE:
  Confirmatory Factor Analysis - 5-factor (split execfun, no wiscode, no sdqHyp);
  DATA:
  FILE = "./mplus_models/compprof/cfa/cp_cfa_5fnoSDQ_881676f4cb810fab02cb087069d5715d.dat";

  VARIABLE:
  NAMES = naraAcc combAcc woldComp f8age f9age f10age woldVcb wiscVcb wiscPcmp
       wiscParr wiscBloc wiscObja wiscBwsp cntspan attnSel attnDiv attnOpp;
   MISSING=.;

  DEFINE:
   naraAcc = naraAcc/5; wiscVcb = wiscVcb/2;
            wiscPcmp = wiscPcmp/2; wiscParr = wiscParr/5;
            wiscBloc = wiscBloc/6; wiscObja = wiscObja/5; attnDiv = attnDiv/20;
            attnOpp = attnOpp/4;
  ANALYSIS:
  estimator = mlr; type = general; starts = 20;
  MODEL:
   f8age; f9age; f10age;
              lang perfiq wiscBwsp attn on f8age;
              cntSpan on f10age;
              acc on f9age;
              acc by combAcc naraAcc;
              lang by woldComp wiscVcb woldVcb;
              perfiq by wiscPcmp wiscParr wiscBloc wiscObja;
              workmem by wiscBwsp cntSpan;
              attn by attnSel attnDiv attnOpp;
              acc with lang;
              acc with perfiq; acc with workmem;
              lang with perfiq;
              lang with workmem;
              perfiq with workmem;
              attn with acc@0; attn with lang@0; attn with perfiq@0;
              attn with workmem;
  OUTPUT:
  TECH1; TECH4; stdyx; modindices;
  PLOT:
  TYPE = PLOT3;



INPUT READING TERMINATED NORMALLY




Confirmatory Factor Analysis - 5-factor (split execfun, no wiscode, no sdqHyp);

SUMMARY OF ANALYSIS

Number of groups                                                 1
Number of observations                                         248

Number of dependent variables                                   14
Number of independent variables                                  3
Number of continuous latent variables                            5

Observed dependent variables

  Continuous
   NARAACC     COMBACC     WOLDCOMP    WOLDVCB     WISCVCB     WISCPCMP
   WISCPARR    WISCBLOC    WISCOBJA    WISCBWSP    CNTSPAN     ATTNSEL
   ATTNDIV     ATTNOPP

Observed independent variables
   F8AGE       F9AGE       F10AGE

Continuous latent variables
   ACC         LANG        PERFIQ      WORKMEM     ATTN


Estimator                                                      MLR
Information matrix                                        OBSERVED
Maximum number of iterations                                  1000
Convergence criterion                                    0.500D-04
Maximum number of steepest descent iterations                   20
Maximum number of iterations for H1                           2000
Convergence criterion for H1                             0.100D-03
Random Starts Specifications
  Number of random starts                                       20
  Random starts scale                                    0.500D+01

Input data file(s)
  ./mplus_models/compprof/cfa/cp_cfa_5fnoSDQ_881676f4cb810fab02cb087069d5715d.da

Input data format  FREE


SUMMARY OF DATA

     Number of missing data patterns            32


COVARIANCE COVERAGE OF DATA

Minimum covariance coverage value   0.100


     PROPORTION OF DATA PRESENT


           Covariance Coverage
              NARAACC       COMBACC       WOLDCOMP      WOLDVCB       WISCVCB
              ________      ________      ________      ________      ________
 NARAACC        1.000
 COMBACC        1.000         1.000
 WOLDCOMP       0.794         0.794         0.794
 WOLDVCB        0.774         0.774         0.774         0.774
 WISCVCB        0.786         0.786         0.774         0.758         0.786
 WISCPCMP       0.794         0.794         0.782         0.762         0.786
 WISCPARR       0.778         0.778         0.766         0.750         0.774
 WISCBLOC       0.754         0.754         0.746         0.730         0.750
 WISCOBJA       0.754         0.754         0.742         0.726         0.750
 WISCBWSP       0.774         0.774         0.762         0.750         0.770
 CNTSPAN        0.855         0.855         0.677         0.665         0.677
 ATTNSEL        0.778         0.778         0.766         0.754         0.766
 ATTNDIV        0.738         0.738         0.726         0.714         0.730
 ATTNOPP        0.778         0.778         0.766         0.750         0.766
 F8AGE          0.806         0.806         0.794         0.774         0.786
 F9AGE          1.000         1.000         0.794         0.774         0.786
 F10AGE         0.899         0.899         0.714         0.698         0.706


           Covariance Coverage
              WISCPCMP      WISCPARR      WISCBLOC      WISCOBJA      WISCBWSP
              ________      ________      ________      ________      ________
 WISCPCMP       0.794
 WISCPARR       0.778         0.778
 WISCBLOC       0.754         0.742         0.754
 WISCOBJA       0.754         0.746         0.726         0.754
 WISCBWSP       0.774         0.762         0.742         0.742         0.774
 CNTSPAN        0.681         0.669         0.653         0.657         0.673
 ATTNSEL        0.770         0.762         0.734         0.738         0.758
 ATTNDIV        0.734         0.722         0.702         0.698         0.722
 ATTNOPP        0.770         0.758         0.734         0.734         0.754
 F8AGE          0.794         0.778         0.754         0.754         0.774
 F9AGE          0.794         0.778         0.754         0.754         0.774
 F10AGE         0.714         0.698         0.681         0.681         0.702


           Covariance Coverage
              CNTSPAN       ATTNSEL       ATTNDIV       ATTNOPP       F8AGE
              ________      ________      ________      ________      ________
 CNTSPAN        0.855
 ATTNSEL        0.673         0.778
 ATTNDIV        0.645         0.734         0.738
 ATTNOPP        0.669         0.770         0.730         0.778
 F8AGE          0.690         0.778         0.738         0.778         0.806
 F9AGE          0.855         0.778         0.738         0.778         0.806
 F10AGE         0.855         0.702         0.665         0.698         0.726


           Covariance Coverage
              F9AGE         F10AGE
              ________      ________
 F9AGE          1.000
 F10AGE         0.899         0.899



UNIVARIATE SAMPLE STATISTICS


     UNIVARIATE HIGHER-ORDER MOMENT DESCRIPTIVE STATISTICS

         Variable/         Mean/     Skewness/   Minimum/ % with                Percentiles
        Sample Size      Variance    Kurtosis    Maximum  Min/Max      20%/60%    40%/80%    Median

     NARAACC              10.156       0.717       3.200    0.40%       8.000      9.200      9.800
             248.000       7.182       0.752      19.200    0.40%      10.400     12.000
     COMBACC              12.448       0.293       8.000    5.65%      10.000     12.000     12.000
             248.000       6.554      -0.508      19.000    0.40%      13.000     15.000
     WOLDCOMP              6.360      -0.217       2.000    1.52%       5.000      6.000      6.000
             197.000       2.434       0.263      10.000    2.03%       7.000      8.000
     WOLDVCB               5.974      -0.435       0.000    0.52%       4.000      6.000      6.000
             192.000       3.921      -0.090      10.000    1.56%       7.000      8.000
     WISCVCB               8.826       0.138       0.000    1.03%       7.000      8.000      9.000
             195.000       7.518       1.525      18.000    1.03%       9.000     11.000
     WISCPCMP              6.959      -0.464       0.000    0.51%       5.000      7.000      7.000
             197.000       5.582      -0.133      12.000    2.03%       8.000      9.000
     WISCPARR              2.944       0.683       0.600    5.70%       0.800      2.200      2.400
             193.000       3.723      -0.226       8.800    0.52%       3.200      4.400
     WISCBLOC              4.643       0.119       0.833    0.53%       2.667      4.000      4.667
             187.000       3.962      -0.458       9.833    0.53%       5.333      6.333
     WISCOBJA              4.180       0.174       0.600    0.53%       2.600      3.400      3.600
             187.000       3.107      -1.132       7.600    1.60%       4.400      6.200
     WISCBWSP              3.208       0.898       1.000    1.04%       3.000      3.000      3.000
             192.000       0.582       3.695       7.000    0.52%       3.000      4.000
     CNTSPAN               3.083      -0.404       0.500    3.30%       2.500      3.000      3.000
             212.000       0.733       1.281       5.000    3.77%       3.500      3.500
     ATTNSEL               5.819       3.824       0.000    0.52%       4.195      4.928      5.316
             193.000       8.292      22.909      27.900    0.52%       5.809      6.794
     ATTNDIV               0.358       5.688      -0.184    0.55%       0.010      0.085      0.147
             183.000       0.608      42.130       7.506    0.55%       0.208      0.457
     ATTNOPP               1.322       4.445      -0.500    0.52%       0.625      1.000      1.125
             193.000       1.270      32.683      11.375    0.52%       1.250      1.750
     F8AGE               103.565       2.190      99.000    2.50%     102.000    102.000    103.000
             200.000      10.286       5.717     117.000    1.50%     103.000    105.000
     F9AGE               118.637       0.864     110.000    0.40%     115.000    117.000    118.000
             248.000      15.852       0.512     135.000    0.40%     118.000    122.000
     F10AGE              127.448       1.799     120.000    0.45%     125.000    126.000    127.000
             223.000      10.274       4.244     142.000    0.45%     127.000    129.000


RANDOM STARTS RESULTS RANKED FROM THE BEST TO THE WORST FIT FUNCTION VALUES

Fit function values at local maxima and random start numbers:

            147.6164         20
            147.6164         unperturbed
            147.6164         16
            147.6164         17
            147.6164         10
            147.6164         13
            147.6164         14
            147.6164         6
            147.6164         7
            147.6164         15
            147.6164         19
            147.6164         1
            147.6164         5
            147.6164         8

7 starting value run(s) did not converge.

     WARNING:  THE LATENT VARIABLE COVARIANCE MATRIX (PSI) IS NOT POSITIVE
     DEFINITE.  THIS COULD INDICATE A NEGATIVE VARIANCE/RESIDUAL VARIANCE FOR A
     LATENT VARIABLE, A CORRELATION GREATER OR EQUAL TO ONE BETWEEN TWO LATENT
     VARIABLES, OR A LINEAR DEPENDENCY AMONG MORE THAN TWO LATENT VARIABLES.
     CHECK THE TECH4 OUTPUT FOR MORE INFORMATION.
     PROBLEM INVOLVING VARIABLE ATTN.




MODEL FIT INFORMATION

Number of Free Parameters                       67

Loglikelihood

          H0 Value                       -7058.976
          H0 Scaling Correction Factor      1.9725
            for MLR
          H1 Value                       -6985.168
          H1 Scaling Correction Factor      1.3462
            for MLR

Information Criteria

          Akaike (AIC)                   14251.953
          Bayesian (BIC)                 14487.352
          Sample-Size Adjusted BIC       14274.961
            (n* = (n + 2) / 24)

Chi-Square Test of Model Fit

          Value                            157.227*
          Degrees of Freedom                   103
          P-Value                           0.0005
          Scaling Correction Factor         0.9389
            for MLR

*   The chi-square value for MLM, MLMV, MLR, ULSMV, WLSM and WLSMV cannot be used
    for chi-square difference testing in the regular way.  MLM, MLR and WLSM
    chi-square difference testing is described on the Mplus website.  MLMV, WLSMV,
    and ULSMV difference testing is done using the DIFFTEST option.

RMSEA (Root Mean Square Error Of Approximation)

          Estimate                           0.046
          90 Percent C.I.                    0.031  0.060
          Probability RMSEA <= .05           0.662

CFI/TLI

          CFI                                0.879
          TLI                                0.844

Chi-Square Test of Model Fit for the Baseline Model

          Value                            582.418
          Degrees of Freedom                   133
          P-Value                           0.0000

SRMR (Standardized Root Mean Square Residual)

          Value                              0.089



MODEL RESULTS

                                                    Two-Tailed
                    Estimate       S.E.  Est./S.E.    P-Value

 ACC      BY
    COMBACC            1.000      0.000    999.000    999.000
    NARAACC            1.540      1.072      1.437      0.151

 LANG     BY
    WOLDCOMP           1.000      0.000    999.000    999.000
    WISCVCB            1.527      0.309      4.938      0.000
    WOLDVCB            1.365      0.244      5.586      0.000

 PERFIQ   BY
    WISCPCMP           1.000      0.000    999.000    999.000
    WISCPARR           0.782      0.180      4.345      0.000
    WISCBLOC           1.306      0.305      4.287      0.000
    WISCOBJA           1.104      0.196      5.625      0.000

 WORKMEM  BY
    WISCBWSP           1.000      0.000    999.000    999.000
    CNTSPAN            0.979      0.367      2.670      0.008

 ATTN     BY
    ATTNSEL            1.000      0.000    999.000    999.000
    ATTNDIV            0.138      0.063      2.210      0.027
    ATTNOPP            0.271      0.102      2.666      0.008

 LANG     ON
    F8AGE              0.045      0.028      1.636      0.102

 PERFIQ   ON
    F8AGE              0.041      0.034      1.218      0.223

 ATTN     ON
    F8AGE             -0.062      0.048     -1.300      0.194

 ACC      ON
    F9AGE              0.036      0.035      1.054      0.292

 WISCBWSP ON
    F8AGE              0.040      0.023      1.692      0.091

 CNTSPAN  ON
    F10AGE             0.026      0.025      1.028      0.304

 ACC      WITH
    LANG              -0.025      0.200     -0.123      0.902
    PERFIQ            -0.147      0.293     -0.503      0.615
    WORKMEM            0.239      0.271      0.881      0.378
    ATTN               0.000      0.000    999.000    999.000

 LANG     WITH
    PERFIQ             0.469      0.182      2.581      0.010
    WORKMEM            0.276      0.083      3.313      0.001
    ATTN               0.000      0.000    999.000    999.000

 PERFIQ   WITH
    WORKMEM            0.201      0.090      2.231      0.026
    ATTN               0.000      0.000    999.000    999.000

 ATTN     WITH
    WORKMEM           -0.227      0.140     -1.620      0.105

 F8AGE    WITH
    WORKMEM           -0.083      0.191     -0.433      0.665

 F9AGE    WITH
    WORKMEM            0.222      0.207      1.072      0.284

 F10AGE   WITH
    WORKMEM           -0.057      0.181     -0.316      0.752

 F9AGE    WITH
    F8AGE              3.469      1.347      2.575      0.010

 F10AGE   WITH
    F8AGE              0.878      0.913      0.961      0.336
    F9AGE              4.904      1.023      4.792      0.000

 Means
    F8AGE            103.655      0.245    423.910      0.000
    F9AGE            118.637      0.253    469.247      0.000
    F10AGE           127.512      0.218    586.177      0.000

 Intercepts
    NARAACC            3.486      5.483      0.636      0.525
    COMBACC            8.118      4.114      1.973      0.048
    WOLDCOMP           1.692      2.848      0.594      0.552
    WOLDVCB           -0.414      4.000     -0.104      0.917
    WISCVCB            1.682      4.688      0.359      0.720
    WISCPCMP           2.699      3.491      0.773      0.440
    WISCPARR          -0.398      2.606     -0.153      0.879
    WISCBLOC          -0.961      4.413     -0.218      0.828
    WISCOBJA          -0.555      3.754     -0.148      0.882
    WISCBWSP          -0.879      2.417     -0.364      0.716
    CNTSPAN           -0.171      3.166     -0.054      0.957
    ATTNSEL           12.236      4.939      2.477      0.013
    ATTNDIV            1.264      0.858      1.474      0.140
    ATTNOPP            3.058      1.002      3.053      0.002

 Variances
    F8AGE             10.396      2.049      5.073      0.000
    F9AGE             15.852      1.595      9.936      0.000
    F10AGE            10.236      1.708      5.994      0.000
    WORKMEM            0.116      0.072      1.622      0.105

 Residual Variances
    NARAACC            0.848      4.399      0.193      0.847
    COMBACC            3.885      1.854      2.096      0.036
    WOLDCOMP           1.511      0.201      7.513      0.000
    WOLDVCB            2.214      0.361      6.128      0.000
    WISCVCB            5.380      0.833      6.459      0.000
    WISCPCMP           4.311      0.632      6.826      0.000
    WISCPARR           2.950      0.355      8.310      0.000
    WISCBLOC           1.835      0.404      4.538      0.000
    WISCOBJA           1.569      0.275      5.700      0.000
    WISCBWSP           0.450      0.076      5.945      0.000
    CNTSPAN            0.622      0.101      6.185      0.000
    ATTNSEL            2.942      1.469      2.002      0.045
    ATTNDIV            0.535      0.286      1.873      0.061
    ATTNOPP            0.876      0.214      4.096      0.000
    ACC                2.646      1.851      1.429      0.153
    LANG               0.899      0.244      3.692      0.000
    PERFIQ             1.253      0.463      2.707      0.007
    ATTN               5.292      3.146      1.682      0.093


STANDARDIZED MODEL RESULTS


STDYX Standardization

                                                    Two-Tailed
                    Estimate       S.E.  Est./S.E.    P-Value

 ACC      BY
    COMBACC            0.638      0.221      2.886      0.004
    NARAACC            0.939      0.327      2.874      0.004

 LANG     BY
    WOLDCOMP           0.615      0.063      9.843      0.000
    WISCVCB            0.534      0.068      7.826      0.000
    WOLDVCB            0.661      0.070      9.382      0.000

 PERFIQ   BY
    WISCPCMP           0.477      0.086      5.547      0.000
    WISCPARR           0.457      0.071      6.402      0.000
    WISCBLOC           0.736      0.069     10.742      0.000
    WISCOBJA           0.705      0.062     11.304      0.000

 WORKMEM  BY
    WISCBWSP           0.449      0.117      3.838      0.000
    CNTSPAN            0.388      0.117      3.313      0.001

 ATTN     BY
    ATTNSEL            0.803      0.128      6.270      0.000
    ATTNDIV            0.400      0.190      2.112      0.035
    ATTNOPP            0.556      0.199      2.789      0.005

 LANG     ON
    F8AGE              0.151      0.099      1.527      0.127

 PERFIQ   ON
    F8AGE              0.117      0.097      1.207      0.227

 ATTN     ON
    F8AGE             -0.087      0.074     -1.167      0.243

 ACC      ON
    F9AGE              0.089      0.072      1.240      0.215

 WISCBWSP ON
    F8AGE              0.168      0.100      1.673      0.094

 CNTSPAN  ON
    F10AGE             0.095      0.091      1.043      0.297

 ACC      WITH
    LANG              -0.016      0.133     -0.120      0.905
    PERFIQ            -0.081      0.186     -0.435      0.663
    WORKMEM            0.431      0.327      1.318      0.187
    ATTN               0.000      0.000    999.000    999.000

 LANG     WITH
    PERFIQ             0.442      0.111      3.963      0.000
    WORKMEM            0.854      0.191      4.473      0.000
    ATTN               0.000      0.000    999.000    999.000

 PERFIQ   WITH
    WORKMEM            0.526      0.173      3.036      0.002
    ATTN               0.000      0.000    999.000    999.000

 ATTN     WITH
    WORKMEM           -0.290      0.182     -1.597      0.110

 F8AGE    WITH
    WORKMEM           -0.075      0.174     -0.434      0.664

 F9AGE    WITH
    WORKMEM            0.164      0.153      1.068      0.285

 F10AGE   WITH
    WORKMEM           -0.052      0.163     -0.321      0.748

 F9AGE    WITH
    F8AGE              0.270      0.087      3.091      0.002

 F10AGE   WITH
    F8AGE              0.085      0.087      0.973      0.330
    F9AGE              0.385      0.059      6.490      0.000

 Means
    F8AGE             32.147      3.108     10.342      0.000
    F9AGE             29.797      1.466     20.328      0.000
    F10AGE            39.854      3.275     12.169      0.000

 Intercepts
    NARAACC            1.301      2.059      0.632      0.527
    COMBACC            3.172      1.623      1.954      0.051
    WOLDCOMP           1.085      1.825      0.595      0.552
    WOLDVCB           -0.209      2.019     -0.104      0.918
    WISCVCB            0.613      1.714      0.358      0.721
    WISCPCMP           1.142      1.481      0.771      0.440
    WISCPARR          -0.206      1.348     -0.153      0.878
    WISCBLOC          -0.480      2.202     -0.218      0.827
    WISCOBJA          -0.315      2.126     -0.148      0.882
    WISCBWSP          -1.159      3.181     -0.364      0.716
    CNTSPAN           -0.200      3.685     -0.054      0.957
    ATTNSEL            4.254      1.939      2.194      0.028
    ATTNDIV            1.584      1.024      1.547      0.122
    ATTNOPP            2.716      1.079      2.518      0.012

 Variances
    F8AGE              1.000      0.000    999.000    999.000
    F9AGE              1.000      0.000    999.000    999.000
    F10AGE             1.000      0.000    999.000    999.000
    WORKMEM            1.000      0.000    999.000    999.000

 Residual Variances
    NARAACC            0.118      0.614      0.193      0.847
    COMBACC            0.593      0.282      2.102      0.036
    WOLDCOMP           0.621      0.077      8.076      0.000
    WOLDVCB            0.563      0.093      6.051      0.000
    WISCVCB            0.715      0.073      9.809      0.000
    WISCPCMP           0.772      0.082      9.414      0.000
    WISCPARR           0.791      0.065     12.151      0.000
    WISCBLOC           0.459      0.101      4.549      0.000
    WISCOBJA           0.503      0.088      5.728      0.000
    WISCBWSP           0.782      0.106      7.376      0.000
    CNTSPAN            0.844      0.090      9.391      0.000
    ATTNSEL            0.356      0.206      1.730      0.084
    ATTNDIV            0.840      0.152      5.529      0.000
    ATTNOPP            0.691      0.221      3.124      0.002
    ACC                0.992      0.013     77.669      0.000
    LANG               0.977      0.030     32.528      0.000
    PERFIQ             0.986      0.023     43.139      0.000
    ATTN               0.993      0.013     77.324      0.000


R-SQUARE

    Observed                                        Two-Tailed
    Variable        Estimate       S.E.  Est./S.E.    P-Value

    NARAACC            0.882      0.614      1.437      0.151
    COMBACC            0.407      0.282      1.443      0.149
    WOLDCOMP           0.379      0.077      4.921      0.000
    WOLDVCB            0.437      0.093      4.691      0.000
    WISCVCB            0.285      0.073      3.913      0.000
    WISCPCMP           0.228      0.082      2.773      0.006
    WISCPARR           0.209      0.065      3.201      0.001
    WISCBLOC           0.541      0.101      5.371      0.000
    WISCOBJA           0.497      0.088      5.652      0.000
    WISCBWSP           0.218      0.106      2.059      0.039
    CNTSPAN            0.156      0.090      1.737      0.082
    ATTNSEL            0.644      0.206      3.135      0.002
    ATTNDIV            0.160      0.152      1.056      0.291
    ATTNOPP            0.309      0.221      1.394      0.163

     Latent                                         Two-Tailed
    Variable        Estimate       S.E.  Est./S.E.    P-Value

    ACC                0.008      0.013      0.620      0.535
    LANG               0.023      0.030      0.764      0.445
    PERFIQ             0.014      0.023      0.604      0.546
    ATTN               0.007      0.013      0.583      0.560


QUALITY OF NUMERICAL RESULTS

     Condition Number for the Information Matrix              0.365E-08
       (ratio of smallest to largest eigenvalue)


MODEL MODIFICATION INDICES

NOTE:  Modification indices for direct effects of observed dependent variables
regressed on covariates may not be included.  To include these, request
MODINDICES (ALL).

Minimum M.I. value for printing the modification index    10.000

                                   M.I.     E.P.C.  Std E.P.C.  StdYX E.P.C.

BY Statements

PERFIQ   BY ATTNDIV               13.528    -0.206     -0.232       -0.290

ON/BY Statements

PERFIQ   ON ATTN     /
ATTN     BY PERFIQ                17.228    -0.189     -0.387       -0.387
ATTN     ON LANG     /
LANG     BY ATTN                  11.398    -0.841     -0.350       -0.350
ATTN     ON PERFIQ   /
PERFIQ   BY ATTN                  23.457    -0.969     -0.473       -0.473
ATTN     ON WORKMEM  /
WORKMEM  BY ATTN                  13.837    -2.383     -0.351       -0.351

WITH Statements

ATTN     WITH PERFIQ              17.228    -1.000     -0.388       -0.388


TECHNICAL 1 OUTPUT


     PARAMETER SPECIFICATION


           NU
              NARAACC       COMBACC       WOLDCOMP      WOLDVCB       WISCVCB
              ________      ________      ________      ________      ________
                  1             2             3             4             5


           NU
              WISCPCMP      WISCPARR      WISCBLOC      WISCOBJA      WISCBWSP
              ________      ________      ________      ________      ________
                  6             7             8             9             0


           NU
              CNTSPAN       ATTNSEL       ATTNDIV       ATTNOPP       F8AGE
              ________      ________      ________      ________      ________
                  0            10            11            12             0


           NU
              F9AGE         F10AGE
              ________      ________
                  0             0


           LAMBDA
              ACC           LANG          PERFIQ        WORKMEM       ATTN
              ________      ________      ________      ________      ________
 NARAACC           13             0             0             0             0
 COMBACC            0             0             0             0             0
 WOLDCOMP           0             0             0             0             0
 WOLDVCB            0            14             0             0             0
 WISCVCB            0            15             0             0             0
 WISCPCMP           0             0             0             0             0
 WISCPARR           0             0            16             0             0
 WISCBLOC           0             0            17             0             0
 WISCOBJA           0             0            18             0             0
 WISCBWSP           0             0             0             0             0
 CNTSPAN            0             0             0             0             0
 ATTNSEL            0             0             0             0             0
 ATTNDIV            0             0             0             0            19
 ATTNOPP            0             0             0             0            20
 F8AGE              0             0             0             0             0
 F9AGE              0             0             0             0             0
 F10AGE             0             0             0             0             0


           LAMBDA
              WISCBWSP      CNTSPAN       F8AGE         F9AGE         F10AGE
              ________      ________      ________      ________      ________
 NARAACC            0             0             0             0             0
 COMBACC            0             0             0             0             0
 WOLDCOMP           0             0             0             0             0
 WOLDVCB            0             0             0             0             0
 WISCVCB            0             0             0             0             0
 WISCPCMP           0             0             0             0             0
 WISCPARR           0             0             0             0             0
 WISCBLOC           0             0             0             0             0
 WISCOBJA           0             0             0             0             0
 WISCBWSP           0             0             0             0             0
 CNTSPAN            0             0             0             0             0
 ATTNSEL            0             0             0             0             0
 ATTNDIV            0             0             0             0             0
 ATTNOPP            0             0             0             0             0
 F8AGE              0             0             0             0             0
 F9AGE              0             0             0             0             0
 F10AGE             0             0             0             0             0


           THETA
              NARAACC       COMBACC       WOLDCOMP      WOLDVCB       WISCVCB
              ________      ________      ________      ________      ________
 NARAACC           21
 COMBACC            0            22
 WOLDCOMP           0             0            23
 WOLDVCB            0             0             0            24
 WISCVCB            0             0             0             0            25
 WISCPCMP           0             0             0             0             0
 WISCPARR           0             0             0             0             0
 WISCBLOC           0             0             0             0             0
 WISCOBJA           0             0             0             0             0
 WISCBWSP           0             0             0             0             0
 CNTSPAN            0             0             0             0             0
 ATTNSEL            0             0             0             0             0
 ATTNDIV            0             0             0             0             0
 ATTNOPP            0             0             0             0             0
 F8AGE              0             0             0             0             0
 F9AGE              0             0             0             0             0
 F10AGE             0             0             0             0             0


           THETA
              WISCPCMP      WISCPARR      WISCBLOC      WISCOBJA      WISCBWSP
              ________      ________      ________      ________      ________
 WISCPCMP          26
 WISCPARR           0            27
 WISCBLOC           0             0            28
 WISCOBJA           0             0             0            29
 WISCBWSP           0             0             0             0             0
 CNTSPAN            0             0             0             0             0
 ATTNSEL            0             0             0             0             0
 ATTNDIV            0             0             0             0             0
 ATTNOPP            0             0             0             0             0
 F8AGE              0             0             0             0             0
 F9AGE              0             0             0             0             0
 F10AGE             0             0             0             0             0


           THETA
              CNTSPAN       ATTNSEL       ATTNDIV       ATTNOPP       F8AGE
              ________      ________      ________      ________      ________
 CNTSPAN            0
 ATTNSEL            0            30
 ATTNDIV            0             0            31
 ATTNOPP            0             0             0            32
 F8AGE              0             0             0             0             0
 F9AGE              0             0             0             0             0
 F10AGE             0             0             0             0             0


           THETA
              F9AGE         F10AGE
              ________      ________
 F9AGE              0
 F10AGE             0             0


           ALPHA
              ACC           LANG          PERFIQ        WORKMEM       ATTN
              ________      ________      ________      ________      ________
                  0             0             0             0             0


           ALPHA
              WISCBWSP      CNTSPAN       F8AGE         F9AGE         F10AGE
              ________      ________      ________      ________      ________
                 33            34            35            36            37


           BETA
              ACC           LANG          PERFIQ        WORKMEM       ATTN
              ________      ________      ________      ________      ________
 ACC                0             0             0             0             0
 LANG               0             0             0             0             0
 PERFIQ             0             0             0             0             0
 WORKMEM            0             0             0             0             0
 ATTN               0             0             0             0             0
 WISCBWSP           0             0             0             0             0
 CNTSPAN            0             0             0            43             0
 F8AGE              0             0             0             0             0
 F9AGE              0             0             0             0             0
 F10AGE             0             0             0             0             0


           BETA
              WISCBWSP      CNTSPAN       F8AGE         F9AGE         F10AGE
              ________      ________      ________      ________      ________
 ACC                0             0             0            38             0
 LANG               0             0            39             0             0
 PERFIQ             0             0            40             0             0
 WORKMEM            0             0             0             0             0
 ATTN               0             0            41             0             0
 WISCBWSP           0             0            42             0             0
 CNTSPAN            0             0             0             0            44
 F8AGE              0             0             0             0             0
 F9AGE              0             0             0             0             0
 F10AGE             0             0             0             0             0


           PSI
              ACC           LANG          PERFIQ        WORKMEM       ATTN
              ________      ________      ________      ________      ________
 ACC               45
 LANG              46            47
 PERFIQ            48            49            50
 WORKMEM           51            52            53            54
 ATTN               0             0             0            55            56
 WISCBWSP           0             0             0             0             0
 CNTSPAN            0             0             0             0             0
 F8AGE              0             0             0            59             0
 F9AGE              0             0             0            61             0
 F10AGE             0             0             0            64             0


           PSI
              WISCBWSP      CNTSPAN       F8AGE         F9AGE         F10AGE
              ________      ________      ________      ________      ________
 WISCBWSP          57
 CNTSPAN            0            58
 F8AGE              0             0            60
 F9AGE              0             0            62            63
 F10AGE             0             0            65            66            67


     STARTING VALUES


           NU
              NARAACC       COMBACC       WOLDCOMP      WOLDVCB       WISCVCB
              ________      ________      ________      ________      ________
               10.156        12.448         6.360         5.974         8.826


           NU
              WISCPCMP      WISCPARR      WISCBLOC      WISCOBJA      WISCBWSP
              ________      ________      ________      ________      ________
                6.959         2.944         4.643         4.180         0.000


           NU
              CNTSPAN       ATTNSEL       ATTNDIV       ATTNOPP       F8AGE
              ________      ________      ________      ________      ________
                0.000         5.819         0.358         1.322         0.000


           NU
              F9AGE         F10AGE
              ________      ________
                0.000         0.000


           LAMBDA
              ACC           LANG          PERFIQ        WORKMEM       ATTN
              ________      ________      ________      ________      ________
 NARAACC        1.747         0.000         0.000         0.000         0.000
 COMBACC        1.000         0.000         0.000         0.000         0.000
 WOLDCOMP       0.000         1.000         0.000         0.000         0.000
 WOLDVCB        0.000         1.259         0.000         0.000         0.000
 WISCVCB        0.000         1.438         0.000         0.000         0.000
 WISCPCMP       0.000         0.000         1.000         0.000         0.000
 WISCPARR       0.000         0.000         0.797         0.000         0.000
 WISCBLOC       0.000         0.000         1.236         0.000         0.000
 WISCOBJA       0.000         0.000         1.230         0.000         0.000
 WISCBWSP       0.000         0.000         0.000         0.000         0.000
 CNTSPAN        0.000         0.000         0.000         0.000         0.000
 ATTNSEL        0.000         0.000         0.000         0.000         1.000
 ATTNDIV        0.000         0.000         0.000         0.000         0.086
 ATTNOPP        0.000         0.000         0.000         0.000         0.196
 F8AGE          0.000         0.000         0.000         0.000         0.000
 F9AGE          0.000         0.000         0.000         0.000         0.000
 F10AGE         0.000         0.000         0.000         0.000         0.000


           LAMBDA
              WISCBWSP      CNTSPAN       F8AGE         F9AGE         F10AGE
              ________      ________      ________      ________      ________
 NARAACC        0.000         0.000         0.000         0.000         0.000
 COMBACC        0.000         0.000         0.000         0.000         0.000
 WOLDCOMP       0.000         0.000         0.000         0.000         0.000
 WOLDVCB        0.000         0.000         0.000         0.000         0.000
 WISCVCB        0.000         0.000         0.000         0.000         0.000
 WISCPCMP       0.000         0.000         0.000         0.000         0.000
 WISCPARR       0.000         0.000         0.000         0.000         0.000
 WISCBLOC       0.000         0.000         0.000         0.000         0.000
 WISCOBJA       0.000         0.000         0.000         0.000         0.000
 WISCBWSP       1.000         0.000         0.000         0.000         0.000
 CNTSPAN        0.000         1.000         0.000         0.000         0.000
 ATTNSEL        0.000         0.000         0.000         0.000         0.000
 ATTNDIV        0.000         0.000         0.000         0.000         0.000
 ATTNOPP        0.000         0.000         0.000         0.000         0.000
 F8AGE          0.000         0.000         1.000         0.000         0.000
 F9AGE          0.000         0.000         0.000         1.000         0.000
 F10AGE         0.000         0.000         0.000         0.000         1.000


           THETA
              NARAACC       COMBACC       WOLDCOMP      WOLDVCB       WISCVCB
              ________      ________      ________      ________      ________
 NARAACC        3.591
 COMBACC        0.000         3.277
 WOLDCOMP       0.000         0.000         1.217
 WOLDVCB        0.000         0.000         0.000         1.961
 WISCVCB        0.000         0.000         0.000         0.000         3.759
 WISCPCMP       0.000         0.000         0.000         0.000         0.000
 WISCPARR       0.000         0.000         0.000         0.000         0.000
 WISCBLOC       0.000         0.000         0.000         0.000         0.000
 WISCOBJA       0.000         0.000         0.000         0.000         0.000
 WISCBWSP       0.000         0.000         0.000         0.000         0.000
 CNTSPAN        0.000         0.000         0.000         0.000         0.000
 ATTNSEL        0.000         0.000         0.000         0.000         0.000
 ATTNDIV        0.000         0.000         0.000         0.000         0.000
 ATTNOPP        0.000         0.000         0.000         0.000         0.000
 F8AGE          0.000         0.000         0.000         0.000         0.000
 F9AGE          0.000         0.000         0.000         0.000         0.000
 F10AGE         0.000         0.000         0.000         0.000         0.000


           THETA
              WISCPCMP      WISCPARR      WISCBLOC      WISCOBJA      WISCBWSP
              ________      ________      ________      ________      ________
 WISCPCMP       2.791
 WISCPARR       0.000         1.862
 WISCBLOC       0.000         0.000         1.981
 WISCOBJA       0.000         0.000         0.000         1.553
 WISCBWSP       0.000         0.000         0.000         0.000         0.000
 CNTSPAN        0.000         0.000         0.000         0.000         0.000
 ATTNSEL        0.000         0.000         0.000         0.000         0.000
 ATTNDIV        0.000         0.000         0.000         0.000         0.000
 ATTNOPP        0.000         0.000         0.000         0.000         0.000
 F8AGE          0.000         0.000         0.000         0.000         0.000
 F9AGE          0.000         0.000         0.000         0.000         0.000
 F10AGE         0.000         0.000         0.000         0.000         0.000


           THETA
              CNTSPAN       ATTNSEL       ATTNDIV       ATTNOPP       F8AGE
              ________      ________      ________      ________      ________
 CNTSPAN        0.000
 ATTNSEL        0.000         4.146
 ATTNDIV        0.000         0.000         0.304
 ATTNOPP        0.000         0.000         0.000         0.635
 F8AGE          0.000         0.000         0.000         0.000         0.000
 F9AGE          0.000         0.000         0.000         0.000         0.000
 F10AGE         0.000         0.000         0.000         0.000         0.000


           THETA
              F9AGE         F10AGE
              ________      ________
 F9AGE          0.000
 F10AGE         0.000         0.000


           ALPHA
              ACC           LANG          PERFIQ        WORKMEM       ATTN
              ________      ________      ________      ________      ________
                0.000         0.000         0.000         0.000         0.000


           ALPHA
              WISCBWSP      CNTSPAN       F8AGE         F9AGE         F10AGE
              ________      ________      ________      ________      ________
                3.208         3.083       103.565       118.637       127.448


           BETA
              ACC           LANG          PERFIQ        WORKMEM       ATTN
              ________      ________      ________      ________      ________
 ACC            0.000         0.000         0.000         0.000         0.000
 LANG           0.000         0.000         0.000         0.000         0.000
 PERFIQ         0.000         0.000         0.000         0.000         0.000
 WORKMEM        0.000         0.000         0.000         0.000         0.000
 ATTN           0.000         0.000         0.000         0.000         0.000
 WISCBWSP       0.000         0.000         0.000         1.000         0.000
 CNTSPAN        0.000         0.000         0.000         0.195         0.000
 F8AGE          0.000         0.000         0.000         0.000         0.000
 F9AGE          0.000         0.000         0.000         0.000         0.000
 F10AGE         0.000         0.000         0.000         0.000         0.000


           BETA
              WISCBWSP      CNTSPAN       F8AGE         F9AGE         F10AGE
              ________      ________      ________      ________      ________
 ACC            0.000         0.000         0.000         0.000         0.000
 LANG           0.000         0.000         0.000         0.000         0.000
 PERFIQ         0.000         0.000         0.000         0.000         0.000
 WORKMEM        0.000         0.000         0.000         0.000         0.000
 ATTN           0.000         0.000         0.000         0.000         0.000
 WISCBWSP       0.000         0.000         0.000         0.000         0.000
 CNTSPAN        0.000         0.000         0.000         0.000         0.000
 F8AGE          0.000         0.000         0.000         0.000         0.000
 F9AGE          0.000         0.000         0.000         0.000         0.000
 F10AGE         0.000         0.000         0.000         0.000         0.000


           PSI
              ACC           LANG          PERFIQ        WORKMEM       ATTN
              ________      ________      ________      ________      ________
 ACC            0.050
 LANG           0.000         0.050
 PERFIQ         0.000         0.000         0.050
 WORKMEM        0.000         0.000         0.000         0.050
 ATTN           0.000         0.000         0.000         0.000         0.050
 WISCBWSP       0.000         0.000         0.000         0.000         0.000
 CNTSPAN        0.000         0.000         0.000         0.000         0.000
 F8AGE          0.000         0.000         0.000         0.000         0.000
 F9AGE          0.000         0.000         0.000         0.000         0.000
 F10AGE         0.000         0.000         0.000         0.000         0.000


           PSI
              WISCBWSP      CNTSPAN       F8AGE         F9AGE         F10AGE
              ________      ________      ________      ________      ________
 WISCBWSP       0.291
 CNTSPAN        0.000         0.366
 F8AGE          0.000         0.000         5.143
 F9AGE          0.000         0.000         0.000         7.926
 F10AGE         0.000         0.000         0.000         0.000         5.137


TECHNICAL 4 OUTPUT


     ESTIMATES DERIVED FROM THE MODEL


           ESTIMATED MEANS FOR THE LATENT VARIABLES
              ACC           LANG          PERFIQ        WORKMEM       ATTN
              ________      ________      ________      ________      ________
                4.330         4.671         4.257         0.000        -6.423


           ESTIMATED MEANS FOR THE LATENT VARIABLES
              WISCBWSP      CNTSPAN       F8AGE         F9AGE         F10AGE
              ________      ________      ________      ________      ________
                3.216         3.081       103.655       118.637       127.512


           S.E. FOR ESTIMATED MEANS FOR THE LATENT VARIABLES
              ACC           LANG          PERFIQ        WORKMEM       ATTN
              ________      ________      ________      ________      ________
                4.105         2.856         3.498         0.000         4.941


           S.E. FOR ESTIMATED MEANS FOR THE LATENT VARIABLES
              WISCBWSP      CNTSPAN       F8AGE         F9AGE         F10AGE
              ________      ________      ________      ________      ________
                0.056         0.058         0.245         0.253         0.218


           EST./S.E. FOR ESTIMATED MEANS FOR THE LATENT VARIABLES
              ACC           LANG          PERFIQ        WORKMEM       ATTN
              ________      ________      ________      ________      ________
                1.055         1.636         1.217         0.000        -1.300


           EST./S.E. FOR ESTIMATED MEANS FOR THE LATENT VARIABLES
              WISCBWSP      CNTSPAN       F8AGE         F9AGE         F10AGE
              ________      ________      ________      ________      ________
               57.044        52.858       423.910       469.247       586.177


           TWO-TAILED P-VALUE FOR ESTIMATED MEANS FOR THE LATENT VARIABLES
              ACC           LANG          PERFIQ        WORKMEM       ATTN
              ________      ________      ________      ________      ________
                0.292         0.102         0.224         1.000         0.194


           TWO-TAILED P-VALUE FOR ESTIMATED MEANS FOR THE LATENT VARIABLES
              WISCBWSP      CNTSPAN       F8AGE         F9AGE         F10AGE
              ________      ________      ________      ________      ________
                0.000         0.000         0.000         0.000         0.000


           ESTIMATED COVARIANCE MATRIX FOR THE LATENT VARIABLES
              ACC           LANG          PERFIQ        WORKMEM       ATTN
              ________      ________      ________      ________      ________
 ACC            2.667
 LANG          -0.019         0.921
 PERFIQ        -0.142         0.488         1.270
 WORKMEM        0.247         0.272         0.197         0.116
 ATTN          -0.008        -0.029        -0.026        -0.222         5.332
 WISCBWSP       0.252         0.291         0.214         0.113        -0.247
 CNTSPAN        0.246         0.267         0.194         0.112        -0.219
 F8AGE          0.127         0.469         0.427        -0.083        -0.644
 F9AGE          0.579         0.156         0.142         0.222        -0.215
 F10AGE         0.179         0.040         0.036        -0.057        -0.054


           ESTIMATED COVARIANCE MATRIX FOR THE LATENT VARIABLES
              WISCBWSP      CNTSPAN       F8AGE         F9AGE         F10AGE
              ________      ________      ________      ________      ________
 WISCBWSP       0.576
 CNTSPAN        0.110         0.737
 F8AGE          0.328        -0.059        10.396
 F9AGE          0.359         0.342         3.469        15.852
 F10AGE        -0.022         0.205         0.878         4.904        10.236


           S.E. FOR ESTIMATED COVARIANCE MATRIX FOR THE LATENT VARIABLES
              ACC           LANG          PERFIQ        WORKMEM       ATTN
              ________      ________      ________      ________      ________
 ACC            1.873
 LANG           0.203         0.239
 PERFIQ         0.295         0.187         0.470
 WORKMEM        0.277         0.082         0.090         0.072
 ATTN           0.009         0.031         0.036         0.143         3.142
 WISCBWSP       0.280         0.084         0.092         0.071         0.133
 CNTSPAN        0.240         0.088         0.084         0.054         0.191
 F8AGE          0.122         0.309         0.388         0.191         0.525
 F9AGE          0.545         0.104         0.139         0.207         0.188
 F10AGE         0.170         0.045         0.054         0.181         0.067


           S.E. FOR ESTIMATED COVARIANCE MATRIX FOR THE LATENT VARIABLES
              WISCBWSP      CNTSPAN       F8AGE         F9AGE         F10AGE
              ________      ________      ________      ________      ________
 WISCBWSP       0.099
 CNTSPAN        0.054         0.091
 F8AGE          0.215         0.175         2.049
 F9AGE          0.215         0.175         1.347         1.595
 F10AGE         0.178         0.175         0.913         1.023         1.708


           EST./S.E. FOR ESTIMATED COVARIANCE MATRIX FOR THE LATENT VARIABLES
              ACC           LANG          PERFIQ        WORKMEM       ATTN
              ________      ________      ________      ________      ________
 ACC            1.424
 LANG          -0.093         3.847
 PERFIQ        -0.481         2.605         2.701
 WORKMEM        0.892         3.303         2.191         1.622
 ATTN          -0.835        -0.928        -0.730        -1.554         1.697
 WISCBWSP       0.900         3.473         2.338         1.595        -1.857
 CNTSPAN        1.026         3.045         2.310         2.058        -1.147
 F8AGE          1.037         1.517         1.101        -0.433        -1.227
 F9AGE          1.062         1.497         1.026         1.072        -1.144
 F10AGE         1.053         0.871         0.668        -0.316        -0.817


           EST./S.E. FOR ESTIMATED COVARIANCE MATRIX FOR THE LATENT VARIABLES
              WISCBWSP      CNTSPAN       F8AGE         F9AGE         F10AGE
              ________      ________      ________      ________      ________
 WISCBWSP       5.822
 CNTSPAN        2.017         8.082
 F8AGE          1.523        -0.336         5.073
 F9AGE          1.671         1.956         2.575         9.936
 F10AGE        -0.126         1.171         0.961         4.792         5.994


           TWO-TAILED P-VALUE FOR ESTIMATED COVARIANCE MATRIX FOR THE LATENT VARIABLES
              ACC           LANG          PERFIQ        WORKMEM       ATTN
              ________      ________      ________      ________      ________
 ACC            0.154
 LANG           0.926         0.000
 PERFIQ         0.630         0.009         0.007
 WORKMEM        0.373         0.001         0.028         0.105
 ATTN           0.404         0.353         0.465         0.120         0.090
 WISCBWSP       0.368         0.001         0.019         0.111         0.063
 CNTSPAN        0.305         0.002         0.021         0.040         0.251
 F8AGE          0.300         0.129         0.271         0.665         0.220
 F9AGE          0.288         0.134         0.305         0.284         0.253
 F10AGE         0.292         0.384         0.504         0.752         0.414


           TWO-TAILED P-VALUE FOR ESTIMATED COVARIANCE MATRIX FOR THE LATENT VARIABLES
              WISCBWSP      CNTSPAN       F8AGE         F9AGE         F10AGE
              ________      ________      ________      ________      ________
 WISCBWSP       0.000
 CNTSPAN        0.044         0.000
 F8AGE          0.128         0.737         0.000
 F9AGE          0.095         0.050         0.010         0.000
 F10AGE         0.900         0.242         0.336         0.000         0.000


           ESTIMATED CORRELATION MATRIX FOR THE LATENT VARIABLES
              ACC           LANG          PERFIQ        WORKMEM       ATTN
              ________      ________      ________      ________      ________
 ACC            1.000
 LANG          -0.012         1.000
 PERFIQ        -0.077         0.451         1.000
 WORKMEM        0.444         0.833         0.514         1.000
 ATTN          -0.002        -0.013        -0.010        -0.282         1.000
 WISCBWSP       0.203         0.399         0.250         0.436        -0.141
 CNTSPAN        0.176         0.325         0.201         0.383        -0.110
 F8AGE          0.024         0.151         0.117        -0.075        -0.087
 F9AGE          0.089         0.041         0.032         0.164        -0.023
 F10AGE         0.034         0.013         0.010        -0.052        -0.007


           ESTIMATED CORRELATION MATRIX FOR THE LATENT VARIABLES
              WISCBWSP      CNTSPAN       F8AGE         F9AGE         F10AGE
              ________      ________      ________      ________      ________
 WISCBWSP       1.000
 CNTSPAN        0.169         1.000
 F8AGE          0.134        -0.021         1.000
 F9AGE          0.119         0.100         0.270         1.000
 F10AGE        -0.009         0.075         0.085         0.385         1.000


           S.E. FOR ESTIMATED CORRELATION MATRIX FOR THE LATENT VARIABLES
              ACC           LANG          PERFIQ        WORKMEM       ATTN
              ________      ________      ________      ________      ________
 ACC            0.000
 LANG           0.132         0.000
 PERFIQ         0.184         0.112         0.000
 WORKMEM        0.331         0.187         0.177         0.000
 ATTN           0.002         0.015         0.014         0.185         0.000
 WISCBWSP       0.159         0.075         0.079         0.120         0.062
 CNTSPAN        0.116         0.092         0.074         0.115         0.082
 F8AGE          0.020         0.099         0.097         0.174         0.074
 F9AGE          0.072         0.028         0.030         0.153         0.022
 F10AGE         0.028         0.015         0.015         0.163         0.009


           S.E. FOR ESTIMATED CORRELATION MATRIX FOR THE LATENT VARIABLES
              WISCBWSP      CNTSPAN       F8AGE         F9AGE         F10AGE
              ________      ________      ________      ________      ________
 WISCBWSP       0.000
 CNTSPAN        0.078         0.000
 F8AGE          0.082         0.064         0.000
 F9AGE          0.068         0.050         0.087         0.000
 F10AGE         0.073         0.062         0.087         0.059         0.000


           EST./S.E. FOR ESTIMATED CORRELATION MATRIX FOR THE LATENT VARIABLES
              ACC           LANG          PERFIQ        WORKMEM       ATTN
              ________      ________      ________      ________      ________
 ACC          999.000
 LANG          -0.091       999.000
 PERFIQ        -0.418         4.045       999.000
 WORKMEM        1.342         4.441         2.899       999.000
 ATTN          -0.854        -0.873        -0.717        -1.522       999.000
 WISCBWSP       1.278         5.298         3.161         3.621        -2.289
 CNTSPAN        1.518         3.539         2.706         3.336        -1.350
 F8AGE          1.203         1.527         1.207        -0.434        -1.167
 F9AGE          1.240         1.479         1.072         1.068        -1.068
 F10AGE         1.232         0.880         0.687        -0.321        -0.796


           EST./S.E. FOR ESTIMATED CORRELATION MATRIX FOR THE LATENT VARIABLES
              WISCBWSP      CNTSPAN       F8AGE         F9AGE         F10AGE
              ________      ________      ________      ________      ________
 WISCBWSP     999.000
 CNTSPAN        2.150       999.000
 F8AGE          1.633        -0.334       999.000
 F9AGE          1.738         1.992         3.091       999.000
 F10AGE        -0.126         1.208         0.973         6.490       999.000


           TWO-TAILED P-VALUE FOR ESTIMATED CORRELATION MATRIX FOR THE LATENT VARIABLES
              ACC           LANG          PERFIQ        WORKMEM       ATTN
              ________      ________      ________      ________      ________
 ACC            0.000
 LANG           0.927         0.000
 PERFIQ         0.676         0.000         0.000
 WORKMEM        0.180         0.000         0.004         0.000
 ATTN           0.393         0.383         0.474         0.128         0.000
 WISCBWSP       0.201         0.000         0.002         0.000         0.022
 CNTSPAN        0.129         0.000         0.007         0.001         0.177
 F8AGE          0.229         0.127         0.227         0.664         0.243
 F9AGE          0.215         0.139         0.284         0.285         0.286
 F10AGE         0.218         0.379         0.492         0.748         0.426


           TWO-TAILED P-VALUE FOR ESTIMATED CORRELATION MATRIX FOR THE LATENT VARIABLES
              WISCBWSP      CNTSPAN       F8AGE         F9AGE         F10AGE
              ________      ________      ________      ________      ________
 WISCBWSP       0.000
 CNTSPAN        0.032         0.000
 F8AGE          0.102         0.738         0.000
 F9AGE          0.082         0.046         0.002         0.000
 F10AGE         0.900         0.227         0.330         0.000         0.000


SAMPLE STATISTICS FOR ESTIMATED FACTOR SCORES


     SAMPLE STATISTICS


           Means
              ACC           ACC_SE        LANG          LANG_SE       PERFIQ
              ________      ________      ________      ________      ________
                4.330         0.537         4.671         0.612         4.257


           Means
              PERFIQ_S      WORKMEM       WORKMEM_      ATTN          ATTN_SE
              ________      ________      ________      ________      ________
                0.686         0.000         0.167        -6.423         1.470


           Covariances
              ACC           ACC_SE        LANG          LANG_SE       PERFIQ
              ________      ________      ________      ________      ________
 ACC            2.380
 ACC_SE         0.000         0.000
 LANG          -0.033         0.000         0.524
 LANG_SE        0.029         0.000        -0.001         0.023
 PERFIQ        -0.151         0.000         0.370        -0.003         0.754
 PERFIQ_S       0.047         0.000        -0.006         0.031        -0.008
 WORKMEM        0.222         0.000         0.160         0.003         0.141
 WORKMEM_       0.012         0.000         0.000         0.009        -0.002
 ATTN          -0.033         0.000        -0.325        -0.004        -0.524
 ATTN_SE        0.060         0.000         0.003         0.061        -0.018


           Covariances
              PERFIQ_S      WORKMEM       WORKMEM_      ATTN          ATTN_SE
              ________      ________      ________      ________      ________
 PERFIQ_S       0.046
 WORKMEM        0.003         0.090
 WORKMEM_       0.012         0.001         0.004
 ATTN           0.000        -0.246        -0.001         2.984
 ATTN_SE        0.086         0.007         0.025        -0.002         0.188


           Correlations
              ACC           ACC_SE        LANG          LANG_SE       PERFIQ
              ________      ________      ________      ________      ________
 ACC            1.000
 ACC_SE         0.143         1.000
 LANG          -0.029        -0.039         1.000
 LANG_SE        0.127         0.858        -0.006         1.000
 PERFIQ        -0.113        -0.079         0.588        -0.021         1.000
 PERFIQ_S       0.143         0.878        -0.040         0.961        -0.043
 WORKMEM        0.480         0.020         0.737         0.068         0.544
 WORKMEM_       0.129         0.875        -0.009         0.998        -0.030
 ATTN          -0.012         0.039        -0.260        -0.016        -0.350
 ATTN_SE        0.089         0.833         0.009         0.939        -0.047


           Correlations
              PERFIQ_S      WORKMEM       WORKMEM_      ATTN          ATTN_SE
              ________      ________      ________      ________      ________
 PERFIQ_S       1.000
 WORKMEM        0.049         1.000
 WORKMEM_       0.973         0.064         1.000
 ATTN           0.001        -0.475        -0.010         1.000
 ATTN_SE        0.927         0.055         0.954        -0.003         1.000


PLOT INFORMATION

The following plots are available:

  Histograms (sample values, estimated factor scores, estimated values, residuals)
  Scatterplots (sample values, estimated factor scores, estimated values, residuals)
  Latent variable distribution plots

     Beginning Time:  09:53:15
        Ending Time:  09:53:32
       Elapsed Time:  00:00:17



MUTHEN & MUTHEN
3463 Stoner Ave.
Los Angeles, CA  90066

Tel: (310) 391-9971
Fax: (310) 391-8971
Web: www.StatModel.com
Support: Support@StatModel.com

Copyright (c) 1998-2020 Muthen & Muthen
