Mplus VERSION 8.5
MUTHEN & MUTHEN
08/03/2021   5:54 PM

INPUT INSTRUCTIONS

  TITLE:
  Confirmatory Factor Analysis - 4-factor + rate;
  DATA:
  FILE = "./mplus_models/compprof/cfa/cp_cfa_4fplusRate_6f065b47241bab6aac7c9e0d77b13453.dat

  VARIABLE:
  NAMES = naraAcc combAcc woldComp f8age f9age f10age naraRate woldVcb wiscVcb
       wiscPcmp wiscCode wiscParr wiscBloc wiscObja wiscBwsp cntspan attnSel attnDiv
       attnOpp sdqHyp;
   MISSING=.;

  DEFINE:
  naraAcc = naraAcc/5; naraRate = naraRate/8; wiscVcb = wiscVcb/2;
            wiscPcmp = wiscPcmp/2; wiscCode = wiscCode/5; wiscParr = wiscParr/5;
            wiscBloc = wiscBloc/6; wiscObja = wiscObja/5; attnDiv = attnDiv/20;
            attnOpp = attnOpp/4;
  ANALYSIS:
  estimator = mlr; type = general; starts = 20;
  MODEL:
   f8age; f9age; f10age;
              acc naraRate on f9age;
              lang perfiq wiscBwsp attnSel attnDiv attnOpp on f8age;
              cntSpan on f10age;
              acc by combAcc naraAcc;
              lang by woldComp wiscVcb woldVcb;;
              naraRate;
              perfiq by wiscPcmp wiscCode wiscParr wiscBloc wiscObja;
              execfun by wiscBwsp cntSpan attnSel attnDiv attnOpp sdqHyp;
              acc with lang; acc with naraRate;
              acc with perfiq; acc with execfun;
              lang with naraRate;
              lang with perfiq; lang with execfun;
              naraRate with perfiq; naraRate with execfun;
              perfiq with execfun;
  OUTPUT:
  TECH1; TECH4; stdyx; modindices;
  PLOT:
  TYPE = PLOT3;



*** WARNING
  Input line exceeded 90 characters. Some input may be truncated.
  FILE = "./mplus_models/compprof/cfa/cp_cfa_4fplusRate_6f065b47241bab6aac7c9e0d77b13453.dat"
*** WARNING in DATA command
  Statement not terminated by a semicolon:
  FILE = "./mplus_models/compprof/cfa/cp_cfa_4fplusRate_6f065b47241bab6aac7c9e0d77b13453.dat"
   2 WARNING(S) FOUND IN THE INPUT INSTRUCTIONS




Confirmatory Factor Analysis - 4-factor + rate;

SUMMARY OF ANALYSIS

Number of groups                                                 1
Number of observations                                         248

Number of dependent variables                                   17
Number of independent variables                                  3
Number of continuous latent variables                            4

Observed dependent variables

  Continuous
   NARAACC     COMBACC     WOLDCOMP    NARARATE    WOLDVCB     WISCVCB
   WISCPCMP    WISCCODE    WISCPARR    WISCBLOC    WISCOBJA    WISCBWSP
   CNTSPAN     ATTNSEL     ATTNDIV     ATTNOPP     SDQHYP

Observed independent variables
   F8AGE       F9AGE       F10AGE

Continuous latent variables
   ACC         LANG        PERFIQ      EXECFUN


Estimator                                                      MLR
Information matrix                                        OBSERVED
Maximum number of iterations                                  1000
Convergence criterion                                    0.500D-04
Maximum number of steepest descent iterations                   20
Maximum number of iterations for H1                           2000
Convergence criterion for H1                             0.100D-03
Random Starts Specifications
  Number of random starts                                       20
  Random starts scale                                    0.500D+01

Input data file(s)
  ./mplus_models/compprof/cfa/cp_cfa_4fplusRate_6f065b47241bab6aac7c9e0d77b13453

Input data format  FREE


SUMMARY OF DATA

     Number of missing data patterns            43


COVARIANCE COVERAGE OF DATA

Minimum covariance coverage value   0.100


     PROPORTION OF DATA PRESENT


           Covariance Coverage
              NARAACC       COMBACC       WOLDCOMP      NARARATE      WOLDVCB
              ________      ________      ________      ________      ________
 NARAACC        1.000
 COMBACC        1.000         1.000
 WOLDCOMP       0.794         0.794         0.794
 NARARATE       0.996         0.996         0.790         0.996
 WOLDVCB        0.774         0.774         0.774         0.770         0.774
 WISCVCB        0.786         0.786         0.774         0.782         0.758
 WISCPCMP       0.794         0.794         0.782         0.790         0.762
 WISCCODE       0.786         0.786         0.774         0.782         0.758
 WISCPARR       0.778         0.778         0.766         0.774         0.750
 WISCBLOC       0.754         0.754         0.746         0.750         0.730
 WISCOBJA       0.754         0.754         0.742         0.750         0.726
 WISCBWSP       0.774         0.774         0.762         0.770         0.750
 CNTSPAN        0.855         0.855         0.677         0.851         0.665
 ATTNSEL        0.778         0.778         0.766         0.774         0.754
 ATTNDIV        0.738         0.738         0.726         0.734         0.714
 ATTNOPP        0.778         0.778         0.766         0.774         0.750
 SDQHYP         0.770         0.770         0.641         0.766         0.625
 F8AGE          0.806         0.806         0.794         0.802         0.774
 F9AGE          1.000         1.000         0.794         0.996         0.774
 F10AGE         0.899         0.899         0.714         0.895         0.698


           Covariance Coverage
              WISCVCB       WISCPCMP      WISCCODE      WISCPARR      WISCBLOC
              ________      ________      ________      ________      ________
 WISCVCB        0.786
 WISCPCMP       0.786         0.794
 WISCCODE       0.782         0.786         0.786
 WISCPARR       0.774         0.778         0.774         0.778
 WISCBLOC       0.750         0.754         0.750         0.742         0.754
 WISCOBJA       0.750         0.754         0.750         0.746         0.726
 WISCBWSP       0.770         0.774         0.770         0.762         0.742
 CNTSPAN        0.677         0.681         0.677         0.669         0.653
 ATTNSEL        0.766         0.770         0.766         0.762         0.734
 ATTNDIV        0.730         0.734         0.730         0.722         0.702
 ATTNOPP        0.766         0.770         0.766         0.758         0.734
 SDQHYP         0.633         0.641         0.633         0.629         0.609
 F8AGE          0.786         0.794         0.786         0.778         0.754
 F9AGE          0.786         0.794         0.786         0.778         0.754
 F10AGE         0.706         0.714         0.706         0.698         0.681


           Covariance Coverage
              WISCOBJA      WISCBWSP      CNTSPAN       ATTNSEL       ATTNDIV
              ________      ________      ________      ________      ________
 WISCOBJA       0.754
 WISCBWSP       0.742         0.774
 CNTSPAN        0.657         0.673         0.855
 ATTNSEL        0.738         0.758         0.673         0.778
 ATTNDIV        0.698         0.722         0.645         0.734         0.738
 ATTNOPP        0.734         0.754         0.669         0.770         0.730
 SDQHYP         0.609         0.625         0.690         0.625         0.601
 F8AGE          0.754         0.774         0.690         0.778         0.738
 F9AGE          0.754         0.774         0.855         0.778         0.738
 F10AGE         0.681         0.702         0.855         0.702         0.665


           Covariance Coverage
              ATTNOPP       SDQHYP        F8AGE         F9AGE         F10AGE
              ________      ________      ________      ________      ________
 ATTNOPP        0.778
 SDQHYP         0.625         0.770
 F8AGE          0.778         0.649         0.806
 F9AGE          0.778         0.770         0.806         1.000
 F10AGE         0.698         0.726         0.726         0.899         0.899



UNIVARIATE SAMPLE STATISTICS


     UNIVARIATE HIGHER-ORDER MOMENT DESCRIPTIVE STATISTICS

         Variable/         Mean/     Skewness/   Minimum/ % with                Percentiles
        Sample Size      Variance    Kurtosis    Maximum  Min/Max      20%/60%    40%/80%    Median

     NARAACC              10.156       0.717       3.200    0.40%       8.000      9.200      9.800
             248.000       7.182       0.752      19.200    0.40%      10.400     12.000
     COMBACC              12.448       0.293       8.000    5.65%      10.000     12.000     12.000
             248.000       6.554      -0.508      19.000    0.40%      13.000     15.000
     WOLDCOMP              6.360      -0.217       2.000    1.52%       5.000      6.000      6.000
             197.000       2.434       0.263      10.000    2.03%       7.000      8.000
     NARARATE              8.385       2.376       3.500    0.40%       6.250      7.125      7.625
             247.000       8.920       9.107      27.125    0.40%       8.375      9.875
     WOLDVCB               5.974      -0.435       0.000    0.52%       4.000      6.000      6.000
             192.000       3.921      -0.090      10.000    1.56%       7.000      8.000
     WISCVCB               8.826       0.138       0.000    1.03%       7.000      8.000      9.000
             195.000       7.518       1.525      18.000    1.03%       9.000     11.000
     WISCPCMP              6.959      -0.464       0.000    0.51%       5.000      7.000      7.000
             197.000       5.582      -0.133      12.000    2.03%       8.000      9.000
     WISCCODE              6.269       1.974       0.400    0.51%       5.000      6.000      6.200
             195.000       3.180      16.196      19.800    0.51%       6.600      7.400
     WISCPARR              2.944       0.683       0.600    5.70%       0.800      2.200      2.400
             193.000       3.723      -0.226       8.800    0.52%       3.200      4.400
     WISCBLOC              4.643       0.119       0.833    0.53%       2.667      4.000      4.667
             187.000       3.962      -0.458       9.833    0.53%       5.333      6.333
     WISCOBJA              4.180       0.174       0.600    0.53%       2.600      3.400      3.600
             187.000       3.107      -1.132       7.600    1.60%       4.400      6.200
     WISCBWSP              3.208       0.898       1.000    1.04%       3.000      3.000      3.000
             192.000       0.582       3.695       7.000    0.52%       3.000      4.000
     CNTSPAN               3.083      -0.404       0.500    3.30%       2.500      3.000      3.000
             212.000       0.733       1.281       5.000    3.77%       3.500      3.500
     ATTNSEL               5.819       3.824       0.000    0.52%       4.195      4.928      5.316
             193.000       8.292      22.909      27.900    0.52%       5.809      6.794
     ATTNDIV               0.358       5.688      -0.184    0.55%       0.010      0.085      0.147
             183.000       0.608      42.130       7.506    0.55%       0.208      0.457
     ATTNOPP               1.322       4.445      -0.500    0.52%       0.625      1.000      1.125
             193.000       1.270      32.683      11.375    0.52%       1.250      1.750
     SDQHYP                3.832       0.434       0.000    7.33%       2.000      3.000      4.000
             191.000       5.616      -0.177      10.000    2.09%       4.000      6.000
     F8AGE               103.565       2.190      99.000    2.50%     102.000    102.000    103.000
             200.000      10.286       5.717     117.000    1.50%     103.000    105.000
     F9AGE               118.637       0.864     110.000    0.40%     115.000    117.000    118.000
             248.000      15.852       0.512     135.000    0.40%     118.000    122.000
     F10AGE              127.448       1.799     120.000    0.45%     125.000    126.000    127.000
             223.000      10.274       4.244     142.000    0.45%     127.000    129.000


RANDOM STARTS RESULTS RANKED FROM THE BEST TO THE WORST FIT FUNCTION VALUES

Fit function values at local maxima and random start numbers:

            224.5095         6
            224.5095         5
            224.5095         18
            224.5095         15
            224.5095         7
            224.5095         20
            224.5095         16
            224.5095         8
            224.5095         2
            224.5095         13
            224.5095         19
            224.5095         10
            224.5095         4
            224.5095         1
            224.5095         3
            224.5095         unperturbed
            224.5095         14
            224.5095         17
            224.5095         11

2 starting value run(s) did not converge.



MODEL FIT INFORMATION

Number of Free Parameters                       81

Loglikelihood

          H0 Value                       -8490.898
          H0 Scaling Correction Factor      2.1604
            for MLR
          H1 Value                       -8378.643
          H1 Scaling Correction Factor      1.3366
            for MLR

Information Criteria

          Akaike (AIC)                   17143.796
          Bayesian (BIC)                 17428.383
          Sample-Size Adjusted BIC       17171.612
            (n* = (n + 2) / 24)

Chi-Square Test of Model Fit

          Value                            252.615*
          Degrees of Freedom                   149
          P-Value                           0.0000
          Scaling Correction Factor         0.8887
            for MLR

*   The chi-square value for MLM, MLMV, MLR, ULSMV, WLSM and WLSMV cannot be used
    for chi-square difference testing in the regular way.  MLM, MLR and WLSM
    chi-square difference testing is described on the Mplus website.  MLMV, WLSMV,
    and ULSMV difference testing is done using the DIFFTEST option.

RMSEA (Root Mean Square Error Of Approximation)

          Estimate                           0.053
          90 Percent C.I.                    0.041  0.064
          Probability RMSEA <= .05           0.322

CFI/TLI

          CFI                                0.784
          TLI                                0.729

Chi-Square Test of Model Fit for the Baseline Model

          Value                            667.664
          Degrees of Freedom                   187
          P-Value                           0.0000

SRMR (Standardized Root Mean Square Residual)

          Value                              0.073



MODEL RESULTS

                                                    Two-Tailed
                    Estimate       S.E.  Est./S.E.    P-Value

 ACC      BY
    COMBACC            1.000      0.000    999.000    999.000
    NARAACC            0.653      0.876      0.745      0.456

 LANG     BY
    WOLDCOMP           1.000      0.000    999.000    999.000
    WISCVCB            1.402      0.288      4.859      0.000
    WOLDVCB            1.306      0.304      4.299      0.000

 PERFIQ   BY
    WISCPCMP           1.000      0.000    999.000    999.000
    WISCCODE           0.281      0.137      2.045      0.041
    WISCPARR           0.738      0.164      4.503      0.000
    WISCBLOC           1.216      0.261      4.664      0.000
    WISCOBJA           1.040      0.178      5.837      0.000

 EXECFUN  BY
    WISCBWSP           1.000      0.000    999.000    999.000
    CNTSPAN            1.323      0.879      1.505      0.132
    ATTNSEL           -5.736      7.744     -0.741      0.459
    ATTNDIV           -1.125      1.214     -0.927      0.354
    ATTNOPP           -1.717      2.640     -0.651      0.515
    SDQHYP            -2.489      0.879     -2.830      0.005

 ACC      ON
    F9AGE              0.034      0.063      0.537      0.591

 LANG     ON
    F8AGE              0.046      0.030      1.542      0.123

 PERFIQ   ON
    F8AGE              0.046      0.036      1.257      0.209

 NARARATE ON
    F9AGE              0.024      0.039      0.617      0.537

 WISCBWSP ON
    F8AGE              0.045      0.022      2.061      0.039

 ATTNSEL  ON
    F8AGE             -0.161      0.101     -1.588      0.112

 ATTNDIV  ON
    F8AGE             -0.017      0.025     -0.695      0.487

 ATTNOPP  ON
    F8AGE             -0.041      0.034     -1.218      0.223

 CNTSPAN  ON
    F10AGE             0.044      0.022      2.000      0.046

 ACC      WITH
    LANG               0.202      0.322      0.625      0.532
    NARARATE           1.598      0.633      2.523      0.012
    PERFIQ             0.393      0.656      0.599      0.549
    EXECFUN            0.131      0.221      0.595      0.552

 LANG     WITH
    NARARATE           0.319      0.323      0.988      0.323
    PERFIQ             0.522      0.189      2.766      0.006
    EXECFUN            0.173      0.193      0.892      0.373

 NARARATE WITH
    PERFIQ            -0.028      0.266     -0.107      0.915
    EXECFUN            0.062      0.152      0.404      0.686

 PERFIQ   WITH
    EXECFUN            0.231      0.222      1.044      0.296

 F8AGE    WITH
    EXECFUN           -0.179      0.194     -0.927      0.354

 F9AGE    WITH
    EXECFUN           -0.052      0.146     -0.355      0.723

 F10AGE   WITH
    EXECFUN           -0.233      0.191     -1.222      0.222

 F9AGE    WITH
    F8AGE              3.528      1.359      2.596      0.009

 F10AGE   WITH
    F8AGE              1.011      0.928      1.090      0.276
    F9AGE              4.959      1.025      4.836      0.000

 Means
    F8AGE            103.655      0.245    423.323      0.000
    F9AGE            118.637      0.253    469.247      0.000
    F10AGE           127.530      0.219    582.187      0.000

 Intercepts
    NARAACC            7.528      8.019      0.939      0.348
    COMBACC            8.421      7.493      1.124      0.261
    WOLDCOMP           1.628      3.065      0.531      0.595
    NARARATE           5.515      4.695      1.175      0.240
    WOLDVCB           -0.225      4.220     -0.053      0.958
    WISCVCB            2.173      4.637      0.469      0.639
    WISCPCMP           2.238      3.756      0.596      0.551
    WISCCODE           4.941      1.347      3.667      0.000
    WISCPARR          -0.550      2.679     -0.205      0.837
    WISCBLOC          -1.138      4.501     -0.253      0.800
    WISCOBJA          -0.766      3.850     -0.199      0.842
    WISCBWSP          -1.497      2.282     -0.656      0.512
    CNTSPAN           -2.482      2.780     -0.893      0.372
    ATTNSEL           22.495     10.584      2.125      0.034
    ATTNDIV            2.176      2.620      0.831      0.406
    ATTNOPP            5.586      3.524      1.585      0.113
    SDQHYP             3.845      0.174     22.111      0.000

 Variances
    F8AGE             10.420      2.060      5.059      0.000
    F9AGE             15.852      1.595      9.936      0.000
    F10AGE            10.290      1.717      5.991      0.000
    EXECFUN            0.094      0.123      0.765      0.444

 Residual Variances
    NARAACC            4.499      3.453      1.303      0.193
    COMBACC            0.253      8.266      0.031      0.976
    WOLDCOMP           1.435      0.224      6.403      0.000
    NARARATE           8.913      1.899      4.695      0.000
    WOLDVCB            2.228      0.425      5.248      0.000
    WISCVCB            5.577      0.900      6.196      0.000
    WISCPCMP           4.173      0.619      6.739      0.000
    WISCCODE           3.071      0.982      3.127      0.002
    WISCPARR           2.962      0.355      8.343      0.000
    WISCBLOC           1.926      0.380      5.066      0.000
    WISCOBJA           1.607      0.236      6.815      0.000
    WISCBWSP           0.484      0.118      4.094      0.000
    CNTSPAN            0.585      0.107      5.494      0.000
    ATTNSEL            5.360      2.371      2.261      0.024
    ATTNDIV            0.511      0.259      1.976      0.048
    ATTNOPP            1.009      0.232      4.348      0.000
    SDQHYP             5.041      0.924      5.457      0.000
    ACC                6.292      8.357      0.753      0.452
    LANG               0.970      0.284      3.419      0.001
    PERFIQ             1.378      0.469      2.941      0.003


STANDARDIZED MODEL RESULTS


STDYX Standardization

                                                    Two-Tailed
                    Estimate       S.E.  Est./S.E.    P-Value

 ACC      BY
    COMBACC            0.981      0.642      1.527      0.127
    NARAACC            0.612      0.409      1.495      0.135

 LANG     BY
    WOLDCOMP           0.639      0.072      8.851      0.000
    WISCVCB            0.509      0.071      7.130      0.000
    WOLDVCB            0.657      0.085      7.695      0.000

 PERFIQ   BY
    WISCPCMP           0.501      0.082      6.106      0.000
    WISCCODE           0.186      0.103      1.806      0.071
    WISCPARR           0.452      0.070      6.473      0.000
    WISCBLOC           0.720      0.064     11.176      0.000
    WISCOBJA           0.696      0.054     12.877      0.000

 EXECFUN  BY
    WISCBWSP           0.402      0.250      1.611      0.107
    CNTSPAN            0.472      0.136      3.481      0.000
    ATTNSEL           -0.608      0.354     -1.719      0.086
    ATTNDIV           -0.437      0.196     -2.234      0.025
    ATTNOPP           -0.467      0.348     -1.340      0.180
    SDQHYP            -0.323      0.246     -1.311      0.190

 ACC      ON
    F9AGE              0.054      0.131      0.411      0.681

 LANG     ON
    F8AGE              0.148      0.103      1.436      0.151

 PERFIQ   ON
    F8AGE              0.124      0.102      1.223      0.221

 NARARATE ON
    F9AGE              0.032      0.054      0.601      0.548

 WISCBWSP ON
    F8AGE              0.192      0.095      2.011      0.044

 ATTNSEL  ON
    F8AGE             -0.179      0.102     -1.751      0.080

 ATTNDIV  ON
    F8AGE             -0.071      0.096     -0.738      0.460

 ATTNOPP  ON
    F8AGE             -0.117      0.091     -1.285      0.199

 CNTSPAN  ON
    F10AGE             0.162      0.078      2.073      0.038

 ACC      WITH
    LANG               0.082      0.103      0.795      0.427
    NARARATE           0.213      0.167      1.280      0.201
    PERFIQ             0.134      0.141      0.944      0.345
    EXECFUN            0.170      0.268      0.634      0.526

 LANG     WITH
    NARARATE           0.108      0.106      1.023      0.306
    PERFIQ             0.452      0.112      4.024      0.000
    EXECFUN            0.570      0.289      1.972      0.049

 NARARATE WITH
    PERFIQ            -0.008      0.076     -0.107      0.915
    EXECFUN            0.067      0.133      0.503      0.615

 PERFIQ   WITH
    EXECFUN            0.642      0.207      3.095      0.002

 F8AGE    WITH
    EXECFUN           -0.181      0.145     -1.245      0.213

 F9AGE    WITH
    EXECFUN           -0.042      0.105     -0.401      0.688

 F10AGE   WITH
    EXECFUN           -0.237      0.084     -2.824      0.005

 F9AGE    WITH
    F8AGE              0.275      0.087      3.139      0.002

 F10AGE   WITH
    F8AGE              0.098      0.088      1.111      0.267
    F9AGE              0.388      0.059      6.572      0.000

 Means
    F8AGE             32.112      3.113     10.314      0.000
    F9AGE             29.797      1.466     20.328      0.000
    F10AGE            39.757      3.268     12.165      0.000

 Intercepts
    NARAACC            2.808      3.046      0.922      0.356
    COMBACC            3.287      2.928      1.123      0.262
    WOLDCOMP           1.045      1.967      0.531      0.595
    NARARATE           1.846      1.520      1.214      0.225
    WOLDVCB           -0.113      2.132     -0.053      0.958
    WISCVCB            0.792      1.697      0.467      0.641
    WISCPCMP           0.948      1.594      0.595      0.552
    WISCCODE           2.770      0.829      3.340      0.001
    WISCPARR          -0.285      1.386     -0.206      0.837
    WISCBLOC          -0.569      2.246     -0.253      0.800
    WISCOBJA          -0.434      2.179     -0.199      0.842
    WISCBWSP          -1.958      2.971     -0.659      0.510
    CNTSPAN           -2.879      3.171     -0.908      0.364
    ATTNSEL            7.758      3.294      2.355      0.019
    ATTNDIV            2.749      3.089      0.890      0.373
    ATTNOPP            4.938      2.893      1.707      0.088
    SDQHYP             1.621      0.088     18.421      0.000

 Variances
    F8AGE              1.000      0.000    999.000    999.000
    F9AGE              1.000      0.000    999.000    999.000
    F10AGE             1.000      0.000    999.000    999.000
    EXECFUN            1.000      0.000    999.000    999.000

 Residual Variances
    NARAACC            0.626      0.500      1.251      0.211
    COMBACC            0.038      1.260      0.031      0.976
    WOLDCOMP           0.591      0.092      6.405      0.000
    NARARATE           0.999      0.003    288.823      0.000
    WOLDVCB            0.568      0.112      5.068      0.000
    WISCVCB            0.741      0.073     10.207      0.000
    WISCPCMP           0.749      0.082      9.104      0.000
    WISCCODE           0.965      0.038     25.154      0.000
    WISCPARR           0.795      0.063     12.580      0.000
    WISCBLOC           0.482      0.093      5.197      0.000
    WISCOBJA           0.515      0.075      6.836      0.000
    WISCBWSP           0.829      0.193      4.304      0.000
    CNTSPAN            0.787      0.117      6.721      0.000
    ATTNSEL            0.638      0.414      1.541      0.123
    ATTNDIV            0.815      0.163      5.008      0.000
    ATTNOPP            0.788      0.313      2.516      0.012
    SDQHYP             0.896      0.159      5.647      0.000
    ACC                0.997      0.014     70.872      0.000
    LANG               0.978      0.031     31.916      0.000
    PERFIQ             0.985      0.025     38.878      0.000


R-SQUARE

    Observed                                        Two-Tailed
    Variable        Estimate       S.E.  Est./S.E.    P-Value

    NARAACC            0.374      0.500      0.747      0.455
    COMBACC            0.962      1.260      0.763      0.445
    WOLDCOMP           0.409      0.092      4.425      0.000
    NARARATE           0.001      0.003      0.301      0.764
    WOLDVCB            0.432      0.112      3.847      0.000
    WISCVCB            0.259      0.073      3.565      0.000
    WISCPCMP           0.251      0.082      3.053      0.002
    WISCCODE           0.035      0.038      0.903      0.367
    WISCPARR           0.205      0.063      3.237      0.001
    WISCBLOC           0.518      0.093      5.588      0.000
    WISCOBJA           0.485      0.075      6.438      0.000
    WISCBWSP           0.171      0.193      0.885      0.376
    CNTSPAN            0.213      0.117      1.815      0.070
    ATTNSEL            0.362      0.414      0.876      0.381
    ATTNDIV            0.185      0.163      1.134      0.257
    ATTNOPP            0.212      0.313      0.676      0.499
    SDQHYP             0.104      0.159      0.656      0.512

     Latent                                         Two-Tailed
    Variable        Estimate       S.E.  Est./S.E.    P-Value

    ACC                0.003      0.014      0.206      0.837
    LANG               0.022      0.031      0.718      0.473
    PERFIQ             0.015      0.025      0.612      0.541


QUALITY OF NUMERICAL RESULTS

     Condition Number for the Information Matrix              0.375E-08
       (ratio of smallest to largest eigenvalue)


MODEL MODIFICATION INDICES

NOTE:  Modification indices for direct effects of observed dependent variables
regressed on covariates may not be included.  To include these, request
MODINDICES (ALL).

Minimum M.I. value for printing the modification index    10.000

                                   M.I.     E.P.C.  Std E.P.C.  StdYX E.P.C.

ON/BY Statements

ATTNSEL  ON LANG     /
LANG     BY ATTNSEL               12.879     1.322      1.316        0.454
ATTNDIV  ON PERFIQ   /
PERFIQ   BY ATTNDIV               10.561    -0.287     -0.339       -0.429

ON Statements

ATTNSEL  ON ATTNOPP               22.558     0.986      0.986        0.385
ATTNOPP  ON ATTNSEL               22.558     0.186      0.186        0.476

WITH Statements

ATTNOPP  WITH ATTNSEL             22.558     0.995      0.995        0.428


TECHNICAL 1 OUTPUT


     PARAMETER SPECIFICATION


           NU
              NARAACC       COMBACC       WOLDCOMP      NARARATE      WOLDVCB
              ________      ________      ________      ________      ________
                  1             2             3             0             4


           NU
              WISCVCB       WISCPCMP      WISCCODE      WISCPARR      WISCBLOC
              ________      ________      ________      ________      ________
                  5             6             7             8             9


           NU
              WISCOBJA      WISCBWSP      CNTSPAN       ATTNSEL       ATTNDIV
              ________      ________      ________      ________      ________
                 10             0             0             0             0


           NU
              ATTNOPP       SDQHYP        F8AGE         F9AGE         F10AGE
              ________      ________      ________      ________      ________
                  0            11             0             0             0


           LAMBDA
              ACC           LANG          PERFIQ        EXECFUN       NARARATE
              ________      ________      ________      ________      ________
 NARAACC           12             0             0             0             0
 COMBACC            0             0             0             0             0
 WOLDCOMP           0             0             0             0             0
 NARARATE           0             0             0             0             0
 WOLDVCB            0            13             0             0             0
 WISCVCB            0            14             0             0             0
 WISCPCMP           0             0             0             0             0
 WISCCODE           0             0            15             0             0
 WISCPARR           0             0            16             0             0
 WISCBLOC           0             0            17             0             0
 WISCOBJA           0             0            18             0             0
 WISCBWSP           0             0             0             0             0
 CNTSPAN            0             0             0             0             0
 ATTNSEL            0             0             0             0             0
 ATTNDIV            0             0             0             0             0
 ATTNOPP            0             0             0             0             0
 SDQHYP             0             0             0            19             0
 F8AGE              0             0             0             0             0
 F9AGE              0             0             0             0             0
 F10AGE             0             0             0             0             0


           LAMBDA
              WISCBWSP      CNTSPAN       ATTNSEL       ATTNDIV       ATTNOPP
              ________      ________      ________      ________      ________
 NARAACC            0             0             0             0             0
 COMBACC            0             0             0             0             0
 WOLDCOMP           0             0             0             0             0
 NARARATE           0             0             0             0             0
 WOLDVCB            0             0             0             0             0
 WISCVCB            0             0             0             0             0
 WISCPCMP           0             0             0             0             0
 WISCCODE           0             0             0             0             0
 WISCPARR           0             0             0             0             0
 WISCBLOC           0             0             0             0             0
 WISCOBJA           0             0             0             0             0
 WISCBWSP           0             0             0             0             0
 CNTSPAN            0             0             0             0             0
 ATTNSEL            0             0             0             0             0
 ATTNDIV            0             0             0             0             0
 ATTNOPP            0             0             0             0             0
 SDQHYP             0             0             0             0             0
 F8AGE              0             0             0             0             0
 F9AGE              0             0             0             0             0
 F10AGE             0             0             0             0             0


           LAMBDA
              F8AGE         F9AGE         F10AGE
              ________      ________      ________
 NARAACC            0             0             0
 COMBACC            0             0             0
 WOLDCOMP           0             0             0
 NARARATE           0             0             0
 WOLDVCB            0             0             0
 WISCVCB            0             0             0
 WISCPCMP           0             0             0
 WISCCODE           0             0             0
 WISCPARR           0             0             0
 WISCBLOC           0             0             0
 WISCOBJA           0             0             0
 WISCBWSP           0             0             0
 CNTSPAN            0             0             0
 ATTNSEL            0             0             0
 ATTNDIV            0             0             0
 ATTNOPP            0             0             0
 SDQHYP             0             0             0
 F8AGE              0             0             0
 F9AGE              0             0             0
 F10AGE             0             0             0


           THETA
              NARAACC       COMBACC       WOLDCOMP      NARARATE      WOLDVCB
              ________      ________      ________      ________      ________
 NARAACC           20
 COMBACC            0            21
 WOLDCOMP           0             0            22
 NARARATE           0             0             0             0
 WOLDVCB            0             0             0             0            23
 WISCVCB            0             0             0             0             0
 WISCPCMP           0             0             0             0             0
 WISCCODE           0             0             0             0             0
 WISCPARR           0             0             0             0             0
 WISCBLOC           0             0             0             0             0
 WISCOBJA           0             0             0             0             0
 WISCBWSP           0             0             0             0             0
 CNTSPAN            0             0             0             0             0
 ATTNSEL            0             0             0             0             0
 ATTNDIV            0             0             0             0             0
 ATTNOPP            0             0             0             0             0
 SDQHYP             0             0             0             0             0
 F8AGE              0             0             0             0             0
 F9AGE              0             0             0             0             0
 F10AGE             0             0             0             0             0


           THETA
              WISCVCB       WISCPCMP      WISCCODE      WISCPARR      WISCBLOC
              ________      ________      ________      ________      ________
 WISCVCB           24
 WISCPCMP           0            25
 WISCCODE           0             0            26
 WISCPARR           0             0             0            27
 WISCBLOC           0             0             0             0            28
 WISCOBJA           0             0             0             0             0
 WISCBWSP           0             0             0             0             0
 CNTSPAN            0             0             0             0             0
 ATTNSEL            0             0             0             0             0
 ATTNDIV            0             0             0             0             0
 ATTNOPP            0             0             0             0             0
 SDQHYP             0             0             0             0             0
 F8AGE              0             0             0             0             0
 F9AGE              0             0             0             0             0
 F10AGE             0             0             0             0             0


           THETA
              WISCOBJA      WISCBWSP      CNTSPAN       ATTNSEL       ATTNDIV
              ________      ________      ________      ________      ________
 WISCOBJA          29
 WISCBWSP           0             0
 CNTSPAN            0             0             0
 ATTNSEL            0             0             0             0
 ATTNDIV            0             0             0             0             0
 ATTNOPP            0             0             0             0             0
 SDQHYP             0             0             0             0             0
 F8AGE              0             0             0             0             0
 F9AGE              0             0             0             0             0
 F10AGE             0             0             0             0             0


           THETA
              ATTNOPP       SDQHYP        F8AGE         F9AGE         F10AGE
              ________      ________      ________      ________      ________
 ATTNOPP            0
 SDQHYP             0            30
 F8AGE              0             0             0
 F9AGE              0             0             0             0
 F10AGE             0             0             0             0             0


           ALPHA
              ACC           LANG          PERFIQ        EXECFUN       NARARATE
              ________      ________      ________      ________      ________
                  0             0             0             0            31


           ALPHA
              WISCBWSP      CNTSPAN       ATTNSEL       ATTNDIV       ATTNOPP
              ________      ________      ________      ________      ________
                 32            33            34            35            36


           ALPHA
              F8AGE         F9AGE         F10AGE
              ________      ________      ________
                 37            38            39


           BETA
              ACC           LANG          PERFIQ        EXECFUN       NARARATE
              ________      ________      ________      ________      ________
 ACC                0             0             0             0             0
 LANG               0             0             0             0             0
 PERFIQ             0             0             0             0             0
 EXECFUN            0             0             0             0             0
 NARARATE           0             0             0             0             0
 WISCBWSP           0             0             0             0             0
 CNTSPAN            0             0             0            45             0
 ATTNSEL            0             0             0            47             0
 ATTNDIV            0             0             0            49             0
 ATTNOPP            0             0             0            51             0
 F8AGE              0             0             0             0             0
 F9AGE              0             0             0             0             0
 F10AGE             0             0             0             0             0


           BETA
              WISCBWSP      CNTSPAN       ATTNSEL       ATTNDIV       ATTNOPP
              ________      ________      ________      ________      ________
 ACC                0             0             0             0             0
 LANG               0             0             0             0             0
 PERFIQ             0             0             0             0             0
 EXECFUN            0             0             0             0             0
 NARARATE           0             0             0             0             0
 WISCBWSP           0             0             0             0             0
 CNTSPAN            0             0             0             0             0
 ATTNSEL            0             0             0             0             0
 ATTNDIV            0             0             0             0             0
 ATTNOPP            0             0             0             0             0
 F8AGE              0             0             0             0             0
 F9AGE              0             0             0             0             0
 F10AGE             0             0             0             0             0


           BETA
              F8AGE         F9AGE         F10AGE
              ________      ________      ________
 ACC                0            40             0
 LANG              41             0             0
 PERFIQ            42             0             0
 EXECFUN            0             0             0
 NARARATE           0            43             0
 WISCBWSP          44             0             0
 CNTSPAN            0             0            46
 ATTNSEL           48             0             0
 ATTNDIV           50             0             0
 ATTNOPP           52             0             0
 F8AGE              0             0             0
 F9AGE              0             0             0
 F10AGE             0             0             0


           PSI
              ACC           LANG          PERFIQ        EXECFUN       NARARATE
              ________      ________      ________      ________      ________
 ACC               53
 LANG              54            55
 PERFIQ            56            57            58
 EXECFUN           59            60            61            62
 NARARATE          63            64            65            66            67
 WISCBWSP           0             0             0             0             0
 CNTSPAN            0             0             0             0             0
 ATTNSEL            0             0             0             0             0
 ATTNDIV            0             0             0             0             0
 ATTNOPP            0             0             0             0             0
 F8AGE              0             0             0            73             0
 F9AGE              0             0             0            75             0
 F10AGE             0             0             0            78             0


           PSI
              WISCBWSP      CNTSPAN       ATTNSEL       ATTNDIV       ATTNOPP
              ________      ________      ________      ________      ________
 WISCBWSP          68
 CNTSPAN            0            69
 ATTNSEL            0             0            70
 ATTNDIV            0             0             0            71
 ATTNOPP            0             0             0             0            72
 F8AGE              0             0             0             0             0
 F9AGE              0             0             0             0             0
 F10AGE             0             0             0             0             0


           PSI
              F8AGE         F9AGE         F10AGE
              ________      ________      ________
 F8AGE             74
 F9AGE             76            77
 F10AGE            79            80            81


     STARTING VALUES


           NU
              NARAACC       COMBACC       WOLDCOMP      NARARATE      WOLDVCB
              ________      ________      ________      ________      ________
               10.156        12.448         6.360         0.000         5.974


           NU
              WISCVCB       WISCPCMP      WISCCODE      WISCPARR      WISCBLOC
              ________      ________      ________      ________      ________
                8.826         6.959         6.269         2.944         4.643


           NU
              WISCOBJA      WISCBWSP      CNTSPAN       ATTNSEL       ATTNDIV
              ________      ________      ________      ________      ________
                4.180         0.000         0.000         0.000         0.000


           NU
              ATTNOPP       SDQHYP        F8AGE         F9AGE         F10AGE
              ________      ________      ________      ________      ________
                0.000         3.832         0.000         0.000         0.000


           LAMBDA
              ACC           LANG          PERFIQ        EXECFUN       NARARATE
              ________      ________      ________      ________      ________
 NARAACC        1.747         0.000         0.000         0.000         0.000
 COMBACC        1.000         0.000         0.000         0.000         0.000
 WOLDCOMP       0.000         1.000         0.000         0.000         0.000
 NARARATE       0.000         0.000         0.000         0.000         1.000
 WOLDVCB        0.000         1.257         0.000         0.000         0.000
 WISCVCB        0.000         1.412         0.000         0.000         0.000
 WISCPCMP       0.000         0.000         1.000         0.000         0.000
 WISCCODE       0.000         0.000         0.235         0.000         0.000
 WISCPARR       0.000         0.000         0.773         0.000         0.000
 WISCBLOC       0.000         0.000         1.165         0.000         0.000
 WISCOBJA       0.000         0.000         1.179         0.000         0.000
 WISCBWSP       0.000         0.000         0.000         0.000         0.000
 CNTSPAN        0.000         0.000         0.000         0.000         0.000
 ATTNSEL        0.000         0.000         0.000         0.000         0.000
 ATTNDIV        0.000         0.000         0.000         0.000         0.000
 ATTNOPP        0.000         0.000         0.000         0.000         0.000
 SDQHYP         0.000         0.000         0.000        -3.439         0.000
 F8AGE          0.000         0.000         0.000         0.000         0.000
 F9AGE          0.000         0.000         0.000         0.000         0.000
 F10AGE         0.000         0.000         0.000         0.000         0.000


           LAMBDA
              WISCBWSP      CNTSPAN       ATTNSEL       ATTNDIV       ATTNOPP
              ________      ________      ________      ________      ________
 NARAACC        0.000         0.000         0.000         0.000         0.000
 COMBACC        0.000         0.000         0.000         0.000         0.000
 WOLDCOMP       0.000         0.000         0.000         0.000         0.000
 NARARATE       0.000         0.000         0.000         0.000         0.000
 WOLDVCB        0.000         0.000         0.000         0.000         0.000
 WISCVCB        0.000         0.000         0.000         0.000         0.000
 WISCPCMP       0.000         0.000         0.000         0.000         0.000
 WISCCODE       0.000         0.000         0.000         0.000         0.000
 WISCPARR       0.000         0.000         0.000         0.000         0.000
 WISCBLOC       0.000         0.000         0.000         0.000         0.000
 WISCOBJA       0.000         0.000         0.000         0.000         0.000
 WISCBWSP       1.000         0.000         0.000         0.000         0.000
 CNTSPAN        0.000         1.000         0.000         0.000         0.000
 ATTNSEL        0.000         0.000         1.000         0.000         0.000
 ATTNDIV        0.000         0.000         0.000         1.000         0.000
 ATTNOPP        0.000         0.000         0.000         0.000         1.000
 SDQHYP         0.000         0.000         0.000         0.000         0.000
 F8AGE          0.000         0.000         0.000         0.000         0.000
 F9AGE          0.000         0.000         0.000         0.000         0.000
 F10AGE         0.000         0.000         0.000         0.000         0.000


           LAMBDA
              F8AGE         F9AGE         F10AGE
              ________      ________      ________
 NARAACC        0.000         0.000         0.000
 COMBACC        0.000         0.000         0.000
 WOLDCOMP       0.000         0.000         0.000
 NARARATE       0.000         0.000         0.000
 WOLDVCB        0.000         0.000         0.000
 WISCVCB        0.000         0.000         0.000
 WISCPCMP       0.000         0.000         0.000
 WISCCODE       0.000         0.000         0.000
 WISCPARR       0.000         0.000         0.000
 WISCBLOC       0.000         0.000         0.000
 WISCOBJA       0.000         0.000         0.000
 WISCBWSP       0.000         0.000         0.000
 CNTSPAN        0.000         0.000         0.000
 ATTNSEL        0.000         0.000         0.000
 ATTNDIV        0.000         0.000         0.000
 ATTNOPP        0.000         0.000         0.000
 SDQHYP         0.000         0.000         0.000
 F8AGE          1.000         0.000         0.000
 F9AGE          0.000         1.000         0.000
 F10AGE         0.000         0.000         1.000


           THETA
              NARAACC       COMBACC       WOLDCOMP      NARARATE      WOLDVCB
              ________      ________      ________      ________      ________
 NARAACC        3.591
 COMBACC        0.000         3.277
 WOLDCOMP       0.000         0.000         1.217
 NARARATE       0.000         0.000         0.000         0.000
 WOLDVCB        0.000         0.000         0.000         0.000         1.961
 WISCVCB        0.000         0.000         0.000         0.000         0.000
 WISCPCMP       0.000         0.000         0.000         0.000         0.000
 WISCCODE       0.000         0.000         0.000         0.000         0.000
 WISCPARR       0.000         0.000         0.000         0.000         0.000
 WISCBLOC       0.000         0.000         0.000         0.000         0.000
 WISCOBJA       0.000         0.000         0.000         0.000         0.000
 WISCBWSP       0.000         0.000         0.000         0.000         0.000
 CNTSPAN        0.000         0.000         0.000         0.000         0.000
 ATTNSEL        0.000         0.000         0.000         0.000         0.000
 ATTNDIV        0.000         0.000         0.000         0.000         0.000
 ATTNOPP        0.000         0.000         0.000         0.000         0.000
 SDQHYP         0.000         0.000         0.000         0.000         0.000
 F8AGE          0.000         0.000         0.000         0.000         0.000
 F9AGE          0.000         0.000         0.000         0.000         0.000
 F10AGE         0.000         0.000         0.000         0.000         0.000


           THETA
              WISCVCB       WISCPCMP      WISCCODE      WISCPARR      WISCBLOC
              ________      ________      ________      ________      ________
 WISCVCB        3.759
 WISCPCMP       0.000         2.791
 WISCCODE       0.000         0.000         1.590
 WISCPARR       0.000         0.000         0.000         1.862
 WISCBLOC       0.000         0.000         0.000         0.000         1.981
 WISCOBJA       0.000         0.000         0.000         0.000         0.000
 WISCBWSP       0.000         0.000         0.000         0.000         0.000
 CNTSPAN        0.000         0.000         0.000         0.000         0.000
 ATTNSEL        0.000         0.000         0.000         0.000         0.000
 ATTNDIV        0.000         0.000         0.000         0.000         0.000
 ATTNOPP        0.000         0.000         0.000         0.000         0.000
 SDQHYP         0.000         0.000         0.000         0.000         0.000
 F8AGE          0.000         0.000         0.000         0.000         0.000
 F9AGE          0.000         0.000         0.000         0.000         0.000
 F10AGE         0.000         0.000         0.000         0.000         0.000


           THETA
              WISCOBJA      WISCBWSP      CNTSPAN       ATTNSEL       ATTNDIV
              ________      ________      ________      ________      ________
 WISCOBJA       1.553
 WISCBWSP       0.000         0.000
 CNTSPAN        0.000         0.000         0.000
 ATTNSEL        0.000         0.000         0.000         0.000
 ATTNDIV        0.000         0.000         0.000         0.000         0.000
 ATTNOPP        0.000         0.000         0.000         0.000         0.000
 SDQHYP         0.000         0.000         0.000         0.000         0.000
 F8AGE          0.000         0.000         0.000         0.000         0.000
 F9AGE          0.000         0.000         0.000         0.000         0.000
 F10AGE         0.000         0.000         0.000         0.000         0.000


           THETA
              ATTNOPP       SDQHYP        F8AGE         F9AGE         F10AGE
              ________      ________      ________      ________      ________
 ATTNOPP        0.000
 SDQHYP         0.000         2.808
 F8AGE          0.000         0.000         0.000
 F9AGE          0.000         0.000         0.000         0.000
 F10AGE         0.000         0.000         0.000         0.000         0.000


           ALPHA
              ACC           LANG          PERFIQ        EXECFUN       NARARATE
              ________      ________      ________      ________      ________
                0.000         0.000         0.000         0.000         8.385


           ALPHA
              WISCBWSP      CNTSPAN       ATTNSEL       ATTNDIV       ATTNOPP
              ________      ________      ________      ________      ________
                3.208         3.083         5.819         0.358         1.322


           ALPHA
              F8AGE         F9AGE         F10AGE
              ________      ________      ________
              103.565       118.637       127.448


           BETA
              ACC           LANG          PERFIQ        EXECFUN       NARARATE
              ________      ________      ________      ________      ________
 ACC            0.000         0.000         0.000         0.000         0.000
 LANG           0.000         0.000         0.000         0.000         0.000
 PERFIQ         0.000         0.000         0.000         0.000         0.000
 EXECFUN        0.000         0.000         0.000         0.000         0.000
 NARARATE       0.000         0.000         0.000         0.000         0.000
 WISCBWSP       0.000         0.000         0.000         1.000         0.000
 CNTSPAN        0.000         0.000         0.000         1.032         0.000
 ATTNSEL        0.000         0.000         0.000        -3.939         0.000
 ATTNDIV        0.000         0.000         0.000        -0.838         0.000
 ATTNOPP        0.000         0.000         0.000        -1.125         0.000
 F8AGE          0.000         0.000         0.000         0.000         0.000
 F9AGE          0.000         0.000         0.000         0.000         0.000
 F10AGE         0.000         0.000         0.000         0.000         0.000


           BETA
              WISCBWSP      CNTSPAN       ATTNSEL       ATTNDIV       ATTNOPP
              ________      ________      ________      ________      ________
 ACC            0.000         0.000         0.000         0.000         0.000
 LANG           0.000         0.000         0.000         0.000         0.000
 PERFIQ         0.000         0.000         0.000         0.000         0.000
 EXECFUN        0.000         0.000         0.000         0.000         0.000
 NARARATE       0.000         0.000         0.000         0.000         0.000
 WISCBWSP       0.000         0.000         0.000         0.000         0.000
 CNTSPAN        0.000         0.000         0.000         0.000         0.000
 ATTNSEL        0.000         0.000         0.000         0.000         0.000
 ATTNDIV        0.000         0.000         0.000         0.000         0.000
 ATTNOPP        0.000         0.000         0.000         0.000         0.000
 F8AGE          0.000         0.000         0.000         0.000         0.000
 F9AGE          0.000         0.000         0.000         0.000         0.000
 F10AGE         0.000         0.000         0.000         0.000         0.000


           BETA
              F8AGE         F9AGE         F10AGE
              ________      ________      ________
 ACC            0.000         0.000         0.000
 LANG           0.000         0.000         0.000
 PERFIQ         0.000         0.000         0.000
 EXECFUN        0.000         0.000         0.000
 NARARATE       0.000         0.000         0.000
 WISCBWSP       0.000         0.000         0.000
 CNTSPAN        0.000         0.000         0.000
 ATTNSEL        0.000         0.000         0.000
 ATTNDIV        0.000         0.000         0.000
 ATTNOPP        0.000         0.000         0.000
 F8AGE          0.000         0.000         0.000
 F9AGE          0.000         0.000         0.000
 F10AGE         0.000         0.000         0.000


           PSI
              ACC           LANG          PERFIQ        EXECFUN       NARARATE
              ________      ________      ________      ________      ________
 ACC            0.050
 LANG           0.000         0.050
 PERFIQ         0.000         0.000         0.050
 EXECFUN        0.000         0.000         0.000         0.050
 NARARATE       0.000         0.000         0.000         0.000         4.460
 WISCBWSP       0.000         0.000         0.000         0.000         0.000
 CNTSPAN        0.000         0.000         0.000         0.000         0.000
 ATTNSEL        0.000         0.000         0.000         0.000         0.000
 ATTNDIV        0.000         0.000         0.000         0.000         0.000
 ATTNOPP        0.000         0.000         0.000         0.000         0.000
 F8AGE          0.000         0.000         0.000         0.000         0.000
 F9AGE          0.000         0.000         0.000         0.000         0.000
 F10AGE         0.000         0.000         0.000         0.000         0.000


           PSI
              WISCBWSP      CNTSPAN       ATTNSEL       ATTNDIV       ATTNOPP
              ________      ________      ________      ________      ________
 WISCBWSP       0.291
 CNTSPAN        0.000         0.366
 ATTNSEL        0.000         0.000         4.146
 ATTNDIV        0.000         0.000         0.000         0.304
 ATTNOPP        0.000         0.000         0.000         0.000         0.635
 F8AGE          0.000         0.000         0.000         0.000         0.000
 F9AGE          0.000         0.000         0.000         0.000         0.000
 F10AGE         0.000         0.000         0.000         0.000         0.000


           PSI
              F8AGE         F9AGE         F10AGE
              ________      ________      ________
 F8AGE          5.143
 F9AGE          0.000         7.926
 F10AGE         0.000         0.000         5.137


TECHNICAL 4 OUTPUT


     ESTIMATES DERIVED FROM THE MODEL


           ESTIMATED MEANS FOR THE LATENT VARIABLES
              ACC           LANG          PERFIQ        EXECFUN       NARARATE
              ________      ________      ________      ________      ________
                4.027         4.743         4.728         0.000         8.385


           ESTIMATED MEANS FOR THE LATENT VARIABLES
              WISCBWSP      CNTSPAN       ATTNSEL       ATTNDIV       ATTNOPP
              ________      ________      ________      ________      ________
                3.205         3.068         5.825         0.376         1.322


           ESTIMATED MEANS FOR THE LATENT VARIABLES
              F8AGE         F9AGE         F10AGE
              ________      ________      ________
              103.655       118.637       127.530


           S.E. FOR ESTIMATED MEANS FOR THE LATENT VARIABLES
              ACC           LANG          PERFIQ        EXECFUN       NARARATE
              ________      ________      ________      ________      ________
                7.493         3.077         3.764         0.000         0.190


           S.E. FOR ESTIMATED MEANS FOR THE LATENT VARIABLES
              WISCBWSP      CNTSPAN       ATTNSEL       ATTNDIV       ATTNOPP
              ________      ________      ________      ________      ________
                0.055         0.059         0.205         0.064         0.081


           S.E. FOR ESTIMATED MEANS FOR THE LATENT VARIABLES
              F8AGE         F9AGE         F10AGE
              ________      ________      ________
                0.245         0.253         0.219


           EST./S.E. FOR ESTIMATED MEANS FOR THE LATENT VARIABLES
              ACC           LANG          PERFIQ        EXECFUN       NARARATE
              ________      ________      ________      ________      ________
                0.537         1.541         1.256         0.000        44.113


           EST./S.E. FOR ESTIMATED MEANS FOR THE LATENT VARIABLES
              WISCBWSP      CNTSPAN       ATTNSEL       ATTNDIV       ATTNOPP
              ________      ________      ________      ________      ________
               57.871        51.934        28.469         5.847        16.368


           EST./S.E. FOR ESTIMATED MEANS FOR THE LATENT VARIABLES
              F8AGE         F9AGE         F10AGE
              ________      ________      ________
              423.323       469.247       582.187


           TWO-TAILED P-VALUE FOR ESTIMATED MEANS FOR THE LATENT VARIABLES
              ACC           LANG          PERFIQ        EXECFUN       NARARATE
              ________      ________      ________      ________      ________
                0.591         0.123         0.209         1.000         0.000


           TWO-TAILED P-VALUE FOR ESTIMATED MEANS FOR THE LATENT VARIABLES
              WISCBWSP      CNTSPAN       ATTNSEL       ATTNDIV       ATTNOPP
              ________      ________      ________      ________      ________
                0.000         0.000         0.000         0.000         0.000


           TWO-TAILED P-VALUE FOR ESTIMATED MEANS FOR THE LATENT VARIABLES
              F8AGE         F9AGE         F10AGE
              ________      ________      ________
                0.000         0.000         0.000


           ESTIMATED COVARIANCE MATRIX FOR THE LATENT VARIABLES
              ACC           LANG          PERFIQ        EXECFUN       NARARATE
              ________      ________      ________      ________      ________
 ACC            6.311
 LANG           0.207         0.991
 PERFIQ         0.399         0.544         1.400
 EXECFUN        0.129         0.164         0.223         0.094
 NARARATE       1.611         0.323        -0.025         0.060         8.923
 WISCBWSP       0.135         0.186         0.245         0.086         0.064
 CNTSPAN        0.179         0.219         0.298         0.115         0.085
 ATTNSEL       -0.762        -1.019        -1.357        -0.513        -0.359
 ATTNDIV       -0.148        -0.193        -0.259        -0.103        -0.069
 ATTNOPP       -0.227        -0.302        -0.403        -0.155        -0.107
 F8AGE          0.120         0.477         0.475        -0.179         0.085
 F9AGE          0.538         0.161         0.161        -0.052         0.383
 F10AGE         0.168         0.046         0.046        -0.233         0.120


           ESTIMATED COVARIANCE MATRIX FOR THE LATENT VARIABLES
              WISCBWSP      CNTSPAN       ATTNSEL       ATTNDIV       ATTNOPP
              ________      ________      ________      ________      ________
 WISCBWSP       0.584
 CNTSPAN        0.106         0.743
 ATTNSEL       -0.542        -0.628         8.407
 ATTNDIV       -0.102        -0.126         0.588         0.627
 ATTNOPP       -0.160        -0.189         0.908         0.176         1.280
 F8AGE          0.293        -0.194        -0.646         0.021        -0.120
 F9AGE          0.108         0.147        -0.270        -0.003        -0.056
 F10AGE        -0.188         0.139         1.176         0.245         0.359


           ESTIMATED COVARIANCE MATRIX FOR THE LATENT VARIABLES
              F8AGE         F9AGE         F10AGE
              ________      ________      ________
 F8AGE         10.420
 F9AGE          3.528        15.852
 F10AGE         1.011         4.959        10.290


           S.E. FOR ESTIMATED COVARIANCE MATRIX FOR THE LATENT VARIABLES
              ACC           LANG          PERFIQ        EXECFUN       NARARATE
              ________      ________      ________      ________      ________
 ACC            8.302
 LANG           0.318         0.279
 PERFIQ         0.649         0.194         0.475
 EXECFUN        0.216         0.188         0.215         0.123
 NARARATE       0.631         0.323         0.266         0.151         1.890
 WISCBWSP       0.223         0.193         0.223         0.116         0.151
 CNTSPAN        0.205         0.148         0.136         0.087         0.178
 ATTNSEL        0.405         0.368         0.704         0.170         0.626
 ATTNDIV        0.116         0.086         0.158         0.052         0.121
 ATTNOPP        0.120         0.173         0.273         0.082         0.193
 F8AGE          0.228         0.331         0.423         0.194         0.141
 F9AGE          1.003         0.113         0.153         0.146         0.628
 F10AGE         0.314         0.050         0.063         0.191         0.196


           S.E. FOR ESTIMATED COVARIANCE MATRIX FOR THE LATENT VARIABLES
              WISCBWSP      CNTSPAN       ATTNSEL       ATTNDIV       ATTNOPP
              ________      ________      ________      ________      ________
 WISCBWSP       0.102
 CNTSPAN        0.085         0.092
 ATTNSEL        0.163         0.523         3.102
 ATTNDIV        0.053         0.060         0.673         0.309
 ATTNOPP        0.076         0.201         1.481         0.231         0.554
 F8AGE          0.217         0.157         0.534         0.133         0.215
 F9AGE          0.135         0.166         0.616         0.132         0.183
 F10AGE         0.177         0.174         0.961         0.125         0.359


           S.E. FOR ESTIMATED COVARIANCE MATRIX FOR THE LATENT VARIABLES
              F8AGE         F9AGE         F10AGE
              ________      ________      ________
 F8AGE          2.060
 F9AGE          1.359         1.595
 F10AGE         0.928         1.025         1.717


           EST./S.E. FOR ESTIMATED COVARIANCE MATRIX FOR THE LATENT VARIABLES
              ACC           LANG          PERFIQ        EXECFUN       NARARATE
              ________      ________      ________      ________      ________
 ACC            0.760
 LANG           0.652         3.559
 PERFIQ         0.615         2.804         2.945
 EXECFUN        0.599         0.873         1.037         0.765
 NARARATE       2.554         1.001        -0.092         0.398         4.722
 WISCBWSP       0.605         0.961         1.099         0.745         0.424
 CNTSPAN        0.872         1.481         2.188         1.321         0.476
 ATTNSEL       -1.883        -2.770        -1.927        -3.026        -0.574
 ATTNDIV       -1.272        -2.233        -1.641        -1.991        -0.572
 ATTNOPP       -1.887        -1.747        -1.476        -1.890        -0.556
 F8AGE          0.526         1.439         1.125        -0.927         0.606
 F9AGE          0.536         1.428         1.054        -0.355         0.610
 F10AGE         0.536         0.934         0.727        -1.222         0.611


           EST./S.E. FOR ESTIMATED COVARIANCE MATRIX FOR THE LATENT VARIABLES
              WISCBWSP      CNTSPAN       ATTNSEL       ATTNDIV       ATTNOPP
              ________      ________      ________      ________      ________
 WISCBWSP       5.727
 CNTSPAN        1.245         8.061
 ATTNSEL       -3.322        -1.201         2.711
 ATTNDIV       -1.944        -2.092         0.874         2.031
 ATTNOPP       -2.105        -0.943         0.613         0.762         2.309
 F8AGE          1.350        -1.231        -1.210         0.157        -0.559
 F9AGE          0.804         0.886        -0.439        -0.023        -0.307
 F10AGE        -1.062         0.798         1.224         1.964         1.001


           EST./S.E. FOR ESTIMATED COVARIANCE MATRIX FOR THE LATENT VARIABLES
              F8AGE         F9AGE         F10AGE
              ________      ________      ________
 F8AGE          5.059
 F9AGE          2.596         9.936
 F10AGE         1.090         4.836         5.991


           TWO-TAILED P-VALUE FOR ESTIMATED COVARIANCE MATRIX FOR THE LATENT VARIABLES
              ACC           LANG          PERFIQ        EXECFUN       NARARATE
              ________      ________      ________      ________      ________
 ACC            0.447
 LANG           0.514         0.000
 PERFIQ         0.539         0.005         0.003
 EXECFUN        0.549         0.382         0.300         0.444
 NARARATE       0.011         0.317         0.927         0.691         0.000
 WISCBWSP       0.545         0.336         0.272         0.456         0.672
 CNTSPAN        0.383         0.139         0.029         0.187         0.634
 ATTNSEL        0.060         0.006         0.054         0.002         0.566
 ATTNDIV        0.203         0.026         0.101         0.046         0.567
 ATTNOPP        0.059         0.081         0.140         0.059         0.579
 F8AGE          0.599         0.150         0.261         0.354         0.545
 F9AGE          0.592         0.153         0.292         0.723         0.542
 F10AGE         0.592         0.350         0.467         0.222         0.541


           TWO-TAILED P-VALUE FOR ESTIMATED COVARIANCE MATRIX FOR THE LATENT VARIABLES
              WISCBWSP      CNTSPAN       ATTNSEL       ATTNDIV       ATTNOPP
              ________      ________      ________      ________      ________
 WISCBWSP       0.000
 CNTSPAN        0.213         0.000
 ATTNSEL        0.001         0.230         0.007
 ATTNDIV        0.052         0.036         0.382         0.042
 ATTNOPP        0.035         0.346         0.540         0.446         0.021
 F8AGE          0.177         0.218         0.226         0.875         0.576
 F9AGE          0.422         0.376         0.661         0.982         0.759
 F10AGE         0.288         0.425         0.221         0.049         0.317


           TWO-TAILED P-VALUE FOR ESTIMATED COVARIANCE MATRIX FOR THE LATENT VARIABLES
              F8AGE         F9AGE         F10AGE
              ________      ________      ________
 F8AGE          0.000
 F9AGE          0.009         0.000
 F10AGE         0.276         0.000         0.000


           ESTIMATED CORRELATION MATRIX FOR THE LATENT VARIABLES
              ACC           LANG          PERFIQ        EXECFUN       NARARATE
              ________      ________      ________      ________      ________
 ACC            1.000
 LANG           0.083         1.000
 PERFIQ         0.134         0.462         1.000
 EXECFUN        0.168         0.537         0.614         1.000
 NARARATE       0.215         0.109        -0.007         0.066         1.000
 WISCBWSP       0.070         0.244         0.271         0.368         0.028
 CNTSPAN        0.082         0.256         0.292         0.433         0.033
 ATTNSEL       -0.105        -0.353        -0.396        -0.576        -0.041
 ATTNDIV       -0.074        -0.245        -0.277        -0.424        -0.029
 ATTNOPP       -0.080        -0.268        -0.301        -0.445        -0.032
 F8AGE          0.015         0.148         0.124        -0.181         0.009
 F9AGE          0.054         0.041         0.034        -0.042         0.032
 F10AGE         0.021         0.014         0.012        -0.237         0.013


           ESTIMATED CORRELATION MATRIX FOR THE LATENT VARIABLES
              WISCBWSP      CNTSPAN       ATTNSEL       ATTNDIV       ATTNOPP
              ________      ________      ________      ________      ________
 WISCBWSP       1.000
 CNTSPAN        0.161         1.000
 ATTNSEL       -0.245        -0.251         1.000
 ATTNDIV       -0.169        -0.184         0.256         1.000
 ATTNOPP       -0.185        -0.194         0.277         0.197         1.000
 F8AGE          0.119        -0.070        -0.069         0.008        -0.033
 F9AGE          0.036         0.043        -0.023        -0.001        -0.012
 F10AGE        -0.076         0.050         0.126         0.096         0.099


           ESTIMATED CORRELATION MATRIX FOR THE LATENT VARIABLES
              F8AGE         F9AGE         F10AGE
              ________      ________      ________
 F8AGE          1.000
 F9AGE          0.275         1.000
 F10AGE         0.098         0.388         1.000


           S.E. FOR ESTIMATED CORRELATION MATRIX FOR THE LATENT VARIABLES
              ACC           LANG          PERFIQ        EXECFUN       NARARATE
              ________      ________      ________      ________      ________
 ACC            0.000
 LANG           0.101         0.000
 PERFIQ         0.138         0.113         0.000
 EXECFUN        0.261         0.285         0.204         0.000
 NARARATE       0.169         0.105         0.076         0.133         0.000
 WISCBWSP       0.150         0.252         0.233         0.242         0.064
 CNTSPAN        0.135         0.168         0.122         0.125         0.068
 ATTNSEL        0.116         0.054         0.131         0.351         0.071
 ATTNDIV        0.096         0.085         0.119         0.184         0.051
 ATTNOPP        0.082         0.083         0.138         0.347         0.055
 F8AGE          0.036         0.103         0.102         0.145         0.015
 F9AGE          0.131         0.029         0.031         0.105         0.054
 F10AGE         0.051         0.016         0.016         0.084         0.021


           S.E. FOR ESTIMATED CORRELATION MATRIX FOR THE LATENT VARIABLES
              WISCBWSP      CNTSPAN       ATTNSEL       ATTNDIV       ATTNOPP
              ________      ________      ________      ________      ________
 WISCBWSP       0.000
 CNTSPAN        0.123         0.000
 ATTNSEL        0.047         0.167         0.000
 ATTNDIV        0.069         0.072         0.246         0.000
 ATTNOPP        0.053         0.164         0.359         0.215         0.000
 F8AGE          0.084         0.056         0.059         0.053         0.062
 F9AGE          0.044         0.048         0.051         0.042         0.040
 F10AGE         0.069         0.062         0.086         0.043         0.081


           S.E. FOR ESTIMATED CORRELATION MATRIX FOR THE LATENT VARIABLES
              F8AGE         F9AGE         F10AGE
              ________      ________      ________
 F8AGE          0.000
 F9AGE          0.087         0.000
 F10AGE         0.088         0.059         0.000


           EST./S.E. FOR ESTIMATED CORRELATION MATRIX FOR THE LATENT VARIABLES
              ACC           LANG          PERFIQ        EXECFUN       NARARATE
              ________      ________      ________      ________      ________
 ACC          999.000
 LANG           0.821       999.000
 PERFIQ         0.973         4.095       999.000
 EXECFUN        0.643         1.886         3.005       999.000
 NARARATE       1.269         1.037        -0.092         0.492       999.000
 WISCBWSP       0.469         0.970         1.164         1.520         0.438
 CNTSPAN        0.611         1.522         2.381         3.475         0.486
 ATTNSEL       -0.903        -6.492        -3.019        -1.640        -0.588
 ATTNDIV       -0.771        -2.871        -2.330        -2.303        -0.573
 ATTNOPP       -0.979        -3.211        -2.179        -1.284        -0.577
 F8AGE          0.408         1.436         1.223        -1.245         0.597
 F9AGE          0.411         1.392         1.089        -0.401         0.601
 F10AGE         0.412         0.932         0.746        -2.824         0.597


           EST./S.E. FOR ESTIMATED CORRELATION MATRIX FOR THE LATENT VARIABLES
              WISCBWSP      CNTSPAN       ATTNSEL       ATTNDIV       ATTNOPP
              ________      ________      ________      ________      ________
 WISCBWSP     999.000
 CNTSPAN        1.306       999.000
 ATTNSEL       -5.230        -1.505       999.000
 ATTNDIV       -2.439        -2.564         1.042       999.000
 ATTNOPP       -3.513        -1.181         0.771         0.914       999.000
 F8AGE          1.414        -1.232        -1.175         0.155        -0.535
 F9AGE          0.802         0.896        -0.457        -0.023        -0.315
 F10AGE        -1.102         0.809         1.463         2.231         1.229


           EST./S.E. FOR ESTIMATED CORRELATION MATRIX FOR THE LATENT VARIABLES
              F8AGE         F9AGE         F10AGE
              ________      ________      ________
 F8AGE        999.000
 F9AGE          3.139       999.000
 F10AGE         1.111         6.572       999.000


           TWO-TAILED P-VALUE FOR ESTIMATED CORRELATION MATRIX FOR THE LATENT VARIABLES
              ACC           LANG          PERFIQ        EXECFUN       NARARATE
              ________      ________      ________      ________      ________
 ACC            0.000
 LANG           0.411         0.000
 PERFIQ         0.330         0.000         0.000
 EXECFUN        0.520         0.059         0.003         0.000
 NARARATE       0.205         0.300         0.927         0.623         0.000
 WISCBWSP       0.639         0.332         0.245         0.128         0.661
 CNTSPAN        0.541         0.128         0.017         0.001         0.627
 ATTNSEL        0.366         0.000         0.003         0.101         0.556
 ATTNDIV        0.441         0.004         0.020         0.021         0.567
 ATTNOPP        0.328         0.001         0.029         0.199         0.564
 F8AGE          0.683         0.151         0.221         0.213         0.551
 F9AGE          0.681         0.164         0.276         0.688         0.548
 F10AGE         0.681         0.351         0.456         0.005         0.550


           TWO-TAILED P-VALUE FOR ESTIMATED CORRELATION MATRIX FOR THE LATENT VARIABLES
              WISCBWSP      CNTSPAN       ATTNSEL       ATTNDIV       ATTNOPP
              ________      ________      ________      ________      ________
 WISCBWSP       0.000
 CNTSPAN        0.192         0.000
 ATTNSEL        0.000         0.132         0.000
 ATTNDIV        0.015         0.010         0.298         0.000
 ATTNOPP        0.000         0.238         0.441         0.361         0.000
 F8AGE          0.158         0.218         0.240         0.877         0.593
 F9AGE          0.422         0.370         0.648         0.982         0.752
 F10AGE         0.270         0.418         0.144         0.026         0.219


           TWO-TAILED P-VALUE FOR ESTIMATED CORRELATION MATRIX FOR THE LATENT VARIABLES
              F8AGE         F9AGE         F10AGE
              ________      ________      ________
 F8AGE          0.000
 F9AGE          0.002         0.000
 F10AGE         0.267         0.000         0.000


SAMPLE STATISTICS FOR ESTIMATED FACTOR SCORES


     SAMPLE STATISTICS


           Means
              ACC           ACC_SE        LANG          LANG_SE       PERFIQ
              ________      ________      ________      ________      ________
                4.027         0.487         4.743         0.640         4.728


           Means
              PERFIQ_S      EXECFUN       EXECFUN_
              ________      ________      ________
                0.701         0.000         0.184


           Covariances
              ACC           ACC_SE        LANG          LANG_SE       PERFIQ
              ________      ________      ________      ________      ________
 ACC            6.064
 ACC_SE         0.000         0.000
 LANG           0.199         0.000         0.557
 LANG_SE        0.015         0.000         0.001         0.024
 PERFIQ         0.385         0.000         0.423         0.001         0.863
 PERFIQ_S       0.018         0.000        -0.004         0.032        -0.004
 EXECFUN        0.125         0.000         0.118        -0.001         0.159
 EXECFUN_       0.003         0.000         0.000         0.006        -0.001


           Covariances
              PERFIQ_S      EXECFUN       EXECFUN_
              ________      ________      ________
 PERFIQ_S       0.046
 EXECFUN       -0.002         0.057
 EXECFUN_       0.008         0.000         0.002


           Correlations
              ACC           ACC_SE        LANG          LANG_SE       PERFIQ
              ________      ________      ________      ________      ________
 ACC            1.000
 ACC_SE         0.024         1.000
 LANG           0.108         0.015         1.000
 LANG_SE        0.038         0.876         0.012         1.000
 PERFIQ         0.168         0.015         0.611         0.005         1.000
 PERFIQ_S       0.035         0.892        -0.022         0.963        -0.020
 EXECFUN        0.213         0.007         0.662        -0.018         0.716
 EXECFUN_       0.034         0.905        -0.004         0.964        -0.028


           Correlations
              PERFIQ_S      EXECFUN       EXECFUN_
              ________      ________      ________
 PERFIQ_S       1.000
 EXECFUN       -0.045         1.000
 EXECFUN_       0.968        -0.050         1.000


PLOT INFORMATION

The following plots are available:

  Histograms (sample values, estimated factor scores, estimated values, residuals)
  Scatterplots (sample values, estimated factor scores, estimated values, residuals)
  Latent variable distribution plots

     Beginning Time:  17:54:29
        Ending Time:  17:54:47
       Elapsed Time:  00:00:18



MUTHEN & MUTHEN
3463 Stoner Ave.
Los Angeles, CA  90066

Tel: (310) 391-9971
Fax: (310) 391-8971
Web: www.StatModel.com
Support: Support@StatModel.com

Copyright (c) 1998-2020 Muthen & Muthen
