Mplus VERSION 8.5
MUTHEN & MUTHEN
08/04/2021   1:32 PM

INPUT INSTRUCTIONS

  TITLE:
  Confirmatory Factor Analysis - 5-factor (split execfun, no wiscode, no sdqHyp);
  DATA:
  FILE = "./mplus_models/compprof/cfa/cp_cfa_5f+rate_bd59f7f7b020b4d0f27f28f1b68e4e31.dat";

  VARIABLE:
  NAMES = naraAcc combAcc woldComp f8age f9age f10age naraRate woldVcb wiscVcb
       wiscPcmp wiscParr wiscBloc wiscObja wiscBwsp cntspan attnSel attnDiv attnOpp;
   MISSING=.;

  DEFINE:
   naraAcc = naraAcc/5;naraRate = naraRate/8; wiscVcb = wiscVcb/2;
            wiscPcmp = wiscPcmp/2; wiscParr = wiscParr/5;
            wiscBloc = wiscBloc/6; wiscObja = wiscObja/5; attnDiv = attnDiv/20;
            attnOpp = attnOpp/4;
  ANALYSIS:
  estimator = mlr; type = general; starts = 20;
  MODEL:
   f8age; f9age; f10age;
              lang perfiq wiscBwsp attn on f8age;
              cntSpan on f10age;
              acc naraRate on f9age;
              acc by combAcc naraAcc;
              nararate;
              lang by woldComp wiscVcb woldVcb;
              perfiq by wiscPcmp wiscParr wiscBloc wiscObja;
              workmem by wiscBwsp cntSpan;
              attn by attnSel attnDiv attnOpp;
              acc with lang; acc with naraRate;
              acc with perfiq; acc with workmem;
              acc with attn;
              naraRate with lang; naraRate with perfiq;
              naraRate with workmem; naraRate with attn;
              lang with perfiq;
              lang with workmem; lang with attn;
              perfiq with workmem; perfiq with attn;
              workmem with attn;
  OUTPUT:
  TECH1; TECH4; stdyx; modindices;
  PLOT:
  TYPE = PLOT3;



INPUT READING TERMINATED NORMALLY




Confirmatory Factor Analysis - 5-factor (split execfun, no wiscode, no sdqHyp);

SUMMARY OF ANALYSIS

Number of groups                                                 1
Number of observations                                         248

Number of dependent variables                                   15
Number of independent variables                                  3
Number of continuous latent variables                            5

Observed dependent variables

  Continuous
   NARAACC     COMBACC     WOLDCOMP    NARARATE    WOLDVCB     WISCVCB
   WISCPCMP    WISCPARR    WISCBLOC    WISCOBJA    WISCBWSP    CNTSPAN
   ATTNSEL     ATTNDIV     ATTNOPP

Observed independent variables
   F8AGE       F9AGE       F10AGE

Continuous latent variables
   ACC         LANG        PERFIQ      WORKMEM     ATTN


Estimator                                                      MLR
Information matrix                                        OBSERVED
Maximum number of iterations                                  1000
Convergence criterion                                    0.500D-04
Maximum number of steepest descent iterations                   20
Maximum number of iterations for H1                           2000
Convergence criterion for H1                             0.100D-03
Random Starts Specifications
  Number of random starts                                       20
  Random starts scale                                    0.500D+01

Input data file(s)
  ./mplus_models/compprof/cfa/cp_cfa_5f+rate_bd59f7f7b020b4d0f27f28f1b68e4e31.da

Input data format  FREE


SUMMARY OF DATA

     Number of missing data patterns            33


COVARIANCE COVERAGE OF DATA

Minimum covariance coverage value   0.100


     PROPORTION OF DATA PRESENT


           Covariance Coverage
              NARAACC       COMBACC       WOLDCOMP      NARARATE      WOLDVCB
              ________      ________      ________      ________      ________
 NARAACC        1.000
 COMBACC        1.000         1.000
 WOLDCOMP       0.794         0.794         0.794
 NARARATE       0.996         0.996         0.790         0.996
 WOLDVCB        0.774         0.774         0.774         0.770         0.774
 WISCVCB        0.786         0.786         0.774         0.782         0.758
 WISCPCMP       0.794         0.794         0.782         0.790         0.762
 WISCPARR       0.778         0.778         0.766         0.774         0.750
 WISCBLOC       0.754         0.754         0.746         0.750         0.730
 WISCOBJA       0.754         0.754         0.742         0.750         0.726
 WISCBWSP       0.774         0.774         0.762         0.770         0.750
 CNTSPAN        0.855         0.855         0.677         0.851         0.665
 ATTNSEL        0.778         0.778         0.766         0.774         0.754
 ATTNDIV        0.738         0.738         0.726         0.734         0.714
 ATTNOPP        0.778         0.778         0.766         0.774         0.750
 F8AGE          0.806         0.806         0.794         0.802         0.774
 F9AGE          1.000         1.000         0.794         0.996         0.774
 F10AGE         0.899         0.899         0.714         0.895         0.698


           Covariance Coverage
              WISCVCB       WISCPCMP      WISCPARR      WISCBLOC      WISCOBJA
              ________      ________      ________      ________      ________
 WISCVCB        0.786
 WISCPCMP       0.786         0.794
 WISCPARR       0.774         0.778         0.778
 WISCBLOC       0.750         0.754         0.742         0.754
 WISCOBJA       0.750         0.754         0.746         0.726         0.754
 WISCBWSP       0.770         0.774         0.762         0.742         0.742
 CNTSPAN        0.677         0.681         0.669         0.653         0.657
 ATTNSEL        0.766         0.770         0.762         0.734         0.738
 ATTNDIV        0.730         0.734         0.722         0.702         0.698
 ATTNOPP        0.766         0.770         0.758         0.734         0.734
 F8AGE          0.786         0.794         0.778         0.754         0.754
 F9AGE          0.786         0.794         0.778         0.754         0.754
 F10AGE         0.706         0.714         0.698         0.681         0.681


           Covariance Coverage
              WISCBWSP      CNTSPAN       ATTNSEL       ATTNDIV       ATTNOPP
              ________      ________      ________      ________      ________
 WISCBWSP       0.774
 CNTSPAN        0.673         0.855
 ATTNSEL        0.758         0.673         0.778
 ATTNDIV        0.722         0.645         0.734         0.738
 ATTNOPP        0.754         0.669         0.770         0.730         0.778
 F8AGE          0.774         0.690         0.778         0.738         0.778
 F9AGE          0.774         0.855         0.778         0.738         0.778
 F10AGE         0.702         0.855         0.702         0.665         0.698


           Covariance Coverage
              F8AGE         F9AGE         F10AGE
              ________      ________      ________
 F8AGE          0.806
 F9AGE          0.806         1.000
 F10AGE         0.726         0.899         0.899



UNIVARIATE SAMPLE STATISTICS


     UNIVARIATE HIGHER-ORDER MOMENT DESCRIPTIVE STATISTICS

         Variable/         Mean/     Skewness/   Minimum/ % with                Percentiles
        Sample Size      Variance    Kurtosis    Maximum  Min/Max      20%/60%    40%/80%    Median

     NARAACC              10.156       0.717       3.200    0.40%       8.000      9.200      9.800
             248.000       7.182       0.752      19.200    0.40%      10.400     12.000
     COMBACC              12.448       0.293       8.000    5.65%      10.000     12.000     12.000
             248.000       6.554      -0.508      19.000    0.40%      13.000     15.000
     WOLDCOMP              6.360      -0.217       2.000    1.52%       5.000      6.000      6.000
             197.000       2.434       0.263      10.000    2.03%       7.000      8.000
     NARARATE              8.385       2.376       3.500    0.40%       6.250      7.125      7.625
             247.000       8.920       9.107      27.125    0.40%       8.375      9.875
     WOLDVCB               5.974      -0.435       0.000    0.52%       4.000      6.000      6.000
             192.000       3.921      -0.090      10.000    1.56%       7.000      8.000
     WISCVCB               8.826       0.138       0.000    1.03%       7.000      8.000      9.000
             195.000       7.518       1.525      18.000    1.03%       9.000     11.000
     WISCPCMP              6.959      -0.464       0.000    0.51%       5.000      7.000      7.000
             197.000       5.582      -0.133      12.000    2.03%       8.000      9.000
     WISCPARR              2.944       0.683       0.600    5.70%       0.800      2.200      2.400
             193.000       3.723      -0.226       8.800    0.52%       3.200      4.400
     WISCBLOC              4.643       0.119       0.833    0.53%       2.667      4.000      4.667
             187.000       3.962      -0.458       9.833    0.53%       5.333      6.333
     WISCOBJA              4.180       0.174       0.600    0.53%       2.600      3.400      3.600
             187.000       3.107      -1.132       7.600    1.60%       4.400      6.200
     WISCBWSP              3.208       0.898       1.000    1.04%       3.000      3.000      3.000
             192.000       0.582       3.695       7.000    0.52%       3.000      4.000
     CNTSPAN               3.083      -0.404       0.500    3.30%       2.500      3.000      3.000
             212.000       0.733       1.281       5.000    3.77%       3.500      3.500
     ATTNSEL               5.819       3.824       0.000    0.52%       4.195      4.928      5.316
             193.000       8.292      22.909      27.900    0.52%       5.809      6.794
     ATTNDIV               0.358       5.688      -0.184    0.55%       0.010      0.085      0.147
             183.000       0.608      42.130       7.506    0.55%       0.208      0.457
     ATTNOPP               1.322       4.445      -0.500    0.52%       0.625      1.000      1.125
             193.000       1.270      32.683      11.375    0.52%       1.250      1.750
     F8AGE               103.565       2.190      99.000    2.50%     102.000    102.000    103.000
             200.000      10.286       5.717     117.000    1.50%     103.000    105.000
     F9AGE               118.637       0.864     110.000    0.40%     115.000    117.000    118.000
             248.000      15.852       0.512     135.000    0.40%     118.000    122.000
     F10AGE              127.448       1.799     120.000    0.45%     125.000    126.000    127.000
             223.000      10.274       4.244     142.000    0.45%     127.000    129.000


RANDOM STARTS RESULTS RANKED FROM THE BEST TO THE WORST FIT FUNCTION VALUES

Fit function values at local maxima and random start numbers:

            133.9070         2
            133.9070         unperturbed
            133.9070         17
            133.9070         20
            133.9070         4
            133.9070         6
            133.9070         18
            133.9070         9
            133.9070         1
            133.9070         8
            133.9070         11
            133.9070         5
            133.9070         10
            133.9070         15
            133.9070         16
            133.9070         12

5 starting value run(s) did not converge.

     WARNING:  THE LATENT VARIABLE COVARIANCE MATRIX (PSI) IS NOT POSITIVE
     DEFINITE.  THIS COULD INDICATE A NEGATIVE VARIANCE/RESIDUAL VARIANCE FOR A
     LATENT VARIABLE, A CORRELATION GREATER OR EQUAL TO ONE BETWEEN TWO LATENT
     VARIABLES, OR A LINEAR DEPENDENCY AMONG MORE THAN TWO LATENT VARIABLES.
     CHECK THE TECH4 OUTPUT FOR MORE INFORMATION.
     PROBLEM INVOLVING VARIABLE WORKMEM.




MODEL FIT INFORMATION

Number of Free Parameters                       78

Loglikelihood

          H0 Value                       -7658.671
          H0 Scaling Correction Factor      2.0227
            for MLR
          H1 Value                       -7591.717
          H1 Scaling Correction Factor      1.3585
            for MLR

Information Criteria

          Akaike (AIC)                   15473.341
          Bayesian (BIC)                 15747.389
          Sample-Size Adjusted BIC       15500.127
            (n* = (n + 2) / 24)

Chi-Square Test of Model Fit

          Value                            150.164*
          Degrees of Freedom                   111
          P-Value                           0.0079
          Scaling Correction Factor         0.8917
            for MLR

*   The chi-square value for MLM, MLMV, MLR, ULSMV, WLSM and WLSMV cannot be used
    for chi-square difference testing in the regular way.  MLM, MLR and WLSM
    chi-square difference testing is described on the Mplus website.  MLMV, WLSMV,
    and ULSMV difference testing is done using the DIFFTEST option.

RMSEA (Root Mean Square Error Of Approximation)

          Estimate                           0.038
          90 Percent C.I.                    0.020  0.052
          Probability RMSEA <= .05           0.914

CFI/TLI

          CFI                                0.912
          TLI                                0.881

Chi-Square Test of Model Fit for the Baseline Model

          Value                            594.362
          Degrees of Freedom                   150
          P-Value                           0.0000

SRMR (Standardized Root Mean Square Residual)

          Value                              0.063



MODEL RESULTS

                                                    Two-Tailed
                    Estimate       S.E.  Est./S.E.    P-Value

 ACC      BY
    COMBACC            1.000      0.000    999.000    999.000
    NARAACC            0.986      0.903      1.092      0.275

 LANG     BY
    WOLDCOMP           1.000      0.000    999.000    999.000
    WISCVCB            1.466      0.303      4.838      0.000
    WOLDVCB            1.348      0.248      5.432      0.000

 PERFIQ   BY
    WISCPCMP           1.000      0.000    999.000    999.000
    WISCPARR           0.774      0.172      4.499      0.000
    WISCBLOC           1.287      0.291      4.427      0.000
    WISCOBJA           1.068      0.181      5.917      0.000

 WORKMEM  BY
    WISCBWSP           1.000      0.000    999.000    999.000
    CNTSPAN            1.077      0.376      2.861      0.004

 ATTN     BY
    ATTNSEL            1.000      0.000    999.000    999.000
    ATTNDIV            0.201      0.120      1.678      0.093
    ATTNOPP            0.313      0.081      3.871      0.000

 LANG     ON
    F8AGE              0.046      0.028      1.632      0.103

 PERFIQ   ON
    F8AGE              0.042      0.035      1.217      0.224

 ATTN     ON
    F8AGE             -0.050      0.041     -1.211      0.226

 ACC      ON
    F9AGE              0.042      0.039      1.079      0.280

 WISCBWSP ON
    F8AGE              0.039      0.023      1.748      0.080

 CNTSPAN  ON
    F10AGE             0.029      0.026      1.113      0.266

 NARARATE ON
    F9AGE              0.027      0.039      0.691      0.490

 ACC      WITH
    LANG               0.051      0.359      0.142      0.887
    NARARATE           1.392      1.222      1.139      0.255
    PERFIQ             0.071      0.739      0.096      0.924
    WORKMEM            0.327      0.172      1.900      0.057
    ATTN              -0.182      0.489     -0.372      0.710

 NARARATE WITH
    LANG               0.353      0.304      1.159      0.247
    PERFIQ            -0.020      0.248     -0.080      0.936
    WORKMEM            0.345      0.217      1.587      0.112
    ATTN               0.300      0.476      0.629      0.529

 LANG     WITH
    PERFIQ             0.481      0.180      2.681      0.007
    WORKMEM            0.289      0.084      3.430      0.001
    ATTN              -0.655      0.259     -2.530      0.011

 PERFIQ   WITH
    WORKMEM            0.232      0.091      2.563      0.010
    ATTN              -1.187      0.397     -2.991      0.003

 WORKMEM  WITH
    ATTN              -0.393      0.168     -2.335      0.020

 F8AGE    WITH
    WORKMEM           -0.098      0.170     -0.580      0.562

 F9AGE    WITH
    WORKMEM            0.205      0.201      1.018      0.309

 F10AGE   WITH
    WORKMEM           -0.081      0.185     -0.439      0.661

 F9AGE    WITH
    F8AGE              3.483      1.350      2.580      0.010

 F10AGE   WITH
    F8AGE              0.894      0.913      0.979      0.327
    F9AGE              4.905      1.023      4.792      0.000

 Means
    F8AGE            103.655      0.245    423.669      0.000
    F9AGE            118.637      0.253    469.247      0.000
    F10AGE           127.512      0.218    586.126      0.000

 Intercepts
    NARAACC            5.278      7.403      0.713      0.476
    COMBACC            7.502      4.591      1.634      0.102
    WOLDCOMP           1.559      2.937      0.531      0.596
    NARARATE           5.158      4.715      1.094      0.274
    WOLDVCB           -0.511      4.053     -0.126      0.900
    WISCVCB            1.768      4.635      0.381      0.703
    WISCPCMP           2.564      3.609      0.711      0.477
    WISCPARR          -0.466      2.696     -0.173      0.863
    WISCBLOC          -1.051      4.559     -0.231      0.818
    WISCOBJA          -0.548      3.781     -0.145      0.885
    WISCBWSP          -0.878      2.335     -0.376      0.707
    CNTSPAN           -0.587      3.298     -0.178      0.859
    ATTNSEL           11.013      4.303      2.559      0.010
    ATTNDIV            1.424      1.123      1.267      0.205
    ATTNOPP            2.943      1.151      2.557      0.011

 Variances
    F8AGE             10.401      2.052      5.069      0.000
    F9AGE             15.852      1.595      9.936      0.000
    F10AGE            10.238      1.709      5.992      0.000
    WORKMEM            0.118      0.072      1.633      0.102

 Residual Variances
    NARAACC            3.127      3.619      0.864      0.388
    COMBACC            2.385      3.703      0.644      0.520
    WOLDCOMP           1.483      0.203      7.322      0.000
    NARARATE           8.915      1.899      4.695      0.000
    WOLDVCB            2.206      0.359      6.141      0.000
    WISCVCB            5.485      0.841      6.521      0.000
    WISCPCMP           4.264      0.617      6.910      0.000
    WISCPARR           2.938      0.351      8.367      0.000
    WISCBLOC           1.820      0.407      4.473      0.000
    WISCOBJA           1.616      0.267      6.043      0.000
    WISCBWSP           0.460      0.078      5.923      0.000
    CNTSPAN            0.606      0.101      5.999      0.000
    ATTNSEL            4.088      1.554      2.631      0.009
    ATTNDIV            0.479      0.247      1.940      0.052
    ATTNOPP            0.859      0.169      5.080      0.000
    ACC                4.144      3.826      1.083      0.279
    LANG               0.926      0.250      3.706      0.000
    PERFIQ             1.291      0.457      2.825      0.005
    ATTN               4.151      3.613      1.149      0.251


STANDARDIZED MODEL RESULTS


STDYX Standardization

                                                    Two-Tailed
                    Estimate       S.E.  Est./S.E.    P-Value

 ACC      BY
    COMBACC            0.798      0.357      2.235      0.025
    NARAACC            0.752      0.340      2.209      0.027

 LANG     BY
    WOLDCOMP           0.625      0.063      9.899      0.000
    WISCVCB            0.521      0.070      7.476      0.000
    WOLDVCB            0.662      0.070      9.447      0.000

 PERFIQ   BY
    WISCPCMP           0.485      0.083      5.838      0.000
    WISCPARR           0.459      0.068      6.745      0.000
    WISCBLOC           0.737      0.068     10.766      0.000
    WISCOBJA           0.693      0.061     11.274      0.000

 WORKMEM  BY
    WISCBWSP           0.449      0.116      3.883      0.000
    CNTSPAN            0.429      0.109      3.927      0.000

 ATTN     BY
    ATTNSEL            0.711      0.200      3.562      0.000
    ATTNDIV            0.510      0.153      3.345      0.001
    ATTNOPP            0.568      0.211      2.684      0.007

 LANG     ON
    F8AGE              0.154      0.101      1.529      0.126

 PERFIQ   ON
    F8AGE              0.120      0.100      1.194      0.232

 ATTN     ON
    F8AGE             -0.079      0.076     -1.044      0.297

 ACC      ON
    F9AGE              0.081      0.095      0.859      0.390

 WISCBWSP ON
    F8AGE              0.166      0.097      1.721      0.085

 CNTSPAN  ON
    F10AGE             0.107      0.094      1.128      0.260

 NARARATE ON
    F9AGE              0.036      0.054      0.672      0.502

 ACC      WITH
    LANG               0.026      0.174      0.150      0.881
    NARARATE           0.229      0.113      2.029      0.042
    PERFIQ             0.031      0.305      0.100      0.920
    WORKMEM            0.467      0.170      2.743      0.006
    ATTN              -0.044      0.100     -0.438      0.661

 NARARATE WITH
    LANG               0.123      0.102      1.200      0.230
    PERFIQ            -0.006      0.073     -0.080      0.936
    WORKMEM            0.336      0.201      1.674      0.094
    ATTN               0.049      0.094      0.525      0.600

 LANG     WITH
    PERFIQ             0.440      0.111      3.960      0.000
    WORKMEM            0.873      0.172      5.073      0.000
    ATTN              -0.334      0.095     -3.508      0.000

 PERFIQ   WITH
    WORKMEM            0.594      0.157      3.788      0.000
    ATTN              -0.513      0.211     -2.424      0.015

 WORKMEM  WITH
    ATTN              -0.561      0.150     -3.736      0.000

 F8AGE    WITH
    WORKMEM           -0.089      0.153     -0.581      0.561

 F9AGE    WITH
    WORKMEM            0.150      0.146      1.028      0.304

 F10AGE   WITH
    WORKMEM           -0.074      0.165     -0.449      0.654

 F9AGE    WITH
    F8AGE              0.271      0.087      3.103      0.002

 F10AGE   WITH
    F8AGE              0.087      0.087      0.993      0.321
    F9AGE              0.385      0.059      6.490      0.000

 Means
    F8AGE             32.140      3.110     10.334      0.000
    F9AGE             29.797      1.466     20.328      0.000
    F10AGE            39.851      3.276     12.165      0.000

 Intercepts
    NARAACC            1.969      2.787      0.707      0.480
    COMBACC            2.930      1.800      1.628      0.104
    WOLDCOMP           1.000      1.883      0.531      0.596
    NARARATE           1.727      1.532      1.127      0.260
    WOLDVCB           -0.258      2.046     -0.126      0.900
    WISCVCB            0.645      1.695      0.380      0.704
    WISCPCMP           1.086      1.532      0.709      0.478
    WISCPARR          -0.242      1.395     -0.173      0.863
    WISCBLOC          -0.526      2.277     -0.231      0.817
    WISCOBJA          -0.311      2.144     -0.145      0.885
    WISCBWSP          -1.147      3.043     -0.377      0.706
    CNTSPAN           -0.679      3.807     -0.178      0.858
    ATTNSEL            3.831      1.587      2.414      0.016
    ATTNDIV            1.769      1.321      1.340      0.180
    ATTNOPP            2.615      1.162      2.251      0.024

 Variances
    F8AGE              1.000      0.000    999.000    999.000
    F9AGE              1.000      0.000    999.000    999.000
    F10AGE             1.000      0.000    999.000    999.000
    WORKMEM            1.000      0.000    999.000    999.000

 Residual Variances
    NARAACC            0.435      0.511      0.851      0.395
    COMBACC            0.364      0.569      0.639      0.523
    WOLDCOMP           0.610      0.079      7.741      0.000
    NARARATE           0.999      0.004    254.996      0.000
    WOLDVCB            0.562      0.093      6.050      0.000
    WISCVCB            0.729      0.072     10.058      0.000
    WISCPCMP           0.765      0.080      9.505      0.000
    WISCPARR           0.789      0.062     12.638      0.000
    WISCBLOC           0.456      0.101      4.518      0.000
    WISCOBJA           0.520      0.085      6.096      0.000
    WISCBWSP           0.784      0.106      7.423      0.000
    CNTSPAN            0.812      0.091      8.916      0.000
    ATTNSEL            0.495      0.284      1.743      0.081
    ATTNDIV            0.739      0.156      4.747      0.000
    ATTNOPP            0.678      0.240      2.825      0.005
    ACC                0.993      0.015     64.593      0.000
    LANG               0.976      0.031     31.609      0.000
    PERFIQ             0.986      0.024     41.162      0.000
    ATTN               0.994      0.012     83.278      0.000


R-SQUARE

    Observed                                        Two-Tailed
    Variable        Estimate       S.E.  Est./S.E.    P-Value

    NARAACC            0.565      0.511      1.104      0.269
    COMBACC            0.636      0.569      1.117      0.264
    WOLDCOMP           0.390      0.079      4.950      0.000
    NARARATE           0.001      0.004      0.336      0.737
    WOLDVCB            0.438      0.093      4.724      0.000
    WISCVCB            0.271      0.072      3.738      0.000
    WISCPCMP           0.235      0.080      2.919      0.004
    WISCPARR           0.211      0.062      3.372      0.001
    WISCBLOC           0.544      0.101      5.383      0.000
    WISCOBJA           0.480      0.085      5.637      0.000
    WISCBWSP           0.216      0.106      2.040      0.041
    CNTSPAN            0.188      0.091      2.067      0.039
    ATTNSEL            0.505      0.284      1.781      0.075
    ATTNDIV            0.261      0.156      1.673      0.094
    ATTNOPP            0.322      0.240      1.342      0.180

     Latent                                         Two-Tailed
    Variable        Estimate       S.E.  Est./S.E.    P-Value

    ACC                0.007      0.015      0.429      0.668
    LANG               0.024      0.031      0.764      0.445
    PERFIQ             0.014      0.024      0.597      0.550
    ATTN               0.006      0.012      0.522      0.602


QUALITY OF NUMERICAL RESULTS

     Condition Number for the Information Matrix              0.358E-08
       (ratio of smallest to largest eigenvalue)


MODEL MODIFICATION INDICES

NOTE:  Modification indices for direct effects of observed dependent variables
regressed on covariates may not be included.  To include these, request
MODINDICES (ALL).

Minimum M.I. value for printing the modification index    10.000

                                   M.I.     E.P.C.  Std E.P.C.  StdYX E.P.C.

No modification indices above the minimum value.



TECHNICAL 1 OUTPUT


     PARAMETER SPECIFICATION


           NU
              NARAACC       COMBACC       WOLDCOMP      NARARATE      WOLDVCB
              ________      ________      ________      ________      ________
                  1             2             3             0             4


           NU
              WISCVCB       WISCPCMP      WISCPARR      WISCBLOC      WISCOBJA
              ________      ________      ________      ________      ________
                  5             6             7             8             9


           NU
              WISCBWSP      CNTSPAN       ATTNSEL       ATTNDIV       ATTNOPP
              ________      ________      ________      ________      ________
                  0             0            10            11            12


           NU
              F8AGE         F9AGE         F10AGE
              ________      ________      ________
                  0             0             0


           LAMBDA
              ACC           LANG          PERFIQ        WORKMEM       ATTN
              ________      ________      ________      ________      ________
 NARAACC           13             0             0             0             0
 COMBACC            0             0             0             0             0
 WOLDCOMP           0             0             0             0             0
 NARARATE           0             0             0             0             0
 WOLDVCB            0            14             0             0             0
 WISCVCB            0            15             0             0             0
 WISCPCMP           0             0             0             0             0
 WISCPARR           0             0            16             0             0
 WISCBLOC           0             0            17             0             0
 WISCOBJA           0             0            18             0             0
 WISCBWSP           0             0             0             0             0
 CNTSPAN            0             0             0             0             0
 ATTNSEL            0             0             0             0             0
 ATTNDIV            0             0             0             0            19
 ATTNOPP            0             0             0             0            20
 F8AGE              0             0             0             0             0
 F9AGE              0             0             0             0             0
 F10AGE             0             0             0             0             0


           LAMBDA
              NARARATE      WISCBWSP      CNTSPAN       F8AGE         F9AGE
              ________      ________      ________      ________      ________
 NARAACC            0             0             0             0             0
 COMBACC            0             0             0             0             0
 WOLDCOMP           0             0             0             0             0
 NARARATE           0             0             0             0             0
 WOLDVCB            0             0             0             0             0
 WISCVCB            0             0             0             0             0
 WISCPCMP           0             0             0             0             0
 WISCPARR           0             0             0             0             0
 WISCBLOC           0             0             0             0             0
 WISCOBJA           0             0             0             0             0
 WISCBWSP           0             0             0             0             0
 CNTSPAN            0             0             0             0             0
 ATTNSEL            0             0             0             0             0
 ATTNDIV            0             0             0             0             0
 ATTNOPP            0             0             0             0             0
 F8AGE              0             0             0             0             0
 F9AGE              0             0             0             0             0
 F10AGE             0             0             0             0             0


           LAMBDA
              F10AGE
              ________
 NARAACC            0
 COMBACC            0
 WOLDCOMP           0
 NARARATE           0
 WOLDVCB            0
 WISCVCB            0
 WISCPCMP           0
 WISCPARR           0
 WISCBLOC           0
 WISCOBJA           0
 WISCBWSP           0
 CNTSPAN            0
 ATTNSEL            0
 ATTNDIV            0
 ATTNOPP            0
 F8AGE              0
 F9AGE              0
 F10AGE             0


           THETA
              NARAACC       COMBACC       WOLDCOMP      NARARATE      WOLDVCB
              ________      ________      ________      ________      ________
 NARAACC           21
 COMBACC            0            22
 WOLDCOMP           0             0            23
 NARARATE           0             0             0             0
 WOLDVCB            0             0             0             0            24
 WISCVCB            0             0             0             0             0
 WISCPCMP           0             0             0             0             0
 WISCPARR           0             0             0             0             0
 WISCBLOC           0             0             0             0             0
 WISCOBJA           0             0             0             0             0
 WISCBWSP           0             0             0             0             0
 CNTSPAN            0             0             0             0             0
 ATTNSEL            0             0             0             0             0
 ATTNDIV            0             0             0             0             0
 ATTNOPP            0             0             0             0             0
 F8AGE              0             0             0             0             0
 F9AGE              0             0             0             0             0
 F10AGE             0             0             0             0             0


           THETA
              WISCVCB       WISCPCMP      WISCPARR      WISCBLOC      WISCOBJA
              ________      ________      ________      ________      ________
 WISCVCB           25
 WISCPCMP           0            26
 WISCPARR           0             0            27
 WISCBLOC           0             0             0            28
 WISCOBJA           0             0             0             0            29
 WISCBWSP           0             0             0             0             0
 CNTSPAN            0             0             0             0             0
 ATTNSEL            0             0             0             0             0
 ATTNDIV            0             0             0             0             0
 ATTNOPP            0             0             0             0             0
 F8AGE              0             0             0             0             0
 F9AGE              0             0             0             0             0
 F10AGE             0             0             0             0             0


           THETA
              WISCBWSP      CNTSPAN       ATTNSEL       ATTNDIV       ATTNOPP
              ________      ________      ________      ________      ________
 WISCBWSP           0
 CNTSPAN            0             0
 ATTNSEL            0             0            30
 ATTNDIV            0             0             0            31
 ATTNOPP            0             0             0             0            32
 F8AGE              0             0             0             0             0
 F9AGE              0             0             0             0             0
 F10AGE             0             0             0             0             0


           THETA
              F8AGE         F9AGE         F10AGE
              ________      ________      ________
 F8AGE              0
 F9AGE              0             0
 F10AGE             0             0             0


           ALPHA
              ACC           LANG          PERFIQ        WORKMEM       ATTN
              ________      ________      ________      ________      ________
                  0             0             0             0             0


           ALPHA
              NARARATE      WISCBWSP      CNTSPAN       F8AGE         F9AGE
              ________      ________      ________      ________      ________
                 33            34            35            36            37


           ALPHA
              F10AGE
              ________
                 38


           BETA
              ACC           LANG          PERFIQ        WORKMEM       ATTN
              ________      ________      ________      ________      ________
 ACC                0             0             0             0             0
 LANG               0             0             0             0             0
 PERFIQ             0             0             0             0             0
 WORKMEM            0             0             0             0             0
 ATTN               0             0             0             0             0
 NARARATE           0             0             0             0             0
 WISCBWSP           0             0             0             0             0
 CNTSPAN            0             0             0            45             0
 F8AGE              0             0             0             0             0
 F9AGE              0             0             0             0             0
 F10AGE             0             0             0             0             0


           BETA
              NARARATE      WISCBWSP      CNTSPAN       F8AGE         F9AGE
              ________      ________      ________      ________      ________
 ACC                0             0             0             0            39
 LANG               0             0             0            40             0
 PERFIQ             0             0             0            41             0
 WORKMEM            0             0             0             0             0
 ATTN               0             0             0            42             0
 NARARATE           0             0             0             0            43
 WISCBWSP           0             0             0            44             0
 CNTSPAN            0             0             0             0             0
 F8AGE              0             0             0             0             0
 F9AGE              0             0             0             0             0
 F10AGE             0             0             0             0             0


           BETA
              F10AGE
              ________
 ACC                0
 LANG               0
 PERFIQ             0
 WORKMEM            0
 ATTN               0
 NARARATE           0
 WISCBWSP           0
 CNTSPAN           46
 F8AGE              0
 F9AGE              0
 F10AGE             0


           PSI
              ACC           LANG          PERFIQ        WORKMEM       ATTN
              ________      ________      ________      ________      ________
 ACC               47
 LANG              48            49
 PERFIQ            50            51            52
 WORKMEM           53            54            55            56
 ATTN              57            58            59            60            61
 NARARATE          62            63            64            65            66
 WISCBWSP           0             0             0             0             0
 CNTSPAN            0             0             0             0             0
 F8AGE              0             0             0            70             0
 F9AGE              0             0             0            72             0
 F10AGE             0             0             0            75             0


           PSI
              NARARATE      WISCBWSP      CNTSPAN       F8AGE         F9AGE
              ________      ________      ________      ________      ________
 NARARATE          67
 WISCBWSP           0            68
 CNTSPAN            0             0            69
 F8AGE              0             0             0            71
 F9AGE              0             0             0            73            74
 F10AGE             0             0             0            76            77


           PSI
              F10AGE
              ________
 F10AGE            78


     STARTING VALUES


           NU
              NARAACC       COMBACC       WOLDCOMP      NARARATE      WOLDVCB
              ________      ________      ________      ________      ________
               10.156        12.448         6.360         0.000         5.974


           NU
              WISCVCB       WISCPCMP      WISCPARR      WISCBLOC      WISCOBJA
              ________      ________      ________      ________      ________
                8.826         6.959         2.944         4.643         4.180


           NU
              WISCBWSP      CNTSPAN       ATTNSEL       ATTNDIV       ATTNOPP
              ________      ________      ________      ________      ________
                0.000         0.000         5.819         0.358         1.322


           NU
              F8AGE         F9AGE         F10AGE
              ________      ________      ________
                0.000         0.000         0.000


           LAMBDA
              ACC           LANG          PERFIQ        WORKMEM       ATTN
              ________      ________      ________      ________      ________
 NARAACC        1.747         0.000         0.000         0.000         0.000
 COMBACC        1.000         0.000         0.000         0.000         0.000
 WOLDCOMP       0.000         1.000         0.000         0.000         0.000
 NARARATE       0.000         0.000         0.000         0.000         0.000
 WOLDVCB        0.000         1.260         0.000         0.000         0.000
 WISCVCB        0.000         1.436         0.000         0.000         0.000
 WISCPCMP       0.000         0.000         1.000         0.000         0.000
 WISCPARR       0.000         0.000         0.790         0.000         0.000
 WISCBLOC       0.000         0.000         1.233         0.000         0.000
 WISCOBJA       0.000         0.000         1.222         0.000         0.000
 WISCBWSP       0.000         0.000         0.000         0.000         0.000
 CNTSPAN        0.000         0.000         0.000         0.000         0.000
 ATTNSEL        0.000         0.000         0.000         0.000         1.000
 ATTNDIV        0.000         0.000         0.000         0.000         0.083
 ATTNOPP        0.000         0.000         0.000         0.000         0.188
 F8AGE          0.000         0.000         0.000         0.000         0.000
 F9AGE          0.000         0.000         0.000         0.000         0.000
 F10AGE         0.000         0.000         0.000         0.000         0.000


           LAMBDA
              NARARATE      WISCBWSP      CNTSPAN       F8AGE         F9AGE
              ________      ________      ________      ________      ________
 NARAACC        0.000         0.000         0.000         0.000         0.000
 COMBACC        0.000         0.000         0.000         0.000         0.000
 WOLDCOMP       0.000         0.000         0.000         0.000         0.000
 NARARATE       1.000         0.000         0.000         0.000         0.000
 WOLDVCB        0.000         0.000         0.000         0.000         0.000
 WISCVCB        0.000         0.000         0.000         0.000         0.000
 WISCPCMP       0.000         0.000         0.000         0.000         0.000
 WISCPARR       0.000         0.000         0.000         0.000         0.000
 WISCBLOC       0.000         0.000         0.000         0.000         0.000
 WISCOBJA       0.000         0.000         0.000         0.000         0.000
 WISCBWSP       0.000         1.000         0.000         0.000         0.000
 CNTSPAN        0.000         0.000         1.000         0.000         0.000
 ATTNSEL        0.000         0.000         0.000         0.000         0.000
 ATTNDIV        0.000         0.000         0.000         0.000         0.000
 ATTNOPP        0.000         0.000         0.000         0.000         0.000
 F8AGE          0.000         0.000         0.000         1.000         0.000
 F9AGE          0.000         0.000         0.000         0.000         1.000
 F10AGE         0.000         0.000         0.000         0.000         0.000


           LAMBDA
              F10AGE
              ________
 NARAACC        0.000
 COMBACC        0.000
 WOLDCOMP       0.000
 NARARATE       0.000
 WOLDVCB        0.000
 WISCVCB        0.000
 WISCPCMP       0.000
 WISCPARR       0.000
 WISCBLOC       0.000
 WISCOBJA       0.000
 WISCBWSP       0.000
 CNTSPAN        0.000
 ATTNSEL        0.000
 ATTNDIV        0.000
 ATTNOPP        0.000
 F8AGE          0.000
 F9AGE          0.000
 F10AGE         1.000


           THETA
              NARAACC       COMBACC       WOLDCOMP      NARARATE      WOLDVCB
              ________      ________      ________      ________      ________
 NARAACC        3.591
 COMBACC        0.000         3.277
 WOLDCOMP       0.000         0.000         1.217
 NARARATE       0.000         0.000         0.000         0.000
 WOLDVCB        0.000         0.000         0.000         0.000         1.961
 WISCVCB        0.000         0.000         0.000         0.000         0.000
 WISCPCMP       0.000         0.000         0.000         0.000         0.000
 WISCPARR       0.000         0.000         0.000         0.000         0.000
 WISCBLOC       0.000         0.000         0.000         0.000         0.000
 WISCOBJA       0.000         0.000         0.000         0.000         0.000
 WISCBWSP       0.000         0.000         0.000         0.000         0.000
 CNTSPAN        0.000         0.000         0.000         0.000         0.000
 ATTNSEL        0.000         0.000         0.000         0.000         0.000
 ATTNDIV        0.000         0.000         0.000         0.000         0.000
 ATTNOPP        0.000         0.000         0.000         0.000         0.000
 F8AGE          0.000         0.000         0.000         0.000         0.000
 F9AGE          0.000         0.000         0.000         0.000         0.000
 F10AGE         0.000         0.000         0.000         0.000         0.000


           THETA
              WISCVCB       WISCPCMP      WISCPARR      WISCBLOC      WISCOBJA
              ________      ________      ________      ________      ________
 WISCVCB        3.759
 WISCPCMP       0.000         2.791
 WISCPARR       0.000         0.000         1.862
 WISCBLOC       0.000         0.000         0.000         1.981
 WISCOBJA       0.000         0.000         0.000         0.000         1.553
 WISCBWSP       0.000         0.000         0.000         0.000         0.000
 CNTSPAN        0.000         0.000         0.000         0.000         0.000
 ATTNSEL        0.000         0.000         0.000         0.000         0.000
 ATTNDIV        0.000         0.000         0.000         0.000         0.000
 ATTNOPP        0.000         0.000         0.000         0.000         0.000
 F8AGE          0.000         0.000         0.000         0.000         0.000
 F9AGE          0.000         0.000         0.000         0.000         0.000
 F10AGE         0.000         0.000         0.000         0.000         0.000


           THETA
              WISCBWSP      CNTSPAN       ATTNSEL       ATTNDIV       ATTNOPP
              ________      ________      ________      ________      ________
 WISCBWSP       0.000
 CNTSPAN        0.000         0.000
 ATTNSEL        0.000         0.000         4.146
 ATTNDIV        0.000         0.000         0.000         0.304
 ATTNOPP        0.000         0.000         0.000         0.000         0.635
 F8AGE          0.000         0.000         0.000         0.000         0.000
 F9AGE          0.000         0.000         0.000         0.000         0.000
 F10AGE         0.000         0.000         0.000         0.000         0.000


           THETA
              F8AGE         F9AGE         F10AGE
              ________      ________      ________
 F8AGE          0.000
 F9AGE          0.000         0.000
 F10AGE         0.000         0.000         0.000


           ALPHA
              ACC           LANG          PERFIQ        WORKMEM       ATTN
              ________      ________      ________      ________      ________
                0.000         0.000         0.000         0.000         0.000


           ALPHA
              NARARATE      WISCBWSP      CNTSPAN       F8AGE         F9AGE
              ________      ________      ________      ________      ________
                8.385         3.208         3.083       103.565       118.637


           ALPHA
              F10AGE
              ________
              127.448


           BETA
              ACC           LANG          PERFIQ        WORKMEM       ATTN
              ________      ________      ________      ________      ________
 ACC            0.000         0.000         0.000         0.000         0.000
 LANG           0.000         0.000         0.000         0.000         0.000
 PERFIQ         0.000         0.000         0.000         0.000         0.000
 WORKMEM        0.000         0.000         0.000         0.000         0.000
 ATTN           0.000         0.000         0.000         0.000         0.000
 NARARATE       0.000         0.000         0.000         0.000         0.000
 WISCBWSP       0.000         0.000         0.000         1.000         0.000
 CNTSPAN        0.000         0.000         0.000         0.204         0.000
 F8AGE          0.000         0.000         0.000         0.000         0.000
 F9AGE          0.000         0.000         0.000         0.000         0.000
 F10AGE         0.000         0.000         0.000         0.000         0.000


           BETA
              NARARATE      WISCBWSP      CNTSPAN       F8AGE         F9AGE
              ________      ________      ________      ________      ________
 ACC            0.000         0.000         0.000         0.000         0.000
 LANG           0.000         0.000         0.000         0.000         0.000
 PERFIQ         0.000         0.000         0.000         0.000         0.000
 WORKMEM        0.000         0.000         0.000         0.000         0.000
 ATTN           0.000         0.000         0.000         0.000         0.000
 NARARATE       0.000         0.000         0.000         0.000         0.000
 WISCBWSP       0.000         0.000         0.000         0.000         0.000
 CNTSPAN        0.000         0.000         0.000         0.000         0.000
 F8AGE          0.000         0.000         0.000         0.000         0.000
 F9AGE          0.000         0.000         0.000         0.000         0.000
 F10AGE         0.000         0.000         0.000         0.000         0.000


           BETA
              F10AGE
              ________
 ACC            0.000
 LANG           0.000
 PERFIQ         0.000
 WORKMEM        0.000
 ATTN           0.000
 NARARATE       0.000
 WISCBWSP       0.000
 CNTSPAN        0.000
 F8AGE          0.000
 F9AGE          0.000
 F10AGE         0.000


           PSI
              ACC           LANG          PERFIQ        WORKMEM       ATTN
              ________      ________      ________      ________      ________
 ACC            0.050
 LANG           0.000         0.050
 PERFIQ         0.000         0.000         0.050
 WORKMEM        0.000         0.000         0.000         0.050
 ATTN           0.000         0.000         0.000         0.000         0.050
 NARARATE       0.000         0.000         0.000         0.000         0.000
 WISCBWSP       0.000         0.000         0.000         0.000         0.000
 CNTSPAN        0.000         0.000         0.000         0.000         0.000
 F8AGE          0.000         0.000         0.000         0.000         0.000
 F9AGE          0.000         0.000         0.000         0.000         0.000
 F10AGE         0.000         0.000         0.000         0.000         0.000


           PSI
              NARARATE      WISCBWSP      CNTSPAN       F8AGE         F9AGE
              ________      ________      ________      ________      ________
 NARARATE       4.460
 WISCBWSP       0.000         0.291
 CNTSPAN        0.000         0.000         0.366
 F8AGE          0.000         0.000         0.000         5.143
 F9AGE          0.000         0.000         0.000         0.000         7.926
 F10AGE         0.000         0.000         0.000         0.000         0.000


           PSI
              F10AGE
              ________
 F10AGE         5.137


TECHNICAL 4 OUTPUT


     ESTIMATES DERIVED FROM THE MODEL


           ESTIMATED MEANS FOR THE LATENT VARIABLES
              ACC           LANG          PERFIQ        WORKMEM       ATTN
              ________      ________      ________      ________      ________
                4.946         4.808         4.398         0.000        -5.183


           ESTIMATED MEANS FOR THE LATENT VARIABLES
              NARARATE      WISCBWSP      CNTSPAN       F8AGE         F9AGE
              ________      ________      ________      ________      ________
                8.387         3.213         3.079       103.655       118.637


           ESTIMATED MEANS FOR THE LATENT VARIABLES
              F10AGE
              ________
              127.512


           S.E. FOR ESTIMATED MEANS FOR THE LATENT VARIABLES
              ACC           LANG          PERFIQ        WORKMEM       ATTN
              ________      ________      ________      ________      ________
                4.580         2.947         3.617         0.000         4.281


           S.E. FOR ESTIMATED MEANS FOR THE LATENT VARIABLES
              NARARATE      WISCBWSP      CNTSPAN       F8AGE         F9AGE
              ________      ________      ________      ________      ________
                0.190         0.057         0.059         0.245         0.253


           S.E. FOR ESTIMATED MEANS FOR THE LATENT VARIABLES
              F10AGE
              ________
                0.218


           EST./S.E. FOR ESTIMATED MEANS FOR THE LATENT VARIABLES
              ACC           LANG          PERFIQ        WORKMEM       ATTN
              ________      ________      ________      ________      ________
                1.080         1.632         1.216         0.000        -1.211


           EST./S.E. FOR ESTIMATED MEANS FOR THE LATENT VARIABLES
              NARARATE      WISCBWSP      CNTSPAN       F8AGE         F9AGE
              ________      ________      ________      ________      ________
               44.059        56.826        52.581       423.669       469.247


           EST./S.E. FOR ESTIMATED MEANS FOR THE LATENT VARIABLES
              F10AGE
              ________
              586.126


           TWO-TAILED P-VALUE FOR ESTIMATED MEANS FOR THE LATENT VARIABLES
              ACC           LANG          PERFIQ        WORKMEM       ATTN
              ________      ________      ________      ________      ________
                0.280         0.103         0.224         1.000         0.226


           TWO-TAILED P-VALUE FOR ESTIMATED MEANS FOR THE LATENT VARIABLES
              NARARATE      WISCBWSP      CNTSPAN       F8AGE         F9AGE
              ________      ________      ________      ________      ________
                0.000         0.000         0.000         0.000         0.000


           TWO-TAILED P-VALUE FOR ESTIMATED MEANS FOR THE LATENT VARIABLES
              F10AGE
              ________
                0.000


           ESTIMATED COVARIANCE MATRIX FOR THE LATENT VARIABLES
              ACC           LANG          PERFIQ        WORKMEM       ATTN
              ________      ________      ________      ________      ________
 ACC            4.171
 LANG           0.058         0.948
 PERFIQ         0.077         0.502         1.309
 WORKMEM        0.335         0.284         0.228         0.118
 ATTN          -0.189        -0.679        -1.209        -0.388         4.177
 NARARATE       1.410         0.357        -0.016         0.350         0.295
 WISCBWSP       0.341         0.303         0.245         0.114        -0.408
 CNTSPAN        0.367         0.307         0.247         0.125        -0.419
 F8AGE          0.145         0.483         0.441        -0.098        -0.520
 F9AGE          0.661         0.162         0.148         0.205        -0.174
 F10AGE         0.204         0.041         0.038        -0.081        -0.045


           ESTIMATED COVARIANCE MATRIX FOR THE LATENT VARIABLES
              NARARATE      WISCBWSP      CNTSPAN       F8AGE         F9AGE
              ________      ________      ________      ________      ________
 NARARATE       8.926
 WISCBWSP       0.354         0.587
 CNTSPAN        0.381         0.122         0.746
 F8AGE          0.095         0.312        -0.080        10.401
 F9AGE          0.431         0.342         0.362         3.483        15.852
 F10AGE         0.133        -0.046         0.207         0.894         4.905


           ESTIMATED COVARIANCE MATRIX FOR THE LATENT VARIABLES
              F10AGE
              ________
 F10AGE        10.238


           S.E. FOR ESTIMATED COVARIANCE MATRIX FOR THE LATENT VARIABLES
              ACC           LANG          PERFIQ        WORKMEM       ATTN
              ________      ________      ________      ________      ________
 ACC            3.808
 LANG           0.358         0.246
 PERFIQ         0.737         0.185         0.464
 WORKMEM        0.173         0.084         0.091         0.072
 ATTN           0.487         0.262         0.401         0.169         3.612
 NARARATE       1.210         0.304         0.248         0.216         0.474
 WISCBWSP       0.174         0.085         0.092         0.071         0.166
 CNTSPAN        0.171         0.091         0.091         0.056         0.249
 F8AGE          0.142         0.319         0.403         0.170         0.459
 F9AGE          0.608         0.108         0.144         0.201         0.163
 F10AGE         0.190         0.047         0.057         0.185         0.056


           S.E. FOR ESTIMATED COVARIANCE MATRIX FOR THE LATENT VARIABLES
              NARARATE      WISCBWSP      CNTSPAN       F8AGE         F9AGE
              ________      ________      ________      ________      ________
 NARARATE       1.889
 WISCBWSP       0.215         0.102
 CNTSPAN        0.244         0.056         0.093
 F8AGE          0.140         0.220         0.169         2.052
 F9AGE          0.632         0.212         0.175         1.350         1.595
 F10AGE         0.196         0.182         0.176         0.913         1.023


           S.E. FOR ESTIMATED COVARIANCE MATRIX FOR THE LATENT VARIABLES
              F10AGE
              ________
 F10AGE         1.709


           EST./S.E. FOR ESTIMATED COVARIANCE MATRIX FOR THE LATENT VARIABLES
              ACC           LANG          PERFIQ        WORKMEM       ATTN
              ________      ________      ________      ________      ________
 ACC            1.095
 LANG           0.162         3.860
 PERFIQ         0.104         2.707         2.823
 WORKMEM        1.936         3.394         2.506         1.633
 ATTN          -0.388        -2.596        -3.010        -2.291         1.157
 NARARATE       1.165         1.173        -0.064         1.622         0.621
 WISCBWSP       1.966         3.580         2.679         1.599        -2.460
 CNTSPAN        2.145         3.361         2.701         2.231        -1.680
 F8AGE          1.022         1.514         1.095        -0.580        -1.134
 F9AGE          1.087         1.492         1.023         1.018        -1.067
 F10AGE         1.075         0.885         0.671        -0.439        -0.796


           EST./S.E. FOR ESTIMATED COVARIANCE MATRIX FOR THE LATENT VARIABLES
              NARARATE      WISCBWSP      CNTSPAN       F8AGE         F9AGE
              ________      ________      ________      ________      ________
 NARARATE       4.726
 WISCBWSP       1.644         5.773
 CNTSPAN        1.563         2.176         8.017
 F8AGE          0.675         1.419        -0.474         5.069
 F9AGE          0.683         1.613         2.064         2.580         9.936
 F10AGE         0.682        -0.253         1.174         0.979         4.792


           EST./S.E. FOR ESTIMATED COVARIANCE MATRIX FOR THE LATENT VARIABLES
              F10AGE
              ________
 F10AGE         5.992


           TWO-TAILED P-VALUE FOR ESTIMATED COVARIANCE MATRIX FOR THE LATENT VARIABLES
              ACC           LANG          PERFIQ        WORKMEM       ATTN
              ________      ________      ________      ________      ________
 ACC            0.273
 LANG           0.872         0.000
 PERFIQ         0.917         0.007         0.005
 WORKMEM        0.053         0.001         0.012         0.102
 ATTN           0.698         0.009         0.003         0.022         0.247
 NARARATE       0.244         0.241         0.949         0.105         0.534
 WISCBWSP       0.049         0.000         0.007         0.110         0.014
 CNTSPAN        0.032         0.001         0.007         0.026         0.093
 F8AGE          0.307         0.130         0.274         0.562         0.257
 F9AGE          0.277         0.136         0.306         0.309         0.286
 F10AGE         0.282         0.376         0.502         0.661         0.426


           TWO-TAILED P-VALUE FOR ESTIMATED COVARIANCE MATRIX FOR THE LATENT VARIABLES
              NARARATE      WISCBWSP      CNTSPAN       F8AGE         F9AGE
              ________      ________      ________      ________      ________
 NARARATE       0.000
 WISCBWSP       0.100         0.000
 CNTSPAN        0.118         0.030         0.000
 F8AGE          0.500         0.156         0.635         0.000
 F9AGE          0.495         0.107         0.039         0.010         0.000
 F10AGE         0.495         0.801         0.240         0.327         0.000


           TWO-TAILED P-VALUE FOR ESTIMATED COVARIANCE MATRIX FOR THE LATENT VARIABLES
              F10AGE
              ________
 F10AGE         0.000


           ESTIMATED CORRELATION MATRIX FOR THE LATENT VARIABLES
              ACC           LANG          PERFIQ        WORKMEM       ATTN
              ________      ________      ________      ________      ________
 ACC            1.000
 LANG           0.029         1.000
 PERFIQ         0.033         0.450         1.000
 WORKMEM        0.478         0.849         0.580         1.000
 ATTN          -0.045        -0.341        -0.517        -0.552         1.000
 NARARATE       0.231         0.123        -0.005         0.341         0.048
 WISCBWSP       0.218         0.407         0.280         0.434        -0.261
 CNTSPAN        0.208         0.365         0.249         0.421        -0.237
 F8AGE          0.022         0.154         0.120        -0.089        -0.079
 F9AGE          0.081         0.042         0.032         0.150        -0.021
 F10AGE         0.031         0.013         0.010        -0.074        -0.007


           ESTIMATED CORRELATION MATRIX FOR THE LATENT VARIABLES
              NARARATE      WISCBWSP      CNTSPAN       F8AGE         F9AGE
              ________      ________      ________      ________      ________
 NARARATE       1.000
 WISCBWSP       0.155         1.000
 CNTSPAN        0.148         0.184         1.000
 F8AGE          0.010         0.126        -0.029         1.000
 F9AGE          0.036         0.112         0.105         0.271         1.000
 F10AGE         0.014        -0.019         0.075         0.087         0.385


           ESTIMATED CORRELATION MATRIX FOR THE LATENT VARIABLES
              F10AGE
              ________
 F10AGE         1.000


           S.E. FOR ESTIMATED CORRELATION MATRIX FOR THE LATENT VARIABLES
              ACC           LANG          PERFIQ        WORKMEM       ATTN
              ________      ________      ________      ________      ________
 ACC            0.000
 LANG           0.170         0.000
 PERFIQ         0.301         0.111         0.000
 WORKMEM        0.177         0.168         0.162         0.000
 ATTN           0.098         0.098         0.212         0.153         0.000
 NARARATE       0.112         0.101         0.073         0.200         0.093
 WISCBWSP       0.102         0.075         0.072         0.119         0.060
 CNTSPAN        0.064         0.087         0.077         0.107         0.076
 F8AGE          0.026         0.101         0.100         0.153         0.076
 F9AGE          0.095         0.028         0.031         0.146         0.022
 F10AGE         0.036         0.015         0.015         0.165         0.009


           S.E. FOR ESTIMATED CORRELATION MATRIX FOR THE LATENT VARIABLES
              NARARATE      WISCBWSP      CNTSPAN       F8AGE         F9AGE
              ________      ________      ________      ________      ________
 NARARATE       0.000
 WISCBWSP       0.079         0.000
 CNTSPAN        0.086         0.078         0.000
 F8AGE          0.015         0.084         0.061         0.000
 F9AGE          0.054         0.067         0.050         0.087         0.000
 F10AGE         0.021         0.074         0.062         0.087         0.059


           S.E. FOR ESTIMATED CORRELATION MATRIX FOR THE LATENT VARIABLES
              F10AGE
              ________
 F10AGE         0.000


           EST./S.E. FOR ESTIMATED CORRELATION MATRIX FOR THE LATENT VARIABLES
              ACC           LANG          PERFIQ        WORKMEM       ATTN
              ________      ________      ________      ________      ________
 ACC          999.000
 LANG           0.171       999.000
 PERFIQ         0.110         4.042       999.000
 WORKMEM        2.702         5.041         3.581       999.000
 ATTN          -0.460        -3.478        -2.434        -3.606       999.000
 NARARATE       2.072         1.217        -0.064         1.710         0.520
 WISCBWSP       2.139         5.423         3.867         3.638        -4.354
 CNTSPAN        3.235         4.193         3.255         3.918        -3.135
 F8AGE          0.837         1.529         1.194        -0.581        -1.044
 F9AGE          0.859         1.473         1.061         1.028        -0.965
 F10AGE         0.859         0.892         0.688        -0.449        -0.757


           EST./S.E. FOR ESTIMATED CORRELATION MATRIX FOR THE LATENT VARIABLES
              NARARATE      WISCBWSP      CNTSPAN       F8AGE         F9AGE
              ________      ________      ________      ________      ________
 NARARATE     999.000
 WISCBWSP       1.952       999.000
 CNTSPAN        1.723         2.369       999.000
 F8AGE          0.665         1.503        -0.471       999.000
 F9AGE          0.672         1.672         2.102         3.103       999.000
 F10AGE         0.666        -0.253         1.209         0.993         6.490


           EST./S.E. FOR ESTIMATED CORRELATION MATRIX FOR THE LATENT VARIABLES
              F10AGE
              ________
 F10AGE       999.000


           TWO-TAILED P-VALUE FOR ESTIMATED CORRELATION MATRIX FOR THE LATENT VARIABLES
              ACC           LANG          PERFIQ        WORKMEM       ATTN
              ________      ________      ________      ________      ________
 ACC            0.000
 LANG           0.864         0.000
 PERFIQ         0.913         0.000         0.000
 WORKMEM        0.007         0.000         0.000         0.000
 ATTN           0.645         0.001         0.015         0.000         0.000
 NARARATE       0.038         0.224         0.949         0.087         0.603
 WISCBWSP       0.032         0.000         0.000         0.000         0.000
 CNTSPAN        0.001         0.000         0.001         0.000         0.002
 F8AGE          0.403         0.126         0.232         0.561         0.297
 F9AGE          0.390         0.141         0.289         0.304         0.334
 F10AGE         0.391         0.373         0.491         0.654         0.449


           TWO-TAILED P-VALUE FOR ESTIMATED CORRELATION MATRIX FOR THE LATENT VARIABLES
              NARARATE      WISCBWSP      CNTSPAN       F8AGE         F9AGE
              ________      ________      ________      ________      ________
 NARARATE       0.000
 WISCBWSP       0.051         0.000
 CNTSPAN        0.085         0.018         0.000
 F8AGE          0.506         0.133         0.637         0.000
 F9AGE          0.502         0.094         0.036         0.002         0.000
 F10AGE         0.505         0.800         0.227         0.321         0.000


           TWO-TAILED P-VALUE FOR ESTIMATED CORRELATION MATRIX FOR THE LATENT VARIABLES
              F10AGE
              ________
 F10AGE         0.000


SAMPLE STATISTICS FOR ESTIMATED FACTOR SCORES


     SAMPLE STATISTICS


           Means
              ACC           ACC_SE        LANG          LANG_SE       PERFIQ
              ________      ________      ________      ________      ________
                4.946         1.000         4.808         0.614         4.398


           Means
              PERFIQ_S      WORKMEM       WORKMEM_      ATTN          ATTN_SE
              ________      ________      ________      ________      ________
                0.687         0.000         0.147        -5.183         1.330


           Covariances
              ACC           ACC_SE        LANG          LANG_SE       PERFIQ
              ________      ________      ________      ________      ________
 ACC            3.169
 ACC_SE         0.000         0.000
 LANG           0.064         0.000         0.548
 LANG_SE        0.024         0.000         0.000         0.022
 PERFIQ         0.064         0.000         0.387        -0.001         0.790
 PERFIQ_S       0.036         0.000        -0.005         0.031        -0.005
 WORKMEM        0.268         0.000         0.166         0.002         0.153
 WORKMEM_       0.010         0.000         0.000         0.009        -0.001
 ATTN          -0.168         0.000        -0.541        -0.001        -0.895
 ATTN_SE        0.037         0.001         0.001         0.048        -0.011


           Covariances
              PERFIQ_S      WORKMEM       WORKMEM_      ATTN          ATTN_SE
              ________      ________      ________      ________      ________
 PERFIQ_S       0.047
 WORKMEM        0.002         0.088
 WORKMEM_       0.014         0.001         0.004
 ATTN           0.005        -0.258         0.000         2.295
 ATTN_SE        0.070         0.004         0.021         0.011         0.114


           Correlations
              ACC           ACC_SE        LANG          LANG_SE       PERFIQ
              ________      ________      ________      ________      ________
 ACC            1.000
 ACC_SE         0.097         1.000
 LANG           0.049        -0.030         1.000
 LANG_SE        0.090         0.781         0.002         1.000
 PERFIQ         0.041        -0.065         0.588        -0.007         1.000
 PERFIQ_S       0.094         0.792        -0.030         0.965        -0.027
 WORKMEM        0.508         0.001         0.759         0.053         0.582
 WORKMEM_       0.091         0.801        -0.001         0.997        -0.014
 ATTN          -0.062         0.063        -0.482        -0.006        -0.665
 ATTN_SE        0.061         0.770         0.003         0.957        -0.035


           Correlations
              PERFIQ_S      WORKMEM       WORKMEM_      ATTN          ATTN_SE
              ________      ________      ________      ________      ________
 PERFIQ_S       1.000
 WORKMEM        0.031         1.000
 WORKMEM_       0.976         0.049         1.000
 ATTN           0.015        -0.576         0.002         1.000
 ATTN_SE        0.955         0.036         0.972         0.021         1.000


PLOT INFORMATION

The following plots are available:

  Histograms (sample values, estimated factor scores)
  Scatterplots (sample values, estimated factor scores)
  Latent variable distribution plots

** No plots of individual estimated values are available due to computational
** errors in one or more groups.


     Beginning Time:  13:32:08
        Ending Time:  13:32:26
       Elapsed Time:  00:00:18



MUTHEN & MUTHEN
3463 Stoner Ave.
Los Angeles, CA  90066

Tel: (310) 391-9971
Fax: (310) 391-8971
Web: www.StatModel.com
Support: Support@StatModel.com

Copyright (c) 1998-2020 Muthen & Muthen
