Mplus VERSION 8.5
MUTHEN & MUTHEN
08/04/2021   1:59 PM

INPUT INSTRUCTIONS

  TITLE:
  Confirmatory Factor Analysis - 4-factor + rate (split execfun, no wiscode, nosdq);
  DATA:
  FILE = "./mplus_models/compprof/cfa/cp_cfa_4fRnoSDQ_f7a2f8e87202daa7e4588ef4efe5d027.dat";

  VARIABLE:
  NAMES = woldComp f8age f9age f10age naraRate woldVcb wiscVcb wiscPcmp wiscParr
       wiscBloc wiscObja wiscBwsp cntspan attnSel attnDiv attnOpp;
   MISSING=.;

  DEFINE:
   wiscVcb = wiscVcb/2; naraRate = naraRate/8;
            wiscPcmp = wiscPcmp/2; wiscParr = wiscParr/5;
            wiscBloc = wiscBloc/6; wiscObja = wiscObja/5; attnDiv = attnDiv/20;
            attnOpp = attnOpp/4;
  ANALYSIS:
  estimator = mlr; type = general; starts = 20;
  MODEL:
   f8age; f9age; f10age;
              lang perfiq attn wiscBwsp on f8age;
              naraRate on f9age;
              cntSpan on f10age;
              naraRate;
              lang by woldComp wiscVcb woldVcb;;
              perfiq by wiscPcmp wiscParr wiscBloc wiscObja;
              workmem by wiscBwsp cntSpan;
              attn by attnSel attnDiv attnOpp;
              naraRate with lang; naraRate with perfiq;
              naraRate with workmem; naraRate with attn;
              lang with perfiq;
              lang with workmem; lang with attn;
              perfiq with workmem; perfiq with attn;
              workmem with attn;
  OUTPUT:
  TECH1; TECH4; stdyx; modindices;
  PLOT:
  TYPE = PLOT3;



INPUT READING TERMINATED NORMALLY




Confirmatory Factor Analysis - 4-factor + rate (split execfun, no wiscode, nosdq);

SUMMARY OF ANALYSIS

Number of groups                                                 1
Number of observations                                         248

Number of dependent variables                                   13
Number of independent variables                                  3
Number of continuous latent variables                            4

Observed dependent variables

  Continuous
   WOLDCOMP    NARARATE    WOLDVCB     WISCVCB     WISCPCMP    WISCPARR
   WISCBLOC    WISCOBJA    WISCBWSP    CNTSPAN     ATTNSEL     ATTNDIV
   ATTNOPP

Observed independent variables
   F8AGE       F9AGE       F10AGE

Continuous latent variables
   LANG        PERFIQ      WORKMEM     ATTN


Estimator                                                      MLR
Information matrix                                        OBSERVED
Maximum number of iterations                                  1000
Convergence criterion                                    0.500D-04
Maximum number of steepest descent iterations                   20
Maximum number of iterations for H1                           2000
Convergence criterion for H1                             0.100D-03
Random Starts Specifications
  Number of random starts                                       20
  Random starts scale                                    0.500D+01

Input data file(s)
  ./mplus_models/compprof/cfa/cp_cfa_4fRnoSDQ_f7a2f8e87202daa7e4588ef4efe5d027.d

Input data format  FREE


SUMMARY OF DATA

     Number of missing data patterns            33


COVARIANCE COVERAGE OF DATA

Minimum covariance coverage value   0.100


     PROPORTION OF DATA PRESENT


           Covariance Coverage
              WOLDCOMP      NARARATE      WOLDVCB       WISCVCB       WISCPCMP
              ________      ________      ________      ________      ________
 WOLDCOMP       0.794
 NARARATE       0.790         0.996
 WOLDVCB        0.774         0.770         0.774
 WISCVCB        0.774         0.782         0.758         0.786
 WISCPCMP       0.782         0.790         0.762         0.786         0.794
 WISCPARR       0.766         0.774         0.750         0.774         0.778
 WISCBLOC       0.746         0.750         0.730         0.750         0.754
 WISCOBJA       0.742         0.750         0.726         0.750         0.754
 WISCBWSP       0.762         0.770         0.750         0.770         0.774
 CNTSPAN        0.677         0.851         0.665         0.677         0.681
 ATTNSEL        0.766         0.774         0.754         0.766         0.770
 ATTNDIV        0.726         0.734         0.714         0.730         0.734
 ATTNOPP        0.766         0.774         0.750         0.766         0.770
 F8AGE          0.794         0.802         0.774         0.786         0.794
 F9AGE          0.794         0.996         0.774         0.786         0.794
 F10AGE         0.714         0.895         0.698         0.706         0.714


           Covariance Coverage
              WISCPARR      WISCBLOC      WISCOBJA      WISCBWSP      CNTSPAN
              ________      ________      ________      ________      ________
 WISCPARR       0.778
 WISCBLOC       0.742         0.754
 WISCOBJA       0.746         0.726         0.754
 WISCBWSP       0.762         0.742         0.742         0.774
 CNTSPAN        0.669         0.653         0.657         0.673         0.855
 ATTNSEL        0.762         0.734         0.738         0.758         0.673
 ATTNDIV        0.722         0.702         0.698         0.722         0.645
 ATTNOPP        0.758         0.734         0.734         0.754         0.669
 F8AGE          0.778         0.754         0.754         0.774         0.690
 F9AGE          0.778         0.754         0.754         0.774         0.855
 F10AGE         0.698         0.681         0.681         0.702         0.855


           Covariance Coverage
              ATTNSEL       ATTNDIV       ATTNOPP       F8AGE         F9AGE
              ________      ________      ________      ________      ________
 ATTNSEL        0.778
 ATTNDIV        0.734         0.738
 ATTNOPP        0.770         0.730         0.778
 F8AGE          0.778         0.738         0.778         0.806
 F9AGE          0.778         0.738         0.778         0.806         1.000
 F10AGE         0.702         0.665         0.698         0.726         0.899


           Covariance Coverage
              F10AGE
              ________
 F10AGE         0.899



UNIVARIATE SAMPLE STATISTICS


     UNIVARIATE HIGHER-ORDER MOMENT DESCRIPTIVE STATISTICS

         Variable/         Mean/     Skewness/   Minimum/ % with                Percentiles
        Sample Size      Variance    Kurtosis    Maximum  Min/Max      20%/60%    40%/80%    Median

     WOLDCOMP              6.360      -0.217       2.000    1.52%       5.000      6.000      6.000
             197.000       2.434       0.263      10.000    2.03%       7.000      8.000
     NARARATE              8.385       2.376       3.500    0.40%       6.250      7.125      7.625
             247.000       8.920       9.107      27.125    0.40%       8.375      9.875
     WOLDVCB               5.974      -0.435       0.000    0.52%       4.000      6.000      6.000
             192.000       3.921      -0.090      10.000    1.56%       7.000      8.000
     WISCVCB               8.826       0.138       0.000    1.03%       7.000      8.000      9.000
             195.000       7.518       1.525      18.000    1.03%       9.000     11.000
     WISCPCMP              6.959      -0.464       0.000    0.51%       5.000      7.000      7.000
             197.000       5.582      -0.133      12.000    2.03%       8.000      9.000
     WISCPARR              2.944       0.683       0.600    5.70%       0.800      2.200      2.400
             193.000       3.723      -0.226       8.800    0.52%       3.200      4.400
     WISCBLOC              4.643       0.119       0.833    0.53%       2.667      4.000      4.667
             187.000       3.962      -0.458       9.833    0.53%       5.333      6.333
     WISCOBJA              4.180       0.174       0.600    0.53%       2.600      3.400      3.600
             187.000       3.107      -1.132       7.600    1.60%       4.400      6.200
     WISCBWSP              3.208       0.898       1.000    1.04%       3.000      3.000      3.000
             192.000       0.582       3.695       7.000    0.52%       3.000      4.000
     CNTSPAN               3.083      -0.404       0.500    3.30%       2.500      3.000      3.000
             212.000       0.733       1.281       5.000    3.77%       3.500      3.500
     ATTNSEL               5.819       3.824       0.000    0.52%       4.195      4.928      5.316
             193.000       8.292      22.909      27.900    0.52%       5.809      6.794
     ATTNDIV               0.358       5.688      -0.184    0.55%       0.010      0.085      0.147
             183.000       0.608      42.130       7.506    0.55%       0.208      0.457
     ATTNOPP               1.322       4.445      -0.500    0.52%       0.625      1.000      1.125
             193.000       1.270      32.683      11.375    0.52%       1.250      1.750
     F8AGE               103.565       2.190      99.000    2.50%     102.000    102.000    103.000
             200.000      10.286       5.717     117.000    1.50%     103.000    105.000
     F9AGE               118.637       0.864     110.000    0.40%     115.000    117.000    118.000
             248.000      15.852       0.512     135.000    0.40%     118.000    122.000
     F10AGE              127.448       1.799     120.000    0.45%     125.000    126.000    127.000
             223.000      10.274       4.244     142.000    0.45%     127.000    129.000


RANDOM STARTS RESULTS RANKED FROM THE BEST TO THE WORST FIT FUNCTION VALUES

Fit function values at local maxima and random start numbers:

            111.3195         10
            111.3195         2
            111.3195         1
            111.3195         19
            111.3195         18
            111.3195         12
            111.3195         14
            111.3195         9
            111.3195         unperturbed
            111.3195         13
            111.3195         8

10 starting value run(s) did not converge.



MODEL FIT INFORMATION

Number of Free Parameters                       66

Loglikelihood

          H0 Value                       -6542.214
          H0 Scaling Correction Factor      2.0978
            for MLR
          H1 Value                       -6486.555
          H1 Scaling Correction Factor      1.4354
            for MLR

Information Criteria

          Akaike (AIC)                   13216.429
          Bayesian (BIC)                 13448.315
          Sample-Size Adjusted BIC       13239.094
            (n* = (n + 2) / 24)

Chi-Square Test of Model Fit

          Value                            120.084*
          Degrees of Freedom                    86
          P-Value                           0.0090
          Scaling Correction Factor         0.9270
            for MLR

*   The chi-square value for MLM, MLMV, MLR, ULSMV, WLSM and WLSMV cannot be used
    for chi-square difference testing in the regular way.  MLM, MLR and WLSM
    chi-square difference testing is described on the Mplus website.  MLMV, WLSMV,
    and ULSMV difference testing is done using the DIFFTEST option.

RMSEA (Root Mean Square Error Of Approximation)

          Estimate                           0.040
          90 Percent C.I.                    0.021  0.056
          Probability RMSEA <= .05           0.837

CFI/TLI

          CFI                                0.897
          TLI                                0.860

Chi-Square Test of Model Fit for the Baseline Model

          Value                            448.275
          Degrees of Freedom                   117
          P-Value                           0.0000

SRMR (Standardized Root Mean Square Residual)

          Value                              0.065



MODEL RESULTS

                                                    Two-Tailed
                    Estimate       S.E.  Est./S.E.    P-Value

 LANG     BY
    WOLDCOMP           1.000      0.000    999.000    999.000
    WISCVCB            1.479      0.303      4.877      0.000
    WOLDVCB            1.350      0.248      5.454      0.000

 PERFIQ   BY
    WISCPCMP           1.000      0.000    999.000    999.000
    WISCPARR           0.775      0.170      4.562      0.000
    WISCBLOC           1.290      0.287      4.493      0.000
    WISCOBJA           1.069      0.181      5.919      0.000

 WORKMEM  BY
    WISCBWSP           1.000      0.000    999.000    999.000
    CNTSPAN            1.299      0.412      3.152      0.002

 ATTN     BY
    ATTNSEL            1.000      0.000    999.000    999.000
    ATTNDIV            0.200      0.118      1.692      0.091
    ATTNOPP            0.314      0.080      3.920      0.000

 LANG     ON
    F8AGE              0.046      0.028      1.617      0.106

 PERFIQ   ON
    F8AGE              0.042      0.035      1.214      0.225

 ATTN     ON
    F8AGE             -0.049      0.041     -1.203      0.229

 WISCBWSP ON
    F8AGE              0.038      0.020      1.861      0.063

 NARARATE ON
    F9AGE              0.027      0.039      0.693      0.488

 CNTSPAN  ON
    F10AGE             0.033      0.029      1.154      0.249

 NARARATE WITH
    LANG               0.335      0.300      1.117      0.264
    PERFIQ            -0.028      0.250     -0.111      0.912
    WORKMEM            0.319      0.207      1.540      0.124
    ATTN               0.302      0.474      0.636      0.525

 LANG     WITH
    PERFIQ             0.477      0.177      2.692      0.007
    WORKMEM            0.259      0.079      3.271      0.001
    ATTN              -0.647      0.255     -2.534      0.011

 PERFIQ   WITH
    WORKMEM            0.212      0.085      2.489      0.013
    ATTN              -1.179      0.396     -2.977      0.003

 WORKMEM  WITH
    ATTN              -0.366      0.159     -2.299      0.022

 F8AGE    WITH
    WORKMEM           -0.086      0.143     -0.601      0.548

 F9AGE    WITH
    WORKMEM            0.171      0.183      0.932      0.352

 F10AGE   WITH
    WORKMEM           -0.109      0.188     -0.582      0.561

 F9AGE    WITH
    F8AGE              3.489      1.349      2.586      0.010

 F10AGE   WITH
    F8AGE              0.898      0.911      0.986      0.324
    F9AGE              4.905      1.024      4.793      0.000

 Means
    F8AGE            103.655      0.245    423.583      0.000
    F9AGE            118.637      0.253    469.247      0.000
    F10AGE           127.511      0.217    586.571      0.000

 Intercepts
    WOLDCOMP           1.613      2.932      0.550      0.582
    NARARATE           5.182      4.667      1.110      0.267
    WOLDVCB           -0.452      4.059     -0.111      0.911
    WISCVCB            1.785      4.655      0.383      0.701
    WISCPCMP           2.600      3.587      0.725      0.469
    WISCPARR          -0.442      2.683     -0.165      0.869
    WISCBLOC          -1.020      4.544     -0.224      0.822
    WISCOBJA          -0.514      3.758     -0.137      0.891
    WISCBWSP          -0.704      2.099     -0.336      0.737
    CNTSPAN           -1.137      3.654     -0.311      0.756
    ATTNSEL           10.934      4.268      2.562      0.010
    ATTNDIV            1.405      1.111      1.265      0.206
    ATTNOPP            2.924      1.146      2.551      0.011

 Variances
    F8AGE             10.404      2.054      5.066      0.000
    F9AGE             15.852      1.595      9.936      0.000
    F10AGE            10.239      1.709      5.992      0.000
    WORKMEM            0.106      0.063      1.691      0.091

 Residual Variances
    WOLDCOMP           1.488      0.205      7.265      0.000
    NARARATE           8.916      1.900      4.693      0.000
    WOLDVCB            2.209      0.357      6.179      0.000
    WISCVCB            5.460      0.839      6.508      0.000
    WISCPCMP           4.268      0.615      6.940      0.000
    WISCPARR           2.939      0.350      8.398      0.000
    WISCBLOC           1.815      0.399      4.548      0.000
    WISCOBJA           1.618      0.258      6.273      0.000
    WISCBWSP           0.471      0.078      6.031      0.000
    CNTSPAN            0.565      0.099      5.689      0.000
    ATTNSEL            4.092      1.526      2.681      0.007
    ATTNDIV            0.480      0.248      1.936      0.053
    ATTNOPP            0.856      0.169      5.071      0.000
    LANG               0.916      0.246      3.727      0.000
    PERFIQ             1.285      0.453      2.838      0.005
    ATTN               4.141      3.586      1.155      0.248


STANDARDIZED MODEL RESULTS


STDYX Standardization

                                                    Two-Tailed
                    Estimate       S.E.  Est./S.E.    P-Value

 LANG     BY
    WOLDCOMP           0.622      0.063      9.867      0.000
    WISCVCB            0.523      0.069      7.543      0.000
    WOLDVCB            0.661      0.070      9.428      0.000

 PERFIQ   BY
    WISCPCMP           0.484      0.082      5.864      0.000
    WISCPARR           0.458      0.068      6.789      0.000
    WISCBLOC           0.738      0.067     11.042      0.000
    WISCOBJA           0.692      0.059     11.658      0.000

 WORKMEM  BY
    WISCBWSP           0.426      0.106      4.013      0.000
    CNTSPAN            0.490      0.108      4.557      0.000

 ATTN     BY
    ATTNSEL            0.710      0.198      3.593      0.000
    ATTNDIV            0.509      0.153      3.317      0.001
    ATTNOPP            0.569      0.210      2.715      0.007

 LANG     ON
    F8AGE              0.153      0.101      1.516      0.129

 PERFIQ   ON
    F8AGE              0.119      0.100      1.191      0.234

 ATTN     ON
    F8AGE             -0.078      0.075     -1.036      0.300

 WISCBWSP ON
    F8AGE              0.159      0.088      1.813      0.070

 NARARATE ON
    F9AGE              0.036      0.053      0.674      0.500

 CNTSPAN  ON
    F10AGE             0.122      0.105      1.170      0.242

 NARARATE WITH
    LANG               0.117      0.101      1.155      0.248
    PERFIQ            -0.008      0.074     -0.110      0.912
    WORKMEM            0.327      0.184      1.780      0.075
    ATTN               0.050      0.094      0.530      0.596

 LANG     WITH
    PERFIQ             0.439      0.111      3.952      0.000
    WORKMEM            0.830      0.153      5.422      0.000
    ATTN              -0.332      0.095     -3.507      0.000

 PERFIQ   WITH
    WORKMEM            0.573      0.144      3.969      0.000
    ATTN              -0.511      0.210     -2.429      0.015

 WORKMEM  WITH
    ATTN              -0.552      0.137     -4.036      0.000

 F8AGE    WITH
    WORKMEM           -0.082      0.134     -0.609      0.543

 F9AGE    WITH
    WORKMEM            0.131      0.140      0.936      0.349

 F10AGE   WITH
    WORKMEM           -0.105      0.173     -0.607      0.544

 F9AGE    WITH
    F8AGE              0.272      0.087      3.115      0.002

 F10AGE   WITH
    F8AGE              0.087      0.087      1.000      0.317
    F9AGE              0.385      0.059      6.491      0.000

 Means
    F8AGE             32.136      3.112     10.328      0.000
    F9AGE             29.797      1.466     20.328      0.000
    F10AGE            39.849      3.276     12.165      0.000

 Intercepts
    WOLDCOMP           1.035      1.882      0.550      0.582
    NARARATE           1.734      1.517      1.144      0.253
    WOLDVCB           -0.228      2.052     -0.111      0.911
    WISCVCB            0.651      1.704      0.382      0.702
    WISCPCMP           1.101      1.523      0.723      0.470
    WISCPARR          -0.229      1.389     -0.165      0.869
    WISCBLOC          -0.511      2.272     -0.225      0.822
    WISCOBJA          -0.292      2.131     -0.137      0.891
    WISCBWSP          -0.920      2.740     -0.336      0.737
    CNTSPAN           -1.317      4.207     -0.313      0.754
    ATTNSEL            3.805      1.576      2.414      0.016
    ATTNDIV            1.746      1.308      1.335      0.182
    ATTNOPP            2.599      1.162      2.237      0.025

 Variances
    F8AGE              1.000      0.000    999.000    999.000
    F9AGE              1.000      0.000    999.000    999.000
    F10AGE             1.000      0.000    999.000    999.000
    WORKMEM            1.000      0.000    999.000    999.000

 Residual Variances
    WOLDCOMP           0.613      0.078      7.829      0.000
    NARARATE           0.999      0.004    259.616      0.000
    WOLDVCB            0.564      0.093      6.089      0.000
    WISCVCB            0.727      0.072     10.035      0.000
    WISCPCMP           0.766      0.080      9.600      0.000
    WISCPARR           0.790      0.062     12.758      0.000
    WISCBLOC           0.455      0.099      4.618      0.000
    WISCOBJA           0.521      0.082      6.328      0.000
    WISCBWSP           0.804      0.090      8.891      0.000
    CNTSPAN            0.757      0.102      7.421      0.000
    ATTNSEL            0.495      0.281      1.764      0.078
    ATTNDIV            0.741      0.156      4.754      0.000
    ATTNOPP            0.676      0.239      2.833      0.005
    LANG               0.977      0.031     31.700      0.000
    PERFIQ             0.986      0.024     41.537      0.000
    ATTN               0.994      0.012     85.024      0.000


R-SQUARE

    Observed                                        Two-Tailed
    Variable        Estimate       S.E.  Est./S.E.    P-Value

    WOLDCOMP           0.387      0.078      4.933      0.000
    NARARATE           0.001      0.004      0.337      0.736
    WOLDVCB            0.436      0.093      4.714      0.000
    WISCVCB            0.273      0.072      3.771      0.000
    WISCPCMP           0.234      0.080      2.932      0.003
    WISCPARR           0.210      0.062      3.395      0.001
    WISCBLOC           0.545      0.099      5.521      0.000
    WISCOBJA           0.479      0.082      5.829      0.000
    WISCBWSP           0.196      0.090      2.163      0.031
    CNTSPAN            0.243      0.102      2.378      0.017
    ATTNSEL            0.505      0.281      1.796      0.072
    ATTNDIV            0.259      0.156      1.658      0.097
    ATTNOPP            0.324      0.239      1.357      0.175

     Latent                                         Two-Tailed
    Variable        Estimate       S.E.  Est./S.E.    P-Value

    LANG               0.023      0.031      0.758      0.448
    PERFIQ             0.014      0.024      0.596      0.551
    ATTN               0.006      0.012      0.518      0.604


QUALITY OF NUMERICAL RESULTS

     Condition Number for the Information Matrix              0.355E-08
       (ratio of smallest to largest eigenvalue)


MODEL MODIFICATION INDICES

NOTE:  Modification indices for direct effects of observed dependent variables
regressed on covariates may not be included.  To include these, request
MODINDICES (ALL).

Minimum M.I. value for printing the modification index    10.000

                                   M.I.     E.P.C.  Std E.P.C.  StdYX E.P.C.

No modification indices above the minimum value.



TECHNICAL 1 OUTPUT


     PARAMETER SPECIFICATION


           NU
              WOLDCOMP      NARARATE      WOLDVCB       WISCVCB       WISCPCMP
              ________      ________      ________      ________      ________
                  1             0             2             3             4


           NU
              WISCPARR      WISCBLOC      WISCOBJA      WISCBWSP      CNTSPAN
              ________      ________      ________      ________      ________
                  5             6             7             0             0


           NU
              ATTNSEL       ATTNDIV       ATTNOPP       F8AGE         F9AGE
              ________      ________      ________      ________      ________
                  8             9            10             0             0


           NU
              F10AGE
              ________
                  0


           LAMBDA
              LANG          PERFIQ        WORKMEM       ATTN          NARARATE
              ________      ________      ________      ________      ________
 WOLDCOMP           0             0             0             0             0
 NARARATE           0             0             0             0             0
 WOLDVCB           11             0             0             0             0
 WISCVCB           12             0             0             0             0
 WISCPCMP           0             0             0             0             0
 WISCPARR           0            13             0             0             0
 WISCBLOC           0            14             0             0             0
 WISCOBJA           0            15             0             0             0
 WISCBWSP           0             0             0             0             0
 CNTSPAN            0             0             0             0             0
 ATTNSEL            0             0             0             0             0
 ATTNDIV            0             0             0            16             0
 ATTNOPP            0             0             0            17             0
 F8AGE              0             0             0             0             0
 F9AGE              0             0             0             0             0
 F10AGE             0             0             0             0             0


           LAMBDA
              WISCBWSP      CNTSPAN       F8AGE         F9AGE         F10AGE
              ________      ________      ________      ________      ________
 WOLDCOMP           0             0             0             0             0
 NARARATE           0             0             0             0             0
 WOLDVCB            0             0             0             0             0
 WISCVCB            0             0             0             0             0
 WISCPCMP           0             0             0             0             0
 WISCPARR           0             0             0             0             0
 WISCBLOC           0             0             0             0             0
 WISCOBJA           0             0             0             0             0
 WISCBWSP           0             0             0             0             0
 CNTSPAN            0             0             0             0             0
 ATTNSEL            0             0             0             0             0
 ATTNDIV            0             0             0             0             0
 ATTNOPP            0             0             0             0             0
 F8AGE              0             0             0             0             0
 F9AGE              0             0             0             0             0
 F10AGE             0             0             0             0             0


           THETA
              WOLDCOMP      NARARATE      WOLDVCB       WISCVCB       WISCPCMP
              ________      ________      ________      ________      ________
 WOLDCOMP          18
 NARARATE           0             0
 WOLDVCB            0             0            19
 WISCVCB            0             0             0            20
 WISCPCMP           0             0             0             0            21
 WISCPARR           0             0             0             0             0
 WISCBLOC           0             0             0             0             0
 WISCOBJA           0             0             0             0             0
 WISCBWSP           0             0             0             0             0
 CNTSPAN            0             0             0             0             0
 ATTNSEL            0             0             0             0             0
 ATTNDIV            0             0             0             0             0
 ATTNOPP            0             0             0             0             0
 F8AGE              0             0             0             0             0
 F9AGE              0             0             0             0             0
 F10AGE             0             0             0             0             0


           THETA
              WISCPARR      WISCBLOC      WISCOBJA      WISCBWSP      CNTSPAN
              ________      ________      ________      ________      ________
 WISCPARR          22
 WISCBLOC           0            23
 WISCOBJA           0             0            24
 WISCBWSP           0             0             0             0
 CNTSPAN            0             0             0             0             0
 ATTNSEL            0             0             0             0             0
 ATTNDIV            0             0             0             0             0
 ATTNOPP            0             0             0             0             0
 F8AGE              0             0             0             0             0
 F9AGE              0             0             0             0             0
 F10AGE             0             0             0             0             0


           THETA
              ATTNSEL       ATTNDIV       ATTNOPP       F8AGE         F9AGE
              ________      ________      ________      ________      ________
 ATTNSEL           25
 ATTNDIV            0            26
 ATTNOPP            0             0            27
 F8AGE              0             0             0             0
 F9AGE              0             0             0             0             0
 F10AGE             0             0             0             0             0


           THETA
              F10AGE
              ________
 F10AGE             0


           ALPHA
              LANG          PERFIQ        WORKMEM       ATTN          NARARATE
              ________      ________      ________      ________      ________
                  0             0             0             0            28


           ALPHA
              WISCBWSP      CNTSPAN       F8AGE         F9AGE         F10AGE
              ________      ________      ________      ________      ________
                 29            30            31            32            33


           BETA
              LANG          PERFIQ        WORKMEM       ATTN          NARARATE
              ________      ________      ________      ________      ________
 LANG               0             0             0             0             0
 PERFIQ             0             0             0             0             0
 WORKMEM            0             0             0             0             0
 ATTN               0             0             0             0             0
 NARARATE           0             0             0             0             0
 WISCBWSP           0             0             0             0             0
 CNTSPAN            0             0            39             0             0
 F8AGE              0             0             0             0             0
 F9AGE              0             0             0             0             0
 F10AGE             0             0             0             0             0


           BETA
              WISCBWSP      CNTSPAN       F8AGE         F9AGE         F10AGE
              ________      ________      ________      ________      ________
 LANG               0             0            34             0             0
 PERFIQ             0             0            35             0             0
 WORKMEM            0             0             0             0             0
 ATTN               0             0            36             0             0
 NARARATE           0             0             0            37             0
 WISCBWSP           0             0            38             0             0
 CNTSPAN            0             0             0             0            40
 F8AGE              0             0             0             0             0
 F9AGE              0             0             0             0             0
 F10AGE             0             0             0             0             0


           PSI
              LANG          PERFIQ        WORKMEM       ATTN          NARARATE
              ________      ________      ________      ________      ________
 LANG              41
 PERFIQ            42            43
 WORKMEM           44            45            46
 ATTN              47            48            49            50
 NARARATE          51            52            53            54            55
 WISCBWSP           0             0             0             0             0
 CNTSPAN            0             0             0             0             0
 F8AGE              0             0            58             0             0
 F9AGE              0             0            60             0             0
 F10AGE             0             0            63             0             0


           PSI
              WISCBWSP      CNTSPAN       F8AGE         F9AGE         F10AGE
              ________      ________      ________      ________      ________
 WISCBWSP          56
 CNTSPAN            0            57
 F8AGE              0             0            59
 F9AGE              0             0            61            62
 F10AGE             0             0            64            65            66


     STARTING VALUES


           NU
              WOLDCOMP      NARARATE      WOLDVCB       WISCVCB       WISCPCMP
              ________      ________      ________      ________      ________
                6.360         0.000         5.974         8.826         6.959


           NU
              WISCPARR      WISCBLOC      WISCOBJA      WISCBWSP      CNTSPAN
              ________      ________      ________      ________      ________
                2.944         4.643         4.180         0.000         0.000


           NU
              ATTNSEL       ATTNDIV       ATTNOPP       F8AGE         F9AGE
              ________      ________      ________      ________      ________
                5.819         0.358         1.322         0.000         0.000


           NU
              F10AGE
              ________
                0.000


           LAMBDA
              LANG          PERFIQ        WORKMEM       ATTN          NARARATE
              ________      ________      ________      ________      ________
 WOLDCOMP       1.000         0.000         0.000         0.000         0.000
 NARARATE       0.000         0.000         0.000         0.000         1.000
 WOLDVCB        1.259         0.000         0.000         0.000         0.000
 WISCVCB        1.438         0.000         0.000         0.000         0.000
 WISCPCMP       0.000         1.000         0.000         0.000         0.000
 WISCPARR       0.000         0.791         0.000         0.000         0.000
 WISCBLOC       0.000         1.240         0.000         0.000         0.000
 WISCOBJA       0.000         1.238         0.000         0.000         0.000
 WISCBWSP       0.000         0.000         0.000         0.000         0.000
 CNTSPAN        0.000         0.000         0.000         0.000         0.000
 ATTNSEL        0.000         0.000         0.000         1.000         0.000
 ATTNDIV        0.000         0.000         0.000         0.086         0.000
 ATTNOPP        0.000         0.000         0.000         0.194         0.000
 F8AGE          0.000         0.000         0.000         0.000         0.000
 F9AGE          0.000         0.000         0.000         0.000         0.000
 F10AGE         0.000         0.000         0.000         0.000         0.000


           LAMBDA
              WISCBWSP      CNTSPAN       F8AGE         F9AGE         F10AGE
              ________      ________      ________      ________      ________
 WOLDCOMP       0.000         0.000         0.000         0.000         0.000
 NARARATE       0.000         0.000         0.000         0.000         0.000
 WOLDVCB        0.000         0.000         0.000         0.000         0.000
 WISCVCB        0.000         0.000         0.000         0.000         0.000
 WISCPCMP       0.000         0.000         0.000         0.000         0.000
 WISCPARR       0.000         0.000         0.000         0.000         0.000
 WISCBLOC       0.000         0.000         0.000         0.000         0.000
 WISCOBJA       0.000         0.000         0.000         0.000         0.000
 WISCBWSP       1.000         0.000         0.000         0.000         0.000
 CNTSPAN        0.000         1.000         0.000         0.000         0.000
 ATTNSEL        0.000         0.000         0.000         0.000         0.000
 ATTNDIV        0.000         0.000         0.000         0.000         0.000
 ATTNOPP        0.000         0.000         0.000         0.000         0.000
 F8AGE          0.000         0.000         1.000         0.000         0.000
 F9AGE          0.000         0.000         0.000         1.000         0.000
 F10AGE         0.000         0.000         0.000         0.000         1.000


           THETA
              WOLDCOMP      NARARATE      WOLDVCB       WISCVCB       WISCPCMP
              ________      ________      ________      ________      ________
 WOLDCOMP       1.217
 NARARATE       0.000         0.000
 WOLDVCB        0.000         0.000         1.961
 WISCVCB        0.000         0.000         0.000         3.759
 WISCPCMP       0.000         0.000         0.000         0.000         2.791
 WISCPARR       0.000         0.000         0.000         0.000         0.000
 WISCBLOC       0.000         0.000         0.000         0.000         0.000
 WISCOBJA       0.000         0.000         0.000         0.000         0.000
 WISCBWSP       0.000         0.000         0.000         0.000         0.000
 CNTSPAN        0.000         0.000         0.000         0.000         0.000
 ATTNSEL        0.000         0.000         0.000         0.000         0.000
 ATTNDIV        0.000         0.000         0.000         0.000         0.000
 ATTNOPP        0.000         0.000         0.000         0.000         0.000
 F8AGE          0.000         0.000         0.000         0.000         0.000
 F9AGE          0.000         0.000         0.000         0.000         0.000
 F10AGE         0.000         0.000         0.000         0.000         0.000


           THETA
              WISCPARR      WISCBLOC      WISCOBJA      WISCBWSP      CNTSPAN
              ________      ________      ________      ________      ________
 WISCPARR       1.862
 WISCBLOC       0.000         1.981
 WISCOBJA       0.000         0.000         1.553
 WISCBWSP       0.000         0.000         0.000         0.000
 CNTSPAN        0.000         0.000         0.000         0.000         0.000
 ATTNSEL        0.000         0.000         0.000         0.000         0.000
 ATTNDIV        0.000         0.000         0.000         0.000         0.000
 ATTNOPP        0.000         0.000         0.000         0.000         0.000
 F8AGE          0.000         0.000         0.000         0.000         0.000
 F9AGE          0.000         0.000         0.000         0.000         0.000
 F10AGE         0.000         0.000         0.000         0.000         0.000


           THETA
              ATTNSEL       ATTNDIV       ATTNOPP       F8AGE         F9AGE
              ________      ________      ________      ________      ________
 ATTNSEL        4.146
 ATTNDIV        0.000         0.304
 ATTNOPP        0.000         0.000         0.635
 F8AGE          0.000         0.000         0.000         0.000
 F9AGE          0.000         0.000         0.000         0.000         0.000
 F10AGE         0.000         0.000         0.000         0.000         0.000


           THETA
              F10AGE
              ________
 F10AGE         0.000


           ALPHA
              LANG          PERFIQ        WORKMEM       ATTN          NARARATE
              ________      ________      ________      ________      ________
                0.000         0.000         0.000         0.000         8.385


           ALPHA
              WISCBWSP      CNTSPAN       F8AGE         F9AGE         F10AGE
              ________      ________      ________      ________      ________
                3.208         3.083       103.565       118.637       127.448


           BETA
              LANG          PERFIQ        WORKMEM       ATTN          NARARATE
              ________      ________      ________      ________      ________
 LANG           0.000         0.000         0.000         0.000         0.000
 PERFIQ         0.000         0.000         0.000         0.000         0.000
 WORKMEM        0.000         0.000         0.000         0.000         0.000
 ATTN           0.000         0.000         0.000         0.000         0.000
 NARARATE       0.000         0.000         0.000         0.000         0.000
 WISCBWSP       0.000         0.000         1.000         0.000         0.000
 CNTSPAN        0.000         0.000         0.222         0.000         0.000
 F8AGE          0.000         0.000         0.000         0.000         0.000
 F9AGE          0.000         0.000         0.000         0.000         0.000
 F10AGE         0.000         0.000         0.000         0.000         0.000


           BETA
              WISCBWSP      CNTSPAN       F8AGE         F9AGE         F10AGE
              ________      ________      ________      ________      ________
 LANG           0.000         0.000         0.000         0.000         0.000
 PERFIQ         0.000         0.000         0.000         0.000         0.000
 WORKMEM        0.000         0.000         0.000         0.000         0.000
 ATTN           0.000         0.000         0.000         0.000         0.000
 NARARATE       0.000         0.000         0.000         0.000         0.000
 WISCBWSP       0.000         0.000         0.000         0.000         0.000
 CNTSPAN        0.000         0.000         0.000         0.000         0.000
 F8AGE          0.000         0.000         0.000         0.000         0.000
 F9AGE          0.000         0.000         0.000         0.000         0.000
 F10AGE         0.000         0.000         0.000         0.000         0.000


           PSI
              LANG          PERFIQ        WORKMEM       ATTN          NARARATE
              ________      ________      ________      ________      ________
 LANG           0.050
 PERFIQ         0.000         0.050
 WORKMEM        0.000         0.000         0.050
 ATTN           0.000         0.000         0.000         0.050
 NARARATE       0.000         0.000         0.000         0.000         4.460
 WISCBWSP       0.000         0.000         0.000         0.000         0.000
 CNTSPAN        0.000         0.000         0.000         0.000         0.000
 F8AGE          0.000         0.000         0.000         0.000         0.000
 F9AGE          0.000         0.000         0.000         0.000         0.000
 F10AGE         0.000         0.000         0.000         0.000         0.000


           PSI
              WISCBWSP      CNTSPAN       F8AGE         F9AGE         F10AGE
              ________      ________      ________      ________      ________
 WISCBWSP       0.291
 CNTSPAN        0.000         0.366
 F8AGE          0.000         0.000         5.143
 F9AGE          0.000         0.000         0.000         7.926
 F10AGE         0.000         0.000         0.000         0.000         5.137


TECHNICAL 4 OUTPUT


     ESTIMATES DERIVED FROM THE MODEL


           ESTIMATED MEANS FOR THE LATENT VARIABLES
              LANG          PERFIQ        WORKMEM       ATTN          NARARATE
              ________      ________      ________      ________      ________
                4.756         4.362         0.000        -5.105         8.388


           ESTIMATED MEANS FOR THE LATENT VARIABLES
              WISCBWSP      CNTSPAN       F8AGE         F9AGE         F10AGE
              ________      ________      ________      ________      ________
                3.209         3.075       103.655       118.637       127.511


           S.E. FOR ESTIMATED MEANS FOR THE LATENT VARIABLES
              LANG          PERFIQ        WORKMEM       ATTN          NARARATE
              ________      ________      ________      ________      ________
                2.942         3.595         0.000         4.246         0.191


           S.E. FOR ESTIMATED MEANS FOR THE LATENT VARIABLES
              WISCBWSP      CNTSPAN       F8AGE         F9AGE         F10AGE
              ________      ________      ________      ________      ________
                0.056         0.058         0.245         0.253         0.217


           EST./S.E. FOR ESTIMATED MEANS FOR THE LATENT VARIABLES
              LANG          PERFIQ        WORKMEM       ATTN          NARARATE
              ________      ________      ________      ________      ________
                1.616         1.214         0.000        -1.202        44.003


           EST./S.E. FOR ESTIMATED MEANS FOR THE LATENT VARIABLES
              WISCBWSP      CNTSPAN       F8AGE         F9AGE         F10AGE
              ________      ________      ________      ________      ________
               57.725        52.961       423.583       469.247       586.571


           TWO-TAILED P-VALUE FOR ESTIMATED MEANS FOR THE LATENT VARIABLES
              LANG          PERFIQ        WORKMEM       ATTN          NARARATE
              ________      ________      ________      ________      ________
                0.106         0.225         1.000         0.229         0.000


           TWO-TAILED P-VALUE FOR ESTIMATED MEANS FOR THE LATENT VARIABLES
              WISCBWSP      CNTSPAN       F8AGE         F9AGE         F10AGE
              ________      ________      ________      ________      ________
                0.000         0.000         0.000         0.000         0.000


           ESTIMATED COVARIANCE MATRIX FOR THE LATENT VARIABLES
              LANG          PERFIQ        WORKMEM       ATTN          NARARATE
              ________      ________      ________      ________      ________
 LANG           0.938
 PERFIQ         0.497         1.304
 WORKMEM        0.255         0.208         0.106
 ATTN          -0.671        -1.200        -0.362         4.166
 NARARATE       0.339        -0.024         0.323         0.297         8.928
 WISCBWSP       0.273         0.225         0.103        -0.381         0.327
 CNTSPAN        0.333         0.271         0.134        -0.472         0.424
 F8AGE          0.477         0.438        -0.086        -0.512         0.094
 F9AGE          0.160         0.147         0.171        -0.172         0.428
 F10AGE         0.041         0.038        -0.109        -0.044         0.133


           ESTIMATED COVARIANCE MATRIX FOR THE LATENT VARIABLES
              WISCBWSP      CNTSPAN       F8AGE         F9AGE         F10AGE
              ________      ________      ________      ________      ________
 WISCBWSP       0.586
 CNTSPAN        0.131         0.746
 F8AGE          0.307        -0.082        10.404
 F9AGE          0.302         0.384         3.489        15.852
 F10AGE        -0.075         0.196         0.898         4.905        10.239


           S.E. FOR ESTIMATED COVARIANCE MATRIX FOR THE LATENT VARIABLES
              LANG          PERFIQ        WORKMEM       ATTN          NARARATE
              ________      ________      ________      ________      ________
 LANG           0.241
 PERFIQ         0.183         0.460
 WORKMEM        0.078         0.085         0.063
 ATTN           0.258         0.401         0.160         3.584
 NARARATE       0.300         0.249         0.206         0.473         1.890
 WISCBWSP       0.079         0.086         0.062         0.157         0.206
 CNTSPAN        0.088         0.095         0.057         0.273         0.232
 F8AGE          0.318         0.401         0.143         0.454         0.139
 F9AGE          0.108         0.144         0.183         0.162         0.625
 F10AGE         0.047         0.056         0.188         0.055         0.194


           S.E. FOR ESTIMATED COVARIANCE MATRIX FOR THE LATENT VARIABLES
              WISCBWSP      CNTSPAN       F8AGE         F9AGE         F10AGE
              ________      ________      ________      ________      ________
 WISCBWSP       0.101
 CNTSPAN        0.057         0.093
 F8AGE          0.214         0.167         2.054
 F9AGE          0.195         0.186         1.349         1.595
 F10AGE         0.185         0.173         0.911         1.024         1.709


           EST./S.E. FOR ESTIMATED COVARIANCE MATRIX FOR THE LATENT VARIABLES
              LANG          PERFIQ        WORKMEM       ATTN          NARARATE
              ________      ________      ________      ________      ________
 LANG           3.883
 PERFIQ         2.718         2.836
 WORKMEM        3.258         2.447         1.691
 ATTN          -2.599        -2.995        -2.260         1.162
 NARARATE       1.132        -0.095         1.567         0.629         4.723
 WISCBWSP       3.452         2.618         1.664        -2.436         1.588
 CNTSPAN        3.791         2.850         2.354        -1.730         1.827
 F8AGE          1.503         1.092        -0.601        -1.129         0.677
 F9AGE          1.487         1.021         0.932        -1.061         0.685
 F10AGE         0.885         0.673        -0.582        -0.798         0.684


           EST./S.E. FOR ESTIMATED COVARIANCE MATRIX FOR THE LATENT VARIABLES
              WISCBWSP      CNTSPAN       F8AGE         F9AGE         F10AGE
              ________      ________      ________      ________      ________
 WISCBWSP       5.782
 CNTSPAN        2.300         8.037
 F8AGE          1.434        -0.492         5.066
 F9AGE          1.551         2.059         2.586         9.936
 F10AGE        -0.407         1.134         0.986         4.793         5.992


           TWO-TAILED P-VALUE FOR ESTIMATED COVARIANCE MATRIX FOR THE LATENT VARIABLES
              LANG          PERFIQ        WORKMEM       ATTN          NARARATE
              ________      ________      ________      ________      ________
 LANG           0.000
 PERFIQ         0.007         0.005
 WORKMEM        0.001         0.014         0.091
 ATTN           0.009         0.003         0.024         0.245
 NARARATE       0.258         0.924         0.117         0.530         0.000
 WISCBWSP       0.001         0.009         0.096         0.015         0.112
 CNTSPAN        0.000         0.004         0.019         0.084         0.068
 F8AGE          0.133         0.275         0.548         0.259         0.499
 F9AGE          0.137         0.307         0.352         0.289         0.493
 F10AGE         0.376         0.501         0.561         0.425         0.494


           TWO-TAILED P-VALUE FOR ESTIMATED COVARIANCE MATRIX FOR THE LATENT VARIABLES
              WISCBWSP      CNTSPAN       F8AGE         F9AGE         F10AGE
              ________      ________      ________      ________      ________
 WISCBWSP       0.000
 CNTSPAN        0.021         0.000
 F8AGE          0.152         0.623         0.000
 F9AGE          0.121         0.039         0.010         0.000
 F10AGE         0.684         0.257         0.324         0.000         0.000


           ESTIMATED CORRELATION MATRIX FOR THE LATENT VARIABLES
              LANG          PERFIQ        WORKMEM       ATTN          NARARATE
              ________      ________      ________      ________      ________
 LANG           1.000
 PERFIQ         0.449         1.000
 WORKMEM        0.808         0.559         1.000
 ATTN          -0.339        -0.515        -0.544         1.000
 NARARATE       0.117        -0.007         0.332         0.049         1.000
 WISCBWSP       0.369         0.257         0.413        -0.244         0.143
 CNTSPAN        0.398         0.275         0.477        -0.268         0.164
 F8AGE          0.153         0.119        -0.082        -0.078         0.010
 F9AGE          0.042         0.032         0.131        -0.021         0.036
 F10AGE         0.013         0.010        -0.105        -0.007         0.014


           ESTIMATED CORRELATION MATRIX FOR THE LATENT VARIABLES
              WISCBWSP      CNTSPAN       F8AGE         F9AGE         F10AGE
              ________      ________      ________      ________      ________
 WISCBWSP       1.000
 CNTSPAN        0.199         1.000
 F8AGE          0.124        -0.029         1.000
 F9AGE          0.099         0.112         0.272         1.000
 F10AGE        -0.031         0.071         0.087         0.385         1.000


           S.E. FOR ESTIMATED CORRELATION MATRIX FOR THE LATENT VARIABLES
              LANG          PERFIQ        WORKMEM       ATTN          NARARATE
              ________      ________      ________      ________      ________
 LANG           0.000
 PERFIQ         0.111         0.000
 WORKMEM        0.149         0.149         0.000
 ATTN           0.098         0.211         0.140         0.000
 NARARATE       0.100         0.073         0.183         0.093         0.000
 WISCBWSP       0.077         0.068         0.108         0.056         0.076
 CNTSPAN        0.075         0.078         0.107         0.076         0.080
 F8AGE          0.101         0.100         0.134         0.075         0.015
 F9AGE          0.028         0.031         0.140         0.022         0.053
 F10AGE         0.015         0.015         0.173         0.009         0.021


           S.E. FOR ESTIMATED CORRELATION MATRIX FOR THE LATENT VARIABLES
              WISCBWSP      CNTSPAN       F8AGE         F9AGE         F10AGE
              ________      ________      ________      ________      ________
 WISCBWSP       0.000
 CNTSPAN        0.078         0.000
 F8AGE          0.082         0.060         0.000
 F9AGE          0.062         0.053         0.087         0.000
 F10AGE         0.075         0.061         0.087         0.059         0.000


           EST./S.E. FOR ESTIMATED CORRELATION MATRIX FOR THE LATENT VARIABLES
              LANG          PERFIQ        WORKMEM       ATTN          NARARATE
              ________      ________      ________      ________      ________
 LANG         999.000
 PERFIQ         4.032       999.000
 WORKMEM        5.409         3.750       999.000
 ATTN          -3.473        -2.438        -3.883       999.000
 NARARATE       1.172        -0.095         1.810         0.526       999.000
 WISCBWSP       4.795         3.758         3.825        -4.371         1.879
 CNTSPAN        5.292         3.528         4.447        -3.539         2.049
 F8AGE          1.516         1.191        -0.609        -1.036         0.667
 F9AGE          1.467         1.059         0.936        -0.958         0.674
 F10AGE         0.892         0.691        -0.607        -0.757         0.668


           EST./S.E. FOR ESTIMATED CORRELATION MATRIX FOR THE LATENT VARIABLES
              WISCBWSP      CNTSPAN       F8AGE         F9AGE         F10AGE
              ________      ________      ________      ________      ________
 WISCBWSP     999.000
 CNTSPAN        2.538       999.000
 F8AGE          1.511        -0.489       999.000
 F9AGE          1.597         2.107         3.115       999.000
 F10AGE        -0.409         1.169         1.000         6.491       999.000


           TWO-TAILED P-VALUE FOR ESTIMATED CORRELATION MATRIX FOR THE LATENT VARIABLES
              LANG          PERFIQ        WORKMEM       ATTN          NARARATE
              ________      ________      ________      ________      ________
 LANG           0.000
 PERFIQ         0.000         0.000
 WORKMEM        0.000         0.000         0.000
 ATTN           0.001         0.015         0.000         0.000
 NARARATE       0.241         0.925         0.070         0.599         0.000
 WISCBWSP       0.000         0.000         0.000         0.000         0.060
 CNTSPAN        0.000         0.000         0.000         0.000         0.040
 F8AGE          0.129         0.234         0.543         0.300         0.505
 F9AGE          0.142         0.290         0.349         0.338         0.500
 F10AGE         0.372         0.490         0.544         0.449         0.504


           TWO-TAILED P-VALUE FOR ESTIMATED CORRELATION MATRIX FOR THE LATENT VARIABLES
              WISCBWSP      CNTSPAN       F8AGE         F9AGE         F10AGE
              ________      ________      ________      ________      ________
 WISCBWSP       0.000
 CNTSPAN        0.011         0.000
 F8AGE          0.131         0.625         0.000
 F9AGE          0.110         0.035         0.002         0.000
 F10AGE         0.683         0.243         0.317         0.000         0.000


SAMPLE STATISTICS FOR ESTIMATED FACTOR SCORES


     SAMPLE STATISTICS


           Means
              LANG          LANG_SE       PERFIQ        PERFIQ_S      WORKMEM
              ________      ________      ________      ________      ________
                4.756         0.612         4.362         0.685         0.000


           Means
              WORKMEM_      ATTN          ATTN_SE
              ________      ________      ________
                0.184        -5.105         1.325


           Covariances
              LANG          LANG_SE       PERFIQ        PERFIQ_S      WORKMEM
              ________      ________      ________      ________      ________
 LANG           0.542
 LANG_SE        0.001         0.020
 PERFIQ         0.386        -0.001         0.789
 PERFIQ_S      -0.004         0.029        -0.005         0.046
 WORKMEM        0.157         0.001         0.143         0.000         0.066
 WORKMEM_       0.000         0.006        -0.001         0.009         0.000
 ATTN          -0.542        -0.001        -0.896         0.005        -0.245
 ATTN_SE        0.001         0.045        -0.010         0.068         0.002


           Covariances
              WORKMEM_      ATTN          ATTN_SE
              ________      ________      ________
 WORKMEM_       0.002
 ATTN           0.001         2.301
 ATTN_SE        0.014         0.011         0.110


           Correlations
              LANG          LANG_SE       PERFIQ        PERFIQ_S      WORKMEM
              ________      ________      ________      ________      ________
 LANG           1.000
 LANG_SE        0.005         1.000
 PERFIQ         0.590        -0.007         1.000
 PERFIQ_S      -0.027         0.963        -0.027         1.000
 WORKMEM        0.829         0.029         0.622         0.000         1.000
 WORKMEM_       0.001         0.992        -0.018         0.971         0.020
 ATTN          -0.485        -0.005        -0.665         0.016        -0.626
 ATTN_SE        0.006         0.955        -0.035         0.954         0.022


           Correlations
              WORKMEM_      ATTN          ATTN_SE
              ________      ________      ________
 WORKMEM_       1.000
 ATTN           0.010         1.000
 ATTN_SE        0.968         0.021         1.000


PLOT INFORMATION

The following plots are available:

  Histograms (sample values, estimated factor scores)
  Scatterplots (sample values, estimated factor scores)
  Latent variable distribution plots

** No plots of individual estimated values are available due to computational
** errors in one or more groups.


     Beginning Time:  13:59:17
        Ending Time:  13:59:35
       Elapsed Time:  00:00:18



MUTHEN & MUTHEN
3463 Stoner Ave.
Los Angeles, CA  90066

Tel: (310) 391-9971
Fax: (310) 391-8971
Web: www.StatModel.com
Support: Support@StatModel.com

Copyright (c) 1998-2020 Muthen & Muthen
