Mplus VERSION 8.5
MUTHEN & MUTHEN
08/05/2021   2:21 PM

INPUT INSTRUCTIONS

  TITLE:
  CFA - ExecFun one factor
  DATA:
  FILE = "./mplus_models/compprof/cfa/ef_1cfaSDQ_31501327a5b8d3d39ed03b7a012ae36f.dat";

  VARIABLE:
  NAMES = f8age f10age wiscBwsp cntspan attnSel attnDiv attnOpp sdqHyp;
   MISSING=.;

  DEFINE:
  attnDiv = attnDiv*-1/20;
            attnOpp = attnOpp*-1/4; attnSel = attnSel*-1;
  ANALYSIS:
  estimator = mlr; type = general; starts = 20;
  MODEL:
   f8age; f10age;
              wiscBwsp attnSel attnDiv attnOpp on f8age;
              cntSpan on f10age;
              execfun by wiscBwsp cntSpan attnSel attnDiv attnOpp sdqHyp;
  OUTPUT:
  TECH1; TECH4; stdyx; modindices;

*** ERROR
    ATTNDIV*-1/20
               ^
               ERROR
*** ERROR
    ATTNOPP*-1/4
               ^
               ERROR
*** ERROR
    ATTNSEL*-1
               ^
               ERROR
*** ERROR
    ATTNDIV*-1/20
               ^
               ERROR


MUTHEN & MUTHEN
3463 Stoner Ave.
Los Angeles, CA  90066

Tel: (310) 391-9971
Fax: (310) 391-8971
Web: www.StatModel.com
Support: Support@StatModel.com

Copyright (c) 1998-2020 Muthen & Muthen
