Mplus VERSION 8.5
MUTHEN & MUTHEN
08/05/2021   2:27 PM

INPUT INSTRUCTIONS

  TITLE:
  CFA - ExecFun one factor
  DATA:
  FILE = "./mplus_models/compprof/cfa/ef_1cfa_neg_36f8581a64af1091a8661bfd76b67164.dat";

  VARIABLE:
  NAMES = f8age f10age wiscBwsp cntspan attnSel1 attnDiv1 attnOpp1;
   MISSING=.;

  DEFINE:
  attnDiv1 = attnDiv1/20;
            attnOpp1 = attnOpp1/4;
  ANALYSIS:
  estimator = mlr; type = general; starts = 20;
  MODEL:
   f8age; f10age;
              wiscBwsp attnSel1 attnDiv1 attnOpp1 on f8age;
              cntSpan on f10age;
              execfun by wiscBwsp cntSpan attnSel1 attnDiv1 attnOpp1
  OUTPUT:
  TECH1; TECH4; stdyx; modindices;



*** WARNING
  Data set contains cases with missing on all variables.
  These cases were not included in the analysis.
  Number of cases with missing on all variables:  5
   1 WARNING(S) FOUND IN THE INPUT INSTRUCTIONS




CFA - ExecFun one factor

SUMMARY OF ANALYSIS

Number of groups                                                 1
Number of observations                                         243

Number of dependent variables                                    5
Number of independent variables                                  2
Number of continuous latent variables                            1

Observed dependent variables

  Continuous
   WISCBWSP    CNTSPAN     ATTNSEL1    ATTNDIV1    ATTNOPP1

Observed independent variables
   F8AGE       F10AGE

Continuous latent variables
   EXECFUN


Estimator                                                      MLR
Information matrix                                        OBSERVED
Maximum number of iterations                                  1000
Convergence criterion                                    0.500D-04
Maximum number of steepest descent iterations                   20
Maximum number of iterations for H1                           2000
Convergence criterion for H1                             0.100D-03
Random Starts Specifications
  Number of random starts                                       20
  Random starts scale                                    0.500D+01

Input data file(s)
  ./mplus_models/compprof/cfa/ef_1cfa_neg_36f8581a64af1091a8661bfd76b67164.dat

Input data format  FREE


SUMMARY OF DATA

     Number of missing data patterns            18


COVARIANCE COVERAGE OF DATA

Minimum covariance coverage value   0.100


     PROPORTION OF DATA PRESENT


           Covariance Coverage
              WISCBWSP      CNTSPAN       ATTNSEL1      ATTNDIV1      ATTNOPP1
              ________      ________      ________      ________      ________
 WISCBWSP       0.790
 CNTSPAN        0.687         0.872
 ATTNSEL1       0.774         0.687         0.794
 ATTNDIV1       0.737         0.658         0.749         0.753
 ATTNOPP1       0.770         0.683         0.786         0.745         0.794
 F8AGE          0.790         0.704         0.794         0.753         0.794
 F10AGE         0.716         0.872         0.716         0.679         0.712


           Covariance Coverage
              F8AGE         F10AGE
              ________      ________
 F8AGE          0.823
 F10AGE         0.741         0.918



UNIVARIATE SAMPLE STATISTICS


     UNIVARIATE HIGHER-ORDER MOMENT DESCRIPTIVE STATISTICS

         Variable/         Mean/     Skewness/   Minimum/ % with                Percentiles
        Sample Size      Variance    Kurtosis    Maximum  Min/Max      20%/60%    40%/80%    Median

     WISCBWSP              3.208       0.898       1.000    1.04%       3.000      3.000      3.000
             192.000       0.582       3.695       7.000    0.52%       3.000      4.000
     CNTSPAN               3.083      -0.404       0.500    3.30%       2.500      3.000      3.000
             212.000       0.733       1.281       5.000    3.77%       3.500      3.500
     ATTNSEL1             -5.819      -3.824     -27.900    0.52%      -6.800     -5.828     -5.316
             193.000       8.292      22.909       0.000    0.52%      -4.950     -4.197
     ATTNDIV1             -0.358      -5.688      -7.506    0.55%      -0.467     -0.213     -0.147
             183.000       0.608      42.130       0.184    0.55%      -0.097     -0.012
     ATTNOPP1              1.322       4.445      -0.500    0.52%       0.625      1.000      1.125
             193.000       1.270      32.683      11.375    0.52%       1.250      1.750
     F8AGE               103.565       2.190      99.000    2.50%     102.000    102.000    103.000
             200.000      10.286       5.717     117.000    1.50%     103.000    105.000
     F10AGE              127.448       1.799     120.000    0.45%     125.000    126.000    127.000
             223.000      10.274       4.244     142.000    0.45%     127.000    129.000


RANDOM STARTS RESULTS RANKED FROM THE BEST TO THE WORST FIT FUNCTION VALUES

Fit function values at local maxima and random start numbers:

             13.6513         18
             13.6513         11
             13.6513         6
             13.6513         7
             13.6513         4
             13.6513         14
             13.6513         19
             13.6513         15
             13.6513         3
             13.6513         8
             13.6513         17
             13.6513         unperturbed
             13.6513         1
             13.6513         13
             13.6513         10
             13.6513         12
             13.6513         2
             13.6513         16
             13.6513         9
             13.6513         5
             13.6513         20



MODEL FIT INFORMATION

Number of Free Parameters                       27

Loglikelihood

          H0 Value                       -2528.814
          H0 Scaling Correction Factor      3.2177
            for MLR
          H1 Value                       -2521.988
          H1 Scaling Correction Factor      2.6369
            for MLR

Information Criteria

          Akaike (AIC)                    5111.628
          Bayesian (BIC)                  5205.940
          Sample-Size Adjusted BIC        5120.354
            (n* = (n + 2) / 24)

Chi-Square Test of Model Fit

          Value                             20.175*
          Degrees of Freedom                     8
          P-Value                           0.0097
          Scaling Correction Factor         0.6767
            for MLR

*   The chi-square value for MLM, MLMV, MLR, ULSMV, WLSM and WLSMV cannot be used
    for chi-square difference testing in the regular way.  MLM, MLR and WLSM
    chi-square difference testing is described on the Mplus website.  MLMV, WLSMV,
    and ULSMV difference testing is done using the DIFFTEST option.

RMSEA (Root Mean Square Error Of Approximation)

          Estimate                           0.079
          90 Percent C.I.                    0.036  0.123
          Probability RMSEA <= .05           0.116

CFI/TLI

          CFI                                0.830
          TLI                                0.575

Chi-Square Test of Model Fit for the Baseline Model

          Value                             91.634
          Degrees of Freedom                    20
          P-Value                           0.0000

SRMR (Standardized Root Mean Square Residual)

          Value                              0.061



MODEL RESULTS

                                                    Two-Tailed
                    Estimate       S.E.  Est./S.E.    P-Value

 EXECFUN  BY
    WISCBWSP           1.000      0.000    999.000    999.000
    CNTSPAN            1.985      1.064      1.865      0.062
    ATTNSEL1          17.402     11.813      1.473      0.141
    ATTNDIV1           2.125      1.562      1.360      0.174
    ATTNOPP1          -4.110      3.466     -1.186      0.236

 WISCBWSP ON
    F8AGE              0.033      0.018      1.796      0.072

 ATTNSEL1 ON
    F8AGE              0.125      0.153      0.817      0.414

 ATTNDIV1 ON
    F8AGE              0.007      0.024      0.292      0.771

 ATTNOPP1 ON
    F8AGE             -0.026      0.040     -0.659      0.510

 CNTSPAN  ON
    F10AGE             0.035      0.018      1.950      0.051

 F8AGE    WITH
    EXECFUN           -0.032      0.096     -0.336      0.737

 F10AGE   WITH
    EXECFUN           -0.115      0.073     -1.561      0.118

 F10AGE   WITH
    F8AGE              0.391      0.936      0.418      0.676

 Means
    F8AGE            103.572      0.228    453.982      0.000
    F10AGE           127.484      0.219    582.208      0.000

 Intercepts
    WISCBWSP          -0.200      1.894     -0.106      0.916
    CNTSPAN           -1.419      2.313     -0.614      0.540
    ATTNSEL1         -18.783     15.863     -1.184      0.236
    ATTNDIV1          -1.092      2.466     -0.443      0.658
    ATTNOPP1           4.047      4.133      0.979      0.328

 Variances
    F8AGE             10.289      2.018      5.098      0.000
    F10AGE            10.329      1.739      5.940      0.000
    EXECFUN            0.020      0.020      1.028      0.304

 Residual Variances
    WISCBWSP           0.552      0.094      5.851      0.000
    CNTSPAN            0.660      0.089      7.382      0.000
    ATTNSEL1           2.196      1.684      1.304      0.192
    ATTNDIV1           0.545      0.285      1.908      0.056
    ATTNOPP1           0.930      0.225      4.135      0.000


STANDARDIZED MODEL RESULTS


STDYX Standardization

                                                    Two-Tailed
                    Estimate       S.E.  Est./S.E.    P-Value

 EXECFUN  BY
    WISCBWSP           0.187      0.086      2.179      0.029
    CNTSPAN            0.330      0.097      3.386      0.001
    ATTNSEL1           0.857      0.130      6.619      0.000
    ATTNDIV1           0.380      0.201      1.891      0.059
    ATTNOPP1          -0.519      0.215     -2.417      0.016

 WISCBWSP ON
    F8AGE              0.138      0.080      1.728      0.084

 ATTNSEL1 ON
    F8AGE              0.139      0.167      0.830      0.406

 ATTNDIV1 ON
    F8AGE              0.028      0.093      0.298      0.766

 ATTNOPP1 ON
    F8AGE             -0.075      0.113     -0.658      0.510

 CNTSPAN  ON
    F10AGE             0.132      0.065      2.019      0.043

 F8AGE    WITH
    EXECFUN           -0.071      0.207     -0.342      0.732

 F10AGE   WITH
    EXECFUN           -0.250      0.100     -2.515      0.012

 F10AGE   WITH
    F8AGE              0.038      0.091      0.416      0.677

 Means
    F8AGE             32.289      3.112     10.376      0.000
    F10AGE            39.666      3.289     12.058      0.000

 Intercepts
    WISCBWSP          -0.263      2.484     -0.106      0.916
    CNTSPAN           -1.654      2.663     -0.621      0.535
    ATTNSEL1          -6.494      5.510     -1.179      0.239
    ATTNDIV1          -1.370      3.015     -0.454      0.650
    ATTNOPP1           3.587      3.708      0.967      0.333

 Variances
    F8AGE              1.000      0.000    999.000    999.000
    F10AGE             1.000      0.000    999.000    999.000
    EXECFUN            1.000      0.000    999.000    999.000

 Residual Variances
    WISCBWSP           0.950      0.035     27.067      0.000
    CNTSPAN            0.896      0.060     14.889      0.000
    ATTNSEL1           0.263      0.220      1.194      0.233
    ATTNDIV1           0.857      0.151      5.669      0.000
    ATTNOPP1           0.730      0.219      3.335      0.001


R-SQUARE

    Observed                                        Two-Tailed
    Variable        Estimate       S.E.  Est./S.E.    P-Value

    WISCBWSP           0.050      0.035      1.438      0.151
    CNTSPAN            0.104      0.060      1.733      0.083
    ATTNSEL1           0.737      0.220      3.354      0.001
    ATTNDIV1           0.143      0.151      0.949      0.342
    ATTNOPP1           0.270      0.219      1.231      0.218


QUALITY OF NUMERICAL RESULTS

     Condition Number for the Information Matrix              0.114E-07
       (ratio of smallest to largest eigenvalue)


MODEL MODIFICATION INDICES

NOTE:  Modification indices for direct effects of observed dependent variables
regressed on covariates may not be included.  To include these, request
MODINDICES (ALL).

Minimum M.I. value for printing the modification index    10.000

                                   M.I.     E.P.C.  Std E.P.C.  StdYX E.P.C.

No modification indices above the minimum value.



TECHNICAL 1 OUTPUT


     PARAMETER SPECIFICATION


           NU
              WISCBWSP      CNTSPAN       ATTNSEL1      ATTNDIV1      ATTNOPP1
              ________      ________      ________      ________      ________
                  0             0             0             0             0


           NU
              F8AGE         F10AGE
              ________      ________
                  0             0


           LAMBDA
              EXECFUN       WISCBWSP      CNTSPAN       ATTNSEL1      ATTNDIV1
              ________      ________      ________      ________      ________
 WISCBWSP           0             0             0             0             0
 CNTSPAN            0             0             0             0             0
 ATTNSEL1           0             0             0             0             0
 ATTNDIV1           0             0             0             0             0
 ATTNOPP1           0             0             0             0             0
 F8AGE              0             0             0             0             0
 F10AGE             0             0             0             0             0


           LAMBDA
              ATTNOPP1      F8AGE         F10AGE
              ________      ________      ________
 WISCBWSP           0             0             0
 CNTSPAN            0             0             0
 ATTNSEL1           0             0             0
 ATTNDIV1           0             0             0
 ATTNOPP1           0             0             0
 F8AGE              0             0             0
 F10AGE             0             0             0


           THETA
              WISCBWSP      CNTSPAN       ATTNSEL1      ATTNDIV1      ATTNOPP1
              ________      ________      ________      ________      ________
 WISCBWSP           0
 CNTSPAN            0             0
 ATTNSEL1           0             0             0
 ATTNDIV1           0             0             0             0
 ATTNOPP1           0             0             0             0             0
 F8AGE              0             0             0             0             0
 F10AGE             0             0             0             0             0


           THETA
              F8AGE         F10AGE
              ________      ________
 F8AGE              0
 F10AGE             0             0


           ALPHA
              EXECFUN       WISCBWSP      CNTSPAN       ATTNSEL1      ATTNDIV1
              ________      ________      ________      ________      ________
                  0             1             2             3             4


           ALPHA
              ATTNOPP1      F8AGE         F10AGE
              ________      ________      ________
                  5             6             7


           BETA
              EXECFUN       WISCBWSP      CNTSPAN       ATTNSEL1      ATTNDIV1
              ________      ________      ________      ________      ________
 EXECFUN            0             0             0             0             0
 WISCBWSP           0             0             0             0             0
 CNTSPAN            9             0             0             0             0
 ATTNSEL1          11             0             0             0             0
 ATTNDIV1          13             0             0             0             0
 ATTNOPP1          15             0             0             0             0
 F8AGE              0             0             0             0             0
 F10AGE             0             0             0             0             0


           BETA
              ATTNOPP1      F8AGE         F10AGE
              ________      ________      ________
 EXECFUN            0             0             0
 WISCBWSP           0             8             0
 CNTSPAN            0             0            10
 ATTNSEL1           0            12             0
 ATTNDIV1           0            14             0
 ATTNOPP1           0            16             0
 F8AGE              0             0             0
 F10AGE             0             0             0


           PSI
              EXECFUN       WISCBWSP      CNTSPAN       ATTNSEL1      ATTNDIV1
              ________      ________      ________      ________      ________
 EXECFUN           17
 WISCBWSP           0            18
 CNTSPAN            0             0            19
 ATTNSEL1           0             0             0            20
 ATTNDIV1           0             0             0             0            21
 ATTNOPP1           0             0             0             0             0
 F8AGE             23             0             0             0             0
 F10AGE            25             0             0             0             0


           PSI
              ATTNOPP1      F8AGE         F10AGE
              ________      ________      ________
 ATTNOPP1          22
 F8AGE              0            24
 F10AGE             0            26            27


     STARTING VALUES


           NU
              WISCBWSP      CNTSPAN       ATTNSEL1      ATTNDIV1      ATTNOPP1
              ________      ________      ________      ________      ________
                0.000         0.000         0.000         0.000         0.000


           NU
              F8AGE         F10AGE
              ________      ________
                0.000         0.000


           LAMBDA
              EXECFUN       WISCBWSP      CNTSPAN       ATTNSEL1      ATTNDIV1
              ________      ________      ________      ________      ________
 WISCBWSP       0.000         1.000         0.000         0.000         0.000
 CNTSPAN        0.000         0.000         1.000         0.000         0.000
 ATTNSEL1       0.000         0.000         0.000         1.000         0.000
 ATTNDIV1       0.000         0.000         0.000         0.000         1.000
 ATTNOPP1       0.000         0.000         0.000         0.000         0.000
 F8AGE          0.000         0.000         0.000         0.000         0.000
 F10AGE         0.000         0.000         0.000         0.000         0.000


           LAMBDA
              ATTNOPP1      F8AGE         F10AGE
              ________      ________      ________
 WISCBWSP       0.000         0.000         0.000
 CNTSPAN        0.000         0.000         0.000
 ATTNSEL1       0.000         0.000         0.000
 ATTNDIV1       0.000         0.000         0.000
 ATTNOPP1       1.000         0.000         0.000
 F8AGE          0.000         1.000         0.000
 F10AGE         0.000         0.000         1.000


           THETA
              WISCBWSP      CNTSPAN       ATTNSEL1      ATTNDIV1      ATTNOPP1
              ________      ________      ________      ________      ________
 WISCBWSP       0.000
 CNTSPAN        0.000         0.000
 ATTNSEL1       0.000         0.000         0.000
 ATTNDIV1       0.000         0.000         0.000         0.000
 ATTNOPP1       0.000         0.000         0.000         0.000         0.000
 F8AGE          0.000         0.000         0.000         0.000         0.000
 F10AGE         0.000         0.000         0.000         0.000         0.000


           THETA
              F8AGE         F10AGE
              ________      ________
 F8AGE          0.000
 F10AGE         0.000         0.000


           ALPHA
              EXECFUN       WISCBWSP      CNTSPAN       ATTNSEL1      ATTNDIV1
              ________      ________      ________      ________      ________
                0.000         3.208         3.083        -5.819        -0.358


           ALPHA
              ATTNOPP1      F8AGE         F10AGE
              ________      ________      ________
                1.322       103.565       127.448


           BETA
              EXECFUN       WISCBWSP      CNTSPAN       ATTNSEL1      ATTNDIV1
              ________      ________      ________      ________      ________
 EXECFUN        0.000         0.000         0.000         0.000         0.000
 WISCBWSP       1.000         0.000         0.000         0.000         0.000
 CNTSPAN        1.625         0.000         0.000         0.000         0.000
 ATTNSEL1       6.957         0.000         0.000         0.000         0.000
 ATTNDIV1       1.063         0.000         0.000         0.000         0.000
 ATTNOPP1      -2.412         0.000         0.000         0.000         0.000
 F8AGE          0.000         0.000         0.000         0.000         0.000
 F10AGE         0.000         0.000         0.000         0.000         0.000


           BETA
              ATTNOPP1      F8AGE         F10AGE
              ________      ________      ________
 EXECFUN        0.000         0.000         0.000
 WISCBWSP       0.000         0.000         0.000
 CNTSPAN        0.000         0.000         0.000
 ATTNSEL1       0.000         0.000         0.000
 ATTNDIV1       0.000         0.000         0.000
 ATTNOPP1       0.000         0.000         0.000
 F8AGE          0.000         0.000         0.000
 F10AGE         0.000         0.000         0.000


           PSI
              EXECFUN       WISCBWSP      CNTSPAN       ATTNSEL1      ATTNDIV1
              ________      ________      ________      ________      ________
 EXECFUN        0.050
 WISCBWSP       0.000         0.291
 CNTSPAN        0.000         0.000         0.366
 ATTNSEL1       0.000         0.000         0.000         4.146
 ATTNDIV1       0.000         0.000         0.000         0.000         0.304
 ATTNOPP1       0.000         0.000         0.000         0.000         0.000
 F8AGE          0.000         0.000         0.000         0.000         0.000
 F10AGE         0.000         0.000         0.000         0.000         0.000


           PSI
              ATTNOPP1      F8AGE         F10AGE
              ________      ________      ________
 ATTNOPP1       0.635
 F8AGE          0.000         5.143
 F10AGE         0.000         0.000         5.137


TECHNICAL 4 OUTPUT


     ESTIMATES DERIVED FROM THE MODEL


           ESTIMATED MEANS FOR THE LATENT VARIABLES
              EXECFUN       WISCBWSP      CNTSPAN       ATTNSEL1      ATTNDIV1
              ________      ________      ________      ________      ________
                0.000         3.207         3.072        -5.840        -0.379


           ESTIMATED MEANS FOR THE LATENT VARIABLES
              ATTNOPP1      F8AGE         F10AGE
              ________      ________      ________
                1.326       103.572       127.484


           S.E. FOR ESTIMATED MEANS FOR THE LATENT VARIABLES
              EXECFUN       WISCBWSP      CNTSPAN       ATTNSEL1      ATTNDIV1
              ________      ________      ________      ________      ________
                0.000         0.055         0.059         0.203         0.063


           S.E. FOR ESTIMATED MEANS FOR THE LATENT VARIABLES
              ATTNOPP1      F8AGE         F10AGE
              ________      ________      ________
                0.081         0.228         0.219


           EST./S.E. FOR ESTIMATED MEANS FOR THE LATENT VARIABLES
              EXECFUN       WISCBWSP      CNTSPAN       ATTNSEL1      ATTNDIV1
              ________      ________      ________      ________      ________
                0.000        58.664        52.196       -28.782        -6.020


           EST./S.E. FOR ESTIMATED MEANS FOR THE LATENT VARIABLES
              ATTNOPP1      F8AGE         F10AGE
              ________      ________      ________
               16.333       453.982       582.208


           TWO-TAILED P-VALUE FOR ESTIMATED MEANS FOR THE LATENT VARIABLES
              EXECFUN       WISCBWSP      CNTSPAN       ATTNSEL1      ATTNDIV1
              ________      ________      ________      ________      ________
                1.000         0.000         0.000         0.000         0.000


           TWO-TAILED P-VALUE FOR ESTIMATED MEANS FOR THE LATENT VARIABLES
              ATTNOPP1      F8AGE         F10AGE
              ________      ________      ________
                0.000         0.000         0.000


           ESTIMATED COVARIANCE MATRIX FOR THE LATENT VARIABLES
              EXECFUN       WISCBWSP      CNTSPAN       ATTNSEL1      ATTNDIV1
              ________      ________      ________      ________      ________
 EXECFUN        0.020
 WISCBWSP       0.019         0.581
 CNTSPAN        0.036         0.035         0.737
 ATTNSEL1       0.349         0.373         0.625         8.365
 ATTNDIV1       0.043         0.043         0.077         0.747         0.636
 ATTNOPP1      -0.083        -0.087        -0.148        -1.455        -0.176
 F8AGE         -0.032         0.306        -0.050         0.723         0.002
 F10AGE        -0.115        -0.102         0.136        -1.946        -0.241


           ESTIMATED COVARIANCE MATRIX FOR THE LATENT VARIABLES
              ATTNOPP1      F8AGE         F10AGE
              ________      ________      ________
 ATTNOPP1       1.273
 F8AGE         -0.137        10.289
 F10AGE         0.461         0.391        10.329


           S.E. FOR ESTIMATED COVARIANCE MATRIX FOR THE LATENT VARIABLES
              EXECFUN       WISCBWSP      CNTSPAN       ATTNSEL1      ATTNDIV1
              ________      ________      ________      ________      ________
 EXECFUN        0.020
 WISCBWSP       0.019         0.100
 CNTSPAN        0.023         0.023         0.091
 ATTNSEL1       0.142         0.140         0.323         2.976
 ATTNDIV1       0.033         0.033         0.050         0.500         0.309
 ATTNOPP1       0.058         0.055         0.129         1.159         0.170
 F8AGE          0.096         0.214         0.173         0.517         0.131
 F10AGE         0.073         0.077         0.182         0.964         0.102


           S.E. FOR ESTIMATED COVARIANCE MATRIX FOR THE LATENT VARIABLES
              ATTNOPP1      F8AGE         F10AGE
              ________      ________      ________
 ATTNOPP1       0.539
 F8AGE          0.206         2.018
 F10AGE         0.246         0.936         1.739


           EST./S.E. FOR ESTIMATED COVARIANCE MATRIX FOR THE LATENT VARIABLES
              EXECFUN       WISCBWSP      CNTSPAN       ATTNSEL1      ATTNDIV1
              ________      ________      ________      ________      ________
 EXECFUN        1.028
 WISCBWSP       0.995         5.805
 CNTSPAN        1.593         1.510         8.107
 ATTNSEL1       2.464         2.661         1.937         2.811
 ATTNDIV1       1.313         1.305         1.542         1.496         2.059
 ATTNOPP1      -1.429        -1.587        -1.142        -1.255        -1.039
 F8AGE         -0.336         1.431        -0.292         1.398         0.017
 F10AGE        -1.561        -1.322         0.750        -2.019        -2.366


           EST./S.E. FOR ESTIMATED COVARIANCE MATRIX FOR THE LATENT VARIABLES
              ATTNOPP1      F8AGE         F10AGE
              ________      ________      ________
 ATTNOPP1       2.360
 F8AGE         -0.667         5.098
 F10AGE         1.876         0.418         5.940


           TWO-TAILED P-VALUE FOR ESTIMATED COVARIANCE MATRIX FOR THE LATENT VARIABLES
              EXECFUN       WISCBWSP      CNTSPAN       ATTNSEL1      ATTNDIV1
              ________      ________      ________      ________      ________
 EXECFUN        0.304
 WISCBWSP       0.320         0.000
 CNTSPAN        0.111         0.131         0.000
 ATTNSEL1       0.014         0.008         0.053         0.005
 ATTNDIV1       0.189         0.192         0.123         0.135         0.039
 ATTNOPP1       0.153         0.113         0.253         0.209         0.299
 F8AGE          0.737         0.152         0.771         0.162         0.987
 F10AGE         0.118         0.186         0.454         0.044         0.018


           TWO-TAILED P-VALUE FOR ESTIMATED COVARIANCE MATRIX FOR THE LATENT VARIABLES
              ATTNOPP1      F8AGE         F10AGE
              ________      ________      ________
 ATTNOPP1       0.018
 F8AGE          0.505         0.000
 F10AGE         0.061         0.676         0.000


           ESTIMATED CORRELATION MATRIX FOR THE LATENT VARIABLES
              EXECFUN       WISCBWSP      CNTSPAN       ATTNSEL1      ATTNDIV1
              ________      ________      ________      ________      ________
 EXECFUN        1.000
 WISCBWSP       0.177         1.000
 CNTSPAN        0.297         0.053         1.000
 ATTNSEL1       0.848         0.169         0.252         1.000
 ATTNDIV1       0.378         0.071         0.112         0.324         1.000
 ATTNOPP1      -0.514        -0.101        -0.153        -0.446        -0.196
 F8AGE         -0.071         0.125        -0.018         0.078         0.001
 F10AGE        -0.250        -0.042         0.049        -0.209        -0.094


           ESTIMATED CORRELATION MATRIX FOR THE LATENT VARIABLES
              ATTNOPP1      F8AGE         F10AGE
              ________      ________      ________
 ATTNOPP1       1.000
 F8AGE         -0.038         1.000
 F10AGE         0.127         0.038         1.000


           S.E. FOR ESTIMATED CORRELATION MATRIX FOR THE LATENT VARIABLES
              EXECFUN       WISCBWSP      CNTSPAN       ATTNSEL1      ATTNDIV1
              ________      ________      ________      ________      ________
 EXECFUN        0.000
 WISCBWSP       0.089         0.000
 CNTSPAN        0.097         0.034         0.000
 ATTNSEL1       0.134         0.060         0.092         0.000
 ATTNDIV1       0.198         0.049         0.067         0.177         0.000
 ATTNOPP1       0.215         0.052         0.104         0.200         0.151
 F8AGE          0.207         0.083         0.063         0.056         0.051
 F10AGE         0.100         0.030         0.065         0.097         0.038


           S.E. FOR ESTIMATED CORRELATION MATRIX FOR THE LATENT VARIABLES
              ATTNOPP1      F8AGE         F10AGE
              ________      ________      ________
 ATTNOPP1       0.000
 F8AGE          0.059         0.000
 F10AGE         0.048         0.091         0.000


           EST./S.E. FOR ESTIMATED CORRELATION MATRIX FOR THE LATENT VARIABLES
              EXECFUN       WISCBWSP      CNTSPAN       ATTNSEL1      ATTNDIV1
              ________      ________      ________      ________      ________
 EXECFUN      999.000
 WISCBWSP       1.983       999.000
 CNTSPAN        3.071         1.571       999.000
 ATTNSEL1       6.348         2.843         2.750       999.000
 ATTNDIV1       1.909         1.435         1.668         1.832       999.000
 ATTNOPP1      -2.387        -1.934        -1.465        -2.231        -1.297
 F8AGE         -0.342         1.510        -0.291         1.398         0.017
 F10AGE        -2.515        -1.376         0.759        -2.167        -2.444


           EST./S.E. FOR ESTIMATED CORRELATION MATRIX FOR THE LATENT VARIABLES
              ATTNOPP1      F8AGE         F10AGE
              ________      ________      ________
 ATTNOPP1     999.000
 F8AGE         -0.641       999.000
 F10AGE         2.645         0.416       999.000


           TWO-TAILED P-VALUE FOR ESTIMATED CORRELATION MATRIX FOR THE LATENT VARIABLES
              EXECFUN       WISCBWSP      CNTSPAN       ATTNSEL1      ATTNDIV1
              ________      ________      ________      ________      ________
 EXECFUN        0.000
 WISCBWSP       0.047         0.000
 CNTSPAN        0.002         0.116         0.000
 ATTNSEL1       0.000         0.004         0.006         0.000
 ATTNDIV1       0.056         0.151         0.095         0.067         0.000
 ATTNOPP1       0.017         0.053         0.143         0.026         0.195
 F8AGE          0.732         0.131         0.771         0.162         0.987
 F10AGE         0.012         0.169         0.448         0.030         0.015


           TWO-TAILED P-VALUE FOR ESTIMATED CORRELATION MATRIX FOR THE LATENT VARIABLES
              ATTNOPP1      F8AGE         F10AGE
              ________      ________      ________
 ATTNOPP1       0.000
 F8AGE          0.522         0.000
 F10AGE         0.008         0.677         0.000


     Beginning Time:  14:27:19
        Ending Time:  14:27:19
       Elapsed Time:  00:00:00



MUTHEN & MUTHEN
3463 Stoner Ave.
Los Angeles, CA  90066

Tel: (310) 391-9971
Fax: (310) 391-8971
Web: www.StatModel.com
Support: Support@StatModel.com

Copyright (c) 1998-2020 Muthen & Muthen
