Mplus VERSION 8.5
MUTHEN & MUTHEN
08/06/2021   2:34 PM

INPUT INSTRUCTIONS

  TITLE:
  CFA - ExecFun one factor
  DATA:
  FILE = "./mplus_models/compprof/cfa/ef_2cfa_37008ef94ccf02c67a37d15f0d91b770.dat";

  VARIABLE:
  NAMES = f8age f10age wiscBwsp cntspan attnSel attnDiv attnOpp;
   MISSING=.;

  DEFINE:
  attnDiv = attnDiv/20;
            attnOpp = attnOpp/4;
  ANALYSIS:
  estimator = mlr; type = general; starts = 20; distribution = skewt;
  MODEL:
   f8age; f10age;
              wiscBwsp attnSel attnDiv attnOpp on f8age;
              cntSpan on f10age;
              execfun by wiscBwsp cntSpan attnSel attnDiv attnOpp
  OUTPUT:
  TECH1; TECH4; stdyx; modindices;



*** WARNING in OUTPUT command
  MODINDICES option is not available for analysis with the DISTRIBUTION option
  in the ANALYSIS command.  Request for MODINDICES is ignored.
*** WARNING
  Data set contains cases with missing on all variables.
  These cases were not included in the analysis.
  Number of cases with missing on all variables:  5
   2 WARNING(S) FOUND IN THE INPUT INSTRUCTIONS




CFA - ExecFun one factor

SUMMARY OF ANALYSIS

Number of groups                                                 1
Number of observations                                         243

Number of dependent variables                                    5
Number of independent variables                                  2
Number of continuous latent variables                            1

Observed dependent variables

  Continuous
   WISCBWSP    CNTSPAN     ATTNSEL     ATTNDIV     ATTNOPP

Observed independent variables
   F8AGE       F10AGE

Continuous latent variables
   EXECFUN


Estimator                                                      MLR
Information matrix                                        OBSERVED
Optimization Specifications for the Quasi-Newton Algorithm for
Continuous Outcomes
  Maximum number of iterations                                 100
  Convergence criterion                                  0.100D-03
Optimization Specifications for the EM Algorithm
  Maximum number of iterations                                 500
  Convergence criteria
    Loglikelihood change                                 0.100D-02
    Relative loglikelihood change                        0.100D-05
    Derivative                                           0.100D-03
Optimization Specifications for the M step of the EM Algorithm for
Categorical Latent variables
  Number of M step iterations                                    1
  M step convergence criterion                           0.100D-03
  Basis for M step termination                           ITERATION
Optimization Specifications for the M step of the EM Algorithm for
Censored, Binary or Ordered Categorical (Ordinal), Unordered
Categorical (Nominal) and Count Outcomes
  Number of M step iterations                                    1
  M step convergence criterion                           0.100D-03
  Basis for M step termination                           ITERATION
  Maximum value for logit thresholds                            15
  Minimum value for logit thresholds                           -15
  Minimum expected cell size for chi-square              0.100D-01
Maximum number of iterations for H1                           2000
Convergence criterion for H1                             0.100D-03
Optimization algorithm                                         EMA
Random Starts Specifications
  Number of random starts                                       20
  Random starts scale                                    0.500D+01
Distribution Specifications
  Distribution                                               SKEWT

Input data file(s)
  ./mplus_models/compprof/cfa/ef_2cfa_37008ef94ccf02c67a37d15f0d91b770.dat
Input data format  FREE


SUMMARY OF DATA

     Number of missing data patterns            18


COVARIANCE COVERAGE OF DATA

Minimum covariance coverage value   0.100


     PROPORTION OF DATA PRESENT FOR Y


           Covariance Coverage
              WISCBWSP      CNTSPAN       ATTNSEL       ATTNDIV       ATTNOPP
              ________      ________      ________      ________      ________
 WISCBWSP       0.790
 CNTSPAN        0.687         0.872
 ATTNSEL        0.774         0.687         0.794
 ATTNDIV        0.737         0.658         0.749         0.753
 ATTNOPP        0.770         0.683         0.786         0.745         0.794
 F8AGE          0.790         0.704         0.794         0.753         0.794
 F10AGE         0.716         0.872         0.716         0.679         0.712


           Covariance Coverage
              F8AGE         F10AGE
              ________      ________
 F8AGE          0.823
 F10AGE         0.741         0.918



UNIVARIATE SAMPLE STATISTICS


     UNIVARIATE HIGHER-ORDER MOMENT DESCRIPTIVE STATISTICS

         Variable/         Mean/     Skewness/   Minimum/ % with                Percentiles
        Sample Size      Variance    Kurtosis    Maximum  Min/Max      20%/60%    40%/80%    Median

     WISCBWSP              3.208       0.898       1.000    1.04%       3.000      3.000      3.000
             192.000       0.582       3.695       7.000    0.52%       3.000      4.000
     CNTSPAN               3.083      -0.404       0.500    3.30%       2.500      3.000      3.000
             212.000       0.733       1.281       5.000    3.77%       3.500      3.500
     ATTNSEL               5.819       3.824       0.000    0.52%       4.195      4.928      5.316
             193.000       8.292      22.909      27.900    0.52%       5.809      6.794
     ATTNDIV               0.358       5.688      -0.184    0.55%       0.010      0.085      0.147
             183.000       0.608      42.130       7.506    0.55%       0.208      0.457
     ATTNOPP               1.322       4.445      -0.500    0.52%       0.625      1.000      1.125
             193.000       1.270      32.683      11.375    0.52%       1.250      1.750
     F8AGE               103.565       2.190      99.000    2.50%     102.000    102.000    103.000
             200.000      10.286       5.717     117.000    1.50%     103.000    105.000
     F10AGE              127.448       1.799     120.000    0.45%     125.000    126.000    127.000
             223.000      10.274       4.244     142.000    0.45%     127.000    129.000

RANDOM STARTS RESULTS RANKED FROM THE BEST TO THE WORST LOGLIKELIHOOD VALUES

Final stage loglikelihood values at local maxima, seeds, and initial stage start numbers:

           -2228.937  127215           9
           -2228.937  851945           18
           -2228.937  285380           1
           -2229.038  608496           4
           -2229.043  650371           14
           -2235.009  533738           11
           -2235.009  76974            16
           -2235.009  68985            17
           -2235.009  573096           20
           -2235.009  399671           13
           -2235.009  unperturbed      0
           -2274.142  27071            15
           -2274.345  462953           7
           -2287.768  903420           5
           -2287.772  415931           10
           -2287.782  939021           8
           -2289.707  107446           12

3 perturbed starting value run(s) did not converge or were rejected in the third stage.


     ONE OR MORE PARAMETERS WERE FIXED TO AVOID SINGULARITY OF THE
     INFORMATION MATRIX. THE SINGULARITY IS MOST LIKELY BECAUSE THE
     MODEL IS NOT IDENTIFIED, OR BECAUSE OF EMPTY CELLS IN THE JOINT
     DISTRIBUTION OF THE CATEGORICAL VARIABLES IN THE MODEL.
     THE FOLLOWING PARAMETERS WERE FIXED:
     Parameter 17, EXECFUN
     Parameter 23, F8AGE WITH EXECFUN
     Parameter 25, F10AGE WITH EXECFUN

     THIS MAY ALSO BE DUE TO RESIDUAL VARIANCES CONVERGING TO 0.
     THESE RESIDUAL VARIANCES AND CORRESPONDING COVARIANCES ARE FIXED TO 0.


THE MODEL ESTIMATION TERMINATED NORMALLY



MODEL FIT INFORMATION

Number of Free Parameters                       29

Loglikelihood

          H0 Value                       -2228.937
          H0 Scaling Correction Factor      1.0410
            for MLR

Information Criteria

          Akaike (AIC)                    4515.874
          Bayesian (BIC)                  4617.172
          Sample-Size Adjusted BIC        4525.246
            (n* = (n + 2) / 24)



MODEL RESULTS

                                                    Two-Tailed
                    Estimate       S.E.  Est./S.E.    P-Value

 EXECFUN  BY
    WISCBWSP           1.000      0.000    999.000    999.000
    CNTSPAN            0.724      0.466      1.554      0.120
    ATTNSEL           -4.642      1.540     -3.014      0.003
    ATTNDIV           -3.254      0.915     -3.557      0.000
    ATTNOPP           -0.969      0.494     -1.959      0.050

 WISCBWSP   ON
    F8AGE              0.030      0.019      1.586      0.113

 ATTNSEL    ON
    F8AGE             -0.097      0.048     -2.011      0.044

 ATTNDIV    ON
    F8AGE             -0.004      0.003     -1.430      0.153

 ATTNOPP    ON
    F8AGE             -0.023      0.018     -1.251      0.211

 CNTSPAN    ON
    F10AGE             0.023      0.021      1.064      0.287

 F8AGE    WITH
    EXECFUN            0.000      0.000    999.000    999.000

 F10AGE   WITH
    EXECFUN            0.000      0.000    999.000    999.000

 F10AGE   WITH
    F8AGE              0.150      0.356      0.421      0.674

 Means
    F8AGE            103.056      0.167    616.117      0.000
    F10AGE           126.931      0.192    661.245      0.000

 Intercepts
    WISCBWSP           0.216      1.939      0.112      0.911
    CNTSPAN            0.298      2.731      0.109      0.913
    ATTNSEL           14.931      4.949      3.017      0.003
    ATTNDIV            0.344      0.308      1.118      0.263
    ATTNOPP            3.443      1.907      1.805      0.071

 Variances
    F8AGE              4.331      1.092      3.966      0.000
    F10AGE             5.322      0.915      5.817      0.000
    EXECFUN            0.000      0.000    999.000    999.000

 Residual Variances
    WISCBWSP           0.332      0.052      6.385      0.000
    CNTSPAN            0.515      0.062      8.248      0.000
    ATTNSEL            2.201      0.323      6.822      0.000
    ATTNDIV            0.001      0.001      0.633      0.527
    ATTNOPP            0.405      0.071      5.726      0.000

Skew and Df Parameters

    EXECFUN           -0.133      0.033     -3.988      0.000
    DF                 3.172      0.371      8.561      0.000


STANDARDIZED MODEL RESULTS

                      StdYX
                    Estimate

 EXECFUN  BY
    WISCBWSP           0.172
    CNTSPAN            0.101
    ATTNSEL           -0.300
    ATTNDIV           -0.997
    ATTNOPP           -0.152

 WISCBWSP   ON
    F8AGE              0.105

 ATTNSEL    ON
    F8AGE             -0.128

 ATTNDIV    ON
    F8AGE             -0.026

 ATTNOPP    ON
    F8AGE             -0.074

 CNTSPAN    ON
    F10AGE             0.072

 F8AGE    WITH
    EXECFUN            0.000

 F10AGE   WITH
    EXECFUN            0.000

 F10AGE   WITH
    F8AGE              0.031

 Means
    F8AGE             30.103
    F10AGE            33.447

 Intercepts
    WISCBWSP           0.224
    CNTSPAN            0.250
    ATTNSEL            5.784
    ATTNDIV            0.633
    ATTNOPP            3.241

 Variances
    F8AGE              0.370
    F10AGE             0.370
    EXECFUN            0.004

 Residual Variances
    WISCBWSP           0.354
    CNTSPAN            0.364
    ATTNSEL            0.330
    ATTNDIV            0.002
    ATTNOPP            0.359


R-SQUARE

    Observed
    Variable  Estimate

    WISCBWSP  0.041
    CNTSPAN   0.016
    ATTNSEL   0.106
    ATTNDIV   0.994
    ATTNOPP   0.029


QUALITY OF NUMERICAL RESULTS

     Condition Number for the Information Matrix              0.218E-07
       (ratio of smallest to largest eigenvalue)


TECHNICAL 1 OUTPUT


     PARAMETER SPECIFICATION


           NU
              WISCBWSP      CNTSPAN       ATTNSEL       ATTNDIV       ATTNOPP
              ________      ________      ________      ________      ________
                    0             0             0             0             0


           NU
              F8AGE         F10AGE
              ________      ________
                    0             0


           LAMBDA
              EXECFUN       WISCBWSP      CNTSPAN       ATTNSEL       ATTNDIV
              ________      ________      ________      ________      ________
 WISCBWSP           0             0             0             0             0
 CNTSPAN            0             0             0             0             0
 ATTNSEL            0             0             0             0             0
 ATTNDIV            0             0             0             0             0
 ATTNOPP            0             0             0             0             0
 F8AGE              0             0             0             0             0
 F10AGE             0             0             0             0             0


           LAMBDA
              ATTNOPP       F8AGE         F10AGE
              ________      ________      ________
 WISCBWSP           0             0             0
 CNTSPAN            0             0             0
 ATTNSEL            0             0             0
 ATTNDIV            0             0             0
 ATTNOPP            0             0             0
 F8AGE              0             0             0
 F10AGE             0             0             0


           THETA
              WISCBWSP      CNTSPAN       ATTNSEL       ATTNDIV       ATTNOPP
              ________      ________      ________      ________      ________
 WISCBWSP           0
 CNTSPAN            0             0
 ATTNSEL            0             0             0
 ATTNDIV            0             0             0             0
 ATTNOPP            0             0             0             0             0
 F8AGE              0             0             0             0             0
 F10AGE             0             0             0             0             0


           THETA
              F8AGE         F10AGE
              ________      ________
 F8AGE              0
 F10AGE             0             0


           ALPHA
              EXECFUN       WISCBWSP      CNTSPAN       ATTNSEL       ATTNDIV
              ________      ________      ________      ________      ________
                    0             1             2             3             4


           ALPHA
              ATTNOPP       F8AGE         F10AGE
              ________      ________      ________
                    5             6             7


           BETA
              EXECFUN       WISCBWSP      CNTSPAN       ATTNSEL       ATTNDIV
              ________      ________      ________      ________      ________
 EXECFUN            0             0             0             0             0
 WISCBWSP           0             0             0             0             0
 CNTSPAN            9             0             0             0             0
 ATTNSEL           11             0             0             0             0
 ATTNDIV           13             0             0             0             0
 ATTNOPP           15             0             0             0             0
 F8AGE              0             0             0             0             0
 F10AGE             0             0             0             0             0


           BETA
              ATTNOPP       F8AGE         F10AGE
              ________      ________      ________
 EXECFUN            0             0             0
 WISCBWSP           0             8             0
 CNTSPAN            0             0            10
 ATTNSEL            0            12             0
 ATTNDIV            0            14             0
 ATTNOPP            0            16             0
 F8AGE              0             0             0
 F10AGE             0             0             0


           PSI
              EXECFUN       WISCBWSP      CNTSPAN       ATTNSEL       ATTNDIV
              ________      ________      ________      ________      ________
 EXECFUN           17
 WISCBWSP           0            18
 CNTSPAN            0             0            19
 ATTNSEL            0             0             0            20
 ATTNDIV            0             0             0             0            21
 ATTNOPP            0             0             0             0             0
 F8AGE             23             0             0             0             0
 F10AGE            25             0             0             0             0


           PSI
              ATTNOPP       F8AGE         F10AGE
              ________      ________      ________
 ATTNOPP           22
 F8AGE              0            24
 F10AGE             0            26            27


     PARAMETER SPECIFICATION FOR THE SKEW AND DF PARAMETERS


           SKEW AND DF PARAMETERS
              WISCBWSP      CNTSPAN       ATTNSEL       ATTNDIV       ATTNOPP
              ________      ________      ________      ________      ________
                    0             0             0             0             0


           SKEW AND DF PARAMETERS
              F8AGE         F10AGE        EXECFUN       DF
              ________      ________      ________      ________
                    0             0            28            29


     STARTING VALUES


           NU
              WISCBWSP      CNTSPAN       ATTNSEL       ATTNDIV       ATTNOPP
              ________      ________      ________      ________      ________
                0.000         0.000         0.000         0.000         0.000


           NU
              F8AGE         F10AGE
              ________      ________
                0.000         0.000


           LAMBDA
              EXECFUN       WISCBWSP      CNTSPAN       ATTNSEL       ATTNDIV
              ________      ________      ________      ________      ________
 WISCBWSP       0.000         1.000         0.000         0.000         0.000
 CNTSPAN        0.000         0.000         1.000         0.000         0.000
 ATTNSEL        0.000         0.000         0.000         1.000         0.000
 ATTNDIV        0.000         0.000         0.000         0.000         1.000
 ATTNOPP        0.000         0.000         0.000         0.000         0.000
 F8AGE          0.000         0.000         0.000         0.000         0.000
 F10AGE         0.000         0.000         0.000         0.000         0.000


           LAMBDA
              ATTNOPP       F8AGE         F10AGE
              ________      ________      ________
 WISCBWSP       0.000         0.000         0.000
 CNTSPAN        0.000         0.000         0.000
 ATTNSEL        0.000         0.000         0.000
 ATTNDIV        0.000         0.000         0.000
 ATTNOPP        1.000         0.000         0.000
 F8AGE          0.000         1.000         0.000
 F10AGE         0.000         0.000         1.000


           THETA
              WISCBWSP      CNTSPAN       ATTNSEL       ATTNDIV       ATTNOPP
              ________      ________      ________      ________      ________
 WISCBWSP       0.000
 CNTSPAN        0.000         0.000
 ATTNSEL        0.000         0.000         0.000
 ATTNDIV        0.000         0.000         0.000         0.000
 ATTNOPP        0.000         0.000         0.000         0.000         0.000
 F8AGE          0.000         0.000         0.000         0.000         0.000
 F10AGE         0.000         0.000         0.000         0.000         0.000


           THETA
              F8AGE         F10AGE
              ________      ________
 F8AGE          0.000
 F10AGE         0.000         0.000


           ALPHA
              EXECFUN       WISCBWSP      CNTSPAN       ATTNSEL       ATTNDIV
              ________      ________      ________      ________      ________
                0.000         3.208         3.083         5.819         0.358


           ALPHA
              ATTNOPP       F8AGE         F10AGE
              ________      ________      ________
                1.322       103.565       127.448


           BETA
              EXECFUN       WISCBWSP      CNTSPAN       ATTNSEL       ATTNDIV
              ________      ________      ________      ________      ________
 EXECFUN        0.000         0.000         0.000         0.000         0.000
 WISCBWSP       1.000         0.000         0.000         0.000         0.000
 CNTSPAN        1.000         0.000         0.000         0.000         0.000
 ATTNSEL        1.000         0.000         0.000         0.000         0.000
 ATTNDIV        1.000         0.000         0.000         0.000         0.000
 ATTNOPP        1.000         0.000         0.000         0.000         0.000
 F8AGE          0.000         0.000         0.000         0.000         0.000
 F10AGE         0.000         0.000         0.000         0.000         0.000


           BETA
              ATTNOPP       F8AGE         F10AGE
              ________      ________      ________
 EXECFUN        0.000         0.000         0.000
 WISCBWSP       0.000         0.000         0.000
 CNTSPAN        0.000         0.000         0.000
 ATTNSEL        0.000         0.000         0.000
 ATTNDIV        0.000         0.000         0.000
 ATTNOPP        0.000         0.000         0.000
 F8AGE          0.000         0.000         0.000
 F10AGE         0.000         0.000         0.000


           PSI
              EXECFUN       WISCBWSP      CNTSPAN       ATTNSEL       ATTNDIV
              ________      ________      ________      ________      ________
 EXECFUN        0.050
 WISCBWSP       0.000         0.291
 CNTSPAN        0.000         0.000         0.366
 ATTNSEL        0.000         0.000         0.000         4.146
 ATTNDIV        0.000         0.000         0.000         0.000         0.304
 ATTNOPP        0.000         0.000         0.000         0.000         0.000
 F8AGE          0.000         0.000         0.000         0.000         0.000
 F10AGE         0.000         0.000         0.000         0.000         0.000


           PSI
              ATTNOPP       F8AGE         F10AGE
              ________      ________      ________
 ATTNOPP        0.635
 F8AGE          0.000         5.143
 F10AGE         0.000         0.000         5.137


     STARTING VALUES FOR THE SKEW AND DF PARAMETERS


           SKEW AND DF PARAMETERS
              WISCBWSP      CNTSPAN       ATTNSEL       ATTNDIV       ATTNOPP
              ________      ________      ________      ________      ________
                0.000         0.000         0.000         0.000         0.000


           SKEW AND DF PARAMETERS
              F8AGE         F10AGE        EXECFUN       DF
              ________      ________      ________      ________
                0.000         0.000         1.000         1.000


TECHNICAL 4 OUTPUT


     ESTIMATES DERIVED FROM THE MODEL


           ESTIMATED MEANS FOR THE LATENT VARIABLES
              EXECFUN       WISCBWSP      CNTSPAN       ATTNSEL       ATTNDIV
              ________      ________      ________      ________      ________
               -0.144         3.133         3.078         5.613         0.380


           ESTIMATED MEANS FOR THE LATENT VARIABLES
              ATTNOPP       F8AGE         F10AGE
              ________      ________      ________
                1.212       103.056       126.931


           ESTIMATED COVARIANCE MATRIX FOR THE LATENT VARIABLES
              EXECFUN       WISCBWSP      CNTSPAN       ATTNSEL       ATTNDIV
              ________      ________      ________      ________      ________
 EXECFUN        0.028
 WISCBWSP       0.028         0.936
 CNTSPAN        0.020         0.020         1.415
 ATTNSEL       -0.129        -0.163        -0.094         6.665
 ATTNDIV       -0.090        -0.092        -0.065         0.424         0.296
 ATTNOPP       -0.027        -0.035        -0.020         0.151         0.089
 F8AGE          0.000         0.348         0.009        -1.136        -0.049
 F10AGE         0.000         0.012         0.327        -0.039        -0.002


           ESTIMATED COVARIANCE MATRIX FOR THE LATENT VARIABLES
              ATTNOPP       F8AGE         F10AGE
              ________      ________      ________
 ATTNOPP        1.128
 F8AGE         -0.270        11.720
 F10AGE        -0.009         0.405        14.402


           ESTIMATED CORRELATION MATRIX FOR THE LATENT VARIABLES
              EXECFUN       WISCBWSP      CNTSPAN       ATTNSEL       ATTNDIV
              ________      ________      ________      ________      ________
 EXECFUN        1.000
 WISCBWSP       0.172         1.000
 CNTSPAN        0.101         0.018         1.000
 ATTNSEL       -0.300        -0.065        -0.031         1.000
 ATTNDIV       -0.997        -0.174        -0.101         0.302         1.000
 ATTNOPP       -0.152        -0.034        -0.016         0.055         0.153
 F8AGE          0.000         0.105         0.002        -0.128        -0.026
 F10AGE         0.000         0.003         0.072        -0.004        -0.001


           ESTIMATED CORRELATION MATRIX FOR THE LATENT VARIABLES
              ATTNOPP       F8AGE         F10AGE
              ________      ________      ________
 ATTNOPP        1.000
 F8AGE         -0.074         1.000
 F10AGE        -0.002         0.031         1.000


           ESTIMATED SKEW FOR THE LATENT VARIABLES
              EXECFUN       WISCBWSP      CNTSPAN       ATTNSEL       ATTNDIV
              ________      ________      ________      ________      ________
              -17.341        -2.602        -1.527         4.567        17.266


           ESTIMATED SKEW FOR THE LATENT VARIABLES
              ATTNOPP       F8AGE         F10AGE
              ________      ________      ________
                2.293         0.000         0.000


     Beginning Time:  14:34:21
        Ending Time:  14:34:35
       Elapsed Time:  00:00:14



MUTHEN & MUTHEN
3463 Stoner Ave.
Los Angeles, CA  90066

Tel: (310) 391-9971
Fax: (310) 391-8971
Web: www.StatModel.com
Support: Support@StatModel.com

Copyright (c) 1998-2020 Muthen & Muthen
