Mplus VERSION 8.5
MUTHEN & MUTHEN
06/21/2021   1:56 PM

INPUT INSTRUCTIONS

  TITLE:
   LPA Model E: 4 classes;
  DATA:
  FILE = "mplus_models/simpview/lpa/sv_lpa_mbenchmark_71407e46d98e5016017ad9a2654f310f.dat";

  VARIABLE:
  NAMES = cidB3153 f8age f9age naraAcc wordAcc nonwAcc naraComp woldComp;
   MISSING=.;
    idvariable = cidb3153; classes = c(4);
  ANALYSIS:
   estimator = mlr; type = mixture;
                                                     starts = 0;
                                                     optseed = 193569;
                                                     processors = 4(starts);
                                                     lrtstarts = 0 0 100 20;
  MODEL:
  %OVERALL%
             f8age; f9age;
             wordAcc nonwAcc naraAcc naraComp on f9age;
             woldcomp on f8age;
   naraComp; naraAcc; wordAcc; nonwAcc; woldComp;

    naraComp with naraAcc;
    naraComp with wordAcc;
    naraComp with nonwAcc;
    naraComp with woldComp;
    naraAcc with wordAcc;
    naraAcc with nonwAcc;
    naraAcc with woldComp;
    wordAcc with nonWacc;
    wordAcc with woldComp;
    nonwAcc with woldComp;
   %c#1%
   naraComp; naraAcc; wordAcc; nonwAcc; woldComp;
    naraComp with naraAcc;
    naraComp with wordAcc;
    naraComp with nonwAcc;
    naraComp with woldComp;
    naraAcc with wordAcc;
    naraAcc with nonwAcc;
    naraAcc with woldComp;
    wordAcc with nonWacc;
    wordAcc with woldComp;
    nonwAcc with woldComp;
   %c#2%
   naraComp; naraAcc; wordAcc; nonwAcc; woldComp;
    naraComp with naraAcc;
    naraComp with wordAcc;
    naraComp with nonwAcc;
    naraComp with woldComp;
    naraAcc with wordAcc;
    naraAcc with nonwAcc;
    naraAcc with woldComp;
    wordAcc with nonWacc;
    wordAcc with woldComp;
    nonwAcc with woldComp;
   %c#3%
   naraComp; naraAcc; wordAcc; nonwAcc; woldComp;
    naraComp with naraAcc;
    naraComp with wordAcc;
    naraComp with nonwAcc;
    naraComp with woldComp;
    naraAcc with wordAcc;
    naraAcc with nonwAcc;
    naraAcc with woldComp;
    wordAcc with nonWacc;
    wordAcc with woldComp;
    nonwAcc with woldComp;
   %c#4%
   naraComp; naraAcc; wordAcc; nonwAcc; woldComp;
    naraComp with naraAcc;
    naraComp with wordAcc;
    naraComp with nonwAcc;
    naraComp with woldComp;
    naraAcc with wordAcc;
    naraAcc with nonwAcc;
    naraAcc with woldComp;
    wordAcc with nonWacc;
    wordAcc with woldComp;
    nonwAcc with woldComp;
  OUTPUT:
   TECH7 TECH11 TECH14 stdyx CINTERVAL ENTROPY;
  SAVEDATA:
   FILE IS sv_lpa_e_4class.dat; SAVE = cprobabilities;
  PLOT:
  TYPE = PLOT3;



INPUT READING TERMINATED NORMALLY




LPA Model E: 4 classes;

SUMMARY OF ANALYSIS

Number of groups                                                 1
Number of observations                                        3423

Number of dependent variables                                    5
Number of independent variables                                  2
Number of continuous latent variables                            0
Number of categorical latent variables                           1

Observed dependent variables

  Continuous
   NARAACC     WORDACC     NONWACC     NARACOMP    WOLDCOMP

Observed independent variables
   F8AGE       F9AGE

Categorical latent variables
   C

Variables with special functions

  ID variable           CIDB3153

Estimator                                                      MLR
Information matrix                                        OBSERVED
Optimization Specifications for the Quasi-Newton Algorithm for
Continuous Outcomes
  Maximum number of iterations                                 100
  Convergence criterion                                  0.100D-05
Optimization Specifications for the EM Algorithm
  Maximum number of iterations                                 500
  Convergence criteria
    Loglikelihood change                                 0.100D-06
    Relative loglikelihood change                        0.100D-06
    Derivative                                           0.100D-05
Optimization Specifications for the M step of the EM Algorithm for
Categorical Latent variables
  Number of M step iterations                                    1
  M step convergence criterion                           0.100D-05
  Basis for M step termination                           ITERATION
Optimization Specifications for the M step of the EM Algorithm for
Censored, Binary or Ordered Categorical (Ordinal), Unordered
Categorical (Nominal) and Count Outcomes
  Number of M step iterations                                    1
  M step convergence criterion                           0.100D-05
  Basis for M step termination                           ITERATION
  Maximum value for logit thresholds                            15
  Minimum value for logit thresholds                           -15
  Minimum expected cell size for chi-square              0.100D-01
Maximum number of iterations for H1                           2000
Convergence criterion for H1                             0.100D-03
Optimization algorithm                                         EMA
Random Starts Specifications
  Random seed for analysis                                  193569

Input data file(s)
  mplus_models/simpview/lpa/sv_lpa_mbenchmark_71407e46d98e5016017ad9a2654f310f.d
Input data format  FREE


SUMMARY OF DATA

     Number of missing data patterns             7
     Number of y missing data patterns           7
     Number of u missing data patterns           0


COVARIANCE COVERAGE OF DATA

Minimum covariance coverage value   0.100


     PROPORTION OF DATA PRESENT FOR Y


           Covariance Coverage
              NARAACC       WORDACC       NONWACC       NARACOMP      WOLDCOMP
              ________      ________      ________      ________      ________
 NARAACC        1.000
 WORDACC        0.997         0.997
 NONWACC        0.996         0.996         0.996
 NARACOMP       1.000         0.997         0.996         1.000
 WOLDCOMP       0.852         0.850         0.850         0.852         0.852
 F8AGE          0.861         0.859         0.858         0.861         0.852
 F9AGE          1.000         0.997         0.996         1.000         0.852


           Covariance Coverage
              F8AGE         F9AGE
              ________      ________
 F8AGE          0.861
 F9AGE          0.861         1.000



UNIVARIATE SAMPLE STATISTICS


     UNIVARIATE HIGHER-ORDER MOMENT DESCRIPTIVE STATISTICS

         Variable/         Mean/     Skewness/   Minimum/ % with                Percentiles
        Sample Size      Variance    Kurtosis    Maximum  Min/Max      20%/60%    40%/80%    Median

     NARAACC              66.334      -0.525       0.000    0.06%      48.000     62.000     69.000
            3423.000     417.180      -0.469     100.000    0.06%      76.000     86.000
     WORDACC               7.536      -1.219       0.000    1.93%       6.000      8.000      8.000
            3414.000       6.273       0.849      10.000   23.58%       9.000     10.000
     NONWACC               5.239      -0.308       0.000    4.23%       3.000      5.000      5.000
            3408.000       6.217      -0.688      10.000    1.79%       6.000      8.000
     NARACOMP             25.018      -0.273       0.000    0.09%      18.000     23.000     25.000
            3423.000      62.018      -0.237      44.000    0.03%      28.000     32.000
     WOLDCOMP              7.517       0.082       2.000    0.41%       6.000      7.000      7.000
            2917.000       3.758       0.190      15.000    0.03%       8.000      9.000
     F8AGE               103.533       2.579      94.000    0.03%     102.000    102.000    103.000
            2947.000      11.227       8.561     126.000    0.03%     103.000    105.000
     F9AGE               118.643       1.305     105.000    0.03%     116.000    117.000    118.000
            3423.000      14.907       2.626     139.000    0.06%     119.000    121.000


THE MODEL ESTIMATION TERMINATED NORMALLY



MODEL FIT INFORMATION

Number of Free Parameters                       99

Loglikelihood

          H0 Value                      -59099.890
          H0 Scaling Correction Factor      1.1993
            for MLR

Information Criteria

          Akaike (AIC)                  118397.779
          Bayesian (BIC)                119005.468
          Sample-Size Adjusted BIC      118690.899
            (n* = (n + 2) / 24)



FINAL CLASS COUNTS AND PROPORTIONS FOR THE LATENT CLASSES
BASED ON THE ESTIMATED MODEL

    Latent
   Classes

       1        838.34796          0.24492
       2        148.77547          0.04346
       3       1025.05124          0.29946
       4       1410.82534          0.41216


FINAL CLASS COUNTS AND PROPORTIONS FOR THE LATENT CLASSES
BASED ON ESTIMATED POSTERIOR PROBABILITIES

    Latent
   Classes

       1        838.34796          0.24492
       2        148.77547          0.04346
       3       1025.05124          0.29946
       4       1410.82534          0.41216


FINAL CLASS COUNTS AND PROPORTIONS FOR THE LATENT CLASSES
BASED ON THEIR MOST LIKELY LATENT CLASS MEMBERSHIP

Class Counts and Proportions

    Latent
   Classes

       1              901          0.26322
       2              155          0.04528
       3              954          0.27870
       4             1413          0.41280


CLASSIFICATION QUALITY

     Entropy                         0.757


           Univariate Entropy
              NARAACC       WORDACC       NONWACC       NARACOMP      WOLDCOMP
              ________      ________      ________      ________      ________
                0.606         0.588         0.420         0.393         0.157


           Univariate Entropy
              F8AGE         F9AGE
              ________      ________
                0.133         0.130


Average Latent Class Probabilities for Most Likely Latent Class Membership (Row)
by Latent Class (Column)

           1        2        3        4

    1   0.843    0.000    0.002    0.155
    2   0.000    0.870    0.130    0.000
    3   0.000    0.015    0.889    0.097
    4   0.056    0.000    0.110    0.834


Classification Probabilities for the Most Likely Latent Class Membership (Column)
by Latent Class (Row)

           1        2        3        4

    1   0.906    0.000    0.000    0.094
    2   0.000    0.907    0.093    0.000
    3   0.002    0.020    0.827    0.151
    4   0.099    0.000    0.066    0.835


Logits for the Classification Probabilities for the Most Likely Latent Class Membership (Column)
by Latent Class (Row)

              1        2        3        4

    1      2.261  -11.455  -11.455    0.000
    2      0.000   13.717   11.446    0.000
    3     -4.356   -2.043    1.697    0.000
    4     -2.132  -13.636   -2.546    0.000


MODEL RESULTS

                                                    Two-Tailed
                    Estimate       S.E.  Est./S.E.    P-Value

Latent Class 1

 WORDACC    ON
    F9AGE              0.004      0.005      0.794      0.427

 NONWACC    ON
    F9AGE              0.008      0.009      0.856      0.392

 NARAACC    ON
    F9AGE              0.204      0.052      3.931      0.000

 NARACOMP   ON
    F9AGE              0.097      0.026      3.741      0.000

 WOLDCOMP   ON
    F8AGE              0.034      0.010      3.469      0.001

 NARACOMP WITH
    NARAACC           12.874      2.565      5.018      0.000
    WORDACC            0.123      0.152      0.806      0.420
    NONWACC            0.650      0.333      1.949      0.051
    WOLDCOMP           4.234      0.440      9.632      0.000

 NARAACC  WITH
    WORDACC            0.584      0.196      2.986      0.003
    NONWACC            2.324      0.441      5.267      0.000
    WOLDCOMP           2.980      0.641      4.648      0.000

 WORDACC  WITH
    NONWACC            0.178      0.043      4.164      0.000
    WOLDCOMP          -0.020      0.052     -0.390      0.697

 NONWACC  WITH
    WOLDCOMP           0.141      0.117      1.210      0.226

 F9AGE    WITH
    F8AGE              3.241      0.421      7.700      0.000

 Means
    F8AGE            103.281      0.136    760.513      0.000
    F9AGE            118.569      0.183    648.125      0.000

 Intercepts
    NARAACC           63.424      6.088     10.418      0.000
    WORDACC            9.190      0.614     14.979      0.000
    NONWACC            6.738      1.030      6.543      0.000
    NARACOMP          20.086      3.048      6.590      0.000
    WOLDCOMP           4.651      1.023      4.544      0.000

 Variances
    F8AGE             11.257      0.680     16.542      0.000
    F9AGE             14.876      0.546     27.252      0.000

 Residual Variances
    NARAACC           38.087      5.492      6.935      0.000
    WORDACC            0.218      0.020     10.906      0.000
    NONWACC            1.554      0.157      9.927      0.000
    NARACOMP          26.411      2.027     13.027      0.000
    WOLDCOMP           4.085      0.235     17.353      0.000

Latent Class 2

 WORDACC    ON
    F9AGE              0.004      0.005      0.794      0.427

 NONWACC    ON
    F9AGE              0.008      0.009      0.856      0.392

 NARAACC    ON
    F9AGE              0.204      0.052      3.931      0.000

 NARACOMP   ON
    F9AGE              0.097      0.026      3.741      0.000

 WOLDCOMP   ON
    F8AGE              0.034      0.010      3.469      0.001

 NARACOMP WITH
    NARAACC           40.098     10.985      3.650      0.000
    WORDACC            2.504      0.919      2.724      0.006
    NONWACC            1.480      0.421      3.518      0.000
    WOLDCOMP           1.083      1.622      0.668      0.504

 NARAACC  WITH
    WORDACC            5.110      1.815      2.815      0.005
    NONWACC            3.061      0.791      3.870      0.000
    WOLDCOMP           0.897      3.120      0.288      0.774

 WORDACC  WITH
    NONWACC            0.316      0.095      3.340      0.001
    WOLDCOMP          -0.028      0.254     -0.111      0.912

 NONWACC  WITH
    WOLDCOMP           0.315      0.250      1.258      0.208

 F9AGE    WITH
    F8AGE              3.241      0.421      7.700      0.000

 Means
    F8AGE            104.919      0.650    161.466      0.000
    F9AGE            119.214      0.510    233.630      0.000

 Intercepts
    NARAACC           -1.870      6.290     -0.297      0.766
    WORDACC            0.410      0.645      0.635      0.525
    NONWACC           -0.225      1.045     -0.216      0.829
    NARACOMP          -2.169      3.154     -0.688      0.492
    WOLDCOMP           2.642      1.079      2.448      0.014

 Variances
    F8AGE             11.257      0.680     16.542      0.000
    F9AGE             14.876      0.546     27.252      0.000

 Residual Variances
    NARAACC           82.980     25.772      3.220      0.001
    WORDACC            0.733      0.253      2.892      0.004
    NONWACC            0.593      0.109      5.415      0.000
    NARACOMP          24.164      5.024      4.810      0.000
    WOLDCOMP           4.188      0.612      6.846      0.000

Latent Class 3

 WORDACC    ON
    F9AGE              0.004      0.005      0.794      0.427

 NONWACC    ON
    F9AGE              0.008      0.009      0.856      0.392

 NARAACC    ON
    F9AGE              0.204      0.052      3.931      0.000

 NARACOMP   ON
    F9AGE              0.097      0.026      3.741      0.000

 WOLDCOMP   ON
    F8AGE              0.034      0.010      3.469      0.001

 NARACOMP WITH
    NARAACC           45.560      5.538      8.227      0.000
    WORDACC            5.471      0.821      6.660      0.000
    NONWACC            3.252      0.571      5.690      0.000
    WOLDCOMP           1.415      0.527      2.688      0.007

 NARAACC  WITH
    WORDACC           14.088      1.826      7.714      0.000
    NONWACC            9.952      1.484      6.706      0.000
    WOLDCOMP          -0.030      1.275     -0.024      0.981

 WORDACC  WITH
    NONWACC            1.712      0.267      6.413      0.000
    WOLDCOMP           0.153      0.243      0.629      0.529

 NONWACC  WITH
    WOLDCOMP          -0.289      0.165     -1.744      0.081

 F9AGE    WITH
    F8AGE              3.241      0.421      7.700      0.000

 Means
    F8AGE            103.725      0.145    717.361      0.000
    F9AGE            118.460      0.141    839.179      0.000

 Intercepts
    NARAACC           23.621      5.974      3.954      0.000
    WORDACC            5.061      0.611      8.285      0.000
    NONWACC            2.486      1.024      2.428      0.015
    NARACOMP           7.831      3.024      2.590      0.010
    WOLDCOMP           3.338      1.029      3.243      0.001

 Variances
    F8AGE             11.257      0.680     16.542      0.000
    F9AGE             14.876      0.546     27.252      0.000

 Residual Variances
    NARAACC          132.222     14.811      8.927      0.000
    WORDACC            4.070      0.346     11.757      0.000
    NONWACC            3.487      0.227     15.355      0.000
    NARACOMP          26.133      2.410     10.844      0.000
    WOLDCOMP           3.123      0.194     16.087      0.000

Latent Class 4

 WORDACC    ON
    F9AGE              0.004      0.005      0.794      0.427

 NONWACC    ON
    F9AGE              0.008      0.009      0.856      0.392

 NARAACC    ON
    F9AGE              0.204      0.052      3.931      0.000

 NARACOMP   ON
    F9AGE              0.097      0.026      3.741      0.000

 WOLDCOMP   ON
    F8AGE              0.034      0.010      3.469      0.001

 NARACOMP WITH
    NARAACC           34.948      5.755      6.072      0.000
    WORDACC            0.486      0.483      1.005      0.315
    NONWACC            0.332      0.455      0.729      0.466
    WOLDCOMP           4.235      0.512      8.268      0.000

 NARAACC  WITH
    WORDACC            1.612      0.789      2.042      0.041
    NONWACC            2.903      0.775      3.745      0.000
    WOLDCOMP           2.177      1.237      1.760      0.078

 WORDACC  WITH
    NONWACC            0.578      0.078      7.418      0.000
    WOLDCOMP          -0.025      0.102     -0.245      0.807

 NONWACC  WITH
    WOLDCOMP          -0.215      0.130     -1.649      0.099

 F9AGE    WITH
    F8AGE              3.241      0.421      7.700      0.000

 Means
    F8AGE            103.609      0.117    884.910      0.000
    F9AGE            118.760      0.130    913.102      0.000

 Intercepts
    NARAACC           47.448      5.981      7.933      0.000
    WORDACC            7.884      0.604     13.058      0.000
    NONWACC            4.723      1.037      4.554      0.000
    NARACOMP          15.268      3.063      4.985      0.000
    WOLDCOMP           4.027      1.031      3.906      0.000

 Variances
    F8AGE             11.257      0.680     16.542      0.000
    F9AGE             14.876      0.546     27.252      0.000

 Residual Variances
    NARAACC          132.976     11.617     11.447      0.000
    WORDACC            1.150      0.127      9.070      0.000
    NONWACC            3.386      0.173     19.627      0.000
    NARACOMP          34.998      2.176     16.087      0.000
    WOLDCOMP           3.258      0.224     14.551      0.000

Categorical Latent Variables

 Means
    C#1               -0.520      0.117     -4.441      0.000
    C#2               -2.249      0.239     -9.417      0.000
    C#3               -0.319      0.125     -2.547      0.011


STANDARDIZED MODEL RESULTS


STDYX Standardization

                                                    Two-Tailed
                    Estimate       S.E.  Est./S.E.    P-Value

Latent Class 1

 WORDACC    ON
    F9AGE              0.035      0.044      0.783      0.433

 NONWACC    ON
    F9AGE              0.023      0.028      0.849      0.396

 NARAACC    ON
    F9AGE              0.127      0.034      3.693      0.000

 NARACOMP   ON
    F9AGE              0.073      0.020      3.657      0.000

 WOLDCOMP   ON
    F8AGE              0.057      0.017      3.422      0.001

 NARACOMP WITH
    NARAACC            0.406      0.047      8.590      0.000
    WORDACC            0.051      0.061      0.839      0.402
    NONWACC            0.101      0.049      2.074      0.038
    WOLDCOMP           0.408      0.033     12.348      0.000

 NARAACC  WITH
    WORDACC            0.203      0.058      3.497      0.000
    NONWACC            0.302      0.039      7.717      0.000
    WOLDCOMP           0.239      0.043      5.595      0.000

 WORDACC  WITH
    NONWACC            0.305      0.054      5.629      0.000
    WOLDCOMP          -0.022      0.056     -0.387      0.699

 NONWACC  WITH
    WOLDCOMP           0.056      0.046      1.207      0.227

 F9AGE    WITH
    F8AGE              0.250      0.027      9.267      0.000

 Means
    F8AGE             30.783      0.916     33.610      0.000
    F9AGE             30.741      0.553     55.598      0.000

 Intercepts
    NARAACC           10.194      1.228      8.302      0.000
    WORDACC           19.685      1.380     14.268      0.000
    NONWACC            5.403      0.848      6.370      0.000
    NARACOMP           3.898      0.615      6.341      0.000
    WOLDCOMP           2.297      0.510      4.504      0.000

 Variances
    F8AGE              1.000      0.000    999.000    999.000
    F9AGE              1.000      0.000    999.000    999.000

 Residual Variances
    NARAACC            0.984      0.009    113.146      0.000
    WORDACC            0.999      0.003    323.294      0.000
    NONWACC            0.999      0.001    773.701      0.000
    NARACOMP           0.995      0.003    342.271      0.000
    WOLDCOMP           0.997      0.002    523.467      0.000

Latent Class 2

 WORDACC    ON
    F9AGE              0.019      0.024      0.798      0.425

 NONWACC    ON
    F9AGE              0.038      0.044      0.854      0.393

 NARAACC    ON
    F9AGE              0.086      0.024      3.535      0.000

 NARACOMP   ON
    F9AGE              0.076      0.021      3.579      0.000

 WOLDCOMP   ON
    F8AGE              0.056      0.017      3.354      0.001

 NARACOMP WITH
    NARAACC            0.895      0.037     24.224      0.000
    WORDACC            0.595      0.088      6.750      0.000
    NONWACC            0.391      0.101      3.857      0.000
    WOLDCOMP           0.108      0.156      0.689      0.491

 NARAACC  WITH
    WORDACC            0.655      0.095      6.929      0.000
    NONWACC            0.436      0.093      4.691      0.000
    WOLDCOMP           0.048      0.163      0.295      0.768

 WORDACC  WITH
    NONWACC            0.480      0.090      5.350      0.000
    WOLDCOMP          -0.016      0.146     -0.110      0.912

 NONWACC  WITH
    WOLDCOMP           0.200      0.164      1.222      0.222

 F9AGE    WITH
    F8AGE              0.250      0.027      9.267      0.000

 Means
    F8AGE             31.272      0.933     33.530      0.000
    F9AGE             30.909      0.567     54.478      0.000

 Intercepts
    NARAACC           -0.205      0.695     -0.294      0.769
    WORDACC            0.479      0.737      0.649      0.516
    NONWACC           -0.292      1.360     -0.215      0.830
    NARACOMP          -0.440      0.650     -0.677      0.498
    WOLDCOMP           1.289      0.535      2.408      0.016

 Variances
    F8AGE              1.000      0.000    999.000    999.000
    F9AGE              1.000      0.000    999.000    999.000

 Residual Variances
    NARAACC            0.993      0.004    235.985      0.000
    WORDACC            1.000      0.001   1109.342      0.000
    NONWACC            0.999      0.003    296.874      0.000
    NARACOMP           0.994      0.003    306.481      0.000
    WOLDCOMP           0.997      0.002    525.956      0.000

Latent Class 3

 WORDACC    ON
    F9AGE              0.008      0.010      0.788      0.431

 NONWACC    ON
    F9AGE              0.016      0.018      0.858      0.391

 NARAACC    ON
    F9AGE              0.068      0.017      3.973      0.000

 NARACOMP   ON
    F9AGE              0.073      0.020      3.683      0.000

 WOLDCOMP   ON
    F8AGE              0.065      0.019      3.427      0.001

 NARACOMP WITH
    NARAACC            0.775      0.031     25.286      0.000
    WORDACC            0.530      0.047     11.227      0.000
    NONWACC            0.341      0.046      7.372      0.000
    WOLDCOMP           0.157      0.057      2.755      0.006

 NARAACC  WITH
    WORDACC            0.607      0.035     17.339      0.000
    NONWACC            0.463      0.042     11.027      0.000
    WOLDCOMP          -0.001      0.063     -0.024      0.981

 WORDACC  WITH
    NONWACC            0.455      0.050      9.173      0.000
    WOLDCOMP           0.043      0.068      0.631      0.528

 NONWACC  WITH
    WOLDCOMP          -0.087      0.050     -1.736      0.083

 F9AGE    WITH
    F8AGE              0.250      0.027      9.267      0.000

 Means
    F8AGE             30.916      0.921     33.581      0.000
    F9AGE             30.713      0.556     55.268      0.000

 Intercepts
    NARAACC            2.049      0.547      3.747      0.000
    WORDACC            2.508      0.324      7.741      0.000
    NONWACC            1.331      0.550      2.420      0.016
    NARACOMP           1.528      0.594      2.573      0.010
    WOLDCOMP           1.885      0.586      3.215      0.001

 Variances
    F8AGE              1.000      0.000    999.000    999.000
    F9AGE              1.000      0.000    999.000    999.000

 Residual Variances
    NARAACC            0.995      0.002    422.542      0.000
    WORDACC            1.000      0.000   6076.877      0.000
    NONWACC            1.000      0.001   1754.248      0.000
    NARACOMP           0.995      0.003    341.023      0.000
    WOLDCOMP           0.996      0.002    400.875      0.000

Latent Class 4

 WORDACC    ON
    F9AGE              0.015      0.019      0.781      0.435

 NONWACC    ON
    F9AGE              0.016      0.019      0.856      0.392

 NARAACC    ON
    F9AGE              0.068      0.018      3.789      0.000

 NARACOMP   ON
    F9AGE              0.063      0.017      3.659      0.000

 WOLDCOMP   ON
    F8AGE              0.064      0.019      3.430      0.001

 NARACOMP WITH
    NARAACC            0.512      0.052      9.853      0.000
    WORDACC            0.077      0.071      1.075      0.282
    NONWACC            0.030      0.041      0.739      0.460
    WOLDCOMP           0.397      0.035     11.405      0.000

 NARAACC  WITH
    WORDACC            0.130      0.055      2.386      0.017
    NONWACC            0.137      0.034      4.017      0.000
    WOLDCOMP           0.105      0.056      1.862      0.063

 WORDACC  WITH
    NONWACC            0.293      0.031      9.379      0.000
    WOLDCOMP          -0.013      0.053     -0.242      0.809

 NONWACC  WITH
    WOLDCOMP          -0.065      0.040     -1.625      0.104

 F9AGE    WITH
    F8AGE              0.250      0.027      9.267      0.000

 Means
    F8AGE             30.881      0.918     33.641      0.000
    F9AGE             30.791      0.557     55.317      0.000

 Intercepts
    NARAACC            4.105      0.557      7.376      0.000
    WORDACC            7.352      0.630     11.667      0.000
    NONWACC            2.566      0.570      4.504      0.000
    NARACOMP           2.576      0.521      4.948      0.000
    WOLDCOMP           2.226      0.580      3.841      0.000

 Variances
    F8AGE              1.000      0.000    999.000    999.000
    F9AGE              1.000      0.000    999.000    999.000

 Residual Variances
    NARAACC            0.995      0.002    405.322      0.000
    WORDACC            1.000      0.001   1702.921      0.000
    NONWACC            1.000      0.001   1698.646      0.000
    NARACOMP           0.996      0.002    453.810      0.000
    WOLDCOMP           0.996      0.002    418.589      0.000


R-SQUARE

Class 1

    Observed                                        Two-Tailed
    Variable        Estimate       S.E.  Est./S.E.    P-Value

    NARAACC            0.016      0.009      1.847      0.065
    WORDACC            0.001      0.003      0.392      0.695
    NONWACC            0.001      0.001      0.425      0.671
    NARACOMP           0.005      0.003      1.829      0.067
    WOLDCOMP           0.003      0.002      1.711      0.087

Class 2

    Observed                                        Two-Tailed
    Variable        Estimate       S.E.  Est./S.E.    P-Value

    NARAACC            0.007      0.004      1.768      0.077
    WORDACC            0.000      0.001      0.399      0.690
    NONWACC            0.001      0.003      0.427      0.669
    NARACOMP           0.006      0.003      1.790      0.074
    WOLDCOMP           0.003      0.002      1.677      0.094

Class 3

    Observed                                        Two-Tailed
    Variable        Estimate       S.E.  Est./S.E.    P-Value

    NARAACC            0.005      0.002      1.986      0.047
    WORDACC            0.000      0.000      0.394      0.694
    NONWACC            0.000      0.001      0.429      0.668
    NARACOMP           0.005      0.003      1.841      0.066
    WOLDCOMP           0.004      0.002      1.714      0.087

Class 4

    Observed                                        Two-Tailed
    Variable        Estimate       S.E.  Est./S.E.    P-Value

    NARAACC            0.005      0.002      1.895      0.058
    WORDACC            0.000      0.001      0.391      0.696
    NONWACC            0.000      0.001      0.428      0.669
    NARACOMP           0.004      0.002      1.830      0.067
    WOLDCOMP           0.004      0.002      1.715      0.086


QUALITY OF NUMERICAL RESULTS

     Condition Number for the Information Matrix              0.162E-08
       (ratio of smallest to largest eigenvalue)


CONFIDENCE INTERVALS OF MODEL RESULTS

                  Lower .5%  Lower 2.5%    Lower 5%    Estimate    Upper 5%  Upper 2.5%   Upper .5%

Latent Class 1

 WORDACC  ON
    F9AGE           -0.009      -0.006      -0.005       0.004       0.013       0.015       0.018

 NONWACC  ON
    F9AGE           -0.015      -0.010      -0.007       0.008       0.022       0.025       0.030

 NARAACC  ON
    F9AGE            0.070       0.102       0.119       0.204       0.290       0.306       0.338

 NARACOMP ON
    F9AGE            0.030       0.046       0.055       0.097       0.140       0.148       0.164

 WOLDCOMP ON
    F8AGE            0.009       0.015       0.018       0.034       0.051       0.054       0.060

 NARACOMP WITH
    NARAACC          6.266       7.846       8.654      12.874      17.094      17.903      19.482
    WORDACC         -0.269      -0.176      -0.128       0.123       0.373       0.421       0.515
    NONWACC         -0.209      -0.004       0.101       0.650       1.198       1.304       1.509
    WOLDCOMP         3.102       3.373       3.511       4.234       4.957       5.096       5.366

 NARAACC  WITH
    WORDACC          0.080       0.201       0.262       0.584       0.906       0.967       1.088
    NONWACC          1.187       1.459       1.598       2.324       3.050       3.189       3.460
    WOLDCOMP         1.328       1.723       1.925       2.980       4.034       4.236       4.631

 WORDACC  WITH
    NONWACC          0.068       0.094       0.107       0.178       0.248       0.261       0.288
    WOLDCOMP        -0.155      -0.123      -0.106      -0.020       0.066       0.082       0.114

 NONWACC  WITH
    WOLDCOMP        -0.159      -0.088      -0.051       0.141       0.333       0.370       0.442

 F9AGE    WITH
    F8AGE            2.157       2.416       2.548       3.241       3.933       4.066       4.325

 Means
    F8AGE          102.931     103.014     103.057     103.281     103.504     103.547     103.630
    F9AGE          118.097     118.210     118.268     118.569     118.870     118.927     119.040

 Intercepts
    NARAACC         47.742      51.492      53.409      63.424      73.439      75.357      79.106
    WORDACC          7.610       7.988       8.181       9.190      10.200      10.393      10.771
    NONWACC          4.086       4.720       5.044       6.738       8.433       8.757       9.391
    NARACOMP        12.235      14.112      15.072      20.086      25.100      26.060      27.937
    WOLDCOMP         2.015       2.645       2.967       4.651       6.335       6.657       7.287

 Variances
    F8AGE            9.504       9.923      10.137      11.257      12.376      12.590      13.009
    F9AGE           13.470      13.806      13.978      14.876      15.774      15.946      16.282

 Residual Variances
    NARAACC         23.940      27.322      29.052      38.087      47.122      48.852      52.234
    WORDACC          0.166       0.179       0.185       0.218       0.251       0.257       0.269
    NONWACC          1.151       1.247       1.297       1.554       1.812       1.861       1.958
    NARACOMP        21.189      22.437      23.076      26.411      29.746      30.385      31.633
    WOLDCOMP         3.479       3.624       3.698       4.085       4.472       4.546       4.691

Latent Class 2

 WORDACC  ON
    F9AGE           -0.009      -0.006      -0.005       0.004       0.013       0.015       0.018

 NONWACC  ON
    F9AGE           -0.015      -0.010      -0.007       0.008       0.022       0.025       0.030

 NARAACC  ON
    F9AGE            0.070       0.102       0.119       0.204       0.290       0.306       0.338

 NARACOMP ON
    F9AGE            0.030       0.046       0.055       0.097       0.140       0.148       0.164

 WOLDCOMP ON
    F8AGE            0.009       0.015       0.018       0.034       0.051       0.054       0.060

 NARACOMP WITH
    NARAACC         11.802      18.566      22.027      40.098      58.169      61.629      68.394
    WORDACC          0.137       0.703       0.992       2.504       4.016       4.306       4.872
    NONWACC          0.396       0.656       0.788       1.480       2.172       2.304       2.563
    WOLDCOMP        -3.094      -2.095      -1.585       1.083       3.750       4.261       5.260

 NARAACC  WITH
    WORDACC          0.435       1.552       2.124       5.110       8.095       8.667       9.785
    NONWACC          1.023       1.510       1.760       3.061       4.362       4.611       5.098
    WOLDCOMP        -7.139      -5.217      -4.235       0.897       6.029       7.012       8.933

 WORDACC  WITH
    NONWACC          0.072       0.131       0.160       0.316       0.472       0.502       0.560
    WOLDCOMP        -0.683      -0.527      -0.446      -0.028       0.390       0.470       0.627

 NONWACC  WITH
    WOLDCOMP        -0.330      -0.176      -0.097       0.315       0.727       0.806       0.960

 F9AGE    WITH
    F8AGE            2.157       2.416       2.548       3.241       3.933       4.066       4.325

 Means
    F8AGE          103.245     103.645     103.850     104.919     105.988     106.192     106.593
    F9AGE          117.900     118.214     118.375     119.214     120.053     120.214     120.528

 Intercepts
    NARAACC        -18.073     -14.199     -12.218      -1.870       8.478      10.459      14.333
    WORDACC         -1.252      -0.855      -0.652       0.410       1.471       1.675       2.072
    NONWACC         -2.918      -2.274      -1.945      -0.225       1.494       1.823       2.467
    NARACOMP       -10.293      -8.350      -7.357      -2.169       3.019       4.013       5.955
    WOLDCOMP        -0.138       0.527       0.867       2.642       4.418       4.758       5.422

 Variances
    F8AGE            9.504       9.923      10.137      11.257      12.376      12.590      13.009
    F9AGE           13.470      13.806      13.978      14.876      15.774      15.946      16.282

 Residual Variances
    NARAACC         16.597      32.467      40.586      82.980     125.375     133.493     149.364
    WORDACC          0.080       0.236       0.316       0.733       1.150       1.230       1.386
    NONWACC          0.311       0.378       0.413       0.593       0.773       0.807       0.875
    NARACOMP        11.223      14.316      15.899      24.164      32.428      34.011      37.104
    WOLDCOMP         2.612       2.989       3.181       4.188       5.194       5.386       5.763

Latent Class 3

 WORDACC  ON
    F9AGE           -0.009      -0.006      -0.005       0.004       0.013       0.015       0.018

 NONWACC  ON
    F9AGE           -0.015      -0.010      -0.007       0.008       0.022       0.025       0.030

 NARAACC  ON
    F9AGE            0.070       0.102       0.119       0.204       0.290       0.306       0.338

 NARACOMP ON
    F9AGE            0.030       0.046       0.055       0.097       0.140       0.148       0.164

 WOLDCOMP ON
    F8AGE            0.009       0.015       0.018       0.034       0.051       0.054       0.060

 NARACOMP WITH
    NARAACC         31.295      34.706      36.450      45.560      54.670      56.415      59.825
    WORDACC          3.355       3.861       4.119       5.471       6.822       7.081       7.586
    NONWACC          1.780       2.132       2.312       3.252       4.192       4.372       4.724
    WOLDCOMP         0.059       0.383       0.549       1.415       2.281       2.447       2.772

 NARAACC  WITH
    WORDACC          9.384      10.508      11.084      14.088      17.092      17.667      18.791
    NONWACC          6.129       7.043       7.510       9.952      12.393      12.860      13.774
    WOLDCOMP        -3.313      -2.528      -2.127      -0.030       2.067       2.468       3.253

 WORDACC  WITH
    NONWACC          1.025       1.189       1.273       1.712       2.151       2.236       2.400
    WOLDCOMP        -0.473      -0.323      -0.247       0.153       0.552       0.629       0.778

 NONWACC  WITH
    WOLDCOMP        -0.715      -0.613      -0.561      -0.289      -0.016       0.036       0.138

 F9AGE    WITH
    F8AGE            2.157       2.416       2.548       3.241       3.933       4.066       4.325

 Means
    F8AGE          103.353     103.442     103.487     103.725     103.963     104.008     104.097
    F9AGE          118.096     118.183     118.228     118.460     118.692     118.737     118.824

 Intercepts
    NARAACC          8.233      11.912      13.794      23.621      33.448      35.330      39.009
    WORDACC          3.487       3.863       4.056       5.061       6.065       6.258       6.634
    NONWACC         -0.151       0.479       0.802       2.486       4.170       4.492       5.123
    NARACOMP         0.043       1.905       2.857       7.831      12.806      13.758      15.620
    WOLDCOMP         0.687       1.321       1.645       3.338       5.031       5.356       5.989

 Variances
    F8AGE            9.504       9.923      10.137      11.257      12.376      12.590      13.009
    F9AGE           13.470      13.806      13.978      14.876      15.774      15.946      16.282

 Residual Variances
    NARAACC         94.071     103.192     107.857     132.222     156.586     161.251     170.372
    WORDACC          3.178       3.391       3.500       4.070       4.639       4.748       4.961
    NONWACC          2.902       3.042       3.114       3.487       3.861       3.932       4.072
    NARACOMP        19.926      21.410      22.169      26.133      30.098      30.857      32.341
    WOLDCOMP         2.623       2.743       2.804       3.123       3.443       3.504       3.624

Latent Class 4

 WORDACC  ON
    F9AGE           -0.009      -0.006      -0.005       0.004       0.013       0.015       0.018

 NONWACC  ON
    F9AGE           -0.015      -0.010      -0.007       0.008       0.022       0.025       0.030

 NARAACC  ON
    F9AGE            0.070       0.102       0.119       0.204       0.290       0.306       0.338

 NARACOMP ON
    F9AGE            0.030       0.046       0.055       0.097       0.140       0.148       0.164

 WOLDCOMP ON
    F8AGE            0.009       0.015       0.018       0.034       0.051       0.054       0.060

 NARACOMP WITH
    NARAACC         20.123      23.668      25.480      34.948      44.416      46.229      49.773
    WORDACC         -0.759      -0.461      -0.309       0.486       1.281       1.433       1.731
    NONWACC         -0.840      -0.560      -0.416       0.332       1.079       1.223       1.503
    WOLDCOMP         2.916       3.231       3.392       4.235       5.078       5.239       5.554

 NARAACC  WITH
    WORDACC         -0.421       0.065       0.313       1.612       2.910       3.159       3.645
    NONWACC          0.906       1.384       1.628       2.903       4.178       4.422       4.899
    WOLDCOMP        -1.010      -0.248       0.142       2.177       4.213       4.603       5.365

 WORDACC  WITH
    NONWACC          0.377       0.425       0.450       0.578       0.706       0.730       0.778
    WOLDCOMP        -0.288      -0.225      -0.193      -0.025       0.143       0.175       0.238

 NONWACC  WITH
    WOLDCOMP        -0.550      -0.470      -0.429      -0.215      -0.001       0.040       0.121

 F9AGE    WITH
    F8AGE            2.157       2.416       2.548       3.241       3.933       4.066       4.325

 Means
    F8AGE          103.308     103.380     103.417     103.609     103.802     103.839     103.911
    F9AGE          118.425     118.505     118.546     118.760     118.974     119.015     119.095

 Intercepts
    NARAACC         32.043      35.726      37.610      47.448      57.286      59.170      62.853
    WORDACC          6.329       6.701       6.891       7.884       8.877       9.068       9.439
    NONWACC          2.051       2.690       3.017       4.723       6.429       6.755       7.394
    NARACOMP         7.378       9.264      10.229      15.268      20.306      21.271      23.157
    WOLDCOMP         1.371       2.006       2.331       4.027       5.722       6.047       6.682

 Variances
    F8AGE            9.504       9.923      10.137      11.257      12.376      12.590      13.009
    F9AGE           13.470      13.806      13.978      14.876      15.774      15.946      16.282

 Residual Variances
    NARAACC        103.052     110.206     113.866     132.976     152.086     155.745     162.899
    WORDACC          0.823       0.901       0.941       1.150       1.358       1.398       1.476
    NONWACC          2.941       3.048       3.102       3.386       3.669       3.724       3.830
    NARACOMP        29.394      30.734      31.419      34.998      38.577      39.262      40.602
    WOLDCOMP         2.681       2.819       2.890       3.258       3.627       3.697       3.835

Categorical Latent Variables

 Means
    C#1             -0.822      -0.750      -0.713      -0.520      -0.328      -0.291      -0.219
    C#2             -2.865      -2.718      -2.642      -2.249      -1.857      -1.781      -1.634
    C#3             -0.642      -0.565      -0.526      -0.319      -0.113      -0.074       0.004


CONFIDENCE INTERVALS OF STANDARDIZED MODEL RESULTS


STDYX Standardization

                  Lower .5%  Lower 2.5%    Lower 5%    Estimate    Upper 5%  Upper 2.5%   Upper .5%

Latent Class 1

 WORDACC  ON
    F9AGE           -0.080      -0.052      -0.038       0.035       0.108       0.122       0.149

 NONWACC  ON
    F9AGE           -0.048      -0.031      -0.022       0.023       0.069       0.077       0.094

 NARAACC  ON
    F9AGE            0.038       0.059       0.070       0.127       0.183       0.194       0.215

 NARACOMP ON
    F9AGE            0.022       0.034       0.040       0.073       0.106       0.112       0.124

 WOLDCOMP ON
    F8AGE            0.014       0.024       0.030       0.057       0.085       0.090       0.100

 NARACOMP WITH
    NARAACC          0.284       0.313       0.328       0.406       0.484       0.499       0.528
    WORDACC         -0.106      -0.068      -0.049       0.051       0.151       0.171       0.208
    NONWACC         -0.025       0.006       0.021       0.101       0.182       0.197       0.227
    WOLDCOMP         0.323       0.343       0.353       0.408       0.462       0.472       0.493

 NARAACC  WITH
    WORDACC          0.053       0.089       0.107       0.203       0.298       0.317       0.352
    NONWACC          0.201       0.225       0.238       0.302       0.366       0.379       0.403
    WOLDCOMP         0.129       0.155       0.169       0.239       0.309       0.323       0.349

 WORDACC  WITH
    NONWACC          0.166       0.199       0.216       0.305       0.395       0.412       0.445
    WOLDCOMP        -0.165      -0.131      -0.113      -0.022       0.070       0.088       0.122

 NONWACC  WITH
    WOLDCOMP        -0.063      -0.035      -0.020       0.056       0.132       0.147       0.175

 F9AGE    WITH
    F8AGE            0.181       0.197       0.206       0.250       0.295       0.303       0.320

 Means
    F8AGE           28.424      28.988      29.277      30.783      32.290      32.579      33.143
    F9AGE           29.317      29.658      29.832      30.741      31.651      31.825      32.166

 Intercepts
    NARAACC          7.031       7.788       8.174      10.194      12.214      12.601      13.357
    WORDACC         16.131      16.981      17.416      19.685      21.955      22.390      23.239
    NONWACC          3.219       3.741       4.008       5.403       6.799       7.066       7.588
    NARACOMP         2.315       2.693       2.887       3.898       4.909       5.103       5.482
    WOLDCOMP         0.984       1.298       1.458       2.297       3.136       3.297       3.611

 Variances
    F8AGE            1.000       1.000       1.000       1.000       1.000       1.000       1.000
    F9AGE            1.000       1.000       1.000       1.000       1.000       1.000       1.000

 Residual Variances
    NARAACC          0.962       0.967       0.970       0.984       0.998       1.001       1.006
    WORDACC          0.991       0.993       0.994       0.999       1.004       1.005       1.007
    NONWACC          0.996       0.997       0.997       0.999       1.002       1.002       1.003
    NARACOMP         0.987       0.989       0.990       0.995       0.999       1.000       1.002
    WOLDCOMP         0.992       0.993       0.994       0.997       1.000       1.000       1.002

Latent Class 2

 WORDACC  ON
    F9AGE           -0.042      -0.028      -0.020       0.019       0.058       0.066       0.080

 NONWACC  ON
    F9AGE           -0.076      -0.049      -0.035       0.038       0.111       0.125       0.152

 NARAACC  ON
    F9AGE            0.023       0.038       0.046       0.086       0.126       0.134       0.149

 NARACOMP ON
    F9AGE            0.021       0.034       0.041       0.076       0.111       0.118       0.131

 WOLDCOMP ON
    F8AGE            0.013       0.023       0.029       0.056       0.084       0.089       0.100

 NARACOMP WITH
    NARAACC          0.800       0.823       0.835       0.895       0.956       0.968       0.991
    WORDACC          0.368       0.422       0.450       0.595       0.740       0.768       0.822
    NONWACC          0.130       0.192       0.224       0.391       0.558       0.590       0.652
    WOLDCOMP        -0.295      -0.199      -0.150       0.108       0.365       0.414       0.510

 NARAACC  WITH
    WORDACC          0.412       0.470       0.500       0.655       0.811       0.841       0.899
    NONWACC          0.197       0.254       0.283       0.436       0.589       0.619       0.676
    WOLDCOMP        -0.372      -0.272      -0.220       0.048       0.316       0.368       0.468

 WORDACC  WITH
    NONWACC          0.249       0.304       0.332       0.480       0.627       0.655       0.710
    WOLDCOMP        -0.393      -0.303      -0.257      -0.016       0.225       0.271       0.361

 NONWACC  WITH
    WOLDCOMP        -0.221      -0.121      -0.069       0.200       0.469       0.520       0.621

 F9AGE    WITH
    F8AGE            0.181       0.197       0.206       0.250       0.295       0.303       0.320

 Means
    F8AGE           28.869      29.444      29.737      31.272      32.806      33.100      33.674
    F9AGE           29.447      29.797      29.975      30.909      31.842      32.021      32.370

 Intercepts
    NARAACC         -1.995      -1.567      -1.348      -0.205       0.939       1.158       1.586
    WORDACC         -1.421      -0.967      -0.734       0.479       1.692       1.924       2.378
    NONWACC         -3.795      -2.957      -2.529      -0.292       1.944       2.373       3.210
    NARACOMP        -2.114      -1.714      -1.509      -0.440       0.629       0.834       1.234
    WOLDCOMP        -0.090       0.240       0.409       1.289       2.170       2.339       2.668

 Variances
    F8AGE            1.000       1.000       1.000       1.000       1.000       1.000       1.000
    F9AGE            1.000       1.000       1.000       1.000       1.000       1.000       1.000

 Residual Variances
    NARAACC          0.982       0.984       0.986       0.993       0.999       1.001       1.003
    WORDACC          0.997       0.998       0.998       1.000       1.001       1.001       1.002
    NONWACC          0.990       0.992       0.993       0.999       1.004       1.005       1.007
    NARACOMP         0.986       0.988       0.989       0.994       1.000       1.001       1.003
    WOLDCOMP         0.992       0.993       0.994       0.997       1.000       1.001       1.002

Latent Class 3

 WORDACC  ON
    F9AGE           -0.018      -0.012      -0.009       0.008       0.025       0.028       0.034

 NONWACC  ON
    F9AGE           -0.031      -0.020      -0.014       0.016       0.046       0.051       0.063

 NARAACC  ON
    F9AGE            0.024       0.035       0.040       0.068       0.097       0.102       0.113

 NARACOMP ON
    F9AGE            0.022       0.034       0.041       0.073       0.106       0.112       0.125

 WOLDCOMP ON
    F8AGE            0.016       0.028       0.034       0.065       0.097       0.103       0.114

 NARACOMP WITH
    NARAACC          0.696       0.715       0.725       0.775       0.825       0.835       0.854
    WORDACC          0.409       0.438       0.453       0.530       0.608       0.623       0.652
    NONWACC          0.222       0.250       0.265       0.341       0.417       0.431       0.460
    WOLDCOMP         0.010       0.045       0.063       0.157       0.250       0.268       0.303

 NARAACC  WITH
    WORDACC          0.517       0.539       0.550       0.607       0.665       0.676       0.698
    NONWACC          0.355       0.381       0.394       0.463       0.533       0.546       0.572
    WOLDCOMP        -0.163      -0.124      -0.105      -0.001       0.102       0.121       0.160

 WORDACC  WITH
    NONWACC          0.327       0.357       0.373       0.455       0.536       0.552       0.582
    WOLDCOMP        -0.132      -0.090      -0.069       0.043       0.154       0.176       0.218

 NONWACC  WITH
    WOLDCOMP        -0.217      -0.186      -0.170      -0.087      -0.005       0.011       0.042

 F9AGE    WITH
    F8AGE            0.181       0.197       0.206       0.250       0.295       0.303       0.320

 Means
    F8AGE           28.544      29.111      29.401      30.916      32.430      32.720      33.287
    F9AGE           29.282      29.624      29.799      30.713      31.627      31.803      32.145

 Intercepts
    NARAACC          0.640       0.977       1.150       2.049       2.949       3.121       3.458
    WORDACC          1.674       1.873       1.975       2.508       3.041       3.144       3.343
    NONWACC         -0.086       0.253       0.426       1.331       2.236       2.409       2.748
    NARACOMP        -0.002       0.364       0.551       1.528       2.505       2.692       3.057
    WOLDCOMP         0.375       0.736       0.920       1.885       2.849       3.034       3.395

 Variances
    F8AGE            1.000       1.000       1.000       1.000       1.000       1.000       1.000
    F9AGE            1.000       1.000       1.000       1.000       1.000       1.000       1.000

 Residual Variances
    NARAACC          0.989       0.991       0.991       0.995       0.999       1.000       1.001
    WORDACC          1.000       1.000       1.000       1.000       1.000       1.000       1.000
    NONWACC          0.998       0.999       0.999       1.000       1.001       1.001       1.001
    NARACOMP         0.987       0.989       0.990       0.995       0.999       1.000       1.002
    WOLDCOMP         0.989       0.991       0.992       0.996       1.000       1.001       1.002

Latent Class 4

 WORDACC  ON
    F9AGE           -0.035      -0.023      -0.017       0.015       0.047       0.053       0.065

 NONWACC  ON
    F9AGE           -0.032      -0.020      -0.015       0.016       0.046       0.052       0.064

 NARAACC  ON
    F9AGE            0.022       0.033       0.039       0.068       0.098       0.103       0.115

 NARACOMP ON
    F9AGE            0.019       0.029       0.035       0.063       0.092       0.097       0.108

 WOLDCOMP ON
    F8AGE            0.016       0.027       0.033       0.064       0.095       0.100       0.112

 NARACOMP WITH
    NARAACC          0.378       0.410       0.427       0.512       0.598       0.614       0.646
    WORDACC         -0.107      -0.063      -0.041       0.077       0.194       0.216       0.260
    NONWACC         -0.076      -0.050      -0.037       0.030       0.098       0.111       0.137
    WOLDCOMP         0.307       0.328       0.339       0.397       0.454       0.465       0.486

 NARAACC  WITH
    WORDACC         -0.010       0.023       0.040       0.130       0.220       0.237       0.271
    NONWACC          0.049       0.070       0.081       0.137       0.193       0.204       0.225
    WOLDCOMP        -0.040      -0.006       0.012       0.105       0.197       0.215       0.249

 WORDACC  WITH
    NONWACC          0.212       0.232       0.241       0.293       0.344       0.354       0.373
    WOLDCOMP        -0.150      -0.117      -0.101      -0.013       0.075       0.092       0.124

 NONWACC  WITH
    WOLDCOMP        -0.167      -0.143      -0.130      -0.065       0.001       0.013       0.038

 F9AGE    WITH
    F8AGE            0.181       0.197       0.206       0.250       0.295       0.303       0.320

 Means
    F8AGE           28.517      29.082      29.371      30.881      32.391      32.681      33.246
    F9AGE           29.357      29.700      29.875      30.791      31.707      31.882      32.225

 Intercepts
    NARAACC          2.672       3.014       3.190       4.105       5.021       5.196       5.539
    WORDACC          5.729       6.117       6.315       7.352       8.388       8.587       8.975
    NONWACC          1.099       1.450       1.629       2.566       3.504       3.683       4.034
    NARACOMP         1.235       1.555       1.719       2.576       3.432       3.596       3.916
    WOLDCOMP         0.733       1.090       1.273       2.226       3.180       3.362       3.719

 Variances
    F8AGE            1.000       1.000       1.000       1.000       1.000       1.000       1.000
    F9AGE            1.000       1.000       1.000       1.000       1.000       1.000       1.000

 Residual Variances
    NARAACC          0.989       0.991       0.991       0.995       0.999       1.000       1.002
    WORDACC          0.998       0.999       0.999       1.000       1.001       1.001       1.001
    NONWACC          0.998       0.999       0.999       1.000       1.001       1.001       1.001
    NARACOMP         0.990       0.992       0.992       0.996       1.000       1.000       1.002
    WOLDCOMP         0.990       0.991       0.992       0.996       1.000       1.001       1.002


TECHNICAL 7 OUTPUT


     SAMPLE STATISTICS WEIGHTED BY ESTIMATED CLASS PROBABILITIES FOR CLASS 1


           Means
              NARAACC       WORDACC       NONWACC       NARACOMP      WOLDCOMP
              ________      ________      ________      ________      ________
               87.661         9.690         7.636        31.634         8.217


           Means
              F8AGE         F9AGE
              ________      ________
              103.231       118.569


           Covariances
              NARAACC       WORDACC       NONWACC       NARACOMP      WOLDCOMP
              ________      ________      ________      ________      ________
 NARAACC       38.916
 WORDACC        0.552         0.217
 NONWACC        2.306         0.177         1.554
 NARACOMP      13.067         0.188         0.701        26.407
 WOLDCOMP       3.168         0.056         0.068         4.611         4.088
 F8AGE          1.248         0.718        -0.543         4.330         0.151
 F9AGE          3.553        -0.011         0.017         0.704        -2.203


           Covariances
              F8AGE         F9AGE
              ________      ________
 F8AGE          9.985
 F9AGE        -20.981        14.928


     SAMPLE STATISTICS WEIGHTED BY ESTIMATED CLASS PROBABILITIES FOR CLASS 2


           Means
              NARAACC       WORDACC       NONWACC       NARACOMP      WOLDCOMP
              ________      ________      ________      ________      ________
               22.498         0.913         0.683         9.441         6.258


           Means
              F8AGE         F9AGE
              ________      ________
              104.721       119.214


           Covariances
              NARAACC       WORDACC       NONWACC       NARACOMP      WOLDCOMP
              ________      ________      ________      ________      ________
 NARAACC       83.871
 WORDACC        5.211         0.736
 NONWACC        3.425         0.338         0.606
 NARACOMP      40.444         2.557         1.691        24.292
 WOLDCOMP       2.072         0.001         0.315         1.581         4.150
 F8AGE         23.356         0.878         0.506        10.229        -0.116
 F9AGE          4.341         0.298         0.449         1.687        -6.667


           Covariances
              F8AGE         F9AGE
              ________      ________
 F8AGE         20.991
 F9AGE        -92.528        21.148


     SAMPLE STATISTICS WEIGHTED BY ESTIMATED CLASS PROBABILITIES FOR CLASS 3


           Means
              NARAACC       WORDACC       NONWACC       NARACOMP      WOLDCOMP
              ________      ________      ________      ________      ________
               47.835         5.560         3.386        19.368         6.929


           Means
              F8AGE         F9AGE
              ________      ________
              103.651       118.460


           Covariances
              NARAACC       WORDACC       NONWACC       NARACOMP      WOLDCOMP
              ________      ________      ________      ________      ________
 NARAACC      132.203
 WORDACC       14.151         4.070
 NONWACC       10.049         1.725         3.486
 NARACOMP      45.598         5.496         3.305        26.173
 WOLDCOMP       0.946         0.513        -0.130         2.783         3.139
 F8AGE         18.361         4.807         1.816        18.927         0.270
 F9AGE          1.360         0.170         0.232         0.876        -2.583


           Covariances
              F8AGE         F9AGE
              ________      ________
 F8AGE         11.049
 F9AGE        -32.614        13.750


     SAMPLE STATISTICS WEIGHTED BY ESTIMATED CLASS PROBABILITIES FOR CLASS 4


           Means
              NARAACC       WORDACC       NONWACC       NARACOMP      WOLDCOMP
              ________      ________      ________      ________      ________
               71.724         8.384         5.622        26.834         7.608


           Means
              F8AGE         F9AGE
              ________      ________
              103.532       118.760


           Covariances
              NARAACC       WORDACC       NONWACC       NARACOMP      WOLDCOMP
              ________      ________      ________      ________      ________
 NARAACC      133.563
 WORDACC        1.608         1.151
 NONWACC        2.852         0.578         3.383
 NARACOMP      35.216         0.528         0.338        35.120
 WOLDCOMP       2.318         0.038        -0.143         4.904         3.259
 F8AGE          7.826         0.584         1.245         9.695         0.186
 F9AGE          2.970         0.110        -0.152         1.357        -3.237


           Covariances
              F8AGE         F9AGE
              ________      ________
 F8AGE         11.057
 F9AGE        -33.793        15.002


TECHNICAL 11 OUTPUT

     Random Starts Specifications for the k-1 Class Analysis Model
        Number of initial stage random starts                  20
        Number of final stage optimizations                     4



     VUONG-LO-MENDELL-RUBIN LIKELIHOOD RATIO TEST FOR 3 (H0) VERSUS 4 CLASSES

          H0 Loglikelihood Value                       -59240.168
          2 Times the Loglikelihood Difference            280.557
          Difference in the Number of Parameters               23
          Mean                                             87.061
          Standard Deviation                               53.957
          P-Value                                          0.0077

     LO-MENDELL-RUBIN ADJUSTED LRT TEST

          Value                                           279.066
          P-Value                                          0.0080


TECHNICAL 14 OUTPUT

     Random Starts Specifications for the k-1 Class Analysis Model
        Number of initial stage random starts                  20
        Number of final stage optimizations                     4

     Random Starts Specification for the k-1 Class Model for Generated Data
        Number of initial stage random starts                   0
        Number of final stage optimizations for the
           initial stage random starts                          0
     Random Starts Specification for the k Class Model for Generated Data
        Number of initial stage random starts                 100
        Number of final stage optimizations                    20
     Number of bootstrap draws requested                   Varies


     PARAMETRIC BOOTSTRAPPED LIKELIHOOD RATIO TEST FOR 3 (H0) VERSUS 4 CLASSES

          H0 Loglikelihood Value                       -59240.168
          2 Times the Loglikelihood Difference            280.557
          Difference in the Number of Parameters               23
          Approximate P-Value                              0.0000
          Successful Bootstrap Draws                           10

     WARNING:  OF THE 10 BOOTSTRAP DRAWS, 9 DRAWS HAD BOTH A SMALLER LRT VALUE THAN THE
     OBSERVED LRT VALUE AND NOT A REPLICATED BEST LOGLIKELIHOOD VALUE FOR THE 4-CLASS MODEL.
     THIS MEANS THAT THE P-VALUE MAY NOT BE TRUSTWORTHY DUE TO LOCAL MAXIMA.
     INCREASE THE NUMBER OF RANDOM STARTS USING THE LRTSTARTS OPTION.



PLOT INFORMATION

The following plots are available:

  Histograms (sample values)
  Scatterplots (sample values)
  Estimated overall and class-specific distributions

SAVEDATA INFORMATION


  Save file
    sv_lpa_e_4class.dat

  Order and format of variables

    NARAACC        F10.3
    WORDACC        F10.3
    NONWACC        F10.3
    NARACOMP       F10.3
    WOLDCOMP       F10.3
    F8AGE          F10.3
    F9AGE          F10.3
    CPROB1         F10.3
    CPROB2         F10.3
    CPROB3         F10.3
    CPROB4         F10.3
    C              F10.3
    CIDB3153       I6

  Save file format
    12F10.3 I6

  Save file record length    10000

  Save missing symbol        *


     Beginning Time:  13:56:06
        Ending Time:  13:56:39
       Elapsed Time:  00:00:33



MUTHEN & MUTHEN
3463 Stoner Ave.
Los Angeles, CA  90066

Tel: (310) 391-9971
Fax: (310) 391-8971
Web: www.StatModel.com
Support: Support@StatModel.com

Copyright (c) 1998-2020 Muthen & Muthen
