Mplus VERSION 8.5
MUTHEN & MUTHEN
06/21/2021   1:03 PM

INPUT INSTRUCTIONS

  TITLE:
   LPA Model D: 6 classes;
  DATA:
  FILE = "mplus_models/simpview/lpa/sv_lpa_mbenchmark_71407e46d98e5016017ad9a2654f310f.dat";

  VARIABLE:
  NAMES = cidB3153 f8age f9age naraAcc wordAcc nonwAcc naraComp woldComp;
   MISSING=.;
    classes = c(6);
   AUXILIARY = cidB3153;
  ANALYSIS:
   estimator = mlr; type = mixture;
                                                     starts = 0;
                                                     optseed = 232226;
                                                     processors = 4(starts);
                                                     lrtstarts = 0 0 100 20;
  MODEL:
  %OVERALL%
             f8age; f9age;
             wordAcc nonwAcc naraAcc naraComp on f9age;
             woldcomp on f8age;
   naraComp; naraAcc; wordAcc; nonwAcc; woldComp;

    naraComp with naraAcc;
    naraComp with wordAcc;
    naraComp with nonwAcc;
    naraComp with woldComp;
    naraAcc with wordAcc;
    naraAcc with nonwAcc;
    naraAcc with woldComp;
    wordAcc with nonWacc;
    wordAcc with woldComp;
    nonwAcc with woldComp;
   %c#1%
   naraComp; naraAcc; wordAcc; nonwAcc; woldComp;
   %c#2%
   naraComp; naraAcc; wordAcc; nonwAcc; woldComp;
   %c#3%
   naraComp; naraAcc; wordAcc; nonwAcc; woldComp;
   %c#4%
   naraComp; naraAcc; wordAcc; nonwAcc; woldComp;
   %c#5%
   naraComp; naraAcc; wordAcc; nonwAcc; woldComp;
   %c#6%
   naraComp; naraAcc; wordAcc; nonwAcc; woldComp;
  OUTPUT:
   TECH7 TECH11 TECH14 stdyx CINTERVAL ENTROPY;
  SAVEDATA:
   FILE IS sv_lpa_d_6class.dat; SAVE = cprobabilities;
  PLOT:
  TYPE = PLOT3;



INPUT READING TERMINATED NORMALLY




LPA Model D: 6 classes;

SUMMARY OF ANALYSIS

Number of groups                                                 1
Number of observations                                        3423

Number of dependent variables                                    5
Number of independent variables                                  2
Number of continuous latent variables                            0
Number of categorical latent variables                           1

Observed dependent variables

  Continuous
   NARAACC     WORDACC     NONWACC     NARACOMP    WOLDCOMP

Observed independent variables
   F8AGE       F9AGE

Observed auxiliary variables
   CIDB3153

Categorical latent variables
   C


Estimator                                                      MLR
Information matrix                                        OBSERVED
Optimization Specifications for the Quasi-Newton Algorithm for
Continuous Outcomes
  Maximum number of iterations                                 100
  Convergence criterion                                  0.100D-05
Optimization Specifications for the EM Algorithm
  Maximum number of iterations                                 500
  Convergence criteria
    Loglikelihood change                                 0.100D-06
    Relative loglikelihood change                        0.100D-06
    Derivative                                           0.100D-05
Optimization Specifications for the M step of the EM Algorithm for
Categorical Latent variables
  Number of M step iterations                                    1
  M step convergence criterion                           0.100D-05
  Basis for M step termination                           ITERATION
Optimization Specifications for the M step of the EM Algorithm for
Censored, Binary or Ordered Categorical (Ordinal), Unordered
Categorical (Nominal) and Count Outcomes
  Number of M step iterations                                    1
  M step convergence criterion                           0.100D-05
  Basis for M step termination                           ITERATION
  Maximum value for logit thresholds                            15
  Minimum value for logit thresholds                           -15
  Minimum expected cell size for chi-square              0.100D-01
Maximum number of iterations for H1                           2000
Convergence criterion for H1                             0.100D-03
Optimization algorithm                                         EMA
Random Starts Specifications
  Random seed for analysis                                  232226

Input data file(s)
  mplus_models/simpview/lpa/sv_lpa_mbenchmark_71407e46d98e5016017ad9a2654f310f.d
Input data format  FREE


SUMMARY OF DATA

     Number of missing data patterns             7
     Number of y missing data patterns           7
     Number of u missing data patterns           0


COVARIANCE COVERAGE OF DATA

Minimum covariance coverage value   0.100


     PROPORTION OF DATA PRESENT FOR Y


           Covariance Coverage
              NARAACC       WORDACC       NONWACC       NARACOMP      WOLDCOMP
              ________      ________      ________      ________      ________
 NARAACC        1.000
 WORDACC        0.997         0.997
 NONWACC        0.996         0.996         0.996
 NARACOMP       1.000         0.997         0.996         1.000
 WOLDCOMP       0.852         0.850         0.850         0.852         0.852
 F8AGE          0.861         0.859         0.858         0.861         0.852
 F9AGE          1.000         0.997         0.996         1.000         0.852


           Covariance Coverage
              F8AGE         F9AGE
              ________      ________
 F8AGE          0.861
 F9AGE          0.861         1.000



UNIVARIATE SAMPLE STATISTICS


     UNIVARIATE HIGHER-ORDER MOMENT DESCRIPTIVE STATISTICS

         Variable/         Mean/     Skewness/   Minimum/ % with                Percentiles
        Sample Size      Variance    Kurtosis    Maximum  Min/Max      20%/60%    40%/80%    Median

     NARAACC              66.334      -0.525       0.000    0.06%      48.000     62.000     69.000
            3423.000     417.180      -0.469     100.000    0.06%      76.000     86.000
     WORDACC               7.536      -1.219       0.000    1.93%       6.000      8.000      8.000
            3414.000       6.273       0.849      10.000   23.58%       9.000     10.000
     NONWACC               5.239      -0.308       0.000    4.23%       3.000      5.000      5.000
            3408.000       6.217      -0.688      10.000    1.79%       6.000      8.000
     NARACOMP             25.018      -0.273       0.000    0.09%      18.000     23.000     25.000
            3423.000      62.018      -0.237      44.000    0.03%      28.000     32.000
     WOLDCOMP              7.517       0.082       2.000    0.41%       6.000      7.000      7.000
            2917.000       3.758       0.190      15.000    0.03%       8.000      9.000
     F8AGE               103.533       2.579      94.000    0.03%     102.000    102.000    103.000
            2947.000      11.227       8.561     126.000    0.03%     103.000    105.000
     F9AGE               118.643       1.305     105.000    0.03%     116.000    117.000    118.000
            3423.000      14.907       2.626     139.000    0.06%     119.000    121.000


THE MODEL ESTIMATION TERMINATED NORMALLY



MODEL FIT INFORMATION

Number of Free Parameters                       95

Loglikelihood

          H0 Value                      -58569.618
          H0 Scaling Correction Factor      1.3191
            for MLR

Information Criteria

          Akaike (AIC)                  117329.235
          Bayesian (BIC)                117912.371
          Sample-Size Adjusted BIC      117610.512
            (n* = (n + 2) / 24)



FINAL CLASS COUNTS AND PROPORTIONS FOR THE LATENT CLASSES
BASED ON THE ESTIMATED MODEL

    Latent
   Classes

       1        384.36894          0.11229
       2        855.06749          0.24980
       3        178.76056          0.05222
       4       1179.10452          0.34447
       5        134.81839          0.03939
       6        690.88012          0.20183


FINAL CLASS COUNTS AND PROPORTIONS FOR THE LATENT CLASSES
BASED ON ESTIMATED POSTERIOR PROBABILITIES

    Latent
   Classes

       1        384.36894          0.11229
       2        855.06749          0.24980
       3        178.76056          0.05222
       4       1179.10452          0.34447
       5        134.81839          0.03939
       6        690.88012          0.20183


FINAL CLASS COUNTS AND PROPORTIONS FOR THE LATENT CLASSES
BASED ON THEIR MOST LIKELY LATENT CLASS MEMBERSHIP

Class Counts and Proportions

    Latent
   Classes

       1              375          0.10955
       2              922          0.26935
       3              168          0.04908
       4             1141          0.33333
       5              136          0.03973
       6              681          0.19895


CLASSIFICATION QUALITY

     Entropy                         0.778


           Univariate Entropy
              NARAACC       WORDACC       NONWACC       NARACOMP      WOLDCOMP
              ________      ________      ________      ________      ________
                0.528         0.552         0.376         0.352         0.145


           Univariate Entropy
              F8AGE         F9AGE
              ________      ________
                0.226         0.162


Average Latent Class Probabilities for Most Likely Latent Class Membership (Row)
by Latent Class (Column)

           1        2        3        4        5        6

    1   0.850    0.000    0.004    0.000    0.023    0.124
    2   0.000    0.830    0.003    0.167    0.000    0.000
    3   0.002    0.012    0.910    0.041    0.005    0.030
    4   0.000    0.077    0.013    0.818    0.000    0.092
    5   0.077    0.000    0.001    0.000    0.923    0.000
    6   0.080    0.000    0.011    0.125    0.000    0.784


Classification Probabilities for the Most Likely Latent Class Membership (Column)
by Latent Class (Row)

           1        2        3        4        5        6

    1   0.829    0.000    0.001    0.000    0.027    0.143
    2   0.000    0.895    0.002    0.102    0.000    0.000
    3   0.008    0.013    0.855    0.082    0.001    0.041
    4   0.000    0.130    0.006    0.792    0.000    0.072
    5   0.064    0.000    0.006    0.000    0.931    0.000
    6   0.067    0.000    0.007    0.153    0.000    0.772


Logits for the Classification Probabilities for the Most Likely Latent Class Membership (Column)
by Latent Class (Row)

              1        2        3        4        5        6

    1      1.761  -11.867   -4.894   -6.892   -1.658    0.000
    2     -2.510   11.195    5.220    9.025   -2.510    0.000
    3     -1.694   -1.140    3.033    0.692   -4.377    0.000
    4     -7.795    0.590   -2.514    2.394  -11.188    0.000
    5     11.060    0.000    8.658    0.000   13.744    0.000
    6     -2.443   -7.540   -4.653   -1.621  -12.451    0.000


MODEL RESULTS

                                                    Two-Tailed
                    Estimate       S.E.  Est./S.E.    P-Value

Latent Class 1

 WORDACC    ON
    F9AGE              0.003      0.006      0.570      0.568

 NONWACC    ON
    F9AGE              0.009      0.009      0.925      0.355

 NARAACC    ON
    F9AGE              0.230      0.066      3.469      0.001

 NARACOMP   ON
    F9AGE              0.124      0.030      4.072      0.000

 WOLDCOMP   ON
    F8AGE              0.025      0.017      1.508      0.132

 NARACOMP WITH
    NARAACC           26.230      3.031      8.653      0.000
    WORDACC            0.486      0.146      3.327      0.001
    NONWACC            0.815      0.243      3.358      0.001
    WOLDCOMP           3.437      0.280     12.277      0.000

 NARAACC  WITH
    WORDACC            1.139      0.226      5.035      0.000
    NONWACC            2.756      0.454      6.066      0.000
    WOLDCOMP           2.787      0.615      4.529      0.000

 WORDACC  WITH
    NONWACC            0.247      0.037      6.760      0.000
    WOLDCOMP           0.022      0.045      0.485      0.628

 NONWACC  WITH
    WOLDCOMP           0.019      0.072      0.270      0.787

 F9AGE    WITH
    F8AGE              0.574      0.256      2.244      0.025

 Means
    F8AGE            103.144      0.164    630.539      0.000
    F9AGE            118.290      0.234    505.179      0.000

 Intercepts
    NARAACC           11.905      7.863      1.514      0.130
    WORDACC            3.406      0.726      4.692      0.000
    NONWACC            1.208      1.100      1.098      0.272
    NARACOMP           1.625      3.612      0.450      0.653
    WOLDCOMP           4.314      1.726      2.500      0.012

 Variances
    F8AGE              4.504      0.434     10.383      0.000
    F9AGE             13.674      0.538     25.424      0.000

 Residual Variances
    NARAACC           65.558      5.931     11.053      0.000
    WORDACC            2.004      0.233      8.617      0.000
    NONWACC            2.254      0.220     10.251      0.000
    NARACOMP          19.384      1.865     10.394      0.000
    WOLDCOMP           3.970      0.356     11.145      0.000

Latent Class 2

 WORDACC    ON
    F9AGE              0.003      0.006      0.570      0.568

 NONWACC    ON
    F9AGE              0.009      0.009      0.925      0.355

 NARAACC    ON
    F9AGE              0.230      0.066      3.469      0.001

 NARACOMP   ON
    F9AGE              0.124      0.030      4.072      0.000

 WOLDCOMP   ON
    F8AGE              0.025      0.017      1.508      0.132

 NARACOMP WITH
    NARAACC           26.230      3.031      8.653      0.000
    WORDACC            0.486      0.146      3.327      0.001
    NONWACC            0.815      0.243      3.358      0.001
    WOLDCOMP           3.437      0.280     12.277      0.000

 NARAACC  WITH
    WORDACC            1.139      0.226      5.035      0.000
    NONWACC            2.756      0.454      6.066      0.000
    WOLDCOMP           2.787      0.615      4.529      0.000

 WORDACC  WITH
    NONWACC            0.247      0.037      6.760      0.000
    WOLDCOMP           0.022      0.045      0.485      0.628

 NONWACC  WITH
    WOLDCOMP           0.019      0.072      0.270      0.787

 F9AGE    WITH
    F8AGE              0.574      0.256      2.244      0.025

 Means
    F8AGE            102.721      0.083   1230.404      0.000
    F9AGE            118.380      0.164    722.440      0.000

 Intercepts
    NARAACC           59.297      7.912      7.494      0.000
    WORDACC            9.277      0.695     13.358      0.000
    NONWACC            6.618      1.089      6.078      0.000
    NARACOMP          16.408      3.628      4.523      0.000
    WOLDCOMP           5.540      1.712      3.236      0.001

 Variances
    F8AGE              4.504      0.434     10.383      0.000
    F9AGE             13.674      0.538     25.424      0.000

 Residual Variances
    NARAACC           59.733      8.122      7.354      0.000
    WORDACC            0.243      0.017     14.062      0.000
    NONWACC            1.573      0.130     12.147      0.000
    NARACOMP          33.058      2.065     16.006      0.000
    WOLDCOMP           3.742      0.212     17.625      0.000

Latent Class 3

 WORDACC    ON
    F9AGE              0.003      0.006      0.570      0.568

 NONWACC    ON
    F9AGE              0.009      0.009      0.925      0.355

 NARAACC    ON
    F9AGE              0.230      0.066      3.469      0.001

 NARACOMP   ON
    F9AGE              0.124      0.030      4.072      0.000

 WOLDCOMP   ON
    F8AGE              0.025      0.017      1.508      0.132

 NARACOMP WITH
    NARAACC           26.230      3.031      8.653      0.000
    WORDACC            0.486      0.146      3.327      0.001
    NONWACC            0.815      0.243      3.358      0.001
    WOLDCOMP           3.437      0.280     12.277      0.000

 NARAACC  WITH
    WORDACC            1.139      0.226      5.035      0.000
    NONWACC            2.756      0.454      6.066      0.000
    WOLDCOMP           2.787      0.615      4.529      0.000

 WORDACC  WITH
    NONWACC            0.247      0.037      6.760      0.000
    WOLDCOMP           0.022      0.045      0.485      0.628

 NONWACC  WITH
    WOLDCOMP           0.019      0.072      0.270      0.787

 F9AGE    WITH
    F8AGE              0.574      0.256      2.244      0.025

 Means
    F8AGE            115.165      0.497    231.931      0.000
    F9AGE            123.321      0.627    196.530      0.000

 Intercepts
    NARAACC           37.941      9.335      4.065      0.000
    WORDACC            7.264      0.878      8.276      0.000
    NONWACC            4.156      1.238      3.356      0.001
    NARACOMP           9.237      4.210      2.194      0.028
    WOLDCOMP           4.947      1.947      2.541      0.011

 Variances
    F8AGE              4.504      0.434     10.383      0.000
    F9AGE             13.674      0.538     25.424      0.000

 Residual Variances
    NARAACC          246.893     61.185      4.035      0.000
    WORDACC            4.616      1.965      2.349      0.019
    NONWACC            4.332      0.871      4.973      0.000
    NARACOMP          33.734      8.028      4.202      0.000
    WOLDCOMP           3.630      0.382      9.499      0.000

Latent Class 4

 WORDACC    ON
    F9AGE              0.003      0.006      0.570      0.568

 NONWACC    ON
    F9AGE              0.009      0.009      0.925      0.355

 NARAACC    ON
    F9AGE              0.230      0.066      3.469      0.001

 NARACOMP   ON
    F9AGE              0.124      0.030      4.072      0.000

 WOLDCOMP   ON
    F8AGE              0.025      0.017      1.508      0.132

 NARACOMP WITH
    NARAACC           26.230      3.031      8.653      0.000
    WORDACC            0.486      0.146      3.327      0.001
    NONWACC            0.815      0.243      3.358      0.001
    WOLDCOMP           3.437      0.280     12.277      0.000

 NARAACC  WITH
    WORDACC            1.139      0.226      5.035      0.000
    NONWACC            2.756      0.454      6.066      0.000
    WOLDCOMP           2.787      0.615      4.529      0.000

 WORDACC  WITH
    NONWACC            0.247      0.037      6.760      0.000
    WOLDCOMP           0.022      0.045      0.485      0.628

 NONWACC  WITH
    WOLDCOMP           0.019      0.072      0.270      0.787

 F9AGE    WITH
    F8AGE              0.574      0.256      2.244      0.025

 Means
    F8AGE            102.971      0.079   1307.749      0.000
    F9AGE            118.429      0.140    848.166      0.000

 Intercepts
    NARAACC           45.933      7.923      5.797      0.000
    WORDACC            8.079      0.698     11.568      0.000
    NONWACC            4.660      1.095      4.254      0.000
    NARACOMP          12.928      3.626      3.565      0.000
    WOLDCOMP           4.964      1.723      2.881      0.004

 Variances
    F8AGE              4.504      0.434     10.383      0.000
    F9AGE             13.674      0.538     25.424      0.000

 Residual Variances
    NARAACC          117.062      9.091     12.877      0.000
    WORDACC            0.945      0.082     11.570      0.000
    NONWACC            3.272      0.186     17.640      0.000
    NARACOMP          29.696      1.393     21.312      0.000
    WOLDCOMP           3.178      0.210     15.124      0.000

Latent Class 5

 WORDACC    ON
    F9AGE              0.003      0.006      0.570      0.568

 NONWACC    ON
    F9AGE              0.009      0.009      0.925      0.355

 NARAACC    ON
    F9AGE              0.230      0.066      3.469      0.001

 NARACOMP   ON
    F9AGE              0.124      0.030      4.072      0.000

 WOLDCOMP   ON
    F8AGE              0.025      0.017      1.508      0.132

 NARACOMP WITH
    NARAACC           26.230      3.031      8.653      0.000
    WORDACC            0.486      0.146      3.327      0.001
    NONWACC            0.815      0.243      3.358      0.001
    WOLDCOMP           3.437      0.280     12.277      0.000

 NARAACC  WITH
    WORDACC            1.139      0.226      5.035      0.000
    NONWACC            2.756      0.454      6.066      0.000
    WOLDCOMP           2.787      0.615      4.529      0.000

 WORDACC  WITH
    NONWACC            0.247      0.037      6.760      0.000
    WOLDCOMP           0.022      0.045      0.485      0.628

 NONWACC  WITH
    WOLDCOMP           0.019      0.072      0.270      0.787

 F9AGE    WITH
    F8AGE              0.574      0.256      2.244      0.025

 Means
    F8AGE            104.010      1.047     99.294      0.000
    F9AGE            119.109      0.516    230.639      0.000

 Intercepts
    NARAACC           -6.907      7.731     -0.893      0.372
    WORDACC            0.312      0.692      0.451      0.652
    NONWACC           -0.370      1.091     -0.339      0.735
    NARACOMP          -6.394      3.553     -1.800      0.072
    WOLDCOMP           3.696      1.760      2.099      0.036

 Variances
    F8AGE              4.504      0.434     10.383      0.000
    F9AGE             13.674      0.538     25.424      0.000

 Residual Variances
    NARAACC           64.108     10.335      6.203      0.000
    WORDACC            0.520      0.077      6.736      0.000
    NONWACC            0.697      0.115      6.074      0.000
    NARACOMP          18.558      1.605     11.565      0.000
    WOLDCOMP           4.851      0.732      6.631      0.000

Latent Class 6

 WORDACC    ON
    F9AGE              0.003      0.006      0.570      0.568

 NONWACC    ON
    F9AGE              0.009      0.009      0.925      0.355

 NARAACC    ON
    F9AGE              0.230      0.066      3.469      0.001

 NARACOMP   ON
    F9AGE              0.124      0.030      4.072      0.000

 WOLDCOMP   ON
    F8AGE              0.025      0.017      1.508      0.132

 NARACOMP WITH
    NARAACC           26.230      3.031      8.653      0.000
    WORDACC            0.486      0.146      3.327      0.001
    NONWACC            0.815      0.243      3.358      0.001
    WOLDCOMP           3.437      0.280     12.277      0.000

 NARAACC  WITH
    WORDACC            1.139      0.226      5.035      0.000
    NONWACC            2.756      0.454      6.066      0.000
    WOLDCOMP           2.787      0.615      4.529      0.000

 WORDACC  WITH
    NONWACC            0.247      0.037      6.760      0.000
    WOLDCOMP           0.022      0.045      0.485      0.628

 NONWACC  WITH
    WOLDCOMP           0.019      0.072      0.270      0.787

 F9AGE    WITH
    F8AGE              0.574      0.256      2.244      0.025

 Means
    F8AGE            103.025      0.107    959.489      0.000
    F9AGE            118.228      0.161    732.297      0.000

 Intercepts
    NARAACC           26.519      7.903      3.355      0.001
    WORDACC            6.233      0.739      8.432      0.000
    NONWACC            3.091      1.117      2.766      0.006
    NARACOMP           6.608      3.601      1.835      0.067
    WOLDCOMP           4.413      1.719      2.567      0.010

 Variances
    F8AGE              4.504      0.434     10.383      0.000
    F9AGE             13.674      0.538     25.424      0.000

 Residual Variances
    NARAACC           83.240      8.694      9.575      0.000
    WORDACC            1.742      0.152     11.434      0.000
    NONWACC            2.835      0.161     17.581      0.000
    NARACOMP          22.389      1.776     12.605      0.000
    WOLDCOMP           3.437      0.261     13.168      0.000

Categorical Latent Variables

 Means
    C#1               -0.586      0.153     -3.837      0.000
    C#2                0.213      0.125      1.704      0.088
    C#3               -1.352      0.127    -10.661      0.000
    C#4                0.535      0.116      4.614      0.000
    C#5               -1.634      0.142    -11.492      0.000


STANDARDIZED MODEL RESULTS


STDYX Standardization

                                                    Two-Tailed
                    Estimate       S.E.  Est./S.E.    P-Value

Latent Class 1

 WORDACC    ON
    F9AGE              0.009      0.015      0.569      0.569

 NONWACC    ON
    F9AGE              0.021      0.023      0.923      0.356

 NARAACC    ON
    F9AGE              0.105      0.030      3.519      0.000

 NARACOMP   ON
    F9AGE              0.104      0.026      4.051      0.000

 WOLDCOMP   ON
    F8AGE              0.027      0.018      1.506      0.132

 NARACOMP WITH
    NARAACC            0.736      0.034     21.776      0.000
    WORDACC            0.078      0.023      3.466      0.001
    NONWACC            0.123      0.032      3.812      0.000
    WOLDCOMP           0.392      0.026     15.060      0.000

 NARAACC  WITH
    WORDACC            0.099      0.020      4.973      0.000
    NONWACC            0.227      0.032      6.977      0.000
    WOLDCOMP           0.173      0.036      4.865      0.000

 WORDACC  WITH
    NONWACC            0.116      0.018      6.336      0.000
    WOLDCOMP           0.008      0.016      0.484      0.629

 NONWACC  WITH
    WOLDCOMP           0.007      0.024      0.270      0.787

 F9AGE    WITH
    F8AGE              0.073      0.031      2.394      0.017

 Means
    F8AGE             48.601      2.339     20.777      0.000
    F9AGE             31.989      0.625     51.144      0.000

 Intercepts
    NARAACC            1.462      0.979      1.493      0.135
    WORDACC            2.406      0.508      4.740      0.000
    NONWACC            0.804      0.730      1.102      0.270
    NARACOMP           0.367      0.818      0.449      0.654
    WOLDCOMP           2.165      0.873      2.480      0.013

 Variances
    F8AGE              1.000      0.000    999.000    999.000
    F9AGE              1.000      0.000    999.000    999.000

 Residual Variances
    NARAACC            0.989      0.006    159.334      0.000
    WORDACC            1.000      0.000   3661.422      0.000
    NONWACC            1.000      0.001   1050.673      0.000
    NARACOMP           0.989      0.005    186.568      0.000
    WOLDCOMP           0.999      0.001   1047.242      0.000

Latent Class 2

 WORDACC    ON
    F9AGE              0.025      0.045      0.568      0.570

 NONWACC    ON
    F9AGE              0.025      0.027      0.922      0.356

 NARAACC    ON
    F9AGE              0.109      0.032      3.473      0.001

 NARACOMP   ON
    F9AGE              0.080      0.020      4.069      0.000

 WOLDCOMP   ON
    F8AGE              0.028      0.018      1.506      0.132

 NARACOMP WITH
    NARAACC            0.590      0.028     21.382      0.000
    WORDACC            0.171      0.047      3.664      0.000
    NONWACC            0.113      0.032      3.540      0.000
    WOLDCOMP           0.309      0.024     13.117      0.000

 NARAACC  WITH
    WORDACC            0.299      0.049      6.072      0.000
    NONWACC            0.284      0.035      8.107      0.000
    WOLDCOMP           0.186      0.036      5.228      0.000

 WORDACC  WITH
    NONWACC            0.399      0.044      9.151      0.000
    WOLDCOMP           0.023      0.047      0.487      0.626

 NONWACC  WITH
    WOLDCOMP           0.008      0.030      0.270      0.787

 F9AGE    WITH
    F8AGE              0.073      0.031      2.394      0.017

 Means
    F8AGE             48.402      2.317     20.891      0.000
    F9AGE             32.013      0.617     51.866      0.000

 Intercepts
    NARAACC            7.626      1.234      6.181      0.000
    WORDACC           18.796      1.492     12.596      0.000
    NONWACC            5.275      0.900      5.860      0.000
    NARACOMP           2.845      0.649      4.384      0.000
    WOLDCOMP           2.863      0.887      3.227      0.001

 Variances
    F8AGE              1.000      0.000    999.000    999.000
    F9AGE              1.000      0.000    999.000    999.000

 Residual Variances
    NARAACC            0.988      0.007    143.278      0.000
    WORDACC            0.999      0.002    443.976      0.000
    NONWACC            0.999      0.001    732.797      0.000
    NARACOMP           0.994      0.003    319.584      0.000
    WOLDCOMP           0.999      0.001    987.404      0.000

Latent Class 3

 WORDACC    ON
    F9AGE              0.006      0.010      0.569      0.570

 NONWACC    ON
    F9AGE              0.015      0.016      0.927      0.354

 NARAACC    ON
    F9AGE              0.054      0.016      3.284      0.001

 NARACOMP   ON
    F9AGE              0.079      0.020      3.846      0.000

 WOLDCOMP   ON
    F8AGE              0.028      0.019      1.506      0.132

 NARACOMP WITH
    NARAACC            0.287      0.070      4.091      0.000
    WORDACC            0.039      0.016      2.501      0.012
    NONWACC            0.067      0.023      2.975      0.003
    WOLDCOMP           0.311      0.039      8.058      0.000

 NARAACC  WITH
    WORDACC            0.034      0.013      2.599      0.009
    NONWACC            0.084      0.023      3.715      0.000
    WOLDCOMP           0.093      0.019      4.796      0.000

 WORDACC  WITH
    NONWACC            0.055      0.020      2.748      0.006
    WOLDCOMP           0.005      0.011      0.501      0.616

 NONWACC  WITH
    WOLDCOMP           0.005      0.018      0.273      0.785

 F9AGE    WITH
    F8AGE              0.073      0.031      2.394      0.017

 Means
    F8AGE             54.265      2.580     21.031      0.000
    F9AGE             33.350      0.711     46.881      0.000

 Intercepts
    NARAACC            2.411      0.761      3.168      0.002
    WORDACC            3.381      0.997      3.392      0.001
    NONWACC            1.997      0.684      2.917      0.004
    NARACOMP           1.585      0.807      1.964      0.050
    WOLDCOMP           2.596      1.031      2.517      0.012

 Variances
    F8AGE              1.000      0.000    999.000    999.000
    F9AGE              1.000      0.000    999.000    999.000

 Residual Variances
    NARAACC            0.997      0.002    559.957      0.000
    WORDACC            1.000      0.000   8423.336      0.000
    NONWACC            1.000      0.000   2027.878      0.000
    NARACOMP           0.994      0.003    308.228      0.000
    WOLDCOMP           0.999      0.001    957.595      0.000

Latent Class 4

 WORDACC    ON
    F9AGE              0.013      0.023      0.567      0.571

 NONWACC    ON
    F9AGE              0.017      0.019      0.923      0.356

 NARAACC    ON
    F9AGE              0.078      0.023      3.484      0.000

 NARACOMP   ON
    F9AGE              0.084      0.021      4.045      0.000

 WOLDCOMP   ON
    F8AGE              0.030      0.020      1.507      0.132

 NARACOMP WITH
    NARAACC            0.445      0.035     12.860      0.000
    WORDACC            0.092      0.026      3.521      0.000
    NONWACC            0.083      0.023      3.533      0.000
    WOLDCOMP           0.354      0.024     14.850      0.000

 NARAACC  WITH
    WORDACC            0.108      0.019      5.773      0.000
    NONWACC            0.141      0.020      7.216      0.000
    WOLDCOMP           0.144      0.028      5.110      0.000

 WORDACC  WITH
    NONWACC            0.140      0.018      7.715      0.000
    WOLDCOMP           0.013      0.026      0.488      0.626

 NONWACC  WITH
    WOLDCOMP           0.006      0.022      0.271      0.786

 F9AGE    WITH
    F8AGE              0.073      0.031      2.394      0.017

 Means
    F8AGE             48.519      2.334     20.788      0.000
    F9AGE             32.027      0.618     51.793      0.000

 Intercepts
    NARAACC            4.232      0.781      5.416      0.000
    WORDACC            8.311      0.770     10.797      0.000
    NONWACC            2.576      0.611      4.214      0.000
    NARACOMP           2.364      0.669      3.531      0.000
    WOLDCOMP           2.783      0.972      2.865      0.004

 Variances
    F8AGE              1.000      0.000    999.000    999.000
    F9AGE              1.000      0.000    999.000    999.000

 Residual Variances
    NARAACC            0.994      0.004    281.643      0.000
    WORDACC            1.000      0.001   1719.819      0.000
    NONWACC            1.000      0.001   1525.992      0.000
    NARACOMP           0.993      0.003    285.385      0.000
    WOLDCOMP           0.999      0.001    839.099      0.000

Latent Class 5

 WORDACC    ON
    F9AGE              0.017      0.030      0.572      0.567

 NONWACC    ON
    F9AGE              0.038      0.041      0.914      0.361

 NARAACC    ON
    F9AGE              0.106      0.030      3.489      0.000

 NARACOMP   ON
    F9AGE              0.106      0.026      4.036      0.000

 WOLDCOMP   ON
    F8AGE              0.024      0.016      1.493      0.136

 NARACOMP WITH
    NARAACC            0.760      0.043     17.497      0.000
    WORDACC            0.156      0.046      3.368      0.001
    NONWACC            0.227      0.060      3.806      0.000
    WOLDCOMP           0.362      0.033     10.895      0.000

 NARAACC  WITH
    WORDACC            0.197      0.043      4.561      0.000
    NONWACC            0.412      0.053      7.819      0.000
    WOLDCOMP           0.158      0.031      5.091      0.000

 WORDACC  WITH
    NONWACC            0.410      0.069      5.940      0.000
    WOLDCOMP           0.014      0.028      0.487      0.626

 NONWACC  WITH
    WOLDCOMP           0.011      0.039      0.271      0.787

 F9AGE    WITH
    F8AGE              0.073      0.031      2.394      0.017

 Means
    F8AGE             49.009      1.963     24.973      0.000
    F9AGE             32.210      0.634     50.789      0.000

 Intercepts
    NARAACC           -0.858      0.956     -0.897      0.370
    WORDACC            0.432      0.959      0.451      0.652
    NONWACC           -0.443      1.313     -0.337      0.736
    NARACOMP          -1.476      0.818     -1.805      0.071
    WOLDCOMP           1.677      0.804      2.085      0.037

 Variances
    F8AGE              1.000      0.000    999.000    999.000
    F9AGE              1.000      0.000    999.000    999.000

 Residual Variances
    NARAACC            0.989      0.006    154.475      0.000
    WORDACC            1.000      0.001    955.328      0.000
    NONWACC            0.999      0.003    321.652      0.000
    NARACOMP           0.989      0.006    177.966      0.000
    WOLDCOMP           0.999      0.001   1268.781      0.000

Latent Class 6

 WORDACC    ON
    F9AGE              0.009      0.017      0.569      0.569

 NONWACC    ON
    F9AGE              0.019      0.020      0.923      0.356

 NARAACC    ON
    F9AGE              0.093      0.026      3.519      0.000

 NARACOMP   ON
    F9AGE              0.097      0.024      4.063      0.000

 WOLDCOMP   ON
    F8AGE              0.029      0.019      1.509      0.131

 NARACOMP WITH
    NARAACC            0.608      0.045     13.520      0.000
    WORDACC            0.078      0.022      3.477      0.001
    NONWACC            0.102      0.028      3.599      0.000
    WOLDCOMP           0.392      0.029     13.652      0.000

 NARAACC  WITH
    WORDACC            0.095      0.018      5.224      0.000
    NONWACC            0.179      0.027      6.575      0.000
    WOLDCOMP           0.165      0.034      4.860      0.000

 WORDACC  WITH
    NONWACC            0.111      0.016      6.862      0.000
    WOLDCOMP           0.009      0.019      0.484      0.629

 NONWACC  WITH
    WOLDCOMP           0.006      0.023      0.270      0.787

 F9AGE    WITH
    F8AGE              0.073      0.031      2.394      0.017

 Means
    F8AGE             48.545      2.320     20.921      0.000
    F9AGE             31.972      0.620     51.562      0.000

 Intercepts
    NARAACC            2.894      0.893      3.241      0.001
    WORDACC            4.722      0.589      8.016      0.000
    NONWACC            1.835      0.666      2.755      0.006
    NARACOMP           1.390      0.763      1.822      0.068
    WOLDCOMP           2.379      0.935      2.545      0.011

 Variances
    F8AGE              1.000      0.000    999.000    999.000
    F9AGE              1.000      0.000    999.000    999.000

 Residual Variances
    NARAACC            0.991      0.005    202.272      0.000
    WORDACC            1.000      0.000   3179.535      0.000
    NONWACC            1.000      0.001   1322.012      0.000
    NARACOMP           0.991      0.005    216.126      0.000
    WOLDCOMP           0.999      0.001    909.027      0.000


R-SQUARE

Class 1

    Observed                                        Two-Tailed
    Variable        Estimate       S.E.  Est./S.E.    P-Value

    NARAACC            0.011      0.006      1.760      0.078
    WORDACC            0.000      0.000      0.285      0.776
    NONWACC            0.000      0.001      0.461      0.644
    NARACOMP           0.011      0.005      2.026      0.043
    WOLDCOMP           0.001      0.001      0.753      0.452

Class 2

    Observed                                        Two-Tailed
    Variable        Estimate       S.E.  Est./S.E.    P-Value

    NARAACC            0.012      0.007      1.737      0.082
    WORDACC            0.001      0.002      0.284      0.776
    NONWACC            0.001      0.001      0.461      0.645
    NARACOMP           0.006      0.003      2.035      0.042
    WOLDCOMP           0.001      0.001      0.753      0.452

Class 3

    Observed                                        Two-Tailed
    Variable        Estimate       S.E.  Est./S.E.    P-Value

    NARAACC            0.003      0.002      1.642      0.101
    WORDACC            0.000      0.000      0.284      0.776
    NONWACC            0.000      0.000      0.463      0.643
    NARACOMP           0.006      0.003      1.923      0.054
    WOLDCOMP           0.001      0.001      0.753      0.452

Class 4

    Observed                                        Two-Tailed
    Variable        Estimate       S.E.  Est./S.E.    P-Value

    NARAACC            0.006      0.004      1.742      0.082
    WORDACC            0.000      0.001      0.284      0.777
    NONWACC            0.000      0.001      0.462      0.644
    NARACOMP           0.007      0.003      2.023      0.043
    WOLDCOMP           0.001      0.001      0.753      0.451

Class 5

    Observed                                        Two-Tailed
    Variable        Estimate       S.E.  Est./S.E.    P-Value

    NARAACC            0.011      0.006      1.745      0.081
    WORDACC            0.000      0.001      0.286      0.775
    NONWACC            0.001      0.003      0.457      0.648
    NARACOMP           0.011      0.006      2.018      0.044
    WOLDCOMP           0.001      0.001      0.746      0.455

Class 6

    Observed                                        Two-Tailed
    Variable        Estimate       S.E.  Est./S.E.    P-Value

    NARAACC            0.009      0.005      1.759      0.079
    WORDACC            0.000      0.000      0.284      0.776
    NONWACC            0.000      0.001      0.462      0.644
    NARACOMP           0.009      0.005      2.032      0.042
    WOLDCOMP           0.001      0.001      0.755      0.450


QUALITY OF NUMERICAL RESULTS

     Condition Number for the Information Matrix              0.543E-08
       (ratio of smallest to largest eigenvalue)


CONFIDENCE INTERVALS OF MODEL RESULTS

                  Lower .5%  Lower 2.5%    Lower 5%    Estimate    Upper 5%  Upper 2.5%   Upper .5%

Latent Class 1

 WORDACC  ON
    F9AGE           -0.012      -0.008      -0.006       0.003       0.013       0.015       0.019

 NONWACC  ON
    F9AGE           -0.015      -0.010      -0.007       0.009       0.024       0.027       0.032

 NARAACC  ON
    F9AGE            0.059       0.100       0.121       0.230       0.339       0.360       0.401

 NARACOMP ON
    F9AGE            0.046       0.064       0.074       0.124       0.174       0.184       0.203

 WOLDCOMP ON
    F8AGE           -0.018      -0.008      -0.002       0.025       0.053       0.058       0.068

 NARACOMP WITH
    NARAACC         18.422      20.288      21.243      26.230      31.216      32.171      34.038
    WORDACC          0.110       0.200       0.246       0.486       0.726       0.772       0.862
    NONWACC          0.190       0.339       0.416       0.815       1.214       1.291       1.440
    WOLDCOMP         2.716       2.888       2.976       3.437       3.897       3.986       4.158

 NARAACC  WITH
    WORDACC          0.556       0.695       0.767       1.139       1.511       1.582       1.721
    NONWACC          1.586       1.865       2.008       2.756       3.503       3.646       3.926
    WOLDCOMP         1.202       1.581       1.775       2.787       3.799       3.993       4.372

 WORDACC  WITH
    NONWACC          0.153       0.175       0.187       0.247       0.307       0.318       0.341
    WOLDCOMP        -0.095      -0.067      -0.053       0.022       0.097       0.111       0.139

 NONWACC  WITH
    WOLDCOMP        -0.166      -0.122      -0.099       0.019       0.138       0.161       0.205

 F9AGE    WITH
    F8AGE           -0.085       0.073       0.153       0.574       0.995       1.076       1.234

 Means
    F8AGE          102.722     102.823     102.875     103.144     103.413     103.464     103.565
    F9AGE          117.687     117.831     117.905     118.290     118.676     118.749     118.894

 Intercepts
    NARAACC         -8.349      -3.507      -1.030      11.905      24.839      27.316      32.158
    WORDACC          1.536       1.983       2.212       3.406       4.601       4.829       5.276
    NONWACC         -1.625      -0.947      -0.601       1.208       3.016       3.363       4.040
    NARACOMP        -7.679      -5.455      -4.317       1.625       7.567       8.705      10.929
    WOLDCOMP        -0.131       0.932       1.475       4.314       7.153       7.697       8.760

 Variances
    F8AGE            3.387       3.654       3.790       4.504       5.218       5.354       5.621
    F9AGE           12.289      12.620      12.789      13.674      14.559      14.728      15.059

 Residual Variances
    NARAACC         50.281      53.933      55.802      65.558      75.315      77.183      80.835
    WORDACC          1.405       1.548       1.622       2.004       2.387       2.460       2.603
    NONWACC          1.688       1.823       1.892       2.254       2.616       2.685       2.820
    NARACOMP        14.580      15.729      16.316      19.384      22.452      23.039      24.188
    WOLDCOMP         3.052       3.272       3.384       3.970       4.556       4.668       4.887

Latent Class 2

 WORDACC  ON
    F9AGE           -0.012      -0.008      -0.006       0.003       0.013       0.015       0.019

 NONWACC  ON
    F9AGE           -0.015      -0.010      -0.007       0.009       0.024       0.027       0.032

 NARAACC  ON
    F9AGE            0.059       0.100       0.121       0.230       0.339       0.360       0.401

 NARACOMP ON
    F9AGE            0.046       0.064       0.074       0.124       0.174       0.184       0.203

 WOLDCOMP ON
    F8AGE           -0.018      -0.008      -0.002       0.025       0.053       0.058       0.068

 NARACOMP WITH
    NARAACC         18.422      20.288      21.243      26.230      31.216      32.171      34.038
    WORDACC          0.110       0.200       0.246       0.486       0.726       0.772       0.862
    NONWACC          0.190       0.339       0.416       0.815       1.214       1.291       1.440
    WOLDCOMP         2.716       2.888       2.976       3.437       3.897       3.986       4.158

 NARAACC  WITH
    WORDACC          0.556       0.695       0.767       1.139       1.511       1.582       1.721
    NONWACC          1.586       1.865       2.008       2.756       3.503       3.646       3.926
    WOLDCOMP         1.202       1.581       1.775       2.787       3.799       3.993       4.372

 WORDACC  WITH
    NONWACC          0.153       0.175       0.187       0.247       0.307       0.318       0.341
    WOLDCOMP        -0.095      -0.067      -0.053       0.022       0.097       0.111       0.139

 NONWACC  WITH
    WOLDCOMP        -0.166      -0.122      -0.099       0.019       0.138       0.161       0.205

 F9AGE    WITH
    F8AGE           -0.085       0.073       0.153       0.574       0.995       1.076       1.234

 Means
    F8AGE          102.506     102.558     102.584     102.721     102.859     102.885     102.936
    F9AGE          117.958     118.059     118.111     118.380     118.650     118.701     118.802

 Intercepts
    NARAACC         38.917      43.789      46.281      59.297      72.313      74.805      79.678
    WORDACC          7.488       7.916       8.135       9.277      10.420      10.639      11.066
    NONWACC          3.813       4.484       4.827       6.618       8.409       8.752       9.422
    NARACOMP         7.064       9.298      10.441      16.408      22.376      23.518      25.752
    WOLDCOMP         1.130       2.184       2.723       5.540       8.357       8.896       9.950

 Variances
    F8AGE            3.387       3.654       3.790       4.504       5.218       5.354       5.621
    F9AGE           12.289      12.620      12.789      13.674      14.559      14.728      15.059

 Residual Variances
    NARAACC         38.812      43.814      46.372      59.733      73.094      75.652      80.654
    WORDACC          0.199       0.210       0.215       0.243       0.272       0.277       0.288
    NONWACC          1.240       1.319       1.360       1.573       1.786       1.827       1.907
    NARACOMP        27.738      29.010      29.660      33.058      36.455      37.106      38.378
    WOLDCOMP         3.195       3.326       3.393       3.742       4.092       4.158       4.289

Latent Class 3

 WORDACC  ON
    F9AGE           -0.012      -0.008      -0.006       0.003       0.013       0.015       0.019

 NONWACC  ON
    F9AGE           -0.015      -0.010      -0.007       0.009       0.024       0.027       0.032

 NARAACC  ON
    F9AGE            0.059       0.100       0.121       0.230       0.339       0.360       0.401

 NARACOMP ON
    F9AGE            0.046       0.064       0.074       0.124       0.174       0.184       0.203

 WOLDCOMP ON
    F8AGE           -0.018      -0.008      -0.002       0.025       0.053       0.058       0.068

 NARACOMP WITH
    NARAACC         18.422      20.288      21.243      26.230      31.216      32.171      34.038
    WORDACC          0.110       0.200       0.246       0.486       0.726       0.772       0.862
    NONWACC          0.190       0.339       0.416       0.815       1.214       1.291       1.440
    WOLDCOMP         2.716       2.888       2.976       3.437       3.897       3.986       4.158

 NARAACC  WITH
    WORDACC          0.556       0.695       0.767       1.139       1.511       1.582       1.721
    NONWACC          1.586       1.865       2.008       2.756       3.503       3.646       3.926
    WOLDCOMP         1.202       1.581       1.775       2.787       3.799       3.993       4.372

 WORDACC  WITH
    NONWACC          0.153       0.175       0.187       0.247       0.307       0.318       0.341
    WOLDCOMP        -0.095      -0.067      -0.053       0.022       0.097       0.111       0.139

 NONWACC  WITH
    WOLDCOMP        -0.166      -0.122      -0.099       0.019       0.138       0.161       0.205

 F9AGE    WITH
    F8AGE           -0.085       0.073       0.153       0.574       0.995       1.076       1.234

 Means
    F8AGE          113.886     114.192     114.348     115.165     115.982     116.138     116.444
    F9AGE          121.705     122.091     122.289     123.321     124.354     124.551     124.938

 Intercepts
    NARAACC         13.897      19.645      22.586      37.941      53.297      56.237      61.986
    WORDACC          5.004       5.544       5.821       7.264       8.708       8.985       9.525
    NONWACC          0.967       1.729       2.119       4.156       6.193       6.583       7.346
    NARACOMP        -1.607       0.986       2.312       9.237      16.163      17.489      20.082
    WOLDCOMP        -0.067       1.132       1.745       4.947       8.149       8.763       9.961

 Variances
    F8AGE            3.387       3.654       3.790       4.504       5.218       5.354       5.621
    F9AGE           12.289      12.620      12.789      13.674      14.559      14.728      15.059

 Residual Variances
    NARAACC         89.293     126.971     146.244     246.893     347.543     366.816     404.493
    WORDACC         -0.445       0.765       1.384       4.616       7.848       8.466       9.676
    NONWACC          2.088       2.625       2.899       4.332       5.765       6.040       6.576
    NARACOMP        13.056      17.999      20.528      33.734      46.939      49.468      54.412
    WOLDCOMP         2.646       2.881       3.001       3.630       4.258       4.379       4.614

Latent Class 4

 WORDACC  ON
    F9AGE           -0.012      -0.008      -0.006       0.003       0.013       0.015       0.019

 NONWACC  ON
    F9AGE           -0.015      -0.010      -0.007       0.009       0.024       0.027       0.032

 NARAACC  ON
    F9AGE            0.059       0.100       0.121       0.230       0.339       0.360       0.401

 NARACOMP ON
    F9AGE            0.046       0.064       0.074       0.124       0.174       0.184       0.203

 WOLDCOMP ON
    F8AGE           -0.018      -0.008      -0.002       0.025       0.053       0.058       0.068

 NARACOMP WITH
    NARAACC         18.422      20.288      21.243      26.230      31.216      32.171      34.038
    WORDACC          0.110       0.200       0.246       0.486       0.726       0.772       0.862
    NONWACC          0.190       0.339       0.416       0.815       1.214       1.291       1.440
    WOLDCOMP         2.716       2.888       2.976       3.437       3.897       3.986       4.158

 NARAACC  WITH
    WORDACC          0.556       0.695       0.767       1.139       1.511       1.582       1.721
    NONWACC          1.586       1.865       2.008       2.756       3.503       3.646       3.926
    WOLDCOMP         1.202       1.581       1.775       2.787       3.799       3.993       4.372

 WORDACC  WITH
    NONWACC          0.153       0.175       0.187       0.247       0.307       0.318       0.341
    WOLDCOMP        -0.095      -0.067      -0.053       0.022       0.097       0.111       0.139

 NONWACC  WITH
    WOLDCOMP        -0.166      -0.122      -0.099       0.019       0.138       0.161       0.205

 F9AGE    WITH
    F8AGE           -0.085       0.073       0.153       0.574       0.995       1.076       1.234

 Means
    F8AGE          102.768     102.816     102.841     102.971     103.100     103.125     103.174
    F9AGE          118.070     118.156     118.200     118.429     118.659     118.703     118.789

 Intercepts
    NARAACC         25.525      30.404      32.900      45.933      58.967      61.463      66.342
    WORDACC          6.280       6.710       6.930       8.079       9.228       9.448       9.878
    NONWACC          1.838       2.513       2.858       4.660       6.462       6.807       7.481
    NARACOMP         3.588       5.821       6.963      12.928      18.893      20.035      22.268
    WOLDCOMP         0.526       1.587       2.130       4.964       7.798       8.341       9.402

 Variances
    F8AGE            3.387       3.654       3.790       4.504       5.218       5.354       5.621
    F9AGE           12.289      12.620      12.789      13.674      14.559      14.728      15.059

 Residual Variances
    NARAACC         93.645      99.243     102.107     117.062     132.017     134.880     140.479
    WORDACC          0.734       0.785       0.810       0.945       1.079       1.105       1.155
    NONWACC          2.795       2.909       2.967       3.272       3.577       3.636       3.750
    NARACOMP        26.107      26.965      27.404      29.696      31.988      32.427      33.285
    WOLDCOMP         2.637       2.766       2.832       3.178       3.523       3.590       3.719

Latent Class 5

 WORDACC  ON
    F9AGE           -0.012      -0.008      -0.006       0.003       0.013       0.015       0.019

 NONWACC  ON
    F9AGE           -0.015      -0.010      -0.007       0.009       0.024       0.027       0.032

 NARAACC  ON
    F9AGE            0.059       0.100       0.121       0.230       0.339       0.360       0.401

 NARACOMP ON
    F9AGE            0.046       0.064       0.074       0.124       0.174       0.184       0.203

 WOLDCOMP ON
    F8AGE           -0.018      -0.008      -0.002       0.025       0.053       0.058       0.068

 NARACOMP WITH
    NARAACC         18.422      20.288      21.243      26.230      31.216      32.171      34.038
    WORDACC          0.110       0.200       0.246       0.486       0.726       0.772       0.862
    NONWACC          0.190       0.339       0.416       0.815       1.214       1.291       1.440
    WOLDCOMP         2.716       2.888       2.976       3.437       3.897       3.986       4.158

 NARAACC  WITH
    WORDACC          0.556       0.695       0.767       1.139       1.511       1.582       1.721
    NONWACC          1.586       1.865       2.008       2.756       3.503       3.646       3.926
    WOLDCOMP         1.202       1.581       1.775       2.787       3.799       3.993       4.372

 WORDACC  WITH
    NONWACC          0.153       0.175       0.187       0.247       0.307       0.318       0.341
    WOLDCOMP        -0.095      -0.067      -0.053       0.022       0.097       0.111       0.139

 NONWACC  WITH
    WOLDCOMP        -0.166      -0.122      -0.099       0.019       0.138       0.161       0.205

 F9AGE    WITH
    F8AGE           -0.085       0.073       0.153       0.574       0.995       1.076       1.234

 Means
    F8AGE          101.312     101.957     102.287     104.010     105.734     106.064     106.709
    F9AGE          117.779     118.097     118.259     119.109     119.958     120.121     120.439

 Intercepts
    NARAACC        -26.822     -22.061     -19.625      -6.907       5.811       8.246      13.007
    WORDACC         -1.470      -1.044      -0.826       0.312       1.450       1.668       2.093
    NONWACC         -3.179      -2.508      -2.164      -0.370       1.424       1.768       2.440
    NARACOMP       -15.545     -13.357     -12.238      -6.394      -0.549       0.570       2.758
    WOLDCOMP        -0.839       0.245       0.800       3.696       6.592       7.146       8.230

 Variances
    F8AGE            3.387       3.654       3.790       4.504       5.218       5.354       5.621
    F9AGE           12.289      12.620      12.789      13.674      14.559      14.728      15.059

 Residual Variances
    NARAACC         37.488      43.852      47.107      64.108      81.108      84.364      90.728
    WORDACC          0.321       0.369       0.393       0.520       0.647       0.672       0.719
    NONWACC          0.401       0.472       0.508       0.697       0.885       0.921       0.992
    NARACOMP        14.425      15.413      15.918      18.558      21.198      21.704      22.692
    WOLDCOMP         2.967       3.417       3.648       4.851       6.054       6.285       6.735

Latent Class 6

 WORDACC  ON
    F9AGE           -0.012      -0.008      -0.006       0.003       0.013       0.015       0.019

 NONWACC  ON
    F9AGE           -0.015      -0.010      -0.007       0.009       0.024       0.027       0.032

 NARAACC  ON
    F9AGE            0.059       0.100       0.121       0.230       0.339       0.360       0.401

 NARACOMP ON
    F9AGE            0.046       0.064       0.074       0.124       0.174       0.184       0.203

 WOLDCOMP ON
    F8AGE           -0.018      -0.008      -0.002       0.025       0.053       0.058       0.068

 NARACOMP WITH
    NARAACC         18.422      20.288      21.243      26.230      31.216      32.171      34.038
    WORDACC          0.110       0.200       0.246       0.486       0.726       0.772       0.862
    NONWACC          0.190       0.339       0.416       0.815       1.214       1.291       1.440
    WOLDCOMP         2.716       2.888       2.976       3.437       3.897       3.986       4.158

 NARAACC  WITH
    WORDACC          0.556       0.695       0.767       1.139       1.511       1.582       1.721
    NONWACC          1.586       1.865       2.008       2.756       3.503       3.646       3.926
    WOLDCOMP         1.202       1.581       1.775       2.787       3.799       3.993       4.372

 WORDACC  WITH
    NONWACC          0.153       0.175       0.187       0.247       0.307       0.318       0.341
    WOLDCOMP        -0.095      -0.067      -0.053       0.022       0.097       0.111       0.139

 NONWACC  WITH
    WOLDCOMP        -0.166      -0.122      -0.099       0.019       0.138       0.161       0.205

 F9AGE    WITH
    F8AGE           -0.085       0.073       0.153       0.574       0.995       1.076       1.234

 Means
    F8AGE          102.748     102.814     102.848     103.025     103.201     103.235     103.301
    F9AGE          117.812     117.912     117.962     118.228     118.494     118.544     118.644

 Intercepts
    NARAACC          6.161      11.028      13.518      26.519      39.520      42.010      46.877
    WORDACC          4.329       4.784       5.017       6.233       7.449       7.682       8.137
    NONWACC          0.212       0.901       1.253       3.091       4.929       5.281       5.969
    NARACOMP        -2.668      -0.450       0.684       6.608      12.533      13.667      15.885
    WOLDCOMP        -0.014       1.044       1.585       4.413       7.240       7.782       8.840

 Variances
    F8AGE            3.387       3.654       3.790       4.504       5.218       5.354       5.621
    F9AGE           12.289      12.620      12.789      13.674      14.559      14.728      15.059

 Residual Variances
    NARAACC         60.847      66.200      68.939      83.240      97.541     100.280     105.633
    WORDACC          1.350       1.443       1.491       1.742       1.993       2.041       2.134
    NONWACC          2.420       2.519       2.570       2.835       3.101       3.152       3.251
    NARACOMP        17.814      18.908      19.468      22.389      25.311      25.871      26.965
    WOLDCOMP         2.765       2.926       3.008       3.437       3.867       3.949       4.110

Categorical Latent Variables

 Means
    C#1             -0.980      -0.886      -0.838      -0.586      -0.335      -0.287      -0.193
    C#2             -0.109      -0.032       0.007       0.213       0.419       0.458       0.535
    C#3             -1.679      -1.600      -1.561      -1.352      -1.143      -1.103      -1.025
    C#4              0.236       0.307       0.344       0.535       0.725       0.762       0.833
    C#5             -2.000      -1.913      -1.868      -1.634      -1.400      -1.355      -1.268


CONFIDENCE INTERVALS OF STANDARDIZED MODEL RESULTS


STDYX Standardization

                  Lower .5%  Lower 2.5%    Lower 5%    Estimate    Upper 5%  Upper 2.5%   Upper .5%

Latent Class 1

 WORDACC  ON
    F9AGE           -0.031      -0.022      -0.017       0.009       0.034       0.039       0.049

 NONWACC  ON
    F9AGE           -0.038      -0.024      -0.016       0.021       0.058       0.065       0.079

 NARAACC  ON
    F9AGE            0.028       0.046       0.056       0.105       0.153       0.163       0.181

 NARACOMP ON
    F9AGE            0.038       0.053       0.062       0.104       0.146       0.154       0.170

 WOLDCOMP ON
    F8AGE           -0.019      -0.008      -0.002       0.027       0.056       0.062       0.073

 NARACOMP WITH
    NARAACC          0.649       0.670       0.680       0.736       0.791       0.802       0.823
    WORDACC          0.020       0.034       0.041       0.078       0.115       0.122       0.136
    NONWACC          0.040       0.060       0.070       0.123       0.177       0.187       0.207
    WOLDCOMP         0.325       0.341       0.349       0.392       0.435       0.443       0.459

 NARAACC  WITH
    WORDACC          0.048       0.060       0.066       0.099       0.132       0.138       0.151
    NONWACC          0.143       0.163       0.173       0.227       0.280       0.290       0.310
    WOLDCOMP         0.081       0.103       0.114       0.173       0.231       0.242       0.264

 WORDACC  WITH
    NONWACC          0.069       0.080       0.086       0.116       0.146       0.152       0.163
    WOLDCOMP        -0.034      -0.024      -0.019       0.008       0.034       0.039       0.049

 NONWACC  WITH
    WOLDCOMP        -0.056      -0.041      -0.033       0.007       0.046       0.054       0.069

 F9AGE    WITH
    F8AGE           -0.006       0.013       0.023       0.073       0.123       0.133       0.152

 Means
    F8AGE           42.576      44.016      44.753      48.601      52.449      53.186      54.626
    F9AGE           30.378      30.763      30.960      31.989      33.018      33.215      33.600

 Intercepts
    NARAACC         -1.060      -0.457      -0.148       1.462       3.073       3.381       3.984
    WORDACC          1.099       1.411       1.571       2.406       3.241       3.401       3.714
    NONWACC         -1.075      -0.626      -0.396       0.804       2.004       2.234       2.684
    NARACOMP        -1.740      -1.236      -0.978       0.367       1.713       1.970       2.474
    WOLDCOMP        -0.084       0.454       0.729       2.165       3.600       3.875       4.413

 Variances
    F8AGE            1.000       1.000       1.000       1.000       1.000       1.000       1.000
    F9AGE            1.000       1.000       1.000       1.000       1.000       1.000       1.000

 Residual Variances
    NARAACC          0.973       0.977       0.979       0.989       0.999       1.001       1.005
    WORDACC          0.999       0.999       0.999       1.000       1.000       1.000       1.001
    NONWACC          0.997       0.998       0.998       1.000       1.001       1.001       1.002
    NARACOMP         0.976       0.979       0.981       0.989       0.998       1.000       1.003
    WOLDCOMP         0.997       0.997       0.998       0.999       1.001       1.001       1.002

Latent Class 2

 WORDACC  ON
    F9AGE           -0.089      -0.062      -0.048       0.025       0.098       0.113       0.140

 NONWACC  ON
    F9AGE           -0.045      -0.028      -0.020       0.025       0.070       0.078       0.095

 NARAACC  ON
    F9AGE            0.028       0.048       0.058       0.109       0.161       0.171       0.191

 NARACOMP ON
    F9AGE            0.029       0.041       0.047       0.080       0.112       0.118       0.130

 WOLDCOMP ON
    F8AGE           -0.020      -0.008      -0.003       0.028       0.058       0.064       0.075

 NARACOMP WITH
    NARAACC          0.519       0.536       0.545       0.590       0.636       0.644       0.661
    WORDACC          0.051       0.080       0.094       0.171       0.248       0.263       0.292
    NONWACC          0.031       0.050       0.060       0.113       0.166       0.176       0.195
    WOLDCOMP         0.248       0.263       0.270       0.309       0.348       0.355       0.370

 NARAACC  WITH
    WORDACC          0.172       0.202       0.218       0.299       0.379       0.395       0.425
    NONWACC          0.194       0.216       0.227       0.284       0.342       0.353       0.375
    WOLDCOMP         0.095       0.117       0.128       0.186       0.245       0.256       0.278

 WORDACC  WITH
    NONWACC          0.287       0.313       0.327       0.399       0.471       0.484       0.511
    WOLDCOMP        -0.099      -0.070      -0.055       0.023       0.101       0.116       0.145

 NONWACC  WITH
    WOLDCOMP        -0.069      -0.050      -0.041       0.008       0.057       0.066       0.085

 F9AGE    WITH
    F8AGE           -0.006       0.013       0.023       0.073       0.123       0.133       0.152

 Means
    F8AGE           42.434      43.861      44.590      48.402      52.213      52.943      54.370
    F9AGE           30.423      30.804      30.998      32.013      33.029      33.223      33.603

 Intercepts
    NARAACC          4.448       5.208       5.596       7.626       9.656      10.045      10.805
    WORDACC         14.952      15.871      16.341      18.796      21.250      21.720      22.639
    NONWACC          2.956       3.511       3.794       5.275       6.755       7.039       7.593
    NARACOMP         1.173       1.573       1.777       2.845       3.912       4.117       4.516
    WOLDCOMP         0.578       1.124       1.404       2.863       4.322       4.601       5.147

 Variances
    F8AGE            1.000       1.000       1.000       1.000       1.000       1.000       1.000
    F9AGE            1.000       1.000       1.000       1.000       1.000       1.000       1.000

 Residual Variances
    NARAACC          0.970       0.975       0.977       0.988       0.999       1.002       1.006
    WORDACC          0.994       0.995       0.996       0.999       1.003       1.004       1.005
    NONWACC          0.996       0.997       0.997       0.999       1.002       1.002       1.003
    NARACOMP         0.986       0.988       0.989       0.994       0.999       1.000       1.002
    WOLDCOMP         0.997       0.997       0.998       0.999       1.001       1.001       1.002

Latent Class 3

 WORDACC  ON
    F9AGE           -0.021      -0.014      -0.011       0.006       0.023       0.026       0.032

 NONWACC  ON
    F9AGE           -0.027      -0.017      -0.012       0.015       0.042       0.047       0.057

 NARAACC  ON
    F9AGE            0.012       0.022       0.027       0.054       0.081       0.086       0.096

 NARACOMP ON
    F9AGE            0.026       0.039       0.045       0.079       0.112       0.119       0.131

 WOLDCOMP ON
    F8AGE           -0.020      -0.008      -0.003       0.028       0.059       0.065       0.076

 NARACOMP WITH
    NARAACC          0.106       0.150       0.172       0.287       0.403       0.425       0.468
    WORDACC         -0.001       0.008       0.013       0.039       0.065       0.069       0.079
    NONWACC          0.009       0.023       0.030       0.067       0.105       0.112       0.126
    WOLDCOMP         0.211       0.235       0.247       0.311       0.374       0.386       0.410

 NARAACC  WITH
    WORDACC          0.000       0.008       0.012       0.034       0.055       0.059       0.067
    NONWACC          0.026       0.040       0.047       0.084       0.122       0.129       0.143
    WOLDCOMP         0.043       0.055       0.061       0.093       0.125       0.131       0.143

 WORDACC  WITH
    NONWACC          0.003       0.016       0.022       0.055       0.088       0.095       0.107
    WOLDCOMP        -0.022      -0.016      -0.012       0.005       0.023       0.026       0.033

 NONWACC  WITH
    WOLDCOMP        -0.042      -0.030      -0.025       0.005       0.035       0.040       0.051

 F9AGE    WITH
    F8AGE           -0.006       0.013       0.023       0.073       0.123       0.133       0.152

 Means
    F8AGE           47.619      49.208      50.021      54.265      58.510      59.322      60.911
    F9AGE           31.517      31.955      32.179      33.350      34.520      34.744      35.182

 Intercepts
    NARAACC          0.451       0.920       1.159       2.411       3.663       3.903       4.371
    WORDACC          0.813       1.427       1.741       3.381       5.021       5.335       5.949
    NONWACC          0.234       0.655       0.871       1.997       3.122       3.338       3.760
    NARACOMP        -0.494       0.003       0.258       1.585       2.913       3.168       3.665
    WOLDCOMP        -0.061       0.574       0.899       2.596       4.292       4.617       5.252

 Variances
    F8AGE            1.000       1.000       1.000       1.000       1.000       1.000       1.000
    F9AGE            1.000       1.000       1.000       1.000       1.000       1.000       1.000

 Residual Variances
    NARAACC          0.992       0.994       0.994       0.997       1.000       1.001       1.002
    WORDACC          1.000       1.000       1.000       1.000       1.000       1.000       1.000
    NONWACC          0.999       0.999       0.999       1.000       1.001       1.001       1.001
    NARACOMP         0.985       0.987       0.988       0.994       0.999       1.000       1.002
    WOLDCOMP         0.997       0.997       0.997       0.999       1.001       1.001       1.002

Latent Class 4

 WORDACC  ON
    F9AGE           -0.045      -0.032      -0.024       0.013       0.050       0.057       0.071

 NONWACC  ON
    F9AGE           -0.031      -0.020      -0.014       0.017       0.048       0.054       0.066

 NARAACC  ON
    F9AGE            0.020       0.034       0.041       0.078       0.115       0.123       0.136

 NARACOMP ON
    F9AGE            0.030       0.043       0.050       0.084       0.118       0.125       0.137

 WOLDCOMP ON
    F8AGE           -0.021      -0.009      -0.003       0.030       0.063       0.069       0.081

 NARACOMP WITH
    NARAACC          0.356       0.377       0.388       0.445       0.502       0.513       0.534
    WORDACC          0.025       0.041       0.049       0.092       0.135       0.143       0.159
    NONWACC          0.022       0.037       0.044       0.083       0.121       0.129       0.143
    WOLDCOMP         0.292       0.307       0.315       0.354       0.393       0.400       0.415

 NARAACC  WITH
    WORDACC          0.060       0.072       0.077       0.108       0.139       0.145       0.157
    NONWACC          0.091       0.103       0.109       0.141       0.173       0.179       0.191
    WOLDCOMP         0.072       0.089       0.098       0.144       0.191       0.200       0.217

 WORDACC  WITH
    NONWACC          0.094       0.105       0.110       0.140       0.170       0.176       0.187
    WOLDCOMP        -0.054      -0.038      -0.030       0.013       0.056       0.064       0.080

 NONWACC  WITH
    WOLDCOMP        -0.051      -0.038      -0.031       0.006       0.043       0.050       0.063

 F9AGE    WITH
    F8AGE           -0.006       0.013       0.023       0.073       0.123       0.133       0.152

 Means
    F8AGE           42.507      43.945      44.680      48.519      52.359      53.094      54.531
    F9AGE           30.434      30.815      31.009      32.027      33.044      33.239      33.619

 Intercepts
    NARAACC          2.220       2.701       2.947       4.232       5.518       5.764       6.245
    WORDACC          6.328       6.802       7.045       8.311       9.577       9.820      10.294
    NONWACC          1.001       1.378       1.570       2.576       3.581       3.773       4.150
    NARACOMP         0.640       1.052       1.263       2.364       3.465       3.676       4.088
    WOLDCOMP         0.281       0.879       1.185       2.783       4.382       4.688       5.286

 Variances
    F8AGE            1.000       1.000       1.000       1.000       1.000       1.000       1.000
    F9AGE            1.000       1.000       1.000       1.000       1.000       1.000       1.000

 Residual Variances
    NARAACC          0.985       0.987       0.988       0.994       1.000       1.001       1.003
    WORDACC          0.998       0.999       0.999       1.000       1.001       1.001       1.001
    NONWACC          0.998       0.998       0.999       1.000       1.001       1.001       1.001
    NARACOMP         0.984       0.986       0.987       0.993       0.999       1.000       1.002
    WOLDCOMP         0.996       0.997       0.997       0.999       1.001       1.001       1.002

Latent Class 5

 WORDACC  ON
    F9AGE           -0.061      -0.042      -0.032       0.017       0.067       0.077       0.095

 NONWACC  ON
    F9AGE           -0.068      -0.043      -0.030       0.038       0.105       0.118       0.144

 NARAACC  ON
    F9AGE            0.028       0.046       0.056       0.106       0.155       0.165       0.184

 NARACOMP ON
    F9AGE            0.038       0.054       0.063       0.106       0.149       0.157       0.173

 WOLDCOMP ON
    F8AGE           -0.018      -0.008      -0.002       0.024       0.051       0.056       0.066

 NARACOMP WITH
    NARAACC          0.649       0.675       0.689       0.760       0.832       0.846       0.872
    WORDACC          0.037       0.065       0.080       0.156       0.233       0.247       0.276
    NONWACC          0.073       0.110       0.129       0.227       0.325       0.343       0.380
    WOLDCOMP         0.277       0.297       0.308       0.362       0.417       0.427       0.448

 NARAACC  WITH
    WORDACC          0.086       0.112       0.126       0.197       0.268       0.282       0.309
    NONWACC          0.277       0.309       0.326       0.412       0.499       0.516       0.548
    WOLDCOMP         0.078       0.097       0.107       0.158       0.209       0.219       0.238

 WORDACC  WITH
    NONWACC          0.232       0.275       0.297       0.410       0.524       0.545       0.588
    WOLDCOMP        -0.059      -0.042      -0.033       0.014       0.061       0.070       0.087

 NONWACC  WITH
    WOLDCOMP        -0.090      -0.066      -0.054       0.011       0.075       0.087       0.112

 F9AGE    WITH
    F8AGE           -0.006       0.013       0.023       0.073       0.123       0.133       0.152

 Means
    F8AGE           43.954      45.163      45.781      49.009      52.238      52.856      54.064
    F9AGE           30.577      30.967      31.167      32.210      33.254      33.453      33.844

 Intercepts
    NARAACC         -3.321      -2.732      -2.431      -0.858       0.715       1.017       1.606
    WORDACC         -2.038      -1.447      -1.145       0.432       2.010       2.312       2.902
    NONWACC         -3.824      -3.016      -2.602      -0.443       1.717       2.130       2.938
    NARACOMP        -3.582      -3.078      -2.821      -1.476      -0.131       0.127       0.630
    WOLDCOMP        -0.395       0.101       0.354       1.677       3.001       3.254       3.750

 Variances
    F8AGE            1.000       1.000       1.000       1.000       1.000       1.000       1.000
    F9AGE            1.000       1.000       1.000       1.000       1.000       1.000       1.000

 Residual Variances
    NARAACC          0.972       0.976       0.978       0.989       0.999       1.001       1.005
    WORDACC          0.997       0.998       0.998       1.000       1.001       1.002       1.002
    NONWACC          0.991       0.992       0.993       0.999       1.004       1.005       1.007
    NARACOMP         0.974       0.978       0.980       0.989       0.998       1.000       1.003
    WOLDCOMP         0.997       0.998       0.998       0.999       1.001       1.001       1.001

Latent Class 6

 WORDACC  ON
    F9AGE           -0.033      -0.023      -0.018       0.009       0.037       0.042       0.052

 NONWACC  ON
    F9AGE           -0.033      -0.021      -0.015       0.019       0.052       0.058       0.071

 NARAACC  ON
    F9AGE            0.025       0.041       0.049       0.093       0.136       0.145       0.161

 NARACOMP ON
    F9AGE            0.035       0.050       0.057       0.097       0.136       0.143       0.158

 WOLDCOMP ON
    F8AGE           -0.020      -0.009      -0.003       0.029       0.060       0.066       0.078

 NARACOMP WITH
    NARAACC          0.492       0.520       0.534       0.608       0.682       0.696       0.723
    WORDACC          0.020       0.034       0.041       0.078       0.115       0.122       0.136
    NONWACC          0.029       0.047       0.056       0.102       0.149       0.158       0.176
    WOLDCOMP         0.318       0.336       0.345       0.392       0.439       0.448       0.466

 NARAACC  WITH
    WORDACC          0.048       0.059       0.065       0.095       0.124       0.130       0.141
    NONWACC          0.109       0.126       0.134       0.179       0.224       0.233       0.250
    WOLDCOMP         0.077       0.098       0.109       0.165       0.221       0.231       0.252

 WORDACC  WITH
    NONWACC          0.069       0.079       0.084       0.111       0.138       0.143       0.153
    WOLDCOMP        -0.039      -0.027      -0.022       0.009       0.040       0.045       0.057

 NONWACC  WITH
    WOLDCOMP        -0.053      -0.039      -0.032       0.006       0.044       0.052       0.066

 F9AGE    WITH
    F8AGE           -0.006       0.013       0.023       0.073       0.123       0.133       0.152

 Means
    F8AGE           42.568      43.997      44.728      48.545      52.362      53.093      54.522
    F9AGE           30.375      30.757      30.952      31.972      32.992      33.187      33.569

 Intercepts
    NARAACC          0.594       1.144       1.425       2.894       4.363       4.644       5.194
    WORDACC          3.205       3.568       3.753       4.722       5.692       5.877       6.240
    NONWACC          0.120       0.530       0.740       1.835       2.931       3.141       3.551
    NARACOMP        -0.575      -0.105       0.135       1.390       2.645       2.885       3.355
    WOLDCOMP        -0.029       0.547       0.841       2.379       3.917       4.212       4.787

 Variances
    F8AGE            1.000       1.000       1.000       1.000       1.000       1.000       1.000
    F9AGE            1.000       1.000       1.000       1.000       1.000       1.000       1.000

 Residual Variances
    NARAACC          0.979       0.982       0.983       0.991       0.999       1.001       1.004
    WORDACC          0.999       0.999       0.999       1.000       1.000       1.001       1.001
    NONWACC          0.998       0.998       0.998       1.000       1.001       1.001       1.002
    NARACOMP         0.979       0.982       0.983       0.991       0.998       1.000       1.002
    WOLDCOMP         0.996       0.997       0.997       0.999       1.001       1.001       1.002


TECHNICAL 7 OUTPUT


     SAMPLE STATISTICS WEIGHTED BY ESTIMATED CLASS PROBABILITIES FOR CLASS 1


           Means
              NARAACC       WORDACC       NONWACC       NARACOMP      WOLDCOMP
              ________      ________      ________      ________      ________
               39.124         3.806         2.215        16.300         6.965


           Means
              F8AGE         F9AGE
              ________      ________
              103.124       118.290


           Covariances
              NARAACC       WORDACC       NONWACC       NARACOMP      WOLDCOMP
              ________      ________      ________      ________      ________
 NARAACC       61.489
 WORDACC        3.151         2.066
 NONWACC        1.928         0.293         2.193
 NARACOMP      22.811         1.387         0.291        16.230
 WOLDCOMP       0.367         0.435        -0.382         2.509         3.250
 F8AGE         -2.853         1.604        -3.197        17.254         0.213
 F9AGE          0.590         0.107         0.003         0.442        -3.664


           Covariances
              F8AGE         F9AGE
              ________      ________
 F8AGE          4.714
 F9AGE        -48.136        12.471


     SAMPLE STATISTICS WEIGHTED BY ESTIMATED CLASS PROBABILITIES FOR CLASS 2


           Means
              NARAACC       WORDACC       NONWACC       NARACOMP      WOLDCOMP
              ________      ________      ________      ________      ________
               86.537         9.677         7.625        31.095         8.136


           Means
              F8AGE         F9AGE
              ________      ________
              102.712       118.380


           Covariances
              NARAACC       WORDACC       NONWACC       NARACOMP      WOLDCOMP
              ________      ________      ________      ________      ________
 NARAACC       53.206
 WORDACC        0.737         0.224
 NONWACC        2.649         0.199         1.518
 NARACOMP      20.692         0.287         0.820        30.158
 WOLDCOMP       3.703         0.065         0.039         4.912         3.964
 F8AGE          3.606         0.647        -0.267         7.254        -0.049
 F9AGE          3.608        -0.005         0.057         1.213        -2.135


           Covariances
              F8AGE         F9AGE
              ________      ________
 F8AGE          3.703
 F9AGE        -21.630        13.176


     SAMPLE STATISTICS WEIGHTED BY ESTIMATED CLASS PROBABILITIES FOR CLASS 3


           Means
              NARAACC       WORDACC       NONWACC       NARACOMP      WOLDCOMP
              ________      ________      ________      ________      ________
               66.318         7.680         5.205        24.537         7.860


           Means
              F8AGE         F9AGE
              ________      ________
              115.117       123.321


           Covariances
              NARAACC       WORDACC       NONWACC       NARACOMP      WOLDCOMP
              ________      ________      ________      ________      ________
 NARAACC      386.250
 WORDACC       33.641         5.339
 NONWACC       29.818         3.598         5.331
 NARACOMP     105.169        10.092         8.417        53.094
 WOLDCOMP       7.382         1.405         1.309         8.139         4.288
 F8AGE        -80.730        -4.594         3.273       -11.309         0.024
 F9AGE         13.518         0.655         0.427         0.373        -8.054


           Covariances
              F8AGE         F9AGE
              ________      ________
 F8AGE         11.637
 F9AGE       -127.143        28.008


     SAMPLE STATISTICS WEIGHTED BY ESTIMATED CLASS PROBABILITIES FOR CLASS 4


           Means
              NARAACC       WORDACC       NONWACC       NARACOMP      WOLDCOMP
              ________      ________      ________      ________      ________
               73.184         8.479         5.667        27.620         7.565


           Means
              F8AGE         F9AGE
              ________      ________
              102.961       118.429


           Covariances
              NARAACC       WORDACC       NONWACC       NARACOMP      WOLDCOMP
              ________      ________      ________      ________      ________
 NARAACC      121.892
 WORDACC        0.574         0.951
 NONWACC        1.935         0.359         3.290
 NARACOMP      30.694         0.368         0.265        32.337
 WOLDCOMP       3.100         0.040        -0.137         4.418         3.303
 F8AGE          8.192         0.175         0.025         6.054         0.046
 F9AGE          2.519         0.125        -0.076         1.873        -2.314


           Covariances
              F8AGE         F9AGE
              ________      ________
 F8AGE          3.936
 F9AGE        -23.698        12.602


     SAMPLE STATISTICS WEIGHTED BY ESTIMATED CLASS PROBABILITIES FOR CLASS 5


           Means
              NARAACC       WORDACC       NONWACC       NARACOMP      WOLDCOMP
              ________      ________      ________      ________      ________
               20.500         0.714         0.644         8.383         6.345


           Means
              F8AGE         F9AGE
              ________      ________
              103.973       119.109


           Covariances
              NARAACC       WORDACC       NONWACC       NARACOMP      WOLDCOMP
              ________      ________      ________      ________      ________
 NARAACC       62.744
 WORDACC        2.333         0.541
 NONWACC        2.607         0.261         0.629
 NARACOMP      26.193         1.258         1.183        17.904
 WOLDCOMP       0.882         0.031         0.232         1.690         4.069
 F8AGE          3.082         0.214         0.152         4.681         0.103
 F9AGE          4.574         0.322         0.530         1.833        -6.650


           Covariances
              F8AGE         F9AGE
              ________      ________
 F8AGE         10.003
 F9AGE        -94.216        20.996


     SAMPLE STATISTICS WEIGHTED BY ESTIMATED CLASS PROBABILITIES FOR CLASS 6


           Means
              NARAACC       WORDACC       NONWACC       NARACOMP      WOLDCOMP
              ________      ________      ________      ________      ________
               53.723         6.632         4.097        21.276         7.032


           Means
              F8AGE         F9AGE
              ________      ________
              103.016       118.228


           Covariances
              NARAACC       WORDACC       NONWACC       NARACOMP      WOLDCOMP
              ________      ________      ________      ________      ________
 NARAACC       80.541
 WORDACC        1.548         1.780
 NONWACC        2.535         0.451         2.876
 NARACOMP      24.101         0.681         0.520        20.892
 WOLDCOMP       1.750         0.239         0.009         3.502         3.236
 F8AGE         10.079        -0.154         1.997        11.590         0.055
 F9AGE          1.530         0.166         0.156         1.102        -2.046


           Covariances
              F8AGE         F9AGE
              ________      ________
 F8AGE          3.837
 F9AGE        -21.248        11.652


TECHNICAL 11 OUTPUT

     Random Starts Specifications for the k-1 Class Analysis Model
        Number of initial stage random starts                  20
        Number of final stage optimizations                     4



     VUONG-LO-MENDELL-RUBIN LIKELIHOOD RATIO TEST FOR 5 (H0) VERSUS 6 CLASSES

          H0 Loglikelihood Value                       -58643.212
          2 Times the Loglikelihood Difference            147.188
          Difference in the Number of Parameters               13
          Mean                                            231.807
          Standard Deviation                              307.245
          P-Value                                          0.6085

     LO-MENDELL-RUBIN ADJUSTED LRT TEST

          Value                                           145.810
          P-Value                                          0.6102


TECHNICAL 14 OUTPUT

     Random Starts Specifications for the k-1 Class Analysis Model
        Number of initial stage random starts                  20
        Number of final stage optimizations                     4

     Random Starts Specification for the k-1 Class Model for Generated Data
        Number of initial stage random starts                   0
        Number of final stage optimizations for the
           initial stage random starts                          0
     Random Starts Specification for the k Class Model for Generated Data
        Number of initial stage random starts                 100
        Number of final stage optimizations                    20
     Number of bootstrap draws requested                   Varies


     PARAMETRIC BOOTSTRAPPED LIKELIHOOD RATIO TEST FOR 5 (H0) VERSUS 6 CLASSES

          H0 Loglikelihood Value                       -58643.212
          2 Times the Loglikelihood Difference            147.188
          Difference in the Number of Parameters               13
          Approximate P-Value                              0.0000
          Successful Bootstrap Draws                           10

     WARNING:  OF THE 10 BOOTSTRAP DRAWS, 9 DRAWS HAD BOTH A SMALLER LRT VALUE THAN THE
     OBSERVED LRT VALUE AND NOT A REPLICATED BEST LOGLIKELIHOOD VALUE FOR THE 6-CLASS MODEL.
     THIS MEANS THAT THE P-VALUE MAY NOT BE TRUSTWORTHY DUE TO LOCAL MAXIMA.
     INCREASE THE NUMBER OF RANDOM STARTS USING THE LRTSTARTS OPTION.



PLOT INFORMATION

The following plots are available:

  Histograms (sample values)
  Scatterplots (sample values)
  Estimated overall and class-specific distributions

SAVEDATA INFORMATION


  Save file
    sv_lpa_d_6class.dat

  Order and format of variables

    NARAACC        F10.3
    WORDACC        F10.3
    NONWACC        F10.3
    NARACOMP       F10.3
    WOLDCOMP       F10.3
    F8AGE          F10.3
    F9AGE          F10.3
    CIDB3153       F10.3
    CPROB1         F10.3
    CPROB2         F10.3
    CPROB3         F10.3
    CPROB4         F10.3
    CPROB5         F10.3
    CPROB6         F10.3
    C              F10.3

  Save file format
    15F10.3

  Save file record length    10000

  Save missing symbol        *


     Beginning Time:  13:03:44
        Ending Time:  13:04:25
       Elapsed Time:  00:00:41



MUTHEN & MUTHEN
3463 Stoner Ave.
Los Angeles, CA  90066

Tel: (310) 391-9971
Fax: (310) 391-8971
Web: www.StatModel.com
Support: Support@StatModel.com

Copyright (c) 1998-2020 Muthen & Muthen
