Mplus VERSION 8.5
MUTHEN & MUTHEN
06/21/2021  11:00 AM

INPUT INSTRUCTIONS

  TITLE:
   LPA Model B: 5 classes;
  DATA:
  FILE = "mplus_models/simpview/lpa/sv_lpa_mbenchmark_09d96caebd335bc663a9206688e95f3d.dat";

  VARIABLE:
  NAMES = f8age f9age naraAcc wordAcc nonwAcc naraComp woldComp;
   MISSING=.;
    classes = c(5);
  ANALYSIS:
   estimator = mlr; type = mixture;
                                                     starts = 0;
                                                     optseed = 4091;
                                                     processors = 4(starts);
                                                     lrtstarts = 0 0 100 20;
  MODEL:
  %OVERALL%
             f8age; f9age;
             wordAcc nonwAcc naraAcc naraComp on f9age;
             woldcomp on f8age;

   naraComp; naraAcc; wordAcc; nonwAcc; woldComp;

    naraComp with naraAcc;
    naraComp with wordAcc;
    naraComp with nonwAcc;
    naraComp with woldComp;
    naraAcc with wordAcc;
    naraAcc with nonwAcc;
    naraAcc with woldComp;
    wordAcc with nonWacc;
    wordAcc with woldComp;
    nonwAcc with woldComp;
  OUTPUT:
   TECH7 TECH11 TECH14 stdyx CINTERVAL ENTROPY;
  SAVEDATA:
   FILE IS sv_lpa_b_5class.dat; SAVE = cprobabilities;
  PLOT:
  TYPE = PLOT3;



INPUT READING TERMINATED NORMALLY




LPA Model B: 5 classes;

SUMMARY OF ANALYSIS

Number of groups                                                 1
Number of observations                                        3423

Number of dependent variables                                    5
Number of independent variables                                  2
Number of continuous latent variables                            0
Number of categorical latent variables                           1

Observed dependent variables

  Continuous
   NARAACC     WORDACC     NONWACC     NARACOMP    WOLDCOMP

Observed independent variables
   F8AGE       F9AGE

Categorical latent variables
   C


Estimator                                                      MLR
Information matrix                                        OBSERVED
Optimization Specifications for the Quasi-Newton Algorithm for
Continuous Outcomes
  Maximum number of iterations                                 100
  Convergence criterion                                  0.100D-05
Optimization Specifications for the EM Algorithm
  Maximum number of iterations                                 500
  Convergence criteria
    Loglikelihood change                                 0.100D-06
    Relative loglikelihood change                        0.100D-06
    Derivative                                           0.100D-05
Optimization Specifications for the M step of the EM Algorithm for
Categorical Latent variables
  Number of M step iterations                                    1
  M step convergence criterion                           0.100D-05
  Basis for M step termination                           ITERATION
Optimization Specifications for the M step of the EM Algorithm for
Censored, Binary or Ordered Categorical (Ordinal), Unordered
Categorical (Nominal) and Count Outcomes
  Number of M step iterations                                    1
  M step convergence criterion                           0.100D-05
  Basis for M step termination                           ITERATION
  Maximum value for logit thresholds                            15
  Minimum value for logit thresholds                           -15
  Minimum expected cell size for chi-square              0.100D-01
Maximum number of iterations for H1                           2000
Convergence criterion for H1                             0.100D-03
Optimization algorithm                                         EMA
Random Starts Specifications
  Random seed for analysis                                    4091

Input data file(s)
  mplus_models/simpview/lpa/sv_lpa_mbenchmark_09d96caebd335bc663a9206688e95f3d.d
Input data format  FREE


SUMMARY OF DATA

     Number of missing data patterns             7
     Number of y missing data patterns           7
     Number of u missing data patterns           0


COVARIANCE COVERAGE OF DATA

Minimum covariance coverage value   0.100


     PROPORTION OF DATA PRESENT FOR Y


           Covariance Coverage
              NARAACC       WORDACC       NONWACC       NARACOMP      WOLDCOMP
              ________      ________      ________      ________      ________
 NARAACC        1.000
 WORDACC        0.997         0.997
 NONWACC        0.996         0.996         0.996
 NARACOMP       1.000         0.997         0.996         1.000
 WOLDCOMP       0.852         0.850         0.850         0.852         0.852
 F8AGE          0.861         0.859         0.858         0.861         0.852
 F9AGE          1.000         0.997         0.996         1.000         0.852


           Covariance Coverage
              F8AGE         F9AGE
              ________      ________
 F8AGE          0.861
 F9AGE          0.861         1.000



UNIVARIATE SAMPLE STATISTICS


     UNIVARIATE HIGHER-ORDER MOMENT DESCRIPTIVE STATISTICS

         Variable/         Mean/     Skewness/   Minimum/ % with                Percentiles
        Sample Size      Variance    Kurtosis    Maximum  Min/Max      20%/60%    40%/80%    Median

     NARAACC              66.334      -0.525       0.000    0.06%      48.000     62.000     69.000
            3423.000     417.180      -0.469     100.000    0.06%      76.000     86.000
     WORDACC               7.536      -1.219       0.000    1.93%       6.000      8.000      8.000
            3414.000       6.273       0.849      10.000   23.58%       9.000     10.000
     NONWACC               5.239      -0.308       0.000    4.23%       3.000      5.000      5.000
            3408.000       6.217      -0.688      10.000    1.79%       6.000      8.000
     NARACOMP             25.018      -0.273       0.000    0.09%      18.000     23.000     25.000
            3423.000      62.018      -0.237      44.000    0.03%      28.000     32.000
     WOLDCOMP              7.517       0.082       2.000    0.41%       6.000      7.000      7.000
            2917.000       3.758       0.190      15.000    0.03%       8.000      9.000
     F8AGE               103.533       2.579      94.000    0.03%     102.000    102.000    103.000
            2947.000      11.227       8.561     126.000    0.03%     103.000    105.000
     F9AGE               118.643       1.305     105.000    0.03%     116.000    117.000    118.000
            3423.000      14.907       2.626     139.000    0.06%     119.000    121.000


THE MODEL ESTIMATION TERMINATED NORMALLY



MODEL FIT INFORMATION

Number of Free Parameters                       62

Loglikelihood

          H0 Value                      -58863.841
          H0 Scaling Correction Factor      1.3500
            for MLR

Information Criteria

          Akaike (AIC)                  117851.682
          Bayesian (BIC)                118232.255
          Sample-Size Adjusted BIC      118035.252
            (n* = (n + 2) / 24)



FINAL CLASS COUNTS AND PROPORTIONS FOR THE LATENT CLASSES
BASED ON THE ESTIMATED MODEL

    Latent
   Classes

       1        434.24911          0.12686
       2        123.93987          0.03621
       3       2477.99602          0.72393
       4        200.11396          0.05846
       5        186.70103          0.05454


FINAL CLASS COUNTS AND PROPORTIONS FOR THE LATENT CLASSES
BASED ON ESTIMATED POSTERIOR PROBABILITIES

    Latent
   Classes

       1        434.24911          0.12686
       2        123.93987          0.03621
       3       2477.99602          0.72393
       4        200.11396          0.05846
       5        186.70103          0.05454


FINAL CLASS COUNTS AND PROPORTIONS FOR THE LATENT CLASSES
BASED ON THEIR MOST LIKELY LATENT CLASS MEMBERSHIP

Class Counts and Proportions

    Latent
   Classes

       1              424          0.12387
       2              105          0.03067
       3             2547          0.74408
       4              197          0.05755
       5              150          0.04382


CLASSIFICATION QUALITY

     Entropy                         0.876


           Univariate Entropy
              NARAACC       WORDACC       NONWACC       NARACOMP      WOLDCOMP
              ________      ________      ________      ________      ________
                0.527         0.616         0.492         0.503         0.426


           Univariate Entropy
              F8AGE         F9AGE
              ________      ________
                0.591         0.550


Average Latent Class Probabilities for Most Likely Latent Class Membership (Row)
by Latent Class (Column)

           1        2        3        4        5

    1   0.892    0.006    0.086    0.005    0.011
    2   0.007    0.905    0.012    0.015    0.062
    3   0.020    0.005    0.944    0.017    0.015
    4   0.015    0.053    0.142    0.773    0.017
    5   0.019    0.024    0.060    0.007    0.890


Classification Probabilities for the Most Likely Latent Class Membership (Column)
by Latent Class (Row)

           1        2        3        4        5

    1   0.871    0.002    0.114    0.007    0.006
    2   0.021    0.767    0.099    0.085    0.029
    3   0.015    0.000    0.970    0.011    0.004
    4   0.011    0.008    0.215    0.761    0.005
    5   0.025    0.035    0.207    0.017    0.715


Logits for the Classification Probabilities for the Most Likely Latent Class Membership (Column)
by Latent Class (Row)

              1        2        3        4        5

    1      4.902   -1.411    2.873    0.030    0.000
    2     -0.312    3.291    1.248    1.088    0.000
    3      1.392   -1.999    5.582    1.129    0.000
    4      0.765    0.425    3.733    4.999    0.000
    5     -3.360   -3.023   -1.238   -3.713    0.000


MODEL RESULTS

                                                    Two-Tailed
                    Estimate       S.E.  Est./S.E.    P-Value

Latent Class 1

 WORDACC    ON
    F9AGE              0.018      0.014      1.269      0.204

 NONWACC    ON
    F9AGE             -0.001      0.016     -0.043      0.966

 NARAACC    ON
    F9AGE              0.310      0.129      2.405      0.016

 NARACOMP   ON
    F9AGE              0.080      0.052      1.526      0.127

 WOLDCOMP   ON
    F8AGE              0.031      0.023      1.347      0.178

 NARACOMP WITH
    NARAACC           85.717      2.948     29.076      0.000
    WORDACC            6.415      0.351     18.283      0.000
    NONWACC            6.958      0.347     20.059      0.000
    WOLDCOMP           5.135      0.264     19.473      0.000

 NARAACC  WITH
    WORDACC           20.267      0.993     20.402      0.000
    NONWACC           23.488      0.942     24.929      0.000
    WOLDCOMP           7.811      0.642     12.165      0.000

 WORDACC  WITH
    NONWACC            2.407      0.118     20.443      0.000
    WOLDCOMP           0.579      0.070      8.287      0.000

 NONWACC  WITH
    WOLDCOMP           0.534      0.080      6.704      0.000

 F9AGE    WITH
    F8AGE              0.282      0.221      1.275      0.202

 Means
    F8AGE            102.986      0.133    775.221      0.000
    F9AGE            118.259      0.215    550.219      0.000

 Intercepts
    NARAACC           -0.261     15.343     -0.017      0.986
    WORDACC            0.541      1.713      0.316      0.752
    NONWACC            2.240      1.873      1.196      0.232
    NARACOMP           5.193      6.244      0.832      0.406
    WOLDCOMP           3.463      2.368      1.463      0.144

 Variances
    F8AGE              2.910      0.157     18.588      0.000
    F9AGE              9.044      0.546     16.569      0.000

 Residual Variances
    NARAACC          281.794      8.145     34.596      0.000
    WORDACC            2.792      0.135     20.723      0.000
    NONWACC            4.850      0.130     37.411      0.000
    NARACOMP          45.647      1.190     38.357      0.000
    WOLDCOMP           3.651      0.100     36.652      0.000

Latent Class 2

 WORDACC    ON
    F9AGE              0.018      0.014      1.269      0.204

 NONWACC    ON
    F9AGE             -0.001      0.016     -0.043      0.966

 NARAACC    ON
    F9AGE              0.310      0.129      2.405      0.016

 NARACOMP   ON
    F9AGE              0.080      0.052      1.526      0.127

 WOLDCOMP   ON
    F8AGE              0.031      0.023      1.347      0.178

 NARACOMP WITH
    NARAACC           85.717      2.948     29.076      0.000
    WORDACC            6.415      0.351     18.283      0.000
    NONWACC            6.958      0.347     20.059      0.000
    WOLDCOMP           5.135      0.264     19.473      0.000

 NARAACC  WITH
    WORDACC           20.267      0.993     20.402      0.000
    NONWACC           23.488      0.942     24.929      0.000
    WOLDCOMP           7.811      0.642     12.165      0.000

 WORDACC  WITH
    NONWACC            2.407      0.118     20.443      0.000
    WOLDCOMP           0.579      0.070      8.287      0.000

 NONWACC  WITH
    WOLDCOMP           0.534      0.080      6.704      0.000

 F9AGE    WITH
    F8AGE              0.282      0.221      1.275      0.202

 Means
    F8AGE            116.767      0.585    199.465      0.000
    F9AGE            123.076      0.629    195.782      0.000

 Intercepts
    NARAACC           23.813     15.889      1.499      0.134
    WORDACC            5.010      1.762      2.844      0.004
    NONWACC            4.980      1.966      2.533      0.011
    NARACOMP          13.532      6.456      2.096      0.036
    WOLDCOMP           4.290      2.702      1.587      0.112

 Variances
    F8AGE              2.910      0.157     18.588      0.000
    F9AGE              9.044      0.546     16.569      0.000

 Residual Variances
    NARAACC          281.794      8.145     34.596      0.000
    WORDACC            2.792      0.135     20.723      0.000
    NONWACC            4.850      0.130     37.411      0.000
    NARACOMP          45.647      1.190     38.357      0.000
    WOLDCOMP           3.651      0.100     36.652      0.000

Latent Class 3

 WORDACC    ON
    F9AGE              0.018      0.014      1.269      0.204

 NONWACC    ON
    F9AGE             -0.001      0.016     -0.043      0.966

 NARAACC    ON
    F9AGE              0.310      0.129      2.405      0.016

 NARACOMP   ON
    F9AGE              0.080      0.052      1.526      0.127

 WOLDCOMP   ON
    F8AGE              0.031      0.023      1.347      0.178

 NARACOMP WITH
    NARAACC           85.717      2.948     29.076      0.000
    WORDACC            6.415      0.351     18.283      0.000
    NONWACC            6.958      0.347     20.059      0.000
    WOLDCOMP           5.135      0.264     19.473      0.000

 NARAACC  WITH
    WORDACC           20.267      0.993     20.402      0.000
    NONWACC           23.488      0.942     24.929      0.000
    WOLDCOMP           7.811      0.642     12.165      0.000

 WORDACC  WITH
    NONWACC            2.407      0.118     20.443      0.000
    WOLDCOMP           0.579      0.070      8.287      0.000

 NONWACC  WITH
    WOLDCOMP           0.534      0.080      6.704      0.000

 F9AGE    WITH
    F8AGE              0.282      0.221      1.275      0.202

 Means
    F8AGE            102.670      0.051   2005.706      0.000
    F9AGE            117.700      0.111   1055.691      0.000

 Intercepts
    NARAACC           34.913     15.159      2.303      0.021
    WORDACC            6.213      1.688      3.680      0.000
    NONWACC            5.825      1.851      3.147      0.002
    NARACOMP          17.319      6.161      2.811      0.005
    WOLDCOMP           4.458      2.361      1.888      0.059

 Variances
    F8AGE              2.910      0.157     18.588      0.000
    F9AGE              9.044      0.546     16.569      0.000

 Residual Variances
    NARAACC          281.794      8.145     34.596      0.000
    WORDACC            2.792      0.135     20.723      0.000
    NONWACC            4.850      0.130     37.411      0.000
    NARACOMP          45.647      1.190     38.357      0.000
    WOLDCOMP           3.651      0.100     36.652      0.000

Latent Class 4

 WORDACC    ON
    F9AGE              0.018      0.014      1.269      0.204

 NONWACC    ON
    F9AGE             -0.001      0.016     -0.043      0.966

 NARAACC    ON
    F9AGE              0.310      0.129      2.405      0.016

 NARACOMP   ON
    F9AGE              0.080      0.052      1.526      0.127

 WOLDCOMP   ON
    F8AGE              0.031      0.023      1.347      0.178

 NARACOMP WITH
    NARAACC           85.717      2.948     29.076      0.000
    WORDACC            6.415      0.351     18.283      0.000
    NONWACC            6.958      0.347     20.059      0.000
    WOLDCOMP           5.135      0.264     19.473      0.000

 NARAACC  WITH
    WORDACC           20.267      0.993     20.402      0.000
    NONWACC           23.488      0.942     24.929      0.000
    WOLDCOMP           7.811      0.642     12.165      0.000

 WORDACC  WITH
    NONWACC            2.407      0.118     20.443      0.000
    WOLDCOMP           0.579      0.070      8.287      0.000

 NONWACC  WITH
    WOLDCOMP           0.534      0.080      6.704      0.000

 F9AGE    WITH
    F8AGE              0.282      0.221      1.275      0.202

 Means
    F8AGE            102.619      0.289    355.209      0.000
    F9AGE            127.336      0.794    160.446      0.000

 Intercepts
    NARAACC           32.276     17.396      1.855      0.064
    WORDACC            5.825      1.870      3.115      0.002
    NONWACC            5.897      2.106      2.800      0.005
    NARACOMP          17.616      7.094      2.483      0.013
    WOLDCOMP           3.793      2.365      1.604      0.109

 Variances
    F8AGE              2.910      0.157     18.588      0.000
    F9AGE              9.044      0.546     16.569      0.000

 Residual Variances
    NARAACC          281.794      8.145     34.596      0.000
    WORDACC            2.792      0.135     20.723      0.000
    NONWACC            4.850      0.130     37.411      0.000
    NARACOMP          45.647      1.190     38.357      0.000
    WOLDCOMP           3.651      0.100     36.652      0.000

Latent Class 5

 WORDACC    ON
    F9AGE              0.018      0.014      1.269      0.204

 NONWACC    ON
    F9AGE             -0.001      0.016     -0.043      0.966

 NARAACC    ON
    F9AGE              0.310      0.129      2.405      0.016

 NARACOMP   ON
    F9AGE              0.080      0.052      1.526      0.127

 WOLDCOMP   ON
    F8AGE              0.031      0.023      1.347      0.178

 NARACOMP WITH
    NARAACC           85.717      2.948     29.076      0.000
    WORDACC            6.415      0.351     18.283      0.000
    NONWACC            6.958      0.347     20.059      0.000
    WOLDCOMP           5.135      0.264     19.473      0.000

 NARAACC  WITH
    WORDACC           20.267      0.993     20.402      0.000
    NONWACC           23.488      0.942     24.929      0.000
    WOLDCOMP           7.811      0.642     12.165      0.000

 WORDACC  WITH
    NONWACC            2.407      0.118     20.443      0.000
    WOLDCOMP           0.579      0.070      8.287      0.000

 NONWACC  WITH
    WOLDCOMP           0.534      0.080      6.704      0.000

 F9AGE    WITH
    F8AGE              0.282      0.221      1.275      0.202

 Means
    F8AGE            109.583      0.603    181.823      0.000
    F9AGE            119.786      0.469    255.264      0.000

 Intercepts
    NARAACC           28.241     16.080      1.756      0.079
    WORDACC            5.324      1.820      2.925      0.003
    NONWACC            5.199      1.934      2.689      0.007
    NARACOMP          14.658      6.462      2.268      0.023
    WOLDCOMP           3.971      2.560      1.551      0.121

 Variances
    F8AGE              2.910      0.157     18.588      0.000
    F9AGE              9.044      0.546     16.569      0.000

 Residual Variances
    NARAACC          281.794      8.145     34.596      0.000
    WORDACC            2.792      0.135     20.723      0.000
    NONWACC            4.850      0.130     37.411      0.000
    NARACOMP          45.647      1.190     38.357      0.000
    WOLDCOMP           3.651      0.100     36.652      0.000

Categorical Latent Variables

 Means
    C#1                0.844      0.135      6.264      0.000
    C#2               -0.410      0.164     -2.505      0.012
    C#3                2.586      0.110     23.445      0.000
    C#4                0.069      0.246      0.282      0.778


STANDARDIZED MODEL RESULTS


STDYX Standardization

                                                    Two-Tailed
                    Estimate       S.E.  Est./S.E.    P-Value

Latent Class 1

 WORDACC    ON
    F9AGE              0.033      0.026      1.270      0.204

 NONWACC    ON
    F9AGE             -0.001      0.022     -0.043      0.966

 NARAACC    ON
    F9AGE              0.055      0.023      2.410      0.016

 NARACOMP   ON
    F9AGE              0.036      0.023      1.519      0.129

 WOLDCOMP   ON
    F8AGE              0.028      0.021      1.339      0.181

 NARACOMP WITH
    NARAACC            0.756      0.009     85.547      0.000
    WORDACC            0.568      0.015     38.060      0.000
    NONWACC            0.468      0.016     29.334      0.000
    WOLDCOMP           0.398      0.017     24.076      0.000

 NARAACC  WITH
    WORDACC            0.722      0.011     64.871      0.000
    NONWACC            0.635      0.013     50.535      0.000
    WOLDCOMP           0.243      0.018     13.288      0.000

 WORDACC  WITH
    NONWACC            0.654      0.013     50.228      0.000
    WOLDCOMP           0.181      0.020      8.870      0.000

 NONWACC  WITH
    WOLDCOMP           0.127      0.018      6.887      0.000

 F9AGE    WITH
    F8AGE              0.055      0.043      1.286      0.198

 Means
    F8AGE             60.373      1.592     37.919      0.000
    F9AGE             39.324      1.158     33.957      0.000

 Intercepts
    NARAACC           -0.015      0.913     -0.017      0.986
    WORDACC            0.324      1.026      0.315      0.753
    NONWACC            1.017      0.851      1.194      0.232
    NARACOMP           0.768      0.925      0.830      0.406
    WOLDCOMP           1.812      1.241      1.460      0.144

 Variances
    F8AGE              1.000      0.000    999.000    999.000
    F9AGE              1.000      0.000    999.000    999.000

 Residual Variances
    NARAACC            0.997      0.003    390.267      0.000
    WORDACC            0.999      0.002    593.925      0.000
    NONWACC            1.000      0.000  25015.881      0.000
    NARACOMP           0.999      0.002    597.464      0.000
    WOLDCOMP           0.999      0.001    873.944      0.000

Latent Class 2

 WORDACC    ON
    F9AGE              0.033      0.026      1.270      0.204

 NONWACC    ON
    F9AGE             -0.001      0.022     -0.043      0.966

 NARAACC    ON
    F9AGE              0.055      0.023      2.410      0.016

 NARACOMP   ON
    F9AGE              0.036      0.023      1.519      0.129

 WOLDCOMP   ON
    F8AGE              0.028      0.021      1.339      0.181

 NARACOMP WITH
    NARAACC            0.756      0.009     85.547      0.000
    WORDACC            0.568      0.015     38.060      0.000
    NONWACC            0.468      0.016     29.334      0.000
    WOLDCOMP           0.398      0.017     24.076      0.000

 NARAACC  WITH
    WORDACC            0.722      0.011     64.871      0.000
    NONWACC            0.635      0.013     50.535      0.000
    WOLDCOMP           0.243      0.018     13.288      0.000

 WORDACC  WITH
    NONWACC            0.654      0.013     50.228      0.000
    WOLDCOMP           0.181      0.020      8.870      0.000

 NONWACC  WITH
    WOLDCOMP           0.127      0.018      6.887      0.000

 F9AGE    WITH
    F8AGE              0.055      0.043      1.286      0.198

 Means
    F8AGE             68.452      1.660     41.235      0.000
    F9AGE             40.925      1.219     33.563      0.000

 Intercepts
    NARAACC            1.416      0.949      1.493      0.135
    WORDACC            2.997      1.071      2.799      0.005
    NONWACC            2.261      0.896      2.525      0.012
    NARACOMP           2.002      0.959      2.087      0.037
    WOLDCOMP           2.244      1.417      1.584      0.113

 Variances
    F8AGE              1.000      0.000    999.000    999.000
    F9AGE              1.000      0.000    999.000    999.000

 Residual Variances
    NARAACC            0.997      0.003    390.267      0.000
    WORDACC            0.999      0.002    593.925      0.000
    NONWACC            1.000      0.000  25015.881      0.000
    NARACOMP           0.999      0.002    597.464      0.000
    WOLDCOMP           0.999      0.001    873.944      0.000

Latent Class 3

 WORDACC    ON
    F9AGE              0.033      0.026      1.270      0.204

 NONWACC    ON
    F9AGE             -0.001      0.022     -0.043      0.966

 NARAACC    ON
    F9AGE              0.055      0.023      2.410      0.016

 NARACOMP   ON
    F9AGE              0.036      0.023      1.519      0.129

 WOLDCOMP   ON
    F8AGE              0.028      0.021      1.339      0.181

 NARACOMP WITH
    NARAACC            0.756      0.009     85.547      0.000
    WORDACC            0.568      0.015     38.060      0.000
    NONWACC            0.468      0.016     29.334      0.000
    WOLDCOMP           0.398      0.017     24.076      0.000

 NARAACC  WITH
    WORDACC            0.722      0.011     64.871      0.000
    NONWACC            0.635      0.013     50.535      0.000
    WOLDCOMP           0.243      0.018     13.288      0.000

 WORDACC  WITH
    NONWACC            0.654      0.013     50.228      0.000
    WOLDCOMP           0.181      0.020      8.870      0.000

 NONWACC  WITH
    WOLDCOMP           0.127      0.018      6.887      0.000

 F9AGE    WITH
    F8AGE              0.055      0.043      1.286      0.198

 Means
    F8AGE             60.188      1.603     37.555      0.000
    F9AGE             39.138      1.153     33.949      0.000

 Intercepts
    NARAACC            2.077      0.908      2.288      0.022
    WORDACC            3.716      1.031      3.606      0.000
    NONWACC            2.645      0.845      3.132      0.002
    NARACOMP           2.562      0.917      2.795      0.005
    WOLDCOMP           2.332      1.238      1.883      0.060

 Variances
    F8AGE              1.000      0.000    999.000    999.000
    F9AGE              1.000      0.000    999.000    999.000

 Residual Variances
    NARAACC            0.997      0.003    390.267      0.000
    WORDACC            0.999      0.002    593.925      0.000
    NONWACC            1.000      0.000  25015.881      0.000
    NARACOMP           0.999      0.002    597.464      0.000
    WOLDCOMP           0.999      0.001    873.944      0.000

Latent Class 4

 WORDACC    ON
    F9AGE              0.033      0.026      1.270      0.204

 NONWACC    ON
    F9AGE             -0.001      0.022     -0.043      0.966

 NARAACC    ON
    F9AGE              0.055      0.023      2.410      0.016

 NARACOMP   ON
    F9AGE              0.036      0.023      1.519      0.129

 WOLDCOMP   ON
    F8AGE              0.028      0.021      1.339      0.181

 NARACOMP WITH
    NARAACC            0.756      0.009     85.547      0.000
    WORDACC            0.568      0.015     38.060      0.000
    NONWACC            0.468      0.016     29.334      0.000
    WOLDCOMP           0.398      0.017     24.076      0.000

 NARAACC  WITH
    WORDACC            0.722      0.011     64.871      0.000
    NONWACC            0.635      0.013     50.535      0.000
    WOLDCOMP           0.243      0.018     13.288      0.000

 WORDACC  WITH
    NONWACC            0.654      0.013     50.228      0.000
    WOLDCOMP           0.181      0.020      8.870      0.000

 NONWACC  WITH
    WOLDCOMP           0.127      0.018      6.887      0.000

 F9AGE    WITH
    F8AGE              0.055      0.043      1.286      0.198

 Means
    F8AGE             60.158      1.619     37.168      0.000
    F9AGE             42.342      1.114     37.998      0.000

 Intercepts
    NARAACC            1.920      1.041      1.845      0.065
    WORDACC            3.484      1.140      3.056      0.002
    NONWACC            2.678      0.961      2.787      0.005
    NARACOMP           2.606      1.055      2.469      0.014
    WOLDCOMP           1.984      1.240      1.600      0.110

 Variances
    F8AGE              1.000      0.000    999.000    999.000
    F9AGE              1.000      0.000    999.000    999.000

 Residual Variances
    NARAACC            0.997      0.003    390.267      0.000
    WORDACC            0.999      0.002    593.925      0.000
    NONWACC            1.000      0.000  25015.881      0.000
    NARACOMP           0.999      0.002    597.464      0.000
    WOLDCOMP           0.999      0.001    873.944      0.000

Latent Class 5

 WORDACC    ON
    F9AGE              0.033      0.026      1.270      0.204

 NONWACC    ON
    F9AGE             -0.001      0.022     -0.043      0.966

 NARAACC    ON
    F9AGE              0.055      0.023      2.410      0.016

 NARACOMP   ON
    F9AGE              0.036      0.023      1.519      0.129

 WOLDCOMP   ON
    F8AGE              0.028      0.021      1.339      0.181

 NARACOMP WITH
    NARAACC            0.756      0.009     85.547      0.000
    WORDACC            0.568      0.015     38.060      0.000
    NONWACC            0.468      0.016     29.334      0.000
    WOLDCOMP           0.398      0.017     24.076      0.000

 NARAACC  WITH
    WORDACC            0.722      0.011     64.871      0.000
    NONWACC            0.635      0.013     50.535      0.000
    WOLDCOMP           0.243      0.018     13.288      0.000

 WORDACC  WITH
    NONWACC            0.654      0.013     50.228      0.000
    WOLDCOMP           0.181      0.020      8.870      0.000

 NONWACC  WITH
    WOLDCOMP           0.127      0.018      6.887      0.000

 F9AGE    WITH
    F8AGE              0.055      0.043      1.286      0.198

 Means
    F8AGE             64.240      1.502     42.756      0.000
    F9AGE             39.831      1.182     33.690      0.000

 Intercepts
    NARAACC            1.680      0.962      1.746      0.081
    WORDACC            3.185      1.110      2.868      0.004
    NONWACC            2.361      0.882      2.677      0.007
    NARACOMP           2.168      0.961      2.257      0.024
    WOLDCOMP           2.077      1.342      1.548      0.122

 Variances
    F8AGE              1.000      0.000    999.000    999.000
    F9AGE              1.000      0.000    999.000    999.000

 Residual Variances
    NARAACC            0.997      0.003    390.267      0.000
    WORDACC            0.999      0.002    593.925      0.000
    NONWACC            1.000      0.000  25015.881      0.000
    NARACOMP           0.999      0.002    597.464      0.000
    WOLDCOMP           0.999      0.001    873.944      0.000


R-SQUARE

Class 1

    Observed                                        Two-Tailed
    Variable        Estimate       S.E.  Est./S.E.    P-Value

    NARAACC            0.003      0.003      1.205      0.228
    WORDACC            0.001      0.002      0.635      0.526
    NONWACC            0.000      0.000      0.022      0.983
    NARACOMP           0.001      0.002      0.759      0.448
    WOLDCOMP           0.001      0.001      0.669      0.503

Class 2

    Observed                                        Two-Tailed
    Variable        Estimate       S.E.  Est./S.E.    P-Value

    NARAACC            0.003      0.003      1.205      0.228
    WORDACC            0.001      0.002      0.635      0.526
    NONWACC            0.000      0.000      0.022      0.983
    NARACOMP           0.001      0.002      0.759      0.448
    WOLDCOMP           0.001      0.001      0.669      0.503

Class 3

    Observed                                        Two-Tailed
    Variable        Estimate       S.E.  Est./S.E.    P-Value

    NARAACC            0.003      0.003      1.205      0.228
    WORDACC            0.001      0.002      0.635      0.526
    NONWACC            0.000      0.000      0.022      0.983
    NARACOMP           0.001      0.002      0.759      0.448
    WOLDCOMP           0.001      0.001      0.669      0.503

Class 4

    Observed                                        Two-Tailed
    Variable        Estimate       S.E.  Est./S.E.    P-Value

    NARAACC            0.003      0.003      1.205      0.228
    WORDACC            0.001      0.002      0.635      0.526
    NONWACC            0.000      0.000      0.022      0.983
    NARACOMP           0.001      0.002      0.759      0.448
    WOLDCOMP           0.001      0.001      0.669      0.503

Class 5

    Observed                                        Two-Tailed
    Variable        Estimate       S.E.  Est./S.E.    P-Value

    NARAACC            0.003      0.003      1.205      0.228
    WORDACC            0.001      0.002      0.635      0.526
    NONWACC            0.000      0.000      0.022      0.983
    NARACOMP           0.001      0.002      0.759      0.448
    WOLDCOMP           0.001      0.001      0.669      0.503


QUALITY OF NUMERICAL RESULTS

     Condition Number for the Information Matrix              0.142E-09
       (ratio of smallest to largest eigenvalue)


CONFIDENCE INTERVALS OF MODEL RESULTS

                  Lower .5%  Lower 2.5%    Lower 5%    Estimate    Upper 5%  Upper 2.5%   Upper .5%

Latent Class 1

 WORDACC  ON
    F9AGE           -0.019      -0.010      -0.005       0.018       0.042       0.046       0.055

 NONWACC  ON
    F9AGE           -0.041      -0.032      -0.027      -0.001       0.025       0.030       0.040

 NARAACC  ON
    F9AGE           -0.022       0.057       0.098       0.310       0.522       0.563       0.642

 NARACOMP ON
    F9AGE           -0.055      -0.023      -0.006       0.080       0.166       0.183       0.215

 WOLDCOMP ON
    F8AGE           -0.028      -0.014      -0.007       0.031       0.069       0.076       0.090

 NARACOMP WITH
    NARAACC         78.124      79.939      80.868      85.717      90.567      91.496      93.311
    WORDACC          5.511       5.727       5.837       6.415       6.992       7.102       7.318
    NONWACC          6.065       6.278       6.387       6.958       7.529       7.638       7.852
    WOLDCOMP         4.455       4.618       4.701       5.135       5.568       5.651       5.814

 NARAACC  WITH
    WORDACC         17.708      18.320      18.633      20.267      21.901      22.214      22.826
    NONWACC         21.061      21.642      21.938      23.488      25.038      25.335      25.915
    WOLDCOMP         6.157       6.552       6.755       7.811       8.867       9.069       9.465

 WORDACC  WITH
    NONWACC          2.103       2.176       2.213       2.407       2.600       2.637       2.710
    WOLDCOMP         0.399       0.442       0.464       0.579       0.694       0.716       0.759

 NONWACC  WITH
    WOLDCOMP         0.329       0.378       0.403       0.534       0.665       0.691       0.740

 F9AGE    WITH
    F8AGE           -0.288      -0.151      -0.082       0.282       0.646       0.715       0.851

 Means
    F8AGE          102.644     102.726     102.768     102.986     103.205     103.247     103.329
    F9AGE          117.706     117.838     117.906     118.259     118.613     118.681     118.813

 Intercepts
    NARAACC        -39.780     -30.332     -25.499      -0.261      24.978      29.811      39.259
    WORDACC         -3.872      -2.817      -2.277       0.541       3.359       3.899       4.954
    NONWACC         -2.584      -1.431      -0.841       2.240       5.320       5.910       7.063
    NARACOMP       -10.891      -7.045      -5.079       5.193      15.464      17.431      21.276
    WOLDCOMP        -2.636      -1.178      -0.432       3.463       7.358       8.104       9.562

 Variances
    F8AGE            2.507       2.603       2.652       2.910       3.167       3.217       3.313
    F9AGE            7.638       7.974       8.146       9.044       9.942      10.114      10.450

 Residual Variances
    NARAACC        260.814     265.829     268.395     281.794     295.193     297.759     302.774
    WORDACC          2.445       2.528       2.571       2.792       3.014       3.057       3.139
    NONWACC          4.516       4.596       4.637       4.850       5.063       5.104       5.184
    NARACOMP        42.582      43.315      43.690      45.647      47.605      47.980      48.713
    WOLDCOMP         3.395       3.456       3.488       3.651       3.815       3.847       3.908

Latent Class 2

 WORDACC  ON
    F9AGE           -0.019      -0.010      -0.005       0.018       0.042       0.046       0.055

 NONWACC  ON
    F9AGE           -0.041      -0.032      -0.027      -0.001       0.025       0.030       0.040

 NARAACC  ON
    F9AGE           -0.022       0.057       0.098       0.310       0.522       0.563       0.642

 NARACOMP ON
    F9AGE           -0.055      -0.023      -0.006       0.080       0.166       0.183       0.215

 WOLDCOMP ON
    F8AGE           -0.028      -0.014      -0.007       0.031       0.069       0.076       0.090

 NARACOMP WITH
    NARAACC         78.124      79.939      80.868      85.717      90.567      91.496      93.311
    WORDACC          5.511       5.727       5.837       6.415       6.992       7.102       7.318
    NONWACC          6.065       6.278       6.387       6.958       7.529       7.638       7.852
    WOLDCOMP         4.455       4.618       4.701       5.135       5.568       5.651       5.814

 NARAACC  WITH
    WORDACC         17.708      18.320      18.633      20.267      21.901      22.214      22.826
    NONWACC         21.061      21.642      21.938      23.488      25.038      25.335      25.915
    WOLDCOMP         6.157       6.552       6.755       7.811       8.867       9.069       9.465

 WORDACC  WITH
    NONWACC          2.103       2.176       2.213       2.407       2.600       2.637       2.710
    WOLDCOMP         0.399       0.442       0.464       0.579       0.694       0.716       0.759

 NONWACC  WITH
    WOLDCOMP         0.329       0.378       0.403       0.534       0.665       0.691       0.740

 F9AGE    WITH
    F8AGE           -0.288      -0.151      -0.082       0.282       0.646       0.715       0.851

 Means
    F8AGE          115.259     115.619     115.804     116.767     117.730     117.914     118.275
    F9AGE          121.457     121.844     122.042     123.076     124.110     124.309     124.696

 Intercepts
    NARAACC        -17.114      -7.330      -2.324      23.813      49.951      54.956      64.741
    WORDACC          0.473       1.558       2.113       5.010       7.908       8.463       9.548
    NONWACC         -0.084       1.126       1.746       4.980       8.214       8.833      10.044
    NARACOMP        -3.099       0.877       2.911      13.532      24.152      26.186      30.162
    WOLDCOMP        -2.671      -1.007      -0.156       4.290       8.735       9.587      11.251

 Variances
    F8AGE            2.507       2.603       2.652       2.910       3.167       3.217       3.313
    F9AGE            7.638       7.974       8.146       9.044       9.942      10.114      10.450

 Residual Variances
    NARAACC        260.814     265.829     268.395     281.794     295.193     297.759     302.774
    WORDACC          2.445       2.528       2.571       2.792       3.014       3.057       3.139
    NONWACC          4.516       4.596       4.637       4.850       5.063       5.104       5.184
    NARACOMP        42.582      43.315      43.690      45.647      47.605      47.980      48.713
    WOLDCOMP         3.395       3.456       3.488       3.651       3.815       3.847       3.908

Latent Class 3

 WORDACC  ON
    F9AGE           -0.019      -0.010      -0.005       0.018       0.042       0.046       0.055

 NONWACC  ON
    F9AGE           -0.041      -0.032      -0.027      -0.001       0.025       0.030       0.040

 NARAACC  ON
    F9AGE           -0.022       0.057       0.098       0.310       0.522       0.563       0.642

 NARACOMP ON
    F9AGE           -0.055      -0.023      -0.006       0.080       0.166       0.183       0.215

 WOLDCOMP ON
    F8AGE           -0.028      -0.014      -0.007       0.031       0.069       0.076       0.090

 NARACOMP WITH
    NARAACC         78.124      79.939      80.868      85.717      90.567      91.496      93.311
    WORDACC          5.511       5.727       5.837       6.415       6.992       7.102       7.318
    NONWACC          6.065       6.278       6.387       6.958       7.529       7.638       7.852
    WOLDCOMP         4.455       4.618       4.701       5.135       5.568       5.651       5.814

 NARAACC  WITH
    WORDACC         17.708      18.320      18.633      20.267      21.901      22.214      22.826
    NONWACC         21.061      21.642      21.938      23.488      25.038      25.335      25.915
    WOLDCOMP         6.157       6.552       6.755       7.811       8.867       9.069       9.465

 WORDACC  WITH
    NONWACC          2.103       2.176       2.213       2.407       2.600       2.637       2.710
    WOLDCOMP         0.399       0.442       0.464       0.579       0.694       0.716       0.759

 NONWACC  WITH
    WOLDCOMP         0.329       0.378       0.403       0.534       0.665       0.691       0.740

 F9AGE    WITH
    F8AGE           -0.288      -0.151      -0.082       0.282       0.646       0.715       0.851

 Means
    F8AGE          102.538     102.569     102.586     102.670     102.754     102.770     102.802
    F9AGE          117.413     117.482     117.517     117.700     117.884     117.919     117.987

 Intercepts
    NARAACC         -4.134       5.201       9.976      34.913      59.850      64.625      73.960
    WORDACC          1.865       2.904       3.436       6.213       8.990       9.522      10.562
    NONWACC          1.057       2.197       2.780       5.825       8.870       9.454      10.593
    NARACOMP         1.450       5.244       7.184      17.319      27.454      29.394      33.188
    WOLDCOMP        -1.623      -0.170       0.574       4.458       8.341       9.085      10.539

 Variances
    F8AGE            2.507       2.603       2.652       2.910       3.167       3.217       3.313
    F9AGE            7.638       7.974       8.146       9.044       9.942      10.114      10.450

 Residual Variances
    NARAACC        260.814     265.829     268.395     281.794     295.193     297.759     302.774
    WORDACC          2.445       2.528       2.571       2.792       3.014       3.057       3.139
    NONWACC          4.516       4.596       4.637       4.850       5.063       5.104       5.184
    NARACOMP        42.582      43.315      43.690      45.647      47.605      47.980      48.713
    WOLDCOMP         3.395       3.456       3.488       3.651       3.815       3.847       3.908

Latent Class 4

 WORDACC  ON
    F9AGE           -0.019      -0.010      -0.005       0.018       0.042       0.046       0.055

 NONWACC  ON
    F9AGE           -0.041      -0.032      -0.027      -0.001       0.025       0.030       0.040

 NARAACC  ON
    F9AGE           -0.022       0.057       0.098       0.310       0.522       0.563       0.642

 NARACOMP ON
    F9AGE           -0.055      -0.023      -0.006       0.080       0.166       0.183       0.215

 WOLDCOMP ON
    F8AGE           -0.028      -0.014      -0.007       0.031       0.069       0.076       0.090

 NARACOMP WITH
    NARAACC         78.124      79.939      80.868      85.717      90.567      91.496      93.311
    WORDACC          5.511       5.727       5.837       6.415       6.992       7.102       7.318
    NONWACC          6.065       6.278       6.387       6.958       7.529       7.638       7.852
    WOLDCOMP         4.455       4.618       4.701       5.135       5.568       5.651       5.814

 NARAACC  WITH
    WORDACC         17.708      18.320      18.633      20.267      21.901      22.214      22.826
    NONWACC         21.061      21.642      21.938      23.488      25.038      25.335      25.915
    WOLDCOMP         6.157       6.552       6.755       7.811       8.867       9.069       9.465

 WORDACC  WITH
    NONWACC          2.103       2.176       2.213       2.407       2.600       2.637       2.710
    WOLDCOMP         0.399       0.442       0.464       0.579       0.694       0.716       0.759

 NONWACC  WITH
    WOLDCOMP         0.329       0.378       0.403       0.534       0.665       0.691       0.740

 F9AGE    WITH
    F8AGE           -0.288      -0.151      -0.082       0.282       0.646       0.715       0.851

 Means
    F8AGE          101.875     102.053     102.144     102.619     103.095     103.186     103.363
    F9AGE          125.292     125.781     126.031     127.336     128.642     128.892     129.381

 Intercepts
    NARAACC        -12.533      -1.820       3.659      32.276      60.892      66.372      77.084
    WORDACC          1.008       2.160       2.749       5.825       8.901       9.490      10.642
    NONWACC          0.472       1.769       2.432       5.897       9.361      10.025      11.322
    NARACOMP        -0.655       3.713       5.948      17.616      29.285      31.520      35.888
    WOLDCOMP        -2.299      -0.843      -0.098       3.793       7.684       8.429       9.885

 Variances
    F8AGE            2.507       2.603       2.652       2.910       3.167       3.217       3.313
    F9AGE            7.638       7.974       8.146       9.044       9.942      10.114      10.450

 Residual Variances
    NARAACC        260.814     265.829     268.395     281.794     295.193     297.759     302.774
    WORDACC          2.445       2.528       2.571       2.792       3.014       3.057       3.139
    NONWACC          4.516       4.596       4.637       4.850       5.063       5.104       5.184
    NARACOMP        42.582      43.315      43.690      45.647      47.605      47.980      48.713
    WOLDCOMP         3.395       3.456       3.488       3.651       3.815       3.847       3.908

Latent Class 5

 WORDACC  ON
    F9AGE           -0.019      -0.010      -0.005       0.018       0.042       0.046       0.055

 NONWACC  ON
    F9AGE           -0.041      -0.032      -0.027      -0.001       0.025       0.030       0.040

 NARAACC  ON
    F9AGE           -0.022       0.057       0.098       0.310       0.522       0.563       0.642

 NARACOMP ON
    F9AGE           -0.055      -0.023      -0.006       0.080       0.166       0.183       0.215

 WOLDCOMP ON
    F8AGE           -0.028      -0.014      -0.007       0.031       0.069       0.076       0.090

 NARACOMP WITH
    NARAACC         78.124      79.939      80.868      85.717      90.567      91.496      93.311
    WORDACC          5.511       5.727       5.837       6.415       6.992       7.102       7.318
    NONWACC          6.065       6.278       6.387       6.958       7.529       7.638       7.852
    WOLDCOMP         4.455       4.618       4.701       5.135       5.568       5.651       5.814

 NARAACC  WITH
    WORDACC         17.708      18.320      18.633      20.267      21.901      22.214      22.826
    NONWACC         21.061      21.642      21.938      23.488      25.038      25.335      25.915
    WOLDCOMP         6.157       6.552       6.755       7.811       8.867       9.069       9.465

 WORDACC  WITH
    NONWACC          2.103       2.176       2.213       2.407       2.600       2.637       2.710
    WOLDCOMP         0.399       0.442       0.464       0.579       0.694       0.716       0.759

 NONWACC  WITH
    WOLDCOMP         0.329       0.378       0.403       0.534       0.665       0.691       0.740

 F9AGE    WITH
    F8AGE           -0.288      -0.151      -0.082       0.282       0.646       0.715       0.851

 Means
    F8AGE          108.031     108.402     108.592     109.583     110.575     110.764     111.136
    F9AGE          118.578     118.867     119.014     119.786     120.558     120.706     120.995

 Intercepts
    NARAACC        -13.177      -3.275       1.790      28.241      54.692      59.758      69.659
    WORDACC          0.636       1.757       2.330       5.324       8.319       8.892      10.013
    NONWACC          0.219       1.410       2.019       5.199       8.380       8.989      10.180
    NARACOMP        -1.988       1.992       4.028      14.658      25.289      27.325      31.304
    WOLDCOMP        -2.622      -1.046      -0.240       3.971       8.181       8.987      10.563

 Variances
    F8AGE            2.507       2.603       2.652       2.910       3.167       3.217       3.313
    F9AGE            7.638       7.974       8.146       9.044       9.942      10.114      10.450

 Residual Variances
    NARAACC        260.814     265.829     268.395     281.794     295.193     297.759     302.774
    WORDACC          2.445       2.528       2.571       2.792       3.014       3.057       3.139
    NONWACC          4.516       4.596       4.637       4.850       5.063       5.104       5.184
    NARACOMP        42.582      43.315      43.690      45.647      47.605      47.980      48.713
    WOLDCOMP         3.395       3.456       3.488       3.651       3.815       3.847       3.908

Categorical Latent Variables

 Means
    C#1              0.497       0.580       0.622       0.844       1.066       1.108       1.191
    C#2             -0.831      -0.730      -0.679      -0.410      -0.141      -0.089       0.012
    C#3              2.302       2.370       2.404       2.586       2.767       2.802       2.870
    C#4             -0.564      -0.413      -0.335       0.069       0.474       0.551       0.703


CONFIDENCE INTERVALS OF STANDARDIZED MODEL RESULTS


STDYX Standardization

                  Lower .5%  Lower 2.5%    Lower 5%    Estimate    Upper 5%  Upper 2.5%   Upper .5%

Latent Class 1

 WORDACC  ON
    F9AGE           -0.034      -0.018      -0.010       0.033       0.075       0.083       0.099

 NONWACC  ON
    F9AGE           -0.056      -0.043      -0.036      -0.001       0.034       0.041       0.054

 NARAACC  ON
    F9AGE           -0.004       0.010       0.018       0.055       0.093       0.101       0.115

 NARACOMP ON
    F9AGE           -0.025      -0.010      -0.003       0.036       0.074       0.082       0.096

 WOLDCOMP ON
    F8AGE           -0.026      -0.013      -0.006       0.028       0.062       0.068       0.081

 NARACOMP WITH
    NARAACC          0.733       0.738       0.741       0.756       0.770       0.773       0.779
    WORDACC          0.530       0.539       0.544       0.568       0.593       0.597       0.607
    NONWACC          0.427       0.436       0.441       0.468       0.494       0.499       0.509
    WOLDCOMP         0.355       0.365       0.371       0.398       0.425       0.430       0.440

 NARAACC  WITH
    WORDACC          0.694       0.701       0.704       0.722       0.741       0.744       0.751
    NONWACC          0.603       0.611       0.615       0.635       0.656       0.660       0.668
    WOLDCOMP         0.196       0.208       0.213       0.243       0.274       0.279       0.291

 WORDACC  WITH
    NONWACC          0.620       0.628       0.633       0.654       0.675       0.680       0.688
    WOLDCOMP         0.129       0.141       0.148       0.181       0.215       0.221       0.234

 NONWACC  WITH
    WOLDCOMP         0.079       0.091       0.097       0.127       0.157       0.163       0.174

 F9AGE    WITH
    F8AGE           -0.055      -0.029      -0.015       0.055       0.125       0.139       0.165

 Means
    F8AGE           56.272      57.253      57.754      60.373      62.992      63.494      64.474
    F9AGE           36.341      37.054      37.419      39.324      41.228      41.593      42.306

 Intercepts
    NARAACC         -2.366      -1.804      -1.517      -0.015       1.486       1.773       2.335
    WORDACC         -2.320      -1.688      -1.365       0.324       2.012       2.335       2.967
    NONWACC         -1.176      -0.652      -0.384       1.017       2.418       2.686       3.210
    NARACOMP        -1.615      -1.045      -0.754       0.768       2.290       2.581       3.151
    WOLDCOMP        -1.385      -0.621      -0.230       1.812       3.853       4.244       5.008

 Variances
    F8AGE            1.000       1.000       1.000       1.000       1.000       1.000       1.000
    F9AGE            1.000       1.000       1.000       1.000       1.000       1.000       1.000

 Residual Variances
    NARAACC          0.990       0.992       0.993       0.997       1.001       1.002       1.004
    WORDACC          0.995       0.996       0.996       0.999       1.002       1.002       1.003
    NONWACC          1.000       1.000       1.000       1.000       1.000       1.000       1.000
    NARACOMP         0.994       0.995       0.996       0.999       1.001       1.002       1.003
    WOLDCOMP         0.996       0.997       0.997       0.999       1.001       1.001       1.002

Latent Class 2

 WORDACC  ON
    F9AGE           -0.034      -0.018      -0.010       0.033       0.075       0.083       0.099

 NONWACC  ON
    F9AGE           -0.056      -0.043      -0.036      -0.001       0.034       0.041       0.054

 NARAACC  ON
    F9AGE           -0.004       0.010       0.018       0.055       0.093       0.101       0.115

 NARACOMP ON
    F9AGE           -0.025      -0.010      -0.003       0.036       0.074       0.082       0.096

 WOLDCOMP ON
    F8AGE           -0.026      -0.013      -0.006       0.028       0.062       0.068       0.081

 NARACOMP WITH
    NARAACC          0.733       0.738       0.741       0.756       0.770       0.773       0.779
    WORDACC          0.530       0.539       0.544       0.568       0.593       0.597       0.607
    NONWACC          0.427       0.436       0.441       0.468       0.494       0.499       0.509
    WOLDCOMP         0.355       0.365       0.371       0.398       0.425       0.430       0.440

 NARAACC  WITH
    WORDACC          0.694       0.701       0.704       0.722       0.741       0.744       0.751
    NONWACC          0.603       0.611       0.615       0.635       0.656       0.660       0.668
    WOLDCOMP         0.196       0.208       0.213       0.243       0.274       0.279       0.291

 WORDACC  WITH
    NONWACC          0.620       0.628       0.633       0.654       0.675       0.680       0.688
    WOLDCOMP         0.129       0.141       0.148       0.181       0.215       0.221       0.234

 NONWACC  WITH
    WOLDCOMP         0.079       0.091       0.097       0.127       0.157       0.163       0.174

 F9AGE    WITH
    F8AGE           -0.055      -0.029      -0.015       0.055       0.125       0.139       0.165

 Means
    F8AGE           64.176      65.198      65.721      68.452      71.182      71.705      72.728
    F9AGE           37.784      38.535      38.919      40.925      42.931      43.315      44.066

 Intercepts
    NARAACC         -1.027      -0.443      -0.144       1.416       2.977       3.276       3.860
    WORDACC          0.239       0.898       1.235       2.997       4.758       5.096       5.755
    NONWACC         -0.046       0.506       0.788       2.261       3.735       4.017       4.568
    NARACOMP        -0.468       0.122       0.424       2.002       3.579       3.881       4.471
    WOLDCOMP        -1.405      -0.533      -0.086       2.244       4.574       5.021       5.893

 Variances
    F8AGE            1.000       1.000       1.000       1.000       1.000       1.000       1.000
    F9AGE            1.000       1.000       1.000       1.000       1.000       1.000       1.000

 Residual Variances
    NARAACC          0.990       0.992       0.993       0.997       1.001       1.002       1.004
    WORDACC          0.995       0.996       0.996       0.999       1.002       1.002       1.003
    NONWACC          1.000       1.000       1.000       1.000       1.000       1.000       1.000
    NARACOMP         0.994       0.995       0.996       0.999       1.001       1.002       1.003
    WOLDCOMP         0.996       0.997       0.997       0.999       1.001       1.001       1.002

Latent Class 3

 WORDACC  ON
    F9AGE           -0.034      -0.018      -0.010       0.033       0.075       0.083       0.099

 NONWACC  ON
    F9AGE           -0.056      -0.043      -0.036      -0.001       0.034       0.041       0.054

 NARAACC  ON
    F9AGE           -0.004       0.010       0.018       0.055       0.093       0.101       0.115

 NARACOMP ON
    F9AGE           -0.025      -0.010      -0.003       0.036       0.074       0.082       0.096

 WOLDCOMP ON
    F8AGE           -0.026      -0.013      -0.006       0.028       0.062       0.068       0.081

 NARACOMP WITH
    NARAACC          0.733       0.738       0.741       0.756       0.770       0.773       0.779
    WORDACC          0.530       0.539       0.544       0.568       0.593       0.597       0.607
    NONWACC          0.427       0.436       0.441       0.468       0.494       0.499       0.509
    WOLDCOMP         0.355       0.365       0.371       0.398       0.425       0.430       0.440

 NARAACC  WITH
    WORDACC          0.694       0.701       0.704       0.722       0.741       0.744       0.751
    NONWACC          0.603       0.611       0.615       0.635       0.656       0.660       0.668
    WOLDCOMP         0.196       0.208       0.213       0.243       0.274       0.279       0.291

 WORDACC  WITH
    NONWACC          0.620       0.628       0.633       0.654       0.675       0.680       0.688
    WOLDCOMP         0.129       0.141       0.148       0.181       0.215       0.221       0.234

 NONWACC  WITH
    WOLDCOMP         0.079       0.091       0.097       0.127       0.157       0.163       0.174

 F9AGE    WITH
    F8AGE           -0.055      -0.029      -0.015       0.055       0.125       0.139       0.165

 Means
    F8AGE           56.060      57.046      57.551      60.188      62.824      63.329      64.316
    F9AGE           36.168      36.878      37.241      39.138      41.034      41.397      42.107

 Intercepts
    NARAACC         -0.262       0.297       0.583       2.077       3.570       3.856       4.415
    WORDACC          1.062       1.696       2.021       3.716       5.411       5.736       6.371
    NONWACC          0.470       0.990       1.256       2.645       4.035       4.301       4.821
    NARACOMP         0.201       0.765       1.054       2.562       4.070       4.358       4.923
    WOLDCOMP        -0.857      -0.095       0.295       2.332       4.369       4.759       5.521

 Variances
    F8AGE            1.000       1.000       1.000       1.000       1.000       1.000       1.000
    F9AGE            1.000       1.000       1.000       1.000       1.000       1.000       1.000

 Residual Variances
    NARAACC          0.990       0.992       0.993       0.997       1.001       1.002       1.004
    WORDACC          0.995       0.996       0.996       0.999       1.002       1.002       1.003
    NONWACC          1.000       1.000       1.000       1.000       1.000       1.000       1.000
    NARACOMP         0.994       0.995       0.996       0.999       1.001       1.002       1.003
    WOLDCOMP         0.996       0.997       0.997       0.999       1.001       1.001       1.002

Latent Class 4

 WORDACC  ON
    F9AGE           -0.034      -0.018      -0.010       0.033       0.075       0.083       0.099

 NONWACC  ON
    F9AGE           -0.056      -0.043      -0.036      -0.001       0.034       0.041       0.054

 NARAACC  ON
    F9AGE           -0.004       0.010       0.018       0.055       0.093       0.101       0.115

 NARACOMP ON
    F9AGE           -0.025      -0.010      -0.003       0.036       0.074       0.082       0.096

 WOLDCOMP ON
    F8AGE           -0.026      -0.013      -0.006       0.028       0.062       0.068       0.081

 NARACOMP WITH
    NARAACC          0.733       0.738       0.741       0.756       0.770       0.773       0.779
    WORDACC          0.530       0.539       0.544       0.568       0.593       0.597       0.607
    NONWACC          0.427       0.436       0.441       0.468       0.494       0.499       0.509
    WOLDCOMP         0.355       0.365       0.371       0.398       0.425       0.430       0.440

 NARAACC  WITH
    WORDACC          0.694       0.701       0.704       0.722       0.741       0.744       0.751
    NONWACC          0.603       0.611       0.615       0.635       0.656       0.660       0.668
    WOLDCOMP         0.196       0.208       0.213       0.243       0.274       0.279       0.291

 WORDACC  WITH
    NONWACC          0.620       0.628       0.633       0.654       0.675       0.680       0.688
    WOLDCOMP         0.129       0.141       0.148       0.181       0.215       0.221       0.234

 NONWACC  WITH
    WOLDCOMP         0.079       0.091       0.097       0.127       0.157       0.163       0.174

 F9AGE    WITH
    F8AGE           -0.055      -0.029      -0.015       0.055       0.125       0.139       0.165

 Means
    F8AGE           55.989      56.986      57.496      60.158      62.821      63.330      64.327
    F9AGE           39.472      40.158      40.509      42.342      44.175      44.526      45.212

 Intercepts
    NARAACC         -0.761      -0.120       0.208       1.920       3.632       3.960       4.600
    WORDACC          0.547       1.250       1.609       3.484       5.359       5.718       6.420
    NONWACC          0.203       0.795       1.097       2.678       4.258       4.561       5.152
    NARACOMP        -0.112       0.538       0.870       2.606       4.342       4.674       5.324
    WOLDCOMP        -1.209      -0.446      -0.055       1.984       4.024       4.414       5.178

 Variances
    F8AGE            1.000       1.000       1.000       1.000       1.000       1.000       1.000
    F9AGE            1.000       1.000       1.000       1.000       1.000       1.000       1.000

 Residual Variances
    NARAACC          0.990       0.992       0.993       0.997       1.001       1.002       1.004
    WORDACC          0.995       0.996       0.996       0.999       1.002       1.002       1.003
    NONWACC          1.000       1.000       1.000       1.000       1.000       1.000       1.000
    NARACOMP         0.994       0.995       0.996       0.999       1.001       1.002       1.003
    WOLDCOMP         0.996       0.997       0.997       0.999       1.001       1.001       1.002

Latent Class 5

 WORDACC  ON
    F9AGE           -0.034      -0.018      -0.010       0.033       0.075       0.083       0.099

 NONWACC  ON
    F9AGE           -0.056      -0.043      -0.036      -0.001       0.034       0.041       0.054

 NARAACC  ON
    F9AGE           -0.004       0.010       0.018       0.055       0.093       0.101       0.115

 NARACOMP ON
    F9AGE           -0.025      -0.010      -0.003       0.036       0.074       0.082       0.096

 WOLDCOMP ON
    F8AGE           -0.026      -0.013      -0.006       0.028       0.062       0.068       0.081

 NARACOMP WITH
    NARAACC          0.733       0.738       0.741       0.756       0.770       0.773       0.779
    WORDACC          0.530       0.539       0.544       0.568       0.593       0.597       0.607
    NONWACC          0.427       0.436       0.441       0.468       0.494       0.499       0.509
    WOLDCOMP         0.355       0.365       0.371       0.398       0.425       0.430       0.440

 NARAACC  WITH
    WORDACC          0.694       0.701       0.704       0.722       0.741       0.744       0.751
    NONWACC          0.603       0.611       0.615       0.635       0.656       0.660       0.668
    WOLDCOMP         0.196       0.208       0.213       0.243       0.274       0.279       0.291

 WORDACC  WITH
    NONWACC          0.620       0.628       0.633       0.654       0.675       0.680       0.688
    WOLDCOMP         0.129       0.141       0.148       0.181       0.215       0.221       0.234

 NONWACC  WITH
    WOLDCOMP         0.079       0.091       0.097       0.127       0.157       0.163       0.174

 F9AGE    WITH
    F8AGE           -0.055      -0.029      -0.015       0.055       0.125       0.139       0.165

 Means
    F8AGE           60.370      61.296      61.769      64.240      66.712      67.185      68.111
    F9AGE           36.786      37.514      37.886      39.831      41.776      42.149      42.877

 Intercepts
    NARAACC         -0.798      -0.206       0.097       1.680       3.262       3.565       4.158
    WORDACC          0.325       1.008       1.358       3.185       5.011       5.361       6.044
    NONWACC          0.089       0.632       0.910       2.361       3.812       4.089       4.632
    NARACOMP        -0.306       0.285       0.588       2.168       3.749       4.051       4.643
    WOLDCOMP        -1.379      -0.553      -0.130       2.077       4.284       4.707       5.533

 Variances
    F8AGE            1.000       1.000       1.000       1.000       1.000       1.000       1.000
    F9AGE            1.000       1.000       1.000       1.000       1.000       1.000       1.000

 Residual Variances
    NARAACC          0.990       0.992       0.993       0.997       1.001       1.002       1.004
    WORDACC          0.995       0.996       0.996       0.999       1.002       1.002       1.003
    NONWACC          1.000       1.000       1.000       1.000       1.000       1.000       1.000
    NARACOMP         0.994       0.995       0.996       0.999       1.001       1.002       1.003
    WOLDCOMP         0.996       0.997       0.997       0.999       1.001       1.001       1.002


TECHNICAL 7 OUTPUT


     SAMPLE STATISTICS WEIGHTED BY ESTIMATED CLASS PROBABILITIES FOR CLASS 1


           Means
              NARAACC       WORDACC       NONWACC       NARACOMP      WOLDCOMP
              ________      ________      ________      ________      ________
               36.423         2.691         2.188        14.664         6.716


           Means
              F8AGE         F9AGE
              ________      ________
              102.973       118.259


           Covariances
              NARAACC       WORDACC       NONWACC       NARACOMP      WOLDCOMP
              ________      ________      ________      ________      ________
 NARAACC      214.964
 WORDACC       19.548         2.960
 NONWACC       17.442         2.114         3.427
 NARACOMP      76.644         7.383         6.213        37.211
 WOLDCOMP       7.778         1.171         0.388         5.372         3.491
 F8AGE         81.528        12.206         3.730        51.769        -0.053
 F9AGE         -2.524        -0.448        -0.328        -1.110        -3.272


           Covariances
              F8AGE         F9AGE
              ________      ________
 F8AGE          3.076
 F9AGE        -44.327        11.317


     SAMPLE STATISTICS WEIGHTED BY ESTIMATED CLASS PROBABILITIES FOR CLASS 2


           Means
              NARAACC       WORDACC       NONWACC       NARACOMP      WOLDCOMP
              ________      ________      ________      ________      ________
               61.991         7.246         4.901        23.389         7.947


           Means
              F8AGE         F9AGE
              ________      ________
              116.756       123.076


           Covariances
              NARAACC       WORDACC       NONWACC       NARACOMP      WOLDCOMP
              ________      ________      ________      ________      ________
 NARAACC      455.132
 WORDACC       47.281         7.089
 NONWACC       41.427         5.154         6.386
 NARACOMP     134.755        15.322        12.325        61.468
 WOLDCOMP      18.634         2.318         1.754        11.432         4.539
 F8AGE         85.012         7.632         9.825        26.483        -0.260
 F9AGE          5.653         0.556         0.596        -2.728        -2.195


           Covariances
              F8AGE         F9AGE
              ________      ________
 F8AGE          7.876
 F9AGE        -40.241        20.815


     SAMPLE STATISTICS WEIGHTED BY ESTIMATED CLASS PROBABILITIES FOR CLASS 3


           Means
              NARAACC       WORDACC       NONWACC       NARACOMP      WOLDCOMP
              ________      ________      ________      ________      ________
               71.423         8.351         5.745        26.746         7.659


           Means
              F8AGE         F9AGE
              ________      ________
              102.666       117.700


           Covariances
              NARAACC       WORDACC       NONWACC       NARACOMP      WOLDCOMP
              ________      ________      ________      ________      ________
 NARAACC      271.141
 WORDACC       17.403         2.324
 NONWACC       22.477         2.181         4.880
 NARACOMP      80.199         5.314         6.442        44.623
 WOLDCOMP      10.125         0.669         0.742         6.608         3.666
 F8AGE         33.721         1.907         3.383        17.267         0.065
 F9AGE          2.288         0.121        -0.050         0.783        -0.970


           Covariances
              F8AGE         F9AGE
              ________      ________
 F8AGE          2.556
 F9AGE        -11.123         7.440


     SAMPLE STATISTICS WEIGHTED BY ESTIMATED CLASS PROBABILITIES FOR CLASS 4


           Means
              NARAACC       WORDACC       NONWACC       NARACOMP      WOLDCOMP
              ________      ________      ________      ________      ________
               71.775         8.148         5.827        27.815         7.050


           Means
              F8AGE         F9AGE
              ________      ________
              102.597       127.336


           Covariances
              NARAACC       WORDACC       NONWACC       NARACOMP      WOLDCOMP
              ________      ________      ________      ________      ________
 NARAACC      341.394
 WORDACC       25.566         3.309
 NONWACC       28.220         2.687         5.257
 NARACOMP     107.205         8.349         9.137        53.202
 WOLDCOMP      17.369         2.383         2.658         9.948         3.184
 F8AGE         77.961        19.825        19.248        44.090        -0.362
 F9AGE          1.404        -0.720        -0.950        -0.325        -5.229


           Covariances
              F8AGE         F9AGE
              ________      ________
 F8AGE          3.488
 F9AGE        -73.090        13.398


     SAMPLE STATISTICS WEIGHTED BY ESTIMATED CLASS PROBABILITIES FOR CLASS 5


           Means
              NARAACC       WORDACC       NONWACC       NARACOMP      WOLDCOMP
              ________      ________      ________      ________      ________
               65.399         7.508         5.126        24.252         7.385


           Means
              F8AGE         F9AGE
              ________      ________
              109.578       119.786


           Covariances
              NARAACC       WORDACC       NONWACC       NARACOMP      WOLDCOMP
              ________      ________      ________      ________      ________
 NARAACC      412.099
 WORDACC       37.700         5.209
 NONWACC       34.553         3.963         6.073
 NARACOMP     126.989        11.908        10.420        60.732
 WOLDCOMP      10.439         0.888         0.921         6.190         3.661
 F8AGE         28.385         1.684         4.472        13.774         0.319
 F9AGE         15.987         2.280         1.491         3.884        -1.520


           Covariances
              F8AGE         F9AGE
              ________      ________
 F8AGE          3.980
 F9AGE        -19.548        12.566


TECHNICAL 11 OUTPUT

     Random Starts Specifications for the k-1 Class Analysis Model
        Number of initial stage random starts                  20
        Number of final stage optimizations                     4



     VUONG-LO-MENDELL-RUBIN LIKELIHOOD RATIO TEST FOR 4 (H0) VERSUS 5 CLASSES

          H0 Loglikelihood Value                       -59219.675
          2 Times the Loglikelihood Difference            711.667
          Difference in the Number of Parameters                8
          Mean                                             50.895
          Standard Deviation                               45.596
          P-Value                                          0.0000

     LO-MENDELL-RUBIN ADJUSTED LRT TEST

          Value                                           700.902
          P-Value                                          0.0000


TECHNICAL 14 OUTPUT

     Random Starts Specifications for the k-1 Class Analysis Model
        Number of initial stage random starts                  20
        Number of final stage optimizations                     4

     Random Starts Specification for the k-1 Class Model for Generated Data
        Number of initial stage random starts                   0
        Number of final stage optimizations for the
           initial stage random starts                          0
     Random Starts Specification for the k Class Model for Generated Data
        Number of initial stage random starts                 100
        Number of final stage optimizations                    20
     Number of bootstrap draws requested                   Varies


     PARAMETRIC BOOTSTRAPPED LIKELIHOOD RATIO TEST FOR 4 (H0) VERSUS 5 CLASSES

          H0 Loglikelihood Value                       -59219.675
          2 Times the Loglikelihood Difference            711.667
          Difference in the Number of Parameters                8
          Approximate P-Value                              0.0000
          Successful Bootstrap Draws                            5

     WARNING:  OF THE 5 BOOTSTRAP DRAWS, 5 DRAWS HAD BOTH A SMALLER LRT VALUE THAN THE
     OBSERVED LRT VALUE AND NOT A REPLICATED BEST LOGLIKELIHOOD VALUE FOR THE 5-CLASS MODEL.
     THIS MEANS THAT THE P-VALUE MAY NOT BE TRUSTWORTHY DUE TO LOCAL MAXIMA.
     INCREASE THE NUMBER OF RANDOM STARTS USING THE LRTSTARTS OPTION.



PLOT INFORMATION

The following plots are available:

  Histograms (sample values)
  Scatterplots (sample values)
  Estimated overall and class-specific distributions

SAVEDATA INFORMATION


  Save file
    sv_lpa_b_5class.dat

  Order and format of variables

    NARAACC        F10.3
    WORDACC        F10.3
    NONWACC        F10.3
    NARACOMP       F10.3
    WOLDCOMP       F10.3
    F8AGE          F10.3
    F9AGE          F10.3
    CPROB1         F10.3
    CPROB2         F10.3
    CPROB3         F10.3
    CPROB4         F10.3
    CPROB5         F10.3
    C              F10.3

  Save file format
    13F10.3

  Save file record length    10000

  Save missing symbol        *


     Beginning Time:  11:00:17
        Ending Time:  11:00:31
       Elapsed Time:  00:00:14



MUTHEN & MUTHEN
3463 Stoner Ave.
Los Angeles, CA  90066

Tel: (310) 391-9971
Fax: (310) 391-8971
Web: www.StatModel.com
Support: Support@StatModel.com

Copyright (c) 1998-2020 Muthen & Muthen
