Mplus VERSION 8.5
MUTHEN & MUTHEN
06/21/2021   1:03 PM

INPUT INSTRUCTIONS

  TITLE:
   LPA Model D: 5 classes;
  DATA:
  FILE = "mplus_models/simpview/lpa/sv_lpa_mbenchmark_71407e46d98e5016017ad9a2654f310f.dat";

  VARIABLE:
  NAMES = cidB3153 f8age f9age naraAcc wordAcc nonwAcc naraComp woldComp;
   MISSING=.;
    classes = c(5);
   AUXILIARY = cidB3153;
  ANALYSIS:
   estimator = mlr; type = mixture;
                                                     starts = 0;
                                                     optseed = 793035;
                                                     processors = 4(starts);
                                                     lrtstarts = 0 0 100 20;
  MODEL:
  %OVERALL%
             f8age; f9age;
             wordAcc nonwAcc naraAcc naraComp on f9age;
             woldcomp on f8age;
   naraComp; naraAcc; wordAcc; nonwAcc; woldComp;

    naraComp with naraAcc;
    naraComp with wordAcc;
    naraComp with nonwAcc;
    naraComp with woldComp;
    naraAcc with wordAcc;
    naraAcc with nonwAcc;
    naraAcc with woldComp;
    wordAcc with nonWacc;
    wordAcc with woldComp;
    nonwAcc with woldComp;
   %c#1%
   naraComp; naraAcc; wordAcc; nonwAcc; woldComp;
   %c#2%
   naraComp; naraAcc; wordAcc; nonwAcc; woldComp;
   %c#3%
   naraComp; naraAcc; wordAcc; nonwAcc; woldComp;
   %c#4%
   naraComp; naraAcc; wordAcc; nonwAcc; woldComp;
   %c#5%
   naraComp; naraAcc; wordAcc; nonwAcc; woldComp;
  OUTPUT:
   TECH7 TECH11 TECH14 stdyx CINTERVAL ENTROPY;
  SAVEDATA:
   FILE IS sv_lpa_d_5class.dat; SAVE = cprobabilities;
  PLOT:
  TYPE = PLOT3;



INPUT READING TERMINATED NORMALLY




LPA Model D: 5 classes;

SUMMARY OF ANALYSIS

Number of groups                                                 1
Number of observations                                        3423

Number of dependent variables                                    5
Number of independent variables                                  2
Number of continuous latent variables                            0
Number of categorical latent variables                           1

Observed dependent variables

  Continuous
   NARAACC     WORDACC     NONWACC     NARACOMP    WOLDCOMP

Observed independent variables
   F8AGE       F9AGE

Observed auxiliary variables
   CIDB3153

Categorical latent variables
   C


Estimator                                                      MLR
Information matrix                                        OBSERVED
Optimization Specifications for the Quasi-Newton Algorithm for
Continuous Outcomes
  Maximum number of iterations                                 100
  Convergence criterion                                  0.100D-05
Optimization Specifications for the EM Algorithm
  Maximum number of iterations                                 500
  Convergence criteria
    Loglikelihood change                                 0.100D-06
    Relative loglikelihood change                        0.100D-06
    Derivative                                           0.100D-05
Optimization Specifications for the M step of the EM Algorithm for
Categorical Latent variables
  Number of M step iterations                                    1
  M step convergence criterion                           0.100D-05
  Basis for M step termination                           ITERATION
Optimization Specifications for the M step of the EM Algorithm for
Censored, Binary or Ordered Categorical (Ordinal), Unordered
Categorical (Nominal) and Count Outcomes
  Number of M step iterations                                    1
  M step convergence criterion                           0.100D-05
  Basis for M step termination                           ITERATION
  Maximum value for logit thresholds                            15
  Minimum value for logit thresholds                           -15
  Minimum expected cell size for chi-square              0.100D-01
Maximum number of iterations for H1                           2000
Convergence criterion for H1                             0.100D-03
Optimization algorithm                                         EMA
Random Starts Specifications
  Random seed for analysis                                  793035

Input data file(s)
  mplus_models/simpview/lpa/sv_lpa_mbenchmark_71407e46d98e5016017ad9a2654f310f.d
Input data format  FREE


SUMMARY OF DATA

     Number of missing data patterns             7
     Number of y missing data patterns           7
     Number of u missing data patterns           0


COVARIANCE COVERAGE OF DATA

Minimum covariance coverage value   0.100


     PROPORTION OF DATA PRESENT FOR Y


           Covariance Coverage
              NARAACC       WORDACC       NONWACC       NARACOMP      WOLDCOMP
              ________      ________      ________      ________      ________
 NARAACC        1.000
 WORDACC        0.997         0.997
 NONWACC        0.996         0.996         0.996
 NARACOMP       1.000         0.997         0.996         1.000
 WOLDCOMP       0.852         0.850         0.850         0.852         0.852
 F8AGE          0.861         0.859         0.858         0.861         0.852
 F9AGE          1.000         0.997         0.996         1.000         0.852


           Covariance Coverage
              F8AGE         F9AGE
              ________      ________
 F8AGE          0.861
 F9AGE          0.861         1.000



UNIVARIATE SAMPLE STATISTICS


     UNIVARIATE HIGHER-ORDER MOMENT DESCRIPTIVE STATISTICS

         Variable/         Mean/     Skewness/   Minimum/ % with                Percentiles
        Sample Size      Variance    Kurtosis    Maximum  Min/Max      20%/60%    40%/80%    Median

     NARAACC              66.334      -0.525       0.000    0.06%      48.000     62.000     69.000
            3423.000     417.180      -0.469     100.000    0.06%      76.000     86.000
     WORDACC               7.536      -1.219       0.000    1.93%       6.000      8.000      8.000
            3414.000       6.273       0.849      10.000   23.58%       9.000     10.000
     NONWACC               5.239      -0.308       0.000    4.23%       3.000      5.000      5.000
            3408.000       6.217      -0.688      10.000    1.79%       6.000      8.000
     NARACOMP             25.018      -0.273       0.000    0.09%      18.000     23.000     25.000
            3423.000      62.018      -0.237      44.000    0.03%      28.000     32.000
     WOLDCOMP              7.517       0.082       2.000    0.41%       6.000      7.000      7.000
            2917.000       3.758       0.190      15.000    0.03%       8.000      9.000
     F8AGE               103.533       2.579      94.000    0.03%     102.000    102.000    103.000
            2947.000      11.227       8.561     126.000    0.03%     103.000    105.000
     F9AGE               118.643       1.305     105.000    0.03%     116.000    117.000    118.000
            3423.000      14.907       2.626     139.000    0.06%     119.000    121.000


THE MODEL ESTIMATION TERMINATED NORMALLY



MODEL FIT INFORMATION

Number of Free Parameters                       82

Loglikelihood

          H0 Value                      -58643.212
          H0 Scaling Correction Factor      1.2352
            for MLR

Information Criteria

          Akaike (AIC)                  117450.424
          Bayesian (BIC)                117953.762
          Sample-Size Adjusted BIC      117693.209
            (n* = (n + 2) / 24)



FINAL CLASS COUNTS AND PROPORTIONS FOR THE LATENT CLASSES
BASED ON THE ESTIMATED MODEL

    Latent
   Classes

       1        990.62240          0.28940
       2       1381.46075          0.40358
       3        676.71709          0.19770
       4        186.21316          0.05440
       5        187.98659          0.05492


FINAL CLASS COUNTS AND PROPORTIONS FOR THE LATENT CLASSES
BASED ON ESTIMATED POSTERIOR PROBABILITIES

    Latent
   Classes

       1        990.62240          0.28940
       2       1381.46075          0.40358
       3        676.71709          0.19770
       4        186.21316          0.05440
       5        187.98659          0.05492


FINAL CLASS COUNTS AND PROPORTIONS FOR THE LATENT CLASSES
BASED ON THEIR MOST LIKELY LATENT CLASS MEMBERSHIP

Class Counts and Proportions

    Latent
   Classes

       1             1068          0.31201
       2             1328          0.38796
       3              674          0.19690
       4              184          0.05375
       5              169          0.04937


CLASSIFICATION QUALITY

     Entropy                         0.801


           Univariate Entropy
              NARAACC       WORDACC       NONWACC       NARACOMP      WOLDCOMP
              ________      ________      ________      ________      ________
                0.519         0.603         0.409         0.356         0.171


           Univariate Entropy
              F8AGE         F9AGE
              ________      ________
                0.264         0.193


Average Latent Class Probabilities for Most Likely Latent Class Membership (Row)
by Latent Class (Column)

           1        2        3        4        5

    1   0.844    0.153    0.000    0.000    0.003
    2   0.065    0.865    0.055    0.000    0.016
    3   0.000    0.093    0.874    0.024    0.009
    4   0.000    0.000    0.072    0.926    0.003
    5   0.016    0.045    0.011    0.000    0.928


Classification Probabilities for the Most Likely Latent Class Membership (Column)
by Latent Class (Row)

           1        2        3        4        5

    1   0.910    0.087    0.000    0.000    0.003
    2   0.118    0.831    0.045    0.000    0.005
    3   0.000    0.107    0.871    0.019    0.003
    4   0.000    0.000    0.085    0.915    0.000
    5   0.017    0.113    0.032    0.003    0.834


Logits for the Classification Probabilities for the Most Likely Latent Class Membership (Column)
by Latent Class (Row)

              1        2        3        4        5

    1      5.799    3.452   -7.687   -7.922    0.000
    2      3.070    5.022    2.115   -7.073    0.000
    3     -4.221    3.701    5.797    1.998    0.000
    4     -5.625   -4.486    5.727    8.101    0.000
    5     -3.865   -2.000   -3.246   -5.757    0.000


MODEL RESULTS

                                                    Two-Tailed
                    Estimate       S.E.  Est./S.E.    P-Value

Latent Class 1

 WORDACC    ON
    F9AGE              0.003      0.006      0.523      0.601

 NONWACC    ON
    F9AGE              0.008      0.009      0.829      0.407

 NARAACC    ON
    F9AGE              0.248      0.067      3.700      0.000

 NARACOMP   ON
    F9AGE              0.128      0.031      4.149      0.000

 WOLDCOMP   ON
    F8AGE              0.028      0.017      1.643      0.100

 NARACOMP WITH
    NARAACC           38.093      2.612     14.583      0.000
    WORDACC            1.180      0.166      7.111      0.000
    NONWACC            1.782      0.249      7.146      0.000
    WOLDCOMP           3.768      0.257     14.645      0.000

 NARAACC  WITH
    WORDACC            2.573      0.315      8.157      0.000
    NONWACC            4.903      0.553      8.864      0.000
    WOLDCOMP           3.576      0.571      6.268      0.000

 WORDACC  WITH
    NONWACC            0.357      0.043      8.250      0.000
    WOLDCOMP           0.059      0.044      1.335      0.182

 NONWACC  WITH
    WOLDCOMP           0.060      0.070      0.868      0.385

 F9AGE    WITH
    F8AGE              0.550      0.202      2.721      0.007

 Means
    F8AGE            102.718      0.074   1397.342      0.000
    F9AGE            118.393      0.143    826.299      0.000

 Intercepts
    NARAACC           55.629      7.993      6.960      0.000
    WORDACC            9.255      0.671     13.791      0.000
    NONWACC            6.571      1.078      6.094      0.000
    NARACOMP          15.377      3.648      4.216      0.000
    WOLDCOMP           5.205      1.731      3.007      0.003

 Variances
    F8AGE              4.400      0.233     18.873      0.000
    F9AGE             13.583      0.534     25.451      0.000

 Residual Variances
    NARAACC           89.294      8.987      9.936      0.000
    WORDACC            0.323      0.023     14.152      0.000
    NONWACC            1.858      0.150     12.398      0.000
    NARACOMP          38.242      1.859     20.566      0.000
    WOLDCOMP           3.679      0.192     19.142      0.000

Latent Class 2

 WORDACC    ON
    F9AGE              0.003      0.006      0.523      0.601

 NONWACC    ON
    F9AGE              0.008      0.009      0.829      0.407

 NARAACC    ON
    F9AGE              0.248      0.067      3.700      0.000

 NARACOMP   ON
    F9AGE              0.128      0.031      4.149      0.000

 WOLDCOMP   ON
    F8AGE              0.028      0.017      1.643      0.100

 NARACOMP WITH
    NARAACC           38.093      2.612     14.583      0.000
    WORDACC            1.180      0.166      7.111      0.000
    NONWACC            1.782      0.249      7.146      0.000
    WOLDCOMP           3.768      0.257     14.645      0.000

 NARAACC  WITH
    WORDACC            2.573      0.315      8.157      0.000
    NONWACC            4.903      0.553      8.864      0.000
    WOLDCOMP           3.576      0.571      6.268      0.000

 WORDACC  WITH
    NONWACC            0.357      0.043      8.250      0.000
    WOLDCOMP           0.059      0.044      1.335      0.182

 NONWACC  WITH
    WOLDCOMP           0.060      0.070      0.868      0.385

 F9AGE    WITH
    F8AGE              0.550      0.202      2.721      0.007

 Means
    F8AGE            102.998      0.071   1457.216      0.000
    F9AGE            118.368      0.115   1029.551      0.000

 Intercepts
    NARAACC           39.539      7.969      4.961      0.000
    WORDACC            7.776      0.676     11.504      0.000
    NONWACC            4.429      1.083      4.089      0.000
    NARACOMP          11.235      3.650      3.078      0.002
    WOLDCOMP           4.575      1.741      2.628      0.009

 Variances
    F8AGE              4.400      0.233     18.873      0.000
    F9AGE             13.583      0.534     25.451      0.000

 Residual Variances
    NARAACC          147.181      6.426     22.904      0.000
    WORDACC            1.206      0.068     17.658      0.000
    NONWACC            3.393      0.159     21.365      0.000
    NARACOMP          32.201      1.232     26.127      0.000
    WOLDCOMP           3.278      0.179     18.326      0.000

Latent Class 3

 WORDACC    ON
    F9AGE              0.003      0.006      0.523      0.601

 NONWACC    ON
    F9AGE              0.008      0.009      0.829      0.407

 NARAACC    ON
    F9AGE              0.248      0.067      3.700      0.000

 NARACOMP   ON
    F9AGE              0.128      0.031      4.149      0.000

 WOLDCOMP   ON
    F8AGE              0.028      0.017      1.643      0.100

 NARACOMP WITH
    NARAACC           38.093      2.612     14.583      0.000
    WORDACC            1.180      0.166      7.111      0.000
    NONWACC            1.782      0.249      7.146      0.000
    WOLDCOMP           3.768      0.257     14.645      0.000

 NARAACC  WITH
    WORDACC            2.573      0.315      8.157      0.000
    NONWACC            4.903      0.553      8.864      0.000
    WOLDCOMP           3.576      0.571      6.268      0.000

 WORDACC  WITH
    NONWACC            0.357      0.043      8.250      0.000
    WOLDCOMP           0.059      0.044      1.335      0.182

 NONWACC  WITH
    WOLDCOMP           0.060      0.070      0.868      0.385

 F9AGE    WITH
    F8AGE              0.550      0.202      2.721      0.007

 Means
    F8AGE            103.042      0.101   1024.230      0.000
    F9AGE            118.146      0.145    815.208      0.000

 Intercepts
    NARAACC           15.977      7.978      2.003      0.045
    WORDACC            4.690      0.700      6.698      0.000
    NONWACC            2.084      1.080      1.929      0.054
    NARACOMP           3.523      3.652      0.965      0.335
    WOLDCOMP           4.083      1.740      2.347      0.019

 Variances
    F8AGE              4.400      0.233     18.873      0.000
    F9AGE             13.583      0.534     25.451      0.000

 Residual Variances
    NARAACC           96.814      5.893     16.429      0.000
    WORDACC            2.147      0.164     13.068      0.000
    NONWACC            2.791      0.143     19.470      0.000
    NARACOMP          25.308      1.593     15.890      0.000
    WOLDCOMP           3.598      0.249     14.447      0.000

Latent Class 4

 WORDACC    ON
    F9AGE              0.003      0.006      0.523      0.601

 NONWACC    ON
    F9AGE              0.008      0.009      0.829      0.407

 NARAACC    ON
    F9AGE              0.248      0.067      3.700      0.000

 NARACOMP   ON
    F9AGE              0.128      0.031      4.149      0.000

 WOLDCOMP   ON
    F8AGE              0.028      0.017      1.643      0.100

 NARACOMP WITH
    NARAACC           38.093      2.612     14.583      0.000
    WORDACC            1.180      0.166      7.111      0.000
    NONWACC            1.782      0.249      7.146      0.000
    WOLDCOMP           3.768      0.257     14.645      0.000

 NARAACC  WITH
    WORDACC            2.573      0.315      8.157      0.000
    NONWACC            4.903      0.553      8.864      0.000
    WOLDCOMP           3.576      0.571      6.268      0.000

 WORDACC  WITH
    NONWACC            0.357      0.043      8.250      0.000
    WOLDCOMP           0.059      0.044      1.335      0.182

 NONWACC  WITH
    WOLDCOMP           0.060      0.070      0.868      0.385

 F9AGE    WITH
    F8AGE              0.550      0.202      2.721      0.007

 Means
    F8AGE            103.736      0.311    333.767      0.000
    F9AGE            119.070      0.367    324.657      0.000

 Intercepts
    NARAACC           -5.413      8.103     -0.668      0.504
    WORDACC            0.698      0.708      0.987      0.324
    NONWACC           -0.002      1.095     -0.002      0.998
    NARACOMP          -5.134      3.723     -1.379      0.168
    WOLDCOMP           3.506      1.771      1.979      0.048

 Variances
    F8AGE              4.400      0.233     18.873      0.000
    F9AGE             13.583      0.534     25.451      0.000

 Residual Variances
    NARAACC           91.645      8.383     10.932      0.000
    WORDACC            0.781      0.165      4.741      0.000
    NONWACC            1.121      0.202      5.551      0.000
    NARACOMP          23.478      1.499     15.660      0.000
    WOLDCOMP           5.066      0.603      8.403      0.000

Latent Class 5

 WORDACC    ON
    F9AGE              0.003      0.006      0.523      0.601

 NONWACC    ON
    F9AGE              0.008      0.009      0.829      0.407

 NARAACC    ON
    F9AGE              0.248      0.067      3.700      0.000

 NARACOMP   ON
    F9AGE              0.128      0.031      4.149      0.000

 WOLDCOMP   ON
    F8AGE              0.028      0.017      1.643      0.100

 NARACOMP WITH
    NARAACC           38.093      2.612     14.583      0.000
    WORDACC            1.180      0.166      7.111      0.000
    NONWACC            1.782      0.249      7.146      0.000
    WOLDCOMP           3.768      0.257     14.645      0.000

 NARAACC  WITH
    WORDACC            2.573      0.315      8.157      0.000
    NONWACC            4.903      0.553      8.864      0.000
    WOLDCOMP           3.576      0.571      6.268      0.000

 WORDACC  WITH
    NONWACC            0.357      0.043      8.250      0.000
    WOLDCOMP           0.059      0.044      1.335      0.182

 NONWACC  WITH
    WOLDCOMP           0.060      0.070      0.868      0.385

 F9AGE    WITH
    F8AGE              0.550      0.202      2.721      0.007

 Means
    F8AGE            115.088      0.489    235.231      0.000
    F9AGE            123.350      0.611    201.901      0.000

 Intercepts
    NARAACC           35.308      8.753      4.034      0.000
    WORDACC            7.273      0.751      9.682      0.000
    NONWACC            4.268      1.176      3.630      0.000
    NARACOMP           8.710      3.950      2.205      0.027
    WOLDCOMP           4.625      1.958      2.362      0.018

 Variances
    F8AGE              4.400      0.233     18.873      0.000
    F9AGE             13.583      0.534     25.451      0.000

 Residual Variances
    NARAACC          221.757     19.452     11.400      0.000
    WORDACC            4.276      0.782      5.468      0.000
    NONWACC            3.877      0.399      9.718      0.000
    NARACOMP          31.449      2.739     11.482      0.000
    WOLDCOMP           3.657      0.367      9.951      0.000

Categorical Latent Variables

 Means
    C#1                1.662      0.112     14.881      0.000
    C#2                1.995      0.102     19.576      0.000
    C#3                1.281      0.111     11.578      0.000
    C#4               -0.009      0.167     -0.057      0.955


STANDARDIZED MODEL RESULTS


STDYX Standardization

                                                    Two-Tailed
                    Estimate       S.E.  Est./S.E.    P-Value

Latent Class 1

 WORDACC    ON
    F9AGE              0.019      0.037      0.522      0.601

 NONWACC    ON
    F9AGE              0.020      0.025      0.827      0.408

 NARAACC    ON
    F9AGE              0.096      0.026      3.670      0.000

 NARACOMP   ON
    F9AGE              0.076      0.018      4.118      0.000

 WOLDCOMP   ON
    F8AGE              0.030      0.019      1.640      0.101

 NARACOMP WITH
    NARAACC            0.652      0.018     36.499      0.000
    WORDACC            0.336      0.037      9.080      0.000
    NONWACC            0.211      0.027      7.899      0.000
    WOLDCOMP           0.318      0.022     14.616      0.000

 NARAACC  WITH
    WORDACC            0.479      0.042     11.301      0.000
    NONWACC            0.381      0.032     11.858      0.000
    WOLDCOMP           0.197      0.029      6.895      0.000

 WORDACC  WITH
    NONWACC            0.461      0.038     12.164      0.000
    WOLDCOMP           0.054      0.040      1.350      0.177

 NONWACC  WITH
    WOLDCOMP           0.023      0.027      0.866      0.387

 F9AGE    WITH
    F8AGE              0.071      0.026      2.763      0.006

 Means
    F8AGE             48.971      1.285     38.095      0.000
    F9AGE             32.124      0.619     51.912      0.000

 Intercepts
    NARAACC            5.860      0.928      6.311      0.000
    WORDACC           16.292      1.343     12.128      0.000
    NONWACC            4.820      0.820      5.880      0.000
    NARACOMP           2.479      0.596      4.161      0.000
    WOLDCOMP           2.712      0.903      3.005      0.003

 Variances
    F8AGE              1.000      0.000    999.000    999.000
    F9AGE              1.000      0.000    999.000    999.000

 Residual Variances
    NARAACC            0.991      0.005    195.484      0.000
    WORDACC            1.000      0.001    705.481      0.000
    NONWACC            1.000      0.001    994.876      0.000
    NARACOMP           0.994      0.003    356.046      0.000
    WOLDCOMP           0.999      0.001    889.835      0.000

Latent Class 2

 WORDACC    ON
    F9AGE              0.010      0.019      0.522      0.602

 NONWACC    ON
    F9AGE              0.015      0.018      0.828      0.408

 NARAACC    ON
    F9AGE              0.075      0.020      3.692      0.000

 NARACOMP   ON
    F9AGE              0.083      0.020      4.100      0.000

 WOLDCOMP   ON
    F8AGE              0.032      0.020      1.646      0.100

 NARACOMP WITH
    NARAACC            0.553      0.025     21.788      0.000
    WORDACC            0.189      0.025      7.685      0.000
    NONWACC            0.170      0.022      7.896      0.000
    WOLDCOMP           0.367      0.021     17.565      0.000

 NARAACC  WITH
    WORDACC            0.193      0.021      9.190      0.000
    NONWACC            0.219      0.021     10.656      0.000
    WOLDCOMP           0.163      0.024      6.841      0.000

 WORDACC  WITH
    NONWACC            0.176      0.019      9.278      0.000
    WOLDCOMP           0.030      0.022      1.352      0.177

 NONWACC  WITH
    WOLDCOMP           0.018      0.021      0.872      0.383

 F9AGE    WITH
    F8AGE              0.071      0.026      2.763      0.006

 Means
    F8AGE             49.104      1.288     38.138      0.000
    F9AGE             32.117      0.620     51.775      0.000

 Intercepts
    NARAACC            3.250      0.663      4.903      0.000
    WORDACC            7.079      0.644     10.996      0.000
    NONWACC            2.404      0.591      4.064      0.000
    NARACOMP           1.973      0.641      3.076      0.002
    WOLDCOMP           2.526      0.968      2.610      0.009

 Variances
    F8AGE              1.000      0.000    999.000    999.000
    F9AGE              1.000      0.000    999.000    999.000

 Residual Variances
    NARAACC            0.994      0.003    324.067      0.000
    WORDACC            1.000      0.000   2634.388      0.000
    NONWACC            1.000      0.001   1819.610      0.000
    NARACOMP           0.993      0.003    298.500      0.000
    WOLDCOMP           0.999      0.001    795.980      0.000

Latent Class 3

 WORDACC    ON
    F9AGE              0.007      0.014      0.522      0.602

 NONWACC    ON
    F9AGE              0.017      0.020      0.828      0.407

 NARAACC    ON
    F9AGE              0.093      0.025      3.711      0.000

 NARACOMP   ON
    F9AGE              0.093      0.023      4.113      0.000

 WOLDCOMP   ON
    F8AGE              0.031      0.019      1.640      0.101

 NARACOMP WITH
    NARAACC            0.770      0.020     38.408      0.000
    WORDACC            0.160      0.021      7.547      0.000
    NONWACC            0.212      0.026      8.155      0.000
    WOLDCOMP           0.395      0.024     16.346      0.000

 NARAACC  WITH
    WORDACC            0.178      0.021      8.478      0.000
    NONWACC            0.298      0.030      9.952      0.000
    WOLDCOMP           0.192      0.029      6.543      0.000

 WORDACC  WITH
    NONWACC            0.146      0.018      8.184      0.000
    WOLDCOMP           0.021      0.016      1.333      0.183

 NONWACC  WITH
    WOLDCOMP           0.019      0.022      0.869      0.385

 F9AGE    WITH
    F8AGE              0.071      0.026      2.763      0.006

 Means
    F8AGE             49.125      1.288     38.136      0.000
    F9AGE             32.057      0.623     51.449      0.000

 Intercepts
    NARAACC            1.617      0.813      1.988      0.047
    WORDACC            3.201      0.498      6.422      0.000
    NONWACC            1.247      0.647      1.927      0.054
    NARACOMP           0.697      0.724      0.963      0.336
    WOLDCOMP           2.152      0.920      2.339      0.019

 Variances
    F8AGE              1.000      0.000    999.000    999.000
    F9AGE              1.000      0.000    999.000    999.000

 Residual Variances
    NARAACC            0.991      0.005    214.273      0.000
    WORDACC            1.000      0.000   4690.322      0.000
    NONWACC            1.000      0.001   1497.822      0.000
    NARACOMP           0.991      0.004    235.361      0.000
    WOLDCOMP           0.999      0.001    870.582      0.000

Latent Class 4

 WORDACC    ON
    F9AGE              0.012      0.024      0.521      0.603

 NONWACC    ON
    F9AGE              0.026      0.032      0.815      0.415

 NARAACC    ON
    F9AGE              0.095      0.026      3.678      0.000

 NARACOMP   ON
    F9AGE              0.097      0.024      4.110      0.000

 WOLDCOMP   ON
    F8AGE              0.026      0.016      1.634      0.102

 NARACOMP WITH
    NARAACC            0.821      0.025     32.362      0.000
    WORDACC            0.276      0.046      5.935      0.000
    NONWACC            0.347      0.049      7.138      0.000
    WOLDCOMP           0.346      0.028     12.329      0.000

 NARAACC  WITH
    WORDACC            0.304      0.050      6.040      0.000
    NONWACC            0.484      0.049      9.918      0.000
    WOLDCOMP           0.166      0.027      6.250      0.000

 WORDACC  WITH
    NONWACC            0.382      0.073      5.229      0.000
    WOLDCOMP           0.030      0.023      1.325      0.185

 NONWACC  WITH
    WOLDCOMP           0.025      0.029      0.860      0.390

 F9AGE    WITH
    F8AGE              0.071      0.026      2.763      0.006

 Means
    F8AGE             49.456      1.262     39.184      0.000
    F9AGE             32.308      0.624     51.814      0.000

 Intercepts
    NARAACC           -0.563      0.842     -0.668      0.504
    WORDACC            0.791      0.781      1.012      0.311
    NONWACC           -0.002      1.034     -0.002      0.998
    NARACOMP          -1.055      0.764     -1.381      0.167
    WOLDCOMP           1.557      0.791      1.969      0.049

 Variances
    F8AGE              1.000      0.000    999.000    999.000
    F9AGE              1.000      0.000    999.000    999.000

 Residual Variances
    NARAACC            0.991      0.005    201.059      0.000
    WORDACC            1.000      0.001   1700.836      0.000
    NONWACC            0.999      0.002    592.164      0.000
    NARACOMP           0.991      0.005    218.181      0.000
    WOLDCOMP           0.999      0.001   1220.759      0.000

Latent Class 5

 WORDACC    ON
    F9AGE              0.005      0.010      0.522      0.602

 NONWACC    ON
    F9AGE              0.014      0.017      0.829      0.407

 NARAACC    ON
    F9AGE              0.061      0.017      3.683      0.000

 NARACOMP   ON
    F9AGE              0.084      0.021      4.071      0.000

 WOLDCOMP   ON
    F8AGE              0.030      0.019      1.639      0.101

 NARACOMP WITH
    NARAACC            0.456      0.043     10.585      0.000
    WORDACC            0.102      0.017      5.867      0.000
    NONWACC            0.161      0.026      6.218      0.000
    WOLDCOMP           0.351      0.030     11.761      0.000

 NARAACC  WITH
    WORDACC            0.084      0.015      5.750      0.000
    NONWACC            0.167      0.025      6.744      0.000
    WOLDCOMP           0.126      0.021      6.086      0.000

 WORDACC  WITH
    NONWACC            0.088      0.017      5.222      0.000
    WOLDCOMP           0.015      0.011      1.333      0.183

 NONWACC  WITH
    WOLDCOMP           0.016      0.018      0.871      0.384

 F9AGE    WITH
    F8AGE              0.071      0.026      2.763      0.006

 Means
    F8AGE             54.868      1.348     40.694      0.000
    F9AGE             33.469      0.712     47.022      0.000

 Intercepts
    NARAACC            2.367      0.613      3.860      0.000
    WORDACC            3.517      0.548      6.414      0.000
    NONWACC            2.168      0.622      3.484      0.000
    NARACOMP           1.548      0.707      2.190      0.028
    WOLDCOMP           2.418      1.031      2.344      0.019

 Variances
    F8AGE              1.000      0.000    999.000    999.000
    F9AGE              1.000      0.000    999.000    999.000

 Residual Variances
    NARAACC            0.996      0.002    487.196      0.000
    WORDACC            1.000      0.000   9337.894      0.000
    NONWACC            1.000      0.000   2082.450      0.000
    NARACOMP           0.993      0.003    289.519      0.000
    WOLDCOMP           0.999      0.001    884.195      0.000


R-SQUARE

Class 1

    Observed                                        Two-Tailed
    Variable        Estimate       S.E.  Est./S.E.    P-Value

    NARAACC            0.009      0.005      1.835      0.066
    WORDACC            0.000      0.001      0.261      0.794
    NONWACC            0.000      0.001      0.413      0.679
    NARACOMP           0.006      0.003      2.059      0.040
    WOLDCOMP           0.001      0.001      0.820      0.412

Class 2

    Observed                                        Two-Tailed
    Variable        Estimate       S.E.  Est./S.E.    P-Value

    NARAACC            0.006      0.003      1.846      0.065
    WORDACC            0.000      0.000      0.261      0.794
    NONWACC            0.000      0.001      0.414      0.679
    NARACOMP           0.007      0.003      2.050      0.040
    WOLDCOMP           0.001      0.001      0.823      0.410

Class 3

    Observed                                        Two-Tailed
    Variable        Estimate       S.E.  Est./S.E.    P-Value

    NARAACC            0.009      0.005      1.855      0.064
    WORDACC            0.000      0.000      0.261      0.794
    NONWACC            0.000      0.001      0.414      0.679
    NARACOMP           0.009      0.004      2.056      0.040
    WOLDCOMP           0.001      0.001      0.820      0.412

Class 4

    Observed                                        Two-Tailed
    Variable        Estimate       S.E.  Est./S.E.    P-Value

    NARAACC            0.009      0.005      1.839      0.066
    WORDACC            0.000      0.001      0.260      0.795
    NONWACC            0.001      0.002      0.408      0.684
    NARACOMP           0.009      0.005      2.055      0.040
    WOLDCOMP           0.001      0.001      0.817      0.414

Class 5

    Observed                                        Two-Tailed
    Variable        Estimate       S.E.  Est./S.E.    P-Value

    NARAACC            0.004      0.002      1.842      0.066
    WORDACC            0.000      0.000      0.261      0.794
    NONWACC            0.000      0.000      0.415      0.678
    NARACOMP           0.007      0.003      2.036      0.042
    WOLDCOMP           0.001      0.001      0.820      0.412


QUALITY OF NUMERICAL RESULTS

     Condition Number for the Information Matrix              0.204E-09
       (ratio of smallest to largest eigenvalue)


CONFIDENCE INTERVALS OF MODEL RESULTS

                  Lower .5%  Lower 2.5%    Lower 5%    Estimate    Upper 5%  Upper 2.5%   Upper .5%

Latent Class 1

 WORDACC  ON
    F9AGE           -0.012      -0.008      -0.006       0.003       0.012       0.014       0.018

 NONWACC  ON
    F9AGE           -0.016      -0.010      -0.007       0.008       0.023       0.025       0.031

 NARAACC  ON
    F9AGE            0.075       0.117       0.138       0.248       0.359       0.380       0.421

 NARACOMP ON
    F9AGE            0.048       0.067       0.077       0.128       0.178       0.188       0.207

 WOLDCOMP ON
    F8AGE           -0.016      -0.005       0.000       0.028       0.056       0.061       0.071

 NARACOMP WITH
    NARAACC         31.365      32.973      33.796      38.093      42.390      43.212      44.821
    WORDACC          0.753       0.855       0.907       1.180       1.453       1.505       1.607
    NONWACC          1.140       1.293       1.372       1.782       2.192       2.271       2.425
    WOLDCOMP         3.105       3.264       3.345       3.768       4.191       4.272       4.430

 NARAACC  WITH
    WORDACC          1.760       1.955       2.054       2.573       3.092       3.191       3.385
    NONWACC          3.478       3.819       3.993       4.903       5.813       5.987       6.327
    WOLDCOMP         2.107       2.458       2.638       3.576       4.515       4.695       5.046

 WORDACC  WITH
    NONWACC          0.246       0.272       0.286       0.357       0.428       0.442       0.468
    WOLDCOMP        -0.055      -0.028      -0.014       0.059       0.132       0.146       0.174

 NONWACC  WITH
    WOLDCOMP        -0.119      -0.076      -0.054       0.060       0.175       0.197       0.240

 F9AGE    WITH
    F8AGE            0.029       0.154       0.218       0.550       0.883       0.946       1.071

 Means
    F8AGE          102.529     102.574     102.598     102.718     102.839     102.863     102.908
    F9AGE          118.024     118.112     118.157     118.393     118.628     118.673     118.762

 Intercepts
    NARAACC         35.041      39.963      42.481      55.629      68.777      71.295      76.217
    WORDACC          7.527       7.940       8.151       9.255      10.359      10.570      10.984
    NONWACC          3.794       4.458       4.797       6.571       8.344       8.684       9.348
    NARACOMP         5.981       8.227       9.376      15.377      21.377      22.526      24.772
    WOLDCOMP         0.747       1.813       2.358       5.205       8.052       8.597       9.663

 Variances
    F8AGE            3.799       3.943       4.016       4.400       4.783       4.857       5.000
    F9AGE           12.208      12.537      12.705      13.583      14.461      14.629      14.958

 Residual Variances
    NARAACC         66.146      71.680      74.511      89.294     104.077     106.908     112.442
    WORDACC          0.264       0.278       0.285       0.323       0.360       0.367       0.381
    NONWACC          1.472       1.564       1.611       1.858       2.104       2.151       2.244
    NARACOMP        33.452      34.597      35.183      38.242      41.300      41.886      43.031
    WOLDCOMP         3.184       3.302       3.363       3.679       3.995       4.055       4.174

Latent Class 2

 WORDACC  ON
    F9AGE           -0.012      -0.008      -0.006       0.003       0.012       0.014       0.018

 NONWACC  ON
    F9AGE           -0.016      -0.010      -0.007       0.008       0.023       0.025       0.031

 NARAACC  ON
    F9AGE            0.075       0.117       0.138       0.248       0.359       0.380       0.421

 NARACOMP ON
    F9AGE            0.048       0.067       0.077       0.128       0.178       0.188       0.207

 WOLDCOMP ON
    F8AGE           -0.016      -0.005       0.000       0.028       0.056       0.061       0.071

 NARACOMP WITH
    NARAACC         31.365      32.973      33.796      38.093      42.390      43.212      44.821
    WORDACC          0.753       0.855       0.907       1.180       1.453       1.505       1.607
    NONWACC          1.140       1.293       1.372       1.782       2.192       2.271       2.425
    WOLDCOMP         3.105       3.264       3.345       3.768       4.191       4.272       4.430

 NARAACC  WITH
    WORDACC          1.760       1.955       2.054       2.573       3.092       3.191       3.385
    NONWACC          3.478       3.819       3.993       4.903       5.813       5.987       6.327
    WOLDCOMP         2.107       2.458       2.638       3.576       4.515       4.695       5.046

 WORDACC  WITH
    NONWACC          0.246       0.272       0.286       0.357       0.428       0.442       0.468
    WOLDCOMP        -0.055      -0.028      -0.014       0.059       0.132       0.146       0.174

 NONWACC  WITH
    WOLDCOMP        -0.119      -0.076      -0.054       0.060       0.175       0.197       0.240

 F9AGE    WITH
    F8AGE            0.029       0.154       0.218       0.550       0.883       0.946       1.071

 Means
    F8AGE          102.815     102.859     102.881     102.998     103.114     103.136     103.180
    F9AGE          118.072     118.142     118.179     118.368     118.557     118.593     118.664

 Intercepts
    NARAACC         19.011      23.919      26.429      39.539      52.648      55.159      60.066
    WORDACC          6.035       6.451       6.664       7.776       8.888       9.101       9.517
    NONWACC          1.639       2.306       2.647       4.429       6.211       6.552       7.219
    NARACOMP         1.833       4.081       5.231      11.235      17.240      18.390      20.638
    WOLDCOMP         0.091       1.163       1.711       4.575       7.439       7.987       9.059

 Variances
    F8AGE            3.799       3.943       4.016       4.400       4.783       4.857       5.000
    F9AGE           12.208      12.537      12.705      13.583      14.461      14.629      14.958

 Residual Variances
    NARAACC        130.629     134.586     136.610     147.181     157.752     159.776     163.733
    WORDACC          1.030       1.072       1.094       1.206       1.319       1.340       1.382
    NONWACC          2.984       3.082       3.132       3.393       3.655       3.705       3.802
    NARACOMP        29.026      29.785      30.174      32.201      34.228      34.617      35.376
    WOLDCOMP         2.817       2.927       2.984       3.278       3.572       3.629       3.739

Latent Class 3

 WORDACC  ON
    F9AGE           -0.012      -0.008      -0.006       0.003       0.012       0.014       0.018

 NONWACC  ON
    F9AGE           -0.016      -0.010      -0.007       0.008       0.023       0.025       0.031

 NARAACC  ON
    F9AGE            0.075       0.117       0.138       0.248       0.359       0.380       0.421

 NARACOMP ON
    F9AGE            0.048       0.067       0.077       0.128       0.178       0.188       0.207

 WOLDCOMP ON
    F8AGE           -0.016      -0.005       0.000       0.028       0.056       0.061       0.071

 NARACOMP WITH
    NARAACC         31.365      32.973      33.796      38.093      42.390      43.212      44.821
    WORDACC          0.753       0.855       0.907       1.180       1.453       1.505       1.607
    NONWACC          1.140       1.293       1.372       1.782       2.192       2.271       2.425
    WOLDCOMP         3.105       3.264       3.345       3.768       4.191       4.272       4.430

 NARAACC  WITH
    WORDACC          1.760       1.955       2.054       2.573       3.092       3.191       3.385
    NONWACC          3.478       3.819       3.993       4.903       5.813       5.987       6.327
    WOLDCOMP         2.107       2.458       2.638       3.576       4.515       4.695       5.046

 WORDACC  WITH
    NONWACC          0.246       0.272       0.286       0.357       0.428       0.442       0.468
    WOLDCOMP        -0.055      -0.028      -0.014       0.059       0.132       0.146       0.174

 NONWACC  WITH
    WOLDCOMP        -0.119      -0.076      -0.054       0.060       0.175       0.197       0.240

 F9AGE    WITH
    F8AGE            0.029       0.154       0.218       0.550       0.883       0.946       1.071

 Means
    F8AGE          102.783     102.845     102.876     103.042     103.207     103.239     103.301
    F9AGE          117.773     117.862     117.908     118.146     118.385     118.431     118.520

 Intercepts
    NARAACC         -4.573       0.340       2.853      15.977      29.101      31.614      36.527
    WORDACC          2.887       3.318       3.538       4.690       5.842       6.062       6.493
    NONWACC         -0.699      -0.034       0.307       2.084       3.861       4.201       4.867
    NARACOMP        -5.885      -3.635      -2.485       3.523       9.531      10.682      12.931
    WOLDCOMP        -0.398       0.673       1.221       4.083       6.946       7.494       8.565

 Variances
    F8AGE            3.799       3.943       4.016       4.400       4.783       4.857       5.000
    F9AGE           12.208      12.537      12.705      13.583      14.461      14.629      14.958

 Residual Variances
    NARAACC         81.636      85.264      87.121      96.814     106.508     108.364     111.993
    WORDACC          1.724       1.825       1.877       2.147       2.417       2.469       2.570
    NONWACC          2.422       2.510       2.555       2.791       3.027       3.072       3.160
    NARACOMP        21.205      22.186      22.688      25.308      27.927      28.429      29.410
    WOLDCOMP         2.956       3.110       3.188       3.598       4.007       4.086       4.239

Latent Class 4

 WORDACC  ON
    F9AGE           -0.012      -0.008      -0.006       0.003       0.012       0.014       0.018

 NONWACC  ON
    F9AGE           -0.016      -0.010      -0.007       0.008       0.023       0.025       0.031

 NARAACC  ON
    F9AGE            0.075       0.117       0.138       0.248       0.359       0.380       0.421

 NARACOMP ON
    F9AGE            0.048       0.067       0.077       0.128       0.178       0.188       0.207

 WOLDCOMP ON
    F8AGE           -0.016      -0.005       0.000       0.028       0.056       0.061       0.071

 NARACOMP WITH
    NARAACC         31.365      32.973      33.796      38.093      42.390      43.212      44.821
    WORDACC          0.753       0.855       0.907       1.180       1.453       1.505       1.607
    NONWACC          1.140       1.293       1.372       1.782       2.192       2.271       2.425
    WOLDCOMP         3.105       3.264       3.345       3.768       4.191       4.272       4.430

 NARAACC  WITH
    WORDACC          1.760       1.955       2.054       2.573       3.092       3.191       3.385
    NONWACC          3.478       3.819       3.993       4.903       5.813       5.987       6.327
    WOLDCOMP         2.107       2.458       2.638       3.576       4.515       4.695       5.046

 WORDACC  WITH
    NONWACC          0.246       0.272       0.286       0.357       0.428       0.442       0.468
    WOLDCOMP        -0.055      -0.028      -0.014       0.059       0.132       0.146       0.174

 NONWACC  WITH
    WOLDCOMP        -0.119      -0.076      -0.054       0.060       0.175       0.197       0.240

 F9AGE    WITH
    F8AGE            0.029       0.154       0.218       0.550       0.883       0.946       1.071

 Means
    F8AGE          102.935     103.126     103.224     103.736     104.247     104.345     104.536
    F9AGE          118.125     118.351     118.466     119.070     119.673     119.789     120.015

 Intercepts
    NARAACC        -26.286     -21.296     -18.743      -5.413       7.918      10.470      15.460
    WORDACC         -1.125      -0.689      -0.466       0.698       1.863       2.086       2.522
    NONWACC         -2.823      -2.149      -1.804      -0.002       1.799       2.144       2.818
    NARACOMP       -14.724     -12.432     -11.259      -5.134       0.991       2.164       4.457
    WOLDCOMP        -1.057       0.034       0.592       3.506       6.420       6.978       8.068

 Variances
    F8AGE            3.799       3.943       4.016       4.400       4.783       4.857       5.000
    F9AGE           12.208      12.537      12.705      13.583      14.461      14.629      14.958

 Residual Variances
    NARAACC         70.051      75.214      77.854      91.645     105.435     108.076     113.238
    WORDACC          0.357       0.458       0.510       0.781       1.051       1.103       1.205
    NONWACC          0.601       0.725       0.789       1.121       1.453       1.517       1.641
    NARACOMP        19.616      20.539      21.011      23.478      25.944      26.416      27.339
    WOLDCOMP         3.513       3.884       4.074       5.066       6.057       6.247       6.618

Latent Class 5

 WORDACC  ON
    F9AGE           -0.012      -0.008      -0.006       0.003       0.012       0.014       0.018

 NONWACC  ON
    F9AGE           -0.016      -0.010      -0.007       0.008       0.023       0.025       0.031

 NARAACC  ON
    F9AGE            0.075       0.117       0.138       0.248       0.359       0.380       0.421

 NARACOMP ON
    F9AGE            0.048       0.067       0.077       0.128       0.178       0.188       0.207

 WOLDCOMP ON
    F8AGE           -0.016      -0.005       0.000       0.028       0.056       0.061       0.071

 NARACOMP WITH
    NARAACC         31.365      32.973      33.796      38.093      42.390      43.212      44.821
    WORDACC          0.753       0.855       0.907       1.180       1.453       1.505       1.607
    NONWACC          1.140       1.293       1.372       1.782       2.192       2.271       2.425
    WOLDCOMP         3.105       3.264       3.345       3.768       4.191       4.272       4.430

 NARAACC  WITH
    WORDACC          1.760       1.955       2.054       2.573       3.092       3.191       3.385
    NONWACC          3.478       3.819       3.993       4.903       5.813       5.987       6.327
    WOLDCOMP         2.107       2.458       2.638       3.576       4.515       4.695       5.046

 WORDACC  WITH
    NONWACC          0.246       0.272       0.286       0.357       0.428       0.442       0.468
    WOLDCOMP        -0.055      -0.028      -0.014       0.059       0.132       0.146       0.174

 NONWACC  WITH
    WOLDCOMP        -0.119      -0.076      -0.054       0.060       0.175       0.197       0.240

 F9AGE    WITH
    F8AGE            0.029       0.154       0.218       0.550       0.883       0.946       1.071

 Means
    F8AGE          113.828     114.129     114.283     115.088     115.893     116.047     116.348
    F9AGE          121.777     122.153     122.345     123.350     124.355     124.548     124.924

 Intercepts
    NARAACC         12.761      18.151      20.908      35.308      49.707      52.464      57.855
    WORDACC          5.338       5.801       6.037       7.273       8.509       8.745       9.208
    NONWACC          1.240       1.964       2.334       4.268       6.203       6.573       7.297
    NARACOMP        -1.465       0.968       2.212       8.710      15.208      16.452      18.885
    WOLDCOMP        -0.419       0.787       1.404       4.625       7.846       8.463       9.669

 Variances
    F8AGE            3.799       3.943       4.016       4.400       4.783       4.857       5.000
    F9AGE           12.208      12.537      12.705      13.583      14.461      14.629      14.958

 Residual Variances
    NARAACC        171.653     183.631     189.759     221.757     253.755     259.882     271.860
    WORDACC          2.262       2.743       2.989       4.276       5.562       5.809       6.290
    NONWACC          2.849       3.095       3.221       3.877       4.533       4.659       4.904
    NARACOMP        24.394      26.080      26.943      31.449      35.954      36.817      38.503
    WOLDCOMP         2.710       2.937       3.052       3.657       4.261       4.377       4.603

Categorical Latent Variables

 Means
    C#1              1.374       1.443       1.478       1.662       1.846       1.881       1.950
    C#2              1.732       1.795       1.827       1.995       2.162       2.194       2.257
    C#3              0.996       1.064       1.099       1.281       1.463       1.498       1.566
    C#4             -0.440      -0.337      -0.284      -0.009       0.265       0.318       0.421


CONFIDENCE INTERVALS OF STANDARDIZED MODEL RESULTS


STDYX Standardization

                  Lower .5%  Lower 2.5%    Lower 5%    Estimate    Upper 5%  Upper 2.5%   Upper .5%

Latent Class 1

 WORDACC  ON
    F9AGE           -0.076      -0.053      -0.041       0.019       0.080       0.091       0.114

 NONWACC  ON
    F9AGE           -0.043      -0.028      -0.020       0.020       0.061       0.069       0.084

 NARAACC  ON
    F9AGE            0.029       0.045       0.053       0.096       0.140       0.148       0.164

 NARACOMP ON
    F9AGE            0.028       0.040       0.046       0.076       0.106       0.112       0.123

 WOLDCOMP ON
    F8AGE           -0.017      -0.006       0.000       0.030       0.061       0.067       0.078

 NARACOMP WITH
    NARAACC          0.606       0.617       0.622       0.652       0.681       0.687       0.698
    WORDACC          0.241       0.263       0.275       0.336       0.397       0.408       0.431
    NONWACC          0.142       0.159       0.167       0.211       0.255       0.264       0.280
    WOLDCOMP         0.262       0.275       0.282       0.318       0.353       0.360       0.374

 NARAACC  WITH
    WORDACC          0.370       0.396       0.410       0.479       0.549       0.563       0.589
    NONWACC          0.298       0.318       0.328       0.381       0.433       0.444       0.463
    WOLDCOMP         0.124       0.141       0.150       0.197       0.244       0.253       0.271

 WORDACC  WITH
    NONWACC          0.363       0.387       0.399       0.461       0.524       0.535       0.559
    WOLDCOMP        -0.049      -0.025      -0.012       0.054       0.121       0.133       0.158

 NONWACC  WITH
    WOLDCOMP        -0.046      -0.029      -0.021       0.023       0.067       0.075       0.092

 F9AGE    WITH
    F8AGE            0.005       0.021       0.029       0.071       0.114       0.122       0.138

 Means
    F8AGE           45.660      46.451      46.856      48.971      51.085      51.490      52.282
    F9AGE           30.530      30.911      31.106      32.124      33.142      33.337      33.718

 Intercepts
    NARAACC          3.468       4.040       4.332       5.860       7.387       7.679       8.251
    WORDACC         12.832      13.659      14.082      16.292      18.501      18.925      19.752
    NONWACC          2.708       3.213       3.471       4.820       6.168       6.426       6.931
    NARACOMP         0.945       1.312       1.499       2.479       3.460       3.647       4.014
    WOLDCOMP         0.388       0.944       1.228       2.712       4.197       4.481       5.037

 Variances
    F8AGE            1.000       1.000       1.000       1.000       1.000       1.000       1.000
    F9AGE            1.000       1.000       1.000       1.000       1.000       1.000       1.000

 Residual Variances
    NARAACC          0.978       0.981       0.982       0.991       0.999       1.001       1.004
    WORDACC          0.996       0.997       0.997       1.000       1.002       1.002       1.003
    NONWACC          0.997       0.998       0.998       1.000       1.001       1.002       1.002
    NARACOMP         0.987       0.989       0.990       0.994       0.999       1.000       1.001
    WOLDCOMP         0.996       0.997       0.997       0.999       1.001       1.001       1.002

Latent Class 2

 WORDACC  ON
    F9AGE           -0.039      -0.027      -0.021       0.010       0.041       0.047       0.059

 NONWACC  ON
    F9AGE           -0.032      -0.021      -0.015       0.015       0.045       0.051       0.062

 NARAACC  ON
    F9AGE            0.023       0.035       0.042       0.075       0.109       0.115       0.128

 NARACOMP ON
    F9AGE            0.031       0.043       0.049       0.083       0.116       0.122       0.134

 WOLDCOMP ON
    F8AGE           -0.018      -0.006       0.000       0.032       0.064       0.070       0.082

 NARACOMP WITH
    NARAACC          0.488       0.504       0.512       0.553       0.595       0.603       0.619
    WORDACC          0.126       0.141       0.149       0.189       0.230       0.238       0.253
    NONWACC          0.115       0.128       0.135       0.170       0.206       0.213       0.226
    WOLDCOMP         0.313       0.326       0.332       0.367       0.401       0.408       0.421

 NARAACC  WITH
    WORDACC          0.139       0.152       0.159       0.193       0.228       0.234       0.247
    NONWACC          0.166       0.179       0.186       0.219       0.253       0.260       0.272
    WOLDCOMP         0.102       0.116       0.124       0.163       0.202       0.209       0.224

 WORDACC  WITH
    NONWACC          0.127       0.139       0.145       0.176       0.208       0.214       0.225
    WOLDCOMP        -0.027      -0.013      -0.006       0.030       0.066       0.073       0.087

 NONWACC  WITH
    WOLDCOMP        -0.035      -0.023      -0.016       0.018       0.052       0.059       0.072

 F9AGE    WITH
    F8AGE            0.005       0.021       0.029       0.071       0.114       0.122       0.138

 Means
    F8AGE           45.787      46.580      46.986      49.104      51.222      51.627      52.420
    F9AGE           30.519      30.901      31.097      32.117      33.138      33.333      33.715

 Intercepts
    NARAACC          1.542       1.951       2.159       3.250       4.340       4.549       4.957
    WORDACC          5.421       5.817       6.020       7.079       8.138       8.341       8.737
    NONWACC          0.880       1.245       1.431       2.404       3.377       3.563       3.928
    NARACOMP         0.321       0.716       0.918       1.973       3.028       3.230       3.625
    WOLDCOMP         0.033       0.629       0.934       2.526       4.117       4.422       5.018

 Variances
    F8AGE            1.000       1.000       1.000       1.000       1.000       1.000       1.000
    F9AGE            1.000       1.000       1.000       1.000       1.000       1.000       1.000

 Residual Variances
    NARAACC          0.986       0.988       0.989       0.994       0.999       1.000       1.002
    WORDACC          0.999       0.999       0.999       1.000       1.001       1.001       1.001
    NONWACC          0.998       0.999       0.999       1.000       1.001       1.001       1.001
    NARACOMP         0.985       0.987       0.988       0.993       0.999       1.000       1.002
    WOLDCOMP         0.996       0.997       0.997       0.999       1.001       1.001       1.002

Latent Class 3

 WORDACC  ON
    F9AGE           -0.029      -0.021      -0.016       0.007       0.031       0.035       0.044

 NONWACC  ON
    F9AGE           -0.035      -0.023      -0.016       0.017       0.050       0.056       0.068

 NARAACC  ON
    F9AGE            0.028       0.044       0.052       0.093       0.134       0.142       0.157

 NARACOMP ON
    F9AGE            0.035       0.049       0.056       0.093       0.130       0.137       0.151

 WOLDCOMP ON
    F8AGE           -0.017      -0.006       0.000       0.031       0.061       0.067       0.079

 NARACOMP WITH
    NARAACC          0.718       0.730       0.737       0.770       0.803       0.809       0.821
    WORDACC          0.105       0.119       0.125       0.160       0.195       0.202       0.215
    NONWACC          0.145       0.161       0.169       0.212       0.255       0.263       0.279
    WOLDCOMP         0.333       0.348       0.355       0.395       0.435       0.442       0.457

 NARAACC  WITH
    WORDACC          0.124       0.137       0.144       0.178       0.213       0.220       0.233
    NONWACC          0.221       0.240       0.249       0.298       0.348       0.357       0.375
    WOLDCOMP         0.116       0.134       0.143       0.192       0.240       0.249       0.267

 WORDACC  WITH
    NONWACC          0.100       0.111       0.117       0.146       0.175       0.181       0.192
    WOLDCOMP        -0.020      -0.010      -0.005       0.021       0.048       0.053       0.063

 NONWACC  WITH
    WOLDCOMP        -0.037      -0.024      -0.017       0.019       0.055       0.062       0.076

 F9AGE    WITH
    F8AGE            0.005       0.021       0.029       0.071       0.114       0.122       0.138

 Means
    F8AGE           45.807      46.600      47.006      49.125      51.244      51.650      52.443
    F9AGE           30.452      30.836      31.032      32.057      33.082      33.278      33.662

 Intercepts
    NARAACC         -0.478       0.023       0.279       1.617       2.955       3.211       3.712
    WORDACC          1.917       2.224       2.381       3.201       4.021       4.178       4.484
    NONWACC         -0.420      -0.021       0.182       1.247       2.312       2.516       2.914
    NARACOMP        -1.168      -0.722      -0.494       0.697       1.888       2.116       2.562
    WOLDCOMP        -0.217       0.349       0.639       2.152       3.665       3.955       4.521

 Variances
    F8AGE            1.000       1.000       1.000       1.000       1.000       1.000       1.000
    F9AGE            1.000       1.000       1.000       1.000       1.000       1.000       1.000

 Residual Variances
    NARAACC          0.979       0.982       0.984       0.991       0.999       1.000       1.003
    WORDACC          0.999       1.000       1.000       1.000       1.000       1.000       1.000
    NONWACC          0.998       0.998       0.999       1.000       1.001       1.001       1.001
    NARACOMP         0.980       0.983       0.984       0.991       0.998       1.000       1.002
    WOLDCOMP         0.996       0.997       0.997       0.999       1.001       1.001       1.002

Latent Class 4

 WORDACC  ON
    F9AGE           -0.049      -0.034      -0.027       0.012       0.051       0.059       0.074

 NONWACC  ON
    F9AGE           -0.057      -0.037      -0.027       0.026       0.079       0.089       0.109

 NARAACC  ON
    F9AGE            0.029       0.044       0.053       0.095       0.138       0.146       0.162

 NARACOMP ON
    F9AGE            0.036       0.051       0.058       0.097       0.135       0.143       0.157

 WOLDCOMP ON
    F8AGE           -0.015      -0.005       0.000       0.026       0.052       0.057       0.067

 NARACOMP WITH
    NARAACC          0.756       0.771       0.779       0.821       0.863       0.871       0.887
    WORDACC          0.156       0.185       0.199       0.276       0.352       0.367       0.395
    NONWACC          0.222       0.252       0.267       0.347       0.427       0.443       0.473
    WOLDCOMP         0.273       0.291       0.299       0.346       0.392       0.400       0.418

 NARAACC  WITH
    WORDACC          0.174       0.205       0.221       0.304       0.387       0.403       0.434
    NONWACC          0.358       0.388       0.403       0.484       0.564       0.579       0.609
    WOLDCOMP         0.098       0.114       0.122       0.166       0.210       0.218       0.234

 WORDACC  WITH
    NONWACC          0.194       0.239       0.262       0.382       0.502       0.525       0.570
    WOLDCOMP        -0.028      -0.014      -0.007       0.030       0.067       0.074       0.088

 NONWACC  WITH
    WOLDCOMP        -0.051      -0.032      -0.023       0.025       0.074       0.083       0.101

 F9AGE    WITH
    F8AGE            0.005       0.021       0.029       0.071       0.114       0.122       0.138

 Means
    F8AGE           46.205      46.982      47.379      49.456      51.532      51.930      52.707
    F9AGE           30.702      31.086      31.282      32.308      33.333      33.530      33.914

 Intercepts
    NARAACC         -2.732      -2.213      -1.948      -0.563       0.822       1.088       1.606
    WORDACC         -1.221      -0.740      -0.494       0.791       2.075       2.321       2.802
    NONWACC         -2.665      -2.029      -1.703      -0.002       1.699       2.024       2.661
    NARACOMP        -3.021      -2.551      -2.311      -1.055       0.201       0.442       0.912
    WOLDCOMP        -0.480       0.007       0.256       1.557       2.858       3.107       3.594

 Variances
    F8AGE            1.000       1.000       1.000       1.000       1.000       1.000       1.000
    F9AGE            1.000       1.000       1.000       1.000       1.000       1.000       1.000

 Residual Variances
    NARAACC          0.978       0.981       0.983       0.991       0.999       1.001       1.004
    WORDACC          0.998       0.999       0.999       1.000       1.001       1.001       1.001
    NONWACC          0.995       0.996       0.997       0.999       1.002       1.003       1.004
    NARACOMP         0.979       0.982       0.983       0.991       0.998       1.000       1.002
    WOLDCOMP         0.997       0.998       0.998       0.999       1.001       1.001       1.001

Latent Class 5

 WORDACC  ON
    F9AGE           -0.021      -0.015      -0.011       0.005       0.022       0.025       0.031

 NONWACC  ON
    F9AGE           -0.030      -0.019      -0.014       0.014       0.042       0.047       0.058

 NARAACC  ON
    F9AGE            0.018       0.029       0.034       0.061       0.089       0.094       0.104

 NARACOMP ON
    F9AGE            0.031       0.043       0.050       0.084       0.117       0.124       0.136

 WOLDCOMP ON
    F8AGE           -0.017      -0.006       0.000       0.030       0.061       0.067       0.078

 NARACOMP WITH
    NARAACC          0.345       0.372       0.385       0.456       0.527       0.541       0.567
    WORDACC          0.057       0.068       0.073       0.102       0.130       0.136       0.146
    NONWACC          0.095       0.111       0.119       0.161       0.204       0.212       0.228
    WOLDCOMP         0.274       0.293       0.302       0.351       0.400       0.410       0.428

 NARAACC  WITH
    WORDACC          0.046       0.055       0.060       0.084       0.107       0.112       0.121
    NONWACC          0.103       0.119       0.126       0.167       0.208       0.216       0.231
    WOLDCOMP         0.072       0.085       0.092       0.126       0.160       0.166       0.179

 WORDACC  WITH
    NONWACC          0.044       0.055       0.060       0.088       0.115       0.121       0.131
    WOLDCOMP        -0.014      -0.007      -0.004       0.015       0.034       0.037       0.044

 NONWACC  WITH
    WOLDCOMP        -0.031      -0.020      -0.014       0.016       0.046       0.052       0.063

 F9AGE    WITH
    F8AGE            0.005       0.021       0.029       0.071       0.114       0.122       0.138

 Means
    F8AGE           51.395      52.225      52.650      54.868      57.086      57.511      58.341
    F9AGE           31.636      32.074      32.298      33.469      34.640      34.864      35.303

 Intercepts
    NARAACC          0.787       1.165       1.358       2.367       3.375       3.568       3.946
    WORDACC          2.105       2.442       2.615       3.517       4.419       4.592       4.930
    NONWACC          0.565       0.948       1.144       2.168       3.191       3.387       3.770
    NARACOMP        -0.272       0.163       0.385       1.548       2.710       2.933       3.368
    WOLDCOMP        -0.239       0.396       0.721       2.418       4.114       4.439       5.074

 Variances
    F8AGE            1.000       1.000       1.000       1.000       1.000       1.000       1.000
    F9AGE            1.000       1.000       1.000       1.000       1.000       1.000       1.000

 Residual Variances
    NARAACC          0.991       0.992       0.993       0.996       1.000       1.000       1.002
    WORDACC          1.000       1.000       1.000       1.000       1.000       1.000       1.000
    NONWACC          0.999       0.999       0.999       1.000       1.001       1.001       1.001
    NARACOMP         0.984       0.986       0.987       0.993       0.999       1.000       1.002
    WOLDCOMP         0.996       0.997       0.997       0.999       1.001       1.001       1.002


TECHNICAL 7 OUTPUT


     SAMPLE STATISTICS WEIGHTED BY ESTIMATED CLASS PROBABILITIES FOR CLASS 1


           Means
              NARAACC       WORDACC       NONWACC       NARACOMP      WOLDCOMP
              ________      ________      ________      ________      ________
               85.041         9.606         7.463        30.483         8.067


           Means
              F8AGE         F9AGE
              ________      ________
              102.710       118.393


           Covariances
              NARAACC       WORDACC       NONWACC       NARACOMP      WOLDCOMP
              ________      ________      ________      ________      ________
 NARAACC       70.872
 WORDACC        1.352         0.265
 NONWACC        3.820         0.264         1.749
 NARACOMP      26.999         0.574         1.293        32.820
 WOLDCOMP       4.287         0.103         0.083         5.178         3.883
 F8AGE          5.132         0.794         0.056         8.674        -0.027
 F9AGE          3.370        -0.026         0.043         1.093        -2.123


           Covariances
              F8AGE         F9AGE
              ________      ________
 F8AGE          3.577
 F9AGE        -21.166        12.999


     SAMPLE STATISTICS WEIGHTED BY ESTIMATED CLASS PROBABILITIES FOR CLASS 2


           Means
              NARAACC       WORDACC       NONWACC       NARACOMP      WOLDCOMP
              ________      ________      ________      ________      ________
               68.945         8.127         5.321        26.338         7.447


           Means
              F8AGE         F9AGE
              ________      ________
              102.989       118.368


           Covariances
              NARAACC       WORDACC       NONWACC       NARACOMP      WOLDCOMP
              ________      ________      ________      ________      ________
 NARAACC      159.269
 WORDACC        2.962         1.237
 NONWACC        4.266         0.470         3.374
 NARACOMP      45.443         1.427         1.277        35.780
 WOLDCOMP       4.617         0.156         0.027         4.954         3.376
 F8AGE         16.179         0.239         0.919         9.167         0.008
 F9AGE          2.442         0.146        -0.071         1.972        -2.101


           Covariances
              F8AGE         F9AGE
              ________      ________
 F8AGE          3.915
 F9AGE        -20.239        12.284


     SAMPLE STATISTICS WEIGHTED BY ESTIMATED CLASS PROBABILITIES FOR CLASS 3


           Means
              NARAACC       WORDACC       NONWACC       NARACOMP      WOLDCOMP
              ________      ________      ________      ________      ________
               45.328         5.040         2.975        18.598         6.990


           Means
              F8AGE         F9AGE
              ________      ________
              103.029       118.146


           Covariances
              NARAACC       WORDACC       NONWACC       NARACOMP      WOLDCOMP
              ________      ________      ________      ________      ________
 NARAACC       88.772
 WORDACC        5.445         2.326
 NONWACC        4.850         0.647         2.845
 NARACOMP      31.882         2.348         1.515        20.787
 WOLDCOMP       2.077         0.522        -0.111         3.329         3.079
 F8AGE         20.104         3.817         1.626        22.394         0.216
 F9AGE          0.856         0.237         0.141         0.565        -2.510


           Covariances
              F8AGE         F9AGE
              ________      ________
 F8AGE          4.143
 F9AGE        -31.667        11.283


     SAMPLE STATISTICS WEIGHTED BY ESTIMATED CLASS PROBABILITIES FOR CLASS 4


           Means
              NARAACC       WORDACC       NONWACC       NARACOMP      WOLDCOMP
              ________      ________      ________      ________      ________
               24.167         1.053         0.906        10.058         6.420


           Means
              F8AGE         F9AGE
              ________      ________
              103.700       119.070


           Covariances
              NARAACC       WORDACC       NONWACC       NARACOMP      WOLDCOMP
              ________      ________      ________      ________      ________
 NARAACC       92.228
 WORDACC        4.997         0.881
 NONWACC        4.176         0.396         0.947
 NARACOMP      39.339         2.472         1.948        23.517
 WOLDCOMP       2.090         0.272         0.298         2.054         4.092
 F8AGE         23.999         2.406         1.565        13.294         0.083
 F9AGE          4.909         0.318         0.451         2.172        -6.425


           Covariances
              F8AGE         F9AGE
              ________      ________
 F8AGE          7.365
 F9AGE        -93.243        19.959


     SAMPLE STATISTICS WEIGHTED BY ESTIMATED CLASS PROBABILITIES FOR CLASS 5


           Means
              NARAACC       WORDACC       NONWACC       NARACOMP      WOLDCOMP
              ________      ________      ________      ________      ________
               65.951         7.638         5.197        24.448         7.837


           Means
              F8AGE         F9AGE
              ________      ________
              115.038       123.350


           Covariances
              NARAACC       WORDACC       NONWACC       NARACOMP      WOLDCOMP
              ________      ________      ________      ________      ________
 NARAACC      397.487
 WORDACC       35.285         5.526
 NONWACC       31.228         3.724         5.375
 NARACOMP     111.600        10.798         9.094        54.705
 WOLDCOMP       8.620         1.451         1.272         8.239         4.326
 F8AGE        -72.095        -4.823         1.917       -13.541         0.042
 F9AGE         13.697         0.673         0.378         0.405        -8.764


           Covariances
              F8AGE         F9AGE
              ________      ________
 F8AGE         11.705
 F9AGE       -137.140        28.167


TECHNICAL 11 OUTPUT

     Random Starts Specifications for the k-1 Class Analysis Model
        Number of initial stage random starts                  20
        Number of final stage optimizations                     4



     VUONG-LO-MENDELL-RUBIN LIKELIHOOD RATIO TEST FOR 4 (H0) VERSUS 5 CLASSES

          H0 Loglikelihood Value                       -58861.907
          2 Times the Loglikelihood Difference            437.390
          Difference in the Number of Parameters               13
          Mean                                            -15.896
          Standard Deviation                               76.430
          P-Value                                          0.0000

     LO-MENDELL-RUBIN ADJUSTED LRT TEST

          Value                                           433.294
          P-Value                                          0.0000


TECHNICAL 14 OUTPUT

     Random Starts Specifications for the k-1 Class Analysis Model
        Number of initial stage random starts                  20
        Number of final stage optimizations                     4

     Random Starts Specification for the k-1 Class Model for Generated Data
        Number of initial stage random starts                   0
        Number of final stage optimizations for the
           initial stage random starts                          0
     Random Starts Specification for the k Class Model for Generated Data
        Number of initial stage random starts                 100
        Number of final stage optimizations                    20
     Number of bootstrap draws requested                   Varies


     PARAMETRIC BOOTSTRAPPED LIKELIHOOD RATIO TEST FOR 4 (H0) VERSUS 5 CLASSES

          H0 Loglikelihood Value                       -58861.907
          2 Times the Loglikelihood Difference            437.390
          Difference in the Number of Parameters               13
          Approximate P-Value                              0.0000
          Successful Bootstrap Draws                            5

     WARNING:  OF THE 5 BOOTSTRAP DRAWS, 5 DRAWS HAD BOTH A SMALLER LRT VALUE THAN THE
     OBSERVED LRT VALUE AND NOT A REPLICATED BEST LOGLIKELIHOOD VALUE FOR THE 5-CLASS MODEL.
     THIS MEANS THAT THE P-VALUE MAY NOT BE TRUSTWORTHY DUE TO LOCAL MAXIMA.
     INCREASE THE NUMBER OF RANDOM STARTS USING THE LRTSTARTS OPTION.



PLOT INFORMATION

The following plots are available:

  Histograms (sample values)
  Scatterplots (sample values)
  Estimated overall and class-specific distributions

SAVEDATA INFORMATION


  Save file
    sv_lpa_d_5class.dat

  Order and format of variables

    NARAACC        F10.3
    WORDACC        F10.3
    NONWACC        F10.3
    NARACOMP       F10.3
    WOLDCOMP       F10.3
    F8AGE          F10.3
    F9AGE          F10.3
    CIDB3153       F10.3
    CPROB1         F10.3
    CPROB2         F10.3
    CPROB3         F10.3
    CPROB4         F10.3
    CPROB5         F10.3
    C              F10.3

  Save file format
    14F10.3

  Save file record length    10000

  Save missing symbol        *


     Beginning Time:  13:03:25
        Ending Time:  13:03:41
       Elapsed Time:  00:00:16



MUTHEN & MUTHEN
3463 Stoner Ave.
Los Angeles, CA  90066

Tel: (310) 391-9971
Fax: (310) 391-8971
Web: www.StatModel.com
Support: Support@StatModel.com

Copyright (c) 1998-2020 Muthen & Muthen
