Mplus VERSION 8.5
MUTHEN & MUTHEN
06/21/2021  11:00 AM

INPUT INSTRUCTIONS

  TITLE:
   LPA Model B: 4 classes;
  DATA:
  FILE = "mplus_models/simpview/lpa/sv_lpa_mbenchmark_09d96caebd335bc663a9206688e95f3d.dat";

  VARIABLE:
  NAMES = f8age f9age naraAcc wordAcc nonwAcc naraComp woldComp;
   MISSING=.;
    classes = c(4);
  ANALYSIS:
   estimator = mlr; type = mixture;
                                                     starts = 0;
                                                     optseed = 150531;
                                                     processors = 4(starts);
                                                     lrtstarts = 0 0 100 20;
  MODEL:
  %OVERALL%
             f8age; f9age;
             wordAcc nonwAcc naraAcc naraComp on f9age;
             woldcomp on f8age;

   naraComp; naraAcc; wordAcc; nonwAcc; woldComp;

    naraComp with naraAcc;
    naraComp with wordAcc;
    naraComp with nonwAcc;
    naraComp with woldComp;
    naraAcc with wordAcc;
    naraAcc with nonwAcc;
    naraAcc with woldComp;
    wordAcc with nonWacc;
    wordAcc with woldComp;
    nonwAcc with woldComp;
  OUTPUT:
   TECH7 TECH11 TECH14 stdyx CINTERVAL ENTROPY;
  SAVEDATA:
   FILE IS sv_lpa_b_4class.dat; SAVE = cprobabilities;
  PLOT:
  TYPE = PLOT3;



INPUT READING TERMINATED NORMALLY




LPA Model B: 4 classes;

SUMMARY OF ANALYSIS

Number of groups                                                 1
Number of observations                                        3423

Number of dependent variables                                    5
Number of independent variables                                  2
Number of continuous latent variables                            0
Number of categorical latent variables                           1

Observed dependent variables

  Continuous
   NARAACC     WORDACC     NONWACC     NARACOMP    WOLDCOMP

Observed independent variables
   F8AGE       F9AGE

Categorical latent variables
   C


Estimator                                                      MLR
Information matrix                                        OBSERVED
Optimization Specifications for the Quasi-Newton Algorithm for
Continuous Outcomes
  Maximum number of iterations                                 100
  Convergence criterion                                  0.100D-05
Optimization Specifications for the EM Algorithm
  Maximum number of iterations                                 500
  Convergence criteria
    Loglikelihood change                                 0.100D-06
    Relative loglikelihood change                        0.100D-06
    Derivative                                           0.100D-05
Optimization Specifications for the M step of the EM Algorithm for
Categorical Latent variables
  Number of M step iterations                                    1
  M step convergence criterion                           0.100D-05
  Basis for M step termination                           ITERATION
Optimization Specifications for the M step of the EM Algorithm for
Censored, Binary or Ordered Categorical (Ordinal), Unordered
Categorical (Nominal) and Count Outcomes
  Number of M step iterations                                    1
  M step convergence criterion                           0.100D-05
  Basis for M step termination                           ITERATION
  Maximum value for logit thresholds                            15
  Minimum value for logit thresholds                           -15
  Minimum expected cell size for chi-square              0.100D-01
Maximum number of iterations for H1                           2000
Convergence criterion for H1                             0.100D-03
Optimization algorithm                                         EMA
Random Starts Specifications
  Random seed for analysis                                  150531

Input data file(s)
  mplus_models/simpview/lpa/sv_lpa_mbenchmark_09d96caebd335bc663a9206688e95f3d.d
Input data format  FREE


SUMMARY OF DATA

     Number of missing data patterns             7
     Number of y missing data patterns           7
     Number of u missing data patterns           0


COVARIANCE COVERAGE OF DATA

Minimum covariance coverage value   0.100


     PROPORTION OF DATA PRESENT FOR Y


           Covariance Coverage
              NARAACC       WORDACC       NONWACC       NARACOMP      WOLDCOMP
              ________      ________      ________      ________      ________
 NARAACC        1.000
 WORDACC        0.997         0.997
 NONWACC        0.996         0.996         0.996
 NARACOMP       1.000         0.997         0.996         1.000
 WOLDCOMP       0.852         0.850         0.850         0.852         0.852
 F8AGE          0.861         0.859         0.858         0.861         0.852
 F9AGE          1.000         0.997         0.996         1.000         0.852


           Covariance Coverage
              F8AGE         F9AGE
              ________      ________
 F8AGE          0.861
 F9AGE          0.861         1.000



UNIVARIATE SAMPLE STATISTICS


     UNIVARIATE HIGHER-ORDER MOMENT DESCRIPTIVE STATISTICS

         Variable/         Mean/     Skewness/   Minimum/ % with                Percentiles
        Sample Size      Variance    Kurtosis    Maximum  Min/Max      20%/60%    40%/80%    Median

     NARAACC              66.334      -0.525       0.000    0.06%      48.000     62.000     69.000
            3423.000     417.180      -0.469     100.000    0.06%      76.000     86.000
     WORDACC               7.536      -1.219       0.000    1.93%       6.000      8.000      8.000
            3414.000       6.273       0.849      10.000   23.58%       9.000     10.000
     NONWACC               5.239      -0.308       0.000    4.23%       3.000      5.000      5.000
            3408.000       6.217      -0.688      10.000    1.79%       6.000      8.000
     NARACOMP             25.018      -0.273       0.000    0.09%      18.000     23.000     25.000
            3423.000      62.018      -0.237      44.000    0.03%      28.000     32.000
     WOLDCOMP              7.517       0.082       2.000    0.41%       6.000      7.000      7.000
            2917.000       3.758       0.190      15.000    0.03%       8.000      9.000
     F8AGE               103.533       2.579      94.000    0.03%     102.000    102.000    103.000
            2947.000      11.227       8.561     126.000    0.03%     103.000    105.000
     F9AGE               118.643       1.305     105.000    0.03%     116.000    117.000    118.000
            3423.000      14.907       2.626     139.000    0.06%     119.000    121.000


THE MODEL ESTIMATION TERMINATED NORMALLY



MODEL FIT INFORMATION

Number of Free Parameters                       54

Loglikelihood

          H0 Value                      -59018.734
          H0 Scaling Correction Factor      1.3159
            for MLR

Information Criteria

          Akaike (AIC)                  118145.468
          Bayesian (BIC)                118476.934
          Sample-Size Adjusted BIC      118305.351
            (n* = (n + 2) / 24)



FINAL CLASS COUNTS AND PROPORTIONS FOR THE LATENT CLASSES
BASED ON THE ESTIMATED MODEL

    Latent
   Classes

       1        196.80056          0.05749
       2        452.85075          0.13230
       3       2625.70326          0.76708
       4        147.64544          0.04313


FINAL CLASS COUNTS AND PROPORTIONS FOR THE LATENT CLASSES
BASED ON ESTIMATED POSTERIOR PROBABILITIES

    Latent
   Classes

       1        196.80056          0.05749
       2        452.85075          0.13230
       3       2625.70326          0.76708
       4        147.64544          0.04313


FINAL CLASS COUNTS AND PROPORTIONS FOR THE LATENT CLASSES
BASED ON THEIR MOST LIKELY LATENT CLASS MEMBERSHIP

Class Counts and Proportions

    Latent
   Classes

       1              155          0.04528
       2              439          0.12825
       3             2684          0.78411
       4              145          0.04236


CLASSIFICATION QUALITY

     Entropy                         0.892


           Univariate Entropy
              NARAACC       WORDACC       NONWACC       NARACOMP      WOLDCOMP
              ________      ________      ________      ________      ________
                0.576         0.681         0.535         0.546         0.454


           Univariate Entropy
              F8AGE         F9AGE
              ________      ________
                0.664         0.505


Average Latent Class Probabilities for Most Likely Latent Class Membership (Row)
by Latent Class (Column)

           1        2        3        4

    1   0.894    0.021    0.066    0.019
    2   0.010    0.902    0.083    0.005
    3   0.016    0.020    0.957    0.007
    4   0.066    0.008    0.065    0.861


Classification Probabilities for the Most Likely Latent Class Membership (Column)
by Latent Class (Row)

           1        2        3        4

    1   0.704    0.023    0.224    0.049
    2   0.007    0.874    0.116    0.003
    3   0.004    0.014    0.979    0.004
    4   0.020    0.016    0.118    0.846


Logits for the Classification Probabilities for the Most Likely Latent Class Membership (Column)
by Latent Class (Row)

              1        2        3        4

    1      2.668   -0.750    1.522    0.000
    2      1.013    5.823    3.805    0.000
    3      0.091    1.354    5.616    0.000
    4     -3.753   -3.954   -1.967    0.000


MODEL RESULTS

                                                    Two-Tailed
                    Estimate       S.E.  Est./S.E.    P-Value

Latent Class 1

 WORDACC    ON
    F9AGE              0.030      0.010      3.022      0.003

 NONWACC    ON
    F9AGE              0.020      0.011      1.816      0.069

 NARAACC    ON
    F9AGE              0.403      0.087      4.640      0.000

 NARACOMP   ON
    F9AGE              0.168      0.034      4.985      0.000

 WOLDCOMP   ON
    F8AGE              0.041      0.023      1.807      0.071

 NARACOMP WITH
    NARAACC           84.279      2.738     30.784      0.000
    WORDACC            6.195      0.316     19.620      0.000
    NONWACC            6.823      0.323     21.157      0.000
    WOLDCOMP           5.110      0.262     19.476      0.000

 NARAACC  WITH
    WORDACC           19.583      0.883     22.177      0.000
    NONWACC           23.024      0.865     26.612      0.000
    WOLDCOMP           7.773      0.634     12.251      0.000

 WORDACC  WITH
    NONWACC            2.337      0.105     22.305      0.000
    WOLDCOMP           0.570      0.068      8.439      0.000

 NONWACC  WITH
    WOLDCOMP           0.524      0.079      6.645      0.000

 F9AGE    WITH
    F8AGE              0.068      0.196      0.347      0.729

 Means
    F8AGE            109.456      0.648    168.921      0.000
    F9AGE            120.189      0.464    259.258      0.000

 Intercepts
    NARAACC           17.465     11.020      1.585      0.113
    WORDACC            3.909      1.312      2.978      0.003
    NONWACC            2.757      1.379      1.999      0.046
    NARACOMP           4.237      4.252      0.996      0.319
    WOLDCOMP           2.784      2.545      1.094      0.274

 Variances
    F8AGE              2.886      0.166     17.414      0.000
    F9AGE             13.017      0.502     25.935      0.000

 Residual Variances
    NARAACC          277.348      7.516     36.903      0.000
    WORDACC            2.689      0.117     22.916      0.000
    NONWACC            4.806      0.123     39.129      0.000
    NARACOMP          45.246      1.132     39.956      0.000
    WOLDCOMP           3.662      0.100     36.761      0.000

Latent Class 2

 WORDACC    ON
    F9AGE              0.030      0.010      3.022      0.003

 NONWACC    ON
    F9AGE              0.020      0.011      1.816      0.069

 NARAACC    ON
    F9AGE              0.403      0.087      4.640      0.000

 NARACOMP   ON
    F9AGE              0.168      0.034      4.985      0.000

 WOLDCOMP   ON
    F8AGE              0.041      0.023      1.807      0.071

 NARACOMP WITH
    NARAACC           84.279      2.738     30.784      0.000
    WORDACC            6.195      0.316     19.620      0.000
    NONWACC            6.823      0.323     21.157      0.000
    WOLDCOMP           5.110      0.262     19.476      0.000

 NARAACC  WITH
    WORDACC           19.583      0.883     22.177      0.000
    NONWACC           23.024      0.865     26.612      0.000
    WOLDCOMP           7.773      0.634     12.251      0.000

 WORDACC  WITH
    NONWACC            2.337      0.105     22.305      0.000
    WOLDCOMP           0.570      0.068      8.439      0.000

 NONWACC  WITH
    WOLDCOMP           0.524      0.079      6.645      0.000

 F9AGE    WITH
    F8AGE              0.068      0.196      0.347      0.729

 Means
    F8AGE            102.990      0.131    788.659      0.000
    F9AGE            118.596      0.208    569.915      0.000

 Intercepts
    NARAACC          -11.203     10.412     -1.076      0.282
    WORDACC           -0.882      1.218     -0.724      0.469
    NONWACC           -0.206      1.322     -0.156      0.876
    NARACOMP          -5.181      4.042     -1.282      0.200
    WOLDCOMP           2.398      2.355      1.018      0.309

 Variances
    F8AGE              2.886      0.166     17.414      0.000
    F9AGE             13.017      0.502     25.935      0.000

 Residual Variances
    NARAACC          277.348      7.516     36.903      0.000
    WORDACC            2.689      0.117     22.916      0.000
    NONWACC            4.806      0.123     39.129      0.000
    NARACOMP          45.246      1.132     39.956      0.000
    WOLDCOMP           3.662      0.100     36.761      0.000

Latent Class 3

 WORDACC    ON
    F9AGE              0.030      0.010      3.022      0.003

 NONWACC    ON
    F9AGE              0.020      0.011      1.816      0.069

 NARAACC    ON
    F9AGE              0.403      0.087      4.640      0.000

 NARACOMP   ON
    F9AGE              0.168      0.034      4.985      0.000

 WOLDCOMP   ON
    F8AGE              0.041      0.023      1.807      0.071

 NARACOMP WITH
    NARAACC           84.279      2.738     30.784      0.000
    WORDACC            6.195      0.316     19.620      0.000
    NONWACC            6.823      0.323     21.157      0.000
    WOLDCOMP           5.110      0.262     19.476      0.000

 NARAACC  WITH
    WORDACC           19.583      0.883     22.177      0.000
    NONWACC           23.024      0.865     26.612      0.000
    WOLDCOMP           7.773      0.634     12.251      0.000

 WORDACC  WITH
    NONWACC            2.337      0.105     22.305      0.000
    WOLDCOMP           0.570      0.068      8.439      0.000

 NONWACC  WITH
    WOLDCOMP           0.524      0.079      6.645      0.000

 F9AGE    WITH
    F8AGE              0.068      0.196      0.347      0.729

 Means
    F8AGE            102.647      0.050   2052.071      0.000
    F9AGE            118.193      0.075   1570.846      0.000

 Intercepts
    NARAACC           23.941     10.294      2.326      0.020
    WORDACC            4.767      1.198      3.980      0.000
    NONWACC            3.389      1.313      2.580      0.010
    NARACOMP           6.979      3.996      1.746      0.081
    WOLDCOMP           3.365      2.347      1.434      0.152

 Variances
    F8AGE              2.886      0.166     17.414      0.000
    F9AGE             13.017      0.502     25.935      0.000

 Residual Variances
    NARAACC          277.348      7.516     36.903      0.000
    WORDACC            2.689      0.117     22.916      0.000
    NONWACC            4.806      0.123     39.129      0.000
    NARACOMP          45.246      1.132     39.956      0.000
    WOLDCOMP           3.662      0.100     36.761      0.000

Latent Class 4

 WORDACC    ON
    F9AGE              0.030      0.010      3.022      0.003

 NONWACC    ON
    F9AGE              0.020      0.011      1.816      0.069

 NARAACC    ON
    F9AGE              0.403      0.087      4.640      0.000

 NARACOMP   ON
    F9AGE              0.168      0.034      4.985      0.000

 WOLDCOMP   ON
    F8AGE              0.041      0.023      1.807      0.071

 NARACOMP WITH
    NARAACC           84.279      2.738     30.784      0.000
    WORDACC            6.195      0.316     19.620      0.000
    NONWACC            6.823      0.323     21.157      0.000
    WOLDCOMP           5.110      0.262     19.476      0.000

 NARAACC  WITH
    WORDACC           19.583      0.883     22.177      0.000
    NONWACC           23.024      0.865     26.612      0.000
    WOLDCOMP           7.773      0.634     12.251      0.000

 WORDACC  WITH
    NONWACC            2.337      0.105     22.305      0.000
    WOLDCOMP           0.570      0.068      8.439      0.000

 NONWACC  WITH
    WOLDCOMP           0.524      0.079      6.645      0.000

 F9AGE    WITH
    F8AGE              0.068      0.196      0.347      0.729

 Means
    F8AGE            116.762      0.594    196.679      0.000
    F9AGE            124.728      0.697    178.937      0.000

 Intercepts
    NARAACC           14.301     11.255      1.271      0.204
    WORDACC            3.650      1.320      2.764      0.006
    NONWACC            2.556      1.441      1.774      0.076
    NARACOMP           3.302      4.330      0.763      0.446
    WOLDCOMP           3.136      2.685      1.168      0.243

 Variances
    F8AGE              2.886      0.166     17.414      0.000
    F9AGE             13.017      0.502     25.935      0.000

 Residual Variances
    NARAACC          277.348      7.516     36.903      0.000
    WORDACC            2.689      0.117     22.916      0.000
    NONWACC            4.806      0.123     39.129      0.000
    NARACOMP          45.246      1.132     39.956      0.000
    WOLDCOMP           3.662      0.100     36.761      0.000

Categorical Latent Variables

 Means
    C#1                0.287      0.145      1.976      0.048
    C#2                1.121      0.145      7.718      0.000
    C#3                2.878      0.129     22.243      0.000


STANDARDIZED MODEL RESULTS


STDYX Standardization

                                                    Two-Tailed
                    Estimate       S.E.  Est./S.E.    P-Value

Latent Class 1

 WORDACC    ON
    F9AGE              0.067      0.022      3.073      0.002

 NONWACC    ON
    F9AGE              0.033      0.018      1.816      0.069

 NARAACC    ON
    F9AGE              0.087      0.019      4.673      0.000

 NARACOMP   ON
    F9AGE              0.090      0.018      4.972      0.000

 WOLDCOMP   ON
    F8AGE              0.037      0.021      1.787      0.074

 NARACOMP WITH
    NARAACC            0.752      0.009     87.098      0.000
    WORDACC            0.562      0.015     38.617      0.000
    NONWACC            0.463      0.015     29.970      0.000
    WOLDCOMP           0.397      0.016     24.103      0.000

 NARAACC  WITH
    WORDACC            0.717      0.011     65.879      0.000
    NONWACC            0.631      0.012     51.679      0.000
    WOLDCOMP           0.244      0.018     13.366      0.000

 WORDACC  WITH
    NONWACC            0.650      0.013     51.482      0.000
    WOLDCOMP           0.182      0.020      9.013      0.000

 NONWACC  WITH
    WOLDCOMP           0.125      0.018      6.816      0.000

 F9AGE    WITH
    F8AGE              0.011      0.032      0.349      0.727

 Means
    F8AGE             64.433      1.598     40.332      0.000
    F9AGE             33.312      0.637     52.320      0.000

 Intercepts
    NARAACC            1.045      0.663      1.575      0.115
    WORDACC            2.378      0.822      2.892      0.004
    NONWACC            1.257      0.631      1.991      0.046
    NARACOMP           0.627      0.631      0.994      0.320
    WOLDCOMP           1.454      1.331      1.092      0.275

 Variances
    F8AGE              1.000      0.000    999.000    999.000
    F9AGE              1.000      0.000    999.000    999.000

 Residual Variances
    NARAACC            0.992      0.003    306.282      0.000
    WORDACC            0.996      0.003    342.560      0.000
    NONWACC            0.999      0.001    827.464      0.000
    NARACOMP           0.992      0.003    305.165      0.000
    WOLDCOMP           0.999      0.002    662.233      0.000

Latent Class 2

 WORDACC    ON
    F9AGE              0.067      0.022      3.073      0.002

 NONWACC    ON
    F9AGE              0.033      0.018      1.816      0.069

 NARAACC    ON
    F9AGE              0.087      0.019      4.673      0.000

 NARACOMP   ON
    F9AGE              0.090      0.018      4.972      0.000

 WOLDCOMP   ON
    F8AGE              0.037      0.021      1.787      0.074

 NARACOMP WITH
    NARAACC            0.752      0.009     87.098      0.000
    WORDACC            0.562      0.015     38.617      0.000
    NONWACC            0.463      0.015     29.970      0.000
    WOLDCOMP           0.397      0.016     24.103      0.000

 NARAACC  WITH
    WORDACC            0.717      0.011     65.879      0.000
    NONWACC            0.631      0.012     51.679      0.000
    WOLDCOMP           0.244      0.018     13.366      0.000

 WORDACC  WITH
    NONWACC            0.650      0.013     51.482      0.000
    WOLDCOMP           0.182      0.020      9.013      0.000

 NONWACC  WITH
    WOLDCOMP           0.125      0.018      6.816      0.000

 F9AGE    WITH
    F8AGE              0.011      0.032      0.349      0.727

 Means
    F8AGE             60.627      1.709     35.466      0.000
    F9AGE             32.871      0.619     53.125      0.000

 Intercepts
    NARAACC           -0.670      0.621     -1.079      0.280
    WORDACC           -0.537      0.737     -0.729      0.466
    NONWACC           -0.094      0.603     -0.156      0.876
    NARACOMP          -0.767      0.597     -1.285      0.199
    WOLDCOMP           1.252      1.231      1.017      0.309

 Variances
    F8AGE              1.000      0.000    999.000    999.000
    F9AGE              1.000      0.000    999.000    999.000

 Residual Variances
    NARAACC            0.992      0.003    306.282      0.000
    WORDACC            0.996      0.003    342.560      0.000
    NONWACC            0.999      0.001    827.464      0.000
    NARACOMP           0.992      0.003    305.165      0.000
    WOLDCOMP           0.999      0.002    662.233      0.000

Latent Class 3

 WORDACC    ON
    F9AGE              0.067      0.022      3.073      0.002

 NONWACC    ON
    F9AGE              0.033      0.018      1.816      0.069

 NARAACC    ON
    F9AGE              0.087      0.019      4.673      0.000

 NARACOMP   ON
    F9AGE              0.090      0.018      4.972      0.000

 WOLDCOMP   ON
    F8AGE              0.037      0.021      1.787      0.074

 NARACOMP WITH
    NARAACC            0.752      0.009     87.098      0.000
    WORDACC            0.562      0.015     38.617      0.000
    NONWACC            0.463      0.015     29.970      0.000
    WOLDCOMP           0.397      0.016     24.103      0.000

 NARAACC  WITH
    WORDACC            0.717      0.011     65.879      0.000
    NONWACC            0.631      0.012     51.679      0.000
    WOLDCOMP           0.244      0.018     13.366      0.000

 WORDACC  WITH
    NONWACC            0.650      0.013     51.482      0.000
    WOLDCOMP           0.182      0.020      9.013      0.000

 NONWACC  WITH
    WOLDCOMP           0.125      0.018      6.816      0.000

 F9AGE    WITH
    F8AGE              0.011      0.032      0.349      0.727

 Means
    F8AGE             60.425      1.717     35.192      0.000
    F9AGE             32.759      0.622     52.689      0.000

 Intercepts
    NARAACC            1.432      0.621      2.308      0.021
    WORDACC            2.900      0.754      3.847      0.000
    NONWACC            1.545      0.602      2.567      0.010
    NARACOMP           1.033      0.594      1.740      0.082
    WOLDCOMP           1.757      1.228      1.431      0.152

 Variances
    F8AGE              1.000      0.000    999.000    999.000
    F9AGE              1.000      0.000    999.000    999.000

 Residual Variances
    NARAACC            0.992      0.003    306.282      0.000
    WORDACC            0.996      0.003    342.560      0.000
    NONWACC            0.999      0.001    827.464      0.000
    NARACOMP           0.992      0.003    305.165      0.000
    WOLDCOMP           0.999      0.002    662.233      0.000

Latent Class 4

 WORDACC    ON
    F9AGE              0.067      0.022      3.073      0.002

 NONWACC    ON
    F9AGE              0.033      0.018      1.816      0.069

 NARAACC    ON
    F9AGE              0.087      0.019      4.673      0.000

 NARACOMP   ON
    F9AGE              0.090      0.018      4.972      0.000

 WOLDCOMP   ON
    F8AGE              0.037      0.021      1.787      0.074

 NARACOMP WITH
    NARAACC            0.752      0.009     87.098      0.000
    WORDACC            0.562      0.015     38.617      0.000
    NONWACC            0.463      0.015     29.970      0.000
    WOLDCOMP           0.397      0.016     24.103      0.000

 NARAACC  WITH
    WORDACC            0.717      0.011     65.879      0.000
    NONWACC            0.631      0.012     51.679      0.000
    WOLDCOMP           0.244      0.018     13.366      0.000

 WORDACC  WITH
    NONWACC            0.650      0.013     51.482      0.000
    WOLDCOMP           0.182      0.020      9.013      0.000

 NONWACC  WITH
    WOLDCOMP           0.125      0.018      6.816      0.000

 F9AGE    WITH
    F8AGE              0.011      0.032      0.349      0.727

 Means
    F8AGE             68.734      1.772     38.783      0.000
    F9AGE             34.570      0.718     48.180      0.000

 Intercepts
    NARAACC            0.855      0.676      1.266      0.206
    WORDACC            2.221      0.824      2.696      0.007
    NONWACC            1.165      0.659      1.768      0.077
    NARACOMP           0.489      0.642      0.762      0.446
    WOLDCOMP           1.638      1.404      1.166      0.243

 Variances
    F8AGE              1.000      0.000    999.000    999.000
    F9AGE              1.000      0.000    999.000    999.000

 Residual Variances
    NARAACC            0.992      0.003    306.282      0.000
    WORDACC            0.996      0.003    342.560      0.000
    NONWACC            0.999      0.001    827.464      0.000
    NARACOMP           0.992      0.003    305.165      0.000
    WOLDCOMP           0.999      0.002    662.233      0.000


R-SQUARE

Class 1

    Observed                                        Two-Tailed
    Variable        Estimate       S.E.  Est./S.E.    P-Value

    NARAACC            0.008      0.003      2.336      0.019
    WORDACC            0.004      0.003      1.537      0.124
    NONWACC            0.001      0.001      0.908      0.364
    NARACOMP           0.008      0.003      2.486      0.013
    WOLDCOMP           0.001      0.002      0.893      0.372

Class 2

    Observed                                        Two-Tailed
    Variable        Estimate       S.E.  Est./S.E.    P-Value

    NARAACC            0.008      0.003      2.336      0.019
    WORDACC            0.004      0.003      1.537      0.124
    NONWACC            0.001      0.001      0.908      0.364
    NARACOMP           0.008      0.003      2.486      0.013
    WOLDCOMP           0.001      0.002      0.893      0.372

Class 3

    Observed                                        Two-Tailed
    Variable        Estimate       S.E.  Est./S.E.    P-Value

    NARAACC            0.008      0.003      2.336      0.019
    WORDACC            0.004      0.003      1.537      0.124
    NONWACC            0.001      0.001      0.908      0.364
    NARACOMP           0.008      0.003      2.486      0.013
    WOLDCOMP           0.001      0.002      0.893      0.372

Class 4

    Observed                                        Two-Tailed
    Variable        Estimate       S.E.  Est./S.E.    P-Value

    NARAACC            0.008      0.003      2.336      0.019
    WORDACC            0.004      0.003      1.537      0.124
    NONWACC            0.001      0.001      0.908      0.364
    NARACOMP           0.008      0.003      2.486      0.013
    WOLDCOMP           0.001      0.002      0.893      0.372


QUALITY OF NUMERICAL RESULTS

     Condition Number for the Information Matrix              0.121E-08
       (ratio of smallest to largest eigenvalue)


CONFIDENCE INTERVALS OF MODEL RESULTS

                  Lower .5%  Lower 2.5%    Lower 5%    Estimate    Upper 5%  Upper 2.5%   Upper .5%

Latent Class 1

 WORDACC  ON
    F9AGE            0.004       0.011       0.014       0.030       0.047       0.050       0.056

 NONWACC  ON
    F9AGE           -0.008      -0.002       0.002       0.020       0.038       0.042       0.049

 NARAACC  ON
    F9AGE            0.179       0.233       0.260       0.403       0.546       0.573       0.627

 NARACOMP ON
    F9AGE            0.081       0.102       0.113       0.168       0.224       0.234       0.255

 WOLDCOMP ON
    F8AGE           -0.018      -0.003       0.004       0.041       0.079       0.086       0.100

 NARACOMP WITH
    NARAACC         77.227      78.913      79.775      84.279      88.783      89.645      91.331
    WORDACC          5.382       5.576       5.676       6.195       6.715       6.814       7.009
    NONWACC          5.992       6.191       6.293       6.823       7.354       7.455       7.654
    WOLDCOMP         4.434       4.596       4.678       5.110       5.542       5.624       5.786

 NARAACC  WITH
    WORDACC         17.308      17.852      18.130      19.583      21.035      21.313      21.857
    NONWACC         20.796      21.329      21.601      23.024      24.448      24.720      25.253
    WOLDCOMP         6.138       6.529       6.729       7.773       8.816       9.016       9.407

 WORDACC  WITH
    NONWACC          2.067       2.131       2.164       2.337       2.509       2.542       2.606
    WOLDCOMP         0.396       0.438       0.459       0.570       0.682       0.703       0.745

 NONWACC  WITH
    WOLDCOMP         0.321       0.370       0.394       0.524       0.654       0.679       0.727

 F9AGE    WITH
    F8AGE           -0.436      -0.316      -0.254       0.068       0.390       0.451       0.572

 Means
    F8AGE          107.787     108.186     108.390     109.456     110.522     110.726     111.125
    F9AGE          118.994     119.280     119.426     120.189     120.951     121.097     121.383

 Intercepts
    NARAACC        -10.921      -4.135      -0.663      17.465      35.594      39.065      45.852
    WORDACC          0.528       1.337       1.750       3.909       6.068       6.481       7.290
    NONWACC         -0.795       0.054       0.489       2.757       5.026       5.461       6.310
    NARACOMP        -6.716      -4.097      -2.758       4.237      11.231      12.571      15.189
    WOLDCOMP        -3.772      -2.205      -1.403       2.784       6.972       7.773       9.341

 Variances
    F8AGE            2.459       2.561       2.613       2.886       3.158       3.211       3.313
    F9AGE           11.724      12.034      12.192      13.017      13.843      14.001      14.310

 Residual Variances
    NARAACC        257.989     262.618     264.985     277.348     289.712     292.079     296.707
    WORDACC          2.387       2.459       2.496       2.689       2.882       2.919       2.991
    NONWACC          4.489       4.565       4.604       4.806       5.008       5.046       5.122
    NARACOMP        42.329      43.027      43.383      45.246      47.109      47.466      48.163
    WOLDCOMP         3.406       3.467       3.498       3.662       3.826       3.857       3.919

Latent Class 2

 WORDACC  ON
    F9AGE            0.004       0.011       0.014       0.030       0.047       0.050       0.056

 NONWACC  ON
    F9AGE           -0.008      -0.002       0.002       0.020       0.038       0.042       0.049

 NARAACC  ON
    F9AGE            0.179       0.233       0.260       0.403       0.546       0.573       0.627

 NARACOMP ON
    F9AGE            0.081       0.102       0.113       0.168       0.224       0.234       0.255

 WOLDCOMP ON
    F8AGE           -0.018      -0.003       0.004       0.041       0.079       0.086       0.100

 NARACOMP WITH
    NARAACC         77.227      78.913      79.775      84.279      88.783      89.645      91.331
    WORDACC          5.382       5.576       5.676       6.195       6.715       6.814       7.009
    NONWACC          5.992       6.191       6.293       6.823       7.354       7.455       7.654
    WOLDCOMP         4.434       4.596       4.678       5.110       5.542       5.624       5.786

 NARAACC  WITH
    WORDACC         17.308      17.852      18.130      19.583      21.035      21.313      21.857
    NONWACC         20.796      21.329      21.601      23.024      24.448      24.720      25.253
    WOLDCOMP         6.138       6.529       6.729       7.773       8.816       9.016       9.407

 WORDACC  WITH
    NONWACC          2.067       2.131       2.164       2.337       2.509       2.542       2.606
    WOLDCOMP         0.396       0.438       0.459       0.570       0.682       0.703       0.745

 NONWACC  WITH
    WOLDCOMP         0.321       0.370       0.394       0.524       0.654       0.679       0.727

 F9AGE    WITH
    F8AGE           -0.436      -0.316      -0.254       0.068       0.390       0.451       0.572

 Means
    F8AGE          102.654     102.734     102.776     102.990     103.205     103.246     103.327
    F9AGE          118.060     118.188     118.253     118.596     118.938     119.004     119.132

 Intercepts
    NARAACC        -38.023     -31.611     -28.331     -11.203       5.925       9.205      15.617
    WORDACC         -4.021      -3.270      -2.887      -0.882       1.122       1.506       2.256
    NONWACC         -3.612      -2.797      -2.381      -0.206       1.969       2.385       3.199
    NARACOMP       -15.593     -13.104     -11.830      -5.181       1.469       2.742       5.231
    WOLDCOMP        -3.667      -2.217      -1.476       2.398       6.271       7.013       8.462

 Variances
    F8AGE            2.459       2.561       2.613       2.886       3.158       3.211       3.313
    F9AGE           11.724      12.034      12.192      13.017      13.843      14.001      14.310

 Residual Variances
    NARAACC        257.989     262.618     264.985     277.348     289.712     292.079     296.707
    WORDACC          2.387       2.459       2.496       2.689       2.882       2.919       2.991
    NONWACC          4.489       4.565       4.604       4.806       5.008       5.046       5.122
    NARACOMP        42.329      43.027      43.383      45.246      47.109      47.466      48.163
    WOLDCOMP         3.406       3.467       3.498       3.662       3.826       3.857       3.919

Latent Class 3

 WORDACC  ON
    F9AGE            0.004       0.011       0.014       0.030       0.047       0.050       0.056

 NONWACC  ON
    F9AGE           -0.008      -0.002       0.002       0.020       0.038       0.042       0.049

 NARAACC  ON
    F9AGE            0.179       0.233       0.260       0.403       0.546       0.573       0.627

 NARACOMP ON
    F9AGE            0.081       0.102       0.113       0.168       0.224       0.234       0.255

 WOLDCOMP ON
    F8AGE           -0.018      -0.003       0.004       0.041       0.079       0.086       0.100

 NARACOMP WITH
    NARAACC         77.227      78.913      79.775      84.279      88.783      89.645      91.331
    WORDACC          5.382       5.576       5.676       6.195       6.715       6.814       7.009
    NONWACC          5.992       6.191       6.293       6.823       7.354       7.455       7.654
    WOLDCOMP         4.434       4.596       4.678       5.110       5.542       5.624       5.786

 NARAACC  WITH
    WORDACC         17.308      17.852      18.130      19.583      21.035      21.313      21.857
    NONWACC         20.796      21.329      21.601      23.024      24.448      24.720      25.253
    WOLDCOMP         6.138       6.529       6.729       7.773       8.816       9.016       9.407

 WORDACC  WITH
    NONWACC          2.067       2.131       2.164       2.337       2.509       2.542       2.606
    WOLDCOMP         0.396       0.438       0.459       0.570       0.682       0.703       0.745

 NONWACC  WITH
    WOLDCOMP         0.321       0.370       0.394       0.524       0.654       0.679       0.727

 F9AGE    WITH
    F8AGE           -0.436      -0.316      -0.254       0.068       0.390       0.451       0.572

 Means
    F8AGE          102.518     102.549     102.564     102.647     102.729     102.745     102.775
    F9AGE          117.999     118.046     118.069     118.193     118.317     118.341     118.387

 Intercepts
    NARAACC         -2.576       3.763       7.006      23.941      40.875      44.118      50.457
    WORDACC          1.682       2.419       2.797       4.767       6.737       7.115       7.852
    NONWACC          0.006       0.815       1.229       3.389       5.549       5.963       6.772
    NARACOMP        -3.314      -0.854       0.405       6.979      13.553      14.812      17.272
    WOLDCOMP        -2.680      -1.235      -0.496       3.365       7.225       7.965       9.410

 Variances
    F8AGE            2.459       2.561       2.613       2.886       3.158       3.211       3.313
    F9AGE           11.724      12.034      12.192      13.017      13.843      14.001      14.310

 Residual Variances
    NARAACC        257.989     262.618     264.985     277.348     289.712     292.079     296.707
    WORDACC          2.387       2.459       2.496       2.689       2.882       2.919       2.991
    NONWACC          4.489       4.565       4.604       4.806       5.008       5.046       5.122
    NARACOMP        42.329      43.027      43.383      45.246      47.109      47.466      48.163
    WOLDCOMP         3.406       3.467       3.498       3.662       3.826       3.857       3.919

Latent Class 4

 WORDACC  ON
    F9AGE            0.004       0.011       0.014       0.030       0.047       0.050       0.056

 NONWACC  ON
    F9AGE           -0.008      -0.002       0.002       0.020       0.038       0.042       0.049

 NARAACC  ON
    F9AGE            0.179       0.233       0.260       0.403       0.546       0.573       0.627

 NARACOMP ON
    F9AGE            0.081       0.102       0.113       0.168       0.224       0.234       0.255

 WOLDCOMP ON
    F8AGE           -0.018      -0.003       0.004       0.041       0.079       0.086       0.100

 NARACOMP WITH
    NARAACC         77.227      78.913      79.775      84.279      88.783      89.645      91.331
    WORDACC          5.382       5.576       5.676       6.195       6.715       6.814       7.009
    NONWACC          5.992       6.191       6.293       6.823       7.354       7.455       7.654
    WOLDCOMP         4.434       4.596       4.678       5.110       5.542       5.624       5.786

 NARAACC  WITH
    WORDACC         17.308      17.852      18.130      19.583      21.035      21.313      21.857
    NONWACC         20.796      21.329      21.601      23.024      24.448      24.720      25.253
    WOLDCOMP         6.138       6.529       6.729       7.773       8.816       9.016       9.407

 WORDACC  WITH
    NONWACC          2.067       2.131       2.164       2.337       2.509       2.542       2.606
    WOLDCOMP         0.396       0.438       0.459       0.570       0.682       0.703       0.745

 NONWACC  WITH
    WOLDCOMP         0.321       0.370       0.394       0.524       0.654       0.679       0.727

 F9AGE    WITH
    F8AGE           -0.436      -0.316      -0.254       0.068       0.390       0.451       0.572

 Means
    F8AGE          115.233     115.599     115.786     116.762     117.739     117.926     118.291
    F9AGE          122.933     123.362     123.581     124.728     125.875     126.094     126.524

 Intercepts
    NARAACC        -14.689      -7.758      -4.213      14.301      32.815      36.360      43.290
    WORDACC          0.248       1.062       1.477       3.650       5.822       6.238       7.051
    NONWACC         -1.155      -0.268       0.186       2.556       4.926       5.380       6.268
    NARACOMP        -7.850      -5.184      -3.820       3.302      10.424      11.788      14.455
    WOLDCOMP        -3.779      -2.126      -1.280       3.136       7.552       8.398      10.051

 Variances
    F8AGE            2.459       2.561       2.613       2.886       3.158       3.211       3.313
    F9AGE           11.724      12.034      12.192      13.017      13.843      14.001      14.310

 Residual Variances
    NARAACC        257.989     262.618     264.985     277.348     289.712     292.079     296.707
    WORDACC          2.387       2.459       2.496       2.689       2.882       2.919       2.991
    NONWACC          4.489       4.565       4.604       4.806       5.008       5.046       5.122
    NARACOMP        42.329      43.027      43.383      45.246      47.109      47.466      48.163
    WOLDCOMP         3.406       3.467       3.498       3.662       3.826       3.857       3.919

Categorical Latent Variables

 Means
    C#1             -0.087       0.002       0.048       0.287       0.527       0.572       0.662
    C#2              0.747       0.836       0.882       1.121       1.360       1.405       1.495
    C#3              2.545       2.625       2.665       2.878       3.091       3.132       3.212


CONFIDENCE INTERVALS OF STANDARDIZED MODEL RESULTS


STDYX Standardization

                  Lower .5%  Lower 2.5%    Lower 5%    Estimate    Upper 5%  Upper 2.5%   Upper .5%

Latent Class 1

 WORDACC  ON
    F9AGE            0.011       0.024       0.031       0.067       0.103       0.109       0.123

 NONWACC  ON
    F9AGE           -0.014      -0.003       0.003       0.033       0.063       0.069       0.080

 NARAACC  ON
    F9AGE            0.039       0.051       0.056       0.087       0.118       0.124       0.135

 NARACOMP ON
    F9AGE            0.043       0.054       0.060       0.090       0.120       0.125       0.136

 WOLDCOMP ON
    F8AGE           -0.016      -0.004       0.003       0.037       0.070       0.077       0.090

 NARACOMP WITH
    NARAACC          0.730       0.735       0.738       0.752       0.767       0.769       0.775
    WORDACC          0.524       0.533       0.538       0.562       0.586       0.590       0.599
    NONWACC          0.423       0.432       0.437       0.463       0.488       0.493       0.502
    WOLDCOMP         0.355       0.365       0.370       0.397       0.424       0.429       0.439

 NARAACC  WITH
    WORDACC          0.689       0.696       0.699       0.717       0.735       0.738       0.745
    NONWACC          0.599       0.607       0.611       0.631       0.651       0.655       0.662
    WOLDCOMP         0.197       0.208       0.214       0.244       0.274       0.280       0.291

 WORDACC  WITH
    NONWACC          0.617       0.625       0.629       0.650       0.671       0.675       0.682
    WOLDCOMP         0.130       0.142       0.149       0.182       0.215       0.221       0.234

 NONWACC  WITH
    WOLDCOMP         0.078       0.089       0.095       0.125       0.155       0.161       0.172

 F9AGE    WITH
    F8AGE           -0.071      -0.051      -0.041       0.011       0.063       0.073       0.093

 Means
    F8AGE           60.318      61.302      61.805      64.433      67.061      67.564      68.548
    F9AGE           31.672      32.064      32.265      33.312      34.360      34.560      34.952

 Intercepts
    NARAACC         -0.663      -0.255      -0.046       1.045       2.136       2.345       2.753
    WORDACC          0.260       0.767       1.026       2.378       3.731       3.990       4.496
    NONWACC         -0.369       0.020       0.219       1.257       2.296       2.495       2.884
    NARACOMP        -0.998      -0.609      -0.411       0.627       1.665       1.864       2.252
    WOLDCOMP        -1.975      -1.155      -0.736       1.454       3.644       4.063       4.883

 Variances
    F8AGE            1.000       1.000       1.000       1.000       1.000       1.000       1.000
    F9AGE            1.000       1.000       1.000       1.000       1.000       1.000       1.000

 Residual Variances
    NARAACC          0.984       0.986       0.987       0.992       0.998       0.999       1.001
    WORDACC          0.988       0.990       0.991       0.996       1.000       1.001       1.003
    NONWACC          0.996       0.997       0.997       0.999       1.001       1.001       1.002
    NARACOMP         0.984       0.986       0.987       0.992       0.997       0.998       1.000
    WOLDCOMP         0.995       0.996       0.996       0.999       1.001       1.002       1.003

Latent Class 2

 WORDACC  ON
    F9AGE            0.011       0.024       0.031       0.067       0.103       0.109       0.123

 NONWACC  ON
    F9AGE           -0.014      -0.003       0.003       0.033       0.063       0.069       0.080

 NARAACC  ON
    F9AGE            0.039       0.051       0.056       0.087       0.118       0.124       0.135

 NARACOMP ON
    F9AGE            0.043       0.054       0.060       0.090       0.120       0.125       0.136

 WOLDCOMP ON
    F8AGE           -0.016      -0.004       0.003       0.037       0.070       0.077       0.090

 NARACOMP WITH
    NARAACC          0.730       0.735       0.738       0.752       0.767       0.769       0.775
    WORDACC          0.524       0.533       0.538       0.562       0.586       0.590       0.599
    NONWACC          0.423       0.432       0.437       0.463       0.488       0.493       0.502
    WOLDCOMP         0.355       0.365       0.370       0.397       0.424       0.429       0.439

 NARAACC  WITH
    WORDACC          0.689       0.696       0.699       0.717       0.735       0.738       0.745
    NONWACC          0.599       0.607       0.611       0.631       0.651       0.655       0.662
    WOLDCOMP         0.197       0.208       0.214       0.244       0.274       0.280       0.291

 WORDACC  WITH
    NONWACC          0.617       0.625       0.629       0.650       0.671       0.675       0.682
    WOLDCOMP         0.130       0.142       0.149       0.182       0.215       0.221       0.234

 NONWACC  WITH
    WOLDCOMP         0.078       0.089       0.095       0.125       0.155       0.161       0.172

 F9AGE    WITH
    F8AGE           -0.071      -0.051      -0.041       0.011       0.063       0.073       0.093

 Means
    F8AGE           56.224      57.276      57.815      60.627      63.439      63.978      65.030
    F9AGE           31.277      31.658      31.853      32.871      33.889      34.083      34.464

 Intercepts
    NARAACC         -2.269      -1.887      -1.691      -0.670       0.351       0.547       0.929
    WORDACC         -2.435      -1.981      -1.749      -0.537       0.675       0.908       1.361
    NONWACC         -1.646      -1.275      -1.085      -0.094       0.897       1.087       1.458
    NARACOMP        -2.305      -1.937      -1.749      -0.767       0.215       0.403       0.771
    WOLDCOMP        -1.919      -1.161      -0.773       1.252       3.277       3.665       4.423

 Variances
    F8AGE            1.000       1.000       1.000       1.000       1.000       1.000       1.000
    F9AGE            1.000       1.000       1.000       1.000       1.000       1.000       1.000

 Residual Variances
    NARAACC          0.984       0.986       0.987       0.992       0.998       0.999       1.001
    WORDACC          0.988       0.990       0.991       0.996       1.000       1.001       1.003
    NONWACC          0.996       0.997       0.997       0.999       1.001       1.001       1.002
    NARACOMP         0.984       0.986       0.987       0.992       0.997       0.998       1.000
    WOLDCOMP         0.995       0.996       0.996       0.999       1.001       1.002       1.003

Latent Class 3

 WORDACC  ON
    F9AGE            0.011       0.024       0.031       0.067       0.103       0.109       0.123

 NONWACC  ON
    F9AGE           -0.014      -0.003       0.003       0.033       0.063       0.069       0.080

 NARAACC  ON
    F9AGE            0.039       0.051       0.056       0.087       0.118       0.124       0.135

 NARACOMP ON
    F9AGE            0.043       0.054       0.060       0.090       0.120       0.125       0.136

 WOLDCOMP ON
    F8AGE           -0.016      -0.004       0.003       0.037       0.070       0.077       0.090

 NARACOMP WITH
    NARAACC          0.730       0.735       0.738       0.752       0.767       0.769       0.775
    WORDACC          0.524       0.533       0.538       0.562       0.586       0.590       0.599
    NONWACC          0.423       0.432       0.437       0.463       0.488       0.493       0.502
    WOLDCOMP         0.355       0.365       0.370       0.397       0.424       0.429       0.439

 NARAACC  WITH
    WORDACC          0.689       0.696       0.699       0.717       0.735       0.738       0.745
    NONWACC          0.599       0.607       0.611       0.631       0.651       0.655       0.662
    WOLDCOMP         0.197       0.208       0.214       0.244       0.274       0.280       0.291

 WORDACC  WITH
    NONWACC          0.617       0.625       0.629       0.650       0.671       0.675       0.682
    WOLDCOMP         0.130       0.142       0.149       0.182       0.215       0.221       0.234

 NONWACC  WITH
    WOLDCOMP         0.078       0.089       0.095       0.125       0.155       0.161       0.172

 F9AGE    WITH
    F8AGE           -0.071      -0.051      -0.041       0.011       0.063       0.073       0.093

 Means
    F8AGE           56.002      57.059      57.600      60.425      63.249      63.790      64.847
    F9AGE           31.158      31.540      31.736      32.759      33.782      33.978      34.361

 Intercepts
    NARAACC         -0.166       0.216       0.411       1.432       2.453       2.648       3.031
    WORDACC          0.958       1.423       1.660       2.900       4.141       4.378       4.843
    NONWACC         -0.005       0.365       0.555       1.545       2.535       2.725       3.095
    NARACOMP        -0.496      -0.130       0.057       1.033       2.010       2.197       2.563
    WOLDCOMP        -1.406      -0.649      -0.263       1.757       3.777       4.164       4.920

 Variances
    F8AGE            1.000       1.000       1.000       1.000       1.000       1.000       1.000
    F9AGE            1.000       1.000       1.000       1.000       1.000       1.000       1.000

 Residual Variances
    NARAACC          0.984       0.986       0.987       0.992       0.998       0.999       1.001
    WORDACC          0.988       0.990       0.991       0.996       1.000       1.001       1.003
    NONWACC          0.996       0.997       0.997       0.999       1.001       1.001       1.002
    NARACOMP         0.984       0.986       0.987       0.992       0.997       0.998       1.000
    WOLDCOMP         0.995       0.996       0.996       0.999       1.001       1.002       1.003

Latent Class 4

 WORDACC  ON
    F9AGE            0.011       0.024       0.031       0.067       0.103       0.109       0.123

 NONWACC  ON
    F9AGE           -0.014      -0.003       0.003       0.033       0.063       0.069       0.080

 NARAACC  ON
    F9AGE            0.039       0.051       0.056       0.087       0.118       0.124       0.135

 NARACOMP ON
    F9AGE            0.043       0.054       0.060       0.090       0.120       0.125       0.136

 WOLDCOMP ON
    F8AGE           -0.016      -0.004       0.003       0.037       0.070       0.077       0.090

 NARACOMP WITH
    NARAACC          0.730       0.735       0.738       0.752       0.767       0.769       0.775
    WORDACC          0.524       0.533       0.538       0.562       0.586       0.590       0.599
    NONWACC          0.423       0.432       0.437       0.463       0.488       0.493       0.502
    WOLDCOMP         0.355       0.365       0.370       0.397       0.424       0.429       0.439

 NARAACC  WITH
    WORDACC          0.689       0.696       0.699       0.717       0.735       0.738       0.745
    NONWACC          0.599       0.607       0.611       0.631       0.651       0.655       0.662
    WOLDCOMP         0.197       0.208       0.214       0.244       0.274       0.280       0.291

 WORDACC  WITH
    NONWACC          0.617       0.625       0.629       0.650       0.671       0.675       0.682
    WOLDCOMP         0.130       0.142       0.149       0.182       0.215       0.221       0.234

 NONWACC  WITH
    WOLDCOMP         0.078       0.089       0.095       0.125       0.155       0.161       0.172

 F9AGE    WITH
    F8AGE           -0.071      -0.051      -0.041       0.011       0.063       0.073       0.093

 Means
    F8AGE           64.169      65.260      65.819      68.734      71.649      72.208      73.299
    F9AGE           32.722      33.164      33.390      34.570      35.751      35.977      36.419

 Intercepts
    NARAACC         -0.886      -0.469      -0.256       0.855       1.967       2.180       2.596
    WORDACC          0.099       0.606       0.866       2.221       3.575       3.835       4.342
    NONWACC         -0.532      -0.126       0.081       1.165       2.249       2.457       2.863
    NARACOMP        -1.165      -0.769      -0.567       0.489       1.545       1.747       2.143
    WOLDCOMP        -1.979      -1.114      -0.672       1.638       3.947       4.390       5.254

 Variances
    F8AGE            1.000       1.000       1.000       1.000       1.000       1.000       1.000
    F9AGE            1.000       1.000       1.000       1.000       1.000       1.000       1.000

 Residual Variances
    NARAACC          0.984       0.986       0.987       0.992       0.998       0.999       1.001
    WORDACC          0.988       0.990       0.991       0.996       1.000       1.001       1.003
    NONWACC          0.996       0.997       0.997       0.999       1.001       1.001       1.002
    NARACOMP         0.984       0.986       0.987       0.992       0.997       0.998       1.000
    WOLDCOMP         0.995       0.996       0.996       0.999       1.001       1.002       1.003


TECHNICAL 7 OUTPUT


     SAMPLE STATISTICS WEIGHTED BY ESTIMATED CLASS PROBABILITIES FOR CLASS 1


           Means
              NARAACC       WORDACC       NONWACC       NARACOMP      WOLDCOMP
              ________      ________      ________      ________      ________
               65.919         7.575         5.185        24.461         7.332


           Means
              F8AGE         F9AGE
              ________      ________
              109.455       120.189


           Covariances
              NARAACC       WORDACC       NONWACC       NARACOMP      WOLDCOMP
              ________      ________      ________      ________      ________
 NARAACC      412.820
 WORDACC       37.043         5.046
 NONWACC       34.538         3.890         6.015
 NARACOMP     127.690        11.704        10.506        61.021
 WOLDCOMP      10.177         0.841         0.887         5.936         3.746
 F8AGE         27.632         1.622         4.370        11.860         0.400
 F9AGE         20.016         2.654         1.971         5.441        -2.527


           Covariances
              F8AGE         F9AGE
              ________      ________
 F8AGE          4.148
 F9AGE        -29.523        16.905


     SAMPLE STATISTICS WEIGHTED BY ESTIMATED CLASS PROBABILITIES FOR CLASS 2


           Means
              NARAACC       WORDACC       NONWACC       NARACOMP      WOLDCOMP
              ________      ________      ________      ________      ________
               36.608         2.732         2.212        14.775         6.721


           Means
              F8AGE         F9AGE
              ________      ________
              102.988       118.596


           Covariances
              NARAACC       WORDACC       NONWACC       NARACOMP      WOLDCOMP
              ________      ________      ________      ________      ________
 NARAACC      213.874
 WORDACC       19.573         2.963
 NONWACC       17.559         2.129         3.472
 NARACOMP      76.615         7.421         6.349        37.391
 WOLDCOMP       7.631         1.161         0.380         5.139         3.484
 F8AGE         79.078        12.003         3.368        47.577        -0.042
 F9AGE         -0.945        -0.221        -0.074         0.077        -4.074


           Covariances
              F8AGE         F9AGE
              ________      ________
 F8AGE          3.127
 F9AGE        -55.345        15.033


     SAMPLE STATISTICS WEIGHTED BY ESTIMATED CLASS PROBABILITIES FOR CLASS 3


           Means
              NARAACC       WORDACC       NONWACC       NARACOMP      WOLDCOMP
              ________      ________      ________      ________      ________
               71.590         8.365         5.767        26.867         7.633


           Means
              F8AGE         F9AGE
              ________      ________
              102.646       118.193


           Covariances
              NARAACC       WORDACC       NONWACC       NARACOMP      WOLDCOMP
              ________      ________      ________      ________      ________
 NARAACC      270.364
 WORDACC       17.102         2.272
 NONWACC       22.317         2.136         4.865
 NARACOMP      80.255         5.234         6.426        44.766
 WOLDCOMP      10.164         0.687         0.772         6.549         3.651
 F8AGE         32.616         1.992         3.433        16.343         0.066
 F9AGE          3.396         0.210         0.080         1.661        -1.576


           Covariances
              F8AGE         F9AGE
              ________      ________
 F8AGE          2.552
 F9AGE        -15.795        11.422


     SAMPLE STATISTICS WEIGHTED BY ESTIMATED CLASS PROBABILITIES FOR CLASS 4


           Means
              NARAACC       WORDACC       NONWACC       NARACOMP      WOLDCOMP
              ________      ________      ________      ________      ________
               64.584         7.440         5.060        24.290         7.948


           Means
              F8AGE         F9AGE
              ________      ________
              116.752       124.728


           Covariances
              NARAACC       WORDACC       NONWACC       NARACOMP      WOLDCOMP
              ________      ________      ________      ________      ________
 NARAACC      452.809
 WORDACC       43.118         6.351
 NONWACC       39.325         4.701         6.162
 NARACOMP     135.572        14.069        11.972        62.136
 WOLDCOMP      -0.798         0.879         0.597         4.512         4.520
 F8AGE       -196.385       -12.956        -6.747       -73.668        -0.282
 F9AGE         22.736         1.305         1.167         4.051       -14.935


           Covariances
              F8AGE         F9AGE
              ________      ________
 F8AGE          7.893
 F9AGE       -227.201        30.026


TECHNICAL 11 OUTPUT

     Random Starts Specifications for the k-1 Class Analysis Model
        Number of initial stage random starts                  20
        Number of final stage optimizations                     4



     VUONG-LO-MENDELL-RUBIN LIKELIHOOD RATIO TEST FOR 3 (H0) VERSUS 4 CLASSES

          H0 Loglikelihood Value                       -59193.139
          2 Times the Loglikelihood Difference            348.811
          Difference in the Number of Parameters                8
          Mean                                             42.869
          Standard Deviation                               85.570
          P-Value                                          0.0076

     LO-MENDELL-RUBIN ADJUSTED LRT TEST

          Value                                           343.534
          P-Value                                          0.0081


TECHNICAL 14 OUTPUT

     Random Starts Specifications for the k-1 Class Analysis Model
        Number of initial stage random starts                  20
        Number of final stage optimizations                     4

     Random Starts Specification for the k-1 Class Model for Generated Data
        Number of initial stage random starts                   0
        Number of final stage optimizations for the
           initial stage random starts                          0
     Random Starts Specification for the k Class Model for Generated Data
        Number of initial stage random starts                 100
        Number of final stage optimizations                    20
     Number of bootstrap draws requested                   Varies


     PARAMETRIC BOOTSTRAPPED LIKELIHOOD RATIO TEST FOR 3 (H0) VERSUS 4 CLASSES

          H0 Loglikelihood Value                       -59193.139
          2 Times the Loglikelihood Difference            348.811
          Difference in the Number of Parameters                8
          Approximate P-Value                              0.0000
          Successful Bootstrap Draws                            5

     WARNING:  OF THE 5 BOOTSTRAP DRAWS, 5 DRAWS HAD BOTH A SMALLER LRT VALUE THAN THE
     OBSERVED LRT VALUE AND NOT A REPLICATED BEST LOGLIKELIHOOD VALUE FOR THE 4-CLASS MODEL.
     THIS MEANS THAT THE P-VALUE MAY NOT BE TRUSTWORTHY DUE TO LOCAL MAXIMA.
     INCREASE THE NUMBER OF RANDOM STARTS USING THE LRTSTARTS OPTION.



PLOT INFORMATION

The following plots are available:

  Histograms (sample values)
  Scatterplots (sample values)
  Estimated overall and class-specific distributions

SAVEDATA INFORMATION


  Save file
    sv_lpa_b_4class.dat

  Order and format of variables

    NARAACC        F10.3
    WORDACC        F10.3
    NONWACC        F10.3
    NARACOMP       F10.3
    WOLDCOMP       F10.3
    F8AGE          F10.3
    F9AGE          F10.3
    CPROB1         F10.3
    CPROB2         F10.3
    CPROB3         F10.3
    CPROB4         F10.3
    C              F10.3

  Save file format
    12F10.3

  Save file record length    10000

  Save missing symbol        *


     Beginning Time:  11:00:05
        Ending Time:  11:00:15
       Elapsed Time:  00:00:10



MUTHEN & MUTHEN
3463 Stoner Ave.
Los Angeles, CA  90066

Tel: (310) 391-9971
Fax: (310) 391-8971
Web: www.StatModel.com
Support: Support@StatModel.com

Copyright (c) 1998-2020 Muthen & Muthen
