Mplus VERSION 8.5
MUTHEN & MUTHEN
07/07/2021  10:13 AM

INPUT INSTRUCTIONS

  TITLE:
   LPA Model A: 1 classes;
  DATA:
  FILE = "mplus_models/simpview/lpa/sv_lpa_mbenchmark_71407e46d98e5016017ad9a2654f310f.dat";

  VARIABLE:
  NAMES = cidB3153 f8age f9age naraAcc wordAcc nonwAcc naraComp woldComp;
   MISSING=.;
    idvariable = cidb3153; classes = c(1);
  ANALYSIS:
  estimator = mlr; type = mixture; starts = 500 50;
                processors = 4(STARTS);
  MODEL:
  %OVERALL%
             f8age; f9age;
             wordAcc nonwAcc naraAcc naraComp on f9age;
             woldcomp on f8age;
   naraComp; naraAcc; wordAcc; nonwAcc; woldComp;
    naraComp with naraAcc@0;
    naraComp with wordAcc@0;
    naraComp with nonwAcc@0;
    naraComp with woldComp@0;
    naraAcc with wordAcc@0;
    naraAcc with nonwAcc@0;
    naraAcc with woldComp@0;
    wordAcc with nonWacc@0;
    wordAcc with woldComp@0;
    nonwAcc with woldComp@0;
  OUTPUT:
  TECH1 TECH8 TECH11;
  PLOT:
  TYPE = PLOT3;



*** WARNING in OUTPUT command
  TECH11 option is not available for TYPE=MIXTURE with only one class.
  Request for TECH11 is ignored.
   1 WARNING(S) FOUND IN THE INPUT INSTRUCTIONS




LPA Model A: 1 classes;


TECHNICAL OUTPUT


     PARAMETER SPECIFICATION FOR LATENT CLASS 1


           NU
              NARAACC       WORDACC       NONWACC       NARACOMP      WOLDCOMP
              ________      ________      ________      ________      ________
                    0             0             0             0             0


           NU
              F8AGE         F9AGE
              ________      ________
                    0             0


           LAMBDA
              NARAACC       WORDACC       NONWACC       NARACOMP      WOLDCOMP
              ________      ________      ________      ________      ________
 NARAACC            0             0             0             0             0
 WORDACC            0             0             0             0             0
 NONWACC            0             0             0             0             0
 NARACOMP           0             0             0             0             0
 WOLDCOMP           0             0             0             0             0
 F8AGE              0             0             0             0             0
 F9AGE              0             0             0             0             0


           LAMBDA
              F8AGE         F9AGE
              ________      ________
 NARAACC            0             0
 WORDACC            0             0
 NONWACC            0             0
 NARACOMP           0             0
 WOLDCOMP           0             0
 F8AGE              0             0
 F9AGE              0             0


           THETA
              NARAACC       WORDACC       NONWACC       NARACOMP      WOLDCOMP
              ________      ________      ________      ________      ________
 NARAACC            0
 WORDACC            0             0
 NONWACC            0             0             0
 NARACOMP           0             0             0             0
 WOLDCOMP           0             0             0             0             0
 F8AGE              0             0             0             0             0
 F9AGE              0             0             0             0             0


           THETA
              F8AGE         F9AGE
              ________      ________
 F8AGE              0
 F9AGE              0             0


           ALPHA
              NARAACC       WORDACC       NONWACC       NARACOMP      WOLDCOMP
              ________      ________      ________      ________      ________
                    1             2             3             4             5


           ALPHA
              F8AGE         F9AGE
              ________      ________
                    6             7


           BETA
              NARAACC       WORDACC       NONWACC       NARACOMP      WOLDCOMP
              ________      ________      ________      ________      ________
 NARAACC            0             0             0             0             0
 WORDACC            0             0             0             0             0
 NONWACC            0             0             0             0             0
 NARACOMP           0             0             0             0             0
 WOLDCOMP           0             0             0             0             0
 F8AGE              0             0             0             0             0
 F9AGE              0             0             0             0             0


           BETA
              F8AGE         F9AGE
              ________      ________
 NARAACC            0             8
 WORDACC            0             9
 NONWACC            0            10
 NARACOMP           0            11
 WOLDCOMP          12             0
 F8AGE              0             0
 F9AGE              0             0


           PSI
              NARAACC       WORDACC       NONWACC       NARACOMP      WOLDCOMP
              ________      ________      ________      ________      ________
 NARAACC           13
 WORDACC            0            14
 NONWACC            0             0            15
 NARACOMP           0             0             0            16
 WOLDCOMP           0             0             0             0            17
 F8AGE              0             0             0             0             0
 F9AGE              0             0             0             0             0


           PSI
              F8AGE         F9AGE
              ________      ________
 F8AGE             18
 F9AGE             19            20


     PARAMETER SPECIFICATION FOR LATENT CLASS REGRESSION MODEL PART


           ALPHA(C)
              C#1
              ________
                    0


     STARTING VALUES FOR LATENT CLASS 1


           NU
              NARAACC       WORDACC       NONWACC       NARACOMP      WOLDCOMP
              ________      ________      ________      ________      ________
                0.000         0.000         0.000         0.000         0.000


           NU
              F8AGE         F9AGE
              ________      ________
                0.000         0.000


           LAMBDA
              NARAACC       WORDACC       NONWACC       NARACOMP      WOLDCOMP
              ________      ________      ________      ________      ________
 NARAACC        1.000         0.000         0.000         0.000         0.000
 WORDACC        0.000         1.000         0.000         0.000         0.000
 NONWACC        0.000         0.000         1.000         0.000         0.000
 NARACOMP       0.000         0.000         0.000         1.000         0.000
 WOLDCOMP       0.000         0.000         0.000         0.000         1.000
 F8AGE          0.000         0.000         0.000         0.000         0.000
 F9AGE          0.000         0.000         0.000         0.000         0.000


           LAMBDA
              F8AGE         F9AGE
              ________      ________
 NARAACC        0.000         0.000
 WORDACC        0.000         0.000
 NONWACC        0.000         0.000
 NARACOMP       0.000         0.000
 WOLDCOMP       0.000         0.000
 F8AGE          1.000         0.000
 F9AGE          0.000         1.000


           THETA
              NARAACC       WORDACC       NONWACC       NARACOMP      WOLDCOMP
              ________      ________      ________      ________      ________
 NARAACC        0.000
 WORDACC        0.000         0.000
 NONWACC        0.000         0.000         0.000
 NARACOMP       0.000         0.000         0.000         0.000
 WOLDCOMP       0.000         0.000         0.000         0.000         0.000
 F8AGE          0.000         0.000         0.000         0.000         0.000
 F9AGE          0.000         0.000         0.000         0.000         0.000


           THETA
              F8AGE         F9AGE
              ________      ________
 F8AGE          0.000
 F9AGE          0.000         0.000


           ALPHA
              NARAACC       WORDACC       NONWACC       NARACOMP      WOLDCOMP
              ________      ________      ________      ________      ________
                0.000         0.000         0.000         0.000         0.000


           ALPHA
              F8AGE         F9AGE
              ________      ________
                0.000         0.000


           BETA
              NARAACC       WORDACC       NONWACC       NARACOMP      WOLDCOMP
              ________      ________      ________      ________      ________
 NARAACC        0.000         0.000         0.000         0.000         0.000
 WORDACC        0.000         0.000         0.000         0.000         0.000
 NONWACC        0.000         0.000         0.000         0.000         0.000
 NARACOMP       0.000         0.000         0.000         0.000         0.000
 WOLDCOMP       0.000         0.000         0.000         0.000         0.000
 F8AGE          0.000         0.000         0.000         0.000         0.000
 F9AGE          0.000         0.000         0.000         0.000         0.000


           BETA
              F8AGE         F9AGE
              ________      ________
 NARAACC        0.000         0.000
 WORDACC        0.000         0.000
 NONWACC        0.000         0.000
 NARACOMP       0.000         0.000
 WOLDCOMP       0.000         0.000
 F8AGE          0.000         0.000
 F9AGE          0.000         0.000


           PSI
              NARAACC       WORDACC       NONWACC       NARACOMP      WOLDCOMP
              ________      ________      ________      ________      ________
 NARAACC        0.500
 WORDACC        0.000         0.500
 NONWACC        0.000         0.000         0.500
 NARACOMP       0.000         0.000         0.000         0.500
 WOLDCOMP       0.000         0.000         0.000         0.000         0.500
 F8AGE          0.000         0.000         0.000         0.000         0.000
 F9AGE          0.000         0.000         0.000         0.000         0.000


           PSI
              F8AGE         F9AGE
              ________      ________
 F8AGE          0.500
 F9AGE          0.000         0.500


     STARTING VALUES FOR LATENT CLASS REGRESSION MODEL PART


           ALPHA(C)
              C#1
              ________
                0.000


DIAGRAM INFORMATION

  Mplus diagrams are currently not available for Mixture analysis.
  No diagram output was produced.


     Beginning Time:  10:13:58
        Ending Time:  10:13:58
       Elapsed Time:  00:00:00



MUTHEN & MUTHEN
3463 Stoner Ave.
Los Angeles, CA  90066

Tel: (310) 391-9971
Fax: (310) 391-8971
Web: www.StatModel.com
Support: Support@StatModel.com

Copyright (c) 1998-2020 Muthen & Muthen
