Mplus VERSION 8.5
MUTHEN & MUTHEN
06/23/2021   3:48 PM

INPUT INSTRUCTIONS

  TITLE:
   LPA Model A: 5 classes;
  DATA:
  FILE = "mplus_models/simpview/lpa/sv_lpa_mbenchmark_71407e46d98e5016017ad9a2654f310f.dat";

  VARIABLE:
  NAMES = cidB3153 f8age f9age naraAcc wordAcc nonwAcc naraComp woldComp;
   MISSING=.;
    idvariable = cidb3153; classes = c(5);
  ANALYSIS:
   estimator = mlr; type = mixture;
                                                     starts = 0;
                                                     optseed = 453260;
                                                     processors = 4(starts);
                                                     lrtstarts = 0 0 100 20;
  MODEL:
  %OVERALL%
             f8age; f9age;
             wordAcc nonwAcc naraAcc naraComp on f9age;
             woldcomp on f8age;
   naraComp; naraAcc; wordAcc; nonwAcc; woldComp;
    naraComp with naraAcc@0;
    naraComp with wordAcc@0;
    naraComp with nonwAcc@0;
    naraComp with woldComp@0;
    naraAcc with wordAcc@0;
    naraAcc with nonwAcc@0;
    naraAcc with woldComp@0;
    wordAcc with nonWacc@0;
    wordAcc with woldComp@0;
    nonwAcc with woldComp@0;
  OUTPUT:
   TECH7 TECH11 TECH14 stdyx CINTERVAL ENTROPY;
  SAVEDATA:
   FILE IS sv_lpa_a_5class.dat; SAVE = cprobabilities;
  PLOT:
  TYPE = PLOT3;



INPUT READING TERMINATED NORMALLY




LPA Model A: 5 classes;

SUMMARY OF ANALYSIS

Number of groups                                                 1
Number of observations                                        3423

Number of dependent variables                                    5
Number of independent variables                                  2
Number of continuous latent variables                            0
Number of categorical latent variables                           1

Observed dependent variables

  Continuous
   NARAACC     WORDACC     NONWACC     NARACOMP    WOLDCOMP

Observed independent variables
   F8AGE       F9AGE

Categorical latent variables
   C

Variables with special functions

  ID variable           CIDB3153

Estimator                                                      MLR
Information matrix                                        OBSERVED
Optimization Specifications for the Quasi-Newton Algorithm for
Continuous Outcomes
  Maximum number of iterations                                 100
  Convergence criterion                                  0.100D-05
Optimization Specifications for the EM Algorithm
  Maximum number of iterations                                 500
  Convergence criteria
    Loglikelihood change                                 0.100D-06
    Relative loglikelihood change                        0.100D-06
    Derivative                                           0.100D-05
Optimization Specifications for the M step of the EM Algorithm for
Categorical Latent variables
  Number of M step iterations                                    1
  M step convergence criterion                           0.100D-05
  Basis for M step termination                           ITERATION
Optimization Specifications for the M step of the EM Algorithm for
Censored, Binary or Ordered Categorical (Ordinal), Unordered
Categorical (Nominal) and Count Outcomes
  Number of M step iterations                                    1
  M step convergence criterion                           0.100D-05
  Basis for M step termination                           ITERATION
  Maximum value for logit thresholds                            15
  Minimum value for logit thresholds                           -15
  Minimum expected cell size for chi-square              0.100D-01
Maximum number of iterations for H1                           2000
Convergence criterion for H1                             0.100D-03
Optimization algorithm                                         EMA
Random Starts Specifications
  Random seed for analysis                                  453260

Input data file(s)
  mplus_models/simpview/lpa/sv_lpa_mbenchmark_71407e46d98e5016017ad9a2654f310f.d
Input data format  FREE


SUMMARY OF DATA

     Number of missing data patterns             7
     Number of y missing data patterns           7
     Number of u missing data patterns           0


COVARIANCE COVERAGE OF DATA

Minimum covariance coverage value   0.100


     PROPORTION OF DATA PRESENT FOR Y


           Covariance Coverage
              NARAACC       WORDACC       NONWACC       NARACOMP      WOLDCOMP
              ________      ________      ________      ________      ________
 NARAACC        1.000
 WORDACC        0.997         0.997
 NONWACC        0.996         0.996         0.996
 NARACOMP       1.000         0.997         0.996         1.000
 WOLDCOMP       0.852         0.850         0.850         0.852         0.852
 F8AGE          0.861         0.859         0.858         0.861         0.852
 F9AGE          1.000         0.997         0.996         1.000         0.852


           Covariance Coverage
              F8AGE         F9AGE
              ________      ________
 F8AGE          0.861
 F9AGE          0.861         1.000



UNIVARIATE SAMPLE STATISTICS


     UNIVARIATE HIGHER-ORDER MOMENT DESCRIPTIVE STATISTICS

         Variable/         Mean/     Skewness/   Minimum/ % with                Percentiles
        Sample Size      Variance    Kurtosis    Maximum  Min/Max      20%/60%    40%/80%    Median

     NARAACC              66.334      -0.525       0.000    0.06%      48.000     62.000     69.000
            3423.000     417.180      -0.469     100.000    0.06%      76.000     86.000
     WORDACC               7.536      -1.219       0.000    1.93%       6.000      8.000      8.000
            3414.000       6.273       0.849      10.000   23.58%       9.000     10.000
     NONWACC               5.239      -0.308       0.000    4.23%       3.000      5.000      5.000
            3408.000       6.217      -0.688      10.000    1.79%       6.000      8.000
     NARACOMP             25.018      -0.273       0.000    0.09%      18.000     23.000     25.000
            3423.000      62.018      -0.237      44.000    0.03%      28.000     32.000
     WOLDCOMP              7.517       0.082       2.000    0.41%       6.000      7.000      7.000
            2917.000       3.758       0.190      15.000    0.03%       8.000      9.000
     F8AGE               103.533       2.579      94.000    0.03%     102.000    102.000    103.000
            2947.000      11.227       8.561     126.000    0.03%     103.000    105.000
     F9AGE               118.643       1.305     105.000    0.03%     116.000    117.000    118.000
            3423.000      14.907       2.626     139.000    0.06%     119.000    121.000


THE MODEL ESTIMATION TERMINATED NORMALLY



MODEL FIT INFORMATION

Number of Free Parameters                       52

Loglikelihood

          H0 Value                      -60211.413
          H0 Scaling Correction Factor      1.2934
            for MLR

Information Criteria

          Akaike (AIC)                  120526.826
          Bayesian (BIC)                120846.016
          Sample-Size Adjusted BIC      120680.788
            (n* = (n + 2) / 24)



FINAL CLASS COUNTS AND PROPORTIONS FOR THE LATENT CLASSES
BASED ON THE ESTIMATED MODEL

    Latent
   Classes

       1        460.47259          0.13452
       2        768.05358          0.22438
       3        177.39630          0.05182
       4        983.33235          0.28727
       5       1033.74520          0.30200


FINAL CLASS COUNTS AND PROPORTIONS FOR THE LATENT CLASSES
BASED ON ESTIMATED POSTERIOR PROBABILITIES

    Latent
   Classes

       1        460.47259          0.13452
       2        768.05358          0.22438
       3        177.39630          0.05182
       4        983.33235          0.28727
       5       1033.74520          0.30200


FINAL CLASS COUNTS AND PROPORTIONS FOR THE LATENT CLASSES
BASED ON THEIR MOST LIKELY LATENT CLASS MEMBERSHIP

Class Counts and Proportions

    Latent
   Classes

       1              459          0.13409
       2              774          0.22612
       3              180          0.05259
       4              982          0.28688
       5             1028          0.30032


CLASSIFICATION QUALITY

     Entropy                         0.842


           Univariate Entropy
              NARAACC       WORDACC       NONWACC       NARACOMP      WOLDCOMP
              ________      ________      ________      ________      ________
                0.692         0.518         0.349         0.444         0.114


           Univariate Entropy
              F8AGE         F9AGE
              ________      ________
                0.086         0.082


Average Latent Class Probabilities for Most Likely Latent Class Membership (Row)
by Latent Class (Column)

           1        2        3        4        5

    1   0.919    0.067    0.014    0.000    0.000
    2   0.038    0.887    0.000    0.000    0.075
    3   0.051    0.000    0.949    0.000    0.000
    4   0.000    0.000    0.000    0.910    0.090
    5   0.000    0.050    0.000    0.088    0.863


Classification Probabilities for the Most Likely Latent Class Membership (Column)
by Latent Class (Row)

           1        2        3        4        5

    1   0.916    0.064    0.020    0.000    0.000
    2   0.040    0.893    0.000    0.000    0.067
    3   0.037    0.000    0.963    0.000    0.000
    4   0.000    0.000    0.000    0.909    0.091
    5   0.000    0.056    0.000    0.086    0.858


Logits for the Classification Probabilities for the Most Likely Latent Class Membership (Column)
by Latent Class (Row)

              1        2        3        4        5

    1     12.387    9.725    8.551   -1.341    0.000
    2     -0.516    2.595  -11.108  -10.494    0.000
    3     10.509    0.000   13.778    0.000    0.000
    4    -11.424   -9.436  -11.424    2.296    0.000
    5    -13.554   -2.722  -13.662   -2.303    0.000


MODEL RESULTS

                                                    Two-Tailed
                    Estimate       S.E.  Est./S.E.    P-Value

Latent Class 1

 WORDACC    ON
    F9AGE              0.003      0.008      0.426      0.670

 NONWACC    ON
    F9AGE             -0.003      0.010     -0.287      0.774

 NARAACC    ON
    F9AGE              0.129      0.073      1.773      0.076

 NARACOMP   ON
    F9AGE              0.056      0.032      1.779      0.075

 WOLDCOMP   ON
    F8AGE              0.030      0.011      2.710      0.007

 NARACOMP WITH
    NARAACC            0.000      0.000    999.000    999.000
    WORDACC            0.000      0.000    999.000    999.000
    NONWACC            0.000      0.000    999.000    999.000
    WOLDCOMP           0.000      0.000    999.000    999.000

 NARAACC  WITH
    WORDACC            0.000      0.000    999.000    999.000
    NONWACC            0.000      0.000    999.000    999.000
    WOLDCOMP           0.000      0.000    999.000    999.000

 WORDACC  WITH
    NONWACC            0.000      0.000    999.000    999.000
    WOLDCOMP           0.000      0.000    999.000    999.000

 NONWACC  WITH
    WOLDCOMP           0.000      0.000    999.000    999.000

 F9AGE    WITH
    F8AGE              3.226      0.413      7.807      0.000

 Means
    F8AGE            103.550      0.165    628.044      0.000
    F9AGE            118.331      0.173    682.431      0.000

 Intercepts
    NARAACC           25.865      8.682      2.979      0.003
    WORDACC            3.805      0.917      4.151      0.000
    NONWACC            2.784      1.175      2.370      0.018
    NARACOMP          10.234      3.776      2.710      0.007
    WOLDCOMP           3.806      1.144      3.326      0.001

 Variances
    F8AGE             11.211      0.673     16.654      0.000
    F9AGE             14.874      0.543     27.379      0.000

 Residual Variances
    NARAACC           51.184      2.281     22.439      0.000
    WORDACC            1.141      0.045     25.410      0.000
    NONWACC            2.605      0.077     33.933      0.000
    NARACOMP          18.736      0.624     30.013      0.000
    WOLDCOMP           3.323      0.094     35.373      0.000

Latent Class 2

 WORDACC    ON
    F9AGE              0.003      0.008      0.426      0.670

 NONWACC    ON
    F9AGE             -0.003      0.010     -0.287      0.774

 NARAACC    ON
    F9AGE              0.129      0.073      1.773      0.076

 NARACOMP   ON
    F9AGE              0.056      0.032      1.779      0.075

 WOLDCOMP   ON
    F8AGE              0.030      0.011      2.710      0.007

 NARACOMP WITH
    NARAACC            0.000      0.000    999.000    999.000
    WORDACC            0.000      0.000    999.000    999.000
    NONWACC            0.000      0.000    999.000    999.000
    WOLDCOMP           0.000      0.000    999.000    999.000

 NARAACC  WITH
    WORDACC            0.000      0.000    999.000    999.000
    NONWACC            0.000      0.000    999.000    999.000
    WOLDCOMP           0.000      0.000    999.000    999.000

 WORDACC  WITH
    NONWACC            0.000      0.000    999.000    999.000
    WOLDCOMP           0.000      0.000    999.000    999.000

 NONWACC  WITH
    WOLDCOMP           0.000      0.000    999.000    999.000

 F9AGE    WITH
    F8AGE              3.226      0.413      7.807      0.000

 Means
    F8AGE            103.809      0.152    682.641      0.000
    F9AGE            118.528      0.156    759.729      0.000

 Intercepts
    NARAACC           39.486      8.655      4.562      0.000
    WORDACC            6.796      0.916      7.420      0.000
    NONWACC            4.728      1.173      4.031      0.000
    NARACOMP          14.736      3.758      3.921      0.000
    WOLDCOMP           3.986      1.146      3.479      0.001

 Variances
    F8AGE             11.211      0.673     16.654      0.000
    F9AGE             14.874      0.543     27.379      0.000

 Residual Variances
    NARAACC           51.184      2.281     22.439      0.000
    WORDACC            1.141      0.045     25.410      0.000
    NONWACC            2.605      0.077     33.933      0.000
    NARACOMP          18.736      0.624     30.013      0.000
    WOLDCOMP           3.323      0.094     35.373      0.000

Latent Class 3

 WORDACC    ON
    F9AGE              0.003      0.008      0.426      0.670

 NONWACC    ON
    F9AGE             -0.003      0.010     -0.287      0.774

 NARAACC    ON
    F9AGE              0.129      0.073      1.773      0.076

 NARACOMP   ON
    F9AGE              0.056      0.032      1.779      0.075

 WOLDCOMP   ON
    F8AGE              0.030      0.011      2.710      0.007

 NARACOMP WITH
    NARAACC            0.000      0.000    999.000    999.000
    WORDACC            0.000      0.000    999.000    999.000
    NONWACC            0.000      0.000    999.000    999.000
    WOLDCOMP           0.000      0.000    999.000    999.000

 NARAACC  WITH
    WORDACC            0.000      0.000    999.000    999.000
    NONWACC            0.000      0.000    999.000    999.000
    WOLDCOMP           0.000      0.000    999.000    999.000

 WORDACC  WITH
    NONWACC            0.000      0.000    999.000    999.000
    WOLDCOMP           0.000      0.000    999.000    999.000

 NONWACC  WITH
    WOLDCOMP           0.000      0.000    999.000    999.000

 F9AGE    WITH
    F8AGE              3.226      0.413      7.807      0.000

 Means
    F8AGE            105.002      0.436    240.883      0.000
    F9AGE            119.150      0.380    313.357      0.000

 Intercepts
    NARAACC            6.380      8.677      0.735      0.462
    WORDACC            0.611      0.913      0.669      0.503
    NONWACC            1.158      1.167      0.992      0.321
    NARACOMP           2.152      3.779      0.569      0.569
    WOLDCOMP           3.145      1.181      2.663      0.008

 Variances
    F8AGE             11.211      0.673     16.654      0.000
    F9AGE             14.874      0.543     27.379      0.000

 Residual Variances
    NARAACC           51.184      2.281     22.439      0.000
    WORDACC            1.141      0.045     25.410      0.000
    NONWACC            2.605      0.077     33.933      0.000
    NARACOMP          18.736      0.624     30.013      0.000
    WOLDCOMP           3.323      0.094     35.373      0.000

Latent Class 4

 WORDACC    ON
    F9AGE              0.003      0.008      0.426      0.670

 NONWACC    ON
    F9AGE             -0.003      0.010     -0.287      0.774

 NARAACC    ON
    F9AGE              0.129      0.073      1.773      0.076

 NARACOMP   ON
    F9AGE              0.056      0.032      1.779      0.075

 WOLDCOMP   ON
    F8AGE              0.030      0.011      2.710      0.007

 NARACOMP WITH
    NARAACC            0.000      0.000    999.000    999.000
    WORDACC            0.000      0.000    999.000    999.000
    NONWACC            0.000      0.000    999.000    999.000
    WOLDCOMP           0.000      0.000    999.000    999.000

 NARAACC  WITH
    WORDACC            0.000      0.000    999.000    999.000
    NONWACC            0.000      0.000    999.000    999.000
    WOLDCOMP           0.000      0.000    999.000    999.000

 WORDACC  WITH
    NONWACC            0.000      0.000    999.000    999.000
    WOLDCOMP           0.000      0.000    999.000    999.000

 NONWACC  WITH
    WOLDCOMP           0.000      0.000    999.000    999.000

 F9AGE    WITH
    F8AGE              3.226      0.413      7.807      0.000

 Means
    F8AGE            103.259      0.114    908.556      0.000
    F9AGE            118.664      0.159    748.255      0.000

 Intercepts
    NARAACC           72.489      8.658      8.372      0.000
    WORDACC            9.082      0.899     10.104      0.000
    NONWACC            7.731      1.164      6.644      0.000
    NARACOMP          26.023      3.760      6.921      0.000
    WOLDCOMP           5.360      1.137      4.716      0.000

 Variances
    F8AGE             11.211      0.673     16.654      0.000
    F9AGE             14.874      0.543     27.379      0.000

 Residual Variances
    NARAACC           51.184      2.281     22.439      0.000
    WORDACC            1.141      0.045     25.410      0.000
    NONWACC            2.605      0.077     33.933      0.000
    NARACOMP          18.736      0.624     30.013      0.000
    WOLDCOMP           3.323      0.094     35.373      0.000

Latent Class 5

 WORDACC    ON
    F9AGE              0.003      0.008      0.426      0.670

 NONWACC    ON
    F9AGE             -0.003      0.010     -0.287      0.774

 NARAACC    ON
    F9AGE              0.129      0.073      1.773      0.076

 NARACOMP   ON
    F9AGE              0.056      0.032      1.779      0.075

 WOLDCOMP   ON
    F8AGE              0.030      0.011      2.710      0.007

 NARACOMP WITH
    NARAACC            0.000      0.000    999.000    999.000
    WORDACC            0.000      0.000    999.000    999.000
    NONWACC            0.000      0.000    999.000    999.000
    WOLDCOMP           0.000      0.000    999.000    999.000

 NARAACC  WITH
    WORDACC            0.000      0.000    999.000    999.000
    NONWACC            0.000      0.000    999.000    999.000
    WOLDCOMP           0.000      0.000    999.000    999.000

 WORDACC  WITH
    NONWACC            0.000      0.000    999.000    999.000
    WOLDCOMP           0.000      0.000    999.000    999.000

 NONWACC  WITH
    WOLDCOMP           0.000      0.000    999.000    999.000

 F9AGE    WITH
    F8AGE              3.226      0.413      7.807      0.000

 Means
    F8AGE            103.618      0.133    780.382      0.000
    F9AGE            118.760      0.143    828.569      0.000

 Intercepts
    NARAACC           58.054      8.662      6.702      0.000
    WORDACC            8.187      0.906      9.041      0.000
    NONWACC            6.122      1.178      5.199      0.000
    NARACOMP          20.094      3.758      5.348      0.000
    WOLDCOMP           4.261      1.144      3.723      0.000

 Variances
    F8AGE             11.211      0.673     16.654      0.000
    F9AGE             14.874      0.543     27.379      0.000

 Residual Variances
    NARAACC           51.184      2.281     22.439      0.000
    WORDACC            1.141      0.045     25.410      0.000
    NONWACC            2.605      0.077     33.933      0.000
    NARACOMP          18.736      0.624     30.013      0.000
    WOLDCOMP           3.323      0.094     35.373      0.000

Categorical Latent Variables

 Means
    C#1               -0.809      0.085     -9.521      0.000
    C#2               -0.297      0.064     -4.610      0.000
    C#3               -1.763      0.103    -17.047      0.000
    C#4               -0.050      0.089     -0.559      0.576


STANDARDIZED MODEL RESULTS


STDYX Standardization

                                                    Two-Tailed
                    Estimate       S.E.  Est./S.E.    P-Value

Latent Class 1

 WORDACC    ON
    F9AGE              0.012      0.027      0.426      0.670

 NONWACC    ON
    F9AGE             -0.007      0.023     -0.288      0.774

 NARAACC    ON
    F9AGE              0.069      0.039      1.781      0.075

 NARACOMP   ON
    F9AGE              0.050      0.028      1.777      0.076

 WOLDCOMP   ON
    F8AGE              0.055      0.020      2.691      0.007

 NARACOMP WITH
    NARAACC            0.000      0.000    999.000    999.000
    WORDACC            0.000      0.000    999.000    999.000
    NONWACC            0.000      0.000    999.000    999.000
    WOLDCOMP           0.000      0.000    999.000    999.000

 NARAACC  WITH
    WORDACC            0.000      0.000    999.000    999.000
    NONWACC            0.000      0.000    999.000    999.000
    WOLDCOMP           0.000      0.000    999.000    999.000

 WORDACC  WITH
    NONWACC            0.000      0.000    999.000    999.000
    WOLDCOMP           0.000      0.000    999.000    999.000

 NONWACC  WITH
    WOLDCOMP           0.000      0.000    999.000    999.000

 F9AGE    WITH
    F8AGE              0.250      0.027      9.375      0.000

 Means
    F8AGE             30.927      0.919     33.640      0.000
    F9AGE             30.682      0.556     55.230      0.000

 Intercepts
    NARAACC            3.607      1.231      2.930      0.003
    WORDACC            3.561      0.861      4.138      0.000
    NONWACC            1.725      0.726      2.375      0.018
    NARACOMP           2.361      0.874      2.700      0.007
    WOLDCOMP           2.085      0.629      3.315      0.001

 Variances
    F8AGE              1.000      0.000    999.000    999.000
    F9AGE              1.000      0.000    999.000    999.000

 Residual Variances
    NARAACC            0.995      0.005    184.103      0.000
    WORDACC            1.000      0.001   1564.675      0.000
    NONWACC            1.000      0.000   3153.206      0.000
    NARACOMP           0.997      0.003    353.124      0.000
    WOLDCOMP           0.997      0.002    445.603      0.000

Latent Class 2

 WORDACC    ON
    F9AGE              0.012      0.027      0.426      0.670

 NONWACC    ON
    F9AGE             -0.007      0.023     -0.288      0.774

 NARAACC    ON
    F9AGE              0.069      0.039      1.781      0.075

 NARACOMP   ON
    F9AGE              0.050      0.028      1.777      0.076

 WOLDCOMP   ON
    F8AGE              0.055      0.020      2.691      0.007

 NARACOMP WITH
    NARAACC            0.000      0.000    999.000    999.000
    WORDACC            0.000      0.000    999.000    999.000
    NONWACC            0.000      0.000    999.000    999.000
    WOLDCOMP           0.000      0.000    999.000    999.000

 NARAACC  WITH
    WORDACC            0.000      0.000    999.000    999.000
    NONWACC            0.000      0.000    999.000    999.000
    WOLDCOMP           0.000      0.000    999.000    999.000

 WORDACC  WITH
    NONWACC            0.000      0.000    999.000    999.000
    WOLDCOMP           0.000      0.000    999.000    999.000

 NONWACC  WITH
    WOLDCOMP           0.000      0.000    999.000    999.000

 F9AGE    WITH
    F8AGE              0.250      0.027      9.375      0.000

 Means
    F8AGE             31.004      0.914     33.914      0.000
    F9AGE             30.733      0.554     55.476      0.000

 Intercepts
    NARAACC            5.506      1.240      4.439      0.000
    WORDACC            6.361      0.864      7.361      0.000
    NONWACC            2.929      0.725      4.042      0.000
    NARACOMP           3.400      0.872      3.897      0.000
    WOLDCOMP           2.183      0.630      3.466      0.001

 Variances
    F8AGE              1.000      0.000    999.000    999.000
    F9AGE              1.000      0.000    999.000    999.000

 Residual Variances
    NARAACC            0.995      0.005    184.103      0.000
    WORDACC            1.000      0.001   1564.675      0.000
    NONWACC            1.000      0.000   3153.206      0.000
    NARACOMP           0.997      0.003    353.124      0.000
    WOLDCOMP           0.997      0.002    445.603      0.000

Latent Class 3

 WORDACC    ON
    F9AGE              0.012      0.027      0.426      0.670

 NONWACC    ON
    F9AGE             -0.007      0.023     -0.288      0.774

 NARAACC    ON
    F9AGE              0.069      0.039      1.781      0.075

 NARACOMP   ON
    F9AGE              0.050      0.028      1.777      0.076

 WOLDCOMP   ON
    F8AGE              0.055      0.020      2.691      0.007

 NARACOMP WITH
    NARAACC            0.000      0.000    999.000    999.000
    WORDACC            0.000      0.000    999.000    999.000
    NONWACC            0.000      0.000    999.000    999.000
    WOLDCOMP           0.000      0.000    999.000    999.000

 NARAACC  WITH
    WORDACC            0.000      0.000    999.000    999.000
    NONWACC            0.000      0.000    999.000    999.000
    WOLDCOMP           0.000      0.000    999.000    999.000

 WORDACC  WITH
    NONWACC            0.000      0.000    999.000    999.000
    WOLDCOMP           0.000      0.000    999.000    999.000

 NONWACC  WITH
    WOLDCOMP           0.000      0.000    999.000    999.000

 F9AGE    WITH
    F8AGE              0.250      0.027      9.375      0.000

 Means
    F8AGE             31.360      0.917     34.217      0.000
    F9AGE             30.895      0.552     55.980      0.000

 Intercepts
    NARAACC            0.890      1.214      0.733      0.464
    WORDACC            0.572      0.855      0.669      0.503
    NONWACC            0.717      0.722      0.993      0.321
    NARACOMP           0.496      0.872      0.569      0.569
    WOLDCOMP           1.723      0.648      2.657      0.008

 Variances
    F8AGE              1.000      0.000    999.000    999.000
    F9AGE              1.000      0.000    999.000    999.000

 Residual Variances
    NARAACC            0.995      0.005    184.103      0.000
    WORDACC            1.000      0.001   1564.675      0.000
    NONWACC            1.000      0.000   3153.206      0.000
    NARACOMP           0.997      0.003    353.124      0.000
    WOLDCOMP           0.997      0.002    445.603      0.000

Latent Class 4

 WORDACC    ON
    F9AGE              0.012      0.027      0.426      0.670

 NONWACC    ON
    F9AGE             -0.007      0.023     -0.288      0.774

 NARAACC    ON
    F9AGE              0.069      0.039      1.781      0.075

 NARACOMP   ON
    F9AGE              0.050      0.028      1.777      0.076

 WOLDCOMP   ON
    F8AGE              0.055      0.020      2.691      0.007

 NARACOMP WITH
    NARAACC            0.000      0.000    999.000    999.000
    WORDACC            0.000      0.000    999.000    999.000
    NONWACC            0.000      0.000    999.000    999.000
    WOLDCOMP           0.000      0.000    999.000    999.000

 NARAACC  WITH
    WORDACC            0.000      0.000    999.000    999.000
    NONWACC            0.000      0.000    999.000    999.000
    WOLDCOMP           0.000      0.000    999.000    999.000

 WORDACC  WITH
    NONWACC            0.000      0.000    999.000    999.000
    WOLDCOMP           0.000      0.000    999.000    999.000

 NONWACC  WITH
    WOLDCOMP           0.000      0.000    999.000    999.000

 F9AGE    WITH
    F8AGE              0.250      0.027      9.375      0.000

 Means
    F8AGE             30.840      0.914     33.730      0.000
    F9AGE             30.769      0.554     55.579      0.000

 Intercepts
    NARAACC           10.108      1.277      7.915      0.000
    WORDACC            8.500      0.861      9.868      0.000
    NONWACC            4.790      0.720      6.652      0.000
    NARACOMP           6.004      0.882      6.806      0.000
    WOLDCOMP           2.936      0.627      4.685      0.000

 Variances
    F8AGE              1.000      0.000    999.000    999.000
    F9AGE              1.000      0.000    999.000    999.000

 Residual Variances
    NARAACC            0.995      0.005    184.103      0.000
    WORDACC            1.000      0.001   1564.675      0.000
    NONWACC            1.000      0.000   3153.206      0.000
    NARACOMP           0.997      0.003    353.124      0.000
    WOLDCOMP           0.997      0.002    445.603      0.000

Latent Class 5

 WORDACC    ON
    F9AGE              0.012      0.027      0.426      0.670

 NONWACC    ON
    F9AGE             -0.007      0.023     -0.288      0.774

 NARAACC    ON
    F9AGE              0.069      0.039      1.781      0.075

 NARACOMP   ON
    F9AGE              0.050      0.028      1.777      0.076

 WOLDCOMP   ON
    F8AGE              0.055      0.020      2.691      0.007

 NARACOMP WITH
    NARAACC            0.000      0.000    999.000    999.000
    WORDACC            0.000      0.000    999.000    999.000
    NONWACC            0.000      0.000    999.000    999.000
    WOLDCOMP           0.000      0.000    999.000    999.000

 NARAACC  WITH
    WORDACC            0.000      0.000    999.000    999.000
    NONWACC            0.000      0.000    999.000    999.000
    WOLDCOMP           0.000      0.000    999.000    999.000

 WORDACC  WITH
    NONWACC            0.000      0.000    999.000    999.000
    WOLDCOMP           0.000      0.000    999.000    999.000

 NONWACC  WITH
    WOLDCOMP           0.000      0.000    999.000    999.000

 F9AGE    WITH
    F8AGE              0.250      0.027      9.375      0.000

 Means
    F8AGE             30.947      0.912     33.930      0.000
    F9AGE             30.794      0.552     55.835      0.000

 Intercepts
    NARAACC            8.095      1.260      6.424      0.000
    WORDACC            7.662      0.864      8.864      0.000
    NONWACC            3.793      0.728      5.214      0.000
    NARACOMP           4.636      0.875      5.297      0.000
    WOLDCOMP           2.334      0.629      3.710      0.000

 Variances
    F8AGE              1.000      0.000    999.000    999.000
    F9AGE              1.000      0.000    999.000    999.000

 Residual Variances
    NARAACC            0.995      0.005    184.103      0.000
    WORDACC            1.000      0.001   1564.675      0.000
    NONWACC            1.000      0.000   3153.206      0.000
    NARACOMP           0.997      0.003    353.124      0.000
    WOLDCOMP           0.997      0.002    445.603      0.000


R-SQUARE

Class 1

    Observed                                        Two-Tailed
    Variable        Estimate       S.E.  Est./S.E.    P-Value

    NARAACC            0.005      0.005      0.891      0.373
    WORDACC            0.000      0.001      0.213      0.831
    NONWACC            0.000      0.000      0.144      0.886
    NARACOMP           0.003      0.003      0.888      0.374
    WOLDCOMP           0.003      0.002      1.346      0.178

Class 2

    Observed                                        Two-Tailed
    Variable        Estimate       S.E.  Est./S.E.    P-Value

    NARAACC            0.005      0.005      0.891      0.373
    WORDACC            0.000      0.001      0.213      0.831
    NONWACC            0.000      0.000      0.144      0.886
    NARACOMP           0.003      0.003      0.888      0.374
    WOLDCOMP           0.003      0.002      1.346      0.178

Class 3

    Observed                                        Two-Tailed
    Variable        Estimate       S.E.  Est./S.E.    P-Value

    NARAACC            0.005      0.005      0.891      0.373
    WORDACC            0.000      0.001      0.213      0.831
    NONWACC            0.000      0.000      0.144      0.886
    NARACOMP           0.003      0.003      0.888      0.374
    WOLDCOMP           0.003      0.002      1.346      0.178

Class 4

    Observed                                        Two-Tailed
    Variable        Estimate       S.E.  Est./S.E.    P-Value

    NARAACC            0.005      0.005      0.891      0.373
    WORDACC            0.000      0.001      0.213      0.831
    NONWACC            0.000      0.000      0.144      0.886
    NARACOMP           0.003      0.003      0.888      0.374
    WOLDCOMP           0.003      0.002      1.346      0.178

Class 5

    Observed                                        Two-Tailed
    Variable        Estimate       S.E.  Est./S.E.    P-Value

    NARAACC            0.005      0.005      0.891      0.373
    WORDACC            0.000      0.001      0.213      0.831
    NONWACC            0.000      0.000      0.144      0.886
    NARACOMP           0.003      0.003      0.888      0.374
    WOLDCOMP           0.003      0.002      1.346      0.178


QUALITY OF NUMERICAL RESULTS

     Condition Number for the Information Matrix              0.104E-07
       (ratio of smallest to largest eigenvalue)


CONFIDENCE INTERVALS OF MODEL RESULTS

                  Lower .5%  Lower 2.5%    Lower 5%    Estimate    Upper 5%  Upper 2.5%   Upper .5%

Latent Class 1

 WORDACC  ON
    F9AGE           -0.016      -0.012      -0.009       0.003       0.016       0.018       0.023

 NONWACC  ON
    F9AGE           -0.028      -0.022      -0.019      -0.003       0.013       0.016       0.023

 NARAACC  ON
    F9AGE           -0.058      -0.014       0.009       0.129       0.249       0.272       0.316

 NARACOMP ON
    F9AGE           -0.025      -0.006       0.004       0.056       0.108       0.118       0.138

 WOLDCOMP ON
    F8AGE            0.001       0.008       0.012       0.030       0.048       0.052       0.058

 NARACOMP WITH
    NARAACC          0.000       0.000       0.000       0.000       0.000       0.000       0.000
    WORDACC          0.000       0.000       0.000       0.000       0.000       0.000       0.000
    NONWACC          0.000       0.000       0.000       0.000       0.000       0.000       0.000
    WOLDCOMP         0.000       0.000       0.000       0.000       0.000       0.000       0.000

 NARAACC  WITH
    WORDACC          0.000       0.000       0.000       0.000       0.000       0.000       0.000
    NONWACC          0.000       0.000       0.000       0.000       0.000       0.000       0.000
    WOLDCOMP         0.000       0.000       0.000       0.000       0.000       0.000       0.000

 WORDACC  WITH
    NONWACC          0.000       0.000       0.000       0.000       0.000       0.000       0.000
    WOLDCOMP         0.000       0.000       0.000       0.000       0.000       0.000       0.000

 NONWACC  WITH
    WOLDCOMP         0.000       0.000       0.000       0.000       0.000       0.000       0.000

 F9AGE    WITH
    F8AGE            2.162       2.416       2.546       3.226       3.906       4.036       4.291

 Means
    F8AGE          103.125     103.227     103.279     103.550     103.821     103.873     103.975
    F9AGE          117.884     117.991     118.046     118.331     118.616     118.671     118.777

 Intercepts
    NARAACC          3.501       8.848      11.583      25.865      40.147      42.881      48.228
    WORDACC          1.444       2.008       2.297       3.805       5.313       5.601       6.166
    NONWACC         -0.242       0.482       0.852       2.784       4.716       5.086       5.809
    NARACOMP         0.507       2.832       4.022      10.234      16.446      17.636      19.961
    WOLDCOMP         0.859       1.563       1.924       3.806       5.688       6.049       6.753

 Variances
    F8AGE            9.477       9.891      10.103      11.211      12.318      12.530      12.945
    F9AGE           13.474      13.809      13.980      14.874      15.767      15.938      16.273

 Residual Variances
    NARAACC         45.309      46.713      47.432      51.184      54.937      55.655      57.060
    WORDACC          1.026       1.053       1.068       1.141       1.215       1.230       1.257
    NONWACC          2.407       2.455       2.479       2.605       2.731       2.756       2.803
    NARACOMP        17.128      17.512      17.709      18.736      19.763      19.959      20.344
    WOLDCOMP         3.081       3.139       3.169       3.323       3.478       3.508       3.565

Latent Class 2

 WORDACC  ON
    F9AGE           -0.016      -0.012      -0.009       0.003       0.016       0.018       0.023

 NONWACC  ON
    F9AGE           -0.028      -0.022      -0.019      -0.003       0.013       0.016       0.023

 NARAACC  ON
    F9AGE           -0.058      -0.014       0.009       0.129       0.249       0.272       0.316

 NARACOMP ON
    F9AGE           -0.025      -0.006       0.004       0.056       0.108       0.118       0.138

 WOLDCOMP ON
    F8AGE            0.001       0.008       0.012       0.030       0.048       0.052       0.058

 NARACOMP WITH
    NARAACC          0.000       0.000       0.000       0.000       0.000       0.000       0.000
    WORDACC          0.000       0.000       0.000       0.000       0.000       0.000       0.000
    NONWACC          0.000       0.000       0.000       0.000       0.000       0.000       0.000
    WOLDCOMP         0.000       0.000       0.000       0.000       0.000       0.000       0.000

 NARAACC  WITH
    WORDACC          0.000       0.000       0.000       0.000       0.000       0.000       0.000
    NONWACC          0.000       0.000       0.000       0.000       0.000       0.000       0.000
    WOLDCOMP         0.000       0.000       0.000       0.000       0.000       0.000       0.000

 WORDACC  WITH
    NONWACC          0.000       0.000       0.000       0.000       0.000       0.000       0.000
    WOLDCOMP         0.000       0.000       0.000       0.000       0.000       0.000       0.000

 NONWACC  WITH
    WOLDCOMP         0.000       0.000       0.000       0.000       0.000       0.000       0.000

 F9AGE    WITH
    F8AGE            2.162       2.416       2.546       3.226       3.906       4.036       4.291

 Means
    F8AGE          103.417     103.510     103.558     103.809     104.059     104.107     104.200
    F9AGE          118.126     118.222     118.271     118.528     118.784     118.833     118.929

 Intercepts
    NARAACC         17.194      22.523      25.250      39.486      53.723      56.449      61.779
    WORDACC          4.437       5.001       5.290       6.796       8.303       8.592       9.156
    NONWACC          1.707       2.429       2.799       4.728       6.657       7.027       7.749
    NARACOMP         5.056       7.370       8.554      14.736      20.917      22.101      24.415
    WOLDCOMP         1.035       1.740       2.101       3.986       5.870       6.231       6.937

 Variances
    F8AGE            9.477       9.891      10.103      11.211      12.318      12.530      12.945
    F9AGE           13.474      13.809      13.980      14.874      15.767      15.938      16.273

 Residual Variances
    NARAACC         45.309      46.713      47.432      51.184      54.937      55.655      57.060
    WORDACC          1.026       1.053       1.068       1.141       1.215       1.230       1.257
    NONWACC          2.407       2.455       2.479       2.605       2.731       2.756       2.803
    NARACOMP        17.128      17.512      17.709      18.736      19.763      19.959      20.344
    WOLDCOMP         3.081       3.139       3.169       3.323       3.478       3.508       3.565

Latent Class 3

 WORDACC  ON
    F9AGE           -0.016      -0.012      -0.009       0.003       0.016       0.018       0.023

 NONWACC  ON
    F9AGE           -0.028      -0.022      -0.019      -0.003       0.013       0.016       0.023

 NARAACC  ON
    F9AGE           -0.058      -0.014       0.009       0.129       0.249       0.272       0.316

 NARACOMP ON
    F9AGE           -0.025      -0.006       0.004       0.056       0.108       0.118       0.138

 WOLDCOMP ON
    F8AGE            0.001       0.008       0.012       0.030       0.048       0.052       0.058

 NARACOMP WITH
    NARAACC          0.000       0.000       0.000       0.000       0.000       0.000       0.000
    WORDACC          0.000       0.000       0.000       0.000       0.000       0.000       0.000
    NONWACC          0.000       0.000       0.000       0.000       0.000       0.000       0.000
    WOLDCOMP         0.000       0.000       0.000       0.000       0.000       0.000       0.000

 NARAACC  WITH
    WORDACC          0.000       0.000       0.000       0.000       0.000       0.000       0.000
    NONWACC          0.000       0.000       0.000       0.000       0.000       0.000       0.000
    WOLDCOMP         0.000       0.000       0.000       0.000       0.000       0.000       0.000

 WORDACC  WITH
    NONWACC          0.000       0.000       0.000       0.000       0.000       0.000       0.000
    WOLDCOMP         0.000       0.000       0.000       0.000       0.000       0.000       0.000

 NONWACC  WITH
    WOLDCOMP         0.000       0.000       0.000       0.000       0.000       0.000       0.000

 F9AGE    WITH
    F8AGE            2.162       2.416       2.546       3.226       3.906       4.036       4.291

 Means
    F8AGE          103.879     104.147     104.285     105.002     105.719     105.856     106.125
    F9AGE          118.171     118.405     118.524     119.150     119.775     119.895     120.129

 Intercepts
    NARAACC        -15.970     -10.627      -7.894       6.380      20.653      23.387      28.730
    WORDACC         -1.741      -1.179      -0.891       0.611       2.114       2.401       2.964
    NONWACC         -1.849      -1.130      -0.762       1.158       3.078       3.445       4.164
    NARACOMP        -7.582      -5.255      -4.065       2.152       8.368       9.558      11.886
    WOLDCOMP         0.103       0.830       1.202       3.145       5.088       5.460       6.188

 Variances
    F8AGE            9.477       9.891      10.103      11.211      12.318      12.530      12.945
    F9AGE           13.474      13.809      13.980      14.874      15.767      15.938      16.273

 Residual Variances
    NARAACC         45.309      46.713      47.432      51.184      54.937      55.655      57.060
    WORDACC          1.026       1.053       1.068       1.141       1.215       1.230       1.257
    NONWACC          2.407       2.455       2.479       2.605       2.731       2.756       2.803
    NARACOMP        17.128      17.512      17.709      18.736      19.763      19.959      20.344
    WOLDCOMP         3.081       3.139       3.169       3.323       3.478       3.508       3.565

Latent Class 4

 WORDACC  ON
    F9AGE           -0.016      -0.012      -0.009       0.003       0.016       0.018       0.023

 NONWACC  ON
    F9AGE           -0.028      -0.022      -0.019      -0.003       0.013       0.016       0.023

 NARAACC  ON
    F9AGE           -0.058      -0.014       0.009       0.129       0.249       0.272       0.316

 NARACOMP ON
    F9AGE           -0.025      -0.006       0.004       0.056       0.108       0.118       0.138

 WOLDCOMP ON
    F8AGE            0.001       0.008       0.012       0.030       0.048       0.052       0.058

 NARACOMP WITH
    NARAACC          0.000       0.000       0.000       0.000       0.000       0.000       0.000
    WORDACC          0.000       0.000       0.000       0.000       0.000       0.000       0.000
    NONWACC          0.000       0.000       0.000       0.000       0.000       0.000       0.000
    WOLDCOMP         0.000       0.000       0.000       0.000       0.000       0.000       0.000

 NARAACC  WITH
    WORDACC          0.000       0.000       0.000       0.000       0.000       0.000       0.000
    NONWACC          0.000       0.000       0.000       0.000       0.000       0.000       0.000
    WOLDCOMP         0.000       0.000       0.000       0.000       0.000       0.000       0.000

 WORDACC  WITH
    NONWACC          0.000       0.000       0.000       0.000       0.000       0.000       0.000
    WOLDCOMP         0.000       0.000       0.000       0.000       0.000       0.000       0.000

 NONWACC  WITH
    WOLDCOMP         0.000       0.000       0.000       0.000       0.000       0.000       0.000

 F9AGE    WITH
    F8AGE            2.162       2.416       2.546       3.226       3.906       4.036       4.291

 Means
    F8AGE          102.967     103.037     103.072     103.259     103.446     103.482     103.552
    F9AGE          118.256     118.354     118.404     118.664     118.925     118.975     119.073

 Intercepts
    NARAACC         50.187      55.519      58.247      72.489      86.732      89.459      94.791
    WORDACC          6.767       7.320       7.603       9.082      10.560      10.844      11.397
    NONWACC          4.734       5.451       5.817       7.731       9.645      10.012      10.728
    NARACOMP        16.337      18.653      19.837      26.023      32.208      33.393      35.708
    WOLDCOMP         2.433       3.133       3.491       5.360       7.230       7.588       8.288

 Variances
    F8AGE            9.477       9.891      10.103      11.211      12.318      12.530      12.945
    F9AGE           13.474      13.809      13.980      14.874      15.767      15.938      16.273

 Residual Variances
    NARAACC         45.309      46.713      47.432      51.184      54.937      55.655      57.060
    WORDACC          1.026       1.053       1.068       1.141       1.215       1.230       1.257
    NONWACC          2.407       2.455       2.479       2.605       2.731       2.756       2.803
    NARACOMP        17.128      17.512      17.709      18.736      19.763      19.959      20.344
    WOLDCOMP         3.081       3.139       3.169       3.323       3.478       3.508       3.565

Latent Class 5

 WORDACC  ON
    F9AGE           -0.016      -0.012      -0.009       0.003       0.016       0.018       0.023

 NONWACC  ON
    F9AGE           -0.028      -0.022      -0.019      -0.003       0.013       0.016       0.023

 NARAACC  ON
    F9AGE           -0.058      -0.014       0.009       0.129       0.249       0.272       0.316

 NARACOMP ON
    F9AGE           -0.025      -0.006       0.004       0.056       0.108       0.118       0.138

 WOLDCOMP ON
    F8AGE            0.001       0.008       0.012       0.030       0.048       0.052       0.058

 NARACOMP WITH
    NARAACC          0.000       0.000       0.000       0.000       0.000       0.000       0.000
    WORDACC          0.000       0.000       0.000       0.000       0.000       0.000       0.000
    NONWACC          0.000       0.000       0.000       0.000       0.000       0.000       0.000
    WOLDCOMP         0.000       0.000       0.000       0.000       0.000       0.000       0.000

 NARAACC  WITH
    WORDACC          0.000       0.000       0.000       0.000       0.000       0.000       0.000
    NONWACC          0.000       0.000       0.000       0.000       0.000       0.000       0.000
    WOLDCOMP         0.000       0.000       0.000       0.000       0.000       0.000       0.000

 WORDACC  WITH
    NONWACC          0.000       0.000       0.000       0.000       0.000       0.000       0.000
    WOLDCOMP         0.000       0.000       0.000       0.000       0.000       0.000       0.000

 NONWACC  WITH
    WOLDCOMP         0.000       0.000       0.000       0.000       0.000       0.000       0.000

 F9AGE    WITH
    F8AGE            2.162       2.416       2.546       3.226       3.906       4.036       4.291

 Means
    F8AGE          103.275     103.357     103.399     103.618     103.836     103.878     103.960
    F9AGE          118.391     118.479     118.525     118.760     118.996     119.041     119.130

 Intercepts
    NARAACC         35.743      41.077      43.806      58.054      72.303      75.032      80.366
    WORDACC          5.854       6.412       6.697       8.187       9.676       9.961      10.519
    NONWACC          3.089       3.814       4.185       6.122       8.059       8.430       9.155
    NARACOMP        10.415      12.729      13.913      20.094      26.276      27.459      29.773
    WOLDCOMP         1.313       2.018       2.378       4.261       6.143       6.504       7.208

 Variances
    F8AGE            9.477       9.891      10.103      11.211      12.318      12.530      12.945
    F9AGE           13.474      13.809      13.980      14.874      15.767      15.938      16.273

 Residual Variances
    NARAACC         45.309      46.713      47.432      51.184      54.937      55.655      57.060
    WORDACC          1.026       1.053       1.068       1.141       1.215       1.230       1.257
    NONWACC          2.407       2.455       2.479       2.605       2.731       2.756       2.803
    NARACOMP        17.128      17.512      17.709      18.736      19.763      19.959      20.344
    WOLDCOMP         3.081       3.139       3.169       3.323       3.478       3.508       3.565

Categorical Latent Variables

 Means
    C#1             -1.027      -0.975      -0.948      -0.809      -0.669      -0.642      -0.590
    C#2             -0.463      -0.423      -0.403      -0.297      -0.191      -0.171      -0.131
    C#3             -2.029      -1.965      -1.933      -1.763      -1.592      -1.560      -1.496
    C#4             -0.280      -0.225      -0.197      -0.050       0.097       0.125       0.180


CONFIDENCE INTERVALS OF STANDARDIZED MODEL RESULTS


STDYX Standardization

                  Lower .5%  Lower 2.5%    Lower 5%    Estimate    Upper 5%  Upper 2.5%   Upper .5%

Latent Class 1

 WORDACC  ON
    F9AGE           -0.059      -0.042      -0.033       0.012       0.057       0.065       0.082

 NONWACC  ON
    F9AGE           -0.067      -0.053      -0.045      -0.007       0.032       0.039       0.054

 NARAACC  ON
    F9AGE           -0.031      -0.007       0.005       0.069       0.133       0.146       0.170

 NARACOMP ON
    F9AGE           -0.023      -0.005       0.004       0.050       0.096       0.105       0.123

 WOLDCOMP ON
    F8AGE            0.002       0.015       0.021       0.055       0.088       0.095       0.107

 NARACOMP WITH
    NARAACC          0.000       0.000       0.000       0.000       0.000       0.000       0.000
    WORDACC          0.000       0.000       0.000       0.000       0.000       0.000       0.000
    NONWACC          0.000       0.000       0.000       0.000       0.000       0.000       0.000
    WOLDCOMP         0.000       0.000       0.000       0.000       0.000       0.000       0.000

 NARAACC  WITH
    WORDACC          0.000       0.000       0.000       0.000       0.000       0.000       0.000
    NONWACC          0.000       0.000       0.000       0.000       0.000       0.000       0.000
    WOLDCOMP         0.000       0.000       0.000       0.000       0.000       0.000       0.000

 WORDACC  WITH
    NONWACC          0.000       0.000       0.000       0.000       0.000       0.000       0.000
    WOLDCOMP         0.000       0.000       0.000       0.000       0.000       0.000       0.000

 NONWACC  WITH
    WOLDCOMP         0.000       0.000       0.000       0.000       0.000       0.000       0.000

 F9AGE    WITH
    F8AGE            0.181       0.198       0.206       0.250       0.294       0.302       0.318

 Means
    F8AGE           28.559      29.125      29.414      30.927      32.439      32.728      33.295
    F9AGE           29.251      29.594      29.769      30.682      31.596      31.771      32.113

 Intercepts
    NARAACC          0.436       1.194       1.582       3.607       5.631       6.019       6.777
    WORDACC          1.345       1.874       2.145       3.561       4.977       5.248       5.778
    NONWACC         -0.146       0.302       0.530       1.725       2.919       3.148       3.595
    NARACOMP         0.109       0.647       0.923       2.361       3.800       4.075       4.614
    WOLDCOMP         0.465       0.852       1.050       2.085       3.119       3.317       3.704

 Variances
    F8AGE            1.000       1.000       1.000       1.000       1.000       1.000       1.000
    F9AGE            1.000       1.000       1.000       1.000       1.000       1.000       1.000

 Residual Variances
    NARAACC          0.981       0.985       0.986       0.995       1.004       1.006       1.009
    WORDACC          0.998       0.999       0.999       1.000       1.001       1.001       1.002
    NONWACC          0.999       0.999       0.999       1.000       1.000       1.001       1.001
    NARACOMP         0.990       0.992       0.993       0.997       1.002       1.003       1.005
    WOLDCOMP         0.991       0.993       0.993       0.997       1.001       1.001       1.003

Latent Class 2

 WORDACC  ON
    F9AGE           -0.059      -0.042      -0.033       0.012       0.057       0.065       0.082

 NONWACC  ON
    F9AGE           -0.067      -0.053      -0.045      -0.007       0.032       0.039       0.054

 NARAACC  ON
    F9AGE           -0.031      -0.007       0.005       0.069       0.133       0.146       0.170

 NARACOMP ON
    F9AGE           -0.023      -0.005       0.004       0.050       0.096       0.105       0.123

 WOLDCOMP ON
    F8AGE            0.002       0.015       0.021       0.055       0.088       0.095       0.107

 NARACOMP WITH
    NARAACC          0.000       0.000       0.000       0.000       0.000       0.000       0.000
    WORDACC          0.000       0.000       0.000       0.000       0.000       0.000       0.000
    NONWACC          0.000       0.000       0.000       0.000       0.000       0.000       0.000
    WOLDCOMP         0.000       0.000       0.000       0.000       0.000       0.000       0.000

 NARAACC  WITH
    WORDACC          0.000       0.000       0.000       0.000       0.000       0.000       0.000
    NONWACC          0.000       0.000       0.000       0.000       0.000       0.000       0.000
    WOLDCOMP         0.000       0.000       0.000       0.000       0.000       0.000       0.000

 WORDACC  WITH
    NONWACC          0.000       0.000       0.000       0.000       0.000       0.000       0.000
    WOLDCOMP         0.000       0.000       0.000       0.000       0.000       0.000       0.000

 NONWACC  WITH
    WOLDCOMP         0.000       0.000       0.000       0.000       0.000       0.000       0.000

 F9AGE    WITH
    F8AGE            0.181       0.198       0.206       0.250       0.294       0.302       0.318

 Means
    F8AGE           28.649      29.212      29.500      31.004      32.508      32.796      33.359
    F9AGE           29.306      29.648      29.822      30.733      31.645      31.819      32.160

 Intercepts
    NARAACC          2.311       3.075       3.465       5.506       7.546       7.937       8.701
    WORDACC          4.135       4.667       4.939       6.361       7.782       8.055       8.587
    NONWACC          1.062       1.509       1.737       2.929       4.122       4.350       4.796
    NARACOMP         1.153       1.690       1.965       3.400       4.835       5.110       5.647
    WOLDCOMP         0.561       0.948       1.147       2.183       3.219       3.418       3.805

 Variances
    F8AGE            1.000       1.000       1.000       1.000       1.000       1.000       1.000
    F9AGE            1.000       1.000       1.000       1.000       1.000       1.000       1.000

 Residual Variances
    NARAACC          0.981       0.985       0.986       0.995       1.004       1.006       1.009
    WORDACC          0.998       0.999       0.999       1.000       1.001       1.001       1.002
    NONWACC          0.999       0.999       0.999       1.000       1.000       1.001       1.001
    NARACOMP         0.990       0.992       0.993       0.997       1.002       1.003       1.005
    WOLDCOMP         0.991       0.993       0.993       0.997       1.001       1.001       1.003

Latent Class 3

 WORDACC  ON
    F9AGE           -0.059      -0.042      -0.033       0.012       0.057       0.065       0.082

 NONWACC  ON
    F9AGE           -0.067      -0.053      -0.045      -0.007       0.032       0.039       0.054

 NARAACC  ON
    F9AGE           -0.031      -0.007       0.005       0.069       0.133       0.146       0.170

 NARACOMP ON
    F9AGE           -0.023      -0.005       0.004       0.050       0.096       0.105       0.123

 WOLDCOMP ON
    F8AGE            0.002       0.015       0.021       0.055       0.088       0.095       0.107

 NARACOMP WITH
    NARAACC          0.000       0.000       0.000       0.000       0.000       0.000       0.000
    WORDACC          0.000       0.000       0.000       0.000       0.000       0.000       0.000
    NONWACC          0.000       0.000       0.000       0.000       0.000       0.000       0.000
    WOLDCOMP         0.000       0.000       0.000       0.000       0.000       0.000       0.000

 NARAACC  WITH
    WORDACC          0.000       0.000       0.000       0.000       0.000       0.000       0.000
    NONWACC          0.000       0.000       0.000       0.000       0.000       0.000       0.000
    WOLDCOMP         0.000       0.000       0.000       0.000       0.000       0.000       0.000

 WORDACC  WITH
    NONWACC          0.000       0.000       0.000       0.000       0.000       0.000       0.000
    WOLDCOMP         0.000       0.000       0.000       0.000       0.000       0.000       0.000

 NONWACC  WITH
    WOLDCOMP         0.000       0.000       0.000       0.000       0.000       0.000       0.000

 F9AGE    WITH
    F8AGE            0.181       0.198       0.206       0.250       0.294       0.302       0.318

 Means
    F8AGE           28.999      29.564      29.852      31.360      32.868      33.156      33.721
    F9AGE           29.473      29.813      29.987      30.895      31.803      31.977      32.316

 Intercepts
    NARAACC         -2.238      -1.491      -1.108       0.890       2.887       3.270       4.018
    WORDACC         -1.630      -1.104      -0.834       0.572       1.978       2.248       2.774
    NONWACC         -1.143      -0.699      -0.471       0.717       1.905       2.133       2.578
    NARACOMP        -1.751      -1.214      -0.939       0.496       1.932       2.206       2.744
    WOLDCOMP         0.052       0.452       0.656       1.723       2.789       2.994       3.393

 Variances
    F8AGE            1.000       1.000       1.000       1.000       1.000       1.000       1.000
    F9AGE            1.000       1.000       1.000       1.000       1.000       1.000       1.000

 Residual Variances
    NARAACC          0.981       0.985       0.986       0.995       1.004       1.006       1.009
    WORDACC          0.998       0.999       0.999       1.000       1.001       1.001       1.002
    NONWACC          0.999       0.999       0.999       1.000       1.000       1.001       1.001
    NARACOMP         0.990       0.992       0.993       0.997       1.002       1.003       1.005
    WOLDCOMP         0.991       0.993       0.993       0.997       1.001       1.001       1.003

Latent Class 4

 WORDACC  ON
    F9AGE           -0.059      -0.042      -0.033       0.012       0.057       0.065       0.082

 NONWACC  ON
    F9AGE           -0.067      -0.053      -0.045      -0.007       0.032       0.039       0.054

 NARAACC  ON
    F9AGE           -0.031      -0.007       0.005       0.069       0.133       0.146       0.170

 NARACOMP ON
    F9AGE           -0.023      -0.005       0.004       0.050       0.096       0.105       0.123

 WOLDCOMP ON
    F8AGE            0.002       0.015       0.021       0.055       0.088       0.095       0.107

 NARACOMP WITH
    NARAACC          0.000       0.000       0.000       0.000       0.000       0.000       0.000
    WORDACC          0.000       0.000       0.000       0.000       0.000       0.000       0.000
    NONWACC          0.000       0.000       0.000       0.000       0.000       0.000       0.000
    WOLDCOMP         0.000       0.000       0.000       0.000       0.000       0.000       0.000

 NARAACC  WITH
    WORDACC          0.000       0.000       0.000       0.000       0.000       0.000       0.000
    NONWACC          0.000       0.000       0.000       0.000       0.000       0.000       0.000
    WOLDCOMP         0.000       0.000       0.000       0.000       0.000       0.000       0.000

 WORDACC  WITH
    NONWACC          0.000       0.000       0.000       0.000       0.000       0.000       0.000
    WOLDCOMP         0.000       0.000       0.000       0.000       0.000       0.000       0.000

 NONWACC  WITH
    WOLDCOMP         0.000       0.000       0.000       0.000       0.000       0.000       0.000

 F9AGE    WITH
    F8AGE            0.181       0.198       0.206       0.250       0.294       0.302       0.318

 Means
    F8AGE           28.485      29.048      29.336      30.840      32.344      32.632      33.195
    F9AGE           29.343      29.684      29.858      30.769      31.680      31.854      32.195

 Intercepts
    NARAACC          6.818       7.605       8.007      10.108      12.209      12.611      13.397
    WORDACC          6.281       6.812       7.083       8.500       9.917      10.188      10.719
    NONWACC          2.935       3.379       3.605       4.790       5.974       6.201       6.645
    NARACOMP         3.732       4.275       4.553       6.004       7.456       7.734       8.277
    WOLDCOMP         1.322       1.708       1.905       2.936       3.967       4.164       4.550

 Variances
    F8AGE            1.000       1.000       1.000       1.000       1.000       1.000       1.000
    F9AGE            1.000       1.000       1.000       1.000       1.000       1.000       1.000

 Residual Variances
    NARAACC          0.981       0.985       0.986       0.995       1.004       1.006       1.009
    WORDACC          0.998       0.999       0.999       1.000       1.001       1.001       1.002
    NONWACC          0.999       0.999       0.999       1.000       1.000       1.001       1.001
    NARACOMP         0.990       0.992       0.993       0.997       1.002       1.003       1.005
    WOLDCOMP         0.991       0.993       0.993       0.997       1.001       1.001       1.003

Latent Class 5

 WORDACC  ON
    F9AGE           -0.059      -0.042      -0.033       0.012       0.057       0.065       0.082

 NONWACC  ON
    F9AGE           -0.067      -0.053      -0.045      -0.007       0.032       0.039       0.054

 NARAACC  ON
    F9AGE           -0.031      -0.007       0.005       0.069       0.133       0.146       0.170

 NARACOMP ON
    F9AGE           -0.023      -0.005       0.004       0.050       0.096       0.105       0.123

 WOLDCOMP ON
    F8AGE            0.002       0.015       0.021       0.055       0.088       0.095       0.107

 NARACOMP WITH
    NARAACC          0.000       0.000       0.000       0.000       0.000       0.000       0.000
    WORDACC          0.000       0.000       0.000       0.000       0.000       0.000       0.000
    NONWACC          0.000       0.000       0.000       0.000       0.000       0.000       0.000
    WOLDCOMP         0.000       0.000       0.000       0.000       0.000       0.000       0.000

 NARAACC  WITH
    WORDACC          0.000       0.000       0.000       0.000       0.000       0.000       0.000
    NONWACC          0.000       0.000       0.000       0.000       0.000       0.000       0.000
    WOLDCOMP         0.000       0.000       0.000       0.000       0.000       0.000       0.000

 WORDACC  WITH
    NONWACC          0.000       0.000       0.000       0.000       0.000       0.000       0.000
    WOLDCOMP         0.000       0.000       0.000       0.000       0.000       0.000       0.000

 NONWACC  WITH
    WOLDCOMP         0.000       0.000       0.000       0.000       0.000       0.000       0.000

 F9AGE    WITH
    F8AGE            0.181       0.198       0.206       0.250       0.294       0.302       0.318

 Means
    F8AGE           28.597      29.159      29.446      30.947      32.447      32.734      33.296
    F9AGE           29.373      29.713      29.887      30.794      31.701      31.875      32.214

 Intercepts
    NARAACC          4.849       5.625       6.022       8.095      10.168      10.565      11.341
    WORDACC          5.435       5.968       6.240       7.662       9.084       9.356       9.888
    NONWACC          1.919       2.367       2.596       3.793       4.990       5.219       5.667
    NARACOMP         2.382       2.921       3.197       4.636       6.076       6.352       6.891
    WOLDCOMP         0.714       1.101       1.299       2.334       3.368       3.566       3.954

 Variances
    F8AGE            1.000       1.000       1.000       1.000       1.000       1.000       1.000
    F9AGE            1.000       1.000       1.000       1.000       1.000       1.000       1.000

 Residual Variances
    NARAACC          0.981       0.985       0.986       0.995       1.004       1.006       1.009
    WORDACC          0.998       0.999       0.999       1.000       1.001       1.001       1.002
    NONWACC          0.999       0.999       0.999       1.000       1.000       1.001       1.001
    NARACOMP         0.990       0.992       0.993       0.997       1.002       1.003       1.005
    WOLDCOMP         0.991       0.993       0.993       0.997       1.001       1.001       1.003


TECHNICAL 7 OUTPUT


     SAMPLE STATISTICS WEIGHTED BY ESTIMATED CLASS PROBABILITIES FOR CLASS 1


           Means
              NARAACC       WORDACC       NONWACC       NARACOMP      WOLDCOMP
              ________      ________      ________      ________      ________
               41.131         4.187         2.449        16.895         6.900


           Means
              F8AGE         F9AGE
              ________      ________
              103.453       118.331


           Covariances
              NARAACC       WORDACC       NONWACC       NARACOMP      WOLDCOMP
              ________      ________      ________      ________      ________
 NARAACC       53.318
 WORDACC        0.951         1.705
 NONWACC        0.977         0.239         2.334
 NARACOMP      15.207         0.203        -0.303        13.611
 WOLDCOMP      -0.417         0.107        -0.510         2.547         3.110
 F8AGE          3.896         2.083        -2.145        20.301         0.185
 F9AGE         -0.091         0.083        -0.168         0.157        -3.481


           Covariances
              F8AGE         F9AGE
              ________      ________
 F8AGE          8.909
 F9AGE        -44.764        12.469


     SAMPLE STATISTICS WEIGHTED BY ESTIMATED CLASS PROBABILITIES FOR CLASS 2


           Means
              NARAACC       WORDACC       NONWACC       NARACOMP      WOLDCOMP
              ________      ________      ________      ________      ________
               54.779         7.179         4.393        21.408         7.089


           Means
              F8AGE         F9AGE
              ________      ________
              103.743       118.528


           Covariances
              NARAACC       WORDACC       NONWACC       NARACOMP      WOLDCOMP
              ________      ________      ________      ________      ________
 NARAACC       51.970
 WORDACC       -0.025         1.565
 NONWACC        0.481         0.374         2.823
 NARACOMP       8.575        -0.433        -0.561        17.146
 WOLDCOMP      -1.487         0.091        -0.191         2.624         3.250
 F8AGE         -3.055        -0.670         0.384         8.567         0.602
 F9AGE          1.078         0.113         0.282         1.103        -2.289


           Covariances
              F8AGE         F9AGE
              ________      ________
 F8AGE         12.195
 F9AGE        -27.795        13.885


     SAMPLE STATISTICS WEIGHTED BY ESTIMATED CLASS PROBABILITIES FOR CLASS 3


           Means
              NARAACC       WORDACC       NONWACC       NARACOMP      WOLDCOMP
              ________      ________      ________      ________      ________
               21.753         0.996         0.821         8.859         6.283


           Means
              F8AGE         F9AGE
              ________      ________
              104.865       119.150


           Covariances
              NARAACC       WORDACC       NONWACC       NARACOMP      WOLDCOMP
              ________      ________      ________      ________      ________
 NARAACC       63.162
 WORDACC        2.460         1.002
 NONWACC        2.562         0.294         1.038
 NARACOMP      24.194         1.338         1.161        16.526
 WOLDCOMP       0.392         0.454         0.503         1.368         3.610
 F8AGE         15.061         6.853         3.741         9.257        -0.208
 F9AGE          3.265         0.078         0.703         0.884        -4.721


           Covariances
              F8AGE         F9AGE
              ________      ________
 F8AGE         22.160
 F9AGE        -61.026        21.684


     SAMPLE STATISTICS WEIGHTED BY ESTIMATED CLASS PROBABILITIES FOR CLASS 4


           Means
              NARAACC       WORDACC       NONWACC       NARACOMP      WOLDCOMP
              ________      ________      ________      ________      ________
               87.799         9.465         7.396        32.703         8.448


           Means
              F8AGE         F9AGE
              ________      ________
              103.198       118.664


           Covariances
              NARAACC       WORDACC       NONWACC       NARACOMP      WOLDCOMP
              ________      ________      ________      ________      ________
 NARAACC       37.601
 WORDACC        0.764         0.542
 NONWACC        1.910         0.389         2.211
 NARACOMP       5.407        -0.095        -0.378        20.306
 WOLDCOMP       0.763         0.057        -0.166         3.367         3.729
 F8AGE         -1.246         1.235        -0.372         4.245         0.243
 F9AGE          3.188        -0.019        -0.037         0.578        -2.802


           Covariances
              F8AGE         F9AGE
              ________      ________
 F8AGE          9.057
 F9AGE        -27.266        14.993


     SAMPLE STATISTICS WEIGHTED BY ESTIMATED CLASS PROBABILITIES FOR CLASS 5


           Means
              NARAACC       WORDACC       NONWACC       NARACOMP      WOLDCOMP
              ________      ________      ________      ________      ________
               73.377         8.570         5.786        26.780         7.358


           Means
              F8AGE         F9AGE
              ________      ________
              103.543       118.760


           Covariances
              NARAACC       WORDACC       NONWACC       NARACOMP      WOLDCOMP
              ________      ________      ________      ________      ________
 NARAACC       61.335
 WORDACC       -0.022         1.170
 NONWACC       -0.136         0.620         3.197
 NARACOMP       1.809        -0.795        -1.701        21.242
 WOLDCOMP      -0.985        -0.160        -0.389         2.723         3.059
 F8AGE          7.215         0.682         1.974         4.169         0.062
 F9AGE          2.000        -0.030        -0.422         1.182        -3.075


           Covariances
              F8AGE         F9AGE
              ________      ________
 F8AGE         11.560
 F9AGE        -32.167        15.397


TECHNICAL 11 OUTPUT

     Random Starts Specifications for the k-1 Class Analysis Model
        Number of initial stage random starts                  20
        Number of final stage optimizations                     4



     VUONG-LO-MENDELL-RUBIN LIKELIHOOD RATIO TEST FOR 4 (H0) VERSUS 5 CLASSES

          H0 Loglikelihood Value                       -60539.000
          2 Times the Loglikelihood Difference            655.174
          Difference in the Number of Parameters                8
          Mean                                            -88.396
          Standard Deviation                              169.649
          P-Value                                          0.0000

     LO-MENDELL-RUBIN ADJUSTED LRT TEST

          Value                                           645.263
          P-Value                                          0.0000


TECHNICAL 14 OUTPUT

     Random Starts Specifications for the k-1 Class Analysis Model
        Number of initial stage random starts                  20
        Number of final stage optimizations                     4

     Random Starts Specification for the k-1 Class Model for Generated Data
        Number of initial stage random starts                   0
        Number of final stage optimizations for the
           initial stage random starts                          0
     Random Starts Specification for the k Class Model for Generated Data
        Number of initial stage random starts                 100
        Number of final stage optimizations                    20
     Number of bootstrap draws requested                   Varies


     PARAMETRIC BOOTSTRAPPED LIKELIHOOD RATIO TEST FOR 4 (H0) VERSUS 5 CLASSES

          H0 Loglikelihood Value                       -60539.000
          2 Times the Loglikelihood Difference            655.174
          Difference in the Number of Parameters                8
          Approximate P-Value                              0.0000
          Successful Bootstrap Draws                            5

     WARNING:  OF THE 5 BOOTSTRAP DRAWS, 3 DRAWS HAD BOTH A SMALLER LRT VALUE THAN THE
     OBSERVED LRT VALUE AND NOT A REPLICATED BEST LOGLIKELIHOOD VALUE FOR THE 5-CLASS MODEL.
     THIS MEANS THAT THE P-VALUE MAY NOT BE TRUSTWORTHY DUE TO LOCAL MAXIMA.
     INCREASE THE NUMBER OF RANDOM STARTS USING THE LRTSTARTS OPTION.



PLOT INFORMATION

The following plots are available:

  Histograms (sample values)
  Scatterplots (sample values)
  Estimated overall and class-specific distributions

SAVEDATA INFORMATION


  Save file
    sv_lpa_a_5class.dat

  Order and format of variables

    NARAACC        F10.3
    WORDACC        F10.3
    NONWACC        F10.3
    NARACOMP       F10.3
    WOLDCOMP       F10.3
    F8AGE          F10.3
    F9AGE          F10.3
    CPROB1         F10.3
    CPROB2         F10.3
    CPROB3         F10.3
    CPROB4         F10.3
    CPROB5         F10.3
    C              F10.3
    CIDB3153       I6

  Save file format
    13F10.3 I6

  Save file record length    10000

  Save missing symbol        *


     Beginning Time:  15:48:08
        Ending Time:  15:49:36
       Elapsed Time:  00:01:28



MUTHEN & MUTHEN
3463 Stoner Ave.
Los Angeles, CA  90066

Tel: (310) 391-9971
Fax: (310) 391-8971
Web: www.StatModel.com
Support: Support@StatModel.com

Copyright (c) 1998-2020 Muthen & Muthen
