Mplus VERSION 8.5
MUTHEN & MUTHEN
08/18/2021   9:22 AM

INPUT INSTRUCTIONS

  TITLE:
   Confirmatory Factor Analysis - modification1 comprehension tasks;
  DATA:
  FILE = "./mplus_models/simpview/shape/cfa_scores_4207ee4cbb6da0549ec57a8754c3fece.dat";

  VARIABLE:
  NAMES = cidB3153 naraComp naraAcc combAcc woldComp f8age f9age;
   MISSING=.;
   idvariable = cidB3153;
  ANALYSIS:
  estimator = mlr; type = general;
  MODEL:
  f8age; f9age;
             G by combAcc naraAcc naraComp woldComp;
             combAcc naraAcc naraComp on f9age;
             woldComp on f8age;
   woldComp with naraComp;
  OUTPUT:
  sampstat; TECH1; TECH4; stdyx; modindices;
  SAVEDATA:
   FILE IS shape_cfa_scores2.dat; SAVE = fscores;
  PLOT:
  TYPE = PLOT3;



INPUT READING TERMINATED NORMALLY




Confirmatory Factor Analysis - modification1 comprehension tasks;

SUMMARY OF ANALYSIS

Number of groups                                                 1
Number of observations                                        3423

Number of dependent variables                                    4
Number of independent variables                                  2
Number of continuous latent variables                            1

Observed dependent variables

  Continuous
   NARACOMP    NARAACC     COMBACC     WOLDCOMP

Observed independent variables
   F8AGE       F9AGE

Continuous latent variables
   G

Variables with special functions

  ID variable           CIDB3153

Estimator                                                      MLR
Information matrix                                        OBSERVED
Maximum number of iterations                                  1000
Convergence criterion                                    0.500D-04
Maximum number of steepest descent iterations                   20
Maximum number of iterations for H1                           2000
Convergence criterion for H1                             0.100D-03

Input data file(s)
  ./mplus_models/simpview/shape/cfa_scores_4207ee4cbb6da0549ec57a8754c3fece.dat

Input data format  FREE


SUMMARY OF DATA

     Number of missing data patterns             5


COVARIANCE COVERAGE OF DATA

Minimum covariance coverage value   0.100


     PROPORTION OF DATA PRESENT


           Covariance Coverage
              NARACOMP      NARAACC       COMBACC       WOLDCOMP      F8AGE
              ________      ________      ________      ________      ________
 NARACOMP       1.000
 NARAACC        1.000         1.000
 COMBACC        0.996         0.996         0.996
 WOLDCOMP       0.852         0.852         0.850         0.852
 F8AGE          0.861         0.861         0.858         0.852         0.861
 F9AGE          1.000         1.000         0.996         0.852         0.861


           Covariance Coverage
              F9AGE
              ________
 F9AGE          1.000


SAMPLE STATISTICS


     ESTIMATED SAMPLE STATISTICS


           Means
              NARACOMP      NARAACC       COMBACC       WOLDCOMP      F8AGE
              ________      ________      ________      ________      ________
               25.018        66.334        12.768         7.471       103.622


           Means
              F9AGE
              ________
              118.643


           Covariances
              NARACOMP      NARAACC       COMBACC       WOLDCOMP      F8AGE
              ________      ________      ________      ________      ________
 NARACOMP      62.018
 NARAACC      132.691       417.180
 COMBACC       25.579        78.994        21.689
 WOLDCOMP       6.318        11.312         2.055         3.776
 F8AGE         -2.180        -5.099        -1.020         0.122        11.348
 F9AGE          0.957         2.487         0.094        -0.388         3.253


           Covariances
              F9AGE
              ________
 F9AGE         14.907


           Correlations
              NARACOMP      NARAACC       COMBACC       WOLDCOMP      F8AGE
              ________      ________      ________      ________      ________
 NARACOMP       1.000
 NARAACC        0.825         1.000
 COMBACC        0.697         0.830         1.000
 WOLDCOMP       0.413         0.285         0.227         1.000
 F8AGE         -0.082        -0.074        -0.065         0.019         1.000
 F9AGE          0.031         0.032         0.005        -0.052         0.250


           Correlations
              F9AGE
              ________
 F9AGE          1.000


     MAXIMUM LOG-LIKELIHOOD VALUE FOR THE UNRESTRICTED (H1) MODEL IS -56132.548


UNIVARIATE SAMPLE STATISTICS


     UNIVARIATE HIGHER-ORDER MOMENT DESCRIPTIVE STATISTICS

         Variable/         Mean/     Skewness/   Minimum/ % with                Percentiles
        Sample Size      Variance    Kurtosis    Maximum  Min/Max      20%/60%    40%/80%    Median

     NARACOMP             25.018      -0.273       0.000    0.09%      18.000     23.000     25.000
            3423.000      62.018      -0.237      44.000    0.03%      28.000     32.000
     NARAACC              66.334      -0.525       0.000    0.06%      48.000     62.000     69.000
            3423.000     417.180      -0.469     100.000    0.06%      76.000     86.000
     COMBACC              12.788      -0.783       0.000    1.44%       9.000     13.000     14.000
            3408.000      21.534      -0.011      20.000    1.44%      15.000     17.000
     WOLDCOMP              7.517       0.082       2.000    0.41%       6.000      7.000      7.000
            2917.000       3.758       0.190      15.000    0.03%       8.000      9.000
     F8AGE               103.533       2.579      94.000    0.03%     102.000    102.000    103.000
            2947.000      11.227       8.561     126.000    0.03%     103.000    105.000
     F9AGE               118.643       1.305     105.000    0.03%     116.000    117.000    118.000
            3423.000      14.907       2.626     139.000    0.06%     119.000    121.000


THE MODEL ESTIMATION TERMINATED NORMALLY



MODEL FIT INFORMATION

Number of Free Parameters                       24

Loglikelihood

          H0 Value                      -56136.227
          H0 Scaling Correction Factor      1.2790
            for MLR
          H1 Value                      -56132.548
          H1 Scaling Correction Factor      1.2480
            for MLR

Information Criteria

          Akaike (AIC)                  112320.453
          Bayesian (BIC)                112467.772
          Sample-Size Adjusted BIC      112391.513
            (n* = (n + 2) / 24)

Chi-Square Test of Model Fit

          Value                              7.356*
          Degrees of Freedom                     3
          P-Value                           0.0614
          Scaling Correction Factor         1.0001
            for MLR

*   The chi-square value for MLM, MLMV, MLR, ULSMV, WLSM and WLSMV cannot be used
    for chi-square difference testing in the regular way.  MLM, MLR and WLSM
    chi-square difference testing is described on the Mplus website.  MLMV, WLSMV,
    and ULSMV difference testing is done using the DIFFTEST option.

RMSEA (Root Mean Square Error Of Approximation)

          Estimate                           0.021
          90 Percent C.I.                    0.000  0.040
          Probability RMSEA <= .05           0.996

CFI/TLI

          CFI                                0.999
          TLI                                0.997

Chi-Square Test of Model Fit for the Baseline Model

          Value                           8145.139
          Degrees of Freedom                    14
          P-Value                           0.0000

SRMR (Standardized Root Mean Square Residual)

          Value                              0.006



MODEL RESULTS

                                                    Two-Tailed
                    Estimate       S.E.  Est./S.E.    P-Value

 G        BY
    COMBACC            1.000      0.000    999.000    999.000
    NARAACC            5.171      0.068     76.183      0.000
    NARACOMP           1.678      0.024     69.685      0.000
    WOLDCOMP           0.147      0.009     15.482      0.000

 COMBACC  ON
    F9AGE              0.248      0.067      3.709      0.000

 NARAACC  ON
    F9AGE              1.415      0.339      4.172      0.000

 NARACOMP ON
    F9AGE              0.469      0.107      4.405      0.000

 WOLDCOMP ON
    F8AGE              0.042      0.010      4.045      0.000

 F8AGE    WITH
    G                 -1.884      0.360     -5.229      0.000

 F9AGE    WITH
    G                 -3.598      1.017     -3.539      0.000

 WOLDCOMP WITH
    NARACOMP           2.686      0.157     17.158      0.000

 F9AGE    WITH
    F8AGE              3.256      0.421      7.739      0.000

 Means
    F8AGE            103.620      0.067   1551.258      0.000
    F9AGE            118.643      0.066   1797.817      0.000

 Intercepts
    NARACOMP         -30.656     12.643     -2.425      0.015
    NARAACC         -101.559     40.256     -2.523      0.012
    COMBACC          -16.626      7.929     -2.097      0.036
    WOLDCOMP           3.140      1.070      2.935      0.003

 Variances
    F8AGE             11.349      0.688     16.500      0.000
    F9AGE             14.907      0.548     27.201      0.000
    G                 16.139      0.740     21.800      0.000

 Residual Variances
    NARACOMP          18.954      0.595     31.844      0.000
    NARAACC            8.359      3.212      2.602      0.009
    COMBACC            6.417      0.196     32.713      0.000
    WOLDCOMP           3.439      0.093     37.053      0.000


STANDARDIZED MODEL RESULTS


STDYX Standardization

                                                    Two-Tailed
                    Estimate       S.E.  Est./S.E.    P-Value

 G        BY
    COMBACC            0.863      0.014     59.620      0.000
    NARAACC            1.017      0.016     63.466      0.000
    NARACOMP           0.856      0.014     59.326      0.000
    WOLDCOMP           0.303      0.018     16.878      0.000

 COMBACC  ON
    F9AGE              0.205      0.056      3.690      0.000

 NARAACC  ON
    F9AGE              0.268      0.065      4.141      0.000

 NARACOMP ON
    F9AGE              0.230      0.053      4.371      0.000

 WOLDCOMP ON
    F8AGE              0.072      0.018      4.000      0.000

 F8AGE    WITH
    G                 -0.139      0.024     -5.759      0.000

 F9AGE    WITH
    G                 -0.232      0.061     -3.777      0.000

 WOLDCOMP WITH
    NARACOMP           0.333      0.016     20.163      0.000

 F9AGE    WITH
    F8AGE              0.250      0.027      9.317      0.000

 Means
    F8AGE             30.759      0.916     33.581      0.000
    F9AGE             30.729      0.555     55.403      0.000

 Intercepts
    NARACOMP          -3.893      1.605     -2.425      0.015
    NARAACC           -4.972      1.971     -2.523      0.012
    COMBACC           -3.570      1.701     -2.098      0.036
    WOLDCOMP           1.614      0.553      2.920      0.003

 Variances
    F8AGE              1.000      0.000    999.000    999.000
    F9AGE              1.000      0.000    999.000    999.000
    G                  1.000      0.000    999.000    999.000

 Residual Variances
    NARACOMP           0.306      0.011     28.187      0.000
    NARAACC            0.020      0.008      2.606      0.009
    COMBACC            0.296      0.011     27.156      0.000
    WOLDCOMP           0.909      0.011     84.865      0.000


R-SQUARE

    Observed                                        Two-Tailed
    Variable        Estimate       S.E.  Est./S.E.    P-Value

    NARACOMP           0.694      0.011     64.039      0.000
    NARAACC            0.980      0.008    127.455      0.000
    COMBACC            0.704      0.011     64.629      0.000
    WOLDCOMP           0.091      0.011      8.515      0.000


QUALITY OF NUMERICAL RESULTS

     Condition Number for the Information Matrix              0.330E-07
       (ratio of smallest to largest eigenvalue)


MODEL MODIFICATION INDICES

NOTE:  Modification indices for direct effects of observed dependent variables
regressed on covariates may not be included.  To include these, request
MODINDICES (ALL).

Minimum M.I. value for printing the modification index    10.000

                                   M.I.     E.P.C.  Std E.P.C.  StdYX E.P.C.

No modification indices above the minimum value.



TECHNICAL 1 OUTPUT


     PARAMETER SPECIFICATION


           NU
              NARACOMP      NARAACC       COMBACC       WOLDCOMP      F8AGE
              ________      ________      ________      ________      ________
                  0             0             0             0             0


           NU
              F9AGE
              ________
                  0


           LAMBDA
              G             NARACOMP      NARAACC       COMBACC       WOLDCOMP
              ________      ________      ________      ________      ________
 NARACOMP           0             0             0             0             0
 NARAACC            0             0             0             0             0
 COMBACC            0             0             0             0             0
 WOLDCOMP           0             0             0             0             0
 F8AGE              0             0             0             0             0
 F9AGE              0             0             0             0             0


           LAMBDA
              F8AGE         F9AGE
              ________      ________
 NARACOMP           0             0
 NARAACC            0             0
 COMBACC            0             0
 WOLDCOMP           0             0
 F8AGE              0             0
 F9AGE              0             0


           THETA
              NARACOMP      NARAACC       COMBACC       WOLDCOMP      F8AGE
              ________      ________      ________      ________      ________
 NARACOMP           0
 NARAACC            0             0
 COMBACC            0             0             0
 WOLDCOMP           0             0             0             0
 F8AGE              0             0             0             0             0
 F9AGE              0             0             0             0             0


           THETA
              F9AGE
              ________
 F9AGE              0


           ALPHA
              G             NARACOMP      NARAACC       COMBACC       WOLDCOMP
              ________      ________      ________      ________      ________
                  0             1             2             3             4


           ALPHA
              F8AGE         F9AGE
              ________      ________
                  5             6


           BETA
              G             NARACOMP      NARAACC       COMBACC       WOLDCOMP
              ________      ________      ________      ________      ________
 G                  0             0             0             0             0
 NARACOMP           7             0             0             0             0
 NARAACC            9             0             0             0             0
 COMBACC            0             0             0             0             0
 WOLDCOMP          12             0             0             0             0
 F8AGE              0             0             0             0             0
 F9AGE              0             0             0             0             0


           BETA
              F8AGE         F9AGE
              ________      ________
 G                  0             0
 NARACOMP           0             8
 NARAACC            0            10
 COMBACC            0            11
 WOLDCOMP          13             0
 F8AGE              0             0
 F9AGE              0             0


           PSI
              G             NARACOMP      NARAACC       COMBACC       WOLDCOMP
              ________      ________      ________      ________      ________
 G                 14
 NARACOMP           0            15
 NARAACC            0             0            16
 COMBACC            0             0             0            17
 WOLDCOMP           0            18             0             0            19
 F8AGE             20             0             0             0             0
 F9AGE             22             0             0             0             0


           PSI
              F8AGE         F9AGE
              ________      ________
 F8AGE             21
 F9AGE             23            24


     STARTING VALUES


           NU
              NARACOMP      NARAACC       COMBACC       WOLDCOMP      F8AGE
              ________      ________      ________      ________      ________
                0.000         0.000         0.000         0.000         0.000


           NU
              F9AGE
              ________
                0.000


           LAMBDA
              G             NARACOMP      NARAACC       COMBACC       WOLDCOMP
              ________      ________      ________      ________      ________
 NARACOMP       0.000         1.000         0.000         0.000         0.000
 NARAACC        0.000         0.000         1.000         0.000         0.000
 COMBACC        0.000         0.000         0.000         1.000         0.000
 WOLDCOMP       0.000         0.000         0.000         0.000         1.000
 F8AGE          0.000         0.000         0.000         0.000         0.000
 F9AGE          0.000         0.000         0.000         0.000         0.000


           LAMBDA
              F8AGE         F9AGE
              ________      ________
 NARACOMP       0.000         0.000
 NARAACC        0.000         0.000
 COMBACC        0.000         0.000
 WOLDCOMP       0.000         0.000
 F8AGE          1.000         0.000
 F9AGE          0.000         1.000


           THETA
              NARACOMP      NARAACC       COMBACC       WOLDCOMP      F8AGE
              ________      ________      ________      ________      ________
 NARACOMP       0.000
 NARAACC        0.000         0.000
 COMBACC        0.000         0.000         0.000
 WOLDCOMP       0.000         0.000         0.000         0.000
 F8AGE          0.000         0.000         0.000         0.000         0.000
 F9AGE          0.000         0.000         0.000         0.000         0.000


           THETA
              F9AGE
              ________
 F9AGE          0.000


           ALPHA
              G             NARACOMP      NARAACC       COMBACC       WOLDCOMP
              ________      ________      ________      ________      ________
                0.000        25.018        66.334        12.788         7.517


           ALPHA
              F8AGE         F9AGE
              ________      ________
              103.533       118.643


           BETA
              G             NARACOMP      NARAACC       COMBACC       WOLDCOMP
              ________      ________      ________      ________      ________
 G              0.000         0.000         0.000         0.000         0.000
 NARACOMP       1.769         0.000         0.000         0.000         0.000
 NARAACC        5.006         0.000         0.000         0.000         0.000
 COMBACC        1.000         0.000         0.000         0.000         0.000
 WOLDCOMP       0.150         0.000         0.000         0.000         0.000
 F8AGE          0.000         0.000         0.000         0.000         0.000
 F9AGE          0.000         0.000         0.000         0.000         0.000


           BETA
              F8AGE         F9AGE
              ________      ________
 G              0.000         0.000
 NARACOMP       0.000         0.000
 NARAACC        0.000         0.000
 COMBACC        0.000         0.000
 WOLDCOMP       0.000         0.000
 F8AGE          0.000         0.000
 F9AGE          0.000         0.000


           PSI
              G             NARACOMP      NARAACC       COMBACC       WOLDCOMP
              ________      ________      ________      ________      ________
 G              0.050
 NARACOMP       0.000        31.009
 NARAACC        0.000         0.000       208.590
 COMBACC        0.000         0.000         0.000        10.767
 WOLDCOMP       0.000         0.000         0.000         0.000         1.879
 F8AGE          0.000         0.000         0.000         0.000         0.000
 F9AGE          0.000         0.000         0.000         0.000         0.000


           PSI
              F8AGE         F9AGE
              ________      ________
 F8AGE          5.613
 F9AGE          0.000         7.454


TECHNICAL 4 OUTPUT


     ESTIMATES DERIVED FROM THE MODEL


           ESTIMATED MEANS FOR THE LATENT VARIABLES
              G             NARACOMP      NARAACC       COMBACC       WOLDCOMP
              ________      ________      ________      ________      ________
                0.000        25.018        66.334        12.768         7.470


           ESTIMATED MEANS FOR THE LATENT VARIABLES
              F8AGE         F9AGE
              ________      ________
              103.620       118.643


           S.E. FOR ESTIMATED MEANS FOR THE LATENT VARIABLES
              G             NARACOMP      NARAACC       COMBACC       WOLDCOMP
              ________      ________      ________      ________      ________
                0.000         0.135         0.349         0.080         0.036


           S.E. FOR ESTIMATED MEANS FOR THE LATENT VARIABLES
              F8AGE         F9AGE
              ________      ________
                0.067         0.066


           EST./S.E. FOR ESTIMATED MEANS FOR THE LATENT VARIABLES
              G             NARACOMP      NARAACC       COMBACC       WOLDCOMP
              ________      ________      ________      ________      ________
                0.000       185.863       190.010       160.140       210.102


           EST./S.E. FOR ESTIMATED MEANS FOR THE LATENT VARIABLES
              F8AGE         F9AGE
              ________      ________
             1551.258      1797.817


           TWO-TAILED P-VALUE FOR ESTIMATED MEANS FOR THE LATENT VARIABLES
              G             NARACOMP      NARAACC       COMBACC       WOLDCOMP
              ________      ________      ________      ________      ________
                1.000         0.000         0.000         0.000         0.000


           TWO-TAILED P-VALUE FOR ESTIMATED MEANS FOR THE LATENT VARIABLES
              F8AGE         F9AGE
              ________      ________
                0.000         0.000


           ESTIMATED COVARIANCE MATRIX FOR THE LATENT VARIABLES
              G             NARACOMP      NARAACC       COMBACC       WOLDCOMP
              ________      ________      ________      ________      ________
 G             16.139
 NARACOMP      25.395        62.018
 NARAACC       78.372       132.682       417.178
 COMBACC       15.248        25.632        78.989        21.688
 WOLDCOMP       2.292         6.348        11.300         2.195         3.784
 F8AGE         -1.884        -1.633        -5.134        -1.077         0.198
 F9AGE         -3.598         0.957         2.488         0.095        -0.393


           ESTIMATED COVARIANCE MATRIX FOR THE LATENT VARIABLES
              F8AGE         F9AGE
              ________      ________
 F8AGE         11.349
 F9AGE          3.256        14.907


           S.E. FOR ESTIMATED COVARIANCE MATRIX FOR THE LATENT VARIABLES
              G             NARACOMP      NARAACC       COMBACC       WOLDCOMP
              ________      ________      ________      ________      ________
 G              0.740
 NARACOMP       0.814         1.407
 NARAACC        2.134         3.414         8.823
 COMBACC        0.547         0.799         2.098         0.524
 WOLDCOMP       0.164         0.306         0.769         0.152         0.104
 F8AGE          0.360         0.463         1.414         0.278         0.124
 F9AGE          1.017         0.551         1.424         0.318         0.145


           S.E. FOR ESTIMATED COVARIANCE MATRIX FOR THE LATENT VARIABLES
              F8AGE         F9AGE
              ________      ________
 F8AGE          0.688
 F9AGE          0.421         0.548


           EST./S.E. FOR ESTIMATED COVARIANCE MATRIX FOR THE LATENT VARIABLES
              G             NARACOMP      NARAACC       COMBACC       WOLDCOMP
              ________      ________      ________      ________      ________
 G             21.800
 NARACOMP      31.208        44.069
 NARAACC       36.720        38.868        47.285
 COMBACC       27.893        32.092        37.641        41.378
 WOLDCOMP      13.996        20.755        14.691        14.397        36.366
 F8AGE         -5.229        -3.526        -3.631        -3.881         1.597
 F9AGE         -3.539         1.739         1.747         0.299        -2.708


           EST./S.E. FOR ESTIMATED COVARIANCE MATRIX FOR THE LATENT VARIABLES
              F8AGE         F9AGE
              ________      ________
 F8AGE         16.500
 F9AGE          7.739        27.201


           TWO-TAILED P-VALUE FOR ESTIMATED COVARIANCE MATRIX FOR THE LATENT VARIABLES
              G             NARACOMP      NARAACC       COMBACC       WOLDCOMP
              ________      ________      ________      ________      ________
 G              0.000
 NARACOMP       0.000         0.000
 NARAACC        0.000         0.000         0.000
 COMBACC        0.000         0.000         0.000         0.000
 WOLDCOMP       0.000         0.000         0.000         0.000         0.000
 F8AGE          0.000         0.000         0.000         0.000         0.110
 F9AGE          0.000         0.082         0.081         0.765         0.007


           TWO-TAILED P-VALUE FOR ESTIMATED COVARIANCE MATRIX FOR THE LATENT VARIABLES
              F8AGE         F9AGE
              ________      ________
 F8AGE          0.000
 F9AGE          0.000         0.000


           ESTIMATED CORRELATION MATRIX FOR THE LATENT VARIABLES
              G             NARACOMP      NARAACC       COMBACC       WOLDCOMP
              ________      ________      ________      ________      ________
 G              1.000
 NARACOMP       0.803         1.000
 NARAACC        0.955         0.825         1.000
 COMBACC        0.815         0.699         0.830         1.000
 WOLDCOMP       0.293         0.414         0.284         0.242         1.000
 F8AGE         -0.139        -0.062        -0.075        -0.069         0.030
 F9AGE         -0.232         0.031         0.032         0.005        -0.052


           ESTIMATED CORRELATION MATRIX FOR THE LATENT VARIABLES
              F8AGE         F9AGE
              ________      ________
 F8AGE          1.000
 F9AGE          0.250         1.000


           S.E. FOR ESTIMATED CORRELATION MATRIX FOR THE LATENT VARIABLES
              G             NARACOMP      NARAACC       COMBACC       WOLDCOMP
              ________      ________      ________      ________      ________
 G              0.000
 NARACOMP       0.015         0.000
 NARAACC        0.016         0.006         0.000
 COMBACC        0.014         0.009         0.006         0.000
 WOLDCOMP       0.018         0.016         0.017         0.015         0.000
 F8AGE          0.024         0.017         0.020         0.017         0.019
 F9AGE          0.061         0.018         0.018         0.018         0.019


           S.E. FOR ESTIMATED CORRELATION MATRIX FOR THE LATENT VARIABLES
              F8AGE         F9AGE
              ________      ________
 F8AGE          0.000
 F9AGE          0.027         0.000


           EST./S.E. FOR ESTIMATED CORRELATION MATRIX FOR THE LATENT VARIABLES
              G             NARACOMP      NARAACC       COMBACC       WOLDCOMP
              ________      ________      ________      ________      ________
 G            999.000
 NARACOMP      53.054       999.000
 NARAACC       58.092       136.732       999.000
 COMBACC       57.121        74.193       139.963       999.000
 WOLDCOMP      16.560        25.951        16.391        16.252       999.000
 F8AGE         -5.759        -3.578        -3.679        -3.947         1.609
 F9AGE         -3.777         1.741         1.751         0.299        -2.732


           EST./S.E. FOR ESTIMATED CORRELATION MATRIX FOR THE LATENT VARIABLES
              F8AGE         F9AGE
              ________      ________
 F8AGE        999.000
 F9AGE          9.317       999.000


           TWO-TAILED P-VALUE FOR ESTIMATED CORRELATION MATRIX FOR THE LATENT VARIABLES
              G             NARACOMP      NARAACC       COMBACC       WOLDCOMP
              ________      ________      ________      ________      ________
 G              0.000
 NARACOMP       0.000         0.000
 NARAACC        0.000         0.000         0.000
 COMBACC        0.000         0.000         0.000         0.000
 WOLDCOMP       0.000         0.000         0.000         0.000         0.000
 F8AGE          0.000         0.000         0.000         0.000         0.108
 F9AGE          0.000         0.082         0.080         0.765         0.006


           TWO-TAILED P-VALUE FOR ESTIMATED CORRELATION MATRIX FOR THE LATENT VARIABLES
              F8AGE         F9AGE
              ________      ________
 F8AGE          0.000
 F9AGE          0.000         0.000


SAMPLE STATISTICS FOR ESTIMATED FACTOR SCORES


     SAMPLE STATISTICS


           Means
              G             G_SE
              ________      ________
                0.000         0.529


           Covariances
              G             G_SE
              ________      ________
 G             15.859
 G_SE           0.000         0.000


           Correlations
              G             G_SE
              ________      ________
 G              1.000
 G_SE          -0.099         1.000


PLOT INFORMATION

The following plots are available:

  Histograms (sample values, estimated factor scores, estimated values, residuals)
  Scatterplots (sample values, estimated factor scores, estimated values, residuals)
  Latent variable distribution plots

SAVEDATA INFORMATION


  Save file
    shape_cfa_scores2.dat

  Order and format of variables

    NARACOMP       F10.3
    NARAACC        F10.3
    COMBACC        F10.3
    WOLDCOMP       F10.3
    F8AGE          F10.3
    F9AGE          F10.3
    G              F10.3
    G_SE           F10.3
    CIDB3153       I6

  Save file format
    8F10.3 I6

  Save file record length    10000

  Save missing symbol        *


     Beginning Time:  09:22:57
        Ending Time:  09:22:57
       Elapsed Time:  00:00:00



MUTHEN & MUTHEN
3463 Stoner Ave.
Los Angeles, CA  90066

Tel: (310) 391-9971
Fax: (310) 391-8971
Web: www.StatModel.com
Support: Support@StatModel.com

Copyright (c) 1998-2020 Muthen & Muthen
