Mplus VERSION 8.5
MUTHEN & MUTHEN
10/12/2021   5:18 PM

INPUT INSTRUCTIONS

  TITLE:
   Model 3 (FMM): 8 classes;
  DATA:
  FILE = "mplus_models/simpview/shape/fmm3_1class_576296b10d9f155ad9363f1cbb7ab8da.dat";

  VARIABLE:
  NAMES = cidB3153 f8age f9age naraAcc naraComp woldComp combAcc;
   MISSING=.;
    idvariable = cidb3153; classes = c(8);
  ANALYSIS:
   estimator = mlr; type = mixture;
                                                     starts = 0;
                                                     optseed = 958803;
                                                     k-1starts = 2000 200;
                                                     STSCALE = 1;
  MODEL:
  %OVERALL%
             f8age; f9age;
             combAcc naraAcc naraComp on f9age;
             woldcomp on f8age;

    naraComp naraAcc@0 combAcc woldComp;

    [naraComp naraAcc combAcc woldComp];
                G by combAcc* naraAcc naraComp woldComp;
                naraComp with woldComp;
                [G@0]; G@1;
                f8age with G@0; f9age with G@0;

   %c#1%

    naraComp naraAcc@0 combAcc woldComp;
    [naraComp naraAcc combAcc woldComp];
   %c#2%

    naraComp naraAcc@0 combAcc woldComp;
    [naraComp naraAcc combAcc woldComp];
   %c#3%

    naraComp naraAcc@0 combAcc woldComp;
    [naraComp naraAcc combAcc woldComp];
   %c#4%

    naraComp naraAcc@0 combAcc woldComp;
    [naraComp naraAcc combAcc woldComp];
   %c#5%

    naraComp naraAcc@0 combAcc woldComp;
    [naraComp naraAcc combAcc woldComp];
   %c#6%

    naraComp naraAcc@0 combAcc woldComp;
    [naraComp naraAcc combAcc woldComp];
   %c#7%

    naraComp naraAcc@0 combAcc woldComp;
    [naraComp naraAcc combAcc woldComp];
   %c#8%

    naraComp naraAcc@0 combAcc woldComp;
    [naraComp naraAcc combAcc woldComp];
  OUTPUT:
   TECH7 TECH11;
  PLOT:
  TYPE = PLOT3;



INPUT READING TERMINATED NORMALLY




Model 3 (FMM): 8 classes;

SUMMARY OF ANALYSIS

Number of groups                                                 1
Number of observations                                        3423

Number of dependent variables                                    4
Number of independent variables                                  2
Number of continuous latent variables                            1
Number of categorical latent variables                           1

Observed dependent variables

  Continuous
   NARAACC     NARACOMP    WOLDCOMP    COMBACC

Observed independent variables
   F8AGE       F9AGE

Continuous latent variables
   G

Categorical latent variables
   C

Variables with special functions

  ID variable           CIDB3153

Estimator                                                      MLR
Information matrix                                        OBSERVED
Optimization Specifications for the Quasi-Newton Algorithm for
Continuous Outcomes
  Maximum number of iterations                                 100
  Convergence criterion                                  0.100D-05
Optimization Specifications for the EM Algorithm
  Maximum number of iterations                                 500
  Convergence criteria
    Loglikelihood change                                 0.100D-06
    Relative loglikelihood change                        0.100D-06
    Derivative                                           0.100D-05
Optimization Specifications for the M step of the EM Algorithm for
Categorical Latent variables
  Number of M step iterations                                    1
  M step convergence criterion                           0.100D-05
  Basis for M step termination                           ITERATION
Optimization Specifications for the M step of the EM Algorithm for
Censored, Binary or Ordered Categorical (Ordinal), Unordered
Categorical (Nominal) and Count Outcomes
  Number of M step iterations                                    1
  M step convergence criterion                           0.100D-05
  Basis for M step termination                           ITERATION
  Maximum value for logit thresholds                            15
  Minimum value for logit thresholds                           -15
  Minimum expected cell size for chi-square              0.100D-01
Maximum number of iterations for H1                           2000
Convergence criterion for H1                             0.100D-03
Optimization algorithm                                         EMA
Random Starts Specifications
  Random seed for analysis                                  958803

Input data file(s)
  mplus_models/simpview/shape/fmm3_1class_576296b10d9f155ad9363f1cbb7ab8da.dat
Input data format  FREE


SUMMARY OF DATA

     Number of missing data patterns             5
     Number of y missing data patterns           5
     Number of u missing data patterns           0


COVARIANCE COVERAGE OF DATA

Minimum covariance coverage value   0.100


     PROPORTION OF DATA PRESENT FOR Y


           Covariance Coverage
              NARAACC       NARACOMP      WOLDCOMP      COMBACC       F8AGE
              ________      ________      ________      ________      ________
 NARAACC        1.000
 NARACOMP       1.000         1.000
 WOLDCOMP       0.852         0.852         0.852
 COMBACC        0.996         0.996         0.850         0.996
 F8AGE          0.861         0.861         0.852         0.858         0.861
 F9AGE          1.000         1.000         0.852         0.996         0.861


           Covariance Coverage
              F9AGE
              ________
 F9AGE          1.000



UNIVARIATE SAMPLE STATISTICS


     UNIVARIATE HIGHER-ORDER MOMENT DESCRIPTIVE STATISTICS

         Variable/         Mean/     Skewness/   Minimum/ % with                Percentiles
        Sample Size      Variance    Kurtosis    Maximum  Min/Max      20%/60%    40%/80%    Median

     NARAACC              66.334      -0.525       0.000    0.06%      48.000     62.000     69.000
            3423.000     417.180      -0.469     100.000    0.06%      76.000     86.000
     NARACOMP             25.018      -0.273       0.000    0.09%      18.000     23.000     25.000
            3423.000      62.018      -0.237      44.000    0.03%      28.000     32.000
     WOLDCOMP              7.517       0.082       2.000    0.41%       6.000      7.000      7.000
            2917.000       3.758       0.190      15.000    0.03%       8.000      9.000
     COMBACC              12.788      -0.783       0.000    1.44%       9.000     13.000     14.000
            3408.000      21.534      -0.011      20.000    1.44%      15.000     17.000
     F8AGE               103.533       2.579      94.000    0.03%     102.000    102.000    103.000
            2947.000      11.227       8.561     126.000    0.03%     103.000    105.000
     F9AGE               118.643       1.305     105.000    0.03%     116.000    117.000    118.000
            3423.000      14.907       2.626     139.000    0.06%     119.000    121.000


THE MODEL ESTIMATION TERMINATED NORMALLY



MODEL FIT INFORMATION

Number of Free Parameters                       91

Loglikelihood

          H0 Value                      -54338.615
          H0 Scaling Correction Factor      1.4179
            for MLR

Information Criteria

          Akaike (AIC)                  108859.230
          Bayesian (BIC)                109417.812
          Sample-Size Adjusted BIC      109128.663
            (n* = (n + 2) / 24)



FINAL CLASS COUNTS AND PROPORTIONS FOR THE LATENT CLASSES
BASED ON THE ESTIMATED MODEL

    Latent
   Classes

       1        262.63189          0.07673
       2       1046.42226          0.30570
       3        148.77776          0.04346
       4         91.84613          0.02683
       5       1644.74525          0.48050
       6         29.60337          0.00865
       7        137.34416          0.04012
       8         61.62918          0.01800


FINAL CLASS COUNTS AND PROPORTIONS FOR THE LATENT CLASSES
BASED ON ESTIMATED POSTERIOR PROBABILITIES

    Latent
   Classes

       1        262.63189          0.07673
       2       1046.42226          0.30570
       3        148.77776          0.04346
       4         91.84613          0.02683
       5       1644.74525          0.48050
       6         29.60337          0.00865
       7        137.34416          0.04012
       8         61.62918          0.01800


FINAL CLASS COUNTS AND PROPORTIONS FOR THE LATENT CLASSES
BASED ON THEIR MOST LIKELY LATENT CLASS MEMBERSHIP

Class Counts and Proportions

    Latent
   Classes

       1              250          0.07304
       2             1067          0.31171
       3              123          0.03593
       4               79          0.02308
       5             1696          0.49547
       6               29          0.00847
       7              128          0.03739
       8               51          0.01490


CLASSIFICATION QUALITY

     Entropy                         0.834


Average Latent Class Probabilities for Most Likely Latent Class Membership (Row)
by Latent Class (Column)

           1        2        3        4        5        6        7        8

    1   0.846    0.129    0.000    0.000    0.000    0.009    0.000    0.016
    2   0.045    0.827    0.007    0.004    0.099    0.001    0.008    0.008
    3   0.000    0.028    0.865    0.020    0.062    0.000    0.009    0.016
    4   0.000    0.009    0.053    0.903    0.007    0.001    0.011    0.016
    5   0.000    0.070    0.015    0.004    0.896    0.000    0.015    0.000
    6   0.060    0.037    0.000    0.003    0.000    0.880    0.004    0.015
    7   0.001    0.045    0.026    0.046    0.095    0.000    0.786    0.000
    8   0.021    0.034    0.041    0.018    0.000    0.003    0.000    0.883


Classification Probabilities for the Most Likely Latent Class Membership (Column)
by Latent Class (Row)

           1        2        3        4        5        6        7        8

    1   0.805    0.183    0.000    0.000    0.000    0.007    0.000    0.004
    2   0.031    0.843    0.003    0.001    0.114    0.001    0.006    0.002
    3   0.000    0.052    0.715    0.028    0.168    0.000    0.022    0.014
    4   0.000    0.045    0.026    0.777    0.076    0.001    0.065    0.010
    5   0.000    0.064    0.005    0.000    0.924    0.000    0.007    0.000
    6   0.076    0.054    0.000    0.002    0.000    0.862    0.000    0.005
    7   0.000    0.065    0.008    0.006    0.187    0.001    0.733    0.000
    8   0.063    0.145    0.032    0.020    0.001    0.007    0.000    0.731


Logits for the Classification Probabilities for the Most Likely Latent Class Membership (Column)
by Latent Class (Row)

              1        2        3        4        5        6        7        8

    1      5.279    3.800   -6.307   -8.320   -3.755    0.472   -2.527    0.000
    2      2.934    6.242    0.699   -0.867    4.243   -0.463    1.219    0.000
    3     -4.687    1.310    3.926    0.687    2.475   -5.877    0.457    0.000
    4     -5.487    1.500    0.961    4.345    2.014   -2.239    1.860    0.000
    5      1.030   10.155    7.523    4.912   12.822   -0.914    7.994    0.000
    6      2.675    2.328   -7.147   -0.835   -8.564    5.103   -3.176    0.000
    7      4.783   11.081    8.992    8.748   12.138    6.755   13.505    0.000
    8     -2.445   -1.614   -3.113   -3.582   -7.277   -4.635   -7.931    0.000


MODEL RESULTS

                                                    Two-Tailed
                    Estimate       S.E.  Est./S.E.    P-Value

Latent Class 1

 G        BY
    COMBACC            1.516      0.076     19.948      0.000
    NARAACC           10.903      0.533     20.470      0.000
    NARACOMP           3.753      0.210     17.869      0.000
    WOLDCOMP           0.477      0.062      7.735      0.000

 COMBACC    ON
    F9AGE              0.019      0.029      0.665      0.506

 NARAACC    ON
    F9AGE              0.270      0.141      1.911      0.056

 NARACOMP   ON
    F9AGE              0.092      0.057      1.621      0.105

 WOLDCOMP   ON
    F8AGE              0.048      0.022      2.182      0.029

 F8AGE    WITH
    G                  0.000      0.000    999.000    999.000

 F9AGE    WITH
    G                  0.000      0.000    999.000    999.000

 NARACOMP WITH
    WOLDCOMP           2.511      0.168     14.973      0.000

 F9AGE    WITH
    F8AGE              0.223      0.239      0.935      0.350

 Means
    F8AGE            102.987      0.137    751.767      0.000
    F9AGE            118.353      0.327    362.088      0.000
    G                  0.000      0.000    999.000    999.000

 Intercepts
    NARAACC           -2.400     17.551     -0.137      0.891
    NARACOMP           1.211      6.974      0.174      0.862
    WOLDCOMP           1.804      2.282      0.791      0.429
    COMBACC            1.034      3.553      0.291      0.771

 Variances
    F8AGE              2.858      0.146     19.601      0.000
    F9AGE              9.495      0.645     14.731      0.000
    G                  1.000      0.000    999.000    999.000

 Residual Variances
    NARAACC            0.000      0.000    999.000    999.000
    NARACOMP           7.815      0.949      8.238      0.000
    WOLDCOMP           4.789      0.509      9.411      0.000
    COMBACC            2.604      0.706      3.691      0.000

Latent Class 2

 G        BY
    COMBACC            1.516      0.076     19.948      0.000
    NARAACC           10.903      0.533     20.470      0.000
    NARACOMP           3.753      0.210     17.869      0.000
    WOLDCOMP           0.477      0.062      7.735      0.000

 COMBACC    ON
    F9AGE              0.019      0.029      0.665      0.506

 NARAACC    ON
    F9AGE              0.270      0.141      1.911      0.056

 NARACOMP   ON
    F9AGE              0.092      0.057      1.621      0.105

 WOLDCOMP   ON
    F8AGE              0.048      0.022      2.182      0.029

 F8AGE    WITH
    G                  0.000      0.000    999.000    999.000

 F9AGE    WITH
    G                  0.000      0.000    999.000    999.000

 NARACOMP WITH
    WOLDCOMP           2.511      0.168     14.973      0.000

 F9AGE    WITH
    F8AGE              0.223      0.239      0.935      0.350

 Means
    F8AGE            102.792      0.078   1322.909      0.000
    F9AGE            117.938      0.139    847.632      0.000
    G                  0.000      0.000    999.000    999.000

 Intercepts
    NARAACC           20.772     17.216      1.207      0.228
    NARACOMP          10.499      6.866      1.529      0.126
    WOLDCOMP           2.195      2.267      0.968      0.333
    COMBACC            8.447      3.523      2.397      0.017

 Variances
    F8AGE              2.858      0.146     19.601      0.000
    F9AGE              9.495      0.645     14.731      0.000
    G                  1.000      0.000    999.000    999.000

 Residual Variances
    NARAACC            0.000      0.000    999.000    999.000
    NARACOMP          13.716      2.221      6.175      0.000
    WOLDCOMP           3.197      0.198     16.174      0.000
    COMBACC            8.355      0.520     16.080      0.000

Latent Class 3

 G        BY
    COMBACC            1.516      0.076     19.948      0.000
    NARAACC           10.903      0.533     20.470      0.000
    NARACOMP           3.753      0.210     17.869      0.000
    WOLDCOMP           0.477      0.062      7.735      0.000

 COMBACC    ON
    F9AGE              0.019      0.029      0.665      0.506

 NARAACC    ON
    F9AGE              0.270      0.141      1.911      0.056

 NARACOMP   ON
    F9AGE              0.092      0.057      1.621      0.105

 WOLDCOMP   ON
    F8AGE              0.048      0.022      2.182      0.029

 F8AGE    WITH
    G                  0.000      0.000    999.000    999.000

 F9AGE    WITH
    G                  0.000      0.000    999.000    999.000

 NARACOMP WITH
    WOLDCOMP           2.511      0.168     14.973      0.000

 F9AGE    WITH
    F8AGE              0.223      0.239      0.935      0.350

 Means
    F8AGE            109.261      0.912    119.832      0.000
    F9AGE            120.530      0.697    173.029      0.000
    G                  0.000      0.000    999.000    999.000

 Intercepts
    NARAACC           42.962     17.435      2.464      0.014
    NARACOMP          16.250      6.886      2.360      0.018
    WOLDCOMP           2.011      2.450      0.821      0.412
    COMBACC           12.173      3.539      3.440      0.001

 Variances
    F8AGE              2.858      0.146     19.601      0.000
    F9AGE              9.495      0.645     14.731      0.000
    G                  1.000      0.000    999.000    999.000

 Residual Variances
    NARAACC            0.000      0.000    999.000    999.000
    NARACOMP          28.163      4.315      6.526      0.000
    WOLDCOMP           3.523      0.544      6.478      0.000
    COMBACC            6.623      1.065      6.221      0.000

Latent Class 4

 G        BY
    COMBACC            1.516      0.076     19.948      0.000
    NARAACC           10.903      0.533     20.470      0.000
    NARACOMP           3.753      0.210     17.869      0.000
    WOLDCOMP           0.477      0.062      7.735      0.000

 COMBACC    ON
    F9AGE              0.019      0.029      0.665      0.506

 NARAACC    ON
    F9AGE              0.270      0.141      1.911      0.056

 NARACOMP   ON
    F9AGE              0.092      0.057      1.621      0.105

 WOLDCOMP   ON
    F8AGE              0.048      0.022      2.182      0.029

 F8AGE    WITH
    G                  0.000      0.000    999.000    999.000

 F9AGE    WITH
    G                  0.000      0.000    999.000    999.000

 NARACOMP WITH
    WOLDCOMP           2.511      0.168     14.973      0.000

 F9AGE    WITH
    F8AGE              0.223      0.239      0.935      0.350

 Means
    F8AGE            116.953      0.905    129.228      0.000
    F9AGE            123.044      0.670    183.547      0.000
    G                  0.000      0.000    999.000    999.000

 Intercepts
    NARAACC           38.330     17.155      2.234      0.025
    NARACOMP          15.175      6.975      2.176      0.030
    WOLDCOMP           2.593      2.595      0.999      0.318
    COMBACC           12.051      3.618      3.331      0.001

 Variances
    F8AGE              2.858      0.146     19.601      0.000
    F9AGE              9.495      0.645     14.731      0.000
    G                  1.000      0.000    999.000    999.000

 Residual Variances
    NARAACC            0.000      0.000    999.000    999.000
    NARACOMP          23.942      4.821      4.966      0.000
    WOLDCOMP           3.994      0.664      6.014      0.000
    COMBACC            5.249      0.915      5.737      0.000

Latent Class 5

 G        BY
    COMBACC            1.516      0.076     19.948      0.000
    NARAACC           10.903      0.533     20.470      0.000
    NARACOMP           3.753      0.210     17.869      0.000
    WOLDCOMP           0.477      0.062      7.735      0.000

 COMBACC    ON
    F9AGE              0.019      0.029      0.665      0.506

 NARAACC    ON
    F9AGE              0.270      0.141      1.911      0.056

 NARACOMP   ON
    F9AGE              0.092      0.057      1.621      0.105

 WOLDCOMP   ON
    F8AGE              0.048      0.022      2.182      0.029

 F8AGE    WITH
    G                  0.000      0.000    999.000    999.000

 F9AGE    WITH
    G                  0.000      0.000    999.000    999.000

 NARACOMP WITH
    WOLDCOMP           2.511      0.168     14.973      0.000

 F9AGE    WITH
    F8AGE              0.223      0.239      0.935      0.350

 Means
    F8AGE            102.596      0.066   1545.015      0.000
    F9AGE            117.785      0.151    777.839      0.000
    G                  0.000      0.000    999.000    999.000

 Intercepts
    NARAACC           48.961     16.901      2.897      0.004
    NARACOMP          18.431      6.694      2.753      0.006
    WOLDCOMP           2.891      2.259      1.280      0.201
    COMBACC           13.246      3.441      3.849      0.000

 Variances
    F8AGE              2.858      0.146     19.601      0.000
    F9AGE              9.495      0.645     14.731      0.000
    G                  1.000      0.000    999.000    999.000

 Residual Variances
    NARAACC            0.000      0.000    999.000    999.000
    NARACOMP          23.440      1.172     19.999      0.000
    WOLDCOMP           3.350      0.132     25.319      0.000
    COMBACC            4.747      0.293     16.183      0.000

Latent Class 6

 G        BY
    COMBACC            1.516      0.076     19.948      0.000
    NARAACC           10.903      0.533     20.470      0.000
    NARACOMP           3.753      0.210     17.869      0.000
    WOLDCOMP           0.477      0.062      7.735      0.000

 COMBACC    ON
    F9AGE              0.019      0.029      0.665      0.506

 NARAACC    ON
    F9AGE              0.270      0.141      1.911      0.056

 NARACOMP   ON
    F9AGE              0.092      0.057      1.621      0.105

 WOLDCOMP   ON
    F8AGE              0.048      0.022      2.182      0.029

 F8AGE    WITH
    G                  0.000      0.000    999.000    999.000

 F9AGE    WITH
    G                  0.000      0.000    999.000    999.000

 NARACOMP WITH
    WOLDCOMP           2.511      0.168     14.973      0.000

 F9AGE    WITH
    F8AGE              0.223      0.239      0.935      0.350

 Means
    F8AGE            118.191      0.832    142.112      0.000
    F9AGE            127.262      0.997    127.627      0.000
    G                  0.000      0.000    999.000    999.000

 Intercepts
    NARAACC           -6.982     18.788     -0.372      0.710
    NARACOMP           0.385      7.692      0.050      0.960
    WOLDCOMP           0.387      2.650      0.146      0.884
    COMBACC            0.814      3.976      0.205      0.838

 Variances
    F8AGE              2.858      0.146     19.601      0.000
    F9AGE              9.495      0.645     14.731      0.000
    G                  1.000      0.000    999.000    999.000

 Residual Variances
    NARAACC            0.000      0.000    999.000    999.000
    NARACOMP          12.764      3.424      3.728      0.000
    WOLDCOMP           1.869      0.711      2.630      0.009
    COMBACC            2.362      0.677      3.491      0.000

Latent Class 7

 G        BY
    COMBACC            1.516      0.076     19.948      0.000
    NARAACC           10.903      0.533     20.470      0.000
    NARACOMP           3.753      0.210     17.869      0.000
    WOLDCOMP           0.477      0.062      7.735      0.000

 COMBACC    ON
    F9AGE              0.019      0.029      0.665      0.506

 NARAACC    ON
    F9AGE              0.270      0.141      1.911      0.056

 NARACOMP   ON
    F9AGE              0.092      0.057      1.621      0.105

 WOLDCOMP   ON
    F8AGE              0.048      0.022      2.182      0.029

 F8AGE    WITH
    G                  0.000      0.000    999.000    999.000

 F9AGE    WITH
    G                  0.000      0.000    999.000    999.000

 NARACOMP WITH
    WOLDCOMP           2.511      0.168     14.973      0.000

 F9AGE    WITH
    F8AGE              0.223      0.239      0.935      0.350

 Means
    F8AGE            102.688      0.377    272.618      0.000
    F9AGE            128.091      1.186    108.001      0.000
    G                  0.000      0.000    999.000    999.000

 Intercepts
    NARAACC           41.557     20.528      2.024      0.043
    NARACOMP          17.255      8.067      2.139      0.032
    WOLDCOMP           2.092      2.305      0.908      0.364
    COMBACC           12.145      4.152      2.925      0.003

 Variances
    F8AGE              2.858      0.146     19.601      0.000
    F9AGE              9.495      0.645     14.731      0.000
    G                  1.000      0.000    999.000    999.000

 Residual Variances
    NARAACC            0.000      0.000    999.000    999.000
    NARACOMP          21.846      3.253      6.715      0.000
    WOLDCOMP           2.537      0.542      4.680      0.000
    COMBACC            5.159      1.355      3.809      0.000

Latent Class 8

 G        BY
    COMBACC            1.516      0.076     19.948      0.000
    NARAACC           10.903      0.533     20.470      0.000
    NARACOMP           3.753      0.210     17.869      0.000
    WOLDCOMP           0.477      0.062      7.735      0.000

 COMBACC    ON
    F9AGE              0.019      0.029      0.665      0.506

 NARAACC    ON
    F9AGE              0.270      0.141      1.911      0.056

 NARACOMP   ON
    F9AGE              0.092      0.057      1.621      0.105

 WOLDCOMP   ON
    F8AGE              0.048      0.022      2.182      0.029

 F8AGE    WITH
    G                  0.000      0.000    999.000    999.000

 F9AGE    WITH
    G                  0.000      0.000    999.000    999.000

 NARACOMP WITH
    WOLDCOMP           2.511      0.168     14.973      0.000

 F9AGE    WITH
    F8AGE              0.223      0.239      0.935      0.350

 Means
    F8AGE            111.290      0.607    183.285      0.000
    F9AGE            118.445      0.901    131.507      0.000
    G                  0.000      0.000    999.000    999.000

 Intercepts
    NARAACC            5.503     16.951      0.325      0.745
    NARACOMP           4.479      6.805      0.658      0.510
    WOLDCOMP           2.128      2.483      0.857      0.391
    COMBACC            4.436      3.543      1.252      0.211

 Variances
    F8AGE              2.858      0.146     19.601      0.000
    F9AGE              9.495      0.645     14.731      0.000
    G                  1.000      0.000    999.000    999.000

 Residual Variances
    NARAACC            0.000      0.000    999.000    999.000
    NARACOMP          11.299      2.153      5.249      0.000
    WOLDCOMP           3.284      0.658      4.992      0.000
    COMBACC            7.336      2.563      2.862      0.004

Categorical Latent Variables

 Means
    C#1                1.450      0.286      5.062      0.000
    C#2                2.832      0.222     12.752      0.000
    C#3                0.881      0.312      2.822      0.005
    C#4                0.399      0.362      1.101      0.271
    C#5                3.284      0.260     12.609      0.000
    C#6               -0.733      0.359     -2.042      0.041
    C#7                0.801      0.451      1.776      0.076


QUALITY OF NUMERICAL RESULTS

     Condition Number for the Information Matrix              0.469E-09
       (ratio of smallest to largest eigenvalue)


TECHNICAL 7 OUTPUT


     SAMPLE STATISTICS WEIGHTED BY ESTIMATED CLASS PROBABILITIES FOR CLASS 1


           Means
              NARAACC       NARACOMP      WOLDCOMP      COMBACC       F8AGE
              ________      ________      ________      ________      ________
               29.561        12.153         6.796         3.366       102.982


           Means
              F9AGE
              ________
              118.353


           Covariances
              NARAACC       NARACOMP      WOLDCOMP      COMBACC       F8AGE
              ________      ________      ________      ________      ________
 NARAACC      121.641
 NARACOMP      47.369        24.680
 WOLDCOMP       4.446         3.231         3.951
 COMBACC       19.206         7.598         1.186         5.438
 F8AGE         15.291        14.160        -0.226         3.475         2.622
 F9AGE          3.439         0.806        -1.987         0.211       -21.451


           Covariances
              F9AGE
              ________
 F9AGE         12.427


     SAMPLE STATISTICS WEIGHTED BY ESTIMATED CLASS PROBABILITIES FOR CLASS 2


           Means
              NARAACC       NARACOMP      WOLDCOMP      COMBACC       F8AGE
              ________      ________      ________      ________      ________
               52.622        21.404         7.180        10.748       102.787


           Means
              F9AGE
              ________
              117.938


           Covariances
              NARAACC       NARACOMP      WOLDCOMP      COMBACC       F8AGE
              ________      ________      ________      ________      ________
 NARAACC      114.614
 NARACOMP      40.444        27.481
 WOLDCOMP       5.328         4.961         3.200
 COMBACC       18.702         6.829         1.256        11.288
 F8AGE         23.356        21.414         0.138         5.473         2.771
 F9AGE          0.712         0.415        -1.677         0.290       -18.812


           Covariances
              F9AGE
              ________
 F9AGE          8.984


     SAMPLE STATISTICS WEIGHTED BY ESTIMATED CLASS PROBABILITIES FOR CLASS 3


           Means
              NARAACC       NARACOMP      WOLDCOMP      COMBACC       F8AGE
              ________      ________      ________      ________      ________
               75.512        27.394         7.287        14.523       109.256


           Means
              F9AGE
              ________
              120.530


           Covariances
              NARAACC       NARACOMP      WOLDCOMP      COMBACC       F8AGE
              ________      ________      ________      ________      ________
 NARAACC      161.149
 NARACOMP      49.604        43.497
 WOLDCOMP       9.846         6.291         4.052
 COMBACC       19.623         5.380         1.649         8.935
 F8AGE         15.111        12.581         0.787         8.429         4.067
 F9AGE          1.598        -0.211        -1.950         0.632       -20.574


           Covariances
              F9AGE
              ________
 F9AGE         12.601


     SAMPLE STATISTICS WEIGHTED BY ESTIMATED CLASS PROBABILITIES FOR CLASS 4


           Means
              NARAACC       NARACOMP      WOLDCOMP      COMBACC       F8AGE
              ________      ________      ________      ________      ________
               71.559        26.552         8.258        14.450       116.945


           Means
              F9AGE
              ________
              123.044


           Covariances
              NARAACC       NARACOMP      WOLDCOMP      COMBACC       F8AGE
              ________      ________      ________      ________      ________
 NARAACC      212.962
 NARACOMP      49.664        36.146
 WOLDCOMP       6.338         8.114         4.492
 COMBACC       27.121         6.204         1.188         8.656
 F8AGE         50.412        15.127        -0.239        13.893         7.890
 F9AGE          6.539        -3.721        -2.167         1.253       -35.624


           Covariances
              F9AGE
              ________
 F9AGE         19.661


     SAMPLE STATISTICS WEIGHTED BY ESTIMATED CLASS PROBABILITIES FOR CLASS 5


           Means
              NARAACC       NARACOMP      WOLDCOMP      COMBACC       F8AGE
              ________      ________      ________      ________      ________
               80.769        29.321         7.844        15.541       102.593


           Means
              F9AGE
              ________
              117.785


           Covariances
              NARAACC       NARACOMP      WOLDCOMP      COMBACC       F8AGE
              ________      ________      ________      ________      ________
 NARAACC      105.706
 NARACOMP      33.255        34.858
 WOLDCOMP       6.314         5.860         3.790
 COMBACC       13.194         4.284         0.715         6.419
 F8AGE         12.342        10.309         0.072         1.313         2.460
 F9AGE          2.744         1.019        -0.996         0.022       -12.055


           Covariances
              F9AGE
              ________
 F9AGE          7.820


     SAMPLE STATISTICS WEIGHTED BY ESTIMATED CLASS PROBABILITIES FOR CLASS 6


           Means
              NARAACC       NARACOMP      WOLDCOMP      COMBACC       F8AGE
              ________      ________      ________      ________      ________
               27.386        12.152         5.951         3.434       118.141


           Means
              F9AGE
              ________
              127.262


           Covariances
              NARAACC       NARACOMP      WOLDCOMP      COMBACC       F8AGE
              ________      ________      ________      ________      ________
 NARAACC      135.614
 NARACOMP      62.985        39.264
 WOLDCOMP      -3.437         0.076         2.197
 COMBACC       23.072        12.313        -0.623         5.305
 F8AGE       -200.096      -115.791         0.774       -45.481         6.119
 F9AGE          6.195         3.042       -10.565         1.068      -248.636


           Covariances
              F9AGE
              ________
 F9AGE         20.998


     SAMPLE STATISTICS WEIGHTED BY ESTIMATED CLASS PROBABILITIES FOR CLASS 7


           Means
              NARAACC       NARACOMP      WOLDCOMP      COMBACC       F8AGE
              ________      ________      ________      ________      ________
               76.149        29.098         7.098        14.639       102.672


           Means
              F9AGE
              ________
              128.091


           Covariances
              NARAACC       NARACOMP      WOLDCOMP      COMBACC       F8AGE
              ________      ________      ________      ________      ________
 NARAACC      189.697
 NARACOMP      56.250        38.666
 WOLDCOMP       7.113         7.857         2.857
 COMBACC       24.224         8.031         2.848         8.337
 F8AGE        -31.855        21.106        -0.157        13.910         3.364
 F9AGE          3.228         0.304        -5.133        -0.783       -72.046


           Covariances
              F9AGE
              ________
 F9AGE         13.885


     SAMPLE STATISTICS WEIGHTED BY ESTIMATED CLASS PROBABILITIES FOR CLASS 8


           Means
              NARAACC       NARACOMP      WOLDCOMP      COMBACC       F8AGE
              ________      ________      ________      ________      ________
               37.490        15.430         7.515         6.745       111.282


           Means
              F9AGE
              ________
              118.445


           Covariances
              NARAACC       NARACOMP      WOLDCOMP      COMBACC       F8AGE
              ________      ________      ________      ________      ________
 NARAACC      155.674
 NARACOMP      58.247        31.769
 WOLDCOMP       2.890         4.353         3.060
 COMBACC       31.408        14.373         1.296        12.991
 F8AGE        -33.424         5.287        -0.220        -0.946         5.153
 F9AGE          8.446         3.425        -1.337         2.488       -36.194


           Covariances
              F9AGE
              ________
 F9AGE         12.455


TECHNICAL 11 OUTPUT

     Random Starts Specifications for the k-1 Class Analysis Model
        Number of initial stage random starts                2000
        Number of final stage optimizations                   200



     VUONG-LO-MENDELL-RUBIN LIKELIHOOD RATIO TEST FOR 7 (H0) VERSUS 8 CLASSES

          H0 Loglikelihood Value                       -54426.847
          2 Times the Loglikelihood Difference            176.464
          Difference in the Number of Parameters               10
          Mean                                           -110.717
          Standard Deviation                              256.124
          P-Value                                          0.1311

     LO-MENDELL-RUBIN ADJUSTED LRT TEST

          Value                                           174.322
          P-Value                                          0.1329


SAMPLE STATISTICS FOR ESTIMATED FACTOR SCORES


     SAMPLE STATISTICS


           Means
              G             C_G
              ________      ________
                0.000        -0.025


           Covariances
              G             C_G
              ________      ________
 G              0.548
 C_G            0.587         0.796


           Correlations
              G             C_G
              ________      ________
 G              1.000
 C_G            0.888         1.000


PLOT INFORMATION

The following plots are available:

  Histograms (sample values, estimated factor scores, estimated values, residuals)
  Scatterplots (sample values, estimated factor scores, estimated values, residuals)
  Latent variable distribution plots
  Estimated overall and class-specific distributions

     Beginning Time:  17:18:35
        Ending Time:  17:22:53
       Elapsed Time:  00:04:18



MUTHEN & MUTHEN
3463 Stoner Ave.
Los Angeles, CA  90066

Tel: (310) 391-9971
Fax: (310) 391-8971
Web: www.StatModel.com
Support: Support@StatModel.com

Copyright (c) 1998-2020 Muthen & Muthen
