Mplus VERSION 8.5
MUTHEN & MUTHEN
10/14/2021   3:02 PM

INPUT INSTRUCTIONS

  TITLE:
   Model 3 (FMM): 6 classes;
  DATA:
  FILE = "mplus_models/simpview/shape/fmm3_1class_576296b10d9f155ad9363f1cbb7ab8da.dat";

  VARIABLE:
  NAMES = cidB3153 f8age f9age naraAcc naraComp woldComp combAcc;
   MISSING=.;
    idvariable = cidb3153; classes = c(6);
  ANALYSIS:
   estimator = mlr; type = mixture;
                                                     starts = 0;
                                                     optseed = 703893;
                                                     k-1starts = 2000 200;
                                                     STSCALE = 1;
  MODEL:
  %OVERALL%
             f8age; f9age;
             combAcc naraAcc naraComp on f9age;
             woldcomp on f8age;

    naraComp naraAcc@0 combAcc woldComp;

    [naraComp naraAcc combAcc woldComp];
                G by combAcc* naraAcc naraComp woldComp;
                naraComp with woldComp;
                [G@0]; G@1;
                f8age with G@0; f9age with G@0;

   %c#1%

    naraComp naraAcc@0 combAcc woldComp;
    [naraComp naraAcc combAcc woldComp];
   %c#2%

    naraComp naraAcc@0 combAcc woldComp;
    [naraComp naraAcc combAcc woldComp];
   %c#3%

    naraComp naraAcc@0 combAcc woldComp;
    [naraComp naraAcc combAcc woldComp];
   %c#4%

    naraComp naraAcc@0 combAcc woldComp;
    [naraComp naraAcc combAcc woldComp];
   %c#5%

    naraComp naraAcc@0 combAcc woldComp;
    [naraComp naraAcc combAcc woldComp];
   %c#6%

    naraComp naraAcc@0 combAcc woldComp;
    [naraComp naraAcc combAcc woldComp];
  OUTPUT:
   TECH7 TECH11;
  PLOT:
  TYPE = PLOT3;



INPUT READING TERMINATED NORMALLY




Model 3 (FMM): 6 classes;

SUMMARY OF ANALYSIS

Number of groups                                                 1
Number of observations                                        3423

Number of dependent variables                                    4
Number of independent variables                                  2
Number of continuous latent variables                            1
Number of categorical latent variables                           1

Observed dependent variables

  Continuous
   NARAACC     NARACOMP    WOLDCOMP    COMBACC

Observed independent variables
   F8AGE       F9AGE

Continuous latent variables
   G

Categorical latent variables
   C

Variables with special functions

  ID variable           CIDB3153

Estimator                                                      MLR
Information matrix                                        OBSERVED
Optimization Specifications for the Quasi-Newton Algorithm for
Continuous Outcomes
  Maximum number of iterations                                 100
  Convergence criterion                                  0.100D-05
Optimization Specifications for the EM Algorithm
  Maximum number of iterations                                 500
  Convergence criteria
    Loglikelihood change                                 0.100D-06
    Relative loglikelihood change                        0.100D-06
    Derivative                                           0.100D-05
Optimization Specifications for the M step of the EM Algorithm for
Categorical Latent variables
  Number of M step iterations                                    1
  M step convergence criterion                           0.100D-05
  Basis for M step termination                           ITERATION
Optimization Specifications for the M step of the EM Algorithm for
Censored, Binary or Ordered Categorical (Ordinal), Unordered
Categorical (Nominal) and Count Outcomes
  Number of M step iterations                                    1
  M step convergence criterion                           0.100D-05
  Basis for M step termination                           ITERATION
  Maximum value for logit thresholds                            15
  Minimum value for logit thresholds                           -15
  Minimum expected cell size for chi-square              0.100D-01
Maximum number of iterations for H1                           2000
Convergence criterion for H1                             0.100D-03
Optimization algorithm                                         EMA
Random Starts Specifications
  Random seed for analysis                                  703893

Input data file(s)
  mplus_models/simpview/shape/fmm3_1class_576296b10d9f155ad9363f1cbb7ab8da.dat
Input data format  FREE


SUMMARY OF DATA

     Number of missing data patterns             5
     Number of y missing data patterns           5
     Number of u missing data patterns           0


COVARIANCE COVERAGE OF DATA

Minimum covariance coverage value   0.100


     PROPORTION OF DATA PRESENT FOR Y


           Covariance Coverage
              NARAACC       NARACOMP      WOLDCOMP      COMBACC       F8AGE
              ________      ________      ________      ________      ________
 NARAACC        1.000
 NARACOMP       1.000         1.000
 WOLDCOMP       0.852         0.852         0.852
 COMBACC        0.996         0.996         0.850         0.996
 F8AGE          0.861         0.861         0.852         0.858         0.861
 F9AGE          1.000         1.000         0.852         0.996         0.861


           Covariance Coverage
              F9AGE
              ________
 F9AGE          1.000



UNIVARIATE SAMPLE STATISTICS


     UNIVARIATE HIGHER-ORDER MOMENT DESCRIPTIVE STATISTICS

         Variable/         Mean/     Skewness/   Minimum/ % with                Percentiles
        Sample Size      Variance    Kurtosis    Maximum  Min/Max      20%/60%    40%/80%    Median

     NARAACC              66.334      -0.525       0.000    0.06%      48.000     62.000     69.000
            3423.000     417.180      -0.469     100.000    0.06%      76.000     86.000
     NARACOMP             25.018      -0.273       0.000    0.09%      18.000     23.000     25.000
            3423.000      62.018      -0.237      44.000    0.03%      28.000     32.000
     WOLDCOMP              7.517       0.082       2.000    0.41%       6.000      7.000      7.000
            2917.000       3.758       0.190      15.000    0.03%       8.000      9.000
     COMBACC              12.788      -0.783       0.000    1.44%       9.000     13.000     14.000
            3408.000      21.534      -0.011      20.000    1.44%      15.000     17.000
     F8AGE               103.533       2.579      94.000    0.03%     102.000    102.000    103.000
            2947.000      11.227       8.561     126.000    0.03%     103.000    105.000
     F9AGE               118.643       1.305     105.000    0.03%     116.000    117.000    118.000
            3423.000      14.907       2.626     139.000    0.06%     119.000    121.000


THE MODEL ESTIMATION TERMINATED NORMALLY



MODEL FIT INFORMATION

Number of Free Parameters                       71

Loglikelihood

          H0 Value                      -54514.647
          H0 Scaling Correction Factor      1.3861
            for MLR

Information Criteria

          Akaike (AIC)                  109171.294
          Bayesian (BIC)                109607.111
          Sample-Size Adjusted BIC      109381.511
            (n* = (n + 2) / 24)



FINAL CLASS COUNTS AND PROPORTIONS FOR THE LATENT CLASSES
BASED ON THE ESTIMATED MODEL

    Latent
   Classes

       1        536.80536          0.15682
       2       2287.06163          0.66815
       3         29.91374          0.00874
       4        125.90142          0.03678
       5        209.59975          0.06123
       6        233.71811          0.06828


FINAL CLASS COUNTS AND PROPORTIONS FOR THE LATENT CLASSES
BASED ON ESTIMATED POSTERIOR PROBABILITIES

    Latent
   Classes

       1        536.80536          0.15682
       2       2287.06163          0.66815
       3         29.91374          0.00874
       4        125.90142          0.03678
       5        209.59975          0.06123
       6        233.71811          0.06828


FINAL CLASS COUNTS AND PROPORTIONS FOR THE LATENT CLASSES
BASED ON THEIR MOST LIKELY LATENT CLASS MEMBERSHIP

Class Counts and Proportions

    Latent
   Classes

       1              515          0.15045
       2             2375          0.69384
       3               27          0.00789
       4               99          0.02892
       5              177          0.05171
       6              230          0.06719


CLASSIFICATION QUALITY

     Entropy                         0.849


Average Latent Class Probabilities for Most Likely Latent Class Membership (Row)
by Latent Class (Column)

           1        2        3        4        5        6

    1   0.836    0.129    0.002    0.006    0.018    0.008
    2   0.041    0.918    0.000    0.005    0.016    0.020
    3   0.041    0.000    0.873    0.039    0.003    0.044
    4   0.000    0.000    0.003    0.961    0.036    0.000
    5   0.024    0.074    0.000    0.027    0.870    0.005
    6   0.017    0.119    0.021    0.040    0.019    0.785


Classification Probabilities for the Most Likely Latent Class Membership (Column)
by Latent Class (Row)

           1        2        3        4        5        6

    1   0.802    0.181    0.002    0.000    0.008    0.007
    2   0.029    0.953    0.000    0.000    0.006    0.012
    3   0.041    0.001    0.788    0.011    0.000    0.160
    4   0.026    0.099    0.008    0.756    0.038    0.072
    5   0.044    0.183    0.000    0.017    0.735    0.021
    6   0.018    0.201    0.005    0.000    0.004    0.772


Logits for the Classification Probabilities for the Most Likely Latent Class Membership (Column)
by Latent Class (Row)

              1        2        3        4        5        6

    1      4.730    3.239   -1.232   -8.865    0.094    0.000
    2      0.885    4.376   -7.654   -9.392   -0.736    0.000
    3     -1.355   -5.004    1.597   -2.702  -11.980    0.000
    4     -1.008    0.311   -2.149    2.345   -0.646    0.000
    5      0.746    2.174   -4.105   -0.210    3.564    0.000
    6     -3.781   -1.345   -5.027  -13.557   -5.344    0.000


MODEL RESULTS

                                                    Two-Tailed
                    Estimate       S.E.  Est./S.E.    P-Value

Latent Class 1

 G        BY
    COMBACC            2.387      0.102     23.297      0.000
    NARAACC           16.482      0.369     44.623      0.000
    NARACOMP           5.176      0.134     38.484      0.000
    WOLDCOMP           0.515      0.040     13.004      0.000

 COMBACC    ON
    F9AGE              0.058      0.029      1.984      0.047

 NARAACC    ON
    F9AGE              0.566      0.146      3.868      0.000

 NARACOMP   ON
    F9AGE              0.165      0.055      3.026      0.002

 WOLDCOMP   ON
    F8AGE              0.022      0.024      0.919      0.358

 F8AGE    WITH
    G                  0.000      0.000    999.000    999.000

 F9AGE    WITH
    G                  0.000      0.000    999.000    999.000

 NARACOMP WITH
    WOLDCOMP           2.647      0.161     16.431      0.000

 F9AGE    WITH
    F8AGE             -0.005      0.184     -0.029      0.977

 Means
    F8AGE            102.822      0.096   1071.646      0.000
    F9AGE            117.901      0.166    709.422      0.000
    G                  0.000      0.000    999.000    999.000

 Intercepts
    NARAACC          -26.634     17.368     -1.534      0.125
    NARACOMP          -3.298      6.471     -0.510      0.610
    WOLDCOMP           4.679      2.433      1.923      0.054
    COMBACC           -1.260      3.476     -0.362      0.717

 Variances
    F8AGE              2.630      0.112     23.509      0.000
    F9AGE              8.105      0.548     14.786      0.000
    G                  1.000      0.000    999.000    999.000

 Residual Variances
    NARAACC            0.000      0.000    999.000    999.000
    NARACOMP           9.499      0.722     13.162      0.000
    WOLDCOMP           3.996      0.308     12.984      0.000
    COMBACC            4.079      0.454      8.979      0.000

Latent Class 2

 G        BY
    COMBACC            2.387      0.102     23.297      0.000
    NARAACC           16.482      0.369     44.623      0.000
    NARACOMP           5.176      0.134     38.484      0.000
    WOLDCOMP           0.515      0.040     13.004      0.000

 COMBACC    ON
    F9AGE              0.058      0.029      1.984      0.047

 NARAACC    ON
    F9AGE              0.566      0.146      3.868      0.000

 NARACOMP   ON
    F9AGE              0.165      0.055      3.026      0.002

 WOLDCOMP   ON
    F8AGE              0.022      0.024      0.919      0.358

 F8AGE    WITH
    G                  0.000      0.000    999.000    999.000

 F9AGE    WITH
    G                  0.000      0.000    999.000    999.000

 NARACOMP WITH
    WOLDCOMP           2.647      0.161     16.431      0.000

 F9AGE    WITH
    F8AGE             -0.005      0.184     -0.029      0.977

 Means
    F8AGE            102.609      0.046   2213.401      0.000
    F9AGE            117.576      0.133    883.840      0.000
    G                  0.000      0.000    999.000    999.000

 Intercepts
    NARAACC            6.197     17.206      0.360      0.719
    NARACOMP           7.749      6.412      1.209      0.227
    WOLDCOMP           5.409      2.425      2.231      0.026
    COMBACC            7.686      3.438      2.236      0.025

 Variances
    F8AGE              2.630      0.112     23.509      0.000
    F9AGE              8.105      0.548     14.786      0.000
    G                  1.000      0.000    999.000    999.000

 Residual Variances
    NARAACC            0.000      0.000    999.000    999.000
    NARACOMP          21.367      0.695     30.737      0.000
    WOLDCOMP           3.317      0.111     29.930      0.000
    COMBACC            5.018      0.254     19.768      0.000

Latent Class 3

 G        BY
    COMBACC            2.387      0.102     23.297      0.000
    NARAACC           16.482      0.369     44.623      0.000
    NARACOMP           5.176      0.134     38.484      0.000
    WOLDCOMP           0.515      0.040     13.004      0.000

 COMBACC    ON
    F9AGE              0.058      0.029      1.984      0.047

 NARAACC    ON
    F9AGE              0.566      0.146      3.868      0.000

 NARACOMP   ON
    F9AGE              0.165      0.055      3.026      0.002

 WOLDCOMP   ON
    F8AGE              0.022      0.024      0.919      0.358

 F8AGE    WITH
    G                  0.000      0.000    999.000    999.000

 F9AGE    WITH
    G                  0.000      0.000    999.000    999.000

 NARACOMP WITH
    WOLDCOMP           2.647      0.161     16.431      0.000

 F9AGE    WITH
    F8AGE             -0.005      0.184     -0.029      0.977

 Means
    F8AGE            121.573      0.948    128.297      0.000
    F9AGE            129.431      2.708     47.801      0.000
    G                  0.000      0.000    999.000    999.000

 Intercepts
    NARAACC          -33.142     19.455     -1.704      0.088
    NARACOMP          -6.056      7.467     -0.811      0.417
    WOLDCOMP           4.866      3.067      1.586      0.113
    COMBACC           -0.827      4.310     -0.192      0.848

 Variances
    F8AGE              2.630      0.112     23.509      0.000
    F9AGE              8.105      0.548     14.786      0.000
    G                  1.000      0.000    999.000    999.000

 Residual Variances
    NARAACC            0.000      0.000    999.000    999.000
    NARACOMP          10.142      2.141      4.738      0.000
    WOLDCOMP           2.053      0.925      2.219      0.026
    COMBACC            7.200      1.771      4.065      0.000

Latent Class 4

 G        BY
    COMBACC            2.387      0.102     23.297      0.000
    NARAACC           16.482      0.369     44.623      0.000
    NARACOMP           5.176      0.134     38.484      0.000
    WOLDCOMP           0.515      0.040     13.004      0.000

 COMBACC    ON
    F9AGE              0.058      0.029      1.984      0.047

 NARAACC    ON
    F9AGE              0.566      0.146      3.868      0.000

 NARACOMP   ON
    F9AGE              0.165      0.055      3.026      0.002

 WOLDCOMP   ON
    F8AGE              0.022      0.024      0.919      0.358

 F8AGE    WITH
    G                  0.000      0.000    999.000    999.000

 F9AGE    WITH
    G                  0.000      0.000    999.000    999.000

 NARACOMP WITH
    WOLDCOMP           2.647      0.161     16.431      0.000

 F9AGE    WITH
    F8AGE             -0.005      0.184     -0.029      0.977

 Means
    F8AGE            115.666      0.468    247.181      0.000
    F9AGE            122.161      0.501    243.886      0.000
    G                  0.000      0.000    999.000    999.000

 Intercepts
    NARAACC           -4.250     18.758     -0.227      0.821
    NARACOMP           4.256      6.892      0.617      0.537
    WOLDCOMP           5.462      2.719      2.009      0.045
    COMBACC            5.662      3.742      1.513      0.130

 Variances
    F8AGE              2.630      0.112     23.509      0.000
    F9AGE              8.105      0.548     14.786      0.000
    G                  1.000      0.000    999.000    999.000

 Residual Variances
    NARAACC            0.000      0.000    999.000    999.000
    NARACOMP          20.347      3.460      5.881      0.000
    WOLDCOMP           3.673      0.434      8.469      0.000
    COMBACC            7.720      0.952      8.106      0.000

Latent Class 5

 G        BY
    COMBACC            2.387      0.102     23.297      0.000
    NARAACC           16.482      0.369     44.623      0.000
    NARACOMP           5.176      0.134     38.484      0.000
    WOLDCOMP           0.515      0.040     13.004      0.000

 COMBACC    ON
    F9AGE              0.058      0.029      1.984      0.047

 NARAACC    ON
    F9AGE              0.566      0.146      3.868      0.000

 NARACOMP   ON
    F9AGE              0.165      0.055      3.026      0.002

 WOLDCOMP   ON
    F8AGE              0.022      0.024      0.919      0.358

 F8AGE    WITH
    G                  0.000      0.000    999.000    999.000

 F9AGE    WITH
    G                  0.000      0.000    999.000    999.000

 NARACOMP WITH
    WOLDCOMP           2.647      0.161     16.431      0.000

 F9AGE    WITH
    F8AGE             -0.005      0.184     -0.029      0.977

 Means
    F8AGE            108.792      0.360    302.339      0.000
    F9AGE            119.548      0.351    340.174      0.000
    G                  0.000      0.000    999.000    999.000

 Intercepts
    NARAACC           -3.747     17.654     -0.212      0.832
    NARACOMP           4.007      6.601      0.607      0.544
    WOLDCOMP           4.943      2.611      1.893      0.058
    COMBACC            5.341      3.517      1.519      0.129

 Variances
    F8AGE              2.630      0.112     23.509      0.000
    F9AGE              8.105      0.548     14.786      0.000
    G                  1.000      0.000    999.000    999.000

 Residual Variances
    NARAACC            0.000      0.000    999.000    999.000
    NARACOMP          23.260      3.192      7.287      0.000
    WOLDCOMP           3.697      0.460      8.043      0.000
    COMBACC            8.132      0.861      9.443      0.000

Latent Class 6

 G        BY
    COMBACC            2.387      0.102     23.297      0.000
    NARAACC           16.482      0.369     44.623      0.000
    NARACOMP           5.176      0.134     38.484      0.000
    WOLDCOMP           0.515      0.040     13.004      0.000

 COMBACC    ON
    F9AGE              0.058      0.029      1.984      0.047

 NARAACC    ON
    F9AGE              0.566      0.146      3.868      0.000

 NARACOMP   ON
    F9AGE              0.165      0.055      3.026      0.002

 WOLDCOMP   ON
    F8AGE              0.022      0.024      0.919      0.358

 F8AGE    WITH
    G                  0.000      0.000    999.000    999.000

 F9AGE    WITH
    G                  0.000      0.000    999.000    999.000

 NARACOMP WITH
    WOLDCOMP           2.647      0.161     16.431      0.000

 F9AGE    WITH
    F8AGE             -0.005      0.184     -0.029      0.977

 Means
    F8AGE            102.626      0.257    399.131      0.000
    F9AGE            126.700      0.923    137.249      0.000
    G                  0.000      0.000    999.000    999.000

 Intercepts
    NARAACC           -1.000     19.324     -0.052      0.959
    NARACOMP           6.461      7.245      0.892      0.373
    WOLDCOMP           4.775      2.439      1.957      0.050
    COMBACC            6.586      3.830      1.720      0.085

 Variances
    F8AGE              2.630      0.112     23.509      0.000
    F9AGE              8.105      0.548     14.786      0.000
    G                  1.000      0.000    999.000    999.000

 Residual Variances
    NARAACC            0.000      0.000    999.000    999.000
    NARACOMP          20.129      2.361      8.526      0.000
    WOLDCOMP           3.151      0.591      5.329      0.000
    COMBACC            5.991      0.868      6.901      0.000

Categorical Latent Variables

 Means
    C#1                0.832      0.248      3.347      0.001
    C#2                2.281      0.229      9.964      0.000
    C#3               -2.056      0.331     -6.218      0.000
    C#4               -0.619      0.258     -2.394      0.017
    C#5               -0.109      0.239     -0.455      0.649


QUALITY OF NUMERICAL RESULTS

     Condition Number for the Information Matrix              0.191E-09
       (ratio of smallest to largest eigenvalue)


TECHNICAL 7 OUTPUT


     SAMPLE STATISTICS WEIGHTED BY ESTIMATED CLASS PROBABILITIES FOR CLASS 1


           Means
              NARAACC       NARACOMP      WOLDCOMP      COMBACC       F8AGE
              ________      ________      ________      ________      ________
               40.060        16.147         6.986         5.565       102.822


           Means
              F9AGE
              ________
              117.901


           Covariances
              NARAACC       NARACOMP      WOLDCOMP      COMBACC       F8AGE
              ________      ________      ________      ________      ________
 NARAACC      244.290
 NARACOMP      85.474        37.806
 WOLDCOMP      11.183         6.337         3.547
 COMBACC       38.589        13.825         1.960         9.993
 F8AGE         79.154        41.937        -0.097        10.884         2.444
 F9AGE          1.458         0.316        -1.675         0.179       -20.105


           Covariances
              F9AGE
              ________
 F9AGE          8.089


     SAMPLE STATISTICS WEIGHTED BY ESTIMATED CLASS PROBABILITIES FOR CLASS 2


           Means
              NARAACC       NARACOMP      WOLDCOMP      COMBACC       F8AGE
              ________      ________      ________      ________      ________
               72.707        27.141         7.659        14.480       102.609


           Means
              F9AGE
              ________
              117.576


           Covariances
              NARAACC       NARACOMP      WOLDCOMP      COMBACC       F8AGE
              ________      ________      ________      ________      ________
 NARAACC      250.893
 NARACOMP      73.780        43.559
 WOLDCOMP       9.925         6.626         3.691
 COMBACC       33.882         9.875         1.327         9.567
 F8AGE         27.531        16.038         0.061         3.900         2.385
 F9AGE          3.210         1.077        -0.815         0.182       -10.052


           Covariances
              F9AGE
              ________
 F9AGE          6.917


     SAMPLE STATISTICS WEIGHTED BY ESTIMATED CLASS PROBABILITIES FOR CLASS 3


           Means
              NARAACC       NARACOMP      WOLDCOMP      COMBACC       F8AGE
              ________      ________      ________      ________      ________
               40.075        15.290         7.624         6.899       121.573


           Means
              F9AGE
              ________
              129.431


           Covariances
              NARAACC       NARACOMP      WOLDCOMP      COMBACC       F8AGE
              ________      ________      ________      ________      ________
 NARAACC      583.057
 NARACOMP     171.152        60.774
 WOLDCOMP     107.855        29.892         3.186
 COMBACC      132.828        39.151        27.340        30.313
 F8AGE       1413.336       333.746         2.178       367.282         6.596
 F9AGE         31.704         6.181        -7.441         5.274       -31.134


           Covariances
              F9AGE
              ________
 F9AGE         22.107


     SAMPLE STATISTICS WEIGHTED BY ESTIMATED CLASS PROBABILITIES FOR CLASS 4


           Means
              NARAACC       NARACOMP      WOLDCOMP      COMBACC       F8AGE
              ________      ________      ________      ________      ________
               64.854        24.404         8.018        12.724       115.666


           Means
              F9AGE
              ________
              122.161


           Covariances
              NARAACC       NARACOMP      WOLDCOMP      COMBACC       F8AGE
              ________      ________      ________      ________      ________
 NARAACC      414.674
 NARACOMP     121.182        57.752
 WOLDCOMP      17.049        11.269         4.529
 COMBACC       78.976        24.457         3.687        21.745
 F8AGE         52.444        21.166        -0.661        10.858         5.618
 F9AGE         11.346         1.535        -0.866         2.920       -33.714


           Covariances
              F9AGE
              ________
 F9AGE         14.874


     SAMPLE STATISTICS WEIGHTED BY ESTIMATED CLASS PROBABILITIES FOR CLASS 5


           Means
              NARAACC       NARACOMP      WOLDCOMP      COMBACC       F8AGE
              ________      ________      ________      ________      ________
               63.878        23.723         7.332        12.265       108.792


           Means
              F9AGE
              ________
              119.548


           Covariances
              NARAACC       NARACOMP      WOLDCOMP      COMBACC       F8AGE
              ________      ________      ________      ________      ________
 NARAACC      399.070
 NARACOMP     126.900        63.478
 WOLDCOMP       8.386         6.035         3.710
 COMBACC       69.631        22.938         1.398        19.462
 F8AGE         24.743        19.542         0.048         5.847         3.444
 F9AGE         12.544         3.421        -1.712         3.020       -17.079


           Covariances
              F9AGE
              ________
 F9AGE         10.632


     SAMPLE STATISTICS WEIGHTED BY ESTIMATED CLASS PROBABILITIES FOR CLASS 6


           Means
              NARAACC       NARACOMP      WOLDCOMP      COMBACC       F8AGE
              ________      ________      ________      ________      ________
               70.672        27.357         7.039        13.963       102.626


           Means
              F9AGE
              ________
              126.700


           Covariances
              NARAACC       NARACOMP      WOLDCOMP      COMBACC       F8AGE
              ________      ________      ________      ________      ________
 NARAACC      341.177
 NARACOMP     110.194        55.280
 WOLDCOMP       8.971         6.794         3.359
 COMBACC       51.264        17.264         3.218        12.571
 F8AGE        -39.381         1.636        -0.186        11.880         3.220
 F9AGE          8.085         1.898        -3.337        -0.356       -46.733


           Covariances
              F9AGE
              ________
 F9AGE         12.064


TECHNICAL 11 OUTPUT

     Random Starts Specifications for the k-1 Class Analysis Model
        Number of initial stage random starts                2000
        Number of final stage optimizations                   200



     VUONG-LO-MENDELL-RUBIN LIKELIHOOD RATIO TEST FOR 5 (H0) VERSUS 6 CLASSES

          H0 Loglikelihood Value                       -54598.532
          2 Times the Loglikelihood Difference            167.769
          Difference in the Number of Parameters               10
          Mean                                            106.221
          Standard Deviation                              171.924
          P-Value                                          0.2411

     LO-MENDELL-RUBIN ADJUSTED LRT TEST

          Value                                           165.733
          P-Value                                          0.2443


SAMPLE STATISTICS FOR ESTIMATED FACTOR SCORES


     SAMPLE STATISTICS


           Means
              G             C_G
              ________      ________
                0.000        -0.026


           Covariances
              G             C_G
              ________      ________
 G              0.842
 C_G            0.864         0.950


           Correlations
              G             C_G
              ________      ________
 G              1.000
 C_G            0.966         1.000


PLOT INFORMATION

The following plots are available:

  Histograms (sample values, estimated factor scores, estimated values, residuals)
  Scatterplots (sample values, estimated factor scores, estimated values, residuals)
  Latent variable distribution plots
  Estimated overall and class-specific distributions

     Beginning Time:  15:02:03
        Ending Time:  15:04:22
       Elapsed Time:  00:02:19



MUTHEN & MUTHEN
3463 Stoner Ave.
Los Angeles, CA  90066

Tel: (310) 391-9971
Fax: (310) 391-8971
Web: www.StatModel.com
Support: Support@StatModel.com

Copyright (c) 1998-2020 Muthen & Muthen
