Mplus VERSION 8.5
MUTHEN & MUTHEN
10/12/2021   3:33 PM

INPUT INSTRUCTIONS

  TITLE:
   Model 3 (FMM): 2 classes;
  DATA:
  FILE = "mplus_models/simpview/shape/fmm3_1class_576296b10d9f155ad9363f1cbb7ab8da.dat";

  VARIABLE:
  NAMES = cidB3153 f8age f9age naraAcc naraComp woldComp combAcc;
   MISSING=.;
    idvariable = cidb3153; classes = c(2);
  ANALYSIS:
   estimator = mlr; type = mixture;
                                                     starts = 0;
                                                     optseed = 447667;
                                                     k-1starts = 20 4;
                                                     STSCALE = 5;
  MODEL:
  %OVERALL%
             f8age; f9age;
             combAcc naraAcc naraComp on f9age;
             woldcomp on f8age;

    naraComp naraAcc@0 combAcc woldComp;

    [naraComp naraAcc combAcc woldComp];
                G by combAcc* naraAcc naraComp woldComp;
                naraComp with woldComp;
                [G@0]; G@1;
                f8age with G@0; f9age with G@0;

   %c#1%

    naraComp naraAcc@0 combAcc woldComp;
    [naraComp naraAcc combAcc woldComp];
   %c#2%

    naraComp naraAcc@0 combAcc woldComp;
    [naraComp naraAcc combAcc woldComp];
  OUTPUT:
   TECH7 TECH11;
  PLOT:
  TYPE = PLOT3;



INPUT READING TERMINATED NORMALLY




Model 3 (FMM): 2 classes;

SUMMARY OF ANALYSIS

Number of groups                                                 1
Number of observations                                        3423

Number of dependent variables                                    4
Number of independent variables                                  2
Number of continuous latent variables                            1
Number of categorical latent variables                           1

Observed dependent variables

  Continuous
   NARAACC     NARACOMP    WOLDCOMP    COMBACC

Observed independent variables
   F8AGE       F9AGE

Continuous latent variables
   G

Categorical latent variables
   C

Variables with special functions

  ID variable           CIDB3153

Estimator                                                      MLR
Information matrix                                        OBSERVED
Optimization Specifications for the Quasi-Newton Algorithm for
Continuous Outcomes
  Maximum number of iterations                                 100
  Convergence criterion                                  0.100D-05
Optimization Specifications for the EM Algorithm
  Maximum number of iterations                                 500
  Convergence criteria
    Loglikelihood change                                 0.100D-06
    Relative loglikelihood change                        0.100D-06
    Derivative                                           0.100D-05
Optimization Specifications for the M step of the EM Algorithm for
Categorical Latent variables
  Number of M step iterations                                    1
  M step convergence criterion                           0.100D-05
  Basis for M step termination                           ITERATION
Optimization Specifications for the M step of the EM Algorithm for
Censored, Binary or Ordered Categorical (Ordinal), Unordered
Categorical (Nominal) and Count Outcomes
  Number of M step iterations                                    1
  M step convergence criterion                           0.100D-05
  Basis for M step termination                           ITERATION
  Maximum value for logit thresholds                            15
  Minimum value for logit thresholds                           -15
  Minimum expected cell size for chi-square              0.100D-01
Maximum number of iterations for H1                           2000
Convergence criterion for H1                             0.100D-03
Optimization algorithm                                         EMA
Random Starts Specifications
  Random seed for analysis                                  447667

Input data file(s)
  mplus_models/simpview/shape/fmm3_1class_576296b10d9f155ad9363f1cbb7ab8da.dat
Input data format  FREE


SUMMARY OF DATA

     Number of missing data patterns             5
     Number of y missing data patterns           5
     Number of u missing data patterns           0


COVARIANCE COVERAGE OF DATA

Minimum covariance coverage value   0.100


     PROPORTION OF DATA PRESENT FOR Y


           Covariance Coverage
              NARAACC       NARACOMP      WOLDCOMP      COMBACC       F8AGE
              ________      ________      ________      ________      ________
 NARAACC        1.000
 NARACOMP       1.000         1.000
 WOLDCOMP       0.852         0.852         0.852
 COMBACC        0.996         0.996         0.850         0.996
 F8AGE          0.861         0.861         0.852         0.858         0.861
 F9AGE          1.000         1.000         0.852         0.996         0.861


           Covariance Coverage
              F9AGE
              ________
 F9AGE          1.000



UNIVARIATE SAMPLE STATISTICS


     UNIVARIATE HIGHER-ORDER MOMENT DESCRIPTIVE STATISTICS

         Variable/         Mean/     Skewness/   Minimum/ % with                Percentiles
        Sample Size      Variance    Kurtosis    Maximum  Min/Max      20%/60%    40%/80%    Median

     NARAACC              66.334      -0.525       0.000    0.06%      48.000     62.000     69.000
            3423.000     417.180      -0.469     100.000    0.06%      76.000     86.000
     NARACOMP             25.018      -0.273       0.000    0.09%      18.000     23.000     25.000
            3423.000      62.018      -0.237      44.000    0.03%      28.000     32.000
     WOLDCOMP              7.517       0.082       2.000    0.41%       6.000      7.000      7.000
            2917.000       3.758       0.190      15.000    0.03%       8.000      9.000
     COMBACC              12.788      -0.783       0.000    1.44%       9.000     13.000     14.000
            3408.000      21.534      -0.011      20.000    1.44%      15.000     17.000
     F8AGE               103.533       2.579      94.000    0.03%     102.000    102.000    103.000
            2947.000      11.227       8.561     126.000    0.03%     103.000    105.000
     F9AGE               118.643       1.305     105.000    0.03%     116.000    117.000    118.000
            3423.000      14.907       2.626     139.000    0.06%     119.000    121.000


THE MODEL ESTIMATION TERMINATED NORMALLY



MODEL FIT INFORMATION

Number of Free Parameters                       31

Loglikelihood

          H0 Value                      -55227.121
          H0 Scaling Correction Factor      1.3233
            for MLR

Information Criteria

          Akaike (AIC)                  110516.241
          Bayesian (BIC)                110706.528
          Sample-Size Adjusted BIC      110608.026
            (n* = (n + 2) / 24)



FINAL CLASS COUNTS AND PROPORTIONS FOR THE LATENT CLASSES
BASED ON THE ESTIMATED MODEL

    Latent
   Classes

       1       3171.47444          0.92652
       2        251.52556          0.07348


FINAL CLASS COUNTS AND PROPORTIONS FOR THE LATENT CLASSES
BASED ON ESTIMATED POSTERIOR PROBABILITIES

    Latent
   Classes

       1       3171.47444          0.92652
       2        251.52556          0.07348


FINAL CLASS COUNTS AND PROPORTIONS FOR THE LATENT CLASSES
BASED ON THEIR MOST LIKELY LATENT CLASS MEMBERSHIP

Class Counts and Proportions

    Latent
   Classes

       1             3200          0.93485
       2              223          0.06515


CLASSIFICATION QUALITY

     Entropy                         0.928


Average Latent Class Probabilities for Most Likely Latent Class Membership (Row)
by Latent Class (Column)

           1        2

    1   0.985    0.015
    2   0.093    0.907


Classification Probabilities for the Most Likely Latent Class Membership (Column)
by Latent Class (Row)

           1        2

    1   0.993    0.007
    2   0.196    0.804


Logits for the Classification Probabilities for the Most Likely Latent Class Membership (Column)
by Latent Class (Row)

              1        2

    1      5.020    0.000
    2     -1.411    0.000


MODEL RESULTS

                                                    Two-Tailed
                    Estimate       S.E.  Est./S.E.    P-Value

Latent Class 1

 G        BY
    COMBACC            3.857      0.067     57.355      0.000
    NARAACC           20.352      0.215     94.612      0.000
    NARACOMP           6.461      0.108     59.967      0.000
    WOLDCOMP           0.567      0.037     15.526      0.000

 COMBACC    ON
    F9AGE              0.048      0.023      2.120      0.034

 NARAACC    ON
    F9AGE              0.388      0.099      3.906      0.000

 NARACOMP   ON
    F9AGE              0.166      0.037      4.436      0.000

 WOLDCOMP   ON
    F8AGE              0.022      0.018      1.202      0.229

 F8AGE    WITH
    G                  0.000      0.000    999.000    999.000

 F9AGE    WITH
    G                  0.000      0.000    999.000    999.000

 NARACOMP WITH
    WOLDCOMP           2.751      0.157     17.516      0.000

 F9AGE    WITH
    F8AGE              0.681      0.198      3.430      0.001

 Means
    F8AGE            102.872      0.045   2300.700      0.000
    F9AGE            118.283      0.070   1691.521      0.000
    G                  0.000      0.000    999.000    999.000

 Intercepts
    NARAACC           20.778     11.743      1.769      0.077
    NARACOMP           5.516      4.424      1.247      0.212
    WOLDCOMP           5.217      1.870      2.790      0.005
    COMBACC            7.188      2.668      2.694      0.007

 Variances
    F8AGE              4.027      0.195     20.702      0.000
    F9AGE             13.274      0.532     24.970      0.000
    G                  1.000      0.000    999.000    999.000

 Residual Variances
    NARAACC            0.000      0.000    999.000    999.000
    NARACOMP          19.749      0.545     36.223      0.000
    WOLDCOMP           3.450      0.096     35.759      0.000
    COMBACC            6.739      0.181     37.207      0.000

Latent Class 2

 G        BY
    COMBACC            3.857      0.067     57.355      0.000
    NARAACC           20.352      0.215     94.612      0.000
    NARACOMP           6.461      0.108     59.967      0.000
    WOLDCOMP           0.567      0.037     15.526      0.000

 COMBACC    ON
    F9AGE              0.048      0.023      2.120      0.034

 NARAACC    ON
    F9AGE              0.388      0.099      3.906      0.000

 NARACOMP   ON
    F9AGE              0.166      0.037      4.436      0.000

 WOLDCOMP   ON
    F8AGE              0.022      0.018      1.202      0.229

 F8AGE    WITH
    G                  0.000      0.000    999.000    999.000

 F9AGE    WITH
    G                  0.000      0.000    999.000    999.000

 NARACOMP WITH
    WOLDCOMP           2.751      0.157     17.516      0.000

 F9AGE    WITH
    F8AGE              0.681      0.198      3.430      0.001

 Means
    F8AGE            114.360      0.500    228.618      0.000
    F9AGE            123.181      0.556    221.442      0.000
    G                  0.000      0.000    999.000    999.000

 Intercepts
    NARAACC           13.817     12.604      1.096      0.273
    NARACOMP           2.612      4.746      0.550      0.582
    WOLDCOMP           5.172      2.091      2.474      0.013
    COMBACC            5.898      2.868      2.056      0.040

 Variances
    F8AGE              4.027      0.195     20.702      0.000
    F9AGE             13.274      0.532     24.970      0.000
    G                  1.000      0.000    999.000    999.000

 Residual Variances
    NARAACC            0.000      0.000    999.000    999.000
    NARACOMP          20.334      2.305      8.824      0.000
    WOLDCOMP           3.476      0.340     10.227      0.000
    COMBACC            6.503      0.629     10.342      0.000

Categorical Latent Variables

 Means
    C#1                2.534      0.082     30.865      0.000


QUALITY OF NUMERICAL RESULTS

     Condition Number for the Information Matrix              0.545E-08
       (ratio of smallest to largest eigenvalue)


TECHNICAL 7 OUTPUT


     SAMPLE STATISTICS WEIGHTED BY ESTIMATED CLASS PROBABILITIES FOR CLASS 1


           Means
              NARAACC       NARACOMP      WOLDCOMP      COMBACC       F8AGE
              ________      ________      ________      ________      ________
               66.705        25.171         7.503        12.862       102.863


           Means
              F9AGE
              ________
              118.283


           Covariances
              NARAACC       NARACOMP      WOLDCOMP      COMBACC       F8AGE
              ________      ________      ________      ________      ________
 NARAACC      404.961
 NARACOMP     128.852        60.689
 WOLDCOMP      15.846         8.403         3.732
 COMBACC       76.678        24.902         3.043        20.992
 F8AGE         72.422        31.733        -0.037        15.419         3.474
 F9AGE          3.093         1.490        -1.794         0.280       -17.947


           Covariances
              F9AGE
              ________
 F9AGE         11.931


     SAMPLE STATISTICS WEIGHTED BY ESTIMATED CLASS PROBABILITIES FOR CLASS 2


           Means
              NARAACC       NARACOMP      WOLDCOMP      COMBACC       F8AGE
              ________      ________      ________      ________      ________
               61.646        23.081         7.742        11.847       114.271


           Means
              F9AGE
              ________
              123.181


           Covariances
              NARAACC       NARACOMP      WOLDCOMP      COMBACC       F8AGE
              ________      ________      ________      ________      ________
 NARAACC      547.532
 NARACOMP     171.295        74.727
 WOLDCOMP      22.618        11.580         4.123
 COMBACC      109.477        35.474         5.811        27.472
 F8AGE        141.100        44.488         0.253        43.903        12.826
 F9AGE         17.812         3.723       -12.674         2.022      -192.099


           Covariances
              F9AGE
              ________
 F9AGE         30.210


TECHNICAL 11 OUTPUT

     Random Starts Specifications for the k-1 Class Analysis Model
        Number of initial stage random starts                  20
        Number of final stage optimizations                     4



     VUONG-LO-MENDELL-RUBIN LIKELIHOOD RATIO TEST FOR 1 (H0) VERSUS 2 CLASSES

          H0 Loglikelihood Value                       -56155.954
          2 Times the Loglikelihood Difference           1857.668
          Difference in the Number of Parameters               10
          Mean                                             25.312
          Standard Deviation                               64.831
          P-Value                                          0.0000

     LO-MENDELL-RUBIN ADJUSTED LRT TEST

          Value                                          1835.119
          P-Value                                          0.0000


SAMPLE STATISTICS FOR ESTIMATED FACTOR SCORES


     SAMPLE STATISTICS


           Means
              G             C_G
              ________      ________
                0.000        -0.003


           Covariances
              G             C_G
              ________      ________
 G              0.998
 C_G            1.000         1.002


           Correlations
              G             C_G
              ________      ________
 G              1.000
 C_G            1.000         1.000


PLOT INFORMATION

The following plots are available:

  Histograms (sample values, estimated factor scores, estimated values, residuals)
  Scatterplots (sample values, estimated factor scores, estimated values, residuals)
  Latent variable distribution plots
  Estimated overall and class-specific distributions

     Beginning Time:  15:33:50
        Ending Time:  15:33:50
       Elapsed Time:  00:00:00



MUTHEN & MUTHEN
3463 Stoner Ave.
Los Angeles, CA  90066

Tel: (310) 391-9971
Fax: (310) 391-8971
Web: www.StatModel.com
Support: Support@StatModel.com

Copyright (c) 1998-2020 Muthen & Muthen
