Mplus VERSION 8.5
MUTHEN & MUTHEN
09/29/2021  11:58 AM

INPUT INSTRUCTIONS

  TITLE:
   Model 4 (LPA and G covariate): 3 classes;
  DATA:
  FILE = "mplus_models/simpview/shape/lpa4_1class_de1b3854e8a32ccc95df154eccc810fd.dat";

  VARIABLE:
  NAMES = NARACOMP NARAACC COMBACC WOLDCOMP F8AGE F9AGE G CIDB3153;
   MISSING=.;
    idvariable = cidb3153; classes = c(3);
  ANALYSIS:
   estimator = mlr; type = mixture;
                                                     starts = 0;
                                                     optseed = 36714;
                                                     k-1starts = 20 4;
                                                     STSCALE = 5;
  MODEL:
  %OVERALL%
             f8age; f9age;
             combAcc naraAcc naraComp on f9age;
             woldcomp on f8age;

    naraComp naraAcc combAcc woldComp;

    [naraComp naraAcc combAcc woldComp];
                combAcc naraAcc naraComp woldComp ON G;

    naraComp with naraAcc@0;
    naraComp with combAcc@0;
    naraComp with woldComp@0;
    naraAcc with combAcc@0;
    naraAcc with woldComp@0;
    combAcc with woldComp@0;
   %c#1%

    naraComp naraAcc combAcc woldComp;
    [naraComp naraAcc combAcc woldComp];
   %c#2%

    naraComp naraAcc combAcc woldComp;
    [naraComp naraAcc combAcc woldComp];
   %c#3%

    naraComp naraAcc combAcc woldComp;
    [naraComp naraAcc combAcc woldComp];
  OUTPUT:
   TECH7 TECH11;
  PLOT:
  TYPE = PLOT3;



INPUT READING TERMINATED NORMALLY




Model 4 (LPA and G covariate): 3 classes;

SUMMARY OF ANALYSIS

Number of groups                                                 1
Number of observations                                        3423

Number of dependent variables                                    4
Number of independent variables                                  3
Number of continuous latent variables                            0
Number of categorical latent variables                           1

Observed dependent variables

  Continuous
   NARACOMP    NARAACC     COMBACC     WOLDCOMP

Observed independent variables
   F8AGE       F9AGE       G

Categorical latent variables
   C

Variables with special functions

  ID variable           CIDB3153

Estimator                                                      MLR
Information matrix                                        OBSERVED
Optimization Specifications for the Quasi-Newton Algorithm for
Continuous Outcomes
  Maximum number of iterations                                 100
  Convergence criterion                                  0.100D-05
Optimization Specifications for the EM Algorithm
  Maximum number of iterations                                 500
  Convergence criteria
    Loglikelihood change                                 0.100D-06
    Relative loglikelihood change                        0.100D-06
    Derivative                                           0.100D-05
Optimization Specifications for the M step of the EM Algorithm for
Categorical Latent variables
  Number of M step iterations                                    1
  M step convergence criterion                           0.100D-05
  Basis for M step termination                           ITERATION
Optimization Specifications for the M step of the EM Algorithm for
Censored, Binary or Ordered Categorical (Ordinal), Unordered
Categorical (Nominal) and Count Outcomes
  Number of M step iterations                                    1
  M step convergence criterion                           0.100D-05
  Basis for M step termination                           ITERATION
  Maximum value for logit thresholds                            15
  Minimum value for logit thresholds                           -15
  Minimum expected cell size for chi-square              0.100D-01
Maximum number of iterations for H1                           2000
Convergence criterion for H1                             0.100D-03
Optimization algorithm                                         EMA
Random Starts Specifications
  Random seed for analysis                                   36714

Input data file(s)
  mplus_models/simpview/shape/lpa4_1class_de1b3854e8a32ccc95df154eccc810fd.dat
Input data format  FREE


SUMMARY OF DATA

     Number of missing data patterns             5
     Number of y missing data patterns           5
     Number of u missing data patterns           0


COVARIANCE COVERAGE OF DATA

Minimum covariance coverage value   0.100


     PROPORTION OF DATA PRESENT FOR Y


           Covariance Coverage
              NARACOMP      NARAACC       COMBACC       WOLDCOMP      F8AGE
              ________      ________      ________      ________      ________
 NARACOMP       1.000
 NARAACC        1.000         1.000
 COMBACC        0.996         0.996         0.996
 WOLDCOMP       0.852         0.852         0.850         0.852
 F8AGE          0.861         0.861         0.858         0.852         0.861
 F9AGE          1.000         1.000         0.996         0.852         0.861
 G              1.000         1.000         0.996         0.852         0.861


           Covariance Coverage
              F9AGE         G
              ________      ________
 F9AGE          1.000
 G              1.000         1.000



UNIVARIATE SAMPLE STATISTICS


     UNIVARIATE HIGHER-ORDER MOMENT DESCRIPTIVE STATISTICS

         Variable/         Mean/     Skewness/   Minimum/ % with                Percentiles
        Sample Size      Variance    Kurtosis    Maximum  Min/Max      20%/60%    40%/80%    Median

     NARACOMP             25.018      -0.273       0.000    0.09%      18.000     23.000     25.000
            3423.000      62.018      -0.237      44.000    0.03%      28.000     32.000
     NARAACC              66.334      -0.525       0.000    0.06%      48.000     62.000     69.000
            3423.000     417.180      -0.469     100.000    0.06%      76.000     86.000
     COMBACC              12.788      -0.783       0.000    1.44%       9.000     13.000     14.000
            3408.000      21.534      -0.011      20.000    1.44%      15.000     17.000
     WOLDCOMP              7.517       0.082       2.000    0.41%       6.000      7.000      7.000
            2917.000       3.758       0.190      15.000    0.03%       8.000      9.000
     F8AGE               103.533       2.579      94.000    0.03%     102.000    102.000    103.000
            2947.000      11.227       8.561     126.000    0.03%     103.000    105.000
     F9AGE               118.643       1.305     105.000    0.03%     116.000    117.000    118.000
            3423.000      14.907       2.626     139.000    0.06%     119.000    121.000
     G                     0.000      -0.561     -14.876    0.03%      -3.449     -0.763      0.570
            3423.000      15.859      -0.245       7.123    0.03%       1.671      3.731


THE MODEL ESTIMATION TERMINATED NORMALLY



MODEL FIT INFORMATION

Number of Free Parameters                       43

Loglikelihood

          H0 Value                      -43389.589
          H0 Scaling Correction Factor      1.3887
            for MLR

Information Criteria

          Akaike (AIC)                   86865.178
          Bayesian (BIC)                 87129.123
          Sample-Size Adjusted BIC       86992.492
            (n* = (n + 2) / 24)



FINAL CLASS COUNTS AND PROPORTIONS FOR THE LATENT CLASSES
BASED ON THE ESTIMATED MODEL

    Latent
   Classes

       1        230.54212          0.06735
       2       1592.95720          0.46537
       3       1599.50068          0.46728


FINAL CLASS COUNTS AND PROPORTIONS FOR THE LATENT CLASSES
BASED ON ESTIMATED POSTERIOR PROBABILITIES

    Latent
   Classes

       1        230.54212          0.06735
       2       1592.95720          0.46537
       3       1599.50068          0.46728


FINAL CLASS COUNTS AND PROPORTIONS FOR THE LATENT CLASSES
BASED ON THEIR MOST LIKELY LATENT CLASS MEMBERSHIP

Class Counts and Proportions

    Latent
   Classes

       1              210          0.06135
       2             1598          0.46684
       3             1615          0.47181


CLASSIFICATION QUALITY

     Entropy                         0.764


Average Latent Class Probabilities for Most Likely Latent Class Membership (Row)
by Latent Class (Column)

           1        2        3

    1   0.892    0.062    0.046
    2   0.015    0.889    0.096
    3   0.012    0.098    0.890


Classification Probabilities for the Most Likely Latent Class Membership (Column)
by Latent Class (Row)

           1        2        3

    1   0.813    0.103    0.084
    2   0.008    0.892    0.100
    3   0.006    0.096    0.898


Logits for the Classification Probabilities for the Most Likely Latent Class Membership (Column)
by Latent Class (Row)

              1        2        3

    1      2.266    0.197    0.000
    2     -2.502    2.193    0.000
    3     -5.008   -2.240    0.000


MODEL RESULTS

                                                    Two-Tailed
                    Estimate       S.E.  Est./S.E.    P-Value

Latent Class 1

 COMBACC    ON
    F9AGE              0.232      0.015     15.139      0.000
    G                  0.979      0.013     73.501      0.000

 NARAACC    ON
    F9AGE              1.443      0.006    225.262      0.000
    G                  5.285      0.004   1203.570      0.000

 NARACOMP   ON
    F9AGE              0.467      0.027     17.442      0.000
    G                  1.662      0.020     83.411      0.000

 WOLDCOMP   ON
    F8AGE              0.023      0.019      1.233      0.218
    G                  0.141      0.010     14.873      0.000

 NARACOMP WITH
    NARAACC            0.000      0.000    999.000    999.000
    COMBACC            0.000      0.000    999.000    999.000
    WOLDCOMP           0.000      0.000    999.000    999.000

 NARAACC  WITH
    COMBACC            0.000      0.000    999.000    999.000
    WOLDCOMP           0.000      0.000    999.000    999.000

 COMBACC  WITH
    WOLDCOMP           0.000      0.000    999.000    999.000

 F9AGE    WITH
    F8AGE              0.696      0.205      3.402      0.001

 Means
    F8AGE            114.523      0.544    210.574      0.000
    F9AGE            123.103      0.679    181.281      0.000

 Intercepts
    NARACOMP         -30.956      3.367     -9.194      0.000
    NARAACC         -104.694      0.806   -129.888      0.000
    COMBACC          -14.663      1.931     -7.592      0.000
    WOLDCOMP           5.343      2.143      2.493      0.013

 Variances
    F8AGE              4.082      0.215     18.945      0.000
    F9AGE             13.462      0.565     23.810      0.000

 Residual Variances
    NARACOMP          20.839      3.168      6.579      0.000
    NARAACC            0.714      0.125      5.727      0.000
    COMBACC            5.936      0.804      7.383      0.000
    WOLDCOMP           3.800      0.426      8.930      0.000

Latent Class 2

 COMBACC    ON
    F9AGE              0.232      0.015     15.139      0.000
    G                  0.979      0.013     73.501      0.000

 NARAACC    ON
    F9AGE              1.443      0.006    225.262      0.000
    G                  5.285      0.004   1203.570      0.000

 NARACOMP   ON
    F9AGE              0.467      0.027     17.442      0.000
    G                  1.662      0.020     83.411      0.000

 WOLDCOMP   ON
    F8AGE              0.023      0.019      1.233      0.218
    G                  0.141      0.010     14.873      0.000

 NARACOMP WITH
    NARAACC            0.000      0.000    999.000    999.000
    COMBACC            0.000      0.000    999.000    999.000
    WOLDCOMP           0.000      0.000    999.000    999.000

 NARAACC  WITH
    COMBACC            0.000      0.000    999.000    999.000
    WOLDCOMP           0.000      0.000    999.000    999.000

 COMBACC  WITH
    WOLDCOMP           0.000      0.000    999.000    999.000

 F9AGE    WITH
    F8AGE              0.696      0.205      3.402      0.001

 Means
    F8AGE            102.977      0.066   1551.605      0.000
    F9AGE            118.225      0.129    919.182      0.000

 Intercepts
    NARACOMP         -32.659      3.146    -10.382      0.000
    NARAACC         -104.206      0.752   -138.562      0.000
    COMBACC          -16.031      1.801     -8.899      0.000
    WOLDCOMP           4.820      1.918      2.513      0.012

 Variances
    F8AGE              4.082      0.215     18.945      0.000
    F9AGE             13.462      0.565     23.810      0.000

 Residual Variances
    NARACOMP          13.636      0.642     21.246      0.000
    NARAACC            0.335      0.016     21.042      0.000
    COMBACC            5.003      0.240     20.861      0.000
    WOLDCOMP           3.192      0.151     21.102      0.000

Latent Class 3

 COMBACC    ON
    F9AGE              0.232      0.015     15.139      0.000
    G                  0.979      0.013     73.501      0.000

 NARAACC    ON
    F9AGE              1.443      0.006    225.262      0.000
    G                  5.285      0.004   1203.570      0.000

 NARACOMP   ON
    F9AGE              0.467      0.027     17.442      0.000
    G                  1.662      0.020     83.411      0.000

 WOLDCOMP   ON
    F8AGE              0.023      0.019      1.233      0.218
    G                  0.141      0.010     14.873      0.000

 NARACOMP WITH
    NARAACC            0.000      0.000    999.000    999.000
    COMBACC            0.000      0.000    999.000    999.000
    WOLDCOMP           0.000      0.000    999.000    999.000

 NARAACC  WITH
    COMBACC            0.000      0.000    999.000    999.000
    WOLDCOMP           0.000      0.000    999.000    999.000

 COMBACC  WITH
    WOLDCOMP           0.000      0.000    999.000    999.000

 F9AGE    WITH
    F8AGE              0.696      0.205      3.402      0.001

 Means
    F8AGE            102.806      0.061   1676.062      0.000
    F9AGE            118.416      0.129    916.946      0.000

 Intercepts
    NARACOMP         -28.166      3.170     -8.886      0.000
    NARAACC         -105.487      0.755   -139.679      0.000
    COMBACC          -13.510      1.812     -7.455      0.000
    WOLDCOMP           5.355      1.908      2.806      0.005

 Variances
    F8AGE              4.082      0.215     18.945      0.000
    F9AGE             13.462      0.565     23.810      0.000

 Residual Variances
    NARACOMP          12.222      0.564     21.685      0.000
    NARAACC            0.313      0.013     24.167      0.000
    COMBACC            4.167      0.188     22.201      0.000
    WOLDCOMP           3.486      0.149     23.352      0.000

Categorical Latent Variables

 Means
    C#1               -1.937      0.101    -19.211      0.000
    C#2               -0.004      0.104     -0.040      0.968


QUALITY OF NUMERICAL RESULTS

     Condition Number for the Information Matrix              0.215E-08
       (ratio of smallest to largest eigenvalue)


TECHNICAL 7 OUTPUT


     SAMPLE STATISTICS WEIGHTED BY ESTIMATED CLASS PROBABILITIES FOR CLASS 1


           Means
              NARACOMP      NARAACC       COMBACC       WOLDCOMP      F8AGE
              ________      ________      ________      ________      ________
               23.697        63.708        12.233         7.773       114.442


           Means
              F9AGE         G
              ________      ________
              123.103        -1.742


           Covariances
              NARACOMP      NARAACC       COMBACC       WOLDCOMP      F8AGE
              ________      ________      ________      ________      ________
 NARACOMP      72.091
 NARAACC      161.395       525.322
 COMBACC       31.894       102.848        25.946
 WOLDCOMP       8.682        12.135         3.616         4.216
 F8AGE         -3.408       -22.090        10.061         0.155        12.510
 F9AGE          3.149        16.599         1.947       -11.525      -173.865
 G             30.269        94.996        19.237         5.556        43.384


           Covariances
              F9AGE         G
              ________      ________
 F9AGE         30.520
 G             -5.222        19.459


     SAMPLE STATISTICS WEIGHTED BY ESTIMATED CLASS PROBABILITIES FOR CLASS 2


           Means
              NARACOMP      NARAACC       COMBACC       WOLDCOMP      F8AGE
              ________      ________      ________      ________      ________
               22.216        65.115        11.197         7.193       102.965


           Means
              F9AGE         G
              ________      ________
              118.225        -0.236


           Covariances
              NARACOMP      NARAACC       COMBACC       WOLDCOMP      F8AGE
              ________      ________      ________      ________      ________
 NARACOMP      56.600
 NARAACC      147.185       508.514
 COMBACC       26.941       103.355        25.711
 WOLDCOMP       8.250        20.173         3.517         3.439
 F8AGE         44.993       133.071        24.565         0.071         3.668
 F9AGE          0.987         2.639         0.022        -2.137       -24.061
 G             27.810        95.548        19.709         4.415        31.844


           Covariances
              F9AGE         G
              ________      ________
 F9AGE         11.322
 G             -2.595        18.810


     SAMPLE STATISTICS WEIGHTED BY ESTIMATED CLASS PROBABILITIES FOR CLASS 3


           Means
              NARACOMP      NARAACC       COMBACC       WOLDCOMP      F8AGE
              ________      ________      ________      ________      ________
               27.998        67.926        14.443         7.799       102.796


           Means
              F9AGE         G
              ________      ________
              118.416         0.486


           Covariances
              NARACOMP      NARAACC       COMBACC       WOLDCOMP      F8AGE
              ________      ________      ________      ________      ________
 NARACOMP      49.012
 NARAACC      105.476       305.627
 COMBACC       14.207        47.540        11.469
 WOLDCOMP       6.682        12.398         1.609         3.824
 F8AGE         19.189        35.970         7.793        -0.103         3.480
 F9AGE          0.971         1.844        -0.113        -2.058       -19.387
 G             19.849        57.152         9.128         2.920        12.345


           Covariances
              F9AGE         G
              ________      ________
 F9AGE         13.135
 G             -3.232        11.674


TECHNICAL 11 OUTPUT

     Random Starts Specifications for the k-1 Class Analysis Model
        Number of initial stage random starts                  20
        Number of final stage optimizations                     4



     VUONG-LO-MENDELL-RUBIN LIKELIHOOD RATIO TEST FOR 2 (H0) VERSUS 3 CLASSES

          H0 Loglikelihood Value                       -44243.068
          2 Times the Loglikelihood Difference           1706.957
          Difference in the Number of Parameters               11
          Mean                                             48.907
          Standard Deviation                               77.175
          P-Value                                          0.0000

     LO-MENDELL-RUBIN ADJUSTED LRT TEST

          Value                                          1688.100
          P-Value                                          0.0000


PLOT INFORMATION

The following plots are available:

  Histograms (sample values, estimated values, residuals)
  Scatterplots (sample values, estimated values, residuals)
  Estimated overall and class-specific distributions
  Estimated probabilities for a categorical latent variable as a
    function of its covariates

     Beginning Time:  11:58:41
        Ending Time:  11:58:43
       Elapsed Time:  00:00:02



MUTHEN & MUTHEN
3463 Stoner Ave.
Los Angeles, CA  90066

Tel: (310) 391-9971
Fax: (310) 391-8971
Web: www.StatModel.com
Support: Support@StatModel.com

Copyright (c) 1998-2020 Muthen & Muthen
