Mplus VERSION 8.5
MUTHEN & MUTHEN
08/24/2021  12:33 PM

INPUT INSTRUCTIONS

  TITLE:
   Model 4 (LPA and G covariate): 4 classes;
  DATA:
  FILE = "mplus_models/simpview/shape/lpa4_1class_de1b3854e8a32ccc95df154eccc810fd.dat";

  VARIABLE:
  NAMES = NARACOMP NARAACC COMBACC WOLDCOMP F8AGE F9AGE G CIDB3153;
   MISSING=.;
    idvariable = cidb3153; classes = c(4);
  ANALYSIS:
   estimator = mlr; type = mixture;
                                                     starts = 0;
                                                     optseed = 544009;
                                                     k-1starts = 20 4;
  MODEL:
  %OVERALL%
             f8age; f9age;
             combAcc naraAcc naraComp on f9age;
             woldcomp on f8age;

    naraComp naraAcc combAcc woldComp;

    [naraComp naraAcc combAcc woldComp];
                combAcc naraAcc naraComp woldComp ON G;

    naraComp with naraAcc@0;
    naraComp with combAcc@0;
    naraComp with woldComp@0;
    naraAcc with combAcc@0;
    naraAcc with woldComp@0;
    combAcc with woldComp@0;
   %c#1%

    naraComp naraAcc combAcc woldComp;
    [naraComp naraAcc combAcc woldComp];
   %c#2%

    naraComp naraAcc combAcc woldComp;
    [naraComp naraAcc combAcc woldComp];
   %c#3%

    naraComp naraAcc combAcc woldComp;
    [naraComp naraAcc combAcc woldComp];
   %c#4%

    naraComp naraAcc combAcc woldComp;
    [naraComp naraAcc combAcc woldComp];
  OUTPUT:
   TECH7 TECH11;
  PLOT:
  TYPE = PLOT3;



INPUT READING TERMINATED NORMALLY




Model 4 (LPA and G covariate): 4 classes;

SUMMARY OF ANALYSIS

Number of groups                                                 1
Number of observations                                        3423

Number of dependent variables                                    4
Number of independent variables                                  3
Number of continuous latent variables                            0
Number of categorical latent variables                           1

Observed dependent variables

  Continuous
   NARACOMP    NARAACC     COMBACC     WOLDCOMP

Observed independent variables
   F8AGE       F9AGE       G

Categorical latent variables
   C

Variables with special functions

  ID variable           CIDB3153

Estimator                                                      MLR
Information matrix                                        OBSERVED
Optimization Specifications for the Quasi-Newton Algorithm for
Continuous Outcomes
  Maximum number of iterations                                 100
  Convergence criterion                                  0.100D-05
Optimization Specifications for the EM Algorithm
  Maximum number of iterations                                 500
  Convergence criteria
    Loglikelihood change                                 0.100D-06
    Relative loglikelihood change                        0.100D-06
    Derivative                                           0.100D-05
Optimization Specifications for the M step of the EM Algorithm for
Categorical Latent variables
  Number of M step iterations                                    1
  M step convergence criterion                           0.100D-05
  Basis for M step termination                           ITERATION
Optimization Specifications for the M step of the EM Algorithm for
Censored, Binary or Ordered Categorical (Ordinal), Unordered
Categorical (Nominal) and Count Outcomes
  Number of M step iterations                                    1
  M step convergence criterion                           0.100D-05
  Basis for M step termination                           ITERATION
  Maximum value for logit thresholds                            15
  Minimum value for logit thresholds                           -15
  Minimum expected cell size for chi-square              0.100D-01
Maximum number of iterations for H1                           2000
Convergence criterion for H1                             0.100D-03
Optimization algorithm                                         EMA
Random Starts Specifications
  Random seed for analysis                                  544009

Input data file(s)
  mplus_models/simpview/shape/lpa4_1class_de1b3854e8a32ccc95df154eccc810fd.dat
Input data format  FREE


SUMMARY OF DATA

     Number of missing data patterns             5
     Number of y missing data patterns           5
     Number of u missing data patterns           0


COVARIANCE COVERAGE OF DATA

Minimum covariance coverage value   0.100


     PROPORTION OF DATA PRESENT FOR Y


           Covariance Coverage
              NARACOMP      NARAACC       COMBACC       WOLDCOMP      F8AGE
              ________      ________      ________      ________      ________
 NARACOMP       1.000
 NARAACC        1.000         1.000
 COMBACC        0.996         0.996         0.996
 WOLDCOMP       0.852         0.852         0.850         0.852
 F8AGE          0.861         0.861         0.858         0.852         0.861
 F9AGE          1.000         1.000         0.996         0.852         0.861
 G              1.000         1.000         0.996         0.852         0.861


           Covariance Coverage
              F9AGE         G
              ________      ________
 F9AGE          1.000
 G              1.000         1.000



UNIVARIATE SAMPLE STATISTICS


     UNIVARIATE HIGHER-ORDER MOMENT DESCRIPTIVE STATISTICS

         Variable/         Mean/     Skewness/   Minimum/ % with                Percentiles
        Sample Size      Variance    Kurtosis    Maximum  Min/Max      20%/60%    40%/80%    Median

     NARACOMP             25.018      -0.273       0.000    0.09%      18.000     23.000     25.000
            3423.000      62.018      -0.237      44.000    0.03%      28.000     32.000
     NARAACC              66.334      -0.525       0.000    0.06%      48.000     62.000     69.000
            3423.000     417.180      -0.469     100.000    0.06%      76.000     86.000
     COMBACC              12.788      -0.783       0.000    1.44%       9.000     13.000     14.000
            3408.000      21.534      -0.011      20.000    1.44%      15.000     17.000
     WOLDCOMP              7.517       0.082       2.000    0.41%       6.000      7.000      7.000
            2917.000       3.758       0.190      15.000    0.03%       8.000      9.000
     F8AGE               103.533       2.579      94.000    0.03%     102.000    102.000    103.000
            2947.000      11.227       8.561     126.000    0.03%     103.000    105.000
     F9AGE               118.643       1.305     105.000    0.03%     116.000    117.000    118.000
            3423.000      14.907       2.626     139.000    0.06%     119.000    121.000
     G                     0.000      -0.561     -14.876    0.03%      -3.449     -0.763      0.570
            3423.000      15.859      -0.245       7.123    0.03%       1.671      3.731


THE MODEL ESTIMATION TERMINATED NORMALLY



MODEL FIT INFORMATION

Number of Free Parameters                       54

Loglikelihood

          H0 Value                      -42901.568
          H0 Scaling Correction Factor      1.7919
            for MLR

Information Criteria

          Akaike (AIC)                   85911.136
          Bayesian (BIC)                 86242.603
          Sample-Size Adjusted BIC       86071.020
            (n* = (n + 2) / 24)



FINAL CLASS COUNTS AND PROPORTIONS FOR THE LATENT CLASSES
BASED ON THE ESTIMATED MODEL

    Latent
   Classes

       1       1324.63022          0.38698
       2        916.30723          0.26769
       3        221.83292          0.06481
       4        960.22963          0.28052


FINAL CLASS COUNTS AND PROPORTIONS FOR THE LATENT CLASSES
BASED ON ESTIMATED POSTERIOR PROBABILITIES

    Latent
   Classes

       1       1324.63022          0.38698
       2        916.30723          0.26769
       3        221.83292          0.06481
       4        960.22963          0.28052


FINAL CLASS COUNTS AND PROPORTIONS FOR THE LATENT CLASSES
BASED ON THEIR MOST LIKELY LATENT CLASS MEMBERSHIP

Class Counts and Proportions

    Latent
   Classes

       1             1408          0.41134
       2              873          0.25504
       3              206          0.06018
       4              936          0.27344


CLASSIFICATION QUALITY

     Entropy                         0.761


Average Latent Class Probabilities for Most Likely Latent Class Membership (Row)
by Latent Class (Column)

           1        2        3        4

    1   0.818    0.086    0.013    0.083
    2   0.090    0.901    0.007    0.002
    3   0.036    0.028    0.898    0.037
    4   0.093    0.003    0.014    0.891


Classification Probabilities for the Most Likely Latent Class Membership (Column)
by Latent Class (Row)

           1        2        3        4

    1   0.870    0.059    0.006    0.065
    2   0.132    0.858    0.006    0.003
    3   0.081    0.028    0.834    0.058
    4   0.122    0.002    0.008    0.868


Logits for the Classification Probabilities for the Most Likely Latent Class Membership (Column)
by Latent Class (Row)

              1        2        3        4

    1      2.587   -0.098   -2.451    0.000
    2      3.774    5.645    0.739    0.000
    3      0.337   -0.728    2.673    0.000
    4     -1.962   -6.261   -4.683    0.000


MODEL RESULTS

                                                    Two-Tailed
                    Estimate       S.E.  Est./S.E.    P-Value

Latent Class 1

 COMBACC    ON
    F9AGE              0.241      0.017     13.954      0.000
    G                  0.980      0.039     25.002      0.000

 NARAACC    ON
    F9AGE              1.436      0.007    202.491      0.000
    G                  5.286      0.023    232.814      0.000

 NARACOMP   ON
    F9AGE              0.499      0.030     16.840      0.000
    G                  1.674      0.056     29.707      0.000

 WOLDCOMP   ON
    F8AGE              0.019      0.019      1.002      0.316
    G                  0.143      0.010     14.250      0.000

 NARACOMP WITH
    NARAACC            0.000      0.000    999.000    999.000
    COMBACC            0.000      0.000    999.000    999.000
    WOLDCOMP           0.000      0.000    999.000    999.000

 NARAACC  WITH
    COMBACC            0.000      0.000    999.000    999.000
    WOLDCOMP           0.000      0.000    999.000    999.000

 COMBACC  WITH
    WOLDCOMP           0.000      0.000    999.000    999.000

 F9AGE    WITH
    F8AGE              0.665      0.202      3.284      0.001

 Means
    F8AGE            102.839      0.099   1040.147      0.000
    F9AGE            118.319      0.117   1013.574      0.000

 Intercepts
    NARACOMP         -34.632      4.152     -8.341      0.000
    NARAACC         -104.085      0.875   -118.995      0.000
    COMBACC          -15.567      2.345     -6.638      0.000
    WOLDCOMP           5.396      1.907      2.830      0.005

 Variances
    F8AGE              4.125      0.208     19.827      0.000
    F9AGE             13.470      0.552     24.385      0.000

 Residual Variances
    NARACOMP           7.946      1.599      4.968      0.000
    NARAACC            0.111      0.014      8.024      0.000
    COMBACC            2.551      0.524      4.871      0.000
    WOLDCOMP           3.274      0.329      9.952      0.000

Latent Class 2

 COMBACC    ON
    F9AGE              0.241      0.017     13.954      0.000
    G                  0.980      0.039     25.002      0.000

 NARAACC    ON
    F9AGE              1.436      0.007    202.491      0.000
    G                  5.286      0.023    232.814      0.000

 NARACOMP   ON
    F9AGE              0.499      0.030     16.840      0.000
    G                  1.674      0.056     29.707      0.000

 WOLDCOMP   ON
    F8AGE              0.019      0.019      1.002      0.316
    G                  0.143      0.010     14.250      0.000

 NARACOMP WITH
    NARAACC            0.000      0.000    999.000    999.000
    COMBACC            0.000      0.000    999.000    999.000
    WOLDCOMP           0.000      0.000    999.000    999.000

 NARAACC  WITH
    COMBACC            0.000      0.000    999.000    999.000
    WOLDCOMP           0.000      0.000    999.000    999.000

 COMBACC  WITH
    WOLDCOMP           0.000      0.000    999.000    999.000

 F9AGE    WITH
    F8AGE              0.665      0.202      3.284      0.001

 Means
    F8AGE            102.837      0.113    910.773      0.000
    F9AGE            118.288      0.208    568.424      0.000

 Intercepts
    NARACOMP         -30.611      3.537     -8.655      0.000
    NARAACC         -105.036      0.865   -121.487      0.000
    COMBACC          -14.090      2.013     -6.999      0.000
    WOLDCOMP           5.918      1.933      3.061      0.002

 Variances
    F8AGE              4.125      0.208     19.827      0.000
    F9AGE             13.470      0.552     24.385      0.000

 Residual Variances
    NARACOMP          11.852      2.441      4.856      0.000
    NARAACC            0.241      0.034      7.035      0.000
    COMBACC            4.746      0.721      6.583      0.000
    WOLDCOMP           3.441      0.202     17.060      0.000

Latent Class 3

 COMBACC    ON
    F9AGE              0.241      0.017     13.954      0.000
    G                  0.980      0.039     25.002      0.000

 NARAACC    ON
    F9AGE              1.436      0.007    202.491      0.000
    G                  5.286      0.023    232.814      0.000

 NARACOMP   ON
    F9AGE              0.499      0.030     16.840      0.000
    G                  1.674      0.056     29.707      0.000

 WOLDCOMP   ON
    F8AGE              0.019      0.019      1.002      0.316
    G                  0.143      0.010     14.250      0.000

 NARACOMP WITH
    NARAACC            0.000      0.000    999.000    999.000
    COMBACC            0.000      0.000    999.000    999.000
    WOLDCOMP           0.000      0.000    999.000    999.000

 NARAACC  WITH
    COMBACC            0.000      0.000    999.000    999.000
    WOLDCOMP           0.000      0.000    999.000    999.000

 COMBACC  WITH
    WOLDCOMP           0.000      0.000    999.000    999.000

 F9AGE    WITH
    F8AGE              0.665      0.202      3.284      0.001

 Means
    F8AGE            114.638      0.514    222.920      0.000
    F9AGE            123.196      0.662    186.140      0.000

 Intercepts
    NARACOMP         -34.882      3.792     -9.198      0.000
    NARAACC         -103.883      0.873   -119.035      0.000
    COMBACC          -15.791      2.147     -7.355      0.000
    WOLDCOMP           5.852      2.149      2.723      0.006

 Variances
    F8AGE              4.125      0.208     19.827      0.000
    F9AGE             13.470      0.552     24.385      0.000

 Residual Variances
    NARACOMP          21.901      3.051      7.177      0.000
    NARAACC            0.695      0.094      7.417      0.000
    COMBACC            5.995      0.642      9.342      0.000
    WOLDCOMP           3.852      0.432      8.913      0.000

Latent Class 4

 COMBACC    ON
    F9AGE              0.241      0.017     13.954      0.000
    G                  0.980      0.039     25.002      0.000

 NARAACC    ON
    F9AGE              1.436      0.007    202.491      0.000
    G                  5.286      0.023    232.814      0.000

 NARACOMP   ON
    F9AGE              0.499      0.030     16.840      0.000
    G                  1.674      0.056     29.707      0.000

 WOLDCOMP   ON
    F8AGE              0.019      0.019      1.002      0.316
    G                  0.143      0.010     14.250      0.000

 NARACOMP WITH
    NARAACC            0.000      0.000    999.000    999.000
    COMBACC            0.000      0.000    999.000    999.000
    WOLDCOMP           0.000      0.000    999.000    999.000

 NARAACC  WITH
    COMBACC            0.000      0.000    999.000    999.000
    WOLDCOMP           0.000      0.000    999.000    999.000

 COMBACC  WITH
    WOLDCOMP           0.000      0.000    999.000    999.000

 F9AGE    WITH
    F8AGE              0.665      0.202      3.284      0.001

 Means
    F8AGE            103.050      0.094   1097.805      0.000
    F9AGE            118.378      0.187    632.192      0.000

 Intercepts
    NARACOMP         -37.008      3.361    -11.012      0.000
    NARAACC         -103.119      0.872   -118.253      0.000
    COMBACC          -18.014      2.042     -8.822      0.000
    WOLDCOMP           5.332      1.945      2.741      0.006

 Variances
    F8AGE              4.125      0.208     19.827      0.000
    F9AGE             13.470      0.552     24.385      0.000

 Residual Variances
    NARACOMP          16.955      1.349     12.567      0.000
    NARAACC            0.276      0.020     13.703      0.000
    COMBACC            4.766      1.224      3.894      0.000
    WOLDCOMP           3.355      0.243     13.806      0.000

Categorical Latent Variables

 Means
    C#1                0.322      0.325      0.991      0.322
    C#2               -0.047      0.237     -0.197      0.844
    C#3               -1.465      0.163     -8.990      0.000


QUALITY OF NUMERICAL RESULTS

     Condition Number for the Information Matrix              0.339E-08
       (ratio of smallest to largest eigenvalue)


TECHNICAL 7 OUTPUT


     SAMPLE STATISTICS WEIGHTED BY ESTIMATED CLASS PROBABILITIES FOR CLASS 1


           Means
              NARACOMP      NARAACC       COMBACC       WOLDCOMP      F8AGE
              ________      ________      ________      ________      ________
               25.075        67.773        13.362         7.395       102.827


           Means
              F9AGE         G
              ________      ________
              118.319         0.366


           Covariances
              NARACOMP      NARAACC       COMBACC       WOLDCOMP      F8AGE
              ________      ________      ________      ________      ________
 NARACOMP      46.464
 NARAACC      120.060       377.135
 COMBACC       19.717        70.886        15.745
 WOLDCOMP       6.178        15.237         2.543         3.562
 F8AGE         21.899        75.007        14.568        -0.052         3.559
 F9AGE          2.147         4.181         0.443        -2.100       -24.632
 G             22.231        70.284        13.349         3.453        20.924


           Covariances
              F9AGE         G
              ________      ________
 F9AGE         11.659
 G             -2.375        13.959


     SAMPLE STATISTICS WEIGHTED BY ESTIMATED CLASS PROBABILITIES FOR CLASS 2


           Means
              NARACOMP      NARAACC       COMBACC       WOLDCOMP      F8AGE
              ________      ________      ________      ________      ________
               29.321        67.537        14.963         7.921       102.830


           Means
              F9AGE         G
              ________      ________
              118.288         0.510


           Covariances
              NARACOMP      NARAACC       COMBACC       WOLDCOMP      F8AGE
              ________      ________      ________      ________      ________
 NARACOMP      48.139
 NARAACC       99.798       272.974
 COMBACC       10.092        36.514         9.082
 WOLDCOMP       6.430        12.018         1.105         3.828
 F8AGE         11.454        22.184         4.050        -0.128         3.668
 F9AGE          0.658        -0.099        -0.294        -1.778       -14.695
 G             18.748        51.397         7.057         2.750         8.320


           Covariances
              F9AGE         G
              ________      ________
 F9AGE         13.484
 G             -3.679        10.679


     SAMPLE STATISTICS WEIGHTED BY ESTIMATED CLASS PROBABILITIES FOR CLASS 3


           Means
              NARACOMP      NARAACC       COMBACC       WOLDCOMP      F8AGE
              ________      ________      ________      ________      ________
               23.736        63.848        12.285         7.790       114.560


           Means
              F9AGE         G
              ________      ________
              123.196        -1.740


           Covariances
              NARACOMP      NARAACC       COMBACC       WOLDCOMP      F8AGE
              ________      ________      ________      ________      ________
 NARACOMP      73.437
 NARAACC      161.912       524.077
 COMBACC       31.615       103.497        26.166
 WOLDCOMP       8.419        11.912         3.247         4.272
 F8AGE         -9.702       -28.144         3.636         0.112        12.298
 F9AGE          3.582        16.758         2.037       -11.654      -175.250
 G             30.259        94.774        19.332         5.532        42.318


           Covariances
              F9AGE         G
              ________      ________
 F9AGE         31.041
 G             -5.319        19.449


     SAMPLE STATISTICS WEIGHTED BY ESTIMATED CLASS PROBABILITIES FOR CLASS 4


           Means
              NARACOMP      NARAACC       COMBACC       WOLDCOMP      F8AGE
              ________      ________      ________      ________      ________
               21.129        63.775        10.018         7.223       103.037


           Means
              F9AGE         G
              ________      ________
              118.378        -0.589


           Covariances
              NARACOMP      NARAACC       COMBACC       WOLDCOMP      F8AGE
              ________      ________      ________      ________      ________
 NARACOMP      60.904
 NARAACC      159.013       573.124
 COMBACC       27.773       115.765        27.718
 WOLDCOMP       9.756        22.351         3.800         3.574
 F8AGE         59.143       159.747        27.422         0.104         3.738
 F9AGE          0.797         2.311         0.214        -2.379       -26.129
 G             30.050       107.665        21.913         4.906        37.484


           Covariances
              F9AGE         G
              ________      ________
 F9AGE         11.895
 G             -2.802        21.116


TECHNICAL 11 OUTPUT

     Random Starts Specifications for the k-1 Class Analysis Model
        Number of initial stage random starts                  20
        Number of final stage optimizations                     4



     VUONG-LO-MENDELL-RUBIN LIKELIHOOD RATIO TEST FOR 3 (H0) VERSUS 4 CLASSES

          H0 Loglikelihood Value                       -43389.589
          2 Times the Loglikelihood Difference            976.041
          Difference in the Number of Parameters               11
          Mean                                            650.140
          Standard Deviation                              872.451
          P-Value                                          0.2172

     LO-MENDELL-RUBIN ADJUSTED LRT TEST

          Value                                           965.259
          P-Value                                          0.2198


PLOT INFORMATION

The following plots are available:

  Histograms (sample values, estimated values, residuals)
  Scatterplots (sample values, estimated values, residuals)
  Estimated overall and class-specific distributions
  Estimated probabilities for a categorical latent variable as a
    function of its covariates

     Beginning Time:  12:33:50
        Ending Time:  12:33:54
       Elapsed Time:  00:00:04



MUTHEN & MUTHEN
3463 Stoner Ave.
Los Angeles, CA  90066

Tel: (310) 391-9971
Fax: (310) 391-8971
Web: www.StatModel.com
Support: Support@StatModel.com

Copyright (c) 1998-2020 Muthen & Muthen
