Mplus VERSION 8.5
MUTHEN & MUTHEN
08/23/2021  11:01 AM

INPUT INSTRUCTIONS

  TITLE:
   Model 3 (FMM): 3 classes;
  DATA:
  FILE = "mplus_models/simpview/shape/fmm3_1class_576296b10d9f155ad9363f1cbb7ab8da.dat";

  VARIABLE:
  NAMES = cidB3153 f8age f9age naraAcc naraComp woldComp combAcc;
   MISSING=.;
    idvariable = cidb3153; classes = c(3);
  ANALYSIS:
   estimator = mlr; type = mixture;
                                                     starts = 0;
                                                     optseed = 701525;
                                                     processors = 4(starts);
                                                     lrtstarts = 0 0 100 20;
  MODEL:
  %OVERALL%
             f8age; f9age;
             combAcc naraAcc naraComp on f9age;
             woldcomp on f8age;

    naraComp naraAcc@0 combAcc woldComp;

    [naraComp naraAcc combAcc woldComp];
                G by combAcc* naraAcc naraComp woldComp;
                naraComp with woldComp;
                [G@0]; G@1;
                f8age with G@0; f9age with G@0;

   %c#1%

    naraComp naraAcc@0 combAcc woldComp;
    [naraComp naraAcc combAcc woldComp];
   %c#2%

    naraComp naraAcc@0 combAcc woldComp;
    [naraComp naraAcc combAcc woldComp];
   %c#3%

    naraComp naraAcc@0 combAcc woldComp;
    [naraComp naraAcc combAcc woldComp];
  OUTPUT:
   TECH7 TECH11 TECH14 stdyx CINTERVAL ENTROPY;
  SAVEDATA:
   FILE IS sv_fmm3_3class.dat; SAVE = cprobabilities;
  PLOT:
  TYPE = PLOT3;



INPUT READING TERMINATED NORMALLY




Model 3 (FMM): 3 classes;

SUMMARY OF ANALYSIS

Number of groups                                                 1
Number of observations                                        3423

Number of dependent variables                                    4
Number of independent variables                                  2
Number of continuous latent variables                            1
Number of categorical latent variables                           1

Observed dependent variables

  Continuous
   NARAACC     NARACOMP    WOLDCOMP    COMBACC

Observed independent variables
   F8AGE       F9AGE

Continuous latent variables
   G

Categorical latent variables
   C

Variables with special functions

  ID variable           CIDB3153

Estimator                                                      MLR
Information matrix                                        OBSERVED
Optimization Specifications for the Quasi-Newton Algorithm for
Continuous Outcomes
  Maximum number of iterations                                 100
  Convergence criterion                                  0.100D-05
Optimization Specifications for the EM Algorithm
  Maximum number of iterations                                 500
  Convergence criteria
    Loglikelihood change                                 0.100D-06
    Relative loglikelihood change                        0.100D-06
    Derivative                                           0.100D-05
Optimization Specifications for the M step of the EM Algorithm for
Categorical Latent variables
  Number of M step iterations                                    1
  M step convergence criterion                           0.100D-05
  Basis for M step termination                           ITERATION
Optimization Specifications for the M step of the EM Algorithm for
Censored, Binary or Ordered Categorical (Ordinal), Unordered
Categorical (Nominal) and Count Outcomes
  Number of M step iterations                                    1
  M step convergence criterion                           0.100D-05
  Basis for M step termination                           ITERATION
  Maximum value for logit thresholds                            15
  Minimum value for logit thresholds                           -15
  Minimum expected cell size for chi-square              0.100D-01
Maximum number of iterations for H1                           2000
Convergence criterion for H1                             0.100D-03
Optimization algorithm                                         EMA
Random Starts Specifications
  Random seed for analysis                                  701525

Input data file(s)
  mplus_models/simpview/shape/fmm3_1class_576296b10d9f155ad9363f1cbb7ab8da.dat
Input data format  FREE


SUMMARY OF DATA

     Number of missing data patterns             5
     Number of y missing data patterns           5
     Number of u missing data patterns           0


COVARIANCE COVERAGE OF DATA

Minimum covariance coverage value   0.100


     PROPORTION OF DATA PRESENT FOR Y


           Covariance Coverage
              NARAACC       NARACOMP      WOLDCOMP      COMBACC       F8AGE
              ________      ________      ________      ________      ________
 NARAACC        1.000
 NARACOMP       1.000         1.000
 WOLDCOMP       0.852         0.852         0.852
 COMBACC        0.996         0.996         0.850         0.996
 F8AGE          0.861         0.861         0.852         0.858         0.861
 F9AGE          1.000         1.000         0.852         0.996         0.861


           Covariance Coverage
              F9AGE
              ________
 F9AGE          1.000



UNIVARIATE SAMPLE STATISTICS


     UNIVARIATE HIGHER-ORDER MOMENT DESCRIPTIVE STATISTICS

         Variable/         Mean/     Skewness/   Minimum/ % with                Percentiles
        Sample Size      Variance    Kurtosis    Maximum  Min/Max      20%/60%    40%/80%    Median

     NARAACC              66.334      -0.525       0.000    0.06%      48.000     62.000     69.000
            3423.000     417.180      -0.469     100.000    0.06%      76.000     86.000
     NARACOMP             25.018      -0.273       0.000    0.09%      18.000     23.000     25.000
            3423.000      62.018      -0.237      44.000    0.03%      28.000     32.000
     WOLDCOMP              7.517       0.082       2.000    0.41%       6.000      7.000      7.000
            2917.000       3.758       0.190      15.000    0.03%       8.000      9.000
     COMBACC              12.788      -0.783       0.000    1.44%       9.000     13.000     14.000
            3408.000      21.534      -0.011      20.000    1.44%      15.000     17.000
     F8AGE               103.533       2.579      94.000    0.03%     102.000    102.000    103.000
            2947.000      11.227       8.561     126.000    0.03%     103.000    105.000
     F9AGE               118.643       1.305     105.000    0.03%     116.000    117.000    118.000
            3423.000      14.907       2.626     139.000    0.06%     119.000    121.000


THE MODEL ESTIMATION TERMINATED NORMALLY



MODEL FIT INFORMATION

Number of Free Parameters                       41

Loglikelihood

          H0 Value                      -54970.378
          H0 Scaling Correction Factor      1.3049
            for MLR

Information Criteria

          Akaike (AIC)                  110022.755
          Bayesian (BIC)                110274.424
          Sample-Size Adjusted BIC      110144.148
            (n* = (n + 2) / 24)



FINAL CLASS COUNTS AND PROPORTIONS FOR THE LATENT CLASSES
BASED ON THE ESTIMATED MODEL

    Latent
   Classes

       1        602.37129          0.17598
       2        231.66936          0.06768
       3       2588.95935          0.75634


FINAL CLASS COUNTS AND PROPORTIONS FOR THE LATENT CLASSES
BASED ON ESTIMATED POSTERIOR PROBABILITIES

    Latent
   Classes

       1        602.37129          0.17598
       2        231.66936          0.06768
       3       2588.95935          0.75634


FINAL CLASS COUNTS AND PROPORTIONS FOR THE LATENT CLASSES
BASED ON THEIR MOST LIKELY LATENT CLASS MEMBERSHIP

Class Counts and Proportions

    Latent
   Classes

       1              568          0.16594
       2              211          0.06164
       3             2644          0.77242


CLASSIFICATION QUALITY

     Entropy                         0.844


           Univariate Entropy
              NARAACC       NARACOMP      WOLDCOMP      COMBACC       F8AGE
              ________      ________      ________      ________      ________
                0.565         0.517         0.372         0.664         0.547


           Univariate Entropy
              F9AGE
              ________
                0.423


Average Latent Class Probabilities for Most Likely Latent Class Membership (Row)
by Latent Class (Column)

           1        2        3

    1   0.864    0.016    0.120
    2   0.022    0.898    0.080
    3   0.041    0.012    0.947


Classification Probabilities for the Most Likely Latent Class Membership (Column)
by Latent Class (Row)

           1        2        3

    1   0.814    0.008    0.178
    2   0.040    0.818    0.142
    3   0.026    0.007    0.967


Logits for the Classification Probabilities for the Most Likely Latent Class Membership (Column)
by Latent Class (Row)

              1        2        3

    1      1.520   -3.155    0.000
    2     -1.281    1.750    0.000
    3     -3.602   -5.002    0.000


MODEL RESULTS

                                                    Two-Tailed
                    Estimate       S.E.  Est./S.E.    P-Value

Latent Class 1

 G        BY
    COMBACC            2.254      0.082     27.647      0.000
    NARAACC           16.121      0.314     51.294      0.000
    NARACOMP           5.061      0.122     41.592      0.000
    WOLDCOMP           0.525      0.038     13.888      0.000

 COMBACC    ON
    F9AGE              0.031      0.019      1.639      0.101

 NARAACC    ON
    F9AGE              0.329      0.090      3.673      0.000

 NARACOMP   ON
    F9AGE              0.135      0.035      3.896      0.000

 WOLDCOMP   ON
    F8AGE              0.027      0.018      1.502      0.133

 F8AGE    WITH
    G                  0.000      0.000    999.000    999.000

 F9AGE    WITH
    G                  0.000      0.000    999.000    999.000

 NARACOMP WITH
    WOLDCOMP           2.648      0.161     16.448      0.000

 F9AGE    WITH
    F8AGE              0.664      0.216      3.075      0.002

 Means
    F8AGE            103.130      0.130    791.178      0.000
    F9AGE            118.403      0.176    673.712      0.000
    G                  0.000      0.000    999.000    999.000

 Intercepts
    NARAACC            0.759     10.773      0.070      0.944
    NARACOMP           0.033      4.159      0.008      0.994
    WOLDCOMP           4.097      1.871      2.190      0.029
    COMBACC            1.897      2.290      0.828      0.407

 Variances
    F8AGE              4.082      0.227     17.994      0.000
    F9AGE             13.497      0.565     23.889      0.000
    G                  1.000      0.000    999.000    999.000

 Residual Variances
    NARAACC            0.000      0.000    999.000    999.000
    NARACOMP           9.911      0.674     14.710      0.000
    WOLDCOMP           4.059      0.300     13.522      0.000
    COMBACC            4.165      0.463      8.992      0.000

Latent Class 2

 G        BY
    COMBACC            2.254      0.082     27.647      0.000
    NARAACC           16.121      0.314     51.294      0.000
    NARACOMP           5.061      0.122     41.592      0.000
    WOLDCOMP           0.525      0.038     13.888      0.000

 COMBACC    ON
    F9AGE              0.031      0.019      1.639      0.101

 NARAACC    ON
    F9AGE              0.329      0.090      3.673      0.000

 NARACOMP   ON
    F9AGE              0.135      0.035      3.896      0.000

 WOLDCOMP   ON
    F8AGE              0.027      0.018      1.502      0.133

 F8AGE    WITH
    G                  0.000      0.000    999.000    999.000

 F9AGE    WITH
    G                  0.000      0.000    999.000    999.000

 NARACOMP WITH
    WOLDCOMP           2.648      0.161     16.448      0.000

 F9AGE    WITH
    F8AGE              0.664      0.216      3.075      0.002

 Means
    F8AGE            114.453      0.550    208.076      0.000
    F9AGE            123.049      0.696    176.839      0.000
    G                  0.000      0.000    999.000    999.000

 Intercepts
    NARAACC           23.595     11.542      2.044      0.041
    NARACOMP           7.414      4.409      1.682      0.093
    WOLDCOMP           4.619      2.086      2.215      0.027
    COMBACC            8.636      2.432      3.552      0.000

 Variances
    F8AGE              4.082      0.227     17.994      0.000
    F9AGE             13.497      0.565     23.889      0.000
    G                  1.000      0.000    999.000    999.000

 Residual Variances
    NARAACC            0.000      0.000    999.000    999.000
    NARACOMP          21.057      2.407      8.749      0.000
    WOLDCOMP           3.469      0.350      9.925      0.000
    COMBACC            7.769      0.726     10.702      0.000

Latent Class 3

 G        BY
    COMBACC            2.254      0.082     27.647      0.000
    NARAACC           16.121      0.314     51.294      0.000
    NARACOMP           5.061      0.122     41.592      0.000
    WOLDCOMP           0.525      0.038     13.888      0.000

 COMBACC    ON
    F9AGE              0.031      0.019      1.639      0.101

 NARAACC    ON
    F9AGE              0.329      0.090      3.673      0.000

 NARACOMP   ON
    F9AGE              0.135      0.035      3.896      0.000

 WOLDCOMP   ON
    F8AGE              0.027      0.018      1.502      0.133

 F8AGE    WITH
    G                  0.000      0.000    999.000    999.000

 F9AGE    WITH
    G                  0.000      0.000    999.000    999.000

 NARACOMP WITH
    WOLDCOMP           2.648      0.161     16.448      0.000

 F9AGE    WITH
    F8AGE              0.664      0.216      3.075      0.002

 Means
    F8AGE            102.835      0.048   2136.106      0.000
    F9AGE            118.305      0.079   1506.675      0.000
    G                  0.000      0.000    999.000    999.000

 Intercepts
    NARAACC           33.843     10.659      3.175      0.001
    NARACOMP          11.286      4.108      2.747      0.006
    WOLDCOMP           4.793      1.861      2.576      0.010
    COMBACC           10.850      2.240      4.844      0.000

 Variances
    F8AGE              4.082      0.227     17.994      0.000
    F9AGE             13.497      0.565     23.889      0.000
    G                  1.000      0.000    999.000    999.000

 Residual Variances
    NARAACC            0.000      0.000    999.000    999.000
    NARACOMP          21.521      0.649     33.167      0.000
    WOLDCOMP           3.329      0.104     32.112      0.000
    COMBACC            5.054      0.225     22.435      0.000

Categorical Latent Variables

 Means
    C#1               -1.458      0.104    -13.978      0.000
    C#2               -2.414      0.091    -26.660      0.000


STANDARDIZED MODEL RESULTS


STDYX Standardization

                                                    Two-Tailed
                    Estimate       S.E.  Est./S.E.    P-Value

Latent Class 1

 G        BY
    COMBACC            0.741      0.027     27.037      0.000
    NARAACC            0.997      0.002    657.011      0.000
    NARACOMP           0.846      0.010     84.191      0.000
    WOLDCOMP           0.252      0.018     13.739      0.000

 COMBACC    ON
    F9AGE              0.037      0.023      1.637      0.102

 NARAACC    ON
    F9AGE              0.075      0.020      3.688      0.000

 NARACOMP   ON
    F9AGE              0.083      0.021      3.887      0.000

 WOLDCOMP   ON
    F8AGE              0.026      0.018      1.504      0.133

 F8AGE    WITH
    G                  0.000      0.000    999.000    999.000

 F9AGE    WITH
    G                  0.000      0.000    999.000    999.000

 NARACOMP WITH
    WOLDCOMP           0.417      0.023     18.359      0.000

 F9AGE    WITH
    F8AGE              0.089      0.029      3.117      0.002

 Means
    F8AGE             51.046      1.386     36.841      0.000
    F9AGE             32.229      0.660     48.818      0.000
    G                  0.000      0.000    999.000    999.000

 Intercepts
    NARAACC            0.047      0.667      0.070      0.944
    NARACOMP           0.005      0.695      0.008      0.994
    WOLDCOMP           1.967      0.902      2.180      0.029
    COMBACC            0.623      0.753      0.828      0.408

 Variances
    F8AGE              1.000      0.000    999.000    999.000
    F9AGE              1.000      0.000    999.000    999.000
    G                  1.000      0.000    999.000    999.000

 Residual Variances
    NARAACC            0.000    999.000    999.000    999.000
    NARACOMP           0.277      0.017     16.263      0.000
    WOLDCOMP           0.936      0.009    100.163      0.000
    COMBACC            0.450      0.041     10.999      0.000

Latent Class 2

 G        BY
    COMBACC            0.628      0.023     27.248      0.000
    NARAACC            0.997      0.002    657.011      0.000
    NARACOMP           0.739      0.021     34.607      0.000
    WOLDCOMP           0.271      0.022     12.584      0.000

 COMBACC    ON
    F9AGE              0.031      0.019      1.647      0.100

 NARAACC    ON
    F9AGE              0.075      0.020      3.688      0.000

 NARACOMP   ON
    F9AGE              0.072      0.019      3.887      0.000

 WOLDCOMP   ON
    F8AGE              0.028      0.019      1.505      0.132

 F8AGE    WITH
    G                  0.000      0.000    999.000    999.000

 F9AGE    WITH
    G                  0.000      0.000    999.000    999.000

 NARACOMP WITH
    WOLDCOMP           0.310      0.029     10.654      0.000

 F9AGE    WITH
    F8AGE              0.089      0.029      3.117      0.002

 Means
    F8AGE             56.650      1.396     40.593      0.000
    F9AGE             33.494      0.790     42.382      0.000
    G                  0.000      0.000    999.000    999.000

 Intercepts
    NARAACC            1.460      0.722      2.023      0.043
    NARACOMP           1.082      0.648      1.672      0.095
    WOLDCOMP           2.386      1.086      2.196      0.028
    COMBACC            2.408      0.704      3.423      0.001

 Variances
    F8AGE              1.000      0.000    999.000    999.000
    F9AGE              1.000      0.000    999.000    999.000
    G                  1.000      0.000    999.000    999.000

 Residual Variances
    NARAACC            0.000    999.000    999.000    999.000
    NARACOMP           0.449      0.032     14.167      0.000
    WOLDCOMP           0.926      0.012     78.507      0.000
    COMBACC            0.604      0.029     20.762      0.000

Latent Class 3

 G        BY
    COMBACC            0.707      0.013     53.676      0.000
    NARAACC            0.997      0.002    657.011      0.000
    NARACOMP           0.735      0.010     72.400      0.000
    WOLDCOMP           0.276      0.019     14.623      0.000

 COMBACC    ON
    F9AGE              0.035      0.022      1.646      0.100

 NARAACC    ON
    F9AGE              0.075      0.020      3.688      0.000

 NARACOMP   ON
    F9AGE              0.072      0.019      3.876      0.000

 WOLDCOMP   ON
    F8AGE              0.029      0.019      1.506      0.132

 F8AGE    WITH
    G                  0.000      0.000    999.000    999.000

 F9AGE    WITH
    G                  0.000      0.000    999.000    999.000

 NARACOMP WITH
    WOLDCOMP           0.313      0.018     17.661      0.000

 F9AGE    WITH
    F8AGE              0.089      0.029      3.117      0.002

 Means
    F8AGE             50.899      1.401     36.334      0.000
    F9AGE             32.202      0.662     48.633      0.000
    G                  0.000      0.000    999.000    999.000

 Intercepts
    NARAACC            2.093      0.670      3.124      0.002
    NARACOMP           1.640      0.600      2.733      0.006
    WOLDCOMP           2.523      0.982      2.570      0.010
    COMBACC            3.406      0.729      4.670      0.000

 Variances
    F8AGE              1.000      0.000    999.000    999.000
    F9AGE              1.000      0.000    999.000    999.000
    G                  1.000      0.000    999.000    999.000

 Residual Variances
    NARAACC            0.000    999.000    999.000    999.000
    NARACOMP           0.454      0.015     30.070      0.000
    WOLDCOMP           0.923      0.011     87.514      0.000
    COMBACC            0.498      0.019     26.376      0.000


R-SQUARE

Class 1

    Observed                                        Two-Tailed
    Variable        Estimate       S.E.  Est./S.E.    P-Value

    NARAACC            1.000    999.000    999.000    999.000
    NARACOMP           0.723      0.017     42.428      0.000
    WOLDCOMP           0.064      0.009      6.879      0.000
    COMBACC            0.550      0.041     13.445      0.000

Class 2

    Observed                                        Two-Tailed
    Variable        Estimate       S.E.  Est./S.E.    P-Value

    NARAACC            1.000    999.000    999.000    999.000
    NARACOMP           0.551      0.032     17.396      0.000
    WOLDCOMP           0.074      0.012      6.309      0.000
    COMBACC            0.396      0.029     13.606      0.000

Class 3

    Observed                                        Two-Tailed
    Variable        Estimate       S.E.  Est./S.E.    P-Value

    NARAACC            1.000    999.000    999.000    999.000
    NARACOMP           0.546      0.015     36.128      0.000
    WOLDCOMP           0.077      0.011      7.328      0.000
    COMBACC            0.502      0.019     26.567      0.000


QUALITY OF NUMERICAL RESULTS

     Condition Number for the Information Matrix              0.850E-09
       (ratio of smallest to largest eigenvalue)


CONFIDENCE INTERVALS OF MODEL RESULTS

                  Lower .5%  Lower 2.5%    Lower 5%    Estimate    Upper 5%  Upper 2.5%   Upper .5%

Latent Class 1

 G        BY
    COMBACC          2.044       2.094       2.119       2.254       2.388       2.413       2.463
    NARAACC         15.312      15.505      15.604      16.121      16.638      16.737      16.931
    NARACOMP         4.747       4.822       4.861       5.061       5.261       5.299       5.374
    WOLDCOMP         0.428       0.451       0.463       0.525       0.587       0.599       0.623

 COMBACC  ON
    F9AGE           -0.018      -0.006       0.000       0.031       0.062       0.067       0.079

 NARAACC  ON
    F9AGE            0.098       0.153       0.182       0.329       0.476       0.504       0.559

 NARACOMP ON
    F9AGE            0.046       0.067       0.078       0.135       0.191       0.202       0.224

 WOLDCOMP ON
    F8AGE           -0.019      -0.008      -0.003       0.027       0.057       0.063       0.074

 F8AGE    WITH
    G                0.000       0.000       0.000       0.000       0.000       0.000       0.000

 F9AGE    WITH
    G                0.000       0.000       0.000       0.000       0.000       0.000       0.000

 NARACOMP WITH
    WOLDCOMP         2.233       2.333       2.383       2.648       2.913       2.964       3.063

 F9AGE    WITH
    F8AGE            0.108       0.241       0.309       0.664       1.019       1.087       1.219

 Means
    F8AGE          102.795     102.875     102.916     103.130     103.345     103.386     103.466
    F9AGE          117.950     118.058     118.114     118.403     118.692     118.747     118.855
    G                0.000       0.000       0.000       0.000       0.000       0.000       0.000

 Intercepts
    NARAACC        -26.990     -20.356     -16.962       0.759      18.481      21.875      28.509
    NARACOMP       -10.680      -8.119      -6.809       0.033       6.874       8.184      10.745
    WOLDCOMP        -0.722       0.430       1.020       4.097       7.175       7.764       8.916
    COMBACC         -4.001      -2.591      -1.870       1.897       5.663       6.384       7.794

 Variances
    F8AGE            3.498       3.637       3.709       4.082       4.455       4.526       4.666
    F9AGE           12.042      12.389      12.567      13.497      14.426      14.604      14.952
    G                1.000       1.000       1.000       1.000       1.000       1.000       1.000

 Residual Variances
    NARAACC          0.000       0.000       0.000       0.000       0.000       0.000       0.000
    NARACOMP         8.176       8.590       8.803       9.911      11.019      11.232      11.647
    WOLDCOMP         3.286       3.471       3.566       4.059       4.553       4.648       4.833
    COMBACC          2.972       3.257       3.403       4.165       4.927       5.073       5.358

Latent Class 2

 G        BY
    COMBACC          2.044       2.094       2.119       2.254       2.388       2.413       2.463
    NARAACC         15.312      15.505      15.604      16.121      16.638      16.737      16.931
    NARACOMP         4.747       4.822       4.861       5.061       5.261       5.299       5.374
    WOLDCOMP         0.428       0.451       0.463       0.525       0.587       0.599       0.623

 COMBACC  ON
    F9AGE           -0.018      -0.006       0.000       0.031       0.062       0.067       0.079

 NARAACC  ON
    F9AGE            0.098       0.153       0.182       0.329       0.476       0.504       0.559

 NARACOMP ON
    F9AGE            0.046       0.067       0.078       0.135       0.191       0.202       0.224

 WOLDCOMP ON
    F8AGE           -0.019      -0.008      -0.003       0.027       0.057       0.063       0.074

 F8AGE    WITH
    G                0.000       0.000       0.000       0.000       0.000       0.000       0.000

 F9AGE    WITH
    G                0.000       0.000       0.000       0.000       0.000       0.000       0.000

 NARACOMP WITH
    WOLDCOMP         2.233       2.333       2.383       2.648       2.913       2.964       3.063

 F9AGE    WITH
    F8AGE            0.108       0.241       0.309       0.664       1.019       1.087       1.219

 Means
    F8AGE          113.036     113.375     113.548     114.453     115.358     115.531     115.870
    F9AGE          121.257     121.685     121.904     123.049     124.193     124.413     124.841
    G                0.000       0.000       0.000       0.000       0.000       0.000       0.000

 Intercepts
    NARAACC         -6.135       0.973       4.609      23.595      42.582      46.218      53.325
    NARACOMP        -3.943      -1.228       0.161       7.414      14.667      16.056      18.771
    WOLDCOMP        -0.753       0.531       1.188       4.619       8.050       8.707       9.991
    COMBACC          2.373       3.870       4.636       8.636      12.637      13.403      14.900

 Variances
    F8AGE            3.498       3.637       3.709       4.082       4.455       4.526       4.666
    F9AGE           12.042      12.389      12.567      13.497      14.426      14.604      14.952
    G                1.000       1.000       1.000       1.000       1.000       1.000       1.000

 Residual Variances
    NARAACC          0.000       0.000       0.000       0.000       0.000       0.000       0.000
    NARACOMP        14.858      16.340      17.098      21.057      25.016      25.774      27.256
    WOLDCOMP         2.569       2.784       2.894       3.469       4.044       4.154       4.369
    COMBACC          5.899       6.346       6.575       7.769       8.963       9.192       9.639

Latent Class 3

 G        BY
    COMBACC          2.044       2.094       2.119       2.254       2.388       2.413       2.463
    NARAACC         15.312      15.505      15.604      16.121      16.638      16.737      16.931
    NARACOMP         4.747       4.822       4.861       5.061       5.261       5.299       5.374
    WOLDCOMP         0.428       0.451       0.463       0.525       0.587       0.599       0.623

 COMBACC  ON
    F9AGE           -0.018      -0.006       0.000       0.031       0.062       0.067       0.079

 NARAACC  ON
    F9AGE            0.098       0.153       0.182       0.329       0.476       0.504       0.559

 NARACOMP ON
    F9AGE            0.046       0.067       0.078       0.135       0.191       0.202       0.224

 WOLDCOMP ON
    F8AGE           -0.019      -0.008      -0.003       0.027       0.057       0.063       0.074

 F8AGE    WITH
    G                0.000       0.000       0.000       0.000       0.000       0.000       0.000

 F9AGE    WITH
    G                0.000       0.000       0.000       0.000       0.000       0.000       0.000

 NARACOMP WITH
    WOLDCOMP         2.233       2.333       2.383       2.648       2.913       2.964       3.063

 F9AGE    WITH
    F8AGE            0.108       0.241       0.309       0.664       1.019       1.087       1.219

 Means
    F8AGE          102.711     102.740     102.756     102.835     102.914     102.929     102.959
    F9AGE          118.102     118.151     118.176     118.305     118.434     118.459     118.507
    G                0.000       0.000       0.000       0.000       0.000       0.000       0.000

 Intercepts
    NARAACC          6.387      12.951      16.309      33.843      51.377      54.734      61.298
    NARACOMP         0.704       3.233       4.527      11.286      18.044      19.338      21.868
    WOLDCOMP         0.000       1.146       1.732       4.793       7.854       8.440       9.586
    COMBACC          5.081       6.460       7.166      10.850      14.535      15.240      16.620

 Variances
    F8AGE            3.498       3.637       3.709       4.082       4.455       4.526       4.666
    F9AGE           12.042      12.389      12.567      13.497      14.426      14.604      14.952
    G                1.000       1.000       1.000       1.000       1.000       1.000       1.000

 Residual Variances
    NARAACC          0.000       0.000       0.000       0.000       0.000       0.000       0.000
    NARACOMP        19.849      20.249      20.453      21.521      22.588      22.792      23.192
    WOLDCOMP         3.062       3.126       3.159       3.329       3.500       3.532       3.596
    COMBACC          4.474       4.613       4.684       5.054       5.425       5.496       5.635

Categorical Latent Variables

 Means
    C#1             -1.727      -1.663      -1.630      -1.458      -1.287      -1.254      -1.189
    C#2             -2.647      -2.591      -2.563      -2.414      -2.265      -2.236      -2.180


CONFIDENCE INTERVALS OF STANDARDIZED MODEL RESULTS


STDYX Standardization

                  Lower .5%  Lower 2.5%    Lower 5%    Estimate    Upper 5%  Upper 2.5%   Upper .5%

Latent Class 1

 G        BY
    COMBACC          0.670       0.687       0.696       0.741       0.786       0.794       0.811
    NARAACC          0.993       0.994       0.995       0.997       1.000       1.000       1.001
    NARACOMP         0.820       0.827       0.830       0.846       0.863       0.866       0.872
    WOLDCOMP         0.205       0.216       0.222       0.252       0.282       0.288       0.299

 COMBACC  ON
    F9AGE           -0.021      -0.007       0.000       0.037       0.074       0.081       0.095

 NARAACC  ON
    F9AGE            0.023       0.035       0.041       0.075       0.108       0.114       0.127

 NARACOMP ON
    F9AGE            0.028       0.041       0.048       0.083       0.118       0.124       0.138

 WOLDCOMP ON
    F8AGE           -0.019      -0.008      -0.002       0.026       0.055       0.061       0.072

 F8AGE    WITH
    G                0.000       0.000       0.000       0.000       0.000       0.000       0.000

 F9AGE    WITH
    G                0.000       0.000       0.000       0.000       0.000       0.000       0.000

 NARACOMP WITH
    WOLDCOMP         0.359       0.373       0.380       0.417       0.455       0.462       0.476

 F9AGE    WITH
    F8AGE            0.016       0.033       0.042       0.089       0.137       0.146       0.163

 Means
    F8AGE           47.477      48.330      48.766      51.046      53.325      53.761      54.615
    F9AGE           30.528      30.935      31.143      32.229      33.315      33.523      33.929
    G                0.000       0.000       0.000       0.000       0.000       0.000       0.000

 Intercepts
    NARAACC         -1.670      -1.260      -1.050       0.047       1.144       1.354       1.764
    NARACOMP        -1.786      -1.358      -1.138       0.005       1.149       1.368       1.797
    WOLDCOMP        -0.357       0.199       0.483       1.967       3.451       3.735       4.291
    COMBACC         -1.317      -0.853      -0.616       0.623       1.863       2.100       2.564

 Variances
    F8AGE            1.000       1.000       1.000       1.000       1.000       1.000       1.000
    F9AGE            1.000       1.000       1.000       1.000       1.000       1.000       1.000
    G                1.000       1.000       1.000       1.000       1.000       1.000       1.000

 Residual Variances
    NARAACC        999.000     999.000     999.000       0.000     999.000     999.000     999.000
    NARACOMP         0.233       0.244       0.249       0.277       0.305       0.310       0.321
    WOLDCOMP         0.912       0.917       0.920       0.936       0.951       0.954       0.960
    COMBACC          0.345       0.370       0.383       0.450       0.517       0.530       0.555

Latent Class 2

 G        BY
    COMBACC          0.569       0.583       0.590       0.628       0.666       0.674       0.688
    NARAACC          0.993       0.994       0.995       0.997       1.000       1.000       1.001
    NARACOMP         0.684       0.697       0.704       0.739       0.774       0.781       0.794
    WOLDCOMP         0.216       0.229       0.236       0.271       0.307       0.314       0.327

 COMBACC  ON
    F9AGE           -0.018      -0.006       0.000       0.031       0.063       0.069       0.081

 NARAACC  ON
    F9AGE            0.023       0.035       0.041       0.075       0.108       0.114       0.127

 NARACOMP ON
    F9AGE            0.024       0.036       0.042       0.072       0.103       0.109       0.120

 WOLDCOMP ON
    F8AGE           -0.020      -0.009      -0.003       0.028       0.059       0.065       0.077

 F8AGE    WITH
    G                0.000       0.000       0.000       0.000       0.000       0.000       0.000

 F9AGE    WITH
    G                0.000       0.000       0.000       0.000       0.000       0.000       0.000

 NARACOMP WITH
    WOLDCOMP         0.235       0.253       0.262       0.310       0.358       0.367       0.385

 F9AGE    WITH
    F8AGE            0.016       0.033       0.042       0.089       0.137       0.146       0.163

 Means
    F8AGE           53.055      53.915      54.354      56.650      58.946      59.385      60.245
    F9AGE           31.458      31.945      32.194      33.494      34.794      35.043      35.529
    G                0.000       0.000       0.000       0.000       0.000       0.000       0.000

 Intercepts
    NARAACC         -0.399       0.045       0.273       1.460       2.647       2.874       3.318
    NARACOMP        -0.586      -0.187       0.017       1.082       2.148       2.352       2.750
    WOLDCOMP        -0.413       0.257       0.599       2.386       4.173       4.515       5.184
    COMBACC          0.596       1.029       1.251       2.408       3.566       3.788       4.221

 Variances
    F8AGE            1.000       1.000       1.000       1.000       1.000       1.000       1.000
    F9AGE            1.000       1.000       1.000       1.000       1.000       1.000       1.000
    G                1.000       1.000       1.000       1.000       1.000       1.000       1.000

 Residual Variances
    NARAACC        999.000     999.000     999.000       0.000     999.000     999.000     999.000
    NARACOMP         0.367       0.387       0.397       0.449       0.501       0.511       0.530
    WOLDCOMP         0.895       0.903       0.906       0.926       0.945       0.949       0.956
    COMBACC          0.529       0.547       0.556       0.604       0.652       0.661       0.679

Latent Class 3

 G        BY
    COMBACC          0.674       0.682       0.686       0.707       0.729       0.733       0.741
    NARAACC          0.993       0.994       0.995       0.997       1.000       1.000       1.001
    NARACOMP         0.709       0.715       0.719       0.735       0.752       0.755       0.761
    WOLDCOMP         0.228       0.239       0.245       0.276       0.308       0.314       0.325

 COMBACC  ON
    F9AGE           -0.020      -0.007       0.000       0.035       0.071       0.078       0.091

 NARAACC  ON
    F9AGE            0.023       0.035       0.041       0.075       0.108       0.114       0.127

 NARACOMP ON
    F9AGE            0.024       0.036       0.041       0.072       0.102       0.108       0.120

 WOLDCOMP ON
    F8AGE           -0.021      -0.009      -0.003       0.029       0.061       0.067       0.078

 F8AGE    WITH
    G                0.000       0.000       0.000       0.000       0.000       0.000       0.000

 F9AGE    WITH
    G                0.000       0.000       0.000       0.000       0.000       0.000       0.000

 NARACOMP WITH
    WOLDCOMP         0.267       0.278       0.284       0.313       0.342       0.348       0.358

 F9AGE    WITH
    F8AGE            0.016       0.033       0.042       0.089       0.137       0.146       0.163

 Means
    F8AGE           47.291      48.154      48.595      50.899      53.204      53.645      54.508
    F9AGE           30.497      30.904      31.113      32.202      33.291      33.500      33.908
    G                0.000       0.000       0.000       0.000       0.000       0.000       0.000

 Intercepts
    NARAACC          0.367       0.780       0.991       2.093       3.196       3.407       3.820
    NARACOMP         0.094       0.464       0.653       1.640       2.626       2.815       3.185
    WOLDCOMP        -0.005       0.599       0.908       2.523       4.138       4.448       5.052
    COMBACC          1.527       1.977       2.206       3.406       4.606       4.836       5.285

 Variances
    F8AGE            1.000       1.000       1.000       1.000       1.000       1.000       1.000
    F9AGE            1.000       1.000       1.000       1.000       1.000       1.000       1.000
    G                1.000       1.000       1.000       1.000       1.000       1.000       1.000

 Residual Variances
    NARAACC        999.000     999.000     999.000       0.000     999.000     999.000     999.000
    NARACOMP         0.415       0.425       0.429       0.454       0.479       0.484       0.493
    WOLDCOMP         0.896       0.902       0.905       0.923       0.940       0.943       0.950
    COMBACC          0.450       0.461       0.467       0.498       0.529       0.535       0.547


TECHNICAL 7 OUTPUT


     SAMPLE STATISTICS WEIGHTED BY ESTIMATED CLASS PROBABILITIES FOR CLASS 1


           Means
              NARAACC       NARACOMP      WOLDCOMP      COMBACC       F8AGE
              ________      ________      ________      ________      ________
               39.687        15.975         6.984         5.564       103.110


           Means
              F9AGE
              ________
              118.403


           Covariances
              NARAACC       NARACOMP      WOLDCOMP      COMBACC       F8AGE
              ________      ________      ________      ________      ________
 NARAACC      236.715
 NARACOMP      83.573        37.778
 WOLDCOMP      11.364         6.429         3.605
 COMBACC       37.348        13.617         2.011         9.686
 F8AGE         93.100        45.852         0.033        12.410         3.967
 F9AGE         -0.603        -0.432        -3.498        -0.409       -42.282


           Covariances
              F9AGE
              ________
 F9AGE         12.824


     SAMPLE STATISTICS WEIGHTED BY ESTIMATED CLASS PROBABILITIES FOR CLASS 2


           Means
              NARAACC       NARACOMP      WOLDCOMP      COMBACC       F8AGE
              ________      ________      ________      ________      ________
               64.050        23.982         7.747        12.420       114.380


           Means
              F9AGE
              ________
              123.049


           Covariances
              NARAACC       NARACOMP      WOLDCOMP      COMBACC       F8AGE
              ________      ________      ________      ________      ________
 NARAACC      456.433
 NARACOMP     137.492        63.570
 WOLDCOMP      10.430         7.420         4.137
 COMBACC       83.373        26.079         2.917        22.069
 F8AGE        -38.358       -16.821         0.282         1.247        12.725
 F9AGE         19.919         3.748       -10.840         2.595      -164.868


           Covariances
              F9AGE
              ________
 F9AGE         29.864


     SAMPLE STATISTICS WEIGHTED BY ESTIMATED CLASS PROBABILITIES FOR CLASS 3


           Means
              NARAACC       NARACOMP      WOLDCOMP      COMBACC       F8AGE
              ________      ________      ________      ________      ________
               72.738        27.215         7.612        14.483       102.826


           Means
              F9AGE
              ________
              118.305


           Covariances
              NARAACC       NARACOMP      WOLDCOMP      COMBACC       F8AGE
              ________      ________      ________      ________      ________
 NARAACC      248.969
 NARACOMP      73.344        43.570
 WOLDCOMP       9.837         6.480         3.690
 COMBACC       32.695         9.532         1.369         9.314
 F8AGE         25.199        14.439        -0.019         4.383         3.466
 F9AGE          3.223         1.677        -1.781         0.243       -17.780


           Covariances
              F9AGE
              ________
 F9AGE         12.189


TECHNICAL 11 OUTPUT

     Random Starts Specifications for the k-1 Class Analysis Model
        Number of initial stage random starts                  20
        Number of final stage optimizations                     4



     VUONG-LO-MENDELL-RUBIN LIKELIHOOD RATIO TEST FOR 2 (H0) VERSUS 3 CLASSES

          H0 Loglikelihood Value                       -55227.121
          2 Times the Loglikelihood Difference            513.486
          Difference in the Number of Parameters               10
          Mean                                             30.895
          Standard Deviation                               33.891
          P-Value                                          0.0000

     LO-MENDELL-RUBIN ADJUSTED LRT TEST

          Value                                           507.253
          P-Value                                          0.0000


TECHNICAL 14 OUTPUT

     Random Starts Specifications for the k-1 Class Analysis Model
        Number of initial stage random starts                  20
        Number of final stage optimizations                     4

     Random Starts Specification for the k-1 Class Model for Generated Data
        Number of initial stage random starts                   0
        Number of final stage optimizations for the
           initial stage random starts                          0
     Random Starts Specification for the k Class Model for Generated Data
        Number of initial stage random starts                 100
        Number of final stage optimizations                    20
     Number of bootstrap draws requested                   Varies


     PARAMETRIC BOOTSTRAPPED LIKELIHOOD RATIO TEST FOR 2 (H0) VERSUS 3 CLASSES

          H0 Loglikelihood Value                       -55227.121
          2 Times the Loglikelihood Difference            513.486
          Difference in the Number of Parameters               10
          Approximate P-Value                              0.0000
          Successful Bootstrap Draws                            5

     WARNING:  OF THE 5 BOOTSTRAP DRAWS, 3 DRAWS HAD BOTH A SMALLER LRT VALUE THAN THE
     OBSERVED LRT VALUE AND NOT A REPLICATED BEST LOGLIKELIHOOD VALUE FOR THE 3-CLASS MODEL.
     THIS MEANS THAT THE P-VALUE MAY NOT BE TRUSTWORTHY DUE TO LOCAL MAXIMA.
     INCREASE THE NUMBER OF RANDOM STARTS USING THE LRTSTARTS OPTION.



SAMPLE STATISTICS FOR ESTIMATED FACTOR SCORES


     SAMPLE STATISTICS


           Means
              G             C_G
              ________      ________
                0.000        -0.024


           Covariances
              G             C_G
              ________      ________
 G              0.834
 C_G            0.857         0.944


           Correlations
              G             C_G
              ________      ________
 G              1.000
 C_G            0.966         1.000


PLOT INFORMATION

The following plots are available:

  Histograms (sample values, estimated factor scores, estimated values, residuals)
  Scatterplots (sample values, estimated factor scores, estimated values, residuals)
  Latent variable distribution plots
  Estimated overall and class-specific distributions

SAVEDATA INFORMATION


  Save file
    sv_fmm3_3class.dat

  Order and format of variables

    NARAACC        F10.3
    NARACOMP       F10.3
    WOLDCOMP       F10.3
    COMBACC        F10.3
    F8AGE          F10.3
    F9AGE          F10.3
    G              F10.3
    C_G            F10.3
    CPROB1         F10.3
    CPROB2         F10.3
    CPROB3         F10.3
    C              F10.3
    CIDB3153       I6

  Save file format
    12F10.3 I6

  Save file record length    10000

  Save missing symbol        *


     Beginning Time:  11:01:57
        Ending Time:  11:02:07
       Elapsed Time:  00:00:10



MUTHEN & MUTHEN
3463 Stoner Ave.
Los Angeles, CA  90066

Tel: (310) 391-9971
Fax: (310) 391-8971
Web: www.StatModel.com
Support: Support@StatModel.com

Copyright (c) 1998-2020 Muthen & Muthen
