Mplus VERSION 8.5
MUTHEN & MUTHEN
10/01/2021   9:55 AM

INPUT INSTRUCTIONS

  TITLE:
   Model 4 (LPA and G covariate): 6 classes;
  DATA:
  FILE = "mplus_models/simpview/shape/lpa4_1class_de1b3854e8a32ccc95df154eccc810fd.dat";

  VARIABLE:
  NAMES = NARACOMP NARAACC COMBACC WOLDCOMP F8AGE F9AGE G CIDB3153;
   MISSING=.;
    idvariable = cidb3153; classes = c(6);
  ANALYSIS:
   estimator = mlr; type = mixture;
                                                     starts = 0; stscale = 5;
                                                     optseed = 887676;
                                                     processors = 4(starts);
                                                     lrtbootstrap = 500;
                                                     lrtstarts = 0 0 1000 250;
  MODEL:
  %OVERALL%
             f8age; f9age;
             combAcc naraAcc naraComp on f9age;
             woldcomp on f8age;

    naraComp naraAcc combAcc woldComp;

    [naraComp naraAcc combAcc woldComp];
                combAcc naraAcc naraComp woldComp ON G;

    naraComp with naraAcc@0;
    naraComp with combAcc@0;
    naraComp with woldComp@0;
    naraAcc with combAcc@0;
    naraAcc with woldComp@0;
    combAcc with woldComp@0;
   %c#1%

    naraComp naraAcc combAcc woldComp;
    [naraComp naraAcc combAcc woldComp];
   %c#2%

    naraComp naraAcc combAcc woldComp;
    [naraComp naraAcc combAcc woldComp];
   %c#3%

    naraComp naraAcc combAcc woldComp;
    [naraComp naraAcc combAcc woldComp];
   %c#4%

    naraComp naraAcc combAcc woldComp;
    [naraComp naraAcc combAcc woldComp];
   %c#5%

    naraComp naraAcc combAcc woldComp;
    [naraComp naraAcc combAcc woldComp];
   %c#6%

    naraComp naraAcc combAcc woldComp;
    [naraComp naraAcc combAcc woldComp];
  OUTPUT:
   TECH7 TECH11 TECH14 stdyx CINTERVAL ENTROPY;
  SAVEDATA:
   FILE IS sv_lpa4_6class.dat; SAVE = cprobabilities;
  PLOT:
  TYPE = PLOT3;



INPUT READING TERMINATED NORMALLY




Model 4 (LPA and G covariate): 6 classes;

SUMMARY OF ANALYSIS

Number of groups                                                 1
Number of observations                                        3423

Number of dependent variables                                    4
Number of independent variables                                  3
Number of continuous latent variables                            0
Number of categorical latent variables                           1

Observed dependent variables

  Continuous
   NARACOMP    NARAACC     COMBACC     WOLDCOMP

Observed independent variables
   F8AGE       F9AGE       G

Categorical latent variables
   C

Variables with special functions

  ID variable           CIDB3153

Estimator                                                      MLR
Information matrix                                        OBSERVED
Optimization Specifications for the Quasi-Newton Algorithm for
Continuous Outcomes
  Maximum number of iterations                                 100
  Convergence criterion                                  0.100D-05
Optimization Specifications for the EM Algorithm
  Maximum number of iterations                                 500
  Convergence criteria
    Loglikelihood change                                 0.100D-06
    Relative loglikelihood change                        0.100D-06
    Derivative                                           0.100D-05
Optimization Specifications for the M step of the EM Algorithm for
Categorical Latent variables
  Number of M step iterations                                    1
  M step convergence criterion                           0.100D-05
  Basis for M step termination                           ITERATION
Optimization Specifications for the M step of the EM Algorithm for
Censored, Binary or Ordered Categorical (Ordinal), Unordered
Categorical (Nominal) and Count Outcomes
  Number of M step iterations                                    1
  M step convergence criterion                           0.100D-05
  Basis for M step termination                           ITERATION
  Maximum value for logit thresholds                            15
  Minimum value for logit thresholds                           -15
  Minimum expected cell size for chi-square              0.100D-01
Maximum number of iterations for H1                           2000
Convergence criterion for H1                             0.100D-03
Optimization algorithm                                         EMA
Random Starts Specifications
  Random seed for analysis                                  887676

Input data file(s)
  mplus_models/simpview/shape/lpa4_1class_de1b3854e8a32ccc95df154eccc810fd.dat
Input data format  FREE


SUMMARY OF DATA

     Number of missing data patterns             5
     Number of y missing data patterns           5
     Number of u missing data patterns           0


COVARIANCE COVERAGE OF DATA

Minimum covariance coverage value   0.100


     PROPORTION OF DATA PRESENT FOR Y


           Covariance Coverage
              NARACOMP      NARAACC       COMBACC       WOLDCOMP      F8AGE
              ________      ________      ________      ________      ________
 NARACOMP       1.000
 NARAACC        1.000         1.000
 COMBACC        0.996         0.996         0.996
 WOLDCOMP       0.852         0.852         0.850         0.852
 F8AGE          0.861         0.861         0.858         0.852         0.861
 F9AGE          1.000         1.000         0.996         0.852         0.861
 G              1.000         1.000         0.996         0.852         0.861


           Covariance Coverage
              F9AGE         G
              ________      ________
 F9AGE          1.000
 G              1.000         1.000



UNIVARIATE SAMPLE STATISTICS


     UNIVARIATE HIGHER-ORDER MOMENT DESCRIPTIVE STATISTICS

         Variable/         Mean/     Skewness/   Minimum/ % with                Percentiles
        Sample Size      Variance    Kurtosis    Maximum  Min/Max      20%/60%    40%/80%    Median

     NARACOMP             25.018      -0.273       0.000    0.09%      18.000     23.000     25.000
            3423.000      62.018      -0.237      44.000    0.03%      28.000     32.000
     NARAACC              66.334      -0.525       0.000    0.06%      48.000     62.000     69.000
            3423.000     417.180      -0.469     100.000    0.06%      76.000     86.000
     COMBACC              12.788      -0.783       0.000    1.44%       9.000     13.000     14.000
            3408.000      21.534      -0.011      20.000    1.44%      15.000     17.000
     WOLDCOMP              7.517       0.082       2.000    0.41%       6.000      7.000      7.000
            2917.000       3.758       0.190      15.000    0.03%       8.000      9.000
     F8AGE               103.533       2.579      94.000    0.03%     102.000    102.000    103.000
            2947.000      11.227       8.561     126.000    0.03%     103.000    105.000
     F9AGE               118.643       1.305     105.000    0.03%     116.000    117.000    118.000
            3423.000      14.907       2.626     139.000    0.06%     119.000    121.000
     G                     0.000      -0.561     -14.876    0.03%      -3.449     -0.763      0.570
            3423.000      15.859      -0.245       7.123    0.03%       1.671      3.731


THE MODEL ESTIMATION TERMINATED NORMALLY



MODEL FIT INFORMATION

Number of Free Parameters                       76

Loglikelihood

          H0 Value                      -42129.850
          H0 Scaling Correction Factor      1.4250
            for MLR

Information Criteria

          Akaike (AIC)                   84411.700
          Bayesian (BIC)                 84878.209
          Sample-Size Adjusted BIC       84636.721
            (n* = (n + 2) / 24)



FINAL CLASS COUNTS AND PROPORTIONS FOR THE LATENT CLASSES
BASED ON THE ESTIMATED MODEL

    Latent
   Classes

       1        556.35673          0.16253
       2        718.25722          0.20983
       3        471.46352          0.13773
       4        834.87939          0.24390
       5        206.51164          0.06033
       6        635.53150          0.18567


FINAL CLASS COUNTS AND PROPORTIONS FOR THE LATENT CLASSES
BASED ON ESTIMATED POSTERIOR PROBABILITIES

    Latent
   Classes

       1        556.35673          0.16253
       2        718.25722          0.20983
       3        471.46352          0.13773
       4        834.87939          0.24390
       5        206.51164          0.06033
       6        635.53150          0.18567


FINAL CLASS COUNTS AND PROPORTIONS FOR THE LATENT CLASSES
BASED ON THEIR MOST LIKELY LATENT CLASS MEMBERSHIP

Class Counts and Proportions

    Latent
   Classes

       1              535          0.15630
       2              722          0.21093
       3              450          0.13146
       4              877          0.25621
       5              193          0.05638
       6              646          0.18872


CLASSIFICATION QUALITY

     Entropy                         0.799


           Univariate Entropy
              NARACOMP      NARAACC       COMBACC       WOLDCOMP      F8AGE
              ________      ________      ________      ________      ________
                0.083         0.060         0.113         0.057         0.141


           Univariate Entropy
              F9AGE
              ________
                0.075


Average Latent Class Probabilities for Most Likely Latent Class Membership (Row)
by Latent Class (Column)

           1        2        3        4        5        6

    1   0.903    0.000    0.002    0.032    0.007    0.055
    2   0.000    0.866    0.050    0.043    0.012    0.029
    3   0.001    0.053    0.894    0.042    0.010    0.000
    4   0.032    0.047    0.033    0.824    0.012    0.052
    5   0.014    0.027    0.016    0.023    0.904    0.016
    6   0.065    0.035    0.000    0.063    0.007    0.830


Classification Probabilities for the Most Likely Latent Class Membership (Column)
by Latent Class (Row)

           1        2        3        4        5        6

    1   0.868    0.000    0.001    0.051    0.005    0.075
    2   0.000    0.871    0.033    0.058    0.007    0.031
    3   0.003    0.076    0.854    0.061    0.006    0.000
    4   0.021    0.037    0.023    0.865    0.005    0.049
    5   0.019    0.041    0.021    0.052    0.845    0.021
    6   0.046    0.033    0.000    0.072    0.005    0.844


Logits for the Classification Probabilities for the Most Likely Latent Class Membership (Column)
by Latent Class (Row)

              1        2        3        4        5        6

    1      2.443   -6.895   -4.676   -0.396   -2.728    0.000
    2    -10.358    3.319    0.050    0.603   -1.460    0.000
    3      2.841    6.143    8.559    5.919    3.672    0.000
    4     -0.850   -0.259   -0.757    2.879   -2.234    0.000
    5     -0.111    0.660   -0.001    0.888    3.676    0.000
    6     -2.903   -3.244  -13.646   -2.464   -5.128    0.000


MODEL RESULTS

                                                    Two-Tailed
                    Estimate       S.E.  Est./S.E.    P-Value

Latent Class 1

 COMBACC    ON
    F9AGE              0.256      0.016     15.774      0.000
    G                  0.993      0.015     64.509      0.000

 NARAACC    ON
    F9AGE              1.430      0.006    257.465      0.000
    G                  5.262      0.006    929.312      0.000

 NARACOMP   ON
    F9AGE              0.505      0.030     16.936      0.000
    G                  1.783      0.027     65.257      0.000

 WOLDCOMP   ON
    F8AGE              0.029      0.018      1.637      0.102
    G                  0.164      0.010     16.108      0.000

 NARACOMP WITH
    NARAACC            0.000      0.000    999.000    999.000
    COMBACC            0.000      0.000    999.000    999.000
    WOLDCOMP           0.000      0.000    999.000    999.000

 NARAACC  WITH
    COMBACC            0.000      0.000    999.000    999.000
    WOLDCOMP           0.000      0.000    999.000    999.000

 COMBACC  WITH
    WOLDCOMP           0.000      0.000    999.000    999.000

 F9AGE    WITH
    F8AGE              0.683      0.210      3.250      0.001

 Means
    F8AGE            102.998      0.104    987.023      0.000
    F9AGE            118.285      0.229    517.633      0.000

 Intercepts
    NARACOMP         -32.001      3.657     -8.750      0.000
    NARAACC         -104.578      0.676   -154.783      0.000
    COMBACC          -14.585      1.926     -7.574      0.000
    WOLDCOMP           4.584      1.837      2.496      0.013

 Variances
    F8AGE              4.156      0.212     19.579      0.000
    F9AGE             13.611      0.564     24.150      0.000

 Residual Variances
    NARACOMP          14.251      1.219     11.688      0.000
    NARAACC            0.234      0.023     10.256      0.000
    COMBACC            2.842      0.274     10.376      0.000
    WOLDCOMP           3.045      0.234     12.995      0.000

Latent Class 2

 COMBACC    ON
    F9AGE              0.256      0.016     15.774      0.000
    G                  0.993      0.015     64.509      0.000

 NARAACC    ON
    F9AGE              1.430      0.006    257.465      0.000
    G                  5.262      0.006    929.312      0.000

 NARACOMP   ON
    F9AGE              0.505      0.030     16.936      0.000
    G                  1.783      0.027     65.257      0.000

 WOLDCOMP   ON
    F8AGE              0.029      0.018      1.637      0.102
    G                  0.164      0.010     16.108      0.000

 NARACOMP WITH
    NARAACC            0.000      0.000    999.000    999.000
    COMBACC            0.000      0.000    999.000    999.000
    WOLDCOMP           0.000      0.000    999.000    999.000

 NARAACC  WITH
    COMBACC            0.000      0.000    999.000    999.000
    WOLDCOMP           0.000      0.000    999.000    999.000

 COMBACC  WITH
    WOLDCOMP           0.000      0.000    999.000    999.000

 F9AGE    WITH
    F8AGE              0.683      0.210      3.250      0.001

 Means
    F8AGE            102.928      0.103    999.342      0.000
    F9AGE            118.524      0.176    675.174      0.000

 Intercepts
    NARACOMP         -34.461      3.541     -9.733      0.000
    NARAACC         -102.796      0.661   -155.470      0.000
    COMBACC          -20.174      1.922    -10.495      0.000
    WOLDCOMP           4.905      1.829      2.682      0.007

 Variances
    F8AGE              4.156      0.212     19.579      0.000
    F9AGE             13.611      0.564     24.150      0.000

 Residual Variances
    NARACOMP           5.456      0.502     10.878      0.000
    NARAACC            0.118      0.012     10.124      0.000
    COMBACC            1.943      0.131     14.885      0.000
    WOLDCOMP           2.996      0.205     14.597      0.000

Latent Class 3

 COMBACC    ON
    F9AGE              0.256      0.016     15.774      0.000
    G                  0.993      0.015     64.509      0.000

 NARAACC    ON
    F9AGE              1.430      0.006    257.465      0.000
    G                  5.262      0.006    929.312      0.000

 NARACOMP   ON
    F9AGE              0.505      0.030     16.936      0.000
    G                  1.783      0.027     65.257      0.000

 WOLDCOMP   ON
    F8AGE              0.029      0.018      1.637      0.102
    G                  0.164      0.010     16.108      0.000

 NARACOMP WITH
    NARAACC            0.000      0.000    999.000    999.000
    COMBACC            0.000      0.000    999.000    999.000
    WOLDCOMP           0.000      0.000    999.000    999.000

 NARAACC  WITH
    COMBACC            0.000      0.000    999.000    999.000
    WOLDCOMP           0.000      0.000    999.000    999.000

 COMBACC  WITH
    WOLDCOMP           0.000      0.000    999.000    999.000

 F9AGE    WITH
    F8AGE              0.683      0.210      3.250      0.001

 Means
    F8AGE            103.104      0.113    915.969      0.000
    F9AGE            118.356      0.229    516.243      0.000

 Intercepts
    NARACOMP         -41.181      3.511    -11.730      0.000
    NARAACC         -102.213      0.675   -151.393      0.000
    COMBACC          -18.697      2.104     -8.886      0.000
    WOLDCOMP           3.544      1.839      1.927      0.054

 Variances
    F8AGE              4.156      0.212     19.579      0.000
    F9AGE             13.611      0.564     24.150      0.000

 Residual Variances
    NARACOMP           8.741      1.434      6.098      0.000
    NARAACC            0.365      0.056      6.505      0.000
    COMBACC            7.010      0.596     11.758      0.000
    WOLDCOMP           2.618      0.287      9.129      0.000

Latent Class 4

 COMBACC    ON
    F9AGE              0.256      0.016     15.774      0.000
    G                  0.993      0.015     64.509      0.000

 NARAACC    ON
    F9AGE              1.430      0.006    257.465      0.000
    G                  5.262      0.006    929.312      0.000

 NARACOMP   ON
    F9AGE              0.505      0.030     16.936      0.000
    G                  1.783      0.027     65.257      0.000

 WOLDCOMP   ON
    F8AGE              0.029      0.018      1.637      0.102
    G                  0.164      0.010     16.108      0.000

 NARACOMP WITH
    NARAACC            0.000      0.000    999.000    999.000
    COMBACC            0.000      0.000    999.000    999.000
    WOLDCOMP           0.000      0.000    999.000    999.000

 NARAACC  WITH
    COMBACC            0.000      0.000    999.000    999.000
    WOLDCOMP           0.000      0.000    999.000    999.000

 COMBACC  WITH
    WOLDCOMP           0.000      0.000    999.000    999.000

 F9AGE    WITH
    F8AGE              0.683      0.210      3.250      0.001

 Means
    F8AGE            102.844      0.085   1205.971      0.000
    F9AGE            118.202      0.176    670.628      0.000

 Intercepts
    NARACOMP         -36.574      3.430    -10.662      0.000
    NARAACC         -103.409      0.677   -152.702      0.000
    COMBACC          -16.609      1.928     -8.613      0.000
    WOLDCOMP           3.937      1.819      2.164      0.030

 Variances
    F8AGE              4.156      0.212     19.579      0.000
    F9AGE             13.611      0.564     24.150      0.000

 Residual Variances
    NARACOMP           4.101      0.480      8.541      0.000
    NARAACC            0.096      0.010      9.248      0.000
    COMBACC            1.404      0.154      9.123      0.000
    WOLDCOMP           2.993      0.235     12.715      0.000

Latent Class 5

 COMBACC    ON
    F9AGE              0.256      0.016     15.774      0.000
    G                  0.993      0.015     64.509      0.000

 NARAACC    ON
    F9AGE              1.430      0.006    257.465      0.000
    G                  5.262      0.006    929.312      0.000

 NARACOMP   ON
    F9AGE              0.505      0.030     16.936      0.000
    G                  1.783      0.027     65.257      0.000

 WOLDCOMP   ON
    F8AGE              0.029      0.018      1.637      0.102
    G                  0.164      0.010     16.108      0.000

 NARACOMP WITH
    NARAACC            0.000      0.000    999.000    999.000
    COMBACC            0.000      0.000    999.000    999.000
    WOLDCOMP           0.000      0.000    999.000    999.000

 NARAACC  WITH
    COMBACC            0.000      0.000    999.000    999.000
    WOLDCOMP           0.000      0.000    999.000    999.000

 COMBACC  WITH
    WOLDCOMP           0.000      0.000    999.000    999.000

 F9AGE    WITH
    F8AGE              0.683      0.210      3.250      0.001

 Means
    F8AGE            114.764      0.504    227.638      0.000
    F9AGE            123.113      0.735    167.569      0.000

 Intercepts
    NARACOMP         -35.313      3.728     -9.473      0.000
    NARAACC         -103.209      0.689   -149.747      0.000
    COMBACC          -17.659      2.017     -8.753      0.000
    WOLDCOMP           4.680      2.051      2.281      0.023

 Variances
    F8AGE              4.156      0.212     19.579      0.000
    F9AGE             13.611      0.564     24.150      0.000

 Residual Variances
    NARACOMP          21.545      2.805      7.681      0.000
    NARAACC            0.708      0.086      8.268      0.000
    COMBACC            6.012      0.605      9.934      0.000
    WOLDCOMP           3.892      0.436      8.924      0.000

Latent Class 6

 COMBACC    ON
    F9AGE              0.256      0.016     15.774      0.000
    G                  0.993      0.015     64.509      0.000

 NARAACC    ON
    F9AGE              1.430      0.006    257.465      0.000
    G                  5.262      0.006    929.312      0.000

 NARACOMP   ON
    F9AGE              0.505      0.030     16.936      0.000
    G                  1.783      0.027     65.257      0.000

 WOLDCOMP   ON
    F8AGE              0.029      0.018      1.637      0.102
    G                  0.164      0.010     16.108      0.000

 NARACOMP WITH
    NARAACC            0.000      0.000    999.000    999.000
    COMBACC            0.000      0.000    999.000    999.000
    WOLDCOMP           0.000      0.000    999.000    999.000

 NARAACC  WITH
    COMBACC            0.000      0.000    999.000    999.000
    WOLDCOMP           0.000      0.000    999.000    999.000

 COMBACC  WITH
    WOLDCOMP           0.000      0.000    999.000    999.000

 F9AGE    WITH
    F8AGE              0.683      0.210      3.250      0.001

 Means
    F8AGE            102.769      0.092   1111.540      0.000
    F9AGE            118.430      0.202    585.339      0.000

 Intercepts
    NARACOMP         -30.946      3.443     -8.989      0.000
    NARAACC         -103.845      0.658   -157.723      0.000
    COMBACC          -18.014      1.897     -9.498      0.000
    WOLDCOMP           5.165      1.816      2.845      0.004

 Variances
    F8AGE              4.156      0.212     19.579      0.000
    F9AGE             13.611      0.564     24.150      0.000

 Residual Variances
    NARACOMP           4.483      0.430     10.425      0.000
    NARAACC            0.096      0.009     10.469      0.000
    COMBACC            1.597      0.162      9.847      0.000
    WOLDCOMP           3.619      0.295     12.284      0.000

Categorical Latent Variables

 Means
    C#1               -0.133      0.148     -0.898      0.369
    C#2                0.122      0.137      0.896      0.370
    C#3               -0.299      0.209     -1.431      0.153
    C#4                0.273      0.150      1.813      0.070
    C#5               -1.124      0.141     -7.961      0.000


STANDARDIZED MODEL RESULTS


STDYX Standardization

                                                    Two-Tailed
                    Estimate       S.E.  Est./S.E.    P-Value

Latent Class 1

 COMBACC    ON
    F9AGE              0.265      0.016     16.263      0.000
    G                  0.841      0.011     78.634      0.000

 NARAACC    ON
    F9AGE              0.315      0.007     45.554      0.000
    G                  0.949      0.002    414.239      0.000

 NARACOMP   ON
    F9AGE              0.272      0.017     16.473      0.000
    G                  0.788      0.013     60.357      0.000

 WOLDCOMP   ON
    F8AGE              0.033      0.020      1.640      0.101
    G                  0.273      0.019     14.653      0.000

 NARACOMP WITH
    NARAACC            0.000      0.000    999.000    999.000
    COMBACC            0.000      0.000    999.000    999.000
    WOLDCOMP           0.000      0.000    999.000    999.000

 NARAACC  WITH
    COMBACC            0.000      0.000    999.000    999.000
    WOLDCOMP           0.000      0.000    999.000    999.000

 COMBACC  WITH
    WOLDCOMP           0.000      0.000    999.000    999.000

 F9AGE    WITH
    F8AGE              0.091      0.028      3.299      0.001

 Means
    F8AGE             50.524      1.276     39.587      0.000
    F9AGE             32.062      0.652     49.212      0.000

 Intercepts
    NARACOMP          -4.677      0.519     -9.009      0.000
    NARAACC           -6.233      0.079    -79.160      0.000
    COMBACC           -4.082      0.515     -7.931      0.000
    WOLDCOMP           2.525      1.017      2.484      0.013

 Variances
    F8AGE              1.000      0.000    999.000    999.000
    F9AGE              1.000      0.000    999.000    999.000

 Residual Variances
    NARACOMP           0.304      0.020     15.336      0.000
    NARAACC            0.001      0.000      9.979      0.000
    COMBACC            0.223      0.018     12.349      0.000
    WOLDCOMP           0.924      0.010     88.992      0.000

Latent Class 2

 COMBACC    ON
    F9AGE              0.194      0.012     15.680      0.000
    G                  0.938      0.004    249.910      0.000

 NARAACC    ON
    F9AGE              0.213      0.005     42.990      0.000
    G                  0.977      0.001    905.521      0.000

 NARACOMP   ON
    F9AGE              0.213      0.014     15.562      0.000
    G                  0.940      0.004    211.668      0.000

 WOLDCOMP   ON
    F8AGE              0.031      0.019      1.643      0.100
    G                  0.400      0.024     16.566      0.000

 NARACOMP WITH
    NARAACC            0.000      0.000    999.000    999.000
    COMBACC            0.000      0.000    999.000    999.000
    WOLDCOMP           0.000      0.000    999.000    999.000

 NARAACC  WITH
    COMBACC            0.000      0.000    999.000    999.000
    WOLDCOMP           0.000      0.000    999.000    999.000

 COMBACC  WITH
    WOLDCOMP           0.000      0.000    999.000    999.000

 F9AGE    WITH
    F8AGE              0.091      0.028      3.299      0.001

 Means
    F8AGE             50.490      1.268     39.816      0.000
    F9AGE             32.127      0.654     49.098      0.000

 Intercepts
    NARACOMP          -3.944      0.410     -9.618      0.000
    NARAACC           -4.145      0.055    -75.874      0.000
    COMBACC           -4.139      0.384    -10.770      0.000
    WOLDCOMP           2.596      0.974      2.665      0.008

 Variances
    F8AGE              1.000      0.000    999.000    999.000
    F9AGE              1.000      0.000    999.000    999.000

 Residual Variances
    NARACOMP           0.071      0.006     11.645      0.000
    NARAACC            0.000      0.000      9.896      0.000
    COMBACC            0.082      0.007     12.537      0.000
    WOLDCOMP           0.839      0.019     43.261      0.000

Latent Class 3

 COMBACC    ON
    F9AGE              0.202      0.013     15.362      0.000
    G                  0.801      0.012     64.149      0.000

 NARAACC    ON
    F9AGE              0.256      0.006     43.935      0.000
    G                  0.966      0.002    622.542      0.000

 NARACOMP   ON
    F9AGE              0.245      0.016     15.261      0.000
    G                  0.888      0.011     79.844      0.000

 WOLDCOMP   ON
    F8AGE              0.034      0.021      1.631      0.103
    G                  0.358      0.027     13.318      0.000

 NARACOMP WITH
    NARAACC            0.000      0.000    999.000    999.000
    COMBACC            0.000      0.000    999.000    999.000
    WOLDCOMP           0.000      0.000    999.000    999.000

 NARAACC  WITH
    COMBACC            0.000      0.000    999.000    999.000
    WOLDCOMP           0.000      0.000    999.000    999.000

 COMBACC  WITH
    WOLDCOMP           0.000      0.000    999.000    999.000

 F9AGE    WITH
    F8AGE              0.091      0.028      3.299      0.001

 Means
    F8AGE             50.576      1.280     39.509      0.000
    F9AGE             32.081      0.651     49.305      0.000

 Intercepts
    NARACOMP          -5.424      0.477    -11.374      0.000
    NARAACC           -4.965      0.065    -76.922      0.000
    COMBACC           -3.986      0.442     -9.018      0.000
    WOLDCOMP           2.044      1.059      1.929      0.054

 Variances
    F8AGE              1.000      0.000    999.000    999.000
    F9AGE              1.000      0.000    999.000    999.000

 Residual Variances
    NARACOMP           0.152      0.021      7.308      0.000
    NARAACC            0.001      0.000      6.456      0.000
    COMBACC            0.319      0.021     15.105      0.000
    WOLDCOMP           0.871      0.019     44.802      0.000

Latent Class 4

 COMBACC    ON
    F9AGE              0.240      0.015     16.382      0.000
    G                  0.923      0.007    137.415      0.000

 NARAACC    ON
    F9AGE              0.264      0.006     44.125      0.000
    G                  0.964      0.002    587.352      0.000

 NARACOMP   ON
    F9AGE              0.263      0.017     15.657      0.000
    G                  0.921      0.006    161.504      0.000

 WOLDCOMP   ON
    F8AGE              0.032      0.020      1.652      0.099
    G                  0.328      0.022     14.860      0.000

 NARACOMP WITH
    NARAACC            0.000      0.000    999.000    999.000
    COMBACC            0.000      0.000    999.000    999.000
    WOLDCOMP           0.000      0.000    999.000    999.000

 NARAACC  WITH
    COMBACC            0.000      0.000    999.000    999.000
    WOLDCOMP           0.000      0.000    999.000    999.000

 COMBACC  WITH
    WOLDCOMP           0.000      0.000    999.000    999.000

 F9AGE    WITH
    F8AGE              0.091      0.028      3.299      0.001

 Means
    F8AGE             50.449      1.276     39.546      0.000
    F9AGE             32.039      0.654     48.962      0.000

 Intercepts
    NARACOMP          -5.163      0.483    -10.680      0.000
    NARAACC           -5.177      0.067    -77.231      0.000
    COMBACC           -4.215      0.465     -9.056      0.000
    WOLDCOMP           2.149      1.004      2.140      0.032

 Variances
    F8AGE              1.000      0.000    999.000    999.000
    F9AGE              1.000      0.000    999.000    999.000

 Residual Variances
    NARACOMP           0.082      0.009      8.923      0.000
    NARAACC            0.000      0.000      9.041      0.000
    COMBACC            0.090      0.010      9.099      0.000
    WOLDCOMP           0.892      0.015     61.356      0.000

Latent Class 5

 COMBACC    ON
    F9AGE              0.185      0.012     15.503      0.000
    G                  0.857      0.011     77.405      0.000

 NARAACC    ON
    F9AGE              0.222      0.005     43.179      0.000
    G                  0.974      0.001    827.209      0.000

 NARACOMP   ON
    F9AGE              0.200      0.013     15.656      0.000
    G                  0.843      0.015     57.010      0.000

 WOLDCOMP   ON
    F8AGE              0.028      0.017      1.640      0.101
    G                  0.344      0.026     13.473      0.000

 NARACOMP WITH
    NARAACC            0.000      0.000    999.000    999.000
    COMBACC            0.000      0.000    999.000    999.000
    WOLDCOMP           0.000      0.000    999.000    999.000

 NARAACC  WITH
    COMBACC            0.000      0.000    999.000    999.000
    WOLDCOMP           0.000      0.000    999.000    999.000

 COMBACC  WITH
    WOLDCOMP           0.000      0.000    999.000    999.000

 F9AGE    WITH
    F8AGE              0.091      0.028      3.299      0.001

 Means
    F8AGE             56.296      1.290     43.626      0.000
    F9AGE             33.371      0.786     42.477      0.000

 Intercepts
    NARACOMP          -3.793      0.401     -9.458      0.000
    NARAACC           -4.340      0.057    -75.643      0.000
    COMBACC           -3.460      0.386     -8.957      0.000
    WOLDCOMP           2.227      0.985      2.261      0.024

 Variances
    F8AGE              1.000      0.000    999.000    999.000
    F9AGE              1.000      0.000    999.000    999.000

 Residual Variances
    NARACOMP           0.249      0.025      9.908      0.000
    NARAACC            0.001      0.000      8.135      0.000
    COMBACC            0.231      0.020     11.808      0.000
    WOLDCOMP           0.881      0.018     49.920      0.000

Latent Class 6

 COMBACC    ON
    F9AGE              0.236      0.015     16.248      0.000
    G                  0.919      0.006    143.847      0.000

 NARAACC    ON
    F9AGE              0.261      0.006     44.051      0.000
    G                  0.965      0.002    600.763      0.000

 NARACOMP   ON
    F9AGE              0.259      0.016     15.831      0.000
    G                  0.920      0.006    154.527      0.000

 WOLDCOMP   ON
    F8AGE              0.030      0.018      1.633      0.102
    G                  0.304      0.020     15.114      0.000

 NARACOMP WITH
    NARAACC            0.000      0.000    999.000    999.000
    COMBACC            0.000      0.000    999.000    999.000
    WOLDCOMP           0.000      0.000    999.000    999.000

 NARAACC  WITH
    COMBACC            0.000      0.000    999.000    999.000
    WOLDCOMP           0.000      0.000    999.000    999.000

 COMBACC  WITH
    WOLDCOMP           0.000      0.000    999.000    999.000

 F9AGE    WITH
    F8AGE              0.091      0.028      3.299      0.001

 Means
    F8AGE             50.412      1.277     39.491      0.000
    F9AGE             32.101      0.655     49.041      0.000

 Intercepts
    NARACOMP          -4.309      0.475     -9.063      0.000
    NARAACC           -5.142      0.066    -77.695      0.000
    COMBACC           -4.499      0.448    -10.044      0.000
    WOLDCOMP           2.585      0.912      2.836      0.005

 Variances
    F8AGE              1.000      0.000    999.000    999.000
    F9AGE              1.000      0.000    999.000    999.000

 Residual Variances
    NARACOMP           0.087      0.008     10.308      0.000
    NARAACC            0.000      0.000     10.264      0.000
    COMBACC            0.100      0.010     10.191      0.000
    WOLDCOMP           0.907      0.012     73.044      0.000


R-SQUARE

Class 1

    Observed                                        Two-Tailed
    Variable        Estimate       S.E.  Est./S.E.    P-Value

    NARACOMP           0.696      0.020     35.051      0.000
    NARAACC            0.999      0.000   ********      0.000
    COMBACC            0.777      0.018     43.133      0.000
    WOLDCOMP           0.076      0.010      7.300      0.000

Class 2

    Observed                                        Two-Tailed
    Variable        Estimate       S.E.  Est./S.E.    P-Value

    NARACOMP           0.929      0.006    151.299      0.000
    NARAACC            1.000      0.000   ********      0.000
    COMBACC            0.918      0.007    140.817      0.000
    WOLDCOMP           0.161      0.019      8.289      0.000

Class 3

    Observed                                        Two-Tailed
    Variable        Estimate       S.E.  Est./S.E.    P-Value

    NARACOMP           0.848      0.021     40.880      0.000
    NARAACC            0.999      0.000   7492.200      0.000
    COMBACC            0.681      0.021     32.313      0.000
    WOLDCOMP           0.129      0.019      6.639      0.000

Class 4

    Observed                                        Two-Tailed
    Variable        Estimate       S.E.  Est./S.E.    P-Value

    NARACOMP           0.918      0.009    100.248      0.000
    NARAACC            1.000      0.000   ********      0.000
    COMBACC            0.910      0.010     91.490      0.000
    WOLDCOMP           0.108      0.015      7.464      0.000

Class 5

    Observed                                        Two-Tailed
    Variable        Estimate       S.E.  Est./S.E.    P-Value

    NARACOMP           0.751      0.025     29.962      0.000
    NARAACC            0.999      0.000   6489.676      0.000
    COMBACC            0.769      0.020     39.365      0.000
    WOLDCOMP           0.119      0.018      6.741      0.000

Class 6

    Observed                                        Two-Tailed
    Variable        Estimate       S.E.  Est./S.E.    P-Value

    NARACOMP           0.913      0.008    108.299      0.000
    NARAACC            1.000      0.000   ********      0.000
    COMBACC            0.900      0.010     92.119      0.000
    WOLDCOMP           0.093      0.012      7.523      0.000


QUALITY OF NUMERICAL RESULTS

     Condition Number for the Information Matrix              0.122E-08
       (ratio of smallest to largest eigenvalue)


CONFIDENCE INTERVALS OF MODEL RESULTS

                  Lower .5%  Lower 2.5%    Lower 5%    Estimate    Upper 5%  Upper 2.5%   Upper .5%

Latent Class 1

 COMBACC  ON
    F9AGE            0.214       0.224       0.230       0.256       0.283       0.288       0.298
    G                0.954       0.963       0.968       0.993       1.019       1.024       1.033

 NARAACC  ON
    F9AGE            1.416       1.420       1.421       1.430       1.440       1.441       1.445
    G                5.247       5.251       5.252       5.262       5.271       5.273       5.276

 NARACOMP ON
    F9AGE            0.428       0.447       0.456       0.505       0.554       0.563       0.582
    G                1.713       1.730       1.738       1.783       1.828       1.837       1.853

 WOLDCOMP ON
    F8AGE           -0.017      -0.006       0.000       0.029       0.058       0.064       0.075
    G                0.138       0.144       0.147       0.164       0.181       0.184       0.190

 NARACOMP WITH
    NARAACC          0.000       0.000       0.000       0.000       0.000       0.000       0.000
    COMBACC          0.000       0.000       0.000       0.000       0.000       0.000       0.000
    WOLDCOMP         0.000       0.000       0.000       0.000       0.000       0.000       0.000

 NARAACC  WITH
    COMBACC          0.000       0.000       0.000       0.000       0.000       0.000       0.000
    WOLDCOMP         0.000       0.000       0.000       0.000       0.000       0.000       0.000

 COMBACC  WITH
    WOLDCOMP         0.000       0.000       0.000       0.000       0.000       0.000       0.000

 F9AGE    WITH
    F8AGE            0.142       0.271       0.337       0.683       1.029       1.095       1.224

 Means
    F8AGE          102.729     102.793     102.826     102.998     103.169     103.202     103.267
    F9AGE          117.697     117.838     117.910     118.285     118.661     118.733     118.874

 Intercepts
    NARACOMP       -41.422     -39.170     -38.018     -32.001     -25.985     -24.832     -22.580
    NARAACC       -106.318    -105.902    -105.689    -104.578    -103.466    -103.253    -102.837
    COMBACC        -19.545     -18.359     -17.753     -14.585     -11.417     -10.810      -9.625
    WOLDCOMP        -0.147       0.984       1.563       4.584       7.606       8.184       9.315

 Variances
    F8AGE            3.609       3.740       3.807       4.156       4.505       4.572       4.703
    F9AGE           12.159      12.506      12.684      13.611      14.538      14.715      15.062

 Residual Variances
    NARACOMP        11.110      11.861      12.245      14.251      16.257      16.641      17.392
    NARAACC          0.175       0.189       0.196       0.234       0.271       0.279       0.293
    COMBACC          2.137       2.305       2.391       2.842       3.293       3.379       3.548
    WOLDCOMP         2.442       2.586       2.660       3.045       3.431       3.505       3.649

Latent Class 2

 COMBACC  ON
    F9AGE            0.214       0.224       0.230       0.256       0.283       0.288       0.298
    G                0.954       0.963       0.968       0.993       1.019       1.024       1.033

 NARAACC  ON
    F9AGE            1.416       1.420       1.421       1.430       1.440       1.441       1.445
    G                5.247       5.251       5.252       5.262       5.271       5.273       5.276

 NARACOMP ON
    F9AGE            0.428       0.447       0.456       0.505       0.554       0.563       0.582
    G                1.713       1.730       1.738       1.783       1.828       1.837       1.853

 WOLDCOMP ON
    F8AGE           -0.017      -0.006       0.000       0.029       0.058       0.064       0.075
    G                0.138       0.144       0.147       0.164       0.181       0.184       0.190

 NARACOMP WITH
    NARAACC          0.000       0.000       0.000       0.000       0.000       0.000       0.000
    COMBACC          0.000       0.000       0.000       0.000       0.000       0.000       0.000
    WOLDCOMP         0.000       0.000       0.000       0.000       0.000       0.000       0.000

 NARAACC  WITH
    COMBACC          0.000       0.000       0.000       0.000       0.000       0.000       0.000
    WOLDCOMP         0.000       0.000       0.000       0.000       0.000       0.000       0.000

 COMBACC  WITH
    WOLDCOMP         0.000       0.000       0.000       0.000       0.000       0.000       0.000

 F9AGE    WITH
    F8AGE            0.142       0.271       0.337       0.683       1.029       1.095       1.224

 Means
    F8AGE          102.663     102.726     102.759     102.928     103.098     103.130     103.193
    F9AGE          118.072     118.180     118.235     118.524     118.813     118.868     118.976

 Intercepts
    NARACOMP       -43.581     -41.401     -40.285     -34.461     -28.636     -27.521     -25.341
    NARAACC       -104.499    -104.091    -103.883    -102.796    -101.708    -101.500    -101.092
    COMBACC        -25.125     -23.942     -23.336     -20.174     -17.012     -16.406     -15.223
    WOLDCOMP         0.194       1.320       1.896       4.905       7.913       8.489       9.616

 Variances
    F8AGE            3.609       3.740       3.807       4.156       4.505       4.572       4.703
    F9AGE           12.159      12.506      12.684      13.611      14.538      14.715      15.062

 Residual Variances
    NARACOMP         4.164       4.473       4.631       5.456       6.281       6.439       6.747
    NARAACC          0.088       0.095       0.099       0.118       0.137       0.141       0.148
    COMBACC          1.606       1.687       1.728       1.943       2.157       2.198       2.279
    WOLDCOMP         2.467       2.594       2.658       2.996       3.334       3.398       3.525

Latent Class 3

 COMBACC  ON
    F9AGE            0.214       0.224       0.230       0.256       0.283       0.288       0.298
    G                0.954       0.963       0.968       0.993       1.019       1.024       1.033

 NARAACC  ON
    F9AGE            1.416       1.420       1.421       1.430       1.440       1.441       1.445
    G                5.247       5.251       5.252       5.262       5.271       5.273       5.276

 NARACOMP ON
    F9AGE            0.428       0.447       0.456       0.505       0.554       0.563       0.582
    G                1.713       1.730       1.738       1.783       1.828       1.837       1.853

 WOLDCOMP ON
    F8AGE           -0.017      -0.006       0.000       0.029       0.058       0.064       0.075
    G                0.138       0.144       0.147       0.164       0.181       0.184       0.190

 NARACOMP WITH
    NARAACC          0.000       0.000       0.000       0.000       0.000       0.000       0.000
    COMBACC          0.000       0.000       0.000       0.000       0.000       0.000       0.000
    WOLDCOMP         0.000       0.000       0.000       0.000       0.000       0.000       0.000

 NARAACC  WITH
    COMBACC          0.000       0.000       0.000       0.000       0.000       0.000       0.000
    WOLDCOMP         0.000       0.000       0.000       0.000       0.000       0.000       0.000

 COMBACC  WITH
    WOLDCOMP         0.000       0.000       0.000       0.000       0.000       0.000       0.000

 F9AGE    WITH
    F8AGE            0.142       0.271       0.337       0.683       1.029       1.095       1.224

 Means
    F8AGE          102.814     102.883     102.919     103.104     103.289     103.325     103.394
    F9AGE          117.765     117.907     117.979     118.356     118.733     118.805     118.946

 Intercepts
    NARACOMP       -50.225     -48.063     -46.957     -41.181     -35.406     -34.300     -32.138
    NARAACC       -103.952    -103.536    -103.323    -102.213    -101.102    -100.889    -100.473
    COMBACC        -24.117     -22.821     -22.159     -18.697     -15.236     -14.573     -13.277
    WOLDCOMP        -1.193      -0.060       0.519       3.544       6.569       7.148       8.281

 Variances
    F8AGE            3.609       3.740       3.807       4.156       4.505       4.572       4.703
    F9AGE           12.159      12.506      12.684      13.611      14.538      14.715      15.062

 Residual Variances
    NARACOMP         5.049       5.932       6.383       8.741      11.100      11.551      12.434
    NARAACC          0.220       0.255       0.273       0.365       0.457       0.475       0.509
    COMBACC          5.474       5.841       6.029       7.010       7.990       8.178       8.545
    WOLDCOMP         1.879       2.056       2.146       2.618       3.090       3.180       3.357

Latent Class 4

 COMBACC  ON
    F9AGE            0.214       0.224       0.230       0.256       0.283       0.288       0.298
    G                0.954       0.963       0.968       0.993       1.019       1.024       1.033

 NARAACC  ON
    F9AGE            1.416       1.420       1.421       1.430       1.440       1.441       1.445
    G                5.247       5.251       5.252       5.262       5.271       5.273       5.276

 NARACOMP ON
    F9AGE            0.428       0.447       0.456       0.505       0.554       0.563       0.582
    G                1.713       1.730       1.738       1.783       1.828       1.837       1.853

 WOLDCOMP ON
    F8AGE           -0.017      -0.006       0.000       0.029       0.058       0.064       0.075
    G                0.138       0.144       0.147       0.164       0.181       0.184       0.190

 NARACOMP WITH
    NARAACC          0.000       0.000       0.000       0.000       0.000       0.000       0.000
    COMBACC          0.000       0.000       0.000       0.000       0.000       0.000       0.000
    WOLDCOMP         0.000       0.000       0.000       0.000       0.000       0.000       0.000

 NARAACC  WITH
    COMBACC          0.000       0.000       0.000       0.000       0.000       0.000       0.000
    WOLDCOMP         0.000       0.000       0.000       0.000       0.000       0.000       0.000

 COMBACC  WITH
    WOLDCOMP         0.000       0.000       0.000       0.000       0.000       0.000       0.000

 F9AGE    WITH
    F8AGE            0.142       0.271       0.337       0.683       1.029       1.095       1.224

 Means
    F8AGE          102.625     102.677     102.704     102.844     102.984     103.011     103.064
    F9AGE          117.748     117.857     117.912     118.202     118.492     118.548     118.656

 Intercepts
    NARACOMP       -45.410     -43.297     -42.217     -36.574     -30.931     -29.851     -27.738
    NARAACC       -105.154    -104.737    -104.523    -103.409    -102.295    -102.082    -101.665
    COMBACC        -21.575     -20.388     -19.781     -16.609     -13.437     -12.829     -11.642
    WOLDCOMP        -0.748       0.372       0.945       3.937       6.928       7.501       8.621

 Variances
    F8AGE            3.609       3.740       3.807       4.156       4.505       4.572       4.703
    F9AGE           12.159      12.506      12.684      13.611      14.538      14.715      15.062

 Residual Variances
    NARACOMP         2.864       3.160       3.311       4.101       4.891       5.042       5.338
    NARAACC          0.069       0.076       0.079       0.096       0.113       0.117       0.123
    COMBACC          1.008       1.103       1.151       1.404       1.657       1.706       1.801
    WOLDCOMP         2.387       2.532       2.606       2.993       3.380       3.454       3.599

Latent Class 5

 COMBACC  ON
    F9AGE            0.214       0.224       0.230       0.256       0.283       0.288       0.298
    G                0.954       0.963       0.968       0.993       1.019       1.024       1.033

 NARAACC  ON
    F9AGE            1.416       1.420       1.421       1.430       1.440       1.441       1.445
    G                5.247       5.251       5.252       5.262       5.271       5.273       5.276

 NARACOMP ON
    F9AGE            0.428       0.447       0.456       0.505       0.554       0.563       0.582
    G                1.713       1.730       1.738       1.783       1.828       1.837       1.853

 WOLDCOMP ON
    F8AGE           -0.017      -0.006       0.000       0.029       0.058       0.064       0.075
    G                0.138       0.144       0.147       0.164       0.181       0.184       0.190

 NARACOMP WITH
    NARAACC          0.000       0.000       0.000       0.000       0.000       0.000       0.000
    COMBACC          0.000       0.000       0.000       0.000       0.000       0.000       0.000
    WOLDCOMP         0.000       0.000       0.000       0.000       0.000       0.000       0.000

 NARAACC  WITH
    COMBACC          0.000       0.000       0.000       0.000       0.000       0.000       0.000
    WOLDCOMP         0.000       0.000       0.000       0.000       0.000       0.000       0.000

 COMBACC  WITH
    WOLDCOMP         0.000       0.000       0.000       0.000       0.000       0.000       0.000

 F9AGE    WITH
    F8AGE            0.142       0.271       0.337       0.683       1.029       1.095       1.224

 Means
    F8AGE          113.465     113.776     113.935     114.764     115.593     115.752     116.062
    F9AGE          121.221     121.673     121.905     123.113     124.322     124.553     125.006

 Intercepts
    NARACOMP       -44.915     -42.619     -41.445     -35.313     -29.181     -28.007     -25.711
    NARAACC       -104.984    -104.560    -104.343    -103.209    -102.075    -101.858    -101.433
    COMBACC        -22.855     -21.613     -20.977     -17.659     -14.340     -13.704     -12.462
    WOLDCOMP        -0.604       0.659       1.305       4.680       8.055       8.701       9.964

 Variances
    F8AGE            3.609       3.740       3.807       4.156       4.505       4.572       4.703
    F9AGE           12.159      12.506      12.684      13.611      14.538      14.715      15.062

 Residual Variances
    NARACOMP        14.320      16.047      16.931      21.545      26.160      27.043      28.771
    NARAACC          0.488       0.540       0.567       0.708       0.849       0.876       0.929
    COMBACC          4.453       4.825       5.016       6.012       7.007       7.198       7.570
    WOLDCOMP         2.768       3.037       3.174       3.892       4.609       4.746       5.015

Latent Class 6

 COMBACC  ON
    F9AGE            0.214       0.224       0.230       0.256       0.283       0.288       0.298
    G                0.954       0.963       0.968       0.993       1.019       1.024       1.033

 NARAACC  ON
    F9AGE            1.416       1.420       1.421       1.430       1.440       1.441       1.445
    G                5.247       5.251       5.252       5.262       5.271       5.273       5.276

 NARACOMP ON
    F9AGE            0.428       0.447       0.456       0.505       0.554       0.563       0.582
    G                1.713       1.730       1.738       1.783       1.828       1.837       1.853

 WOLDCOMP ON
    F8AGE           -0.017      -0.006       0.000       0.029       0.058       0.064       0.075
    G                0.138       0.144       0.147       0.164       0.181       0.184       0.190

 NARACOMP WITH
    NARAACC          0.000       0.000       0.000       0.000       0.000       0.000       0.000
    COMBACC          0.000       0.000       0.000       0.000       0.000       0.000       0.000
    WOLDCOMP         0.000       0.000       0.000       0.000       0.000       0.000       0.000

 NARAACC  WITH
    COMBACC          0.000       0.000       0.000       0.000       0.000       0.000       0.000
    WOLDCOMP         0.000       0.000       0.000       0.000       0.000       0.000       0.000

 COMBACC  WITH
    WOLDCOMP         0.000       0.000       0.000       0.000       0.000       0.000       0.000

 F9AGE    WITH
    F8AGE            0.142       0.271       0.337       0.683       1.029       1.095       1.224

 Means
    F8AGE          102.531     102.588     102.617     102.769     102.921     102.951     103.008
    F9AGE          117.909     118.033     118.097     118.430     118.763     118.826     118.951

 Intercepts
    NARACOMP       -39.814     -37.694     -36.610     -30.946     -25.283     -24.198     -22.078
    NARAACC       -105.541    -105.135    -104.928    -103.845    -102.762    -102.554    -102.149
    COMBACC        -22.900     -21.732     -21.134     -18.014     -14.894     -14.297     -13.129
    WOLDCOMP         0.488       1.606       2.178       5.165       8.152       8.724       9.842

 Variances
    F8AGE            3.609       3.740       3.807       4.156       4.505       4.572       4.703
    F9AGE           12.159      12.506      12.684      13.611      14.538      14.715      15.062

 Residual Variances
    NARACOMP         3.375       3.640       3.775       4.483       5.190       5.325       5.590
    NARAACC          0.073       0.078       0.081       0.096       0.112       0.115       0.120
    COMBACC          1.179       1.279       1.330       1.597       1.864       1.915       2.015
    WOLDCOMP         2.860       3.042       3.134       3.619       4.104       4.196       4.378

Categorical Latent Variables

 Means
    C#1             -0.515      -0.424      -0.377      -0.133       0.111       0.157       0.249
    C#2             -0.230      -0.145      -0.102       0.122       0.347       0.390       0.474
    C#3             -0.836      -0.708      -0.642      -0.299       0.045       0.110       0.239
    C#4             -0.115      -0.022       0.025       0.273       0.520       0.568       0.660
    C#5             -1.488      -1.401      -1.356      -1.124      -0.892      -0.847      -0.760


CONFIDENCE INTERVALS OF STANDARDIZED MODEL RESULTS


STDYX Standardization

                  Lower .5%  Lower 2.5%    Lower 5%    Estimate    Upper 5%  Upper 2.5%   Upper .5%

Latent Class 1

 COMBACC  ON
    F9AGE            0.223       0.233       0.238       0.265       0.291       0.296       0.307
    G                0.814       0.820       0.823       0.841       0.859       0.862       0.869

 NARAACC  ON
    F9AGE            0.297       0.301       0.303       0.315       0.326       0.328       0.332
    G                0.943       0.944       0.945       0.949       0.953       0.953       0.955

 NARACOMP ON
    F9AGE            0.230       0.240       0.245       0.272       0.299       0.305       0.315
    G                0.755       0.763       0.767       0.788       0.810       0.814       0.822

 WOLDCOMP ON
    F8AGE           -0.019      -0.006       0.000       0.033       0.065       0.072       0.084
    G                0.225       0.237       0.243       0.273       0.304       0.310       0.321

 NARACOMP WITH
    NARAACC          0.000       0.000       0.000       0.000       0.000       0.000       0.000
    COMBACC          0.000       0.000       0.000       0.000       0.000       0.000       0.000
    WOLDCOMP         0.000       0.000       0.000       0.000       0.000       0.000       0.000

 NARAACC  WITH
    COMBACC          0.000       0.000       0.000       0.000       0.000       0.000       0.000
    WOLDCOMP         0.000       0.000       0.000       0.000       0.000       0.000       0.000

 COMBACC  WITH
    WOLDCOMP         0.000       0.000       0.000       0.000       0.000       0.000       0.000

 F9AGE    WITH
    F8AGE            0.020       0.037       0.046       0.091       0.136       0.145       0.162

 Means
    F8AGE           47.237      48.023      48.425      50.524      52.624      53.026      53.812
    F9AGE           30.384      30.785      30.990      32.062      33.134      33.339      33.740

 Intercepts
    NARACOMP        -6.014      -5.694      -5.531      -4.677      -3.823      -3.659      -3.340
    NARAACC         -6.436      -6.388      -6.363      -6.233      -6.104      -6.079      -6.030
    COMBACC         -5.407      -5.090      -4.928      -4.082      -3.235      -3.073      -2.756
    WOLDCOMP        -0.093       0.533       0.853       2.525       4.198       4.518       5.144

 Variances
    F8AGE            1.000       1.000       1.000       1.000       1.000       1.000       1.000
    F9AGE            1.000       1.000       1.000       1.000       1.000       1.000       1.000

 Residual Variances
    NARACOMP         0.253       0.265       0.272       0.304       0.337       0.343       0.355
    NARAACC          0.001       0.001       0.001       0.001       0.001       0.001       0.001
    COMBACC          0.176       0.187       0.193       0.223       0.252       0.258       0.269
    WOLDCOMP         0.897       0.904       0.907       0.924       0.941       0.945       0.951

Latent Class 2

 COMBACC  ON
    F9AGE            0.162       0.170       0.174       0.194       0.214       0.218       0.226
    G                0.929       0.931       0.932       0.938       0.945       0.946       0.948

 NARAACC  ON
    F9AGE            0.200       0.203       0.205       0.213       0.221       0.223       0.226
    G                0.974       0.975       0.975       0.977       0.979       0.979       0.980

 NARACOMP ON
    F9AGE            0.178       0.186       0.191       0.213       0.236       0.240       0.249
    G                0.928       0.931       0.932       0.940       0.947       0.948       0.951

 WOLDCOMP ON
    F8AGE           -0.018      -0.006       0.000       0.031       0.063       0.069       0.081
    G                0.338       0.352       0.360       0.400       0.439       0.447       0.462

 NARACOMP WITH
    NARAACC          0.000       0.000       0.000       0.000       0.000       0.000       0.000
    COMBACC          0.000       0.000       0.000       0.000       0.000       0.000       0.000
    WOLDCOMP         0.000       0.000       0.000       0.000       0.000       0.000       0.000

 NARAACC  WITH
    COMBACC          0.000       0.000       0.000       0.000       0.000       0.000       0.000
    WOLDCOMP         0.000       0.000       0.000       0.000       0.000       0.000       0.000

 COMBACC  WITH
    WOLDCOMP         0.000       0.000       0.000       0.000       0.000       0.000       0.000

 F9AGE    WITH
    F8AGE            0.020       0.037       0.046       0.091       0.136       0.145       0.162

 Means
    F8AGE           47.224      48.005      48.404      50.490      52.576      52.975      53.756
    F9AGE           30.441      30.844      31.050      32.127      33.203      33.409      33.812

 Intercepts
    NARACOMP        -5.001      -4.748      -4.619      -3.944      -3.270      -3.140      -2.888
    NARAACC         -4.286      -4.252      -4.235      -4.145      -4.055      -4.038      -4.005
    COMBACC         -5.128      -4.892      -4.771      -4.139      -3.506      -3.385      -3.149
    WOLDCOMP         0.087       0.687       0.994       2.596       4.198       4.505       5.105

 Variances
    F8AGE            1.000       1.000       1.000       1.000       1.000       1.000       1.000
    F9AGE            1.000       1.000       1.000       1.000       1.000       1.000       1.000

 Residual Variances
    NARACOMP         0.056       0.059       0.061       0.071       0.082       0.083       0.087
    NARAACC          0.000       0.000       0.000       0.000       0.000       0.000       0.000
    COMBACC          0.065       0.069       0.071       0.082       0.092       0.095       0.099
    WOLDCOMP         0.789       0.801       0.807       0.839       0.871       0.877       0.889

Latent Class 3

 COMBACC  ON
    F9AGE            0.168       0.176       0.180       0.202       0.223       0.227       0.235
    G                0.768       0.776       0.780       0.801       0.821       0.825       0.833

 NARAACC  ON
    F9AGE            0.241       0.245       0.247       0.256       0.266       0.268       0.271
    G                0.962       0.963       0.964       0.966       0.969       0.969       0.970

 NARACOMP ON
    F9AGE            0.204       0.214       0.219       0.245       0.272       0.277       0.287
    G                0.859       0.866       0.869       0.888       0.906       0.910       0.916

 WOLDCOMP ON
    F8AGE           -0.020      -0.007       0.000       0.034       0.069       0.075       0.088
    G                0.288       0.305       0.313       0.358       0.402       0.410       0.427

 NARACOMP WITH
    NARAACC          0.000       0.000       0.000       0.000       0.000       0.000       0.000
    COMBACC          0.000       0.000       0.000       0.000       0.000       0.000       0.000
    WOLDCOMP         0.000       0.000       0.000       0.000       0.000       0.000       0.000

 NARAACC  WITH
    COMBACC          0.000       0.000       0.000       0.000       0.000       0.000       0.000
    WOLDCOMP         0.000       0.000       0.000       0.000       0.000       0.000       0.000

 COMBACC  WITH
    WOLDCOMP         0.000       0.000       0.000       0.000       0.000       0.000       0.000

 F9AGE    WITH
    F8AGE            0.020       0.037       0.046       0.091       0.136       0.145       0.162

 Means
    F8AGE           47.279      48.067      48.471      50.576      52.682      53.085      53.874
    F9AGE           30.405      30.806      31.011      32.081      33.152      33.356      33.757

 Intercepts
    NARACOMP        -6.653      -6.359      -6.209      -5.424      -4.640      -4.490      -4.196
    NARAACC         -5.131      -5.092      -5.071      -4.965      -4.859      -4.839      -4.799
    COMBACC         -5.124      -4.852      -4.713      -3.986      -3.259      -3.120      -2.847
    WOLDCOMP        -0.685      -0.032       0.301       2.044       3.787       4.120       4.773

 Variances
    F8AGE            1.000       1.000       1.000       1.000       1.000       1.000       1.000
    F9AGE            1.000       1.000       1.000       1.000       1.000       1.000       1.000

 Residual Variances
    NARACOMP         0.098       0.111       0.118       0.152       0.186       0.192       0.205
    NARAACC          0.001       0.001       0.001       0.001       0.001       0.001       0.001
    COMBACC          0.264       0.277       0.284       0.319       0.353       0.360       0.373
    WOLDCOMP         0.821       0.833       0.839       0.871       0.903       0.909       0.921

Latent Class 4

 COMBACC  ON
    F9AGE            0.202       0.211       0.216       0.240       0.264       0.269       0.278
    G                0.906       0.910       0.912       0.923       0.934       0.936       0.940

 NARAACC  ON
    F9AGE            0.249       0.252       0.254       0.264       0.274       0.276       0.280
    G                0.960       0.961       0.962       0.964       0.967       0.968       0.969

 NARACOMP ON
    F9AGE            0.220       0.230       0.235       0.263       0.291       0.296       0.306
    G                0.907       0.910       0.912       0.921       0.931       0.933       0.936

 WOLDCOMP ON
    F8AGE           -0.018      -0.006       0.000       0.032       0.065       0.071       0.083
    G                0.271       0.285       0.291       0.328       0.364       0.371       0.385

 NARACOMP WITH
    NARAACC          0.000       0.000       0.000       0.000       0.000       0.000       0.000
    COMBACC          0.000       0.000       0.000       0.000       0.000       0.000       0.000
    WOLDCOMP         0.000       0.000       0.000       0.000       0.000       0.000       0.000

 NARAACC  WITH
    COMBACC          0.000       0.000       0.000       0.000       0.000       0.000       0.000
    WOLDCOMP         0.000       0.000       0.000       0.000       0.000       0.000       0.000

 COMBACC  WITH
    WOLDCOMP         0.000       0.000       0.000       0.000       0.000       0.000       0.000

 F9AGE    WITH
    F8AGE            0.020       0.037       0.046       0.091       0.136       0.145       0.162

 Means
    F8AGE           47.163      47.948      48.350      50.449      52.547      52.949      53.735
    F9AGE           30.354      30.757      30.963      32.039      33.116      33.322      33.725

 Intercepts
    NARACOMP        -6.409      -6.111      -5.959      -5.163      -4.368      -4.216      -3.918
    NARAACC         -5.350      -5.309      -5.288      -5.177      -5.067      -5.046      -5.005
    COMBACC         -5.414      -5.128      -4.981      -4.215      -3.450      -3.303      -3.016
    WOLDCOMP        -0.437       0.181       0.497       2.149       3.800       4.116       4.734

 Variances
    F8AGE            1.000       1.000       1.000       1.000       1.000       1.000       1.000
    F9AGE            1.000       1.000       1.000       1.000       1.000       1.000       1.000

 Residual Variances
    NARACOMP         0.058       0.064       0.067       0.082       0.097       0.100       0.105
    NARAACC          0.000       0.000       0.000       0.000       0.000       0.000       0.000
    COMBACC          0.065       0.071       0.074       0.090       0.107       0.110       0.116
    WOLDCOMP         0.854       0.863       0.868       0.892       0.915       0.920       0.929

Latent Class 5

 COMBACC  ON
    F9AGE            0.154       0.162       0.166       0.185       0.205       0.209       0.216
    G                0.829       0.836       0.839       0.857       0.875       0.879       0.886

 NARAACC  ON
    F9AGE            0.209       0.212       0.213       0.222       0.230       0.232       0.235
    G                0.971       0.972       0.972       0.974       0.976       0.977       0.977

 NARACOMP ON
    F9AGE            0.167       0.175       0.179       0.200       0.221       0.225       0.233
    G                0.805       0.814       0.819       0.843       0.868       0.872       0.882

 WOLDCOMP ON
    F8AGE           -0.016      -0.005       0.000       0.028       0.056       0.062       0.072
    G                0.278       0.294       0.302       0.344       0.386       0.394       0.409

 NARACOMP WITH
    NARAACC          0.000       0.000       0.000       0.000       0.000       0.000       0.000
    COMBACC          0.000       0.000       0.000       0.000       0.000       0.000       0.000
    WOLDCOMP         0.000       0.000       0.000       0.000       0.000       0.000       0.000

 NARAACC  WITH
    COMBACC          0.000       0.000       0.000       0.000       0.000       0.000       0.000
    WOLDCOMP         0.000       0.000       0.000       0.000       0.000       0.000       0.000

 COMBACC  WITH
    WOLDCOMP         0.000       0.000       0.000       0.000       0.000       0.000       0.000

 F9AGE    WITH
    F8AGE            0.020       0.037       0.046       0.091       0.136       0.145       0.162

 Means
    F8AGE           52.972      53.767      54.173      56.296      58.419      58.825      59.620
    F9AGE           31.347      31.831      32.078      33.371      34.663      34.911      35.394

 Intercepts
    NARACOMP        -4.825      -4.579      -4.452      -3.793      -3.133      -3.007      -2.760
    NARAACC         -4.487      -4.452      -4.434      -4.340      -4.245      -4.227      -4.192
    COMBACC         -4.455      -4.217      -4.095      -3.460      -2.824      -2.703      -2.465
    WOLDCOMP        -0.310       0.296       0.606       2.227       3.847       4.157       4.764

 Variances
    F8AGE            1.000       1.000       1.000       1.000       1.000       1.000       1.000
    F9AGE            1.000       1.000       1.000       1.000       1.000       1.000       1.000

 Residual Variances
    NARACOMP         0.184       0.199       0.207       0.249       0.290       0.298       0.313
    NARAACC          0.001       0.001       0.001       0.001       0.002       0.002       0.002
    COMBACC          0.180       0.192       0.199       0.231       0.263       0.269       0.281
    WOLDCOMP         0.836       0.846       0.852       0.881       0.910       0.916       0.926

Latent Class 6

 COMBACC  ON
    F9AGE            0.199       0.208       0.212       0.236       0.260       0.265       0.274
    G                0.903       0.907       0.909       0.919       0.930       0.932       0.935

 NARAACC  ON
    F9AGE            0.246       0.250       0.252       0.261       0.271       0.273       0.277
    G                0.961       0.962       0.962       0.965       0.968       0.968       0.969

 NARACOMP ON
    F9AGE            0.217       0.227       0.232       0.259       0.286       0.292       0.302
    G                0.904       0.908       0.910       0.920       0.929       0.931       0.935

 WOLDCOMP ON
    F8AGE           -0.017      -0.006       0.000       0.030       0.060       0.065       0.076
    G                0.252       0.265       0.271       0.304       0.337       0.344       0.356

 NARACOMP WITH
    NARAACC          0.000       0.000       0.000       0.000       0.000       0.000       0.000
    COMBACC          0.000       0.000       0.000       0.000       0.000       0.000       0.000
    WOLDCOMP         0.000       0.000       0.000       0.000       0.000       0.000       0.000

 NARAACC  WITH
    COMBACC          0.000       0.000       0.000       0.000       0.000       0.000       0.000
    WOLDCOMP         0.000       0.000       0.000       0.000       0.000       0.000       0.000

 COMBACC  WITH
    WOLDCOMP         0.000       0.000       0.000       0.000       0.000       0.000       0.000

 F9AGE    WITH
    F8AGE            0.020       0.037       0.046       0.091       0.136       0.145       0.162

 Means
    F8AGE           47.124      47.910      48.312      50.412      52.512      52.914      53.700
    F9AGE           30.415      30.818      31.024      32.101      33.178      33.384      33.787

 Intercepts
    NARACOMP        -5.534      -5.241      -5.091      -4.309      -3.527      -3.377      -3.084
    NARAACC         -5.313      -5.272      -5.251      -5.142      -5.033      -5.012      -4.972
    COMBACC         -5.653      -5.377      -5.236      -4.499      -3.762      -3.621      -3.345
    WOLDCOMP         0.237       0.798       1.086       2.585       4.085       4.372       4.933

 Variances
    F8AGE            1.000       1.000       1.000       1.000       1.000       1.000       1.000
    F9AGE            1.000       1.000       1.000       1.000       1.000       1.000       1.000

 Residual Variances
    NARACOMP         0.065       0.070       0.073       0.087       0.101       0.103       0.109
    NARAACC          0.000       0.000       0.000       0.000       0.000       0.000       0.000
    COMBACC          0.074       0.080       0.084       0.100       0.116       0.119       0.125
    WOLDCOMP         0.875       0.882       0.886       0.907       0.927       0.931       0.939


TECHNICAL 7 OUTPUT


     SAMPLE STATISTICS WEIGHTED BY ESTIMATED CLASS PROBABILITIES FOR CLASS 1


           Means
              NARACOMP      NARAACC       COMBACC       WOLDCOMP      F8AGE
              ________      ________      ________      ________      ________
               26.914        62.191        15.272         7.512       102.991


           Means
              F9AGE         G
              ________      ________
              118.285        -0.461


           Covariances
              NARACOMP      NARAACC       COMBACC       WOLDCOMP      F8AGE
              ________      ________      ________      ________      ________
 NARACOMP      46.210
 NARAACC       83.822       223.933
 COMBACC        9.991        33.938         7.754
 WOLDCOMP       5.166         7.626         1.069         3.278
 F8AGE         12.499        15.193         2.649        -0.065         4.120
 F9AGE          0.339        -1.059        -0.438        -1.537       -13.210
 G             16.022        42.669         6.588         1.895         6.684


           Covariances
              F9AGE         G
              ________      ________
 F9AGE         13.761
 G             -3.937         9.152


     SAMPLE STATISTICS WEIGHTED BY ESTIMATED CLASS PROBABILITIES FOR CLASS 2


           Means
              NARACOMP      NARAACC       COMBACC       WOLDCOMP      F8AGE
              ________      ________      ________      ________      ________
               23.098        59.957         8.946         7.745       102.911


           Means
              F9AGE         G
              ________      ________
              118.524        -1.290


           Covariances
              NARACOMP      NARAACC       COMBACC       WOLDCOMP      F8AGE
              ________      ________      ________      ________      ________
 NARACOMP      73.119
 NARAACC      197.787       580.328
 COMBACC       37.040       112.881        23.691
 WOLDCOMP      10.897        29.197         5.381         3.603
 F8AGE         56.268       148.414        23.570         0.134         3.692
 F9AGE          2.148         6.744         1.198        -2.979       -34.304
 G             37.112       108.541        21.193         6.349        37.459


           Covariances
              F9AGE         G
              ________      ________
 F9AGE         12.178
 G             -2.033        21.202


     SAMPLE STATISTICS WEIGHTED BY ESTIMATED CLASS PROBABILITIES FOR CLASS 3


           Means
              NARACOMP      NARAACC       COMBACC       WOLDCOMP      F8AGE
              ________      ________      ________      ________      ________
               20.907        73.916        12.953         6.805       103.094


           Means
              F9AGE         G
              ________      ________
              118.356         1.298


           Covariances
              NARACOMP      NARAACC       COMBACC       WOLDCOMP      F8AGE
              ________      ________      ________      ________      ________
 NARACOMP      41.661
 NARAACC      110.694       369.296
 COMBACC       19.645        75.280        22.299
 WOLDCOMP       6.825        18.004         3.604         2.905
 F8AGE         45.593       116.216        22.330         0.193         3.829
 F9AGE         -0.104        -1.096        -0.479        -1.934       -19.403
 G             21.100        70.301        14.645         3.960        27.603


           Covariances
              F9AGE         G
              ________      ________
 F9AGE         12.016
 G             -3.481        14.288


     SAMPLE STATISTICS WEIGHTED BY ESTIMATED CLASS PROBABILITIES FOR CLASS 4


           Means
              NARACOMP      NARAACC       COMBACC       WOLDCOMP      F8AGE
              ________      ________      ________      ________      ________
               24.032        68.354        14.219         7.046       102.831


           Means
              F9AGE         G
              ________      ________
              118.202         0.510


           Covariances
              NARACOMP      NARAACC       COMBACC       WOLDCOMP      F8AGE
              ________      ________      ________      ________      ________
 NARACOMP      43.080
 NARAACC      117.570       356.591
 COMBACC       21.446        68.083        13.920
 WOLDCOMP       5.375        15.696         3.096         3.319
 F8AGE         24.232        85.510        15.370        -0.143         3.657
 F9AGE          1.699         3.121         0.344        -2.335       -26.973
 G             21.911        66.811        12.865         3.604        23.528


           Covariances
              F9AGE         G
              ________      ________
 F9AGE         11.953
 G             -2.653        13.400


     SAMPLE STATISTICS WEIGHTED BY ESTIMATED CLASS PROBABILITIES FOR CLASS 5


           Means
              NARACOMP      NARAACC       COMBACC       WOLDCOMP      F8AGE
              ________      ________      ________      ________      ________
               23.820        63.913        12.244         7.781       114.691


           Means
              F9AGE         G
              ________      ________
              123.113        -1.707


           Covariances
              NARACOMP      NARAACC       COMBACC       WOLDCOMP      F8AGE
              ________      ________      ________      ________      ________
 NARACOMP      74.926
 NARAACC      165.932       530.020
 COMBACC       32.724       104.252        26.305
 WOLDCOMP       7.949        11.073         3.100         4.327
 F8AGE        -20.594       -45.584        -0.251         0.170        11.967
 F9AGE          3.776        19.599         2.918       -10.538      -161.829
 G             30.988        95.167        19.256         5.070        35.280


           Covariances
              F9AGE         G
              ________      ________
 F9AGE         31.228
 G             -4.833        19.400


     SAMPLE STATISTICS WEIGHTED BY ESTIMATED CLASS PROBABILITIES FOR CLASS 6


           Means
              NARACOMP      NARAACC       COMBACC       WOLDCOMP      F8AGE
              ________      ________      ________      ________      ________
               30.260        69.676        13.121         8.310       102.757


           Means
              F9AGE         G
              ________      ________
              118.430         0.783


           Covariances
              NARACOMP      NARAACC       COMBACC       WOLDCOMP      F8AGE
              ________      ________      ________      ________      ________
 NARACOMP      50.023
 NARAACC      127.600       358.354
 COMBACC       22.682        67.092        14.083
 WOLDCOMP       6.753        16.046         3.093         4.009
 F8AGE         24.168        60.435        12.596        -0.062         3.339
 F9AGE          0.799         1.909         0.299        -2.599       -25.417
 G             24.124        67.669        12.726         3.761        18.533


           Covariances
              F9AGE         G
              ________      ________
 F9AGE         12.735
 G             -3.097        13.721


TECHNICAL 11 OUTPUT

     Random Starts Specifications for the k-1 Class Analysis Model
        Number of initial stage random starts                  20
        Number of final stage optimizations                     4



     VUONG-LO-MENDELL-RUBIN LIKELIHOOD RATIO TEST FOR 5 (H0) VERSUS 6 CLASSES

          H0 Loglikelihood Value                       -42505.800
          2 Times the Loglikelihood Difference            751.901
          Difference in the Number of Parameters               11
          Mean                                            -13.810
          Standard Deviation                              228.130
          P-Value                                          0.0019

     LO-MENDELL-RUBIN ADJUSTED LRT TEST

          Value                                           743.595
          P-Value                                          0.0020


TECHNICAL 14 OUTPUT

     Random Starts Specifications for the k-1 Class Analysis Model
        Number of initial stage random starts                  20
        Number of final stage optimizations                     4

     Random Starts Specification for the k-1 Class Model for Generated Data
        Number of initial stage random starts                   0
        Number of final stage optimizations for the
           initial stage random starts                          0
     Random Starts Specification for the k Class Model for Generated Data
        Number of initial stage random starts                1000
        Number of final stage optimizations                   250
     Number of bootstrap draws requested                      500


     PARAMETRIC BOOTSTRAPPED LIKELIHOOD RATIO TEST FOR 5 (H0) VERSUS 6 CLASSES

          H0 Loglikelihood Value                       -42505.800
          2 Times the Loglikelihood Difference            751.901
          Difference in the Number of Parameters               11
          Approximate P-Value                              0.0000
          Successful Bootstrap Draws                          500

     WARNING:  OF THE 500 BOOTSTRAP DRAWS, 301 DRAWS HAD BOTH A SMALLER LRT VALUE THAN THE
     OBSERVED LRT VALUE AND NOT A REPLICATED BEST LOGLIKELIHOOD VALUE FOR THE 6-CLASS MODEL.
     THIS MEANS THAT THE P-VALUE MAY NOT BE TRUSTWORTHY DUE TO LOCAL MAXIMA.
     INCREASE THE NUMBER OF RANDOM STARTS USING THE LRTSTARTS OPTION.



PLOT INFORMATION

The following plots are available:

  Histograms (sample values, estimated values, residuals)
  Scatterplots (sample values, estimated values, residuals)
  Estimated overall and class-specific distributions
  Estimated probabilities for a categorical latent variable as a
    function of its covariates

SAVEDATA INFORMATION


  Save file
    sv_lpa4_6class.dat

  Order and format of variables

    NARACOMP       F10.3
    NARAACC        F10.3
    COMBACC        F10.3
    WOLDCOMP       F10.3
    F8AGE          F10.3
    F9AGE          F10.3
    G              F10.3
    CPROB1         F10.3
    CPROB2         F10.3
    CPROB3         F10.3
    CPROB4         F10.3
    CPROB5         F10.3
    CPROB6         F10.3
    C              F10.3
    CIDB3153       I6

  Save file format
    14F10.3 I6

  Save file record length    10000

  Save missing symbol        *


     Beginning Time:  09:55:48
        Ending Time:  12:59:47
       Elapsed Time:  03:03:59



MUTHEN & MUTHEN
3463 Stoner Ave.
Los Angeles, CA  90066

Tel: (310) 391-9971
Fax: (310) 391-8971
Web: www.StatModel.com
Support: Support@StatModel.com

Copyright (c) 1998-2020 Muthen & Muthen
