Mplus VERSION 8.5
MUTHEN & MUTHEN
08/18/2021   1:15 PM

INPUT INSTRUCTIONS

  TITLE:
   Model 4 (LPA and G covariate): 5 classes;
  DATA:
  FILE = "mplus_models/simpview/shape/lpa4_1class_de1b3854e8a32ccc95df154eccc810fd.dat";

  VARIABLE:
  NAMES = NARACOMP NARAACC COMBACC WOLDCOMP F8AGE F9AGE G CIDB3153;
   MISSING=.;
    idvariable = cidb3153; classes = c(5);
  ANALYSIS:
   estimator = mlr; type = mixture;
                                                     starts = 0;
                                                     optseed = 985544;
                                                     processors = 4(starts);
                                                     lrtstarts = 0 0 100 20;
  MODEL:
  %OVERALL%
             f8age; f9age;
             combAcc naraAcc naraComp on f9age;
             woldcomp on f8age;

    naraComp naraAcc combAcc woldComp;

    [naraComp naraAcc combAcc woldComp];
                combAcc naraAcc naraComp woldComp ON G;

    naraComp with naraAcc@0;
    naraComp with combAcc@0;
    naraComp with woldComp@0;
    naraAcc with combAcc@0;
    naraAcc with woldComp@0;
    combAcc with woldComp@0;
   %c#1%

    naraComp naraAcc combAcc woldComp;
    [naraComp naraAcc combAcc woldComp];
   %c#2%

    naraComp naraAcc combAcc woldComp;
    [naraComp naraAcc combAcc woldComp];
   %c#3%

    naraComp naraAcc combAcc woldComp;
    [naraComp naraAcc combAcc woldComp];
   %c#4%

    naraComp naraAcc combAcc woldComp;
    [naraComp naraAcc combAcc woldComp];
   %c#5%

    naraComp naraAcc combAcc woldComp;
    [naraComp naraAcc combAcc woldComp];
  OUTPUT:
   TECH7 TECH11 TECH14 stdyx CINTERVAL ENTROPY;
  SAVEDATA:
   FILE IS sv_lpa4_5class.dat; SAVE = cprobabilities;
  PLOT:
  TYPE = PLOT3;



INPUT READING TERMINATED NORMALLY




Model 4 (LPA and G covariate): 5 classes;

SUMMARY OF ANALYSIS

Number of groups                                                 1
Number of observations                                        3423

Number of dependent variables                                    4
Number of independent variables                                  3
Number of continuous latent variables                            0
Number of categorical latent variables                           1

Observed dependent variables

  Continuous
   NARACOMP    NARAACC     COMBACC     WOLDCOMP

Observed independent variables
   F8AGE       F9AGE       G

Categorical latent variables
   C

Variables with special functions

  ID variable           CIDB3153

Estimator                                                      MLR
Information matrix                                        OBSERVED
Optimization Specifications for the Quasi-Newton Algorithm for
Continuous Outcomes
  Maximum number of iterations                                 100
  Convergence criterion                                  0.100D-05
Optimization Specifications for the EM Algorithm
  Maximum number of iterations                                 500
  Convergence criteria
    Loglikelihood change                                 0.100D-06
    Relative loglikelihood change                        0.100D-06
    Derivative                                           0.100D-05
Optimization Specifications for the M step of the EM Algorithm for
Categorical Latent variables
  Number of M step iterations                                    1
  M step convergence criterion                           0.100D-05
  Basis for M step termination                           ITERATION
Optimization Specifications for the M step of the EM Algorithm for
Censored, Binary or Ordered Categorical (Ordinal), Unordered
Categorical (Nominal) and Count Outcomes
  Number of M step iterations                                    1
  M step convergence criterion                           0.100D-05
  Basis for M step termination                           ITERATION
  Maximum value for logit thresholds                            15
  Minimum value for logit thresholds                           -15
  Minimum expected cell size for chi-square              0.100D-01
Maximum number of iterations for H1                           2000
Convergence criterion for H1                             0.100D-03
Optimization algorithm                                         EMA
Random Starts Specifications
  Random seed for analysis                                  985544

Input data file(s)
  mplus_models/simpview/shape/lpa4_1class_de1b3854e8a32ccc95df154eccc810fd.dat
Input data format  FREE


SUMMARY OF DATA

     Number of missing data patterns             5
     Number of y missing data patterns           5
     Number of u missing data patterns           0


COVARIANCE COVERAGE OF DATA

Minimum covariance coverage value   0.100


     PROPORTION OF DATA PRESENT FOR Y


           Covariance Coverage
              NARACOMP      NARAACC       COMBACC       WOLDCOMP      F8AGE
              ________      ________      ________      ________      ________
 NARACOMP       1.000
 NARAACC        1.000         1.000
 COMBACC        0.996         0.996         0.996
 WOLDCOMP       0.852         0.852         0.850         0.852
 F8AGE          0.861         0.861         0.858         0.852         0.861
 F9AGE          1.000         1.000         0.996         0.852         0.861
 G              1.000         1.000         0.996         0.852         0.861


           Covariance Coverage
              F9AGE         G
              ________      ________
 F9AGE          1.000
 G              1.000         1.000



UNIVARIATE SAMPLE STATISTICS


     UNIVARIATE HIGHER-ORDER MOMENT DESCRIPTIVE STATISTICS

         Variable/         Mean/     Skewness/   Minimum/ % with                Percentiles
        Sample Size      Variance    Kurtosis    Maximum  Min/Max      20%/60%    40%/80%    Median

     NARACOMP             25.018      -0.273       0.000    0.09%      18.000     23.000     25.000
            3423.000      62.018      -0.237      44.000    0.03%      28.000     32.000
     NARAACC              66.334      -0.525       0.000    0.06%      48.000     62.000     69.000
            3423.000     417.180      -0.469     100.000    0.06%      76.000     86.000
     COMBACC              12.788      -0.783       0.000    1.44%       9.000     13.000     14.000
            3408.000      21.534      -0.011      20.000    1.44%      15.000     17.000
     WOLDCOMP              7.517       0.082       2.000    0.41%       6.000      7.000      7.000
            2917.000       3.758       0.190      15.000    0.03%       8.000      9.000
     F8AGE               103.533       2.579      94.000    0.03%     102.000    102.000    103.000
            2947.000      11.227       8.561     126.000    0.03%     103.000    105.000
     F9AGE               118.643       1.305     105.000    0.03%     116.000    117.000    118.000
            3423.000      14.907       2.626     139.000    0.06%     119.000    121.000
     G                     0.000      -0.561     -14.876    0.03%      -3.449     -0.763      0.570
            3423.000      15.859      -0.245       7.123    0.03%       1.671      3.731


THE MODEL ESTIMATION TERMINATED NORMALLY



MODEL FIT INFORMATION

Number of Free Parameters                       65

Loglikelihood

          H0 Value                      -42505.800
          H0 Scaling Correction Factor      1.4782
            for MLR

Information Criteria

          Akaike (AIC)                   85141.601
          Bayesian (BIC)                 85540.589
          Sample-Size Adjusted BIC       85334.053
            (n* = (n + 2) / 24)



FINAL CLASS COUNTS AND PROPORTIONS FOR THE LATENT CLASSES
BASED ON THE ESTIMATED MODEL

    Latent
   Classes

       1        534.84022          0.15625
       2        216.03511          0.06311
       3        976.21790          0.28519
       4        941.79578          0.27514
       5        754.11098          0.22031


FINAL CLASS COUNTS AND PROPORTIONS FOR THE LATENT CLASSES
BASED ON ESTIMATED POSTERIOR PROBABILITIES

    Latent
   Classes

       1        534.84022          0.15625
       2        216.03511          0.06311
       3        976.21790          0.28519
       4        941.79578          0.27514
       5        754.11098          0.22031


FINAL CLASS COUNTS AND PROPORTIONS FOR THE LATENT CLASSES
BASED ON THEIR MOST LIKELY LATENT CLASS MEMBERSHIP

Class Counts and Proportions

    Latent
   Classes

       1              503          0.14695
       2              206          0.06018
       3             1030          0.30091
       4              919          0.26848
       5              765          0.22349


CLASSIFICATION QUALITY

     Entropy                         0.782


           Univariate Entropy
              NARACOMP      NARAACC       COMBACC       WOLDCOMP      F8AGE
              ________      ________      ________      ________      ________
                0.104         0.080         0.141         0.076         0.178


           Univariate Entropy
              F9AGE
              ________
                0.104


Average Latent Class Probabilities for Most Likely Latent Class Membership (Row)
by Latent Class (Column)

           1        2        3        4        5

    1   0.887    0.010    0.042    0.004    0.057
    2   0.023    0.890    0.031    0.029    0.028
    3   0.040    0.010    0.810    0.087    0.054
    4   0.003    0.009    0.073    0.903    0.012
    5   0.053    0.012    0.063    0.019    0.853


Classification Probabilities for the Most Likely Latent Class Membership (Column)
by Latent Class (Row)

           1        2        3        4        5

    1   0.835    0.009    0.077    0.004    0.076
    2   0.023    0.848    0.046    0.039    0.043
    3   0.022    0.006    0.854    0.068    0.049
    4   0.002    0.006    0.095    0.881    0.015
    5   0.038    0.008    0.074    0.015    0.866


Logits for the Classification Probabilities for the Most Likely Latent Class Membership (Column)
by Latent Class (Row)

              1        2        3        4        5

    1      2.402   -2.154    0.017   -2.855    0.000
    2     -0.618    2.979    0.067   -0.100    0.000
    3     -0.821   -2.028    2.856    0.330    0.000
    4     -2.045   -0.888    1.821    4.049    0.000
    5     -3.126   -4.734   -2.464   -4.052    0.000


MODEL RESULTS

                                                    Two-Tailed
                    Estimate       S.E.  Est./S.E.    P-Value

Latent Class 1

 COMBACC    ON
    F9AGE              0.240      0.015     16.446      0.000
    G                  0.981      0.016     61.696      0.000

 NARAACC    ON
    F9AGE              1.434      0.006    241.346      0.000
    G                  5.269      0.006    818.992      0.000

 NARACOMP   ON
    F9AGE              0.511      0.029     17.461      0.000
    G                  1.781      0.028     63.854      0.000

 WOLDCOMP   ON
    F8AGE              0.031      0.018      1.721      0.085
    G                  0.170      0.010     16.668      0.000

 NARACOMP WITH
    NARAACC            0.000      0.000    999.000    999.000
    COMBACC            0.000      0.000    999.000    999.000
    WOLDCOMP           0.000      0.000    999.000    999.000

 NARAACC  WITH
    COMBACC            0.000      0.000    999.000    999.000
    WOLDCOMP           0.000      0.000    999.000    999.000

 COMBACC  WITH
    WOLDCOMP           0.000      0.000    999.000    999.000

 F9AGE    WITH
    F8AGE              0.683      0.204      3.349      0.001

 Means
    F8AGE            103.089      0.108    951.807      0.000
    F9AGE            118.311      0.243    486.799      0.000

 Intercepts
    NARACOMP         -41.628      3.510    -11.860      0.000
    NARAACC         -102.779      0.767   -133.921      0.000
    COMBACC          -16.425      1.930     -8.510      0.000
    WOLDCOMP           3.283      1.878      1.748      0.080

 Variances
    F8AGE              4.133      0.216     19.139      0.000
    F9AGE             13.525      0.549     24.629      0.000

 Residual Variances
    NARACOMP           8.262      1.188      6.956      0.000
    NARAACC            0.414      0.066      6.229      0.000
    COMBACC            7.167      0.602     11.900      0.000
    WOLDCOMP           2.536      0.241     10.514      0.000

Latent Class 2

 COMBACC    ON
    F9AGE              0.240      0.015     16.446      0.000
    G                  0.981      0.016     61.696      0.000

 NARAACC    ON
    F9AGE              1.434      0.006    241.346      0.000
    G                  5.269      0.006    818.992      0.000

 NARACOMP   ON
    F9AGE              0.511      0.029     17.461      0.000
    G                  1.781      0.028     63.854      0.000

 WOLDCOMP   ON
    F8AGE              0.031      0.018      1.721      0.085
    G                  0.170      0.010     16.668      0.000

 NARACOMP WITH
    NARAACC            0.000      0.000    999.000    999.000
    COMBACC            0.000      0.000    999.000    999.000
    WOLDCOMP           0.000      0.000    999.000    999.000

 NARAACC  WITH
    COMBACC            0.000      0.000    999.000    999.000
    WOLDCOMP           0.000      0.000    999.000    999.000

 COMBACC  WITH
    WOLDCOMP           0.000      0.000    999.000    999.000

 F9AGE    WITH
    F8AGE              0.683      0.204      3.349      0.001

 Means
    F8AGE            114.668      0.528    217.118      0.000
    F9AGE            123.171      0.680    181.224      0.000

 Intercepts
    NARACOMP         -35.945      3.641     -9.872      0.000
    NARAACC         -103.680      0.738   -140.466      0.000
    COMBACC          -15.631      1.815     -8.614      0.000
    WOLDCOMP           4.429      2.097      2.112      0.035

 Variances
    F8AGE              4.133      0.216     19.139      0.000
    F9AGE             13.525      0.549     24.629      0.000

 Residual Variances
    NARACOMP          21.418      2.687      7.971      0.000
    NARAACC            0.703      0.084      8.348      0.000
    COMBACC            6.091      0.613      9.932      0.000
    WOLDCOMP           3.883      0.429      9.044      0.000

Latent Class 3

 COMBACC    ON
    F9AGE              0.240      0.015     16.446      0.000
    G                  0.981      0.016     61.696      0.000

 NARAACC    ON
    F9AGE              1.434      0.006    241.346      0.000
    G                  5.269      0.006    818.992      0.000

 NARACOMP   ON
    F9AGE              0.511      0.029     17.461      0.000
    G                  1.781      0.028     63.854      0.000

 WOLDCOMP   ON
    F8AGE              0.031      0.018      1.721      0.085
    G                  0.170      0.010     16.668      0.000

 NARACOMP WITH
    NARAACC            0.000      0.000    999.000    999.000
    COMBACC            0.000      0.000    999.000    999.000
    WOLDCOMP           0.000      0.000    999.000    999.000

 NARAACC  WITH
    COMBACC            0.000      0.000    999.000    999.000
    WOLDCOMP           0.000      0.000    999.000    999.000

 COMBACC  WITH
    WOLDCOMP           0.000      0.000    999.000    999.000

 F9AGE    WITH
    F8AGE              0.683      0.204      3.349      0.001

 Means
    F8AGE            102.857      0.079   1299.727      0.000
    F9AGE            118.319      0.136    871.560      0.000

 Intercepts
    NARACOMP         -36.274      3.844     -9.436      0.000
    NARAACC         -103.920      0.748   -138.950      0.000
    COMBACC          -14.953      1.711     -8.738      0.000
    WOLDCOMP           3.910      1.867      2.094      0.036

 Variances
    F8AGE              4.133      0.216     19.139      0.000
    F9AGE             13.525      0.549     24.629      0.000

 Residual Variances
    NARACOMP           5.209      0.501     10.392      0.000
    NARAACC            0.091      0.007     12.945      0.000
    COMBACC            1.480      0.143     10.375      0.000
    WOLDCOMP           3.285      0.258     12.725      0.000

Latent Class 4

 COMBACC    ON
    F9AGE              0.240      0.015     16.446      0.000
    G                  0.981      0.016     61.696      0.000

 NARAACC    ON
    F9AGE              1.434      0.006    241.346      0.000
    G                  5.269      0.006    818.992      0.000

 NARACOMP   ON
    F9AGE              0.511      0.029     17.461      0.000
    G                  1.781      0.028     63.854      0.000

 WOLDCOMP   ON
    F8AGE              0.031      0.018      1.721      0.085
    G                  0.170      0.010     16.668      0.000

 NARACOMP WITH
    NARAACC            0.000      0.000    999.000    999.000
    COMBACC            0.000      0.000    999.000    999.000
    WOLDCOMP           0.000      0.000    999.000    999.000

 NARAACC  WITH
    COMBACC            0.000      0.000    999.000    999.000
    WOLDCOMP           0.000      0.000    999.000    999.000

 COMBACC  WITH
    WOLDCOMP           0.000      0.000    999.000    999.000

 F9AGE    WITH
    F8AGE              0.683      0.204      3.349      0.001

 Means
    F8AGE            102.851      0.078   1310.644      0.000
    F9AGE            118.331      0.178    664.298      0.000

 Intercepts
    NARACOMP         -31.912      3.587     -8.897      0.000
    NARAACC         -104.785      0.748   -140.096      0.000
    COMBACC          -13.986      1.798     -7.780      0.000
    WOLDCOMP           4.641      1.868      2.484      0.013

 Variances
    F8AGE              4.133      0.216     19.139      0.000
    F9AGE             13.525      0.549     24.629      0.000

 Residual Variances
    NARACOMP          10.825      0.979     11.057      0.000
    NARAACC            0.251      0.016     15.462      0.000
    COMBACC            4.777      0.276     17.295      0.000
    WOLDCOMP           3.375      0.190     17.812      0.000

Latent Class 5

 COMBACC    ON
    F9AGE              0.240      0.015     16.446      0.000
    G                  0.981      0.016     61.696      0.000

 NARAACC    ON
    F9AGE              1.434      0.006    241.346      0.000
    G                  5.269      0.006    818.992      0.000

 NARACOMP   ON
    F9AGE              0.511      0.029     17.461      0.000
    G                  1.781      0.028     63.854      0.000

 WOLDCOMP   ON
    F8AGE              0.031      0.018      1.721      0.085
    G                  0.170      0.010     16.668      0.000

 NARACOMP WITH
    NARAACC            0.000      0.000    999.000    999.000
    COMBACC            0.000      0.000    999.000    999.000
    WOLDCOMP           0.000      0.000    999.000    999.000

 NARAACC  WITH
    COMBACC            0.000      0.000    999.000    999.000
    WOLDCOMP           0.000      0.000    999.000    999.000

 COMBACC  WITH
    WOLDCOMP           0.000      0.000    999.000    999.000

 F9AGE    WITH
    F8AGE              0.683      0.204      3.349      0.001

 Means
    F8AGE            102.899      0.100   1032.779      0.000
    F9AGE            118.390      0.166    714.743      0.000

 Intercepts
    NARACOMP         -34.740      3.429    -10.132      0.000
    NARAACC         -103.284      0.700   -147.545      0.000
    COMBACC          -18.260      1.714    -10.651      0.000
    WOLDCOMP           4.772      1.869      2.552      0.011

 Variances
    F8AGE              4.133      0.216     19.139      0.000
    F9AGE             13.525      0.549     24.629      0.000

 Residual Variances
    NARACOMP           6.387      0.483     13.228      0.000
    NARAACC            0.154      0.012     12.475      0.000
    COMBACC            1.905      0.113     16.811      0.000
    WOLDCOMP           2.987      0.197     15.163      0.000

Categorical Latent Variables

 Means
    C#1               -0.344      0.148     -2.314      0.021
    C#2               -1.250      0.114    -10.964      0.000
    C#3                0.258      0.132      1.952      0.051
    C#4                0.222      0.153      1.450      0.147


STANDARDIZED MODEL RESULTS


STDYX Standardization

                                                    Two-Tailed
                    Estimate       S.E.  Est./S.E.    P-Value

Latent Class 1

 COMBACC    ON
    F9AGE              0.188      0.012     15.772      0.000
    G                  0.799      0.013     60.872      0.000

 NARAACC    ON
    F9AGE              0.253      0.006     44.642      0.000
    G                  0.967      0.001    646.240      0.000

 NARACOMP   ON
    F9AGE              0.246      0.015     16.854      0.000
    G                  0.893      0.011     81.012      0.000

 WOLDCOMP   ON
    F8AGE              0.037      0.021      1.725      0.085
    G                  0.377      0.026     14.472      0.000

 NARACOMP WITH
    NARAACC            0.000      0.000    999.000    999.000
    COMBACC            0.000      0.000    999.000    999.000
    WOLDCOMP           0.000      0.000    999.000    999.000

 NARAACC  WITH
    COMBACC            0.000      0.000    999.000    999.000
    WOLDCOMP           0.000      0.000    999.000    999.000

 COMBACC  WITH
    WOLDCOMP           0.000      0.000    999.000    999.000

 F9AGE    WITH
    F8AGE              0.091      0.027      3.414      0.001

 Means
    F8AGE             50.709      1.312     38.659      0.000
    F9AGE             32.170      0.641     50.202      0.000

 Intercepts
    NARACOMP          -5.462      0.451    -12.121      0.000
    NARAACC           -4.936      0.067    -73.547      0.000
    COMBACC           -3.503      0.402     -8.725      0.000
    WOLDCOMP           1.908      1.094      1.744      0.081

 Variances
    F8AGE              1.000      0.000    999.000    999.000
    F9AGE              1.000      0.000    999.000    999.000

 Residual Variances
    NARACOMP           0.142      0.018      8.106      0.000
    NARAACC            0.001      0.000      6.179      0.000
    COMBACC            0.326      0.022     15.051      0.000
    WOLDCOMP           0.856      0.020     43.029      0.000

Latent Class 2

 COMBACC    ON
    F9AGE              0.175      0.011     15.665      0.000
    G                  0.855      0.012     74.304      0.000

 NARAACC    ON
    F9AGE              0.222      0.005     43.934      0.000
    G                  0.975      0.001    842.516      0.000

 NARACOMP   ON
    F9AGE              0.202      0.013     16.018      0.000
    G                  0.843      0.014     58.836      0.000

 WOLDCOMP   ON
    F8AGE              0.030      0.017      1.725      0.084
    G                  0.355      0.025     14.027      0.000

 NARACOMP WITH
    NARAACC            0.000      0.000    999.000    999.000
    COMBACC            0.000      0.000    999.000    999.000
    WOLDCOMP           0.000      0.000    999.000    999.000

 NARAACC  WITH
    COMBACC            0.000      0.000    999.000    999.000
    WOLDCOMP           0.000      0.000    999.000    999.000

 COMBACC  WITH
    WOLDCOMP           0.000      0.000    999.000    999.000

 F9AGE    WITH
    F8AGE              0.091      0.027      3.414      0.001

 Means
    F8AGE             56.404      1.313     42.947      0.000
    F9AGE             33.492      0.761     44.039      0.000

 Intercepts
    NARACOMP          -3.867      0.395     -9.791      0.000
    NARAACC           -4.356      0.059    -73.661      0.000
    COMBACC           -3.095      0.352     -8.800      0.000
    WOLDCOMP           2.100      1.002      2.097      0.036

 Variances
    F8AGE              1.000      0.000    999.000    999.000
    F9AGE              1.000      0.000    999.000    999.000

 Residual Variances
    NARACOMP           0.248      0.024     10.189      0.000
    NARAACC            0.001      0.000      8.220      0.000
    COMBACC            0.239      0.020     11.826      0.000
    WOLDCOMP           0.873      0.018     48.294      0.000

Latent Class 3

 COMBACC    ON
    F9AGE              0.224      0.014     16.207      0.000
    G                  0.924      0.006    161.194      0.000

 NARAACC    ON
    F9AGE              0.261      0.006     44.805      0.000
    G                  0.965      0.002    614.822      0.000

 NARACOMP   ON
    F9AGE              0.259      0.016     15.964      0.000
    G                  0.913      0.005    167.072      0.000

 WOLDCOMP   ON
    F8AGE              0.033      0.019      1.733      0.083
    G                  0.328      0.020     16.588      0.000

 NARACOMP WITH
    NARAACC            0.000      0.000    999.000    999.000
    COMBACC            0.000      0.000    999.000    999.000
    WOLDCOMP           0.000      0.000    999.000    999.000

 NARAACC  WITH
    COMBACC            0.000      0.000    999.000    999.000
    WOLDCOMP           0.000      0.000    999.000    999.000

 COMBACC  WITH
    WOLDCOMP           0.000      0.000    999.000    999.000

 F9AGE    WITH
    F8AGE              0.091      0.027      3.414      0.001

 Means
    F8AGE             50.594      1.309     38.639      0.000
    F9AGE             32.173      0.646     49.833      0.000

 Intercepts
    NARACOMP          -5.012      0.540     -9.279      0.000
    NARAACC           -5.133      0.069    -74.382      0.000
    COMBACC           -3.800      0.419     -9.079      0.000
    WOLDCOMP           2.036      0.977      2.085      0.037

 Variances
    F8AGE              1.000      0.000    999.000    999.000
    F9AGE              1.000      0.000    999.000    999.000

 Residual Variances
    NARACOMP           0.099      0.009     10.921      0.000
    NARAACC            0.000      0.000     12.412      0.000
    COMBACC            0.096      0.010      9.999      0.000
    WOLDCOMP           0.891      0.013     67.863      0.000

Latent Class 4

 COMBACC    ON
    F9AGE              0.219      0.014     16.005      0.000
    G                  0.810      0.008     95.359      0.000

 NARAACC    ON
    F9AGE              0.289      0.006     45.561      0.000
    G                  0.957      0.002    500.767      0.000

 NARACOMP   ON
    F9AGE              0.267      0.017     15.980      0.000
    G                  0.842      0.010     87.219      0.000

 WOLDCOMP   ON
    F8AGE              0.033      0.019      1.729      0.084
    G                  0.293      0.019     15.680      0.000

 NARACOMP WITH
    NARAACC            0.000      0.000    999.000    999.000
    COMBACC            0.000      0.000    999.000    999.000
    WOLDCOMP           0.000      0.000    999.000    999.000

 NARAACC  WITH
    COMBACC            0.000      0.000    999.000    999.000
    WOLDCOMP           0.000      0.000    999.000    999.000

 COMBACC  WITH
    WOLDCOMP           0.000      0.000    999.000    999.000

 F9AGE    WITH
    F8AGE              0.091      0.027      3.414      0.001

 Means
    F8AGE             50.592      1.307     38.721      0.000
    F9AGE             32.176      0.642     50.107      0.000

 Intercepts
    NARACOMP          -4.544      0.516     -8.808      0.000
    NARAACC           -5.732      0.076    -75.395      0.000
    COMBACC           -3.479      0.435     -8.005      0.000
    WOLDCOMP           2.413      0.975      2.474      0.013

 Variances
    F8AGE              1.000      0.000    999.000    999.000
    F9AGE              1.000      0.000    999.000    999.000

 Residual Variances
    NARACOMP           0.219      0.017     13.046      0.000
    NARAACC            0.001      0.000     14.652      0.000
    COMBACC            0.296      0.014     20.740      0.000
    WOLDCOMP           0.913      0.011     81.773      0.000

Latent Class 5

 COMBACC    ON
    F9AGE              0.185      0.012     15.898      0.000
    G                  0.939      0.004    261.700      0.000

 NARAACC    ON
    F9AGE              0.214      0.005     43.776      0.000
    G                  0.977      0.001    907.352      0.000

 NARACOMP   ON
    F9AGE              0.216      0.014     15.834      0.000
    G                  0.932      0.004    226.454      0.000

 WOLDCOMP   ON
    F8AGE              0.034      0.019      1.730      0.084
    G                  0.409      0.024     17.217      0.000

 NARACOMP WITH
    NARAACC            0.000      0.000    999.000    999.000
    COMBACC            0.000      0.000    999.000    999.000
    WOLDCOMP           0.000      0.000    999.000    999.000

 NARAACC  WITH
    COMBACC            0.000      0.000    999.000    999.000
    WOLDCOMP           0.000      0.000    999.000    999.000

 COMBACC  WITH
    WOLDCOMP           0.000      0.000    999.000    999.000

 F9AGE    WITH
    F8AGE              0.091      0.027      3.414      0.001

 Means
    F8AGE             50.615      1.301     38.898      0.000
    F9AGE             32.192      0.641     50.234      0.000

 Intercepts
    NARACOMP          -3.989      0.402     -9.913      0.000
    NARAACC           -4.199      0.057    -74.231      0.000
    COMBACC           -3.835      0.351    -10.942      0.000
    WOLDCOMP           2.518      0.992      2.538      0.011

 Variances
    F8AGE              1.000      0.000    999.000    999.000
    F9AGE              1.000      0.000    999.000    999.000

 Residual Variances
    NARACOMP           0.084      0.006     13.658      0.000
    NARAACC            0.000      0.000     11.991      0.000
    COMBACC            0.084      0.006     13.754      0.000
    WOLDCOMP           0.832      0.020     42.531      0.000


R-SQUARE

Class 1

    Observed                                        Two-Tailed
    Variable        Estimate       S.E.  Est./S.E.    P-Value

    NARACOMP           0.858      0.018     48.882      0.000
    NARAACC            0.999      0.000   6466.480      0.000
    COMBACC            0.674      0.022     31.114      0.000
    WOLDCOMP           0.144      0.020      7.219      0.000

Class 2

    Observed                                        Two-Tailed
    Variable        Estimate       S.E.  Est./S.E.    P-Value

    NARACOMP           0.752      0.024     30.924      0.000
    NARAACC            0.999      0.000   6613.346      0.000
    COMBACC            0.761      0.020     37.698      0.000
    WOLDCOMP           0.127      0.018      7.009      0.000

Class 3

    Observed                                        Two-Tailed
    Variable        Estimate       S.E.  Est./S.E.    P-Value

    NARACOMP           0.901      0.009     98.877      0.000
    NARAACC            1.000      0.000   ********      0.000
    COMBACC            0.904      0.010     94.649      0.000
    WOLDCOMP           0.109      0.013      8.287      0.000

Class 4

    Observed                                        Two-Tailed
    Variable        Estimate       S.E.  Est./S.E.    P-Value

    NARACOMP           0.781      0.017     46.405      0.000
    NARAACC            0.999      0.000   ********      0.000
    COMBACC            0.704      0.014     49.421      0.000
    WOLDCOMP           0.087      0.011      7.810      0.000

Class 5

    Observed                                        Two-Tailed
    Variable        Estimate       S.E.  Est./S.E.    P-Value

    NARACOMP           0.916      0.006    148.512      0.000
    NARAACC            1.000      0.000   ********      0.000
    COMBACC            0.916      0.006    149.957      0.000
    WOLDCOMP           0.168      0.020      8.601      0.000


QUALITY OF NUMERICAL RESULTS

     Condition Number for the Information Matrix              0.147E-08
       (ratio of smallest to largest eigenvalue)


CONFIDENCE INTERVALS OF MODEL RESULTS

                  Lower .5%  Lower 2.5%    Lower 5%    Estimate    Upper 5%  Upper 2.5%   Upper .5%

Latent Class 1

 COMBACC  ON
    F9AGE            0.202       0.211       0.216       0.240       0.264       0.268       0.277
    G                0.940       0.949       0.954       0.981       1.007       1.012       1.022

 NARAACC  ON
    F9AGE            1.419       1.423       1.424       1.434       1.444       1.446       1.450
    G                5.252       5.256       5.258       5.269       5.279       5.281       5.285

 NARACOMP ON
    F9AGE            0.435       0.453       0.462       0.511       0.559       0.568       0.586
    G                1.709       1.726       1.735       1.781       1.827       1.836       1.853

 WOLDCOMP ON
    F8AGE           -0.016      -0.004       0.001       0.031       0.061       0.067       0.078
    G                0.144       0.150       0.153       0.170       0.187       0.190       0.196

 NARACOMP WITH
    NARAACC          0.000       0.000       0.000       0.000       0.000       0.000       0.000
    COMBACC          0.000       0.000       0.000       0.000       0.000       0.000       0.000
    WOLDCOMP         0.000       0.000       0.000       0.000       0.000       0.000       0.000

 NARAACC  WITH
    COMBACC          0.000       0.000       0.000       0.000       0.000       0.000       0.000
    WOLDCOMP         0.000       0.000       0.000       0.000       0.000       0.000       0.000

 COMBACC  WITH
    WOLDCOMP         0.000       0.000       0.000       0.000       0.000       0.000       0.000

 F9AGE    WITH
    F8AGE            0.158       0.283       0.348       0.683       1.019       1.084       1.209

 Means
    F8AGE          102.810     102.877     102.911     103.089     103.268     103.302     103.368
    F9AGE          117.685     117.835     117.911     118.311     118.711     118.787     118.937

 Intercepts
    NARACOMP       -50.669     -48.508     -47.402     -41.628     -35.854     -34.749     -32.587
    NARAACC       -104.755    -104.283    -104.041    -102.779    -101.516    -101.274    -100.802
    COMBACC        -21.397     -20.208     -19.600     -16.425     -13.250     -12.642     -11.454
    WOLDCOMP        -1.554      -0.397       0.194       3.283       6.372       6.963       8.120

 Variances
    F8AGE            3.577       3.710       3.778       4.133       4.488       4.556       4.689
    F9AGE           12.111      12.449      12.622      13.525      14.428      14.601      14.940

 Residual Variances
    NARACOMP         5.203       5.934       6.308       8.262      10.216      10.590      11.321
    NARAACC          0.243       0.284       0.305       0.414       0.523       0.544       0.585
    COMBACC          5.616       5.986       6.176       7.167       8.158       8.347       8.718
    WOLDCOMP         1.914       2.063       2.139       2.536       2.932       3.008       3.157

Latent Class 2

 COMBACC  ON
    F9AGE            0.202       0.211       0.216       0.240       0.264       0.268       0.277
    G                0.940       0.949       0.954       0.981       1.007       1.012       1.022

 NARAACC  ON
    F9AGE            1.419       1.423       1.424       1.434       1.444       1.446       1.450
    G                5.252       5.256       5.258       5.269       5.279       5.281       5.285

 NARACOMP ON
    F9AGE            0.435       0.453       0.462       0.511       0.559       0.568       0.586
    G                1.709       1.726       1.735       1.781       1.827       1.836       1.853

 WOLDCOMP ON
    F8AGE           -0.016      -0.004       0.001       0.031       0.061       0.067       0.078
    G                0.144       0.150       0.153       0.170       0.187       0.190       0.196

 NARACOMP WITH
    NARAACC          0.000       0.000       0.000       0.000       0.000       0.000       0.000
    COMBACC          0.000       0.000       0.000       0.000       0.000       0.000       0.000
    WOLDCOMP         0.000       0.000       0.000       0.000       0.000       0.000       0.000

 NARAACC  WITH
    COMBACC          0.000       0.000       0.000       0.000       0.000       0.000       0.000
    WOLDCOMP         0.000       0.000       0.000       0.000       0.000       0.000       0.000

 COMBACC  WITH
    WOLDCOMP         0.000       0.000       0.000       0.000       0.000       0.000       0.000

 F9AGE    WITH
    F8AGE            0.158       0.283       0.348       0.683       1.019       1.084       1.209

 Means
    F8AGE          113.308     113.633     113.799     114.668     115.537     115.703     116.029
    F9AGE          121.421     121.839     122.053     123.171     124.290     124.504     124.922

 Intercepts
    NARACOMP       -45.323     -43.081     -41.934     -35.945     -29.955     -28.808     -26.566
    NARAACC       -105.582    -105.127    -104.895    -103.680    -102.466    -102.234    -101.779
    COMBACC        -20.304     -19.187     -18.616     -15.631     -12.646     -12.074     -10.957
    WOLDCOMP        -0.973       0.318       0.979       4.429       7.879       8.539       9.831

 Variances
    F8AGE            3.577       3.710       3.778       4.133       4.488       4.556       4.689
    F9AGE           12.111      12.449      12.622      13.525      14.428      14.601      14.940

 Residual Variances
    NARACOMP        14.497      16.151      16.998      21.418      25.838      26.684      28.339
    NARAACC          0.486       0.538       0.565       0.703       0.842       0.869       0.920
    COMBACC          4.512       4.889       5.082       6.091       7.100       7.293       7.671
    WOLDCOMP         2.777       3.041       3.177       3.883       4.589       4.724       4.989

Latent Class 3

 COMBACC  ON
    F9AGE            0.202       0.211       0.216       0.240       0.264       0.268       0.277
    G                0.940       0.949       0.954       0.981       1.007       1.012       1.022

 NARAACC  ON
    F9AGE            1.419       1.423       1.424       1.434       1.444       1.446       1.450
    G                5.252       5.256       5.258       5.269       5.279       5.281       5.285

 NARACOMP ON
    F9AGE            0.435       0.453       0.462       0.511       0.559       0.568       0.586
    G                1.709       1.726       1.735       1.781       1.827       1.836       1.853

 WOLDCOMP ON
    F8AGE           -0.016      -0.004       0.001       0.031       0.061       0.067       0.078
    G                0.144       0.150       0.153       0.170       0.187       0.190       0.196

 NARACOMP WITH
    NARAACC          0.000       0.000       0.000       0.000       0.000       0.000       0.000
    COMBACC          0.000       0.000       0.000       0.000       0.000       0.000       0.000
    WOLDCOMP         0.000       0.000       0.000       0.000       0.000       0.000       0.000

 NARAACC  WITH
    COMBACC          0.000       0.000       0.000       0.000       0.000       0.000       0.000
    WOLDCOMP         0.000       0.000       0.000       0.000       0.000       0.000       0.000

 COMBACC  WITH
    WOLDCOMP         0.000       0.000       0.000       0.000       0.000       0.000       0.000

 F9AGE    WITH
    F8AGE            0.158       0.283       0.348       0.683       1.019       1.084       1.209

 Means
    F8AGE          102.653     102.702     102.727     102.857     102.987     103.012     103.061
    F9AGE          117.970     118.053     118.096     118.319     118.543     118.585     118.669

 Intercepts
    NARACOMP       -46.175     -43.808     -42.597     -36.274     -29.950     -28.739     -26.372
    NARAACC       -105.847    -105.386    -105.151    -103.920    -102.690    -102.454    -101.994
    COMBACC        -19.361     -18.307     -17.768     -14.953     -12.138     -11.599     -10.545
    WOLDCOMP        -0.899       0.250       0.838       3.910       6.981       7.569       8.719

 Variances
    F8AGE            3.577       3.710       3.778       4.133       4.488       4.556       4.689
    F9AGE           12.111      12.449      12.622      13.525      14.428      14.601      14.940

 Residual Variances
    NARACOMP         3.918       4.227       4.385       5.209       6.034       6.192       6.500
    NARAACC          0.073       0.077       0.080       0.091       0.103       0.105       0.109
    COMBACC          1.113       1.200       1.245       1.480       1.715       1.760       1.847
    WOLDCOMP         2.620       2.779       2.861       3.285       3.710       3.791       3.950

Latent Class 4

 COMBACC  ON
    F9AGE            0.202       0.211       0.216       0.240       0.264       0.268       0.277
    G                0.940       0.949       0.954       0.981       1.007       1.012       1.022

 NARAACC  ON
    F9AGE            1.419       1.423       1.424       1.434       1.444       1.446       1.450
    G                5.252       5.256       5.258       5.269       5.279       5.281       5.285

 NARACOMP ON
    F9AGE            0.435       0.453       0.462       0.511       0.559       0.568       0.586
    G                1.709       1.726       1.735       1.781       1.827       1.836       1.853

 WOLDCOMP ON
    F8AGE           -0.016      -0.004       0.001       0.031       0.061       0.067       0.078
    G                0.144       0.150       0.153       0.170       0.187       0.190       0.196

 NARACOMP WITH
    NARAACC          0.000       0.000       0.000       0.000       0.000       0.000       0.000
    COMBACC          0.000       0.000       0.000       0.000       0.000       0.000       0.000
    WOLDCOMP         0.000       0.000       0.000       0.000       0.000       0.000       0.000

 NARAACC  WITH
    COMBACC          0.000       0.000       0.000       0.000       0.000       0.000       0.000
    WOLDCOMP         0.000       0.000       0.000       0.000       0.000       0.000       0.000

 COMBACC  WITH
    WOLDCOMP         0.000       0.000       0.000       0.000       0.000       0.000       0.000

 F9AGE    WITH
    F8AGE            0.158       0.283       0.348       0.683       1.019       1.084       1.209

 Means
    F8AGE          102.649     102.698     102.722     102.851     102.981     103.005     103.054
    F9AGE          117.872     117.982     118.038     118.331     118.624     118.680     118.790

 Intercepts
    NARACOMP       -41.151     -38.942     -37.812     -31.912     -26.011     -24.882     -22.673
    NARAACC       -106.711    -106.251    -106.015    -104.785    -103.554    -103.319    -102.858
    COMBACC        -18.616     -17.510     -16.943     -13.986     -11.029     -10.463      -9.356
    WOLDCOMP        -0.171       0.979       1.568       4.641       7.714       8.302       9.453

 Variances
    F8AGE            3.577       3.710       3.778       4.133       4.488       4.556       4.689
    F9AGE           12.111      12.449      12.622      13.525      14.428      14.601      14.940

 Residual Variances
    NARACOMP         8.303       8.906       9.214      10.825      12.435      12.743      13.346
    NARAACC          0.209       0.219       0.224       0.251       0.277       0.282       0.292
    COMBACC          4.066       4.236       4.323       4.777       5.232       5.319       5.489
    WOLDCOMP         2.887       3.004       3.064       3.375       3.687       3.747       3.864

Latent Class 5

 COMBACC  ON
    F9AGE            0.202       0.211       0.216       0.240       0.264       0.268       0.277
    G                0.940       0.949       0.954       0.981       1.007       1.012       1.022

 NARAACC  ON
    F9AGE            1.419       1.423       1.424       1.434       1.444       1.446       1.450
    G                5.252       5.256       5.258       5.269       5.279       5.281       5.285

 NARACOMP ON
    F9AGE            0.435       0.453       0.462       0.511       0.559       0.568       0.586
    G                1.709       1.726       1.735       1.781       1.827       1.836       1.853

 WOLDCOMP ON
    F8AGE           -0.016      -0.004       0.001       0.031       0.061       0.067       0.078
    G                0.144       0.150       0.153       0.170       0.187       0.190       0.196

 NARACOMP WITH
    NARAACC          0.000       0.000       0.000       0.000       0.000       0.000       0.000
    COMBACC          0.000       0.000       0.000       0.000       0.000       0.000       0.000
    WOLDCOMP         0.000       0.000       0.000       0.000       0.000       0.000       0.000

 NARAACC  WITH
    COMBACC          0.000       0.000       0.000       0.000       0.000       0.000       0.000
    WOLDCOMP         0.000       0.000       0.000       0.000       0.000       0.000       0.000

 COMBACC  WITH
    WOLDCOMP         0.000       0.000       0.000       0.000       0.000       0.000       0.000

 F9AGE    WITH
    F8AGE            0.158       0.283       0.348       0.683       1.019       1.084       1.209

 Means
    F8AGE          102.642     102.703     102.735     102.899     103.062     103.094     103.155
    F9AGE          117.963     118.065     118.117     118.390     118.662     118.714     118.816

 Intercepts
    NARACOMP       -43.572     -41.460     -40.380     -34.740     -29.100     -28.020     -25.909
    NARAACC       -105.087    -104.656    -104.436    -103.284    -102.132    -101.912    -101.481
    COMBACC        -22.675     -21.620     -21.080     -18.260     -15.440     -14.900     -13.844
    WOLDCOMP        -0.044       1.108       1.697       4.772       7.847       8.436       9.587

 Variances
    F8AGE            3.577       3.710       3.778       4.133       4.488       4.556       4.689
    F9AGE           12.111      12.449      12.622      13.525      14.428      14.601      14.940

 Residual Variances
    NARACOMP         5.143       5.441       5.593       6.387       7.181       7.333       7.631
    NARAACC          0.122       0.130       0.134       0.154       0.174       0.178       0.186
    COMBACC          1.613       1.683       1.718       1.905       2.091       2.127       2.196
    WOLDCOMP         2.479       2.601       2.663       2.987       3.311       3.373       3.494

Categorical Latent Variables

 Means
    C#1             -0.726      -0.635      -0.588      -0.344      -0.099      -0.053       0.039
    C#2             -1.544      -1.474      -1.438      -1.250      -1.063      -1.027      -0.956
    C#3             -0.082      -0.001       0.041       0.258       0.476       0.517       0.599
    C#4             -0.173      -0.078      -0.030       0.222       0.474       0.523       0.617


CONFIDENCE INTERVALS OF STANDARDIZED MODEL RESULTS


STDYX Standardization

                  Lower .5%  Lower 2.5%    Lower 5%    Estimate    Upper 5%  Upper 2.5%   Upper .5%

Latent Class 1

 COMBACC  ON
    F9AGE            0.157       0.165       0.169       0.188       0.208       0.212       0.219
    G                0.765       0.773       0.778       0.799       0.821       0.825       0.833

 NARAACC  ON
    F9AGE            0.239       0.242       0.244       0.253       0.263       0.264       0.268
    G                0.963       0.964       0.964       0.967       0.969       0.970       0.971

 NARACOMP ON
    F9AGE            0.209       0.218       0.222       0.246       0.270       0.275       0.284
    G                0.864       0.871       0.875       0.893       0.911       0.914       0.921

 WOLDCOMP ON
    F8AGE           -0.018      -0.005       0.002       0.037       0.072       0.079       0.092
    G                0.310       0.326       0.334       0.377       0.420       0.428       0.444

 NARACOMP WITH
    NARAACC          0.000       0.000       0.000       0.000       0.000       0.000       0.000
    COMBACC          0.000       0.000       0.000       0.000       0.000       0.000       0.000
    WOLDCOMP         0.000       0.000       0.000       0.000       0.000       0.000       0.000

 NARAACC  WITH
    COMBACC          0.000       0.000       0.000       0.000       0.000       0.000       0.000
    WOLDCOMP         0.000       0.000       0.000       0.000       0.000       0.000       0.000

 COMBACC  WITH
    WOLDCOMP         0.000       0.000       0.000       0.000       0.000       0.000       0.000

 F9AGE    WITH
    F8AGE            0.022       0.039       0.047       0.091       0.135       0.144       0.160

 Means
    F8AGE           47.330      48.138      48.551      50.709      52.866      53.280      54.087
    F9AGE           30.520      30.914      31.116      32.170      33.224      33.426      33.821

 Intercepts
    NARACOMP        -6.623      -6.345      -6.203      -5.462      -4.721      -4.579      -4.301
    NARAACC         -5.109      -5.068      -5.047      -4.936      -4.826      -4.805      -4.764
    COMBACC         -4.537      -4.290      -4.164      -3.503      -2.843      -2.716      -2.469
    WOLDCOMP        -0.910      -0.236       0.108       1.908       3.707       4.052       4.726

 Variances
    F8AGE            1.000       1.000       1.000       1.000       1.000       1.000       1.000
    F9AGE            1.000       1.000       1.000       1.000       1.000       1.000       1.000

 Residual Variances
    NARACOMP         0.097       0.108       0.113       0.142       0.171       0.177       0.187
    NARAACC          0.001       0.001       0.001       0.001       0.001       0.001       0.001
    COMBACC          0.270       0.284       0.290       0.326       0.362       0.368       0.382
    WOLDCOMP         0.805       0.817       0.824       0.856       0.889       0.895       0.908

Latent Class 2

 COMBACC  ON
    F9AGE            0.146       0.153       0.156       0.175       0.193       0.196       0.203
    G                0.825       0.832       0.836       0.855       0.874       0.877       0.884

 NARAACC  ON
    F9AGE            0.209       0.212       0.213       0.222       0.230       0.231       0.235
    G                0.972       0.972       0.973       0.975       0.976       0.977       0.977

 NARACOMP ON
    F9AGE            0.169       0.177       0.181       0.202       0.223       0.227       0.234
    G                0.807       0.815       0.820       0.843       0.867       0.872       0.880

 WOLDCOMP ON
    F8AGE           -0.015      -0.004       0.001       0.030       0.059       0.064       0.075
    G                0.290       0.305       0.313       0.355       0.396       0.404       0.420

 NARACOMP WITH
    NARAACC          0.000       0.000       0.000       0.000       0.000       0.000       0.000
    COMBACC          0.000       0.000       0.000       0.000       0.000       0.000       0.000
    WOLDCOMP         0.000       0.000       0.000       0.000       0.000       0.000       0.000

 NARAACC  WITH
    COMBACC          0.000       0.000       0.000       0.000       0.000       0.000       0.000
    WOLDCOMP         0.000       0.000       0.000       0.000       0.000       0.000       0.000

 COMBACC  WITH
    WOLDCOMP         0.000       0.000       0.000       0.000       0.000       0.000       0.000

 F9AGE    WITH
    F8AGE            0.022       0.039       0.047       0.091       0.135       0.144       0.160

 Means
    F8AGE           53.021      53.830      54.244      56.404      58.565      58.978      59.787
    F9AGE           31.533      32.001      32.241      33.492      34.743      34.983      35.451

 Intercepts
    NARACOMP        -4.884      -4.641      -4.516      -3.867      -3.217      -3.093      -2.849
    NARAACC         -4.508      -4.472      -4.453      -4.356      -4.258      -4.240      -4.203
    COMBACC         -4.001      -3.784      -3.673      -3.095      -2.516      -2.406      -2.189
    WOLDCOMP        -0.480       0.137       0.452       2.100       3.748       4.064       4.681

 Variances
    F8AGE            1.000       1.000       1.000       1.000       1.000       1.000       1.000
    F9AGE            1.000       1.000       1.000       1.000       1.000       1.000       1.000

 Residual Variances
    NARACOMP         0.185       0.200       0.208       0.248       0.288       0.296       0.310
    NARAACC          0.001       0.001       0.001       0.001       0.001       0.002       0.002
    COMBACC          0.187       0.199       0.206       0.239       0.272       0.278       0.291
    WOLDCOMP         0.827       0.838       0.844       0.873       0.903       0.909       0.920

Latent Class 3

 COMBACC  ON
    F9AGE            0.189       0.197       0.201       0.224       0.247       0.251       0.260
    G                0.909       0.913       0.915       0.924       0.934       0.935       0.939

 NARAACC  ON
    F9AGE            0.246       0.249       0.251       0.261       0.270       0.272       0.276
    G                0.961       0.962       0.963       0.965       0.968       0.968       0.969

 NARACOMP ON
    F9AGE            0.218       0.228       0.233       0.259       0.286       0.291       0.301
    G                0.899       0.902       0.904       0.913       0.922       0.924       0.927

 WOLDCOMP ON
    F8AGE           -0.016      -0.004       0.002       0.033       0.065       0.071       0.082
    G                0.277       0.289       0.296       0.328       0.361       0.367       0.379

 NARACOMP WITH
    NARAACC          0.000       0.000       0.000       0.000       0.000       0.000       0.000
    COMBACC          0.000       0.000       0.000       0.000       0.000       0.000       0.000
    WOLDCOMP         0.000       0.000       0.000       0.000       0.000       0.000       0.000

 NARAACC  WITH
    COMBACC          0.000       0.000       0.000       0.000       0.000       0.000       0.000
    WOLDCOMP         0.000       0.000       0.000       0.000       0.000       0.000       0.000

 COMBACC  WITH
    WOLDCOMP         0.000       0.000       0.000       0.000       0.000       0.000       0.000

 F9AGE    WITH
    F8AGE            0.022       0.039       0.047       0.091       0.135       0.144       0.160

 Means
    F8AGE           47.222      48.028      48.440      50.594      52.748      53.161      53.967
    F9AGE           30.510      30.907      31.111      32.173      33.235      33.438      33.836

 Intercepts
    NARACOMP        -6.404      -6.071      -5.901      -5.012      -4.124      -3.954      -3.621
    NARAACC         -5.311      -5.268      -5.247      -5.133      -5.020      -4.998      -4.955
    COMBACC         -4.878      -4.620      -4.488      -3.800      -3.111      -2.979      -2.722
    WOLDCOMP        -0.480       0.122       0.430       2.036       3.643       3.951       4.552

 Variances
    F8AGE            1.000       1.000       1.000       1.000       1.000       1.000       1.000
    F9AGE            1.000       1.000       1.000       1.000       1.000       1.000       1.000

 Residual Variances
    NARACOMP         0.076       0.082       0.084       0.099       0.114       0.117       0.123
    NARAACC          0.000       0.000       0.000       0.000       0.000       0.000       0.000
    COMBACC          0.071       0.077       0.080       0.096       0.111       0.114       0.120
    WOLDCOMP         0.857       0.865       0.870       0.891       0.913       0.917       0.925

Latent Class 4

 COMBACC  ON
    F9AGE            0.184       0.193       0.197       0.219       0.242       0.246       0.255
    G                0.788       0.793       0.796       0.810       0.824       0.827       0.832

 NARAACC  ON
    F9AGE            0.272       0.276       0.278       0.289       0.299       0.301       0.305
    G                0.952       0.953       0.954       0.957       0.960       0.961       0.962

 NARACOMP ON
    F9AGE            0.224       0.235       0.240       0.267       0.295       0.300       0.310
    G                0.817       0.823       0.826       0.842       0.858       0.861       0.867

 WOLDCOMP ON
    F8AGE           -0.016      -0.004       0.002       0.033       0.065       0.071       0.082
    G                0.245       0.257       0.263       0.293       0.324       0.330       0.342

 NARACOMP WITH
    NARAACC          0.000       0.000       0.000       0.000       0.000       0.000       0.000
    COMBACC          0.000       0.000       0.000       0.000       0.000       0.000       0.000
    WOLDCOMP         0.000       0.000       0.000       0.000       0.000       0.000       0.000

 NARAACC  WITH
    COMBACC          0.000       0.000       0.000       0.000       0.000       0.000       0.000
    WOLDCOMP         0.000       0.000       0.000       0.000       0.000       0.000       0.000

 COMBACC  WITH
    WOLDCOMP         0.000       0.000       0.000       0.000       0.000       0.000       0.000

 F9AGE    WITH
    F8AGE            0.022       0.039       0.047       0.091       0.135       0.144       0.160

 Means
    F8AGE           47.226      48.031      48.442      50.592      52.741      53.153      53.957
    F9AGE           30.522      30.917      31.119      32.176      33.232      33.434      33.830

 Intercepts
    NARACOMP        -5.872      -5.555      -5.392      -4.544      -3.695      -3.533      -3.215
    NARAACC         -5.927      -5.881      -5.857      -5.732      -5.607      -5.583      -5.536
    COMBACC         -4.599      -4.331      -4.194      -3.479      -2.764      -2.627      -2.360
    WOLDCOMP        -0.099       0.502       0.809       2.413       4.018       4.325       4.926

 Variances
    F8AGE            1.000       1.000       1.000       1.000       1.000       1.000       1.000
    F9AGE            1.000       1.000       1.000       1.000       1.000       1.000       1.000

 Residual Variances
    NARACOMP         0.176       0.186       0.192       0.219       0.247       0.252       0.263
    NARAACC          0.001       0.001       0.001       0.001       0.001       0.001       0.001
    COMBACC          0.259       0.268       0.272       0.296       0.319       0.324       0.332
    WOLDCOMP         0.884       0.891       0.894       0.913       0.931       0.935       0.942

Latent Class 5

 COMBACC  ON
    F9AGE            0.155       0.162       0.166       0.185       0.204       0.208       0.215
    G                0.930       0.932       0.933       0.939       0.945       0.946       0.948

 NARAACC  ON
    F9AGE            0.202       0.205       0.206       0.214       0.222       0.224       0.227
    G                0.974       0.974       0.975       0.977       0.978       0.979       0.979

 NARACOMP ON
    F9AGE            0.181       0.189       0.193       0.216       0.238       0.242       0.251
    G                0.922       0.924       0.926       0.932       0.939       0.940       0.943

 WOLDCOMP ON
    F8AGE           -0.016      -0.004       0.002       0.034       0.065       0.072       0.084
    G                0.348       0.362       0.370       0.409       0.448       0.455       0.470

 NARACOMP WITH
    NARAACC          0.000       0.000       0.000       0.000       0.000       0.000       0.000
    COMBACC          0.000       0.000       0.000       0.000       0.000       0.000       0.000
    WOLDCOMP         0.000       0.000       0.000       0.000       0.000       0.000       0.000

 NARAACC  WITH
    COMBACC          0.000       0.000       0.000       0.000       0.000       0.000       0.000
    WOLDCOMP         0.000       0.000       0.000       0.000       0.000       0.000       0.000

 COMBACC  WITH
    WOLDCOMP         0.000       0.000       0.000       0.000       0.000       0.000       0.000

 F9AGE    WITH
    F8AGE            0.022       0.039       0.047       0.091       0.135       0.144       0.160

 Means
    F8AGE           47.263      48.064      48.474      50.615      52.755      53.165      53.966
    F9AGE           30.541      30.936      31.138      32.192      33.246      33.448      33.842

 Intercepts
    NARACOMP        -5.026      -4.778      -4.651      -3.989      -3.327      -3.200      -2.953
    NARAACC         -4.345      -4.310      -4.292      -4.199      -4.106      -4.088      -4.053
    COMBACC         -4.738      -4.522      -4.412      -3.835      -3.258      -3.148      -2.932
    WOLDCOMP        -0.038       0.573       0.886       2.518       4.151       4.463       5.074

 Variances
    F8AGE            1.000       1.000       1.000       1.000       1.000       1.000       1.000
    F9AGE            1.000       1.000       1.000       1.000       1.000       1.000       1.000

 Residual Variances
    NARACOMP         0.068       0.072       0.074       0.084       0.094       0.096       0.100
    NARAACC          0.000       0.000       0.000       0.000       0.000       0.000       0.000
    COMBACC          0.068       0.072       0.074       0.084       0.094       0.096       0.100
    WOLDCOMP         0.781       0.793       0.800       0.832       0.864       0.870       0.882


TECHNICAL 7 OUTPUT


     SAMPLE STATISTICS WEIGHTED BY ESTIMATED CLASS PROBABILITIES FOR CLASS 1


           Means
              NARACOMP      NARAACC       COMBACC       WOLDCOMP      F8AGE
              ________      ________      ________      ________      ________
               20.836        73.012        13.123         6.753       103.080


           Means
              F9AGE         G
              ________      ________
              118.311         1.159


           Covariances
              NARACOMP      NARAACC       COMBACC       WOLDCOMP      F8AGE
              ________      ________      ________      ________      ________
 NARACOMP      41.746
 NARAACC      113.088       379.306
 COMBACC       20.399        75.779        22.163
 WOLDCOMP       6.575        18.002         3.722         2.848
 F8AGE         42.743       109.982        22.550         0.145         3.778
 F9AGE         -0.159        -1.052        -0.547        -1.925       -19.435
 G             21.562        72.096        14.769         3.956        26.472


           Covariances
              F9AGE         G
              ________      ________
 F9AGE         11.837
 G             -3.428        14.599


     SAMPLE STATISTICS WEIGHTED BY ESTIMATED CLASS PROBABILITIES FOR CLASS 2


           Means
              NARACOMP      NARAACC       COMBACC       WOLDCOMP      F8AGE
              ________      ________      ________      ________      ________
               23.897        63.979        12.288         7.777       114.590


           Means
              F9AGE         G
              ________      ________
              123.171        -1.707


           Covariances
              NARACOMP      NARAACC       COMBACC       WOLDCOMP      F8AGE
              ________      ________      ________      ________      ________
 NARACOMP      74.575
 NARAACC      164.816       524.977
 COMBACC       32.259       102.821        25.907
 WOLDCOMP       7.937        11.335         2.998         4.305
 F8AGE        -18.987       -38.820        -0.715         0.168        12.215
 F9AGE          3.451        17.998         2.466       -11.426      -173.512
 G             30.853        94.634        19.105         5.352        39.641


           Covariances
              F9AGE         G
              ________      ________
 F9AGE         31.289
 G             -5.155        19.384


     SAMPLE STATISTICS WEIGHTED BY ESTIMATED CLASS PROBABILITIES FOR CLASS 3


           Means
              NARACOMP      NARAACC       COMBACC       WOLDCOMP      F8AGE
              ________      ________      ________      ________      ________
               24.967        68.247        13.901         7.244       102.844


           Means
              F9AGE         G
              ________      ________
              118.319         0.470


           Covariances
              NARACOMP      NARAACC       COMBACC       WOLDCOMP      F8AGE
              ________      ________      ________      ________      ________
 NARACOMP      45.833
 NARAACC      121.760       367.344
 COMBACC       21.504        69.199        14.238
 WOLDCOMP       6.154        16.471         3.148         3.603
 F8AGE         28.289        91.068        17.320        -0.110         3.591
 F9AGE          1.919         3.416         0.240        -2.127       -25.407
 G             22.649        68.758        13.094         3.700        24.225


           Covariances
              F9AGE         G
              ________      ________
 F9AGE         12.030
 G             -2.623        13.760


     SAMPLE STATISTICS WEIGHTED BY ESTIMATED CLASS PROBABILITIES FOR CLASS 4


           Means
              NARACOMP      NARAACC       COMBACC       WOLDCOMP      F8AGE
              ________      ________      ________      ________      ________
               28.936        66.221        14.637         7.913       102.843


           Means
              F9AGE         G
              ________      ________
              118.331         0.246


           Covariances
              NARACOMP      NARAACC       COMBACC       WOLDCOMP      F8AGE
              ________      ________      ________      ________      ________
 NARACOMP      50.163
 NARAACC      105.234       282.151
 COMBACC       11.835        40.059        10.115
 WOLDCOMP       6.410        12.274         1.293         3.780
 F8AGE         12.394        24.213         4.887        -0.112         3.688
 F9AGE          0.653         0.262        -0.239        -1.892       -16.283
 G             19.819        53.183         7.746         2.834         9.162


           Covariances
              F9AGE         G
              ________      ________
 F9AGE         13.498
 G             -3.618        11.029


     SAMPLE STATISTICS WEIGHTED BY ESTIMATED CLASS PROBABILITIES FOR CLASS 5


           Means
              NARACOMP      NARAACC       COMBACC       WOLDCOMP      F8AGE
              ________      ________      ________      ________      ________
               23.477        59.935         8.934         7.835       102.883


           Means
              F9AGE         G
              ________      ________
              118.390        -1.248


           Covariances
              NARACOMP      NARAACC       COMBACC       WOLDCOMP      F8AGE
              ________      ________      ________      ________      ________
 NARACOMP      74.245
 NARAACC      195.704       567.392
 COMBACC       36.496       109.135        22.706
 WOLDCOMP      11.132        28.664         5.340         3.607
 F8AGE         55.526       139.582        22.342         0.126         3.627
 F9AGE          1.753         5.895         0.895        -2.789       -31.535
 G             36.863       106.314        20.569         6.208        35.098


           Covariances
              F9AGE         G
              ________      ________
 F9AGE         11.603
 G             -2.047        20.787


TECHNICAL 11 OUTPUT

     Random Starts Specifications for the k-1 Class Analysis Model
        Number of initial stage random starts                  20
        Number of final stage optimizations                     4



     VUONG-LO-MENDELL-RUBIN LIKELIHOOD RATIO TEST FOR 4 (H0) VERSUS 5 CLASSES

          H0 Loglikelihood Value                       -42901.568
          2 Times the Loglikelihood Difference            791.535
          Difference in the Number of Parameters               11
          Mean                                           -447.358
          Standard Deviation                              843.022
          P-Value                                          0.0038

     LO-MENDELL-RUBIN ADJUSTED LRT TEST

          Value                                           782.791
          P-Value                                          0.0040


TECHNICAL 14 OUTPUT

     Random Starts Specifications for the k-1 Class Analysis Model
        Number of initial stage random starts                  20
        Number of final stage optimizations                     4

     Random Starts Specification for the k-1 Class Model for Generated Data
        Number of initial stage random starts                   0
        Number of final stage optimizations for the
           initial stage random starts                          0
     Random Starts Specification for the k Class Model for Generated Data
        Number of initial stage random starts                 100
        Number of final stage optimizations                    20
     Number of bootstrap draws requested                   Varies


     PARAMETRIC BOOTSTRAPPED LIKELIHOOD RATIO TEST FOR 4 (H0) VERSUS 5 CLASSES

          H0 Loglikelihood Value                       -42901.568
          2 Times the Loglikelihood Difference            791.535
          Difference in the Number of Parameters               11
          Approximate P-Value                              0.0000
          Successful Bootstrap Draws                            5

     WARNING:  OF THE 5 BOOTSTRAP DRAWS, 4 DRAWS HAD BOTH A SMALLER LRT VALUE THAN THE
     OBSERVED LRT VALUE AND NOT A REPLICATED BEST LOGLIKELIHOOD VALUE FOR THE 5-CLASS MODEL.
     THIS MEANS THAT THE P-VALUE MAY NOT BE TRUSTWORTHY DUE TO LOCAL MAXIMA.
     INCREASE THE NUMBER OF RANDOM STARTS USING THE LRTSTARTS OPTION.



PLOT INFORMATION

The following plots are available:

  Histograms (sample values, estimated values, residuals)
  Scatterplots (sample values, estimated values, residuals)
  Estimated overall and class-specific distributions
  Estimated probabilities for a categorical latent variable as a
    function of its covariates

SAVEDATA INFORMATION


  Save file
    sv_lpa4_5class.dat

  Order and format of variables

    NARACOMP       F10.3
    NARAACC        F10.3
    COMBACC        F10.3
    WOLDCOMP       F10.3
    F8AGE          F10.3
    F9AGE          F10.3
    G              F10.3
    CPROB1         F10.3
    CPROB2         F10.3
    CPROB3         F10.3
    CPROB4         F10.3
    CPROB5         F10.3
    C              F10.3
    CIDB3153       I6

  Save file format
    13F10.3 I6

  Save file record length    10000

  Save missing symbol        *


     Beginning Time:  13:15:57
        Ending Time:  13:16:18
       Elapsed Time:  00:00:21



MUTHEN & MUTHEN
3463 Stoner Ave.
Los Angeles, CA  90066

Tel: (310) 391-9971
Fax: (310) 391-8971
Web: www.StatModel.com
Support: Support@StatModel.com

Copyright (c) 1998-2020 Muthen & Muthen
