Mplus VERSION 8.5
MUTHEN & MUTHEN
08/18/2021  11:27 AM

INPUT INSTRUCTIONS

  TITLE:
   Model 4 (LPA and G covariate): 6 classes;
  DATA:
  FILE = "mplus_models/simpview/shape/lpa4_1class_de1b3854e8a32ccc95df154eccc810fd.dat";

  VARIABLE:
  NAMES = NARACOMP NARAACC COMBACC WOLDCOMP F8AGE F9AGE G CIDB3153;
   MISSING=.;
    idvariable = cidb3153; classes = c(6);
  ANALYSIS:
   estimator = mlr; type = mixture;
                                                     starts = 0;
                                                     optseed = 887676;
                                                     k-1starts = 20 4;
  MODEL:
  %OVERALL%
             f8age; f9age;
             combAcc naraAcc naraComp on f9age;
             woldcomp on f8age;

    naraComp naraAcc combAcc woldComp;

    [naraComp naraAcc combAcc woldComp];
                combAcc naraAcc naraComp woldComp ON G;

    naraComp with naraAcc@0;
    naraComp with combAcc@0;
    naraComp with woldComp@0;
    naraAcc with combAcc@0;
    naraAcc with woldComp@0;
    combAcc with woldComp@0;
   %c#1%

    naraComp naraAcc combAcc woldComp;
    [naraComp naraAcc combAcc woldComp];
   %c#2%

    naraComp naraAcc combAcc woldComp;
    [naraComp naraAcc combAcc woldComp];
   %c#3%

    naraComp naraAcc combAcc woldComp;
    [naraComp naraAcc combAcc woldComp];
   %c#4%

    naraComp naraAcc combAcc woldComp;
    [naraComp naraAcc combAcc woldComp];
   %c#5%

    naraComp naraAcc combAcc woldComp;
    [naraComp naraAcc combAcc woldComp];
   %c#6%

    naraComp naraAcc combAcc woldComp;
    [naraComp naraAcc combAcc woldComp];
  OUTPUT:
   TECH7 TECH11;
  PLOT:
  TYPE = PLOT3;



INPUT READING TERMINATED NORMALLY




Model 4 (LPA and G covariate): 6 classes;

SUMMARY OF ANALYSIS

Number of groups                                                 1
Number of observations                                        3423

Number of dependent variables                                    4
Number of independent variables                                  3
Number of continuous latent variables                            0
Number of categorical latent variables                           1

Observed dependent variables

  Continuous
   NARACOMP    NARAACC     COMBACC     WOLDCOMP

Observed independent variables
   F8AGE       F9AGE       G

Categorical latent variables
   C

Variables with special functions

  ID variable           CIDB3153

Estimator                                                      MLR
Information matrix                                        OBSERVED
Optimization Specifications for the Quasi-Newton Algorithm for
Continuous Outcomes
  Maximum number of iterations                                 100
  Convergence criterion                                  0.100D-05
Optimization Specifications for the EM Algorithm
  Maximum number of iterations                                 500
  Convergence criteria
    Loglikelihood change                                 0.100D-06
    Relative loglikelihood change                        0.100D-06
    Derivative                                           0.100D-05
Optimization Specifications for the M step of the EM Algorithm for
Categorical Latent variables
  Number of M step iterations                                    1
  M step convergence criterion                           0.100D-05
  Basis for M step termination                           ITERATION
Optimization Specifications for the M step of the EM Algorithm for
Censored, Binary or Ordered Categorical (Ordinal), Unordered
Categorical (Nominal) and Count Outcomes
  Number of M step iterations                                    1
  M step convergence criterion                           0.100D-05
  Basis for M step termination                           ITERATION
  Maximum value for logit thresholds                            15
  Minimum value for logit thresholds                           -15
  Minimum expected cell size for chi-square              0.100D-01
Maximum number of iterations for H1                           2000
Convergence criterion for H1                             0.100D-03
Optimization algorithm                                         EMA
Random Starts Specifications
  Random seed for analysis                                  887676

Input data file(s)
  mplus_models/simpview/shape/lpa4_1class_de1b3854e8a32ccc95df154eccc810fd.dat
Input data format  FREE


SUMMARY OF DATA

     Number of missing data patterns             5
     Number of y missing data patterns           5
     Number of u missing data patterns           0


COVARIANCE COVERAGE OF DATA

Minimum covariance coverage value   0.100


     PROPORTION OF DATA PRESENT FOR Y


           Covariance Coverage
              NARACOMP      NARAACC       COMBACC       WOLDCOMP      F8AGE
              ________      ________      ________      ________      ________
 NARACOMP       1.000
 NARAACC        1.000         1.000
 COMBACC        0.996         0.996         0.996
 WOLDCOMP       0.852         0.852         0.850         0.852
 F8AGE          0.861         0.861         0.858         0.852         0.861
 F9AGE          1.000         1.000         0.996         0.852         0.861
 G              1.000         1.000         0.996         0.852         0.861


           Covariance Coverage
              F9AGE         G
              ________      ________
 F9AGE          1.000
 G              1.000         1.000



UNIVARIATE SAMPLE STATISTICS


     UNIVARIATE HIGHER-ORDER MOMENT DESCRIPTIVE STATISTICS

         Variable/         Mean/     Skewness/   Minimum/ % with                Percentiles
        Sample Size      Variance    Kurtosis    Maximum  Min/Max      20%/60%    40%/80%    Median

     NARACOMP             25.018      -0.273       0.000    0.09%      18.000     23.000     25.000
            3423.000      62.018      -0.237      44.000    0.03%      28.000     32.000
     NARAACC              66.334      -0.525       0.000    0.06%      48.000     62.000     69.000
            3423.000     417.180      -0.469     100.000    0.06%      76.000     86.000
     COMBACC              12.788      -0.783       0.000    1.44%       9.000     13.000     14.000
            3408.000      21.534      -0.011      20.000    1.44%      15.000     17.000
     WOLDCOMP              7.517       0.082       2.000    0.41%       6.000      7.000      7.000
            2917.000       3.758       0.190      15.000    0.03%       8.000      9.000
     F8AGE               103.533       2.579      94.000    0.03%     102.000    102.000    103.000
            2947.000      11.227       8.561     126.000    0.03%     103.000    105.000
     F9AGE               118.643       1.305     105.000    0.03%     116.000    117.000    118.000
            3423.000      14.907       2.626     139.000    0.06%     119.000    121.000
     G                     0.000      -0.561     -14.876    0.03%      -3.449     -0.763      0.570
            3423.000      15.859      -0.245       7.123    0.03%       1.671      3.731


THE MODEL ESTIMATION TERMINATED NORMALLY



MODEL FIT INFORMATION

Number of Free Parameters                       76

Loglikelihood

          H0 Value                      -42129.850
          H0 Scaling Correction Factor      1.4250
            for MLR

Information Criteria

          Akaike (AIC)                   84411.700
          Bayesian (BIC)                 84878.209
          Sample-Size Adjusted BIC       84636.721
            (n* = (n + 2) / 24)



FINAL CLASS COUNTS AND PROPORTIONS FOR THE LATENT CLASSES
BASED ON THE ESTIMATED MODEL

    Latent
   Classes

       1        556.35673          0.16253
       2        718.25720          0.20983
       3        471.46351          0.13773
       4        834.87940          0.24390
       5        206.51164          0.06033
       6        635.53153          0.18567


FINAL CLASS COUNTS AND PROPORTIONS FOR THE LATENT CLASSES
BASED ON ESTIMATED POSTERIOR PROBABILITIES

    Latent
   Classes

       1        556.35673          0.16253
       2        718.25720          0.20983
       3        471.46351          0.13773
       4        834.87940          0.24390
       5        206.51164          0.06033
       6        635.53153          0.18567


FINAL CLASS COUNTS AND PROPORTIONS FOR THE LATENT CLASSES
BASED ON THEIR MOST LIKELY LATENT CLASS MEMBERSHIP

Class Counts and Proportions

    Latent
   Classes

       1              535          0.15630
       2              722          0.21093
       3              450          0.13146
       4              877          0.25621
       5              193          0.05638
       6              646          0.18872


CLASSIFICATION QUALITY

     Entropy                         0.799


Average Latent Class Probabilities for Most Likely Latent Class Membership (Row)
by Latent Class (Column)

           1        2        3        4        5        6

    1   0.903    0.000    0.002    0.032    0.007    0.055
    2   0.000    0.866    0.050    0.043    0.012    0.029
    3   0.001    0.053    0.894    0.042    0.010    0.000
    4   0.032    0.047    0.033    0.824    0.012    0.052
    5   0.014    0.027    0.016    0.023    0.904    0.016
    6   0.065    0.035    0.000    0.063    0.007    0.830


Classification Probabilities for the Most Likely Latent Class Membership (Column)
by Latent Class (Row)

           1        2        3        4        5        6

    1   0.868    0.000    0.001    0.051    0.005    0.075
    2   0.000    0.871    0.033    0.058    0.007    0.031
    3   0.003    0.076    0.854    0.061    0.006    0.000
    4   0.021    0.037    0.023    0.865    0.005    0.049
    5   0.019    0.041    0.021    0.052    0.845    0.021
    6   0.046    0.033    0.000    0.072    0.005    0.844


Logits for the Classification Probabilities for the Most Likely Latent Class Membership (Column)
by Latent Class (Row)

              1        2        3        4        5        6

    1      2.443   -6.895   -4.676   -0.396   -2.728    0.000
    2    -10.358    3.319    0.050    0.603   -1.460    0.000
    3      2.841    6.143    8.559    5.919    3.672    0.000
    4     -0.850   -0.259   -0.757    2.879   -2.234    0.000
    5     -0.111    0.660   -0.001    0.888    3.676    0.000
    6     -2.903   -3.244  -13.646   -2.464   -5.128    0.000


MODEL RESULTS

                                                    Two-Tailed
                    Estimate       S.E.  Est./S.E.    P-Value

Latent Class 1

 COMBACC    ON
    F9AGE              0.256      0.016     15.774      0.000
    G                  0.993      0.015     64.509      0.000

 NARAACC    ON
    F9AGE              1.430      0.006    257.465      0.000
    G                  5.262      0.006    929.312      0.000

 NARACOMP   ON
    F9AGE              0.505      0.030     16.936      0.000
    G                  1.783      0.027     65.257      0.000

 WOLDCOMP   ON
    F8AGE              0.029      0.018      1.637      0.102
    G                  0.164      0.010     16.108      0.000

 NARACOMP WITH
    NARAACC            0.000      0.000    999.000    999.000
    COMBACC            0.000      0.000    999.000    999.000
    WOLDCOMP           0.000      0.000    999.000    999.000

 NARAACC  WITH
    COMBACC            0.000      0.000    999.000    999.000
    WOLDCOMP           0.000      0.000    999.000    999.000

 COMBACC  WITH
    WOLDCOMP           0.000      0.000    999.000    999.000

 F9AGE    WITH
    F8AGE              0.683      0.210      3.250      0.001

 Means
    F8AGE            102.998      0.104    987.023      0.000
    F9AGE            118.285      0.229    517.633      0.000

 Intercepts
    NARACOMP         -32.001      3.657     -8.750      0.000
    NARAACC         -104.578      0.676   -154.783      0.000
    COMBACC          -14.585      1.926     -7.574      0.000
    WOLDCOMP           4.584      1.837      2.496      0.013

 Variances
    F8AGE              4.156      0.212     19.579      0.000
    F9AGE             13.611      0.564     24.150      0.000

 Residual Variances
    NARACOMP          14.251      1.219     11.688      0.000
    NARAACC            0.234      0.023     10.256      0.000
    COMBACC            2.842      0.274     10.376      0.000
    WOLDCOMP           3.045      0.234     12.995      0.000

Latent Class 2

 COMBACC    ON
    F9AGE              0.256      0.016     15.774      0.000
    G                  0.993      0.015     64.509      0.000

 NARAACC    ON
    F9AGE              1.430      0.006    257.465      0.000
    G                  5.262      0.006    929.312      0.000

 NARACOMP   ON
    F9AGE              0.505      0.030     16.936      0.000
    G                  1.783      0.027     65.257      0.000

 WOLDCOMP   ON
    F8AGE              0.029      0.018      1.637      0.102
    G                  0.164      0.010     16.108      0.000

 NARACOMP WITH
    NARAACC            0.000      0.000    999.000    999.000
    COMBACC            0.000      0.000    999.000    999.000
    WOLDCOMP           0.000      0.000    999.000    999.000

 NARAACC  WITH
    COMBACC            0.000      0.000    999.000    999.000
    WOLDCOMP           0.000      0.000    999.000    999.000

 COMBACC  WITH
    WOLDCOMP           0.000      0.000    999.000    999.000

 F9AGE    WITH
    F8AGE              0.683      0.210      3.250      0.001

 Means
    F8AGE            102.928      0.103    999.341      0.000
    F9AGE            118.524      0.176    675.174      0.000

 Intercepts
    NARACOMP         -34.461      3.541     -9.733      0.000
    NARAACC         -102.796      0.661   -155.470      0.000
    COMBACC          -20.174      1.922    -10.495      0.000
    WOLDCOMP           4.905      1.829      2.682      0.007

 Variances
    F8AGE              4.156      0.212     19.579      0.000
    F9AGE             13.611      0.564     24.150      0.000

 Residual Variances
    NARACOMP           5.456      0.502     10.878      0.000
    NARAACC            0.118      0.012     10.124      0.000
    COMBACC            1.943      0.131     14.885      0.000
    WOLDCOMP           2.996      0.205     14.597      0.000

Latent Class 3

 COMBACC    ON
    F9AGE              0.256      0.016     15.774      0.000
    G                  0.993      0.015     64.509      0.000

 NARAACC    ON
    F9AGE              1.430      0.006    257.465      0.000
    G                  5.262      0.006    929.312      0.000

 NARACOMP   ON
    F9AGE              0.505      0.030     16.936      0.000
    G                  1.783      0.027     65.257      0.000

 WOLDCOMP   ON
    F8AGE              0.029      0.018      1.637      0.102
    G                  0.164      0.010     16.108      0.000

 NARACOMP WITH
    NARAACC            0.000      0.000    999.000    999.000
    COMBACC            0.000      0.000    999.000    999.000
    WOLDCOMP           0.000      0.000    999.000    999.000

 NARAACC  WITH
    COMBACC            0.000      0.000    999.000    999.000
    WOLDCOMP           0.000      0.000    999.000    999.000

 COMBACC  WITH
    WOLDCOMP           0.000      0.000    999.000    999.000

 F9AGE    WITH
    F8AGE              0.683      0.210      3.250      0.001

 Means
    F8AGE            103.104      0.113    915.969      0.000
    F9AGE            118.356      0.229    516.243      0.000

 Intercepts
    NARACOMP         -41.181      3.511    -11.730      0.000
    NARAACC         -102.213      0.675   -151.393      0.000
    COMBACC          -18.697      2.104     -8.886      0.000
    WOLDCOMP           3.544      1.839      1.927      0.054

 Variances
    F8AGE              4.156      0.212     19.579      0.000
    F9AGE             13.611      0.564     24.150      0.000

 Residual Variances
    NARACOMP           8.741      1.434      6.098      0.000
    NARAACC            0.365      0.056      6.505      0.000
    COMBACC            7.010      0.596     11.758      0.000
    WOLDCOMP           2.618      0.287      9.129      0.000

Latent Class 4

 COMBACC    ON
    F9AGE              0.256      0.016     15.774      0.000
    G                  0.993      0.015     64.509      0.000

 NARAACC    ON
    F9AGE              1.430      0.006    257.465      0.000
    G                  5.262      0.006    929.312      0.000

 NARACOMP   ON
    F9AGE              0.505      0.030     16.936      0.000
    G                  1.783      0.027     65.257      0.000

 WOLDCOMP   ON
    F8AGE              0.029      0.018      1.637      0.102
    G                  0.164      0.010     16.108      0.000

 NARACOMP WITH
    NARAACC            0.000      0.000    999.000    999.000
    COMBACC            0.000      0.000    999.000    999.000
    WOLDCOMP           0.000      0.000    999.000    999.000

 NARAACC  WITH
    COMBACC            0.000      0.000    999.000    999.000
    WOLDCOMP           0.000      0.000    999.000    999.000

 COMBACC  WITH
    WOLDCOMP           0.000      0.000    999.000    999.000

 F9AGE    WITH
    F8AGE              0.683      0.210      3.250      0.001

 Means
    F8AGE            102.844      0.085   1205.971      0.000
    F9AGE            118.202      0.176    670.628      0.000

 Intercepts
    NARACOMP         -36.574      3.430    -10.662      0.000
    NARAACC         -103.409      0.677   -152.702      0.000
    COMBACC          -16.609      1.928     -8.613      0.000
    WOLDCOMP           3.937      1.819      2.164      0.030

 Variances
    F8AGE              4.156      0.212     19.579      0.000
    F9AGE             13.611      0.564     24.150      0.000

 Residual Variances
    NARACOMP           4.101      0.480      8.541      0.000
    NARAACC            0.096      0.010      9.248      0.000
    COMBACC            1.404      0.154      9.123      0.000
    WOLDCOMP           2.993      0.235     12.715      0.000

Latent Class 5

 COMBACC    ON
    F9AGE              0.256      0.016     15.774      0.000
    G                  0.993      0.015     64.509      0.000

 NARAACC    ON
    F9AGE              1.430      0.006    257.465      0.000
    G                  5.262      0.006    929.312      0.000

 NARACOMP   ON
    F9AGE              0.505      0.030     16.936      0.000
    G                  1.783      0.027     65.257      0.000

 WOLDCOMP   ON
    F8AGE              0.029      0.018      1.637      0.102
    G                  0.164      0.010     16.108      0.000

 NARACOMP WITH
    NARAACC            0.000      0.000    999.000    999.000
    COMBACC            0.000      0.000    999.000    999.000
    WOLDCOMP           0.000      0.000    999.000    999.000

 NARAACC  WITH
    COMBACC            0.000      0.000    999.000    999.000
    WOLDCOMP           0.000      0.000    999.000    999.000

 COMBACC  WITH
    WOLDCOMP           0.000      0.000    999.000    999.000

 F9AGE    WITH
    F8AGE              0.683      0.210      3.250      0.001

 Means
    F8AGE            114.764      0.504    227.638      0.000
    F9AGE            123.113      0.735    167.569      0.000

 Intercepts
    NARACOMP         -35.313      3.728     -9.473      0.000
    NARAACC         -103.209      0.689   -149.747      0.000
    COMBACC          -17.659      2.017     -8.753      0.000
    WOLDCOMP           4.680      2.051      2.281      0.023

 Variances
    F8AGE              4.156      0.212     19.579      0.000
    F9AGE             13.611      0.564     24.150      0.000

 Residual Variances
    NARACOMP          21.545      2.805      7.681      0.000
    NARAACC            0.708      0.086      8.268      0.000
    COMBACC            6.012      0.605      9.934      0.000
    WOLDCOMP           3.892      0.436      8.924      0.000

Latent Class 6

 COMBACC    ON
    F9AGE              0.256      0.016     15.774      0.000
    G                  0.993      0.015     64.509      0.000

 NARAACC    ON
    F9AGE              1.430      0.006    257.465      0.000
    G                  5.262      0.006    929.312      0.000

 NARACOMP   ON
    F9AGE              0.505      0.030     16.936      0.000
    G                  1.783      0.027     65.257      0.000

 WOLDCOMP   ON
    F8AGE              0.029      0.018      1.637      0.102
    G                  0.164      0.010     16.108      0.000

 NARACOMP WITH
    NARAACC            0.000      0.000    999.000    999.000
    COMBACC            0.000      0.000    999.000    999.000
    WOLDCOMP           0.000      0.000    999.000    999.000

 NARAACC  WITH
    COMBACC            0.000      0.000    999.000    999.000
    WOLDCOMP           0.000      0.000    999.000    999.000

 COMBACC  WITH
    WOLDCOMP           0.000      0.000    999.000    999.000

 F9AGE    WITH
    F8AGE              0.683      0.210      3.250      0.001

 Means
    F8AGE            102.769      0.092   1111.540      0.000
    F9AGE            118.430      0.202    585.340      0.000

 Intercepts
    NARACOMP         -30.946      3.443     -8.989      0.000
    NARAACC         -103.845      0.658   -157.723      0.000
    COMBACC          -18.014      1.897     -9.498      0.000
    WOLDCOMP           5.165      1.816      2.845      0.004

 Variances
    F8AGE              4.156      0.212     19.579      0.000
    F9AGE             13.611      0.564     24.150      0.000

 Residual Variances
    NARACOMP           4.483      0.430     10.425      0.000
    NARAACC            0.096      0.009     10.469      0.000
    COMBACC            1.597      0.162      9.847      0.000
    WOLDCOMP           3.619      0.295     12.284      0.000

Categorical Latent Variables

 Means
    C#1               -0.133      0.148     -0.898      0.369
    C#2                0.122      0.137      0.896      0.370
    C#3               -0.299      0.209     -1.431      0.153
    C#4                0.273      0.150      1.813      0.070
    C#5               -1.124      0.141     -7.961      0.000


QUALITY OF NUMERICAL RESULTS

     Condition Number for the Information Matrix              0.122E-08
       (ratio of smallest to largest eigenvalue)


TECHNICAL 7 OUTPUT


     SAMPLE STATISTICS WEIGHTED BY ESTIMATED CLASS PROBABILITIES FOR CLASS 1


           Means
              NARACOMP      NARAACC       COMBACC       WOLDCOMP      F8AGE
              ________      ________      ________      ________      ________
               26.914        62.191        15.272         7.512       102.991


           Means
              F9AGE         G
              ________      ________
              118.285        -0.461


           Covariances
              NARACOMP      NARAACC       COMBACC       WOLDCOMP      F8AGE
              ________      ________      ________      ________      ________
 NARACOMP      46.210
 NARAACC       83.822       223.933
 COMBACC        9.991        33.938         7.754
 WOLDCOMP       5.166         7.626         1.069         3.278
 F8AGE         12.499        15.193         2.649        -0.065         4.120
 F9AGE          0.339        -1.059        -0.438        -1.537       -13.210
 G             16.022        42.669         6.588         1.895         6.684


           Covariances
              F9AGE         G
              ________      ________
 F9AGE         13.761
 G             -3.937         9.152


     SAMPLE STATISTICS WEIGHTED BY ESTIMATED CLASS PROBABILITIES FOR CLASS 2


           Means
              NARACOMP      NARAACC       COMBACC       WOLDCOMP      F8AGE
              ________      ________      ________      ________      ________
               23.098        59.957         8.946         7.745       102.911


           Means
              F9AGE         G
              ________      ________
              118.524        -1.290


           Covariances
              NARACOMP      NARAACC       COMBACC       WOLDCOMP      F8AGE
              ________      ________      ________      ________      ________
 NARACOMP      73.119
 NARAACC      197.787       580.328
 COMBACC       37.040       112.881        23.691
 WOLDCOMP      10.897        29.197         5.381         3.603
 F8AGE         56.268       148.414        23.570         0.134         3.692
 F9AGE          2.148         6.744         1.198        -2.979       -34.304
 G             37.112       108.541        21.193         6.349        37.459


           Covariances
              F9AGE         G
              ________      ________
 F9AGE         12.178
 G             -2.033        21.202


     SAMPLE STATISTICS WEIGHTED BY ESTIMATED CLASS PROBABILITIES FOR CLASS 3


           Means
              NARACOMP      NARAACC       COMBACC       WOLDCOMP      F8AGE
              ________      ________      ________      ________      ________
               20.907        73.916        12.953         6.805       103.094


           Means
              F9AGE         G
              ________      ________
              118.356         1.298


           Covariances
              NARACOMP      NARAACC       COMBACC       WOLDCOMP      F8AGE
              ________      ________      ________      ________      ________
 NARACOMP      41.661
 NARAACC      110.694       369.296
 COMBACC       19.645        75.280        22.299
 WOLDCOMP       6.825        18.004         3.604         2.905
 F8AGE         45.593       116.216        22.330         0.193         3.829
 F9AGE         -0.104        -1.096        -0.479        -1.934       -19.403
 G             21.100        70.301        14.645         3.960        27.603


           Covariances
              F9AGE         G
              ________      ________
 F9AGE         12.016
 G             -3.481        14.288


     SAMPLE STATISTICS WEIGHTED BY ESTIMATED CLASS PROBABILITIES FOR CLASS 4


           Means
              NARACOMP      NARAACC       COMBACC       WOLDCOMP      F8AGE
              ________      ________      ________      ________      ________
               24.032        68.354        14.219         7.046       102.831


           Means
              F9AGE         G
              ________      ________
              118.202         0.510


           Covariances
              NARACOMP      NARAACC       COMBACC       WOLDCOMP      F8AGE
              ________      ________      ________      ________      ________
 NARACOMP      43.080
 NARAACC      117.570       356.591
 COMBACC       21.446        68.083        13.920
 WOLDCOMP       5.375        15.696         3.096         3.319
 F8AGE         24.232        85.510        15.370        -0.143         3.657
 F9AGE          1.699         3.121         0.344        -2.335       -26.973
 G             21.911        66.811        12.865         3.604        23.528


           Covariances
              F9AGE         G
              ________      ________
 F9AGE         11.953
 G             -2.653        13.400


     SAMPLE STATISTICS WEIGHTED BY ESTIMATED CLASS PROBABILITIES FOR CLASS 5


           Means
              NARACOMP      NARAACC       COMBACC       WOLDCOMP      F8AGE
              ________      ________      ________      ________      ________
               23.820        63.913        12.244         7.781       114.691


           Means
              F9AGE         G
              ________      ________
              123.113        -1.707


           Covariances
              NARACOMP      NARAACC       COMBACC       WOLDCOMP      F8AGE
              ________      ________      ________      ________      ________
 NARACOMP      74.926
 NARAACC      165.932       530.020
 COMBACC       32.724       104.252        26.305
 WOLDCOMP       7.949        11.073         3.100         4.327
 F8AGE        -20.594       -45.584        -0.251         0.170        11.967
 F9AGE          3.776        19.599         2.918       -10.538      -161.829
 G             30.988        95.167        19.256         5.070        35.280


           Covariances
              F9AGE         G
              ________      ________
 F9AGE         31.228
 G             -4.833        19.400


     SAMPLE STATISTICS WEIGHTED BY ESTIMATED CLASS PROBABILITIES FOR CLASS 6


           Means
              NARACOMP      NARAACC       COMBACC       WOLDCOMP      F8AGE
              ________      ________      ________      ________      ________
               30.260        69.676        13.121         8.310       102.757


           Means
              F9AGE         G
              ________      ________
              118.430         0.783


           Covariances
              NARACOMP      NARAACC       COMBACC       WOLDCOMP      F8AGE
              ________      ________      ________      ________      ________
 NARACOMP      50.023
 NARAACC      127.600       358.354
 COMBACC       22.682        67.092        14.083
 WOLDCOMP       6.753        16.046         3.093         4.009
 F8AGE         24.168        60.435        12.596        -0.062         3.339
 F9AGE          0.799         1.909         0.299        -2.599       -25.417
 G             24.124        67.669        12.726         3.761        18.533


           Covariances
              F9AGE         G
              ________      ________
 F9AGE         12.735
 G             -3.097        13.721


TECHNICAL 11 OUTPUT

     Random Starts Specifications for the k-1 Class Analysis Model
        Number of initial stage random starts                  20
        Number of final stage optimizations                     4



     VUONG-LO-MENDELL-RUBIN LIKELIHOOD RATIO TEST FOR 5 (H0) VERSUS 6 CLASSES

          H0 Loglikelihood Value                       -42505.800
          2 Times the Loglikelihood Difference            751.901
          Difference in the Number of Parameters               11
          Mean                                            -13.809
          Standard Deviation                              228.125
          P-Value                                          0.0019

     LO-MENDELL-RUBIN ADJUSTED LRT TEST

          Value                                           743.595
          P-Value                                          0.0020


PLOT INFORMATION

The following plots are available:

  Histograms (sample values, estimated values, residuals)
  Scatterplots (sample values, estimated values, residuals)
  Estimated overall and class-specific distributions
  Estimated probabilities for a categorical latent variable as a
    function of its covariates

     Beginning Time:  11:27:37
        Ending Time:  11:27:44
       Elapsed Time:  00:00:07



MUTHEN & MUTHEN
3463 Stoner Ave.
Los Angeles, CA  90066

Tel: (310) 391-9971
Fax: (310) 391-8971
Web: www.StatModel.com
Support: Support@StatModel.com

Copyright (c) 1998-2020 Muthen & Muthen
