Mplus VERSION 8.5
MUTHEN & MUTHEN
08/18/2021   1:03 PM

INPUT INSTRUCTIONS

  TITLE:
   Model 4 (LPA and G covariate): 8 classes;
  DATA:
  FILE = "mplus_models/simpview/shape/lpa4_1class_de1b3854e8a32ccc95df154eccc810fd.dat";

  VARIABLE:
  NAMES = NARACOMP NARAACC COMBACC WOLDCOMP F8AGE F9AGE G CIDB3153;
   MISSING=.;
    idvariable = cidb3153; classes = c(8);
  ANALYSIS:
   estimator = mlr; type = mixture;
                                                     starts = 0;
                                                     optseed = 877722;
                                                     k-1starts = 2000 500;
  MODEL:
  %OVERALL%
             f8age; f9age;
             combAcc naraAcc naraComp on f9age;
             woldcomp on f8age;

    naraComp naraAcc combAcc woldComp;

    [naraComp naraAcc combAcc woldComp];
                combAcc naraAcc naraComp woldComp ON G;

    naraComp with naraAcc@0;
    naraComp with combAcc@0;
    naraComp with woldComp@0;
    naraAcc with combAcc@0;
    naraAcc with woldComp@0;
    combAcc with woldComp@0;
   %c#1%

    naraComp naraAcc combAcc woldComp;
    [naraComp naraAcc combAcc woldComp];
   %c#2%

    naraComp naraAcc combAcc woldComp;
    [naraComp naraAcc combAcc woldComp];
   %c#3%

    naraComp naraAcc combAcc woldComp;
    [naraComp naraAcc combAcc woldComp];
   %c#4%

    naraComp naraAcc combAcc woldComp;
    [naraComp naraAcc combAcc woldComp];
   %c#5%

    naraComp naraAcc combAcc woldComp;
    [naraComp naraAcc combAcc woldComp];
   %c#6%

    naraComp naraAcc combAcc woldComp;
    [naraComp naraAcc combAcc woldComp];
   %c#7%

    naraComp naraAcc combAcc woldComp;
    [naraComp naraAcc combAcc woldComp];
   %c#8%

    naraComp naraAcc combAcc woldComp;
    [naraComp naraAcc combAcc woldComp];
  OUTPUT:
   TECH7 TECH11;
  PLOT:
  TYPE = PLOT3;



INPUT READING TERMINATED NORMALLY




Model 4 (LPA and G covariate): 8 classes;

SUMMARY OF ANALYSIS

Number of groups                                                 1
Number of observations                                        3423

Number of dependent variables                                    4
Number of independent variables                                  3
Number of continuous latent variables                            0
Number of categorical latent variables                           1

Observed dependent variables

  Continuous
   NARACOMP    NARAACC     COMBACC     WOLDCOMP

Observed independent variables
   F8AGE       F9AGE       G

Categorical latent variables
   C

Variables with special functions

  ID variable           CIDB3153

Estimator                                                      MLR
Information matrix                                        OBSERVED
Optimization Specifications for the Quasi-Newton Algorithm for
Continuous Outcomes
  Maximum number of iterations                                 100
  Convergence criterion                                  0.100D-05
Optimization Specifications for the EM Algorithm
  Maximum number of iterations                                 500
  Convergence criteria
    Loglikelihood change                                 0.100D-06
    Relative loglikelihood change                        0.100D-06
    Derivative                                           0.100D-05
Optimization Specifications for the M step of the EM Algorithm for
Categorical Latent variables
  Number of M step iterations                                    1
  M step convergence criterion                           0.100D-05
  Basis for M step termination                           ITERATION
Optimization Specifications for the M step of the EM Algorithm for
Censored, Binary or Ordered Categorical (Ordinal), Unordered
Categorical (Nominal) and Count Outcomes
  Number of M step iterations                                    1
  M step convergence criterion                           0.100D-05
  Basis for M step termination                           ITERATION
  Maximum value for logit thresholds                            15
  Minimum value for logit thresholds                           -15
  Minimum expected cell size for chi-square              0.100D-01
Maximum number of iterations for H1                           2000
Convergence criterion for H1                             0.100D-03
Optimization algorithm                                         EMA
Random Starts Specifications
  Random seed for analysis                                  877722

Input data file(s)
  mplus_models/simpview/shape/lpa4_1class_de1b3854e8a32ccc95df154eccc810fd.dat
Input data format  FREE


SUMMARY OF DATA

     Number of missing data patterns             5
     Number of y missing data patterns           5
     Number of u missing data patterns           0


COVARIANCE COVERAGE OF DATA

Minimum covariance coverage value   0.100


     PROPORTION OF DATA PRESENT FOR Y


           Covariance Coverage
              NARACOMP      NARAACC       COMBACC       WOLDCOMP      F8AGE
              ________      ________      ________      ________      ________
 NARACOMP       1.000
 NARAACC        1.000         1.000
 COMBACC        0.996         0.996         0.996
 WOLDCOMP       0.852         0.852         0.850         0.852
 F8AGE          0.861         0.861         0.858         0.852         0.861
 F9AGE          1.000         1.000         0.996         0.852         0.861
 G              1.000         1.000         0.996         0.852         0.861


           Covariance Coverage
              F9AGE         G
              ________      ________
 F9AGE          1.000
 G              1.000         1.000



UNIVARIATE SAMPLE STATISTICS


     UNIVARIATE HIGHER-ORDER MOMENT DESCRIPTIVE STATISTICS

         Variable/         Mean/     Skewness/   Minimum/ % with                Percentiles
        Sample Size      Variance    Kurtosis    Maximum  Min/Max      20%/60%    40%/80%    Median

     NARACOMP             25.018      -0.273       0.000    0.09%      18.000     23.000     25.000
            3423.000      62.018      -0.237      44.000    0.03%      28.000     32.000
     NARAACC              66.334      -0.525       0.000    0.06%      48.000     62.000     69.000
            3423.000     417.180      -0.469     100.000    0.06%      76.000     86.000
     COMBACC              12.788      -0.783       0.000    1.44%       9.000     13.000     14.000
            3408.000      21.534      -0.011      20.000    1.44%      15.000     17.000
     WOLDCOMP              7.517       0.082       2.000    0.41%       6.000      7.000      7.000
            2917.000       3.758       0.190      15.000    0.03%       8.000      9.000
     F8AGE               103.533       2.579      94.000    0.03%     102.000    102.000    103.000
            2947.000      11.227       8.561     126.000    0.03%     103.000    105.000
     F9AGE               118.643       1.305     105.000    0.03%     116.000    117.000    118.000
            3423.000      14.907       2.626     139.000    0.06%     119.000    121.000
     G                     0.000      -0.561     -14.876    0.03%      -3.449     -0.763      0.570
            3423.000      15.859      -0.245       7.123    0.03%       1.671      3.731


THE MODEL ESTIMATION TERMINATED NORMALLY



MODEL FIT INFORMATION

Number of Free Parameters                       98

Loglikelihood

          H0 Value                      -41593.646
          H0 Scaling Correction Factor      1.5072
            for MLR

Information Criteria

          Akaike (AIC)                   83383.291
          Bayesian (BIC)                 83984.842
          Sample-Size Adjusted BIC       83673.450
            (n* = (n + 2) / 24)



FINAL CLASS COUNTS AND PROPORTIONS FOR THE LATENT CLASSES
BASED ON THE ESTIMATED MODEL

    Latent
   Classes

       1        471.94407          0.13787
       2        303.03747          0.08853
       3        521.90359          0.15247
       4        448.42734          0.13100
       5        396.93978          0.11596
       6        630.07821          0.18407
       7        200.33232          0.05853
       8        450.33721          0.13156


FINAL CLASS COUNTS AND PROPORTIONS FOR THE LATENT CLASSES
BASED ON ESTIMATED POSTERIOR PROBABILITIES

    Latent
   Classes

       1        471.94407          0.13787
       2        303.03747          0.08853
       3        521.90359          0.15247
       4        448.42734          0.13100
       5        396.93978          0.11596
       6        630.07821          0.18407
       7        200.33232          0.05853
       8        450.33721          0.13156


FINAL CLASS COUNTS AND PROPORTIONS FOR THE LATENT CLASSES
BASED ON THEIR MOST LIKELY LATENT CLASS MEMBERSHIP

Class Counts and Proportions

    Latent
   Classes

       1              490          0.14315
       2              286          0.08355
       3              518          0.15133
       4              471          0.13760
       5              380          0.11101
       6              643          0.18785
       7              183          0.05346
       8              452          0.13205


CLASSIFICATION QUALITY

     Entropy                         0.829


Average Latent Class Probabilities for Most Likely Latent Class Membership (Row)
by Latent Class (Column)

           1        2        3        4        5        6        7        8

    1   0.809    0.001    0.041    0.039    0.000    0.052    0.009    0.048
    2   0.000    0.882    0.000    0.000    0.000    0.062    0.015    0.040
    3   0.032    0.000    0.870    0.026    0.045    0.017    0.009    0.000
    4   0.035    0.000    0.047    0.828    0.056    0.000    0.008    0.026
    5   0.000    0.000    0.048    0.040    0.907    0.000    0.003    0.001
    6   0.035    0.045    0.015    0.000    0.000    0.875    0.012    0.018
    7   0.007    0.008    0.007    0.012    0.008    0.021    0.925    0.012
    8   0.041    0.044    0.000    0.019    0.001    0.025    0.011    0.860


Classification Probabilities for the Most Likely Latent Class Membership (Column)
by Latent Class (Row)

           1        2        3        4        5        6        7        8

    1   0.840    0.000    0.035    0.035    0.000    0.047    0.003    0.040
    2   0.001    0.833    0.000    0.000    0.000    0.096    0.005    0.066
    3   0.038    0.000    0.863    0.042    0.035    0.018    0.003    0.000
    4   0.042    0.000    0.031    0.870    0.034    0.000    0.005    0.019
    5   0.000    0.000    0.059    0.067    0.869    0.000    0.004    0.001
    6   0.041    0.028    0.014    0.000    0.000    0.893    0.006    0.018
    7   0.023    0.022    0.024    0.018    0.006    0.038    0.845    0.024
    8   0.053    0.026    0.000    0.028    0.001    0.026    0.005    0.863


Logits for the Classification Probabilities for the Most Likely Latent Class Membership (Column)
by Latent Class (Row)

              1        2        3        4        5        6        7        8

    1      3.055  -10.587   -0.119   -0.125  -10.587    0.181   -2.750    0.000
    2     -4.107    2.541   -8.340   -7.535   -8.941    0.380   -2.666    0.000
    3      8.576   -1.982   11.687    8.673    8.480    7.823    5.883    0.000
    4      0.816   -9.838    0.489    3.837    0.590   -9.804   -1.318    0.000
    5     -1.157   -7.229    3.756    3.880    6.446   -6.166    1.032    0.000
    6      0.838    0.466   -0.229   -6.430   -9.777    3.926   -1.067    0.000
    7     -0.072   -0.095   -0.011   -0.315   -1.322    0.457    3.554    0.000
    8     -2.798   -3.516  -11.919   -3.445   -6.587   -3.520   -5.191    0.000


MODEL RESULTS

                                                    Two-Tailed
                    Estimate       S.E.  Est./S.E.    P-Value

Latent Class 1

 COMBACC    ON
    F9AGE              0.262      0.028      9.508      0.000
    G                  0.971      0.020     49.105      0.000

 NARAACC    ON
    F9AGE              1.428      0.011    133.506      0.000
    G                  5.273      0.007    761.281      0.000

 NARACOMP   ON
    F9AGE              0.513      0.039     13.016      0.000
    G                  1.759      0.029     61.427      0.000

 WOLDCOMP   ON
    F8AGE              0.028      0.018      1.579      0.114
    G                  0.160      0.010     15.300      0.000

 NARACOMP WITH
    NARAACC            0.000      0.000    999.000    999.000
    COMBACC            0.000      0.000    999.000    999.000
    WOLDCOMP           0.000      0.000    999.000    999.000

 NARAACC  WITH
    COMBACC            0.000      0.000    999.000    999.000
    WOLDCOMP           0.000      0.000    999.000    999.000

 COMBACC  WITH
    WOLDCOMP           0.000      0.000    999.000    999.000

 F9AGE    WITH
    F8AGE              0.674      0.209      3.217      0.001

 Means
    F8AGE            102.966      0.135    762.649      0.000
    F9AGE            118.671      0.238    498.477      0.000

 Intercepts
    NARACOMP         -35.840      4.970     -7.211      0.000
    NARAACC         -103.106      1.307    -78.900      0.000
    COMBACC          -18.580      3.423     -5.429      0.000
    WOLDCOMP           4.527      1.834      2.468      0.014

 Variances
    F8AGE              4.176      0.211     19.839      0.000
    F9AGE             13.653      0.564     24.187      0.000

 Residual Variances
    NARACOMP           1.924      0.223      8.623      0.000
    NARAACC            0.037      0.005      7.150      0.000
    COMBACC            0.642      0.083      7.740      0.000
    WOLDCOMP           3.361      0.306     10.979      0.000

Latent Class 2

 COMBACC    ON
    F9AGE              0.262      0.028      9.508      0.000
    G                  0.971      0.020     49.105      0.000

 NARAACC    ON
    F9AGE              1.428      0.011    133.506      0.000
    G                  5.273      0.007    761.281      0.000

 NARACOMP   ON
    F9AGE              0.513      0.039     13.016      0.000
    G                  1.759      0.029     61.427      0.000

 WOLDCOMP   ON
    F8AGE              0.028      0.018      1.579      0.114
    G                  0.160      0.010     15.300      0.000

 NARACOMP WITH
    NARAACC            0.000      0.000    999.000    999.000
    COMBACC            0.000      0.000    999.000    999.000
    WOLDCOMP           0.000      0.000    999.000    999.000

 NARAACC  WITH
    COMBACC            0.000      0.000    999.000    999.000
    WOLDCOMP           0.000      0.000    999.000    999.000

 COMBACC  WITH
    WOLDCOMP           0.000      0.000    999.000    999.000

 F9AGE    WITH
    F8AGE              0.674      0.209      3.217      0.001

 Means
    F8AGE            103.132      0.151    683.822      0.000
    F9AGE            118.597      0.414    286.304      0.000

 Intercepts
    NARACOMP         -42.347      4.574     -9.258      0.000
    NARAACC         -101.688      1.270    -80.049      0.000
    COMBACC          -20.505      3.252     -6.306      0.000
    WOLDCOMP           3.682      1.838      2.003      0.045

 Variances
    F8AGE              4.176      0.211     19.839      0.000
    F9AGE             13.653      0.564     24.187      0.000

 Residual Variances
    NARACOMP          11.534      2.217      5.203      0.000
    NARAACC            0.257      0.045      5.715      0.000
    COMBACC            6.330      0.850      7.449      0.000
    WOLDCOMP           2.813      0.399      7.055      0.000

Latent Class 3

 COMBACC    ON
    F9AGE              0.262      0.028      9.508      0.000
    G                  0.971      0.020     49.105      0.000

 NARAACC    ON
    F9AGE              1.428      0.011    133.506      0.000
    G                  5.273      0.007    761.281      0.000

 NARACOMP   ON
    F9AGE              0.513      0.039     13.016      0.000
    G                  1.759      0.029     61.427      0.000

 WOLDCOMP   ON
    F8AGE              0.028      0.018      1.579      0.114
    G                  0.160      0.010     15.300      0.000

 NARACOMP WITH
    NARAACC            0.000      0.000    999.000    999.000
    COMBACC            0.000      0.000    999.000    999.000
    WOLDCOMP           0.000      0.000    999.000    999.000

 NARAACC  WITH
    COMBACC            0.000      0.000    999.000    999.000
    WOLDCOMP           0.000      0.000    999.000    999.000

 COMBACC  WITH
    WOLDCOMP           0.000      0.000    999.000    999.000

 F9AGE    WITH
    F8AGE              0.674      0.209      3.217      0.001

 Means
    F8AGE            102.699      0.097   1054.952      0.000
    F9AGE            118.393      0.205    578.319      0.000

 Intercepts
    NARACOMP         -31.201      4.758     -6.558      0.000
    NARAACC         -103.671      1.287    -80.533      0.000
    COMBACC          -18.951      3.331     -5.689      0.000
    WOLDCOMP           5.359      1.820      2.945      0.003

 Variances
    F8AGE              4.176      0.211     19.839      0.000
    F9AGE             13.653      0.564     24.187      0.000

 Residual Variances
    NARACOMP           3.426      0.285     12.025      0.000
    NARAACC            0.105      0.010     10.450      0.000
    COMBACC            1.649      0.185      8.913      0.000
    WOLDCOMP           3.510      0.282     12.451      0.000

Latent Class 4

 COMBACC    ON
    F9AGE              0.262      0.028      9.508      0.000
    G                  0.971      0.020     49.105      0.000

 NARAACC    ON
    F9AGE              1.428      0.011    133.506      0.000
    G                  5.273      0.007    761.281      0.000

 NARACOMP   ON
    F9AGE              0.513      0.039     13.016      0.000
    G                  1.759      0.029     61.427      0.000

 WOLDCOMP   ON
    F8AGE              0.028      0.018      1.579      0.114
    G                  0.160      0.010     15.300      0.000

 NARACOMP WITH
    NARAACC            0.000      0.000    999.000    999.000
    COMBACC            0.000      0.000    999.000    999.000
    WOLDCOMP           0.000      0.000    999.000    999.000

 NARAACC  WITH
    COMBACC            0.000      0.000    999.000    999.000
    WOLDCOMP           0.000      0.000    999.000    999.000

 COMBACC  WITH
    WOLDCOMP           0.000      0.000    999.000    999.000

 F9AGE    WITH
    F8AGE              0.674      0.209      3.217      0.001

 Means
    F8AGE            102.863      0.117    877.863      0.000
    F9AGE            118.115      0.225    525.520      0.000

 Intercepts
    NARACOMP         -36.041      4.600     -7.834      0.000
    NARAACC         -103.670      1.302    -79.599      0.000
    COMBACC          -16.278      3.478     -4.680      0.000
    WOLDCOMP           4.210      1.822      2.310      0.021

 Variances
    F8AGE              4.176      0.211     19.839      0.000
    F9AGE             13.653      0.564     24.187      0.000

 Residual Variances
    NARACOMP           2.770      0.651      4.257      0.000
    NARAACC            0.051      0.011      4.540      0.000
    COMBACC            0.975      0.293      3.330      0.001
    WOLDCOMP           3.232      0.292     11.069      0.000

Latent Class 5

 COMBACC    ON
    F9AGE              0.262      0.028      9.508      0.000
    G                  0.971      0.020     49.105      0.000

 NARAACC    ON
    F9AGE              1.428      0.011    133.506      0.000
    G                  5.273      0.007    761.281      0.000

 NARACOMP   ON
    F9AGE              0.513      0.039     13.016      0.000
    G                  1.759      0.029     61.427      0.000

 WOLDCOMP   ON
    F8AGE              0.028      0.018      1.579      0.114
    G                  0.160      0.010     15.300      0.000

 NARACOMP WITH
    NARAACC            0.000      0.000    999.000    999.000
    COMBACC            0.000      0.000    999.000    999.000
    WOLDCOMP           0.000      0.000    999.000    999.000

 NARAACC  WITH
    COMBACC            0.000      0.000    999.000    999.000
    WOLDCOMP           0.000      0.000    999.000    999.000

 COMBACC  WITH
    WOLDCOMP           0.000      0.000    999.000    999.000

 F9AGE    WITH
    F8AGE              0.674      0.209      3.217      0.001

 Means
    F8AGE            102.988      0.121    850.688      0.000
    F9AGE            118.160      0.371    318.485      0.000

 Intercepts
    NARACOMP         -31.982      4.911     -6.512      0.000
    NARAACC         -104.525      1.317    -79.363      0.000
    COMBACC          -15.186      3.222     -4.713      0.000
    WOLDCOMP           4.795      1.848      2.594      0.009

 Variances
    F8AGE              4.176      0.211     19.839      0.000
    F9AGE             13.653      0.564     24.187      0.000

 Residual Variances
    NARACOMP          13.875      2.173      6.385      0.000
    NARAACC            0.188      0.030      6.355      0.000
    COMBACC            3.275      0.433      7.562      0.000
    WOLDCOMP           2.977      0.282     10.561      0.000

Latent Class 6

 COMBACC    ON
    F9AGE              0.262      0.028      9.508      0.000
    G                  0.971      0.020     49.105      0.000

 NARAACC    ON
    F9AGE              1.428      0.011    133.506      0.000
    G                  5.273      0.007    761.281      0.000

 NARACOMP   ON
    F9AGE              0.513      0.039     13.016      0.000
    G                  1.759      0.029     61.427      0.000

 WOLDCOMP   ON
    F8AGE              0.028      0.018      1.579      0.114
    G                  0.160      0.010     15.300      0.000

 NARACOMP WITH
    NARAACC            0.000      0.000    999.000    999.000
    COMBACC            0.000      0.000    999.000    999.000
    WOLDCOMP           0.000      0.000    999.000    999.000

 NARAACC  WITH
    COMBACC            0.000      0.000    999.000    999.000
    WOLDCOMP           0.000      0.000    999.000    999.000

 COMBACC  WITH
    WOLDCOMP           0.000      0.000    999.000    999.000

 F9AGE    WITH
    F8AGE              0.674      0.209      3.217      0.001

 Means
    F8AGE            102.966      0.110    935.028      0.000
    F9AGE            118.550      0.215    550.264      0.000

 Intercepts
    NARACOMP         -35.629      4.675     -7.620      0.000
    NARAACC         -102.476      1.277    -80.258      0.000
    COMBACC          -21.151      3.304     -6.402      0.000
    WOLDCOMP           4.972      1.829      2.718      0.007

 Variances
    F8AGE              4.176      0.211     19.839      0.000
    F9AGE             13.653      0.564     24.187      0.000

 Residual Variances
    NARACOMP           5.706      0.634      9.002      0.000
    NARAACC            0.105      0.015      7.072      0.000
    COMBACC            1.720      0.154     11.188      0.000
    WOLDCOMP           3.085      0.225     13.728      0.000

Latent Class 7

 COMBACC    ON
    F9AGE              0.262      0.028      9.508      0.000
    G                  0.971      0.020     49.105      0.000

 NARAACC    ON
    F9AGE              1.428      0.011    133.506      0.000
    G                  5.273      0.007    761.281      0.000

 NARACOMP   ON
    F9AGE              0.513      0.039     13.016      0.000
    G                  1.759      0.029     61.427      0.000

 WOLDCOMP   ON
    F8AGE              0.028      0.018      1.579      0.114
    G                  0.160      0.010     15.300      0.000

 NARACOMP WITH
    NARAACC            0.000      0.000    999.000    999.000
    COMBACC            0.000      0.000    999.000    999.000
    WOLDCOMP           0.000      0.000    999.000    999.000

 NARAACC  WITH
    COMBACC            0.000      0.000    999.000    999.000
    WOLDCOMP           0.000      0.000    999.000    999.000

 COMBACC  WITH
    WOLDCOMP           0.000      0.000    999.000    999.000

 F9AGE    WITH
    F8AGE              0.674      0.209      3.217      0.001

 Means
    F8AGE            114.809      0.493    232.858      0.000
    F9AGE            123.046      0.733    167.924      0.000

 Intercepts
    NARACOMP         -36.468      4.876     -7.480      0.000
    NARAACC         -102.948      1.308    -78.690      0.000
    COMBACC          -18.406      3.386     -5.436      0.000
    WOLDCOMP           4.805      2.056      2.336      0.019

 Variances
    F8AGE              4.176      0.211     19.839      0.000
    F9AGE             13.653      0.564     24.187      0.000

 Residual Variances
    NARACOMP          22.634      2.969      7.624      0.000
    NARAACC            0.722      0.085      8.481      0.000
    COMBACC            6.282      0.620     10.128      0.000
    WOLDCOMP           3.870      0.434      8.921      0.000

Latent Class 8

 COMBACC    ON
    F9AGE              0.262      0.028      9.508      0.000
    G                  0.971      0.020     49.105      0.000

 NARAACC    ON
    F9AGE              1.428      0.011    133.506      0.000
    G                  5.273      0.007    761.281      0.000

 NARACOMP   ON
    F9AGE              0.513      0.039     13.016      0.000
    G                  1.759      0.029     61.427      0.000

 WOLDCOMP   ON
    F8AGE              0.028      0.018      1.579      0.114
    G                  0.160      0.010     15.300      0.000

 NARACOMP WITH
    NARAACC            0.000      0.000    999.000    999.000
    COMBACC            0.000      0.000    999.000    999.000
    WOLDCOMP           0.000      0.000    999.000    999.000

 NARAACC  WITH
    COMBACC            0.000      0.000    999.000    999.000
    WOLDCOMP           0.000      0.000    999.000    999.000

 COMBACC  WITH
    WOLDCOMP           0.000      0.000    999.000    999.000

 F9AGE    WITH
    F8AGE              0.674      0.209      3.217      0.001

 Means
    F8AGE            102.916      0.110    932.181      0.000
    F9AGE            118.057      0.218    541.768      0.000

 Intercepts
    NARACOMP         -40.476      4.928     -8.214      0.000
    NARAACC         -102.824      1.262    -81.492      0.000
    COMBACC          -17.070      3.243     -5.263      0.000
    WOLDCOMP           3.778      1.830      2.065      0.039

 Variances
    F8AGE              4.176      0.211     19.839      0.000
    F9AGE             13.653      0.564     24.187      0.000

 Residual Variances
    NARACOMP           3.242      0.407      7.958      0.000
    NARAACC            0.099      0.021      4.779      0.000
    COMBACC            1.669      0.229      7.275      0.000
    WOLDCOMP           2.491      0.273      9.109      0.000

Categorical Latent Variables

 Means
    C#1                0.047      0.193      0.242      0.809
    C#2               -0.396      0.165     -2.406      0.016
    C#3                0.147      0.167      0.883      0.377
    C#4               -0.004      0.143     -0.030      0.976
    C#5               -0.126      0.227     -0.557      0.578
    C#6                0.336      0.129      2.609      0.009
    C#7               -0.810      0.141     -5.746      0.000


QUALITY OF NUMERICAL RESULTS

     Condition Number for the Information Matrix              0.662E-09
       (ratio of smallest to largest eigenvalue)


TECHNICAL 7 OUTPUT


     SAMPLE STATISTICS WEIGHTED BY ESTIMATED CLASS PROBABILITIES FOR CLASS 1


           Means
              NARACOMP      NARAACC       COMBACC       WOLDCOMP      F8AGE
              ________      ________      ________      ________      ________
               25.259        66.925        12.683         7.478       102.950


           Means
              F9AGE         G
              ________      ________
              118.671         0.098


           Covariances
              NARACOMP      NARAACC       COMBACC       WOLDCOMP      F8AGE
              ________      ________      ________      ________      ________
 NARACOMP      48.708
 NARAACC      140.969       425.824
 COMBACC       26.264        80.743        15.620
 WOLDCOMP       7.521        22.091         4.563         3.842
 F8AGE         34.981       115.639        22.562        -0.010         3.940
 F9AGE          2.794         6.325         1.284        -2.630       -31.128
 G             26.010        79.062        14.983         4.900        30.405


           Covariances
              F9AGE         G
              ________      ________
 F9AGE         13.309
 G             -2.403        15.649


     SAMPLE STATISTICS WEIGHTED BY ESTIMATED CLASS PROBABILITIES FOR CLASS 2


           Means
              NARACOMP      NARAACC       COMBACC       WOLDCOMP      F8AGE
              ________      ________      ________      ________      ________
               20.117        72.440        11.528         6.787       103.119


           Means
              F9AGE         G
              ________      ________
              118.597         0.895


           Covariances
              NARACOMP      NARAACC       COMBACC       WOLDCOMP      F8AGE
              ________      ________      ________      ________      ________
 NARACOMP      47.331
 NARAACC      128.153       449.296
 COMBACC       22.179        93.174        25.176
 WOLDCOMP       8.068        21.462         3.853         3.018
 F8AGE         64.069       177.543        27.089         0.201         4.200
 F9AGE          0.396        -0.979        -0.130        -2.376       -27.366
 G             24.232        85.331        17.840         4.719        41.075


           Covariances
              F9AGE         G
              ________      ________
 F9AGE         13.093
 G             -3.728        17.174


     SAMPLE STATISTICS WEIGHTED BY ESTIMATED CLASS PROBABILITIES FOR CLASS 3


           Means
              NARACOMP      NARAACC       COMBACC       WOLDCOMP      F8AGE
              ________      ________      ________      ________      ________
               31.409        70.917        13.138         8.428       102.686


           Means
              F9AGE         G
              ________      ________
              118.393         1.037


           Covariances
              NARACOMP      NARAACC       COMBACC       WOLDCOMP      F8AGE
              ________      ________      ________      ________      ________
 NARACOMP      43.890
 NARAACC      115.583       330.996
 COMBACC       20.485        61.050        12.900
 WOLDCOMP       5.362        13.459         2.580         3.892
 F8AGE         10.913        31.461         6.781        -0.025         3.319
 F9AGE          1.320         2.710         0.607        -2.799       -28.080
 G             21.650        62.146        11.487         3.311        13.655


           Covariances
              F9AGE         G
              ________      ________
 F9AGE         13.017
 G             -3.008        12.624


     SAMPLE STATISTICS WEIGHTED BY ESTIMATED CLASS PROBABILITIES FOR CLASS 4


           Means
              NARACOMP      NARAACC       COMBACC       WOLDCOMP      F8AGE
              ________      ________      ________      ________      ________
               25.097        66.537        15.005         7.155       102.854


           Means
              F9AGE         G
              ________      ________
              118.115         0.282


           Covariances
              NARACOMP      NARAACC       COMBACC       WOLDCOMP      F8AGE
              ________      ________      ________      ________      ________
 NARACOMP      35.828
 NARAACC       97.416       288.366
 COMBACC       16.205        50.531         9.741
 WOLDCOMP       3.400         8.095         1.459         3.365
 F8AGE         12.875        28.139         3.822        -0.420         3.637
 F9AGE          0.764        -0.130        -0.175        -1.814       -17.846
 G             18.276        54.649         9.639         2.023        10.269


           Covariances
              F9AGE         G
              ________      ________
 F9AGE         12.069
 G             -3.293        11.244


     SAMPLE STATISTICS WEIGHTED BY ESTIMATED CLASS PROBABILITIES FOR CLASS 5


           Means
              NARACOMP      NARAACC       COMBACC       WOLDCOMP      F8AGE
              ________      ________      ________      ________      ________
               28.150        62.662        15.536         7.645       102.982


           Means
              F9AGE         G
              ________      ________
              118.160        -0.303


           Covariances
              NARACOMP      NARAACC       COMBACC       WOLDCOMP      F8AGE
              ________      ________      ________      ________      ________
 NARACOMP      45.309
 NARAACC       81.811       214.056
 COMBACC        7.816        29.466         6.948
 WOLDCOMP       4.990         8.405         1.042         3.276
 F8AGE          6.511        18.138         3.289         0.100         4.161
 F9AGE          0.344        -0.972        -0.243        -1.647       -12.583
 G             15.551        40.682         5.669         2.054         6.899


           Covariances
              F9AGE         G
              ________      ________
 F9AGE         13.340
 G             -3.797         8.717


     SAMPLE STATISTICS WEIGHTED BY ESTIMATED CLASS PROBABILITIES FOR CLASS 6


           Means
              NARACOMP      NARAACC       COMBACC       WOLDCOMP      F8AGE
              ________      ________      ________      ________      ________
               22.350        58.217         8.397         7.663       102.949


           Means
              F9AGE         G
              ________      ________
              118.550        -1.641


           Covariances
              NARACOMP      NARAACC       COMBACC       WOLDCOMP      F8AGE
              ________      ________      ________      ________      ________
 NARACOMP      72.443
 NARAACC      197.852       588.800
 COMBACC       35.847       111.195        22.517
 WOLDCOMP      11.266        30.308         5.429         3.664
 F8AGE         65.240       173.388        27.547         0.182         3.706
 F9AGE          2.148         6.450         1.204        -3.147       -36.222
 G             37.055       110.019        20.818         6.599        42.710


           Covariances
              F9AGE         G
              ________      ________
 F9AGE         12.463
 G             -2.160        21.475


     SAMPLE STATISTICS WEIGHTED BY ESTIMATED CLASS PROBABILITIES FOR CLASS 7


           Means
              NARACOMP      NARAACC       COMBACC       WOLDCOMP      F8AGE
              ________      ________      ________      ________      ________
               23.725        63.884        12.289         7.795       114.743


           Means
              F9AGE         G
              ________      ________
              123.046        -1.694


           Covariances
              NARACOMP      NARAACC       COMBACC       WOLDCOMP      F8AGE
              ________      ________      ________      ________      ________
 NARACOMP      75.347
 NARAACC      164.279       526.525
 COMBACC       32.021       103.468        26.392
 WOLDCOMP       8.472        11.693         2.902         4.314
 F8AGE        -13.435       -39.073        -4.317         0.120        11.875
 F9AGE          4.024        19.426         2.974        -9.730      -149.780
 G             30.613        94.532        19.090         4.963        33.150


           Covariances
              F9AGE         G
              ________      ________
 F9AGE         30.937
 G             -4.775        19.257


     SAMPLE STATISTICS WEIGHTED BY ESTIMATED CLASS PROBABILITIES FOR CLASS 8


           Means
              NARACOMP      NARAACC       COMBACC       WOLDCOMP      F8AGE
              ________      ________      ________      ________      ________
               22.124        71.773        15.061         6.872       102.905


           Means
              F9AGE         G
              ________      ________
              118.057         1.130


           Covariances
              NARACOMP      NARAACC       COMBACC       WOLDCOMP      F8AGE
              ________      ________      ________      ________      ________
 NARACOMP      35.871
 NARAACC      101.844       318.767
 COMBACC       17.540        57.726        11.387
 WOLDCOMP       4.168        12.774         2.293         2.779
 F8AGE         12.751        51.234         7.301         0.004         3.511
 F9AGE          0.251         0.091         0.038        -1.844       -21.079
 G             19.231        60.242        10.961         2.906        15.338


           Covariances
              F9AGE         G
              ________      ________
 F9AGE         10.952
 G             -2.952        12.193


TECHNICAL 11 OUTPUT

     Random Starts Specifications for the k-1 Class Analysis Model
        Number of initial stage random starts                2000
        Number of final stage optimizations                   500



     VUONG-LO-MENDELL-RUBIN LIKELIHOOD RATIO TEST FOR 7 (H0) VERSUS 8 CLASSES

          H0 Loglikelihood Value                       -42374.888
          2 Times the Loglikelihood Difference           1562.484
          Difference in the Number of Parameters               11
          Mean                                            -24.809
          Standard Deviation                              256.891
          P-Value                                          0.0000

     LO-MENDELL-RUBIN ADJUSTED LRT TEST

          Value                                          1545.223
          P-Value                                          0.0000


PLOT INFORMATION

The following plots are available:

  Histograms (sample values, estimated values, residuals)
  Scatterplots (sample values, estimated values, residuals)
  Estimated overall and class-specific distributions
  Estimated probabilities for a categorical latent variable as a
    function of its covariates

     Beginning Time:  13:03:24
        Ending Time:  13:05:22
       Elapsed Time:  00:01:58



MUTHEN & MUTHEN
3463 Stoner Ave.
Los Angeles, CA  90066

Tel: (310) 391-9971
Fax: (310) 391-8971
Web: www.StatModel.com
Support: Support@StatModel.com

Copyright (c) 1998-2020 Muthen & Muthen
