Mplus VERSION 8.5
MUTHEN & MUTHEN
06/18/2021  11:52 AM

INPUT INSTRUCTIONS

  TITLE:
  Confirmatory Factor Analysis - Single Factor;
  DATA:
  FILE = "./mplus_models/simpview/cfa/sv_cfa1_90c130e671e09fe7a72347baf3ba3275.dat";

  VARIABLE:
  NAMES = naraComp naraAcc wordAcc nonwAcc woldComp f8age f9age;
   MISSING=.;

  ANALYSIS:
  estimator = mlr; type = general;
  MODEL:
  f8age; f9age;
             read by naraComp naraAcc wordAcc nonwAcc woldComp;
             wordAcc nonwAcc naraAcc naraComp on f9age;
             woldcomp on f8age;
  OUTPUT:
  sampstat; TECH1; TECH4; stdyx; modindices;
  PLOT:
  TYPE = PLOT3;



INPUT READING TERMINATED NORMALLY




Confirmatory Factor Analysis - Single Factor;

SUMMARY OF ANALYSIS

Number of groups                                                 1
Number of observations                                        3423

Number of dependent variables                                    5
Number of independent variables                                  2
Number of continuous latent variables                            1

Observed dependent variables

  Continuous
   NARACOMP    NARAACC     WORDACC     NONWACC     WOLDCOMP

Observed independent variables
   F8AGE       F9AGE

Continuous latent variables
   READ


Estimator                                                      MLR
Information matrix                                        OBSERVED
Maximum number of iterations                                  1000
Convergence criterion                                    0.500D-04
Maximum number of steepest descent iterations                   20
Maximum number of iterations for H1                           2000
Convergence criterion for H1                             0.100D-03

Input data file(s)
  ./mplus_models/simpview/cfa/sv_cfa1_90c130e671e09fe7a72347baf3ba3275.dat

Input data format  FREE


SUMMARY OF DATA

     Number of missing data patterns             7


COVARIANCE COVERAGE OF DATA

Minimum covariance coverage value   0.100


     PROPORTION OF DATA PRESENT


           Covariance Coverage
              NARACOMP      NARAACC       WORDACC       NONWACC       WOLDCOMP
              ________      ________      ________      ________      ________
 NARACOMP       1.000
 NARAACC        1.000         1.000
 WORDACC        0.997         0.997         0.997
 NONWACC        0.996         0.996         0.996         0.996
 WOLDCOMP       0.852         0.852         0.850         0.850         0.852
 F8AGE          0.861         0.861         0.859         0.858         0.852
 F9AGE          1.000         1.000         0.997         0.996         0.852


           Covariance Coverage
              F8AGE         F9AGE
              ________      ________
 F8AGE          0.861
 F9AGE          0.861         1.000


SAMPLE STATISTICS


     ESTIMATED SAMPLE STATISTICS


           Means
              NARACOMP      NARAACC       WORDACC       NONWACC       WOLDCOMP
              ________      ________      ________      ________      ________
               25.018        66.334         7.534         5.229         7.471


           Means
              F8AGE         F9AGE
              ________      ________
              103.622       118.643


           Covariances
              NARACOMP      NARAACC       WORDACC       NONWACC       WOLDCOMP
              ________      ________      ________      ________      ________
 NARACOMP      62.018
 NARAACC      132.691       417.180
 WORDACC       13.927        41.944         6.281
 NONWACC       11.756        37.279         4.624         6.264
 WOLDCOMP       6.318        11.313         1.163         0.898         3.776
 F8AGE         -2.175        -5.087        -0.523        -0.497         0.122
 F9AGE          0.957         2.487         0.075         0.004        -0.388


           Covariances
              F8AGE         F9AGE
              ________      ________
 F8AGE         11.347
 F9AGE          3.251        14.907


           Correlations
              NARACOMP      NARAACC       WORDACC       NONWACC       WOLDCOMP
              ________      ________      ________      ________      ________
 NARACOMP       1.000
 NARAACC        0.825         1.000
 WORDACC        0.706         0.819         1.000
 NONWACC        0.596         0.729         0.737         1.000
 WOLDCOMP       0.413         0.285         0.239         0.185         1.000
 F8AGE         -0.082        -0.074        -0.062        -0.059         0.019
 F9AGE          0.031         0.032         0.008         0.000        -0.052


           Correlations
              F8AGE         F9AGE
              ________      ________
 F8AGE          1.000
 F9AGE          0.250         1.000


     MAXIMUM LOG-LIKELIHOOD VALUE FOR THE UNRESTRICTED (H1) MODEL IS -60550.422


UNIVARIATE SAMPLE STATISTICS


     UNIVARIATE HIGHER-ORDER MOMENT DESCRIPTIVE STATISTICS

         Variable/         Mean/     Skewness/   Minimum/ % with                Percentiles
        Sample Size      Variance    Kurtosis    Maximum  Min/Max      20%/60%    40%/80%    Median

     NARACOMP             25.018      -0.273       0.000    0.09%      18.000     23.000     25.000
            3423.000      62.018      -0.237      44.000    0.03%      28.000     32.000
     NARAACC              66.334      -0.525       0.000    0.06%      48.000     62.000     69.000
            3423.000     417.180      -0.469     100.000    0.06%      76.000     86.000
     WORDACC               7.536      -1.219       0.000    1.93%       6.000      8.000      8.000
            3414.000       6.273       0.849      10.000   23.58%       9.000     10.000
     NONWACC               5.239      -0.308       0.000    4.23%       3.000      5.000      5.000
            3408.000       6.217      -0.688      10.000    1.79%       6.000      8.000
     WOLDCOMP              7.517       0.082       2.000    0.41%       6.000      7.000      7.000
            2917.000       3.758       0.190      15.000    0.03%       8.000      9.000
     F8AGE               103.533       2.579      94.000    0.03%     102.000    102.000    103.000
            2947.000      11.227       8.561     126.000    0.03%     103.000    105.000
     F9AGE               118.643       1.305     105.000    0.03%     116.000    117.000    118.000
            3423.000      14.907       2.626     139.000    0.06%     119.000    121.000


THE MODEL ESTIMATION TERMINATED NORMALLY



MODEL FIT INFORMATION

Number of Free Parameters                       27

Loglikelihood

          H0 Value                      -60862.740
          H0 Scaling Correction Factor      1.2571
            for MLR
          H1 Value                      -60550.422
          H1 Scaling Correction Factor      1.1994
            for MLR

Information Criteria

          Akaike (AIC)                  121779.480
          Bayesian (BIC)                121945.213
          Sample-Size Adjusted BIC      121859.422
            (n* = (n + 2) / 24)

Chi-Square Test of Model Fit

          Value                            621.836*
          Degrees of Freedom                     8
          P-Value                           0.0000
          Scaling Correction Factor         1.0045
            for MLR

*   The chi-square value for MLM, MLMV, MLR, ULSMV, WLSM and WLSMV cannot be used
    for chi-square difference testing in the regular way.  MLM, MLR and WLSM
    chi-square difference testing is described on the Mplus website.  MLMV, WLSMV,
    and ULSMV difference testing is done using the DIFFTEST option.

RMSEA (Root Mean Square Error Of Approximation)

          Estimate                           0.150
          90 Percent C.I.                    0.140  0.160
          Probability RMSEA <= .05           0.000

CFI/TLI

          CFI                                0.944
          TLI                                0.860

Chi-Square Test of Model Fit for the Baseline Model

          Value                          10947.439
          Degrees of Freedom                    20
          P-Value                           0.0000

SRMR (Standardized Root Mean Square Residual)

          Value                              0.032



MODEL RESULTS

                                                    Two-Tailed
                    Estimate       S.E.  Est./S.E.    P-Value

 READ     BY
    NARACOMP           1.000      0.000    999.000    999.000
    NARAACC            2.932      0.030     97.668      0.000
    WORDACC            0.323      0.005     64.080      0.000
    NONWACC            0.287      0.005     56.060      0.000
    WOLDCOMP           0.094      0.006     16.965      0.000

 WORDACC  ON
    F9AGE              0.127      0.034      3.676      0.000

 NONWACC  ON
    F9AGE              0.109      0.031      3.504      0.000

 NARAACC  ON
    F9AGE              1.272      0.306      4.151      0.000

 NARACOMP ON
    F9AGE              0.441      0.101      4.370      0.000

 WOLDCOMP ON
    F8AGE              0.037      0.011      3.303      0.001

 F8AGE    WITH
    READ              -3.165      0.606     -5.225      0.000

 F9AGE    WITH
    READ              -5.618      1.614     -3.481      0.000

 F9AGE    WITH
    F8AGE              3.259      0.421      7.746      0.000

 Means
    F8AGE            103.621      0.067   1550.575      0.000
    F9AGE            118.643      0.066   1797.818      0.000

 Intercepts
    NARACOMP         -27.312     11.978     -2.280      0.023
    NARAACC          -84.539     36.358     -2.325      0.020
    WORDACC           -7.483      4.087     -1.831      0.067
    NONWACC           -7.653      3.678     -2.081      0.037
    WOLDCOMP           3.646      1.159      3.144      0.002

 Variances
    F8AGE             11.351      0.688     16.499      0.000
    F9AGE             14.907      0.548     27.201      0.000
    READ              46.718      1.900     24.592      0.000

 Residual Variances
    NARACOMP          17.356      0.529     32.801      0.000
    NARAACC           33.446      2.623     12.750      0.000
    WORDACC            1.637      0.052     31.683      0.000
    NONWACC            2.578      0.076     33.900      0.000
    WOLDCOMP           3.375      0.092     36.700      0.000


STANDARDIZED MODEL RESULTS


STDYX Standardization

                                                    Two-Tailed
                    Estimate       S.E.  Est./S.E.    P-Value

 READ     BY
    NARACOMP           0.868      0.013     68.910      0.000
    NARAACC            0.981      0.013     73.564      0.000
    WORDACC            0.880      0.013     69.475      0.000
    NONWACC            0.785      0.013     60.081      0.000
    WOLDCOMP           0.329      0.019     17.780      0.000

 WORDACC  ON
    F9AGE              0.195      0.053      3.661      0.000

 NONWACC  ON
    F9AGE              0.168      0.048      3.486      0.000

 NARAACC  ON
    F9AGE              0.240      0.058      4.122      0.000

 NARACOMP ON
    F9AGE              0.216      0.050      4.339      0.000

 WOLDCOMP ON
    F8AGE              0.064      0.020      3.277      0.001

 F8AGE    WITH
    READ              -0.137      0.024     -5.688      0.000

 F9AGE    WITH
    READ              -0.213      0.058     -3.681      0.000

 F9AGE    WITH
    F8AGE              0.251      0.027      9.327      0.000

 Means
    F8AGE             30.757      0.916     33.579      0.000
    F9AGE             30.729      0.555     55.403      0.000

 Intercepts
    NARACOMP          -3.468      1.520     -2.281      0.023
    NARAACC           -4.139      1.779     -2.326      0.020
    WORDACC           -2.986      1.629     -1.833      0.067
    NONWACC           -3.059      1.469     -2.082      0.037
    WOLDCOMP           1.876      0.600      3.128      0.002

 Variances
    F8AGE              1.000      0.000    999.000    999.000
    F9AGE              1.000      0.000    999.000    999.000
    READ               1.000      0.000    999.000    999.000

 Residual Variances
    NARACOMP           0.280      0.010     28.459      0.000
    NARAACC            0.080      0.007     12.223      0.000
    WORDACC            0.261      0.010     26.784      0.000
    NONWACC            0.412      0.013     32.679      0.000
    WOLDCOMP           0.893      0.012     74.857      0.000


R-SQUARE

    Observed                                        Two-Tailed
    Variable        Estimate       S.E.  Est./S.E.    P-Value

    NARACOMP           0.720      0.010     73.234      0.000
    NARAACC            0.920      0.007    140.236      0.000
    WORDACC            0.739      0.010     76.001      0.000
    NONWACC            0.588      0.013     46.656      0.000
    WOLDCOMP           0.107      0.012      8.930      0.000


QUALITY OF NUMERICAL RESULTS

     Condition Number for the Information Matrix              0.897E-08
       (ratio of smallest to largest eigenvalue)


MODEL MODIFICATION INDICES

NOTE:  Modification indices for direct effects of observed dependent variables
regressed on covariates may not be included.  To include these, request
MODINDICES (ALL).

Minimum M.I. value for printing the modification index    10.000

                                   M.I.     E.P.C.  Std E.P.C.  StdYX E.P.C.

ON Statements

NARACOMP ON NARAACC              204.981     0.587      0.587        1.522
NARACOMP ON WORDACC               63.578    -0.692     -0.692       -0.220
NARACOMP ON NONWACC              132.114    -0.632     -0.632       -0.201
NARACOMP ON WOLDCOMP             294.124     0.783      0.783        0.193
NARAACC  ON NARACOMP             204.976     1.131      1.131        0.436
NARAACC  ON WORDACC               52.630    -2.002     -2.002       -0.246
NARAACC  ON NONWACC               20.277    -0.649     -0.649       -0.079
NARAACC  ON WOLDCOMP              37.794    -0.596     -0.596       -0.057
WORDACC  ON NARACOMP              63.578    -0.065     -0.065       -0.205
WORDACC  ON NARAACC               52.629    -0.098     -0.098       -0.798
WORDACC  ON NONWACC              304.075     0.302      0.302        0.301
WORDACC  ON WOLDCOMP              17.767    -0.060     -0.060       -0.046
NONWACC  ON NARACOMP             132.114    -0.094     -0.094       -0.295
NONWACC  ON NARAACC               20.276    -0.050     -0.050       -0.408
NONWACC  ON WORDACC              304.076     0.475      0.475        0.476
NONWACC  ON WOLDCOMP              30.804    -0.094     -0.094       -0.073
WOLDCOMP ON NARACOMP             300.076     0.154      0.154        0.624
WOLDCOMP ON NARAACC               38.164    -0.061     -0.061       -0.637
WOLDCOMP ON WORDACC               18.520    -0.126     -0.126       -0.162
WOLDCOMP ON NONWACC               31.420    -0.125     -0.125       -0.161

WITH Statements

NARAACC  WITH NARACOMP           204.978    19.633     19.633        0.815
WORDACC  WITH NARACOMP            63.579    -1.132     -1.132       -0.212
WORDACC  WITH NARAACC             52.629    -3.276     -3.276       -0.443
NONWACC  WITH NARACOMP           132.114    -1.628     -1.628       -0.243
NONWACC  WITH NARAACC             20.277    -1.672     -1.672       -0.180
NONWACC  WITH WORDACC            304.075     0.778      0.778        0.379
WOLDCOMP WITH NARACOMP           300.078     2.674      2.674        0.349
WOLDCOMP WITH NARAACC             38.162    -2.028     -2.028       -0.191
WOLDCOMP WITH WORDACC             18.519    -0.206     -0.206       -0.088
WOLDCOMP WITH NONWACC             31.420    -0.322     -0.322       -0.109


TECHNICAL 1 OUTPUT


     PARAMETER SPECIFICATION


           NU
              NARACOMP      NARAACC       WORDACC       NONWACC       WOLDCOMP
              ________      ________      ________      ________      ________
                  0             0             0             0             0


           NU
              F8AGE         F9AGE
              ________      ________
                  0             0


           LAMBDA
              READ          NARACOMP      NARAACC       WORDACC       NONWACC
              ________      ________      ________      ________      ________
 NARACOMP           0             0             0             0             0
 NARAACC            0             0             0             0             0
 WORDACC            0             0             0             0             0
 NONWACC            0             0             0             0             0
 WOLDCOMP           0             0             0             0             0
 F8AGE              0             0             0             0             0
 F9AGE              0             0             0             0             0


           LAMBDA
              WOLDCOMP      F8AGE         F9AGE
              ________      ________      ________
 NARACOMP           0             0             0
 NARAACC            0             0             0
 WORDACC            0             0             0
 NONWACC            0             0             0
 WOLDCOMP           0             0             0
 F8AGE              0             0             0
 F9AGE              0             0             0


           THETA
              NARACOMP      NARAACC       WORDACC       NONWACC       WOLDCOMP
              ________      ________      ________      ________      ________
 NARACOMP           0
 NARAACC            0             0
 WORDACC            0             0             0
 NONWACC            0             0             0             0
 WOLDCOMP           0             0             0             0             0
 F8AGE              0             0             0             0             0
 F9AGE              0             0             0             0             0


           THETA
              F8AGE         F9AGE
              ________      ________
 F8AGE              0
 F9AGE              0             0


           ALPHA
              READ          NARACOMP      NARAACC       WORDACC       NONWACC
              ________      ________      ________      ________      ________
                  0             1             2             3             4


           ALPHA
              WOLDCOMP      F8AGE         F9AGE
              ________      ________      ________
                  5             6             7


           BETA
              READ          NARACOMP      NARAACC       WORDACC       NONWACC
              ________      ________      ________      ________      ________
 READ               0             0             0             0             0
 NARACOMP           0             0             0             0             0
 NARAACC            9             0             0             0             0
 WORDACC           11             0             0             0             0
 NONWACC           13             0             0             0             0
 WOLDCOMP          15             0             0             0             0
 F8AGE              0             0             0             0             0
 F9AGE              0             0             0             0             0


           BETA
              WOLDCOMP      F8AGE         F9AGE
              ________      ________      ________
 READ               0             0             0
 NARACOMP           0             0             8
 NARAACC            0             0            10
 WORDACC            0             0            12
 NONWACC            0             0            14
 WOLDCOMP           0            16             0
 F8AGE              0             0             0
 F9AGE              0             0             0


           PSI
              READ          NARACOMP      NARAACC       WORDACC       NONWACC
              ________      ________      ________      ________      ________
 READ              17
 NARACOMP           0            18
 NARAACC            0             0            19
 WORDACC            0             0             0            20
 NONWACC            0             0             0             0            21
 WOLDCOMP           0             0             0             0             0
 F8AGE             23             0             0             0             0
 F9AGE             25             0             0             0             0


           PSI
              WOLDCOMP      F8AGE         F9AGE
              ________      ________      ________
 WOLDCOMP          22
 F8AGE              0            24
 F9AGE              0            26            27


     STARTING VALUES


           NU
              NARACOMP      NARAACC       WORDACC       NONWACC       WOLDCOMP
              ________      ________      ________      ________      ________
                0.000         0.000         0.000         0.000         0.000


           NU
              F8AGE         F9AGE
              ________      ________
                0.000         0.000


           LAMBDA
              READ          NARACOMP      NARAACC       WORDACC       NONWACC
              ________      ________      ________      ________      ________
 NARACOMP       0.000         1.000         0.000         0.000         0.000
 NARAACC        0.000         0.000         1.000         0.000         0.000
 WORDACC        0.000         0.000         0.000         1.000         0.000
 NONWACC        0.000         0.000         0.000         0.000         1.000
 WOLDCOMP       0.000         0.000         0.000         0.000         0.000
 F8AGE          0.000         0.000         0.000         0.000         0.000
 F9AGE          0.000         0.000         0.000         0.000         0.000


           LAMBDA
              WOLDCOMP      F8AGE         F9AGE
              ________      ________      ________
 NARACOMP       0.000         0.000         0.000
 NARAACC        0.000         0.000         0.000
 WORDACC        0.000         0.000         0.000
 NONWACC        0.000         0.000         0.000
 WOLDCOMP       1.000         0.000         0.000
 F8AGE          0.000         1.000         0.000
 F9AGE          0.000         0.000         1.000


           THETA
              NARACOMP      NARAACC       WORDACC       NONWACC       WOLDCOMP
              ________      ________      ________      ________      ________
 NARACOMP       0.000
 NARAACC        0.000         0.000
 WORDACC        0.000         0.000         0.000
 NONWACC        0.000         0.000         0.000         0.000
 WOLDCOMP       0.000         0.000         0.000         0.000         0.000
 F8AGE          0.000         0.000         0.000         0.000         0.000
 F9AGE          0.000         0.000         0.000         0.000         0.000


           THETA
              F8AGE         F9AGE
              ________      ________
 F8AGE          0.000
 F9AGE          0.000         0.000


           ALPHA
              READ          NARACOMP      NARAACC       WORDACC       NONWACC
              ________      ________      ________      ________      ________
                0.000        25.018        66.334         7.536         5.239


           ALPHA
              WOLDCOMP      F8AGE         F9AGE
              ________      ________      ________
                7.517       103.533       118.643


           BETA
              READ          NARACOMP      NARAACC       WORDACC       NONWACC
              ________      ________      ________      ________      ________
 READ           0.000         0.000         0.000         0.000         0.000
 NARACOMP       1.000         0.000         0.000         0.000         0.000
 NARAACC        2.812         0.000         0.000         0.000         0.000
 WORDACC        0.301         0.000         0.000         0.000         0.000
 NONWACC        0.270         0.000         0.000         0.000         0.000
 WOLDCOMP       0.085         0.000         0.000         0.000         0.000
 F8AGE          0.000         0.000         0.000         0.000         0.000
 F9AGE          0.000         0.000         0.000         0.000         0.000


           BETA
              WOLDCOMP      F8AGE         F9AGE
              ________      ________      ________
 READ           0.000         0.000         0.000
 NARACOMP       0.000         0.000         0.000
 NARAACC        0.000         0.000         0.000
 WORDACC        0.000         0.000         0.000
 NONWACC        0.000         0.000         0.000
 WOLDCOMP       0.000         0.000         0.000
 F8AGE          0.000         0.000         0.000
 F9AGE          0.000         0.000         0.000


           PSI
              READ          NARACOMP      NARAACC       WORDACC       NONWACC
              ________      ________      ________      ________      ________
 READ           0.050
 NARACOMP       0.000        31.009
 NARAACC        0.000         0.000       208.590
 WORDACC        0.000         0.000         0.000         3.136
 NONWACC        0.000         0.000         0.000         0.000         3.108
 WOLDCOMP       0.000         0.000         0.000         0.000         0.000
 F8AGE          0.000         0.000         0.000         0.000         0.000
 F9AGE          0.000         0.000         0.000         0.000         0.000


           PSI
              WOLDCOMP      F8AGE         F9AGE
              ________      ________      ________
 WOLDCOMP       1.879
 F8AGE          0.000         5.613
 F9AGE          0.000         0.000         7.454


TECHNICAL 4 OUTPUT


     ESTIMATES DERIVED FROM THE MODEL


           ESTIMATED MEANS FOR THE LATENT VARIABLES
              READ          NARACOMP      NARAACC       WORDACC       NONWACC
              ________      ________      ________      ________      ________
                0.000        25.018        66.334         7.534         5.229


           ESTIMATED MEANS FOR THE LATENT VARIABLES
              WOLDCOMP      F8AGE         F9AGE
              ________      ________      ________
                7.480       103.621       118.643


           S.E. FOR ESTIMATED MEANS FOR THE LATENT VARIABLES
              READ          NARACOMP      NARAACC       WORDACC       NONWACC
              ________      ________      ________      ________      ________
                0.000         0.135         0.349         0.043         0.043


           S.E. FOR ESTIMATED MEANS FOR THE LATENT VARIABLES
              WOLDCOMP      F8AGE         F9AGE
              ________      ________      ________
                0.036         0.067         0.066


           EST./S.E. FOR ESTIMATED MEANS FOR THE LATENT VARIABLES
              READ          NARACOMP      NARAACC       WORDACC       NONWACC
              ________      ________      ________      ________      ________
                0.000       185.863       190.010       175.738       122.194


           EST./S.E. FOR ESTIMATED MEANS FOR THE LATENT VARIABLES
              WOLDCOMP      F8AGE         F9AGE
              ________      ________      ________
              209.054      1550.575      1797.818


           TWO-TAILED P-VALUE FOR ESTIMATED MEANS FOR THE LATENT VARIABLES
              READ          NARACOMP      NARAACC       WORDACC       NONWACC
              ________      ________      ________      ________      ________
                1.000         0.000         0.000         0.000         0.000


           TWO-TAILED P-VALUE FOR ESTIMATED MEANS FOR THE LATENT VARIABLES
              WOLDCOMP      F8AGE         F9AGE
              ________      ________      ________
                0.000         0.000         0.000


           ESTIMATED COVARIANCE MATRIX FOR THE LATENT VARIABLES
              READ          NARACOMP      NARAACC       WORDACC       NONWACC
              ________      ________      ________      ________      ________
 READ          46.718
 NARACOMP      44.240        62.018
 NARAACC      129.815       130.913       417.180
 WORDACC       14.364        14.397        42.204         6.281
 NONWACC       12.811        12.813        37.563         4.134         6.259
 WOLDCOMP       4.254         4.075        11.956         1.321         1.178
 F8AGE         -3.165        -1.728        -5.135        -0.609        -0.555
 F9AGE         -5.618         0.957         2.487         0.074         0.005


           ESTIMATED COVARIANCE MATRIX FOR THE LATENT VARIABLES
              WOLDCOMP      F8AGE         F9AGE
              ________      ________      ________
 WOLDCOMP       3.778
 F8AGE          0.124        11.351
 F9AGE         -0.405         3.259        14.907


           S.E. FOR ESTIMATED COVARIANCE MATRIX FOR THE LATENT VARIABLES
              READ          NARACOMP      NARAACC       WORDACC       NONWACC
              ________      ________      ________      ________      ________
 READ           1.900
 NARACOMP       1.451         1.407
 NARAACC        3.523         3.458         8.823
 WORDACC        0.462         0.452         1.217         0.181
 NONWACC        0.364         0.357         0.967         0.135         0.123
 WOLDCOMP       0.296         0.278         0.770         0.088         0.077
 F8AGE          0.606         0.481         1.402         0.157         0.139
 F9AGE          1.614         0.551         1.424         0.177         0.167


           S.E. FOR ESTIMATED COVARIANCE MATRIX FOR THE LATENT VARIABLES
              WOLDCOMP      F8AGE         F9AGE
              ________      ________      ________
 WOLDCOMP       0.104
 F8AGE          0.133         0.688
 F9AGE          0.147         0.421         0.548


           EST./S.E. FOR ESTIMATED COVARIANCE MATRIX FOR THE LATENT VARIABLES
              READ          NARACOMP      NARAACC       WORDACC       NONWACC
              ________      ________      ________      ________      ________
 READ          24.592
 NARACOMP      30.497        44.069
 NARAACC       36.843        37.861        47.285
 WORDACC       31.119        31.831        34.688        34.640
 NONWACC       35.195        35.858        38.849        30.663        50.742
 WOLDCOMP      14.370        14.651        15.523        15.098        15.339
 F8AGE         -5.225        -3.596        -3.663        -3.887        -4.005
 F9AGE         -3.481         1.739         1.747         0.418         0.029


           EST./S.E. FOR ESTIMATED COVARIANCE MATRIX FOR THE LATENT VARIABLES
              WOLDCOMP      F8AGE         F9AGE
              ________      ________      ________
 WOLDCOMP      36.298
 F8AGE          0.933        16.499
 F9AGE         -2.759         7.746        27.201


           TWO-TAILED P-VALUE FOR ESTIMATED COVARIANCE MATRIX FOR THE LATENT VARIABLES
              READ          NARACOMP      NARAACC       WORDACC       NONWACC
              ________      ________      ________      ________      ________
 READ           0.000
 NARACOMP       0.000         0.000
 NARAACC        0.000         0.000         0.000
 WORDACC        0.000         0.000         0.000         0.000
 NONWACC        0.000         0.000         0.000         0.000         0.000
 WOLDCOMP       0.000         0.000         0.000         0.000         0.000
 F8AGE          0.000         0.000         0.000         0.000         0.000
 F9AGE          0.000         0.082         0.081         0.676         0.977


           TWO-TAILED P-VALUE FOR ESTIMATED COVARIANCE MATRIX FOR THE LATENT VARIABLES
              WOLDCOMP      F8AGE         F9AGE
              ________      ________      ________
 WOLDCOMP       0.000
 F8AGE          0.351         0.000
 F9AGE          0.006         0.000         0.000


           ESTIMATED CORRELATION MATRIX FOR THE LATENT VARIABLES
              READ          NARACOMP      NARAACC       WORDACC       NONWACC
              ________      ________      ________      ________      ________
 READ           1.000
 NARACOMP       0.822         1.000
 NARAACC        0.930         0.814         1.000
 WORDACC        0.839         0.729         0.824         1.000
 NONWACC        0.749         0.650         0.735         0.659         1.000
 WOLDCOMP       0.320         0.266         0.301         0.271         0.242
 F8AGE         -0.137        -0.065        -0.075        -0.072        -0.066
 F9AGE         -0.213         0.031         0.032         0.008         0.000


           ESTIMATED CORRELATION MATRIX FOR THE LATENT VARIABLES
              WOLDCOMP      F8AGE         F9AGE
              ________      ________      ________
 WOLDCOMP       1.000
 F8AGE          0.019         1.000
 F9AGE         -0.054         0.251         1.000


           S.E. FOR ESTIMATED CORRELATION MATRIX FOR THE LATENT VARIABLES
              READ          NARACOMP      NARAACC       WORDACC       NONWACC
              ________      ________      ________      ________      ________
 READ           0.000
 NARACOMP       0.013         0.000
 NARAACC        0.014         0.007         0.000
 WORDACC        0.013         0.008         0.006         0.000
 NONWACC        0.013         0.009         0.008         0.010         0.000
 WOLDCOMP       0.018         0.016         0.017         0.016         0.014
 F8AGE          0.024         0.018         0.020         0.018         0.016
 F9AGE          0.058         0.018         0.018         0.018         0.017


           S.E. FOR ESTIMATED CORRELATION MATRIX FOR THE LATENT VARIABLES
              WOLDCOMP      F8AGE         F9AGE
              ________      ________      ________
 WOLDCOMP       0.000
 F8AGE          0.020         0.000
 F9AGE          0.019         0.027         0.000


           EST./S.E. FOR ESTIMATED CORRELATION MATRIX FOR THE LATENT VARIABLES
              READ          NARACOMP      NARAACC       WORDACC       NONWACC
              ________      ________      ________      ________      ________
 READ         999.000
 NARACOMP      61.103       999.000
 NARAACC       66.544       119.730       999.000
 WORDACC       65.752        95.107       144.130       999.000
 NONWACC       58.642        72.544        89.350        66.128       999.000
 WOLDCOMP      17.589        16.855        17.480        17.328        17.133
 F8AGE         -5.688        -3.651        -3.712        -3.957        -4.067
 F9AGE         -3.681         1.741         1.751         0.418         0.029


           EST./S.E. FOR ESTIMATED CORRELATION MATRIX FOR THE LATENT VARIABLES
              WOLDCOMP      F8AGE         F9AGE
              ________      ________      ________
 WOLDCOMP     999.000
 F8AGE          0.936       999.000
 F9AGE         -2.786         9.327       999.000


           TWO-TAILED P-VALUE FOR ESTIMATED CORRELATION MATRIX FOR THE LATENT VARIABLES
              READ          NARACOMP      NARAACC       WORDACC       NONWACC
              ________      ________      ________      ________      ________
 READ           0.000
 NARACOMP       0.000         0.000
 NARAACC        0.000         0.000         0.000
 WORDACC        0.000         0.000         0.000         0.000
 NONWACC        0.000         0.000         0.000         0.000         0.000
 WOLDCOMP       0.000         0.000         0.000         0.000         0.000
 F8AGE          0.000         0.000         0.000         0.000         0.000
 F9AGE          0.000         0.082         0.080         0.676         0.977


           TWO-TAILED P-VALUE FOR ESTIMATED CORRELATION MATRIX FOR THE LATENT VARIABLES
              WOLDCOMP      F8AGE         F9AGE
              ________      ________      ________
 WOLDCOMP       0.000
 F8AGE          0.349         0.000
 F9AGE          0.005         0.000         0.000


SAMPLE STATISTICS FOR ESTIMATED FACTOR SCORES


     SAMPLE STATISTICS


           Means
              READ          READ_SE
              ________      ________
                0.000         1.517


           Covariances
              READ          READ_SE
              ________      ________
 READ          44.417
 READ_SE       -0.005         0.000


           Correlations
              READ          READ_SE
              ________      ________
 READ           1.000
 READ_SE       -0.072         1.000


PLOT INFORMATION

The following plots are available:

  Histograms (sample values, estimated factor scores, estimated values, residuals)
  Scatterplots (sample values, estimated factor scores, estimated values, residuals)
  Latent variable distribution plots

     Beginning Time:  11:52:13
        Ending Time:  11:52:13
       Elapsed Time:  00:00:00



MUTHEN & MUTHEN
3463 Stoner Ave.
Los Angeles, CA  90066

Tel: (310) 391-9971
Fax: (310) 391-8971
Web: www.StatModel.com
Support: Support@StatModel.com

Copyright (c) 1998-2020 Muthen & Muthen
