Mplus VERSION 8.5
MUTHEN & MUTHEN
06/22/2021   9:57 AM

INPUT INSTRUCTIONS

  TITLE:
   Confirmatory Factor Analysis - Final model with auxiliary variables
  DATA:
  FILE = "./mplus_models/simpview/cfa/sv_final_aux_d7a8dc6038f76e3b88b0c13edc7005e5.dat";

  VARIABLE:
  NAMES = f8age f9age naraAcc wordAcc nonwAcc naraComp woldComp ethn_white m_age_birth
       m_home_own m_edu_alev;
   MISSING=.;

  ANALYSIS:
  estimator = mlr; type = general;
  MODEL:
  f8age; f9age;
             read by naraComp naraAcc wordAcc nonwAcc woldComp;
             wordAcc nonwAcc naraAcc naraComp on f9age;
             woldcomp on f8age;
   f8age with ethn_white m_age_birth m_home_own m_edu_alev;
                                  ethn_white with m_age_birth m_home_own m_edu_alev;
                                  m_age_birth with m_home_own m_edu_alev;
                                  m_home_own with m_edu_alev;
                                  woldcomp with ethn_white m_age_birth
                                  m_home_own m_edu_alev;
  OUTPUT:
  sampstat; TECH1; TECH4; stdyx; modindices;
  PLOT:
  TYPE = PLOT3;



*** WARNING in VARIABLE command
  Note that only the first 8 characters of variable names are used in the output.
  Shorten variable names to avoid any confusion.
*** WARNING in PLOT command
  Note that only the first 8 characters of variable names are used in plots.
  If variable names are not unique within the first 8 characters, problems
  may occur.
   2 WARNING(S) FOUND IN THE INPUT INSTRUCTIONS




Confirmatory Factor Analysis - Final model with auxiliary variables

SUMMARY OF ANALYSIS

Number of groups                                                 1
Number of observations                                        3423

Number of dependent variables                                    9
Number of independent variables                                  2
Number of continuous latent variables                            1

Observed dependent variables

  Continuous
   NARAACC     WORDACC     NONWACC     NARACOMP    WOLDCOMP    ETHN_WHITE
   M_AGE_BIRT  M_HOME_OWN  M_EDU_ALEV

Observed independent variables
   F8AGE       F9AGE

Continuous latent variables
   READ


Estimator                                                      MLR
Information matrix                                        OBSERVED
Maximum number of iterations                                  1000
Convergence criterion                                    0.500D-04
Maximum number of steepest descent iterations                   20
Maximum number of iterations for H1                           2000
Convergence criterion for H1                             0.100D-03

Input data file(s)
  ./mplus_models/simpview/cfa/sv_final_aux_d7a8dc6038f76e3b88b0c13edc7005e5.dat

Input data format  FREE


SUMMARY OF DATA

     Number of missing data patterns            26


COVARIANCE COVERAGE OF DATA

Minimum covariance coverage value   0.100


     PROPORTION OF DATA PRESENT


           Covariance Coverage
              NARAACC       WORDACC       NONWACC       NARACOMP      WOLDCOMP
              ________      ________      ________      ________      ________
 NARAACC        1.000
 WORDACC        0.997         0.997
 NONWACC        0.996         0.996         0.996
 NARACOMP       1.000         0.997         0.996         1.000
 WOLDCOMP       0.852         0.850         0.850         0.852         0.852
 ETHN_WHI       0.901         0.899         0.897         0.901         0.786
 M_AGE_BI       0.952         0.949         0.948         0.952         0.821
 M_HOME_O       0.925         0.923         0.921         0.925         0.803
 M_EDU_AL       0.916         0.914         0.912         0.916         0.798
 F8AGE          0.861         0.859         0.858         0.861         0.852
 F9AGE          1.000         0.997         0.996         1.000         0.852


           Covariance Coverage
              ETHN_WHI      M_AGE_BI      M_HOME_O      M_EDU_AL      F8AGE
              ________      ________      ________      ________      ________
 ETHN_WHI       0.901
 M_AGE_BI       0.901         0.952
 M_HOME_O       0.883         0.925         0.925
 M_EDU_AL       0.899         0.916         0.897         0.916
 F8AGE          0.794         0.829         0.811         0.806         0.861
 F9AGE          0.901         0.952         0.925         0.916         0.861


           Covariance Coverage
              F9AGE
              ________
 F9AGE          1.000


SAMPLE STATISTICS


     ESTIMATED SAMPLE STATISTICS


           Means
              NARAACC       WORDACC       NONWACC       NARACOMP      WOLDCOMP
              ________      ________      ________      ________      ________
               66.334         7.534         5.229        25.018         7.469


           Means
              ETHN_WHI      M_AGE_BI      M_HOME_O      M_EDU_AL      F8AGE
              ________      ________      ________      ________      ________
                0.959        29.042         0.818         0.426       103.635


           Means
              F9AGE
              ________
              118.643


           Covariances
              NARAACC       WORDACC       NONWACC       NARACOMP      WOLDCOMP
              ________      ________      ________      ________      ________
 NARAACC      417.180
 WORDACC       41.945         6.281
 NONWACC       37.280         4.624         6.264
 NARACOMP     132.691        13.927        11.756        62.018
 WOLDCOMP      11.314         1.163         0.902         6.318         3.777
 ETHN_WHI      -0.098        -0.015        -0.012         0.007        -0.013
 M_AGE_BI      13.697         1.404         0.926         6.304         0.927
 M_HOME_O       0.818         0.086         0.061         0.377         0.054
 M_EDU_AL       2.068         0.212         0.178         1.085         0.164
 F8AGE         -5.175        -0.540        -0.510        -2.221         0.116
 F9AGE          2.487         0.075         0.004         0.957        -0.395


           Covariances
              ETHN_WHI      M_AGE_BI      M_HOME_O      M_EDU_AL      F8AGE
              ________      ________      ________      ________      ________
 ETHN_WHI       0.038
 M_AGE_BI      -0.009        21.140
 M_HOME_O       0.007         0.492         0.147
 M_EDU_AL       0.000         0.628         0.031         0.246
 F8AGE         -0.041        -1.285        -0.127        -0.129        11.364
 F9AGE         -0.008        -1.613        -0.135        -0.153         3.270


           Covariances
              F9AGE
              ________
 F9AGE         14.907


           Correlations
              NARAACC       WORDACC       NONWACC       NARACOMP      WOLDCOMP
              ________      ________      ________      ________      ________
 NARAACC        1.000
 WORDACC        0.819         1.000
 NONWACC        0.729         0.737         1.000
 NARACOMP       0.825         0.706         0.596         1.000
 WOLDCOMP       0.285         0.239         0.185         0.413         1.000
 ETHN_WHI      -0.024        -0.030        -0.025         0.005        -0.033
 M_AGE_BI       0.146         0.122         0.081         0.174         0.104
 M_HOME_O       0.105         0.090         0.063         0.125         0.072
 M_EDU_AL       0.204         0.171         0.143         0.278         0.171
 F8AGE         -0.075        -0.064        -0.060        -0.084         0.018
 F9AGE          0.032         0.008         0.000         0.031        -0.053


           Correlations
              ETHN_WHI      M_AGE_BI      M_HOME_O      M_EDU_AL      F8AGE
              ________      ________      ________      ________      ________
 ETHN_WHI       1.000
 M_AGE_BI      -0.010         1.000
 M_HOME_O       0.095         0.279         1.000
 M_EDU_AL      -0.002         0.275         0.163         1.000
 F8AGE         -0.062        -0.083        -0.099        -0.077         1.000
 F9AGE         -0.010        -0.091        -0.091        -0.080         0.251


           Correlations
              F9AGE
              ________
 F9AGE          1.000


     MAXIMUM LOG-LIKELIHOOD VALUE FOR THE UNRESTRICTED (H1) MODEL IS -72708.707


UNIVARIATE SAMPLE STATISTICS


     UNIVARIATE HIGHER-ORDER MOMENT DESCRIPTIVE STATISTICS

         Variable/         Mean/     Skewness/   Minimum/ % with                Percentiles
        Sample Size      Variance    Kurtosis    Maximum  Min/Max      20%/60%    40%/80%    Median

     NARAACC              66.334      -0.525       0.000    0.06%      48.000     62.000     69.000
            3423.000     417.180      -0.469     100.000    0.06%      76.000     86.000
     WORDACC               7.536      -1.219       0.000    1.93%       6.000      8.000      8.000
            3414.000       6.273       0.849      10.000   23.58%       9.000     10.000
     NONWACC               5.239      -0.308       0.000    4.23%       3.000      5.000      5.000
            3408.000       6.217      -0.688      10.000    1.79%       6.000      8.000
     NARACOMP             25.018      -0.273       0.000    0.09%      18.000     23.000     25.000
            3423.000      62.018      -0.237      44.000    0.03%      28.000     32.000
     WOLDCOMP              7.517       0.082       2.000    0.41%       6.000      7.000      7.000
            2917.000       3.758       0.190      15.000    0.03%       8.000      9.000
     ETHN_WHITE            0.960      -4.703       0.000    3.99%       1.000      1.000      1.000
            3085.000       0.038      20.123       1.000   96.01%       1.000      1.000
     M_AGE_BIRTH          29.068       0.058      16.000    0.12%      25.000     28.000     29.000
            3259.000      21.121       0.013      44.000    0.03%      30.000     33.000
     M_HOME_OWN            0.822      -1.683       0.000   17.81%       1.000      1.000      1.000
            3167.000       0.146       0.832       1.000   82.19%       1.000      1.000
     M_EDU_ALEV            0.432       0.275       0.000   56.81%       0.000      0.000      0.000
            3137.000       0.245      -1.924       1.000   43.19%       1.000      1.000
     F8AGE               103.533       2.579      94.000    0.03%     102.000    102.000    103.000
            2947.000      11.227       8.561     126.000    0.03%     103.000    105.000
     F9AGE               118.643       1.305     105.000    0.03%     116.000    117.000    118.000
            3423.000      14.907       2.626     139.000    0.06%     119.000    121.000


THE MODEL ESTIMATION TERMINATED NORMALLY



MODEL FIT INFORMATION

Number of Free Parameters                       49

Loglikelihood

          H0 Value                      -73201.233
          H0 Scaling Correction Factor      1.3724
            for MLR
          H1 Value                      -72708.707
          H1 Scaling Correction Factor      1.2414
            for MLR

Information Criteria

          Akaike (AIC)                  146500.465
          Bayesian (BIC)                146801.240
          Sample-Size Adjusted BIC      146645.544
            (n* = (n + 2) / 24)

Chi-Square Test of Model Fit

          Value                            973.188*
          Degrees of Freedom                    28
          P-Value                           0.0000
          Scaling Correction Factor         1.0122
            for MLR

*   The chi-square value for MLM, MLMV, MLR, ULSMV, WLSM and WLSMV cannot be used
    for chi-square difference testing in the regular way.  MLM, MLR and WLSM
    chi-square difference testing is described on the Mplus website.  MLMV, WLSMV,
    and ULSMV difference testing is done using the DIFFTEST option.

RMSEA (Root Mean Square Error Of Approximation)

          Estimate                           0.099
          90 Percent C.I.                    0.094  0.105
          Probability RMSEA <= .05           0.000

CFI/TLI

          CFI                                0.919
          TLI                                0.844

Chi-Square Test of Model Fit for the Baseline Model

          Value                          11723.580
          Degrees of Freedom                    54
          P-Value                           0.0000

SRMR (Standardized Root Mean Square Residual)

          Value                              0.069



MODEL RESULTS

                                                    Two-Tailed
                    Estimate       S.E.  Est./S.E.    P-Value

 READ     BY
    NARACOMP           1.000      0.000    999.000    999.000
    NARAACC            2.934      0.030     97.835      0.000
    WORDACC            0.323      0.005     64.042      0.000
    NONWACC            0.288      0.005     56.027      0.000
    WOLDCOMP           0.086      0.006     15.265      0.000

 WORDACC  ON
    F9AGE              0.120      0.037      3.238      0.001

 NONWACC  ON
    F9AGE              0.103      0.033      3.084      0.002

 NARAACC  ON
    F9AGE              1.216      0.332      3.664      0.000

 NARACOMP ON
    F9AGE              0.422      0.110      3.841      0.000

 WOLDCOMP ON
    F8AGE              0.037      0.011      3.259      0.001

 F8AGE    WITH
    READ              -2.802      0.632     -4.435      0.000

 F9AGE    WITH
    READ              -5.329      1.740     -3.062      0.002

 F8AGE    WITH
    ETHN_WHITE        -0.041      0.019     -2.211      0.027
    M_AGE_BIRT        -0.713      0.361     -1.977      0.048
    M_HOME_OWN        -0.084      0.034     -2.502      0.012
    M_EDU_ALEV        -0.066      0.035     -1.914      0.056

 ETHN_WHI WITH
    M_AGE_BIRT        -0.010      0.018     -0.522      0.602
    M_HOME_OWN         0.007      0.002      3.715      0.000
    M_EDU_ALEV         0.000      0.002     -0.097      0.922
    WOLDCOMP          -0.009      0.007     -1.275      0.202

 M_AGE_BI WITH
    M_HOME_OWN         0.491      0.036     13.545      0.000
    M_EDU_ALEV         0.626      0.039     15.936      0.000
    WOLDCOMP           0.508      0.165      3.074      0.002

 M_HOME_O WITH
    M_EDU_ALEV         0.031      0.003      9.370      0.000
    WOLDCOMP           0.029      0.014      2.084      0.037

 WOLDCOMP WITH
    M_EDU_ALEV         0.103      0.018      5.777      0.000

 F9AGE    WITH
    F8AGE              3.164      0.419      7.547      0.000

 Means
    ETHN_WHITE         0.959      0.004    263.538      0.000
    M_AGE_BIRT        29.056      0.081    359.122      0.000
    M_HOME_OWN         0.819      0.007    118.935      0.000
    M_EDU_ALEV         0.428      0.009     48.491      0.000
    F8AGE            103.634      0.068   1533.549      0.000
    F9AGE            118.643      0.066   1797.818      0.000

 Intercepts
    NARAACC          -77.915     39.382     -1.978      0.048
    WORDACC           -6.750      4.413     -1.530      0.126
    NONWACC           -7.002      3.967     -1.765      0.078
    NARACOMP         -25.013     13.028     -1.920      0.055
    WOLDCOMP           3.683      1.162      3.170      0.002

 Variances
    ETHN_WHITE         0.038      0.003     11.794      0.000
    M_AGE_BIRT        21.129      0.525     40.229      0.000
    M_HOME_OWN         0.147      0.004     33.395      0.000
    M_EDU_ALEV         0.246      0.001    198.992      0.000
    F8AGE             11.297      0.680     16.603      0.000
    F9AGE             14.907      0.548     27.201      0.000
    READ              46.449      1.920     24.191      0.000

 Residual Variances
    NARAACC           33.227      2.635     12.609      0.000
    WORDACC            1.637      0.052     31.552      0.000
    NONWACC            2.577      0.076     33.851      0.000
    NARACOMP          17.412      0.530     32.856      0.000
    WOLDCOMP           3.382      0.092     36.658      0.000


STANDARDIZED MODEL RESULTS


STDYX Standardization

                                                    Two-Tailed
                    Estimate       S.E.  Est./S.E.    P-Value

 READ     BY
    NARACOMP           0.865      0.013     67.057      0.000
    NARAACC            0.979      0.014     71.601      0.000
    WORDACC            0.878      0.013     67.731      0.000
    NONWACC            0.783      0.013     59.042      0.000
    WOLDCOMP           0.303      0.019     15.750      0.000

 WORDACC  ON
    F9AGE              0.185      0.057      3.226      0.001

 NONWACC  ON
    F9AGE              0.159      0.052      3.070      0.002

 NARAACC  ON
    F9AGE              0.230      0.063      3.642      0.000

 NARACOMP ON
    F9AGE              0.207      0.054      3.818      0.000

 WOLDCOMP ON
    F8AGE              0.064      0.020      3.234      0.001

 F8AGE    WITH
    READ              -0.122      0.026     -4.729      0.000

 F9AGE    WITH
    READ              -0.203      0.063     -3.218      0.001

 F8AGE    WITH
    ETHN_WHITE        -0.062      0.028     -2.252      0.024
    M_AGE_BIRT        -0.046      0.023     -1.990      0.047
    M_HOME_OWN        -0.065      0.026     -2.523      0.012
    M_EDU_ALEV        -0.040      0.021     -1.928      0.054

 ETHN_WHI WITH
    M_AGE_BIRT        -0.011      0.021     -0.522      0.602
    M_HOME_OWN         0.094      0.024      3.880      0.000
    M_EDU_ALEV        -0.002      0.018     -0.097      0.922
    WOLDCOMP          -0.026      0.020     -1.281      0.200

 M_AGE_BI WITH
    M_HOME_OWN         0.279      0.018     15.123      0.000
    M_EDU_ALEV         0.274      0.016     16.842      0.000
    WOLDCOMP           0.060      0.019      3.093      0.002

 M_HOME_O WITH
    M_EDU_ALEV         0.163      0.017      9.685      0.000
    WOLDCOMP           0.042      0.020      2.091      0.037

 WOLDCOMP WITH
    M_EDU_ALEV         0.113      0.019      5.850      0.000

 F9AGE    WITH
    F8AGE              0.244      0.027      8.987      0.000

 Means
    ETHN_WHITE         4.898      0.226     21.659      0.000
    M_AGE_BIRT         6.321      0.080     79.144      0.000
    M_HOME_OWN         2.138      0.050     42.806      0.000
    M_EDU_ALEV         0.863      0.016     54.968      0.000
    F8AGE             30.833      0.912     33.801      0.000
    F9AGE             30.729      0.555     55.403      0.000

 Intercepts
    NARAACC           -3.815      1.927     -1.979      0.048
    WORDACC           -2.693      1.759     -1.531      0.126
    NONWACC           -2.799      1.585     -1.766      0.077
    NARACOMP          -3.176      1.654     -1.921      0.055
    WOLDCOMP           1.909      0.606      3.153      0.002

 Variances
    ETHN_WHITE         1.000      0.000    999.000    999.000
    M_AGE_BIRT         1.000      0.000    999.000    999.000
    M_HOME_OWN         1.000      0.000    999.000    999.000
    M_EDU_ALEV         1.000      0.000    999.000    999.000
    F8AGE              1.000      0.000    999.000    999.000
    F9AGE              1.000      0.000    999.000    999.000
    READ               1.000      0.000    999.000    999.000

 Residual Variances
    NARAACC            0.080      0.007     12.098      0.000
    WORDACC            0.261      0.010     26.702      0.000
    NONWACC            0.412      0.013     32.632      0.000
    NARACOMP           0.281      0.010     28.516      0.000
    WOLDCOMP           0.909      0.012     78.922      0.000


R-SQUARE

    Observed                                        Two-Tailed
    Variable        Estimate       S.E.  Est./S.E.    P-Value

    NARAACC            0.920      0.007    139.801      0.000
    WORDACC            0.739      0.010     75.773      0.000
    NONWACC            0.588      0.013     46.627      0.000
    NARACOMP           0.719      0.010     73.050      0.000
    WOLDCOMP           0.091      0.012      7.914      0.000


QUALITY OF NUMERICAL RESULTS

     Condition Number for the Information Matrix              0.641E-08
       (ratio of smallest to largest eigenvalue)


MODEL MODIFICATION INDICES

NOTE:  Modification indices for direct effects of observed dependent variables
regressed on covariates may not be included.  To include these, request
MODINDICES (ALL).

Minimum M.I. value for printing the modification index    10.000

                                   M.I.     E.P.C.  Std E.P.C.  StdYX E.P.C.

ON/BY Statements

M_AGE_BI ON READ     /
READ     BY M_AGE_BI              26.483     0.059      0.399        0.087
M_HOME_O ON READ     /
READ     BY M_HOME_O              14.647     0.004      0.026        0.067
M_EDU_AL ON READ     /
READ     BY M_EDU_AL             106.465     0.013      0.090        0.182

ON Statements

READ     ON WOLDCOMP             181.628     7.566      1.110        2.141
READ     ON M_AGE_BI              75.236     0.228      0.033        0.154
READ     ON M_HOME_O              39.496     2.007      0.294        0.113
READ     ON M_EDU_AL             152.329     3.057      0.448        0.223
READ     ON F8AGE                 67.073    -3.151     -0.462       -1.554
NARAACC  ON WORDACC               58.931    -2.141     -2.141       -0.263
NARAACC  ON NONWACC               22.827    -0.694     -0.694       -0.085
NARAACC  ON NARACOMP             217.440     1.171      1.171        0.452
NARAACC  ON WOLDCOMP              32.558    -0.552     -0.552       -0.052
WORDACC  ON NARAACC               58.930    -0.105     -0.105       -0.859
WORDACC  ON NONWACC              301.800     0.302      0.302        0.302
WORDACC  ON NARACOMP              60.640    -0.064     -0.064       -0.201
WORDACC  ON WOLDCOMP              16.288    -0.057     -0.057       -0.044
NONWACC  ON NARAACC               22.835    -0.054     -0.054       -0.439
NONWACC  ON WORDACC              301.792     0.476      0.476        0.477
NONWACC  ON NARACOMP             129.228    -0.093     -0.093       -0.293
NONWACC  ON WOLDCOMP              28.440    -0.091     -0.091       -0.070
NARACOMP ON NARAACC              217.450     0.614      0.614        1.592
NARACOMP ON WORDACC               60.638    -0.680     -0.680       -0.216
NARACOMP ON NONWACC              129.223    -0.628     -0.628       -0.200
NARACOMP ON WOLDCOMP             300.465     0.792      0.792        0.194
NARACOMP ON M_AGE_BI              34.479     0.101      0.101        0.059
NARACOMP ON M_HOME_O              17.251     0.867      0.867        0.042
NARACOMP ON M_EDU_AL             127.932     1.831      1.831        0.115
WOLDCOMP ON NARAACC               34.848    -0.058     -0.058       -0.614
WOLDCOMP ON WORDACC               15.841    -0.116     -0.116       -0.151
WOLDCOMP ON NONWACC               26.171    -0.114     -0.114       -0.147
WOLDCOMP ON NARACOMP             264.798     0.144      0.144        0.588
M_AGE_BI ON NARAACC               20.550     0.017      0.017        0.075
M_AGE_BI ON WORDACC               14.312     0.114      0.114        0.062
M_AGE_BI ON NARACOMP              22.542     0.046      0.046        0.078
M_AGE_BI ON WOLDCOMP              25.376     0.686      0.686        0.288
M_AGE_BI ON F8AGE                 18.333    -0.379     -0.379       -0.277
M_HOME_O ON WOLDCOMP              13.607     0.043      0.043        0.218
M_HOME_O ON F8AGE                 17.701    -0.032     -0.032       -0.281
M_HOME_O ON F9AGE                 11.860    -0.006     -0.006       -0.059
M_EDU_AL ON NARAACC               85.460     0.004      0.004        0.159
M_EDU_AL ON WORDACC               60.150     0.026      0.026        0.133
M_EDU_AL ON NONWACC               50.003     0.024      0.024        0.122
M_EDU_AL ON NARACOMP             150.337     0.013      0.013        0.211
M_EDU_AL ON WOLDCOMP             105.719     0.158      0.158        0.614
M_EDU_AL ON F8AGE                 28.717    -0.053     -0.053       -0.362

WITH Statements

WORDACC  WITH NARAACC             58.930    -3.504     -3.504       -0.475
NONWACC  WITH NARAACC             22.827    -1.787     -1.787       -0.193
NONWACC  WITH WORDACC            301.800     0.779      0.779        0.379
NARACOMP WITH NARAACC            217.441    20.395     20.395        0.848
NARACOMP WITH WORDACC             60.639    -1.113     -1.113       -0.209
NARACOMP WITH NONWACC            129.224    -1.619     -1.619       -0.242
WOLDCOMP WITH NARAACC             34.832    -1.928     -1.928       -0.182
WOLDCOMP WITH WORDACC             15.838    -0.190     -0.190       -0.081
WOLDCOMP WITH NONWACC             26.168    -0.293     -0.293       -0.099
WOLDCOMP WITH NARACOMP           264.813     2.506      2.506        0.327
M_AGE_BI WITH READ                21.185     2.385      0.350        0.076
M_HOME_O WITH READ                10.120     0.142      0.021        0.054
M_EDU_AL WITH READ                99.835     0.584      0.086        0.173
M_EDU_AL WITH NARACOMP            68.753     0.316      0.316        0.152


TECHNICAL 1 OUTPUT


     PARAMETER SPECIFICATION


           NU
              NARAACC       WORDACC       NONWACC       NARACOMP      WOLDCOMP
              ________      ________      ________      ________      ________
                  0             0             0             0             0


           NU
              ETHN_WHI      M_AGE_BI      M_HOME_O      M_EDU_AL      F8AGE
              ________      ________      ________      ________      ________
                  0             0             0             0             0


           NU
              F9AGE
              ________
                  0


           LAMBDA
              READ          NARAACC       WORDACC       NONWACC       NARACOMP
              ________      ________      ________      ________      ________
 NARAACC            0             0             0             0             0
 WORDACC            0             0             0             0             0
 NONWACC            0             0             0             0             0
 NARACOMP           0             0             0             0             0
 WOLDCOMP           0             0             0             0             0
 ETHN_WHI           0             0             0             0             0
 M_AGE_BI           0             0             0             0             0
 M_HOME_O           0             0             0             0             0
 M_EDU_AL           0             0             0             0             0
 F8AGE              0             0             0             0             0
 F9AGE              0             0             0             0             0


           LAMBDA
              WOLDCOMP      ETHN_WHI      M_AGE_BI      M_HOME_O      M_EDU_AL
              ________      ________      ________      ________      ________
 NARAACC            0             0             0             0             0
 WORDACC            0             0             0             0             0
 NONWACC            0             0             0             0             0
 NARACOMP           0             0             0             0             0
 WOLDCOMP           0             0             0             0             0
 ETHN_WHI           0             0             0             0             0
 M_AGE_BI           0             0             0             0             0
 M_HOME_O           0             0             0             0             0
 M_EDU_AL           0             0             0             0             0
 F8AGE              0             0             0             0             0
 F9AGE              0             0             0             0             0


           LAMBDA
              F8AGE         F9AGE
              ________      ________
 NARAACC            0             0
 WORDACC            0             0
 NONWACC            0             0
 NARACOMP           0             0
 WOLDCOMP           0             0
 ETHN_WHI           0             0
 M_AGE_BI           0             0
 M_HOME_O           0             0
 M_EDU_AL           0             0
 F8AGE              0             0
 F9AGE              0             0


           THETA
              NARAACC       WORDACC       NONWACC       NARACOMP      WOLDCOMP
              ________      ________      ________      ________      ________
 NARAACC            0
 WORDACC            0             0
 NONWACC            0             0             0
 NARACOMP           0             0             0             0
 WOLDCOMP           0             0             0             0             0
 ETHN_WHI           0             0             0             0             0
 M_AGE_BI           0             0             0             0             0
 M_HOME_O           0             0             0             0             0
 M_EDU_AL           0             0             0             0             0
 F8AGE              0             0             0             0             0
 F9AGE              0             0             0             0             0


           THETA
              ETHN_WHI      M_AGE_BI      M_HOME_O      M_EDU_AL      F8AGE
              ________      ________      ________      ________      ________
 ETHN_WHI           0
 M_AGE_BI           0             0
 M_HOME_O           0             0             0
 M_EDU_AL           0             0             0             0
 F8AGE              0             0             0             0             0
 F9AGE              0             0             0             0             0


           THETA
              F9AGE
              ________
 F9AGE              0


           ALPHA
              READ          NARAACC       WORDACC       NONWACC       NARACOMP
              ________      ________      ________      ________      ________
                  0             1             2             3             4


           ALPHA
              WOLDCOMP      ETHN_WHI      M_AGE_BI      M_HOME_O      M_EDU_AL
              ________      ________      ________      ________      ________
                  5             6             7             8             9


           ALPHA
              F8AGE         F9AGE
              ________      ________
                 10            11


           BETA
              READ          NARAACC       WORDACC       NONWACC       NARACOMP
              ________      ________      ________      ________      ________
 READ               0             0             0             0             0
 NARAACC           12             0             0             0             0
 WORDACC           14             0             0             0             0
 NONWACC           16             0             0             0             0
 NARACOMP           0             0             0             0             0
 WOLDCOMP          19             0             0             0             0
 ETHN_WHI           0             0             0             0             0
 M_AGE_BI           0             0             0             0             0
 M_HOME_O           0             0             0             0             0
 M_EDU_AL           0             0             0             0             0
 F8AGE              0             0             0             0             0
 F9AGE              0             0             0             0             0


           BETA
              WOLDCOMP      ETHN_WHI      M_AGE_BI      M_HOME_O      M_EDU_AL
              ________      ________      ________      ________      ________
 READ               0             0             0             0             0
 NARAACC            0             0             0             0             0
 WORDACC            0             0             0             0             0
 NONWACC            0             0             0             0             0
 NARACOMP           0             0             0             0             0
 WOLDCOMP           0             0             0             0             0
 ETHN_WHI           0             0             0             0             0
 M_AGE_BI           0             0             0             0             0
 M_HOME_O           0             0             0             0             0
 M_EDU_AL           0             0             0             0             0
 F8AGE              0             0             0             0             0
 F9AGE              0             0             0             0             0


           BETA
              F8AGE         F9AGE
              ________      ________
 READ               0             0
 NARAACC            0            13
 WORDACC            0            15
 NONWACC            0            17
 NARACOMP           0            18
 WOLDCOMP          20             0
 ETHN_WHI           0             0
 M_AGE_BI           0             0
 M_HOME_O           0             0
 M_EDU_AL           0             0
 F8AGE              0             0
 F9AGE              0             0


           PSI
              READ          NARAACC       WORDACC       NONWACC       NARACOMP
              ________      ________      ________      ________      ________
 READ              21
 NARAACC            0            22
 WORDACC            0             0            23
 NONWACC            0             0             0            24
 NARACOMP           0             0             0             0            25
 WOLDCOMP           0             0             0             0             0
 ETHN_WHI           0             0             0             0             0
 M_AGE_BI           0             0             0             0             0
 M_HOME_O           0             0             0             0             0
 M_EDU_AL           0             0             0             0             0
 F8AGE             41             0             0             0             0
 F9AGE             47             0             0             0             0


           PSI
              WOLDCOMP      ETHN_WHI      M_AGE_BI      M_HOME_O      M_EDU_AL
              ________      ________      ________      ________      ________
 WOLDCOMP          26
 ETHN_WHI          27            28
 M_AGE_BI          29            30            31
 M_HOME_O          32            33            34            35
 M_EDU_AL          36            37            38            39            40
 F8AGE              0            42            43            44            45
 F9AGE              0             0             0             0             0


           PSI
              F8AGE         F9AGE
              ________      ________
 F8AGE             46
 F9AGE             48            49


     STARTING VALUES


           NU
              NARAACC       WORDACC       NONWACC       NARACOMP      WOLDCOMP
              ________      ________      ________      ________      ________
                0.000         0.000         0.000         0.000         0.000


           NU
              ETHN_WHI      M_AGE_BI      M_HOME_O      M_EDU_AL      F8AGE
              ________      ________      ________      ________      ________
                0.000         0.000         0.000         0.000         0.000


           NU
              F9AGE
              ________
                0.000


           LAMBDA
              READ          NARAACC       WORDACC       NONWACC       NARACOMP
              ________      ________      ________      ________      ________
 NARAACC        0.000         1.000         0.000         0.000         0.000
 WORDACC        0.000         0.000         1.000         0.000         0.000
 NONWACC        0.000         0.000         0.000         1.000         0.000
 NARACOMP       0.000         0.000         0.000         0.000         1.000
 WOLDCOMP       0.000         0.000         0.000         0.000         0.000
 ETHN_WHI       0.000         0.000         0.000         0.000         0.000
 M_AGE_BI       0.000         0.000         0.000         0.000         0.000
 M_HOME_O       0.000         0.000         0.000         0.000         0.000
 M_EDU_AL       0.000         0.000         0.000         0.000         0.000
 F8AGE          0.000         0.000         0.000         0.000         0.000
 F9AGE          0.000         0.000         0.000         0.000         0.000


           LAMBDA
              WOLDCOMP      ETHN_WHI      M_AGE_BI      M_HOME_O      M_EDU_AL
              ________      ________      ________      ________      ________
 NARAACC        0.000         0.000         0.000         0.000         0.000
 WORDACC        0.000         0.000         0.000         0.000         0.000
 NONWACC        0.000         0.000         0.000         0.000         0.000
 NARACOMP       0.000         0.000         0.000         0.000         0.000
 WOLDCOMP       1.000         0.000         0.000         0.000         0.000
 ETHN_WHI       0.000         1.000         0.000         0.000         0.000
 M_AGE_BI       0.000         0.000         1.000         0.000         0.000
 M_HOME_O       0.000         0.000         0.000         1.000         0.000
 M_EDU_AL       0.000         0.000         0.000         0.000         1.000
 F8AGE          0.000         0.000         0.000         0.000         0.000
 F9AGE          0.000         0.000         0.000         0.000         0.000


           LAMBDA
              F8AGE         F9AGE
              ________      ________
 NARAACC        0.000         0.000
 WORDACC        0.000         0.000
 NONWACC        0.000         0.000
 NARACOMP       0.000         0.000
 WOLDCOMP       0.000         0.000
 ETHN_WHI       0.000         0.000
 M_AGE_BI       0.000         0.000
 M_HOME_O       0.000         0.000
 M_EDU_AL       0.000         0.000
 F8AGE          1.000         0.000
 F9AGE          0.000         1.000


           THETA
              NARAACC       WORDACC       NONWACC       NARACOMP      WOLDCOMP
              ________      ________      ________      ________      ________
 NARAACC        0.000
 WORDACC        0.000         0.000
 NONWACC        0.000         0.000         0.000
 NARACOMP       0.000         0.000         0.000         0.000
 WOLDCOMP       0.000         0.000         0.000         0.000         0.000
 ETHN_WHI       0.000         0.000         0.000         0.000         0.000
 M_AGE_BI       0.000         0.000         0.000         0.000         0.000
 M_HOME_O       0.000         0.000         0.000         0.000         0.000
 M_EDU_AL       0.000         0.000         0.000         0.000         0.000
 F8AGE          0.000         0.000         0.000         0.000         0.000
 F9AGE          0.000         0.000         0.000         0.000         0.000


           THETA
              ETHN_WHI      M_AGE_BI      M_HOME_O      M_EDU_AL      F8AGE
              ________      ________      ________      ________      ________
 ETHN_WHI       0.000
 M_AGE_BI       0.000         0.000
 M_HOME_O       0.000         0.000         0.000
 M_EDU_AL       0.000         0.000         0.000         0.000
 F8AGE          0.000         0.000         0.000         0.000         0.000
 F9AGE          0.000         0.000         0.000         0.000         0.000


           THETA
              F9AGE
              ________
 F9AGE          0.000


           ALPHA
              READ          NARAACC       WORDACC       NONWACC       NARACOMP
              ________      ________      ________      ________      ________
                0.000        66.334         7.536         5.239        25.018


           ALPHA
              WOLDCOMP      ETHN_WHI      M_AGE_BI      M_HOME_O      M_EDU_AL
              ________      ________      ________      ________      ________
                7.517         0.960        29.068         0.822         0.432


           ALPHA
              F8AGE         F9AGE
              ________      ________
              103.533       118.643


           BETA
              READ          NARAACC       WORDACC       NONWACC       NARACOMP
              ________      ________      ________      ________      ________
 READ           0.000         0.000         0.000         0.000         0.000
 NARAACC        2.979         0.000         0.000         0.000         0.000
 WORDACC        0.332         0.000         0.000         0.000         0.000
 NONWACC        0.295         0.000         0.000         0.000         0.000
 NARACOMP       1.000         0.000         0.000         0.000         0.000
 WOLDCOMP       0.109         0.000         0.000         0.000         0.000
 ETHN_WHI       0.000         0.000         0.000         0.000         0.000
 M_AGE_BI       0.000         0.000         0.000         0.000         0.000
 M_HOME_O       0.000         0.000         0.000         0.000         0.000
 M_EDU_AL       0.000         0.000         0.000         0.000         0.000
 F8AGE          0.000         0.000         0.000         0.000         0.000
 F9AGE          0.000         0.000         0.000         0.000         0.000


           BETA
              WOLDCOMP      ETHN_WHI      M_AGE_BI      M_HOME_O      M_EDU_AL
              ________      ________      ________      ________      ________
 READ           0.000         0.000         0.000         0.000         0.000
 NARAACC        0.000         0.000         0.000         0.000         0.000
 WORDACC        0.000         0.000         0.000         0.000         0.000
 NONWACC        0.000         0.000         0.000         0.000         0.000
 NARACOMP       0.000         0.000         0.000         0.000         0.000
 WOLDCOMP       0.000         0.000         0.000         0.000         0.000
 ETHN_WHI       0.000         0.000         0.000         0.000         0.000
 M_AGE_BI       0.000         0.000         0.000         0.000         0.000
 M_HOME_O       0.000         0.000         0.000         0.000         0.000
 M_EDU_AL       0.000         0.000         0.000         0.000         0.000
 F8AGE          0.000         0.000         0.000         0.000         0.000
 F9AGE          0.000         0.000         0.000         0.000         0.000


           BETA
              F8AGE         F9AGE
              ________      ________
 READ           0.000         0.000
 NARAACC        0.000         0.000
 WORDACC        0.000         0.000
 NONWACC        0.000         0.000
 NARACOMP       0.000         0.000
 WOLDCOMP       0.000         0.000
 ETHN_WHI       0.000         0.000
 M_AGE_BI       0.000         0.000
 M_HOME_O       0.000         0.000
 M_EDU_AL       0.000         0.000
 F8AGE          0.000         0.000
 F9AGE          0.000         0.000


           PSI
              READ          NARAACC       WORDACC       NONWACC       NARACOMP
              ________      ________      ________      ________      ________
 READ           0.050
 NARAACC        0.000       208.590
 WORDACC        0.000         0.000         3.136
 NONWACC        0.000         0.000         0.000         3.108
 NARACOMP       0.000         0.000         0.000         0.000        31.009
 WOLDCOMP       0.000         0.000         0.000         0.000         0.000
 ETHN_WHI       0.000         0.000         0.000         0.000         0.000
 M_AGE_BI       0.000         0.000         0.000         0.000         0.000
 M_HOME_O       0.000         0.000         0.000         0.000         0.000
 M_EDU_AL       0.000         0.000         0.000         0.000         0.000
 F8AGE          0.000         0.000         0.000         0.000         0.000
 F9AGE          0.000         0.000         0.000         0.000         0.000


           PSI
              WOLDCOMP      ETHN_WHI      M_AGE_BI      M_HOME_O      M_EDU_AL
              ________      ________      ________      ________      ________
 WOLDCOMP       1.879
 ETHN_WHI       0.000         0.019
 M_AGE_BI       0.000         0.000        10.560
 M_HOME_O       0.000         0.000         0.000         0.073
 M_EDU_AL       0.000         0.000         0.000         0.000         0.123
 F8AGE          0.000         0.000         0.000         0.000         0.000
 F9AGE          0.000         0.000         0.000         0.000         0.000


           PSI
              F8AGE         F9AGE
              ________      ________
 F8AGE          5.613
 F9AGE          0.000         7.454


TECHNICAL 4 OUTPUT


     ESTIMATES DERIVED FROM THE MODEL


           ESTIMATED MEANS FOR THE LATENT VARIABLES
              READ          NARAACC       WORDACC       NONWACC       NARACOMP
              ________      ________      ________      ________      ________
                0.000        66.334         7.534         5.229        25.018


           ESTIMATED MEANS FOR THE LATENT VARIABLES
              WOLDCOMP      ETHN_WHI      M_AGE_BI      M_HOME_O      M_EDU_AL
              ________      ________      ________      ________      ________
                7.474         0.959        29.056         0.819         0.428


           ESTIMATED MEANS FOR THE LATENT VARIABLES
              F8AGE         F9AGE
              ________      ________
              103.634       118.643


           S.E. FOR ESTIMATED MEANS FOR THE LATENT VARIABLES
              READ          NARAACC       WORDACC       NONWACC       NARACOMP
              ________      ________      ________      ________      ________
                0.000         0.349         0.043         0.043         0.135


           S.E. FOR ESTIMATED MEANS FOR THE LATENT VARIABLES
              WOLDCOMP      ETHN_WHI      M_AGE_BI      M_HOME_O      M_EDU_AL
              ________      ________      ________      ________      ________
                0.036         0.004         0.081         0.007         0.009


           S.E. FOR ESTIMATED MEANS FOR THE LATENT VARIABLES
              F8AGE         F9AGE
              ________      ________
                0.068         0.066


           EST./S.E. FOR ESTIMATED MEANS FOR THE LATENT VARIABLES
              READ          NARAACC       WORDACC       NONWACC       NARACOMP
              ________      ________      ________      ________      ________
                0.000       190.010       175.737       122.193       185.863


           EST./S.E. FOR ESTIMATED MEANS FOR THE LATENT VARIABLES
              WOLDCOMP      ETHN_WHI      M_AGE_BI      M_HOME_O      M_EDU_AL
              ________      ________      ________      ________      ________
              209.137       263.538       359.122       118.935        48.491


           EST./S.E. FOR ESTIMATED MEANS FOR THE LATENT VARIABLES
              F8AGE         F9AGE
              ________      ________
             1533.549      1797.818


           TWO-TAILED P-VALUE FOR ESTIMATED MEANS FOR THE LATENT VARIABLES
              READ          NARAACC       WORDACC       NONWACC       NARACOMP
              ________      ________      ________      ________      ________
                1.000         0.000         0.000         0.000         0.000


           TWO-TAILED P-VALUE FOR ESTIMATED MEANS FOR THE LATENT VARIABLES
              WOLDCOMP      ETHN_WHI      M_AGE_BI      M_HOME_O      M_EDU_AL
              ________      ________      ________      ________      ________
                0.000         0.000         0.000         0.000         0.000


           TWO-TAILED P-VALUE FOR ESTIMATED MEANS FOR THE LATENT VARIABLES
              F8AGE         F9AGE
              ________      ________
                0.000         0.000


           ESTIMATED COVARIANCE MATRIX FOR THE LATENT VARIABLES
              READ          NARAACC       WORDACC       NONWACC       NARACOMP
              ________      ________      ________      ________      ________
 READ          46.449
 NARAACC      129.818       417.181
 WORDACC       14.356        42.217         6.281
 NONWACC       12.805        37.580         4.135         6.259
 NARACOMP      44.202       130.867        14.388        12.807        62.018
 WOLDCOMP       3.881        10.972         1.212         1.081         3.737
 ETHN_WHI       0.000         0.000         0.000         0.000         0.000
 M_AGE_BI       0.000         0.000         0.000         0.000         0.000
 M_HOME_O       0.000         0.000         0.000         0.000         0.000
 M_EDU_AL       0.000         0.000         0.000         0.000         0.000
 F8AGE         -2.802        -4.376        -0.524        -0.480        -1.468
 F9AGE         -5.329         2.487         0.074         0.005         0.957


           ESTIMATED COVARIANCE MATRIX FOR THE LATENT VARIABLES
              WOLDCOMP      ETHN_WHI      M_AGE_BI      M_HOME_O      M_EDU_AL
              ________      ________      ________      ________      ________
 WOLDCOMP       3.721
 ETHN_WHI      -0.011         0.038
 M_AGE_BI       0.482        -0.010        21.129
 M_HOME_O       0.026         0.007         0.491         0.147
 M_EDU_AL       0.101         0.000         0.626         0.031         0.246
 F8AGE          0.173        -0.041        -0.713        -0.084        -0.066
 F9AGE         -0.341         0.000         0.000         0.000         0.000


           ESTIMATED COVARIANCE MATRIX FOR THE LATENT VARIABLES
              F8AGE         F9AGE
              ________      ________
 F8AGE         11.297
 F9AGE          3.164        14.907


           S.E. FOR ESTIMATED COVARIANCE MATRIX FOR THE LATENT VARIABLES
              READ          NARAACC       WORDACC       NONWACC       NARACOMP
              ________      ________      ________      ________      ________
 READ           1.920
 NARAACC        3.520         8.823
 WORDACC        0.461         1.217         0.181
 NONWACC        0.363         0.967         0.135         0.123
 NARACOMP       1.448         3.459         0.452         0.357         1.407
 WOLDCOMP       0.294         0.773         0.087         0.077         0.277
 ETHN_WHI       0.000         0.000         0.000         0.000         0.000
 M_AGE_BI       0.000         0.000         0.000         0.000         0.000
 M_HOME_O       0.000         0.000         0.000         0.000         0.000
 M_EDU_AL       0.000         0.000         0.000         0.000         0.000
 F8AGE          0.632         1.465         0.163         0.145         0.501
 F9AGE          1.740         1.424         0.177         0.167         0.551


           S.E. FOR ESTIMATED COVARIANCE MATRIX FOR THE LATENT VARIABLES
              WOLDCOMP      ETHN_WHI      M_AGE_BI      M_HOME_O      M_EDU_AL
              ________      ________      ________      ________      ________
 WOLDCOMP       0.101
 ETHN_WHI       0.007         0.003
 M_AGE_BI       0.166         0.018         0.525
 M_HOME_O       0.014         0.002         0.036         0.004
 M_EDU_AL       0.018         0.002         0.039         0.003         0.001
 F8AGE          0.131         0.019         0.361         0.034         0.035
 F9AGE          0.146         0.000         0.000         0.000         0.000


           S.E. FOR ESTIMATED COVARIANCE MATRIX FOR THE LATENT VARIABLES
              F8AGE         F9AGE
              ________      ________
 F8AGE          0.680
 F9AGE          0.419         0.548


           EST./S.E. FOR ESTIMATED COVARIANCE MATRIX FOR THE LATENT VARIABLES
              READ          NARAACC       WORDACC       NONWACC       NARACOMP
              ________      ________      ________      ________      ________
 READ          24.191
 NARAACC       36.877        47.285
 WORDACC       31.151        34.700        34.640
 NONWACC       35.237        38.875        30.652        50.741
 NARACOMP      30.521        37.832        31.813        35.842        44.069
 WOLDCOMP      13.214        14.200        13.883        14.063        13.508
 ETHN_WHI       0.000         0.000         0.000         0.000         0.000
 M_AGE_BI       0.000         0.000         0.000         0.000         0.000
 M_HOME_O       0.000         0.000         0.000         0.000         0.000
 M_EDU_AL       0.000         0.000         0.000         0.000         0.000
 F8AGE         -4.435        -2.987        -3.206        -3.315        -2.930
 F9AGE         -3.062         1.747         0.418         0.028         1.739


           EST./S.E. FOR ESTIMATED COVARIANCE MATRIX FOR THE LATENT VARIABLES
              WOLDCOMP      ETHN_WHI      M_AGE_BI      M_HOME_O      M_EDU_AL
              ________      ________      ________      ________      ________
 WOLDCOMP      36.812
 ETHN_WHI      -1.469        11.794
 M_AGE_BI       2.903        -0.522        40.229
 M_HOME_O       1.850         3.715        13.545        33.395
 M_EDU_AL       5.612        -0.097        15.936         9.370       198.992
 F8AGE          1.320        -2.211        -1.977        -2.502        -1.914
 F9AGE         -2.345         0.000         0.000         0.000         0.000


           EST./S.E. FOR ESTIMATED COVARIANCE MATRIX FOR THE LATENT VARIABLES
              F8AGE         F9AGE
              ________      ________
 F8AGE         16.603
 F9AGE          7.547        27.201


           TWO-TAILED P-VALUE FOR ESTIMATED COVARIANCE MATRIX FOR THE LATENT VARIABLES
              READ          NARAACC       WORDACC       NONWACC       NARACOMP
              ________      ________      ________      ________      ________
 READ           0.000
 NARAACC        0.000         0.000
 WORDACC        0.000         0.000         0.000
 NONWACC        0.000         0.000         0.000         0.000
 NARACOMP       0.000         0.000         0.000         0.000         0.000
 WOLDCOMP       0.000         0.000         0.000         0.000         0.000
 ETHN_WHI       1.000         1.000         1.000         1.000         1.000
 M_AGE_BI       1.000         1.000         1.000         1.000         1.000
 M_HOME_O       1.000         1.000         1.000         1.000         1.000
 M_EDU_AL       1.000         1.000         1.000         1.000         1.000
 F8AGE          0.000         0.003         0.001         0.001         0.003
 F9AGE          0.002         0.081         0.676         0.978         0.082


           TWO-TAILED P-VALUE FOR ESTIMATED COVARIANCE MATRIX FOR THE LATENT VARIABLES
              WOLDCOMP      ETHN_WHI      M_AGE_BI      M_HOME_O      M_EDU_AL
              ________      ________      ________      ________      ________
 WOLDCOMP       0.000
 ETHN_WHI       0.142         0.000
 M_AGE_BI       0.004         0.602         0.000
 M_HOME_O       0.064         0.000         0.000         0.000
 M_EDU_AL       0.000         0.922         0.000         0.000         0.000
 F8AGE          0.187         0.027         0.048         0.012         0.056
 F9AGE          0.019         1.000         1.000         1.000         1.000


           TWO-TAILED P-VALUE FOR ESTIMATED COVARIANCE MATRIX FOR THE LATENT VARIABLES
              F8AGE         F9AGE
              ________      ________
 F8AGE          0.000
 F9AGE          0.000         0.000


           ESTIMATED CORRELATION MATRIX FOR THE LATENT VARIABLES
              READ          NARAACC       WORDACC       NONWACC       NARACOMP
              ________      ________      ________      ________      ________
 READ           1.000
 NARAACC        0.933         1.000
 WORDACC        0.841         0.825         1.000
 NONWACC        0.751         0.735         0.660         1.000
 NARACOMP       0.824         0.814         0.729         0.650         1.000
 WOLDCOMP       0.295         0.278         0.251         0.224         0.246
 ETHN_WHI       0.000         0.000         0.000         0.000         0.000
 M_AGE_BI       0.000         0.000         0.000         0.000         0.000
 M_HOME_O       0.000         0.000         0.000         0.000         0.000
 M_EDU_AL       0.000         0.000         0.000         0.000         0.000
 F8AGE         -0.122        -0.064        -0.062        -0.057        -0.055
 F9AGE         -0.203         0.032         0.008         0.000         0.031


           ESTIMATED CORRELATION MATRIX FOR THE LATENT VARIABLES
              WOLDCOMP      ETHN_WHI      M_AGE_BI      M_HOME_O      M_EDU_AL
              ________      ________      ________      ________      ________
 WOLDCOMP       1.000
 ETHN_WHI      -0.028         1.000
 M_AGE_BI       0.054        -0.011         1.000
 M_HOME_O       0.036         0.094         0.279         1.000
 M_EDU_AL       0.105        -0.002         0.274         0.163         1.000
 F8AGE          0.027        -0.062        -0.046        -0.065        -0.040
 F9AGE         -0.046         0.000         0.000         0.000         0.000


           ESTIMATED CORRELATION MATRIX FOR THE LATENT VARIABLES
              F8AGE         F9AGE
              ________      ________
 F8AGE          1.000
 F9AGE          0.244         1.000


           S.E. FOR ESTIMATED CORRELATION MATRIX FOR THE LATENT VARIABLES
              READ          NARAACC       WORDACC       NONWACC       NARACOMP
              ________      ________      ________      ________      ________
 READ           0.000
 NARAACC        0.015         0.000
 WORDACC        0.013         0.006         0.000
 NONWACC        0.013         0.008         0.010         0.000
 NARACOMP       0.014         0.007         0.008         0.009         0.000
 WOLDCOMP       0.019         0.018         0.016         0.015         0.016
 ETHN_WHI       0.000         0.000         0.000         0.000         0.000
 M_AGE_BI       0.000         0.000         0.000         0.000         0.000
 M_HOME_O       0.000         0.000         0.000         0.000         0.000
 M_EDU_AL       0.000         0.000         0.000         0.000         0.000
 F8AGE          0.026         0.021         0.019         0.017         0.019
 F9AGE          0.063         0.018         0.018         0.017         0.018


           S.E. FOR ESTIMATED CORRELATION MATRIX FOR THE LATENT VARIABLES
              WOLDCOMP      ETHN_WHI      M_AGE_BI      M_HOME_O      M_EDU_AL
              ________      ________      ________      ________      ________
 WOLDCOMP       0.000
 ETHN_WHI       0.019         0.000
 M_AGE_BI       0.019         0.021         0.000
 M_HOME_O       0.019         0.024         0.018         0.000
 M_EDU_AL       0.019         0.018         0.016         0.017         0.000
 F8AGE          0.020         0.028         0.023         0.026         0.021
 F9AGE          0.019         0.000         0.000         0.000         0.000


           S.E. FOR ESTIMATED CORRELATION MATRIX FOR THE LATENT VARIABLES
              F8AGE         F9AGE
              ________      ________
 F8AGE          0.000
 F9AGE          0.027         0.000


           EST./S.E. FOR ESTIMATED CORRELATION MATRIX FOR THE LATENT VARIABLES
              READ          NARAACC       WORDACC       NONWACC       NARACOMP
              ________      ________      ________      ________      ________
 READ         999.000
 NARAACC       64.210       999.000
 WORDACC       64.250       144.425       999.000
 NONWACC       57.640        89.501        65.999       999.000
 NARACOMP      59.240       119.219        94.888        72.464       999.000
 WOLDCOMP      15.583        15.570        15.465        15.336        15.097
 ETHN_WHI       0.000         0.000         0.000         0.000         0.000
 M_AGE_BI       0.000         0.000         0.000         0.000         0.000
 M_HOME_O       0.000         0.000         0.000         0.000         0.000
 M_EDU_AL       0.000         0.000         0.000         0.000         0.000
 F8AGE         -4.729        -3.008        -3.239        -3.343        -2.955
 F9AGE         -3.218         1.751         0.418         0.028         1.741


           EST./S.E. FOR ESTIMATED CORRELATION MATRIX FOR THE LATENT VARIABLES
              WOLDCOMP      ETHN_WHI      M_AGE_BI      M_HOME_O      M_EDU_AL
              ________      ________      ________      ________      ________
 WOLDCOMP     999.000
 ETHN_WHI      -1.478       999.000
 M_AGE_BI       2.910        -0.522       999.000
 M_HOME_O       1.852         3.880        15.123       999.000
 M_EDU_AL       5.630        -0.097        16.842         9.685       999.000
 F8AGE          1.328        -2.252        -1.990        -2.523        -1.928
 F9AGE         -2.362         0.000         0.000         0.000         0.000


           EST./S.E. FOR ESTIMATED CORRELATION MATRIX FOR THE LATENT VARIABLES
              F8AGE         F9AGE
              ________      ________
 F8AGE        999.000
 F9AGE          8.987       999.000


           TWO-TAILED P-VALUE FOR ESTIMATED CORRELATION MATRIX FOR THE LATENT VARIABLES
              READ          NARAACC       WORDACC       NONWACC       NARACOMP
              ________      ________      ________      ________      ________
 READ           0.000
 NARAACC        0.000         0.000
 WORDACC        0.000         0.000         0.000
 NONWACC        0.000         0.000         0.000         0.000
 NARACOMP       0.000         0.000         0.000         0.000         0.000
 WOLDCOMP       0.000         0.000         0.000         0.000         0.000
 ETHN_WHI       1.000         1.000         1.000         1.000         1.000
 M_AGE_BI       1.000         1.000         1.000         1.000         1.000
 M_HOME_O       1.000         1.000         1.000         1.000         1.000
 M_EDU_AL       1.000         1.000         1.000         1.000         1.000
 F8AGE          0.000         0.003         0.001         0.001         0.003
 F9AGE          0.001         0.080         0.676         0.977         0.082


           TWO-TAILED P-VALUE FOR ESTIMATED CORRELATION MATRIX FOR THE LATENT VARIABLES
              WOLDCOMP      ETHN_WHI      M_AGE_BI      M_HOME_O      M_EDU_AL
              ________      ________      ________      ________      ________
 WOLDCOMP       0.000
 ETHN_WHI       0.139         0.000
 M_AGE_BI       0.004         0.602         0.000
 M_HOME_O       0.064         0.000         0.000         0.000
 M_EDU_AL       0.000         0.922         0.000         0.000         0.000
 F8AGE          0.184         0.024         0.047         0.012         0.054
 F9AGE          0.018         1.000         1.000         1.000         1.000


           TWO-TAILED P-VALUE FOR ESTIMATED CORRELATION MATRIX FOR THE LATENT VARIABLES
              F8AGE         F9AGE
              ________      ________
 F8AGE          0.000
 F9AGE          0.000         0.000


SAMPLE STATISTICS FOR ESTIMATED FACTOR SCORES


     SAMPLE STATISTICS


           Means
              READ          READ_SE
              ________      ________
                0.000         1.514


           Covariances
              READ          READ_SE
              ________      ________
 READ          44.158
 READ_SE       -0.005         0.000


           Correlations
              READ          READ_SE
              ________      ________
 READ           1.000
 READ_SE       -0.068         1.000


PLOT INFORMATION

The following plots are available:

  Histograms (sample values, estimated factor scores, estimated values, residuals)
  Scatterplots (sample values, estimated factor scores, estimated values, residuals)
  Latent variable distribution plots

     Beginning Time:  09:57:42
        Ending Time:  09:57:42
       Elapsed Time:  00:00:00



MUTHEN & MUTHEN
3463 Stoner Ave.
Los Angeles, CA  90066

Tel: (310) 391-9971
Fax: (310) 391-8971
Web: www.StatModel.com
Support: Support@StatModel.com

Copyright (c) 1998-2020 Muthen & Muthen
