Mplus VERSION 8.5
MUTHEN & MUTHEN
09/17/2021   8:37 PM

INPUT INSTRUCTIONS

  TITLE:
   LPA Model B: 9 classes;
  DATA:
  FILE = "mplus_models/simpview/lpa_comp/sv_lpa_mbench_576296b10d9f155ad9363f1cbb7ab8da.dat"

  VARIABLE:
  NAMES = cidB3153 f8age f9age naraAcc naraComp woldComp combAcc;
   MISSING=.;
    idvariable = cidB3153; classes = c(9);
  ANALYSIS:
   estimator = mlr; type = mixture;
                                                     starts = 0;
                                                     optseed = 125750;
                                                     k-1starts = 4000 1000;
                                                     STSCALE = 1;
  MODEL:
  %OVERALL%
             f8age; f9age;
             combAcc naraAcc naraComp on f9age;
             woldcomp on f8age;

   naraComp; naraAcc; combAcc; woldComp;

    naraComp with naraAcc;
    naraComp with combAcc;
    naraComp with woldComp;
    naraAcc with combAcc;
    naraAcc with woldComp;
    combAcc with woldComp;
  OUTPUT:
   TECH7 TECH11;
  PLOT:
  TYPE = PLOT3;



*** WARNING
  Input line exceeded 90 characters. Some input may be truncated.
  FILE = "mplus_models/simpview/lpa_comp/sv_lpa_mbench_576296b10d9f155ad9363f1cbb7ab8da.dat";
   1 WARNING(S) FOUND IN THE INPUT INSTRUCTIONS




LPA Model B: 9 classes;

SUMMARY OF ANALYSIS

Number of groups                                                 1
Number of observations                                        3423

Number of dependent variables                                    4
Number of independent variables                                  2
Number of continuous latent variables                            0
Number of categorical latent variables                           1

Observed dependent variables

  Continuous
   NARAACC     NARACOMP    WOLDCOMP    COMBACC

Observed independent variables
   F8AGE       F9AGE

Categorical latent variables
   C

Variables with special functions

  ID variable           CIDB3153

Estimator                                                      MLR
Information matrix                                        OBSERVED
Optimization Specifications for the Quasi-Newton Algorithm for
Continuous Outcomes
  Maximum number of iterations                                 100
  Convergence criterion                                  0.100D-05
Optimization Specifications for the EM Algorithm
  Maximum number of iterations                                 500
  Convergence criteria
    Loglikelihood change                                 0.100D-06
    Relative loglikelihood change                        0.100D-06
    Derivative                                           0.100D-05
Optimization Specifications for the M step of the EM Algorithm for
Categorical Latent variables
  Number of M step iterations                                    1
  M step convergence criterion                           0.100D-05
  Basis for M step termination                           ITERATION
Optimization Specifications for the M step of the EM Algorithm for
Censored, Binary or Ordered Categorical (Ordinal), Unordered
Categorical (Nominal) and Count Outcomes
  Number of M step iterations                                    1
  M step convergence criterion                           0.100D-05
  Basis for M step termination                           ITERATION
  Maximum value for logit thresholds                            15
  Minimum value for logit thresholds                           -15
  Minimum expected cell size for chi-square              0.100D-01
Maximum number of iterations for H1                           2000
Convergence criterion for H1                             0.100D-03
Optimization algorithm                                         EMA
Random Starts Specifications
  Random seed for analysis                                  125750

Input data file(s)
  mplus_models/simpview/lpa_comp/sv_lpa_mbench_576296b10d9f155ad9363f1cbb7ab8da.
Input data format  FREE


SUMMARY OF DATA

     Number of missing data patterns             5
     Number of y missing data patterns           5
     Number of u missing data patterns           0


COVARIANCE COVERAGE OF DATA

Minimum covariance coverage value   0.100


     PROPORTION OF DATA PRESENT FOR Y


           Covariance Coverage
              NARAACC       NARACOMP      WOLDCOMP      COMBACC       F8AGE
              ________      ________      ________      ________      ________
 NARAACC        1.000
 NARACOMP       1.000         1.000
 WOLDCOMP       0.852         0.852         0.852
 COMBACC        0.996         0.996         0.850         0.996
 F8AGE          0.861         0.861         0.852         0.858         0.861
 F9AGE          1.000         1.000         0.852         0.996         0.861


           Covariance Coverage
              F9AGE
              ________
 F9AGE          1.000



UNIVARIATE SAMPLE STATISTICS


     UNIVARIATE HIGHER-ORDER MOMENT DESCRIPTIVE STATISTICS

         Variable/         Mean/     Skewness/   Minimum/ % with                Percentiles
        Sample Size      Variance    Kurtosis    Maximum  Min/Max      20%/60%    40%/80%    Median

     NARAACC              66.334      -0.525       0.000    0.06%      48.000     62.000     69.000
            3423.000     417.180      -0.469     100.000    0.06%      76.000     86.000
     NARACOMP             25.018      -0.273       0.000    0.09%      18.000     23.000     25.000
            3423.000      62.018      -0.237      44.000    0.03%      28.000     32.000
     WOLDCOMP              7.517       0.082       2.000    0.41%       6.000      7.000      7.000
            2917.000       3.758       0.190      15.000    0.03%       8.000      9.000
     COMBACC              12.788      -0.783       0.000    1.44%       9.000     13.000     14.000
            3408.000      21.534      -0.011      20.000    1.44%      15.000     17.000
     F8AGE               103.533       2.579      94.000    0.03%     102.000    102.000    103.000
            2947.000      11.227       8.561     126.000    0.03%     103.000    105.000
     F9AGE               118.643       1.305     105.000    0.03%     116.000    117.000    118.000
            3423.000      14.907       2.626     139.000    0.06%     119.000    121.000


THE MODEL ESTIMATION TERMINATED NORMALLY



MODEL FIT INFORMATION

Number of Free Parameters                       79

Loglikelihood

          H0 Value                      -54391.867
          H0 Scaling Correction Factor      1.4190
            for MLR

Information Criteria

          Akaike (AIC)                  108941.735
          Bayesian (BIC)                109426.658
          Sample-Size Adjusted BIC      109175.638
            (n* = (n + 2) / 24)



FINAL CLASS COUNTS AND PROPORTIONS FOR THE LATENT CLASSES
BASED ON THE ESTIMATED MODEL

    Latent
   Classes

       1        570.62638          0.16670
       2       2119.25888          0.61912
       3         78.42935          0.02291
       4         37.91556          0.01108
       5        195.96770          0.05725
       6         51.00867          0.01490
       7         48.48309          0.01416
       8         22.85337          0.00668
       9        298.45700          0.08719


FINAL CLASS COUNTS AND PROPORTIONS FOR THE LATENT CLASSES
BASED ON ESTIMATED POSTERIOR PROBABILITIES

    Latent
   Classes

       1        570.62638          0.16670
       2       2119.25888          0.61912
       3         78.42935          0.02291
       4         37.91556          0.01108
       5        195.96770          0.05725
       6         51.00867          0.01490
       7         48.48309          0.01416
       8         22.85337          0.00668
       9        298.45700          0.08719


FINAL CLASS COUNTS AND PROPORTIONS FOR THE LATENT CLASSES
BASED ON THEIR MOST LIKELY LATENT CLASS MEMBERSHIP

Class Counts and Proportions

    Latent
   Classes

       1              548          0.16009
       2             2208          0.64505
       3               61          0.01782
       4               27          0.00789
       5              162          0.04733
       6               44          0.01285
       7               46          0.01344
       8               22          0.00643
       9              305          0.08910


CLASSIFICATION QUALITY

     Entropy                         0.855


Average Latent Class Probabilities for Most Likely Latent Class Membership (Row)
by Latent Class (Column)

           1        2        3        4        5        6        7        8        9

    1   0.834    0.122    0.001    0.014    0.012    0.001    0.011    0.000    0.005
    2   0.047    0.906    0.002    0.000    0.020    0.002    0.000    0.000    0.023
    3   0.000    0.003    0.877    0.025    0.051    0.038    0.000    0.000    0.006
    4   0.004    0.000    0.024    0.946    0.015    0.011    0.000    0.000    0.000
    5   0.025    0.090    0.017    0.010    0.847    0.000    0.002    0.000    0.008
    6   0.000    0.000    0.055    0.023    0.001    0.920    0.000    0.000    0.000
    7   0.062    0.003    0.021    0.005    0.005    0.002    0.824    0.010    0.067
    8   0.000    0.000    0.006    0.000    0.000    0.019    0.004    0.931    0.040
    9   0.008    0.121    0.045    0.000    0.016    0.006    0.013    0.006    0.784



Classification Probabilities for the Most Likely Latent Class Membership (Column)
by Latent Class (Row)

           1        2        3        4        5        6        7        8        9

    1   0.801    0.182    0.000    0.000    0.007    0.000    0.005    0.000    0.004
    2   0.032    0.944    0.000    0.000    0.007    0.000    0.000    0.000    0.017
    3   0.008    0.046    0.682    0.008    0.036    0.031    0.012    0.002    0.175
    4   0.200    0.006    0.041    0.674    0.045    0.027    0.006    0.000    0.001
    5   0.033    0.222    0.016    0.002    0.700    0.000    0.001    0.000    0.025
    6   0.012    0.096    0.045    0.006    0.001    0.794    0.002    0.008    0.036
    7   0.124    0.004    0.000    0.000    0.005    0.000    0.782    0.002    0.083
    8   0.000    0.000    0.000    0.000    0.000    0.001    0.021    0.896    0.082
    9   0.009    0.171    0.001    0.000    0.004    0.000    0.010    0.003    0.801



Logits for the Classification Probabilities for the Most Likely Latent Class Membership (Column)
by Latent Class (Row)

              1        2        3        4        5        6        7        8        9

    1      5.210    3.730   -8.383   -3.256    0.485   -8.383    0.138   -8.383    0.000
    2      0.593    3.992   -5.234   -9.766   -0.925   -9.766   -5.695   -9.766    0.000
    3     -3.137   -1.342    1.357   -3.042   -1.598   -1.731   -2.650   -4.644    0.000
    4      5.619    2.174    4.032    6.832    4.120    3.603    2.153   -6.589    0.000
    5      0.263    2.164   -0.479   -2.539    3.313   -4.926   -3.106  -10.146    0.000
    6     -1.149    0.973    0.216   -1.811   -4.247    3.083   -2.969   -1.474    0.000
    7      0.400   -3.069   -8.451  -11.328   -2.771  -11.328    2.242   -3.926    0.000
    8     -9.454   -8.887   -5.764   -7.004  -11.317   -4.859   -1.366    2.388    0.000
    9     -4.482   -1.543   -6.513  -13.593   -5.198  -13.593   -4.351   -5.593    0.000



MODEL RESULTS

                                                    Two-Tailed
                    Estimate       S.E.  Est./S.E.    P-Value

Latent Class 1

 COMBACC    ON
    F9AGE             -0.020      0.035     -0.584      0.559

 NARAACC    ON
    F9AGE              0.240      0.158      1.518      0.129

 NARACOMP   ON
    F9AGE              0.078      0.063      1.233      0.218

 WOLDCOMP   ON
    F8AGE              0.011      0.026      0.433      0.665

 NARACOMP WITH
    NARAACC           75.683      4.152     18.230      0.000
    COMBACC           10.200      0.919     11.094      0.000
    WOLDCOMP           5.119      0.294     17.411      0.000

 NARAACC  WITH
    COMBACC           34.160      2.780     12.290      0.000
    WOLDCOMP           7.699      0.742     10.371      0.000

 COMBACC  WITH
    WOLDCOMP           1.058      0.169      6.255      0.000

 F9AGE    WITH
    F8AGE              0.333      0.172      1.940      0.052

 Means
    F8AGE            102.837      0.092   1111.917      0.000
    F9AGE            117.523      0.150    782.739      0.000

 Intercepts
    NARAACC           13.233     18.491      0.716      0.474
    NARACOMP           7.467      7.368      1.013      0.311
    WOLDCOMP           5.823      2.638      2.208      0.027
    COMBACC            8.319      4.056      2.051      0.040

 Variances
    F8AGE              2.500      0.152     16.468      0.000
    F9AGE              6.646      0.418     15.916      0.000

 Residual Variances
    NARAACC          250.800     12.493     20.075      0.000
    NARACOMP          42.319      1.529     27.680      0.000
    WOLDCOMP           3.661      0.101     36.284      0.000
    COMBACC            9.513      0.678     14.041      0.000

Latent Class 2

 COMBACC    ON
    F9AGE             -0.020      0.035     -0.584      0.559

 NARAACC    ON
    F9AGE              0.240      0.158      1.518      0.129

 NARACOMP   ON
    F9AGE              0.078      0.063      1.233      0.218

 WOLDCOMP   ON
    F8AGE              0.011      0.026      0.433      0.665

 NARACOMP WITH
    NARAACC           75.683      4.152     18.230      0.000
    COMBACC           10.200      0.919     11.094      0.000
    WOLDCOMP           5.119      0.294     17.411      0.000

 NARAACC  WITH
    COMBACC           34.160      2.780     12.290      0.000
    WOLDCOMP           7.699      0.742     10.371      0.000

 COMBACC  WITH
    WOLDCOMP           1.058      0.169      6.255      0.000

 F9AGE    WITH
    F8AGE              0.333      0.172      1.940      0.052

 Means
    F8AGE            102.606      0.049   2102.227      0.000
    F9AGE            117.368      0.091   1295.121      0.000

 Intercepts
    NARAACC           44.921     18.411      2.440      0.015
    NARACOMP          18.125      7.347      2.467      0.014
    WOLDCOMP           6.526      2.626      2.485      0.013
    COMBACC           16.987      4.064      4.180      0.000

 Variances
    F8AGE              2.500      0.152     16.468      0.000
    F9AGE              6.646      0.418     15.916      0.000

 Residual Variances
    NARAACC          250.800     12.493     20.075      0.000
    NARACOMP          42.319      1.529     27.680      0.000
    WOLDCOMP           3.661      0.101     36.284      0.000
    COMBACC            9.513      0.678     14.041      0.000

Latent Class 3

 COMBACC    ON
    F9AGE             -0.020      0.035     -0.584      0.559

 NARAACC    ON
    F9AGE              0.240      0.158      1.518      0.129

 NARACOMP   ON
    F9AGE              0.078      0.063      1.233      0.218

 WOLDCOMP   ON
    F8AGE              0.011      0.026      0.433      0.665

 NARACOMP WITH
    NARAACC           75.683      4.152     18.230      0.000
    COMBACC           10.200      0.919     11.094      0.000
    WOLDCOMP           5.119      0.294     17.411      0.000

 NARAACC  WITH
    COMBACC           34.160      2.780     12.290      0.000
    WOLDCOMP           7.699      0.742     10.371      0.000

 COMBACC  WITH
    WOLDCOMP           1.058      0.169      6.255      0.000

 F9AGE    WITH
    F8AGE              0.333      0.172      1.940      0.052

 Means
    F8AGE            113.326      0.481    235.805      0.000
    F9AGE            124.523      0.906    137.370      0.000

 Intercepts
    NARAACC           40.529     19.725      2.055      0.040
    NARACOMP          15.579      7.716      2.019      0.043
    WOLDCOMP           6.831      2.904      2.353      0.019
    COMBACC           16.672      4.084      4.082      0.000

 Variances
    F8AGE              2.500      0.152     16.468      0.000
    F9AGE              6.646      0.418     15.916      0.000

 Residual Variances
    NARAACC          250.800     12.493     20.075      0.000
    NARACOMP          42.319      1.529     27.680      0.000
    WOLDCOMP           3.661      0.101     36.284      0.000
    COMBACC            9.513      0.678     14.041      0.000

Latent Class 4

 COMBACC    ON
    F9AGE             -0.020      0.035     -0.584      0.559

 NARAACC    ON
    F9AGE              0.240      0.158      1.518      0.129

 NARACOMP   ON
    F9AGE              0.078      0.063      1.233      0.218

 WOLDCOMP   ON
    F8AGE              0.011      0.026      0.433      0.665

 NARACOMP WITH
    NARAACC           75.683      4.152     18.230      0.000
    COMBACC           10.200      0.919     11.094      0.000
    WOLDCOMP           5.119      0.294     17.411      0.000

 NARAACC  WITH
    COMBACC           34.160      2.780     12.290      0.000
    WOLDCOMP           7.699      0.742     10.371      0.000

 COMBACC  WITH
    WOLDCOMP           1.058      0.169      6.255      0.000

 F9AGE    WITH
    F8AGE              0.333      0.172      1.940      0.052

 Means
    F8AGE            113.160      2.106     53.725      0.000
    F9AGE            118.041      3.094     38.153      0.000

 Intercepts
    NARAACC            2.261     19.026      0.119      0.905
    NARACOMP           2.445      7.566      0.323      0.747
    WOLDCOMP           5.639      2.921      1.930      0.054
    COMBACC            6.180      4.113      1.502      0.133

 Variances
    F8AGE              2.500      0.152     16.468      0.000
    F9AGE              6.646      0.418     15.916      0.000

 Residual Variances
    NARAACC          250.800     12.493     20.075      0.000
    NARACOMP          42.319      1.529     27.680      0.000
    WOLDCOMP           3.661      0.101     36.284      0.000
    COMBACC            9.513      0.678     14.041      0.000

Latent Class 5

 COMBACC    ON
    F9AGE             -0.020      0.035     -0.584      0.559

 NARAACC    ON
    F9AGE              0.240      0.158      1.518      0.129

 NARACOMP   ON
    F9AGE              0.078      0.063      1.233      0.218

 WOLDCOMP   ON
    F8AGE              0.011      0.026      0.433      0.665

 NARACOMP WITH
    NARAACC           75.683      4.152     18.230      0.000
    COMBACC           10.200      0.919     11.094      0.000
    WOLDCOMP           5.119      0.294     17.411      0.000

 NARAACC  WITH
    COMBACC           34.160      2.780     12.290      0.000
    WOLDCOMP           7.699      0.742     10.371      0.000

 COMBACC  WITH
    WOLDCOMP           1.058      0.169      6.255      0.000

 F9AGE    WITH
    F8AGE              0.333      0.172      1.940      0.052

 Means
    F8AGE            108.108      0.319    339.052      0.000
    F9AGE            119.254      0.358    333.019      0.000

 Intercepts
    NARAACC           38.657     19.117      2.022      0.043
    NARACOMP          16.055      7.618      2.108      0.035
    WOLDCOMP           6.176      2.832      2.181      0.029
    COMBACC           15.609      4.274      3.652      0.000

 Variances
    F8AGE              2.500      0.152     16.468      0.000
    F9AGE              6.646      0.418     15.916      0.000

 Residual Variances
    NARAACC          250.800     12.493     20.075      0.000
    NARACOMP          42.319      1.529     27.680      0.000
    WOLDCOMP           3.661      0.101     36.284      0.000
    COMBACC            9.513      0.678     14.041      0.000

Latent Class 6

 COMBACC    ON
    F9AGE             -0.020      0.035     -0.584      0.559

 NARAACC    ON
    F9AGE              0.240      0.158      1.518      0.129

 NARACOMP   ON
    F9AGE              0.078      0.063      1.233      0.218

 WOLDCOMP   ON
    F8AGE              0.011      0.026      0.433      0.665

 NARACOMP WITH
    NARAACC           75.683      4.152     18.230      0.000
    COMBACC           10.200      0.919     11.094      0.000
    WOLDCOMP           5.119      0.294     17.411      0.000

 NARAACC  WITH
    COMBACC           34.160      2.780     12.290      0.000
    WOLDCOMP           7.699      0.742     10.371      0.000

 COMBACC  WITH
    WOLDCOMP           1.058      0.169      6.255      0.000

 F9AGE    WITH
    F8AGE              0.333      0.172      1.940      0.052

 Means
    F8AGE            117.950      0.733    160.884      0.000
    F9AGE            120.190      0.636    188.959      0.000

 Intercepts
    NARAACC           38.465     17.850      2.155      0.031
    NARACOMP          17.135      6.899      2.484      0.013
    WOLDCOMP           6.808      3.102      2.195      0.028
    COMBACC           16.061      3.763      4.268      0.000

 Variances
    F8AGE              2.500      0.152     16.468      0.000
    F9AGE              6.646      0.418     15.916      0.000

 Residual Variances
    NARAACC          250.800     12.493     20.075      0.000
    NARACOMP          42.319      1.529     27.680      0.000
    WOLDCOMP           3.661      0.101     36.284      0.000
    COMBACC            9.513      0.678     14.041      0.000

Latent Class 7

 COMBACC    ON
    F9AGE             -0.020      0.035     -0.584      0.559

 NARAACC    ON
    F9AGE              0.240      0.158      1.518      0.129

 NARACOMP   ON
    F9AGE              0.078      0.063      1.233      0.218

 WOLDCOMP   ON
    F8AGE              0.011      0.026      0.433      0.665

 NARACOMP WITH
    NARAACC           75.683      4.152     18.230      0.000
    COMBACC           10.200      0.919     11.094      0.000
    WOLDCOMP           5.119      0.294     17.411      0.000

 NARAACC  WITH
    COMBACC           34.160      2.780     12.290      0.000
    WOLDCOMP           7.699      0.742     10.371      0.000

 COMBACC  WITH
    WOLDCOMP           1.058      0.169      6.255      0.000

 F9AGE    WITH
    F8AGE              0.333      0.172      1.940      0.052

 Means
    F8AGE            102.991      0.496    207.761      0.000
    F9AGE            126.978      1.036    122.622      0.000

 Intercepts
    NARAACC            3.027     20.325      0.149      0.882
    NARACOMP           3.718      8.083      0.460      0.646
    WOLDCOMP           4.974      2.726      1.824      0.068
    COMBACC            6.747      4.494      1.501      0.133

 Variances
    F8AGE              2.500      0.152     16.468      0.000
    F9AGE              6.646      0.418     15.916      0.000

 Residual Variances
    NARAACC          250.800     12.493     20.075      0.000
    NARACOMP          42.319      1.529     27.680      0.000
    WOLDCOMP           3.661      0.101     36.284      0.000
    COMBACC            9.513      0.678     14.041      0.000

Latent Class 8

 COMBACC    ON
    F9AGE             -0.020      0.035     -0.584      0.559

 NARAACC    ON
    F9AGE              0.240      0.158      1.518      0.129

 NARACOMP   ON
    F9AGE              0.078      0.063      1.233      0.218

 WOLDCOMP   ON
    F8AGE              0.011      0.026      0.433      0.665

 NARACOMP WITH
    NARAACC           75.683      4.152     18.230      0.000
    COMBACC           10.200      0.919     11.094      0.000
    WOLDCOMP           5.119      0.294     17.411      0.000

 NARAACC  WITH
    COMBACC           34.160      2.780     12.290      0.000
    WOLDCOMP           7.699      0.742     10.371      0.000

 COMBACC  WITH
    WOLDCOMP           1.058      0.169      6.255      0.000

 F9AGE    WITH
    F8AGE              0.333      0.172      1.940      0.052

 Means
    F8AGE            121.763      0.726    167.695      0.000
    F9AGE            133.280      1.101    121.065      0.000

 Intercepts
    NARAACC           43.238     22.026      1.963      0.050
    NARACOMP          15.659      8.652      1.810      0.070
    WOLDCOMP           6.963      3.166      2.200      0.028
    COMBACC           16.046      4.785      3.353      0.001

 Variances
    F8AGE              2.500      0.152     16.468      0.000
    F9AGE              6.646      0.418     15.916      0.000

 Residual Variances
    NARAACC          250.800     12.493     20.075      0.000
    NARACOMP          42.319      1.529     27.680      0.000
    WOLDCOMP           3.661      0.101     36.284      0.000
    COMBACC            9.513      0.678     14.041      0.000

Latent Class 9

 COMBACC    ON
    F9AGE             -0.020      0.035     -0.584      0.559

 NARAACC    ON
    F9AGE              0.240      0.158      1.518      0.129

 NARACOMP   ON
    F9AGE              0.078      0.063      1.233      0.218

 WOLDCOMP   ON
    F8AGE              0.011      0.026      0.433      0.665

 NARACOMP WITH
    NARAACC           75.683      4.152     18.230      0.000
    COMBACC           10.200      0.919     11.094      0.000
    WOLDCOMP           5.119      0.294     17.411      0.000

 NARAACC  WITH
    COMBACC           34.160      2.780     12.290      0.000
    WOLDCOMP           7.699      0.742     10.371      0.000

 COMBACC  WITH
    WOLDCOMP           1.058      0.169      6.255      0.000

 F9AGE    WITH
    F8AGE              0.333      0.172      1.940      0.052

 Means
    F8AGE            102.328      0.167    613.830      0.000
    F9AGE            125.226      0.421    297.171      0.000

 Intercepts
    NARAACC           43.157     20.231      2.133      0.033
    NARACOMP          18.514      8.095      2.287      0.022
    WOLDCOMP           6.024      2.616      2.303      0.021
    COMBACC           17.224      4.455      3.866      0.000

 Variances
    F8AGE              2.500      0.152     16.468      0.000
    F9AGE              6.646      0.418     15.916      0.000

 Residual Variances
    NARAACC          250.800     12.493     20.075      0.000
    NARACOMP          42.319      1.529     27.680      0.000
    WOLDCOMP           3.661      0.101     36.284      0.000
    COMBACC            9.513      0.678     14.041      0.000

Categorical Latent Variables

 Means
    C#1                0.648      0.144      4.485      0.000
    C#2                1.960      0.129     15.179      0.000
    C#3               -1.336      0.290     -4.607      0.000
    C#4               -2.063      0.468     -4.408      0.000
    C#5               -0.421      0.180     -2.341      0.019
    C#6               -1.767      0.234     -7.550      0.000
    C#7               -1.817      0.274     -6.644      0.000
    C#8               -2.570      0.257     -9.980      0.000


QUALITY OF NUMERICAL RESULTS

     Condition Number for the Information Matrix              0.201E-09
       (ratio of smallest to largest eigenvalue)


TECHNICAL 7 OUTPUT


     SAMPLE STATISTICS WEIGHTED BY ESTIMATED CLASS PROBABILITIES FOR CLASS 1


           Means
              NARAACC       NARACOMP      WOLDCOMP      COMBACC       F8AGE
              ________      ________      ________      ________      ________
               41.445        16.601         7.008         5.927       102.830


           Means
              F9AGE
              ________
              117.523


           Covariances
              NARAACC       NARACOMP      WOLDCOMP      COMBACC       F8AGE
              ________      ________      ________      ________      ________
 NARAACC      247.022
 NARACOMP      82.639        38.880
 WOLDCOMP       8.964         5.966         3.308
 COMBACC       37.733        13.195         1.609        10.126
 F8AGE         55.390        37.721        -0.090         7.154         2.492
 F9AGE          1.234         0.347        -1.200         0.074       -14.427


           Covariances
              F9AGE
              ________
 F9AGE          6.406


     SAMPLE STATISTICS WEIGHTED BY ESTIMATED CLASS PROBABILITIES FOR CLASS 2


           Means
              NARAACC       NARACOMP      WOLDCOMP      COMBACC       F8AGE
              ________      ________      ________      ________      ________
               73.097        27.248         7.682        14.587       102.602


           Means
              F9AGE
              ________
              117.368


           Covariances
              NARAACC       NARACOMP      WOLDCOMP      COMBACC       F8AGE
              ________      ________      ________      ________      ________
 NARAACC      240.635
 NARACOMP      70.154        41.884
 WOLDCOMP       9.937         6.548         3.733
 COMBACC       31.362         8.958         1.282         8.989
 F8AGE         29.617        15.711         0.054         4.089         2.252
 F9AGE          1.737         0.479        -0.618        -0.202        -7.983


           Covariances
              F9AGE
              ________
 F9AGE          5.819


     SAMPLE STATISTICS WEIGHTED BY ESTIMATED CLASS PROBABILITIES FOR CLASS 3


           Means
              NARAACC       NARACOMP      WOLDCOMP      COMBACC       F8AGE
              ________      ________      ________      ________      ________
               70.422        25.257         8.125        14.128       113.319


           Means
              F9AGE
              ________
              124.523


           Covariances
              NARAACC       NARACOMP      WOLDCOMP      COMBACC       F8AGE
              ________      ________      ________      ________      ________
 NARAACC      301.657
 NARACOMP      72.793        39.991
 WOLDCOMP       6.649         5.987         3.536
 COMBACC       45.872         9.762         1.626        12.350
 F8AGE         97.465        36.883         0.440        23.490         2.892
 F9AGE         -4.584        -0.893        -2.073        -0.372       -17.030


           Covariances
              F9AGE
              ________
 F9AGE          9.409


     SAMPLE STATISTICS WEIGHTED BY ESTIMATED CLASS PROBABILITIES FOR CLASS 4


           Means
              NARAACC       NARACOMP      WOLDCOMP      COMBACC       F8AGE
              ________      ________      ________      ________      ________
               30.598        11.619         6.918         3.767       113.150


           Means
              F9AGE
              ________
              118.041


           Covariances
              NARAACC       NARACOMP      WOLDCOMP      COMBACC       F8AGE
              ________      ________      ________      ________      ________
 NARAACC      231.060
 NARACOMP      79.321        36.488
 WOLDCOMP       7.689         5.730         3.261
 COMBACC       37.190        14.410         1.322         8.568
 F8AGE         80.645        39.131        -2.096        18.665         6.717
 F9AGE         -3.466        -2.163        -2.676        -1.500       -18.478


           Covariances
              F9AGE
              ________
 F9AGE         13.228


     SAMPLE STATISTICS WEIGHTED BY ESTIMATED CLASS PROBABILITIES FOR CLASS 5


           Means
              NARAACC       NARACOMP      WOLDCOMP      COMBACC       F8AGE
              ________      ________      ________      ________      ________
               67.285        25.324         7.398        13.187       108.101


           Means
              F9AGE
              ________
              119.254


           Covariances
              NARAACC       NARACOMP      WOLDCOMP      COMBACC       F8AGE
              ________      ________      ________      ________      ________
 NARAACC      293.704
 NARACOMP      89.138        48.670
 WOLDCOMP       8.861         5.919         3.792
 COMBACC       41.427        12.560         1.357        11.811
 F8AGE         40.483        21.015        -0.091         9.591         2.958
 F9AGE          0.343        -0.317        -1.752         0.022       -16.239


           Covariances
              F9AGE
              ________
 F9AGE          8.093


     SAMPLE STATISTICS WEIGHTED BY ESTIMATED CLASS PROBABILITIES FOR CLASS 6


           Means
              NARAACC       NARACOMP      WOLDCOMP      COMBACC       F8AGE
              ________      ________      ________      ________      ________
               67.318        26.476         8.158        13.605       117.941


           Means
              F9AGE
              ________
              120.190


           Covariances
              NARAACC       NARACOMP      WOLDCOMP      COMBACC       F8AGE
              ________      ________      ________      ________      ________
 NARAACC      366.555
 NARACOMP     108.248        53.777
 WOLDCOMP      14.392        12.964         5.265
 COMBACC       60.985        18.872         2.413        15.321
 F8AGE         34.270        20.831        -0.516        10.995         5.106
 F9AGE         -3.874        -3.592        -1.005        -1.872       -18.247


           Covariances
              F9AGE
              ________
 F9AGE          8.101


     SAMPLE STATISTICS WEIGHTED BY ESTIMATED CLASS PROBABILITIES FOR CLASS 7


           Means
              NARAACC       NARACOMP      WOLDCOMP      COMBACC       F8AGE
              ________      ________      ________      ________      ________
               33.509        13.587         6.117         4.394       102.966


           Means
              F9AGE
              ________
              126.978


           Covariances
              NARAACC       NARACOMP      WOLDCOMP      COMBACC       F8AGE
              ________      ________      ________      ________      ________
 NARAACC      196.608
 NARACOMP      76.897        38.197
 WOLDCOMP      12.872         2.576         5.235
 COMBACC       33.160        14.277         1.022         7.224
 F8AGE        259.162        35.335        -0.029        21.111         2.791
 F9AGE         -3.430         0.088        -2.869        -1.332       -51.217


           Covariances
              F9AGE
              ________
 F9AGE          9.063


     SAMPLE STATISTICS WEIGHTED BY ESTIMATED CLASS PROBABILITIES FOR CLASS 8


           Means
              NARAACC       NARACOMP      WOLDCOMP      COMBACC       F8AGE
              ________      ________      ________      ________      ________
               75.233        26.018         7.631        13.293       121.694


           Means
              F9AGE
              ________
              133.280


           Covariances
              NARAACC       NARACOMP      WOLDCOMP      COMBACC       F8AGE
              ________      ________      ________      ________      ________
 NARAACC      429.020
 NARACOMP     131.923        67.109
 WOLDCOMP     -49.755       -34.093         3.322
 COMBACC       73.197        22.671        -4.020        17.620
 F8AGE      -1022.007      -672.209         0.463      -107.237         3.314
 F9AGE          4.588         3.841       -16.503         0.835      -165.693


           Covariances
              F9AGE
              ________
 F9AGE         13.352


     SAMPLE STATISTICS WEIGHTED BY ESTIMATED CLASS PROBABILITIES FOR CLASS 9


           Means
              NARAACC       NARACOMP      WOLDCOMP      COMBACC       F8AGE
              ________      ________      ________      ________      ________
               73.219        28.246         7.209        14.665       102.321


           Means
              F9AGE
              ________
              125.226


           Covariances
              NARAACC       NARACOMP      WOLDCOMP      COMBACC       F8AGE
              ________      ________      ________      ________      ________
 NARAACC      269.793
 NARACOMP      83.897        46.186
 WOLDCOMP      14.963         8.417         3.310
 COMBACC       33.260         9.758         3.088         8.644
 F8AGE         70.917        31.332        -0.279        21.601         3.048
 F9AGE          3.516         1.300        -1.139         0.214       -13.636


           Covariances
              F9AGE
              ________
 F9AGE          9.306


TECHNICAL 11 OUTPUT

     Random Starts Specifications for the k-1 Class Analysis Model
        Number of initial stage random starts                4000
        Number of final stage optimizations                  1000



     VUONG-LO-MENDELL-RUBIN LIKELIHOOD RATIO TEST FOR 8 (H0) VERSUS 9 CLASSES

          H0 Loglikelihood Value                       -54457.275
          2 Times the Loglikelihood Difference            130.815
          Difference in the Number of Parameters                7
          Mean                                            161.749
          Standard Deviation                              315.374
          P-Value                                          0.3817

     LO-MENDELL-RUBIN ADJUSTED LRT TEST

          Value                                           128.558
          P-Value                                          0.3852


PLOT INFORMATION

The following plots are available:

  Histograms (sample values)
  Scatterplots (sample values)
  Estimated overall and class-specific distributions

     Beginning Time:  20:37:11
        Ending Time:  20:47:36
       Elapsed Time:  00:10:25



MUTHEN & MUTHEN
3463 Stoner Ave.
Los Angeles, CA  90066

Tel: (310) 391-9971
Fax: (310) 391-8971
Web: www.StatModel.com
Support: Support@StatModel.com

Copyright (c) 1998-2020 Muthen & Muthen
