Mplus VERSION 8.5
MUTHEN & MUTHEN
09/13/2021   4:51 PM

INPUT INSTRUCTIONS

  TITLE:
   LPA Model E: 5 classes;
  DATA:
  FILE = "mplus_models/simpview/lpa_comp/sv_lpa_mbench_576296b10d9f155ad9363f1cbb7ab8da.dat"

  VARIABLE:
  NAMES = cidB3153 f8age f9age naraAcc naraComp woldComp combAcc;
   MISSING=.;
    idvariable = cidb3153; classes = c(5);
  ANALYSIS:
   estimator = mlr; type = mixture;
                                                     starts = 0;
                                                     optseed = 392260;
                                                     k-1starts = 20 4;
                                                     STSCALE = 1;
  MODEL:
  %OVERALL%
             f8age; f9age;
             combAcc naraAcc naraComp on f9age;
             woldcomp on f8age;
   naraComp; naraAcc; combAcc; woldComp;

    naraComp with naraAcc;
    naraComp with combAcc;
    naraComp with woldComp;
    naraAcc with combAcc;
    naraAcc with woldComp;
    combAcc with woldComp;
   %c#1%
   naraComp; naraAcc; combAcc; woldComp;
    naraComp with naraAcc;
    naraComp with combAcc;
    naraComp with woldComp;
    naraAcc with combAcc;
    naraAcc with woldComp;
    combAcc with woldComp;
   %c#2%
   naraComp; naraAcc; combAcc; woldComp;
    naraComp with naraAcc;
    naraComp with combAcc;
    naraComp with woldComp;
    naraAcc with combAcc;
    naraAcc with woldComp;
    combAcc with woldComp;
   %c#3%
   naraComp; naraAcc; combAcc; woldComp;
    naraComp with naraAcc;
    naraComp with combAcc;
    naraComp with woldComp;
    naraAcc with combAcc;
    naraAcc with woldComp;
    combAcc with woldComp;
   %c#4%
   naraComp; naraAcc; combAcc; woldComp;
    naraComp with naraAcc;
    naraComp with combAcc;
    naraComp with woldComp;
    naraAcc with combAcc;
    naraAcc with woldComp;
    combAcc with woldComp;
   %c#5%
   naraComp; naraAcc; combAcc; woldComp;
    naraComp with naraAcc;
    naraComp with combAcc;
    naraComp with woldComp;
    naraAcc with combAcc;
    naraAcc with woldComp;
    combAcc with woldComp;
  OUTPUT:
   TECH7 TECH11;
  PLOT:
  TYPE = PLOT3;



*** WARNING
  Input line exceeded 90 characters. Some input may be truncated.
  FILE = "mplus_models/simpview/lpa_comp/sv_lpa_mbench_576296b10d9f155ad9363f1cbb7ab8da.dat";
   1 WARNING(S) FOUND IN THE INPUT INSTRUCTIONS




LPA Model E: 5 classes;

SUMMARY OF ANALYSIS

Number of groups                                                 1
Number of observations                                        3423

Number of dependent variables                                    4
Number of independent variables                                  2
Number of continuous latent variables                            0
Number of categorical latent variables                           1

Observed dependent variables

  Continuous
   NARAACC     NARACOMP    WOLDCOMP    COMBACC

Observed independent variables
   F8AGE       F9AGE

Categorical latent variables
   C

Variables with special functions

  ID variable           CIDB3153

Estimator                                                      MLR
Information matrix                                        OBSERVED
Optimization Specifications for the Quasi-Newton Algorithm for
Continuous Outcomes
  Maximum number of iterations                                 100
  Convergence criterion                                  0.100D-05
Optimization Specifications for the EM Algorithm
  Maximum number of iterations                                 500
  Convergence criteria
    Loglikelihood change                                 0.100D-06
    Relative loglikelihood change                        0.100D-06
    Derivative                                           0.100D-05
Optimization Specifications for the M step of the EM Algorithm for
Categorical Latent variables
  Number of M step iterations                                    1
  M step convergence criterion                           0.100D-05
  Basis for M step termination                           ITERATION
Optimization Specifications for the M step of the EM Algorithm for
Censored, Binary or Ordered Categorical (Ordinal), Unordered
Categorical (Nominal) and Count Outcomes
  Number of M step iterations                                    1
  M step convergence criterion                           0.100D-05
  Basis for M step termination                           ITERATION
  Maximum value for logit thresholds                            15
  Minimum value for logit thresholds                           -15
  Minimum expected cell size for chi-square              0.100D-01
Maximum number of iterations for H1                           2000
Convergence criterion for H1                             0.100D-03
Optimization algorithm                                         EMA
Random Starts Specifications
  Random seed for analysis                                  392260

Input data file(s)
  mplus_models/simpview/lpa_comp/sv_lpa_mbench_576296b10d9f155ad9363f1cbb7ab8da.
Input data format  FREE


SUMMARY OF DATA

     Number of missing data patterns             5
     Number of y missing data patterns           5
     Number of u missing data patterns           0


COVARIANCE COVERAGE OF DATA

Minimum covariance coverage value   0.100


     PROPORTION OF DATA PRESENT FOR Y


           Covariance Coverage
              NARAACC       NARACOMP      WOLDCOMP      COMBACC       F8AGE
              ________      ________      ________      ________      ________
 NARAACC        1.000
 NARACOMP       1.000         1.000
 WOLDCOMP       0.852         0.852         0.852
 COMBACC        0.996         0.996         0.850         0.996
 F8AGE          0.861         0.861         0.852         0.858         0.861
 F9AGE          1.000         1.000         0.852         0.996         0.861


           Covariance Coverage
              F9AGE
              ________
 F9AGE          1.000



UNIVARIATE SAMPLE STATISTICS


     UNIVARIATE HIGHER-ORDER MOMENT DESCRIPTIVE STATISTICS

         Variable/         Mean/     Skewness/   Minimum/ % with                Percentiles
        Sample Size      Variance    Kurtosis    Maximum  Min/Max      20%/60%    40%/80%    Median

     NARAACC              66.334      -0.525       0.000    0.06%      48.000     62.000     69.000
            3423.000     417.180      -0.469     100.000    0.06%      76.000     86.000
     NARACOMP             25.018      -0.273       0.000    0.09%      18.000     23.000     25.000
            3423.000      62.018      -0.237      44.000    0.03%      28.000     32.000
     WOLDCOMP              7.517       0.082       2.000    0.41%       6.000      7.000      7.000
            2917.000       3.758       0.190      15.000    0.03%       8.000      9.000
     COMBACC              12.788      -0.783       0.000    1.44%       9.000     13.000     14.000
            3408.000      21.534      -0.011      20.000    1.44%      15.000     17.000
     F8AGE               103.533       2.579      94.000    0.03%     102.000    102.000    103.000
            2947.000      11.227       8.561     126.000    0.03%     103.000    105.000
     F9AGE               118.643       1.305     105.000    0.03%     116.000    117.000    118.000
            3423.000      14.907       2.626     139.000    0.06%     119.000    121.000


THE MODEL ESTIMATION TERMINATED NORMALLY



MODEL FIT INFORMATION

Number of Free Parameters                       91

Loglikelihood

          H0 Value                      -54325.783
          H0 Scaling Correction Factor      1.1300
            for MLR

Information Criteria

          Akaike (AIC)                  108833.566
          Bayesian (BIC)                109392.149
          Sample-Size Adjusted BIC      109102.999
            (n* = (n + 2) / 24)



FINAL CLASS COUNTS AND PROPORTIONS FOR THE LATENT CLASSES
BASED ON THE ESTIMATED MODEL

    Latent
   Classes

       1        203.97814          0.05959
       2        919.78304          0.26871
       3        156.56632          0.04574
       4       1331.24025          0.38891
       5        811.43225          0.23705


FINAL CLASS COUNTS AND PROPORTIONS FOR THE LATENT CLASSES
BASED ON ESTIMATED POSTERIOR PROBABILITIES

    Latent
   Classes

       1        203.97814          0.05959
       2        919.78304          0.26871
       3        156.56632          0.04574
       4       1331.24025          0.38891
       5        811.43225          0.23705


FINAL CLASS COUNTS AND PROPORTIONS FOR THE LATENT CLASSES
BASED ON THEIR MOST LIKELY LATENT CLASS MEMBERSHIP

Class Counts and Proportions

    Latent
   Classes

       1              169          0.04937
       2              845          0.24686
       3              152          0.04441
       4             1380          0.40316
       5              877          0.25621


CLASSIFICATION QUALITY

     Entropy                         0.724


Average Latent Class Probabilities for Most Likely Latent Class Membership (Row)
by Latent Class (Column)

           1        2        3        4        5

    1   0.880    0.035    0.019    0.052    0.013
    2   0.019    0.858    0.011    0.112    0.000
    3   0.056    0.022    0.873    0.034    0.015
    4   0.018    0.127    0.006    0.781    0.068
    5   0.007    0.011    0.003    0.166    0.814


Classification Probabilities for the Most Likely Latent Class Membership (Column)
by Latent Class (Row)

           1        2        3        4        5

    1   0.729    0.078    0.042    0.122    0.029
    2   0.006    0.788    0.004    0.191    0.011
    3   0.021    0.060    0.848    0.055    0.016
    4   0.007    0.071    0.004    0.809    0.109
    5   0.003    0.000    0.003    0.115    0.879


Logits for the Classification Probabilities for the Most Likely Latent Class Membership (Column)
by Latent Class (Row)

              1        2        3        4        5

    1      3.214    0.976    0.351    1.423    0.000
    2     -0.508    4.302   -1.077    2.884    0.000
    3      0.273    1.333    3.975    1.246    0.000
    4     -2.799   -0.430   -3.330    2.004    0.000
    5     -5.782  -11.435   -5.754   -2.032    0.000


MODEL RESULTS

                                                    Two-Tailed
                    Estimate       S.E.  Est./S.E.    P-Value

Latent Class 1

 COMBACC    ON
    F9AGE              0.004      0.015      0.237      0.813

 NARAACC    ON
    F9AGE              0.227      0.063      3.594      0.000

 NARACOMP   ON
    F9AGE              0.112      0.029      3.943      0.000

 WOLDCOMP   ON
    F8AGE              0.041      0.022      1.870      0.062

 NARACOMP WITH
    NARAACC          148.485     20.049      7.406      0.000
    COMBACC           28.323      5.034      5.626      0.000
    WOLDCOMP           4.856      1.585      3.064      0.002

 NARAACC  WITH
    COMBACC           84.208     12.685      6.638      0.000
    WOLDCOMP           7.491      3.606      2.077      0.038

 COMBACC  WITH
    WOLDCOMP           1.185      0.790      1.500      0.134

 F9AGE    WITH
    F8AGE              0.069      0.199      0.345      0.730

 Means
    F8AGE            109.398      0.649    168.527      0.000
    F9AGE            120.032      0.409    293.361      0.000

 Intercepts
    NARAACC           36.041      7.836      4.600      0.000
    NARACOMP           9.810      3.514      2.792      0.005
    WOLDCOMP           2.796      2.410      1.160      0.246
    COMBACC           11.582      1.894      6.115      0.000

 Variances
    F8AGE              2.812      0.159     17.654      0.000
    F9AGE             12.754      0.498     25.611      0.000

 Residual Variances
    NARAACC          450.463     51.639      8.723      0.000
    NARACOMP          70.433      8.253      8.534      0.000
    WOLDCOMP           3.756      0.457      8.222      0.000
    COMBACC           23.056      2.837      8.128      0.000

Latent Class 2

 COMBACC    ON
    F9AGE              0.004      0.015      0.237      0.813

 NARAACC    ON
    F9AGE              0.227      0.063      3.594      0.000

 NARACOMP   ON
    F9AGE              0.112      0.029      3.943      0.000

 WOLDCOMP   ON
    F8AGE              0.041      0.022      1.870      0.062

 NARACOMP WITH
    NARAACC           88.247      7.129     12.379      0.000
    COMBACC           20.281      1.769     11.465      0.000
    WOLDCOMP           2.466      0.762      3.237      0.001

 NARAACC  WITH
    COMBACC           51.075      4.209     12.134      0.000
    WOLDCOMP           3.589      1.752      2.049      0.040

 COMBACC  WITH
    WOLDCOMP           0.881      0.497      1.771      0.077

 F9AGE    WITH
    F8AGE              0.069      0.199      0.345      0.730

 Means
    F8AGE            102.770      0.075   1364.076      0.000
    F9AGE            118.081      0.136    866.162      0.000

 Intercepts
    NARAACC           17.950      7.676      2.338      0.019
    NARACOMP           5.201      3.405      1.527      0.127
    WOLDCOMP           2.723      2.232      1.220      0.223
    COMBACC            7.466      1.900      3.930      0.000

 Variances
    F8AGE              2.812      0.159     17.654      0.000
    F9AGE             12.754      0.498     25.611      0.000

 Residual Variances
    NARAACC          222.262     16.670     13.333      0.000
    NARACOMP          42.439      3.386     12.533      0.000
    WOLDCOMP           3.451      0.228     15.151      0.000
    COMBACC           17.480      1.376     12.699      0.000

Latent Class 3

 COMBACC    ON
    F9AGE              0.004      0.015      0.237      0.813

 NARAACC    ON
    F9AGE              0.227      0.063      3.594      0.000

 NARACOMP   ON
    F9AGE              0.112      0.029      3.943      0.000

 WOLDCOMP   ON
    F8AGE              0.041      0.022      1.870      0.062

 NARACOMP WITH
    NARAACC          161.807     22.549      7.176      0.000
    COMBACC           33.010      5.325      6.199      0.000
    WOLDCOMP           9.473      2.168      4.369      0.000

 NARAACC  WITH
    COMBACC          103.744     13.487      7.692      0.000
    WOLDCOMP          16.274      5.547      2.934      0.003

 COMBACC  WITH
    WOLDCOMP           3.305      1.229      2.689      0.007

 F9AGE    WITH
    F8AGE              0.069      0.199      0.345      0.730

 Means
    F8AGE            116.717      0.611    191.075      0.000
    F9AGE            125.041      0.720    173.755      0.000

 Intercepts
    NARAACC           33.990      8.261      4.115      0.000
    NARACOMP           9.459      3.686      2.566      0.010
    WOLDCOMP           3.137      2.552      1.229      0.219
    COMBACC           11.481      2.018      5.690      0.000

 Variances
    F8AGE              2.812      0.159     17.654      0.000
    F9AGE             12.754      0.498     25.611      0.000

 Residual Variances
    NARAACC          525.513     57.196      9.188      0.000
    NARACOMP          71.416      8.964      7.967      0.000
    WOLDCOMP           4.587      0.666      6.884      0.000
    COMBACC           26.912      3.245      8.293      0.000

Latent Class 4

 COMBACC    ON
    F9AGE              0.004      0.015      0.237      0.813

 NARAACC    ON
    F9AGE              0.227      0.063      3.594      0.000

 NARACOMP   ON
    F9AGE              0.112      0.029      3.943      0.000

 WOLDCOMP   ON
    F8AGE              0.041      0.022      1.870      0.062

 NARACOMP WITH
    NARAACC           44.191      4.751      9.301      0.000
    COMBACC            2.631      0.961      2.737      0.006
    WOLDCOMP           4.842      0.482     10.043      0.000

 NARAACC  WITH
    COMBACC            9.064      2.128      4.260      0.000
    WOLDCOMP           4.613      1.219      3.784      0.000

 COMBACC  WITH
    WOLDCOMP           0.178      0.209      0.851      0.395

 F9AGE    WITH
    F8AGE              0.069      0.199      0.345      0.730

 Means
    F8AGE            102.747      0.074   1388.769      0.000
    F9AGE            118.310      0.121    974.097      0.000

 Intercepts
    NARAACC           42.394      7.647      5.544      0.000
    NARACOMP          12.667      3.410      3.714      0.000
    WOLDCOMP           3.320      2.236      1.485      0.137
    COMBACC           13.273      1.842      7.205      0.000

 Variances
    F8AGE              2.812      0.159     17.654      0.000
    F9AGE             12.754      0.498     25.611      0.000

 Residual Variances
    NARAACC          159.751     10.781     14.817      0.000
    NARACOMP          37.450      1.727     21.688      0.000
    WOLDCOMP           3.242      0.225     14.391      0.000
    COMBACC            6.839      0.506     13.503      0.000

Latent Class 5

 COMBACC    ON
    F9AGE              0.004      0.015      0.237      0.813

 NARAACC    ON
    F9AGE              0.227      0.063      3.594      0.000

 NARACOMP   ON
    F9AGE              0.112      0.029      3.943      0.000

 WOLDCOMP   ON
    F8AGE              0.041      0.022      1.870      0.062

 NARACOMP WITH
    NARAACC           12.043      1.592      7.564      0.000
    COMBACC            0.757      0.391      1.939      0.053
    WOLDCOMP           4.344      0.446      9.750      0.000

 NARAACC  WITH
    COMBACC            3.533      0.513      6.889      0.000
    WOLDCOMP           2.992      0.573      5.223      0.000

 COMBACC  WITH
    WOLDCOMP           0.263      0.158      1.668      0.095

 F9AGE    WITH
    F8AGE              0.069      0.199      0.345      0.730

 Means
    F8AGE            102.471      0.072   1432.847      0.000
    F9AGE            118.243      0.151    783.137      0.000

 Intercepts
    NARAACC           60.596      7.518      8.060      0.000
    NARACOMP          18.279      3.387      5.397      0.000
    WOLDCOMP           3.958      2.221      1.782      0.075
    COMBACC           16.661      1.825      9.131      0.000

 Variances
    F8AGE              2.812      0.159     17.654      0.000
    F9AGE             12.754      0.498     25.611      0.000

 Residual Variances
    NARAACC           35.671      3.473     10.270      0.000
    NARACOMP          25.923      1.551     16.714      0.000
    WOLDCOMP           4.009      0.238     16.845      0.000
    COMBACC            2.384      0.265      8.982      0.000

Categorical Latent Variables

 Means
    C#1               -1.381      0.131    -10.550      0.000
    C#2                0.125      0.126      0.998      0.318
    C#3               -1.645      0.143    -11.469      0.000
    C#4                0.495      0.127      3.900      0.000


QUALITY OF NUMERICAL RESULTS

     Condition Number for the Information Matrix              0.777E-08
       (ratio of smallest to largest eigenvalue)


TECHNICAL 7 OUTPUT


     SAMPLE STATISTICS WEIGHTED BY ESTIMATED CLASS PROBABILITIES FOR CLASS 1


           Means
              NARAACC       NARACOMP      WOLDCOMP      COMBACC       F8AGE
              ________      ________      ________      ________      ________
               63.312        23.310         7.276        12.055       109.397


           Means
              F9AGE
              ________
              120.032


           Covariances
              NARAACC       NARACOMP      WOLDCOMP      COMBACC       F8AGE
              ________      ________      ________      ________      ________
 NARAACC      458.253
 NARACOMP     151.413        71.423
 WOLDCOMP      14.412         8.229         3.791
 COMBACC       87.033        29.490         2.760        22.987
 F8AGE         98.466        49.455         0.433        22.796         4.022
 F9AGE         18.957         5.296        -2.320         4.383       -24.956


           Covariances
              F9AGE
              ________
 F9AGE         15.953


     SAMPLE STATISTICS WEIGHTED BY ESTIMATED CLASS PROBABILITIES FOR CLASS 2


           Means
              NARAACC       NARACOMP      WOLDCOMP      COMBACC       F8AGE
              ________      ________      ________      ________      ________
               44.778        18.481         6.927         7.930       102.769


           Means
              F9AGE
              ________
              118.081


           Covariances
              NARAACC       NARACOMP      WOLDCOMP      COMBACC       F8AGE
              ________      ________      ________      ________      ________
 NARAACC      221.868
 NARACOMP      88.059        42.350
 WOLDCOMP       7.548         4.816         3.452
 COMBACC       51.512        20.480         2.052        17.328
 F8AGE         65.741        36.115        -0.001        17.015         2.549
 F9AGE          0.397         0.229        -1.953        -0.271       -22.048


           Covariances
              F9AGE
              ________
 F9AGE         11.126


     SAMPLE STATISTICS WEIGHTED BY ESTIMATED CLASS PROBABILITIES FOR CLASS 3


           Means
              NARAACC       NARACOMP      WOLDCOMP      COMBACC       F8AGE
              ________      ________      ________      ________      ________
               62.400        23.523         7.961        12.018       116.705


           Means
              F9AGE
              ________
              125.041


           Covariances
              NARAACC       NARACOMP      WOLDCOMP      COMBACC       F8AGE
              ________      ________      ________      ________      ________
 NARAACC      529.010
 NARACOMP     162.489        71.234
 WOLDCOMP      20.428        11.971         4.537
 COMBACC      104.834        33.900         6.175        26.197
 F8AGE        111.403        34.428        -0.368        48.655         7.982
 F9AGE         11.150         0.901       -17.318        -0.344      -260.476


           Covariances
              F9AGE
              ________
 F9AGE         30.410


     SAMPLE STATISTICS WEIGHTED BY ESTIMATED CLASS PROBABILITIES FOR CLASS 4


           Means
              NARAACC       NARACOMP      WOLDCOMP      COMBACC       F8AGE
              ________      ________      ________      ________      ________
               69.274        25.973         7.515        13.705       102.746


           Means
              F9AGE
              ________
              118.310


           Covariances
              NARAACC       NARACOMP      WOLDCOMP      COMBACC       F8AGE
              ________      ________      ________      ________      ________
 NARAACC      159.851
 NARACOMP      44.428        37.660
 WOLDCOMP       5.514         5.653         3.238
 COMBACC        9.096         2.684         0.319         6.838
 F8AGE         17.358        12.204         0.112         1.371         2.588
 F9AGE          1.579         1.606        -1.993         0.019       -18.860


           Covariances
              F9AGE
              ________
 F9AGE         11.969


     SAMPLE STATISTICS WEIGHTED BY ESTIMATED CLASS PROBABILITIES FOR CLASS 5


           Means
              NARAACC       NARACOMP      WOLDCOMP      COMBACC       F8AGE
              ________      ________      ________      ________      ________
               87.461        31.577         8.140        17.091       102.470


           Means
              F9AGE
              ________
              118.243


           Covariances
              NARAACC       NARACOMP      WOLDCOMP      COMBACC       F8AGE
              ________      ________      ________      ________      ________
 NARAACC       36.328
 NARACOMP      12.298        26.014
 WOLDCOMP       3.374         4.941         4.015
 COMBACC        3.423         0.850         0.341         2.383
 F8AGE          3.445         6.573         0.106         0.554         2.477
 F9AGE          2.774         1.062        -1.354        -0.055       -15.415


           Covariances
              F9AGE
              ________
 F9AGE         11.676


TECHNICAL 11 OUTPUT

     Random Starts Specifications for the k-1 Class Analysis Model
        Number of initial stage random starts                  20
        Number of final stage optimizations                     4



     VUONG-LO-MENDELL-RUBIN LIKELIHOOD RATIO TEST FOR 4 (H0) VERSUS 5 CLASSES

          H0 Loglikelihood Value                       -54528.516
          2 Times the Loglikelihood Difference            405.465
          Difference in the Number of Parameters               17
          Mean                                             40.294
          Standard Deviation                               99.684
          P-Value                                          0.0073

     LO-MENDELL-RUBIN ADJUSTED LRT TEST

          Value                                           402.556
          P-Value                                          0.0075


PLOT INFORMATION

The following plots are available:

  Histograms (sample values)
  Scatterplots (sample values)
  Estimated overall and class-specific distributions

     Beginning Time:  16:51:14
        Ending Time:  16:51:18
       Elapsed Time:  00:00:04



MUTHEN & MUTHEN
3463 Stoner Ave.
Los Angeles, CA  90066

Tel: (310) 391-9971
Fax: (310) 391-8971
Web: www.StatModel.com
Support: Support@StatModel.com

Copyright (c) 1998-2020 Muthen & Muthen
