Mplus VERSION 8.5
MUTHEN & MUTHEN
09/19/2021  10:29 PM

INPUT INSTRUCTIONS

  TITLE:
   LPA Model D: 9 classes;
  DATA:
  FILE = "mplus_models/simpview/lpa_comp/sv_lpa_mbench_576296b10d9f155ad9363f1cbb7ab8da.dat"

  VARIABLE:
  NAMES = cidB3153 f8age f9age naraAcc naraComp woldComp combAcc;
   MISSING=.;
    idvariable = cidb3153; classes = c(9);
  ANALYSIS:
   estimator = mlr; type = mixture;
                                                     starts = 0;
                                                     optseed = 530559;
                                                     k-1starts = 4000 1000;
                                                     STSCALE = 1;
  MODEL:
  %OVERALL%
             f8age; f9age;
             combAcc naraAcc naraComp on f9age;
             woldcomp on f8age;
   naraComp; naraAcc; combAcc; woldComp;

    naraComp with naraAcc;
    naraComp with combAcc;
    naraComp with woldComp;
    naraAcc with combAcc;
    naraAcc with woldComp;
    combAcc with woldComp;
   %c#1%
   naraComp; naraAcc; combAcc; woldComp;
   %c#2%
   naraComp; naraAcc; combAcc; woldComp;
   %c#3%
   naraComp; naraAcc; combAcc; woldComp;
   %c#4%
   naraComp; naraAcc; combAcc; woldComp;
   %c#5%
   naraComp; naraAcc; combAcc; woldComp;
   %c#6%
   naraComp; naraAcc; combAcc; woldComp;
   %c#7%
   naraComp; naraAcc; combAcc; woldComp;
   %c#8%
   naraComp; naraAcc; combAcc; woldComp;
   %c#9%
   naraComp; naraAcc; combAcc; woldComp;
  OUTPUT:
   TECH7 TECH11;
  PLOT:
  TYPE = PLOT3;



*** WARNING
  Input line exceeded 90 characters. Some input may be truncated.
  FILE = "mplus_models/simpview/lpa_comp/sv_lpa_mbench_576296b10d9f155ad9363f1cbb7ab8da.dat";
   1 WARNING(S) FOUND IN THE INPUT INSTRUCTIONS




LPA Model D: 9 classes;

SUMMARY OF ANALYSIS

Number of groups                                                 1
Number of observations                                        3423

Number of dependent variables                                    4
Number of independent variables                                  2
Number of continuous latent variables                            0
Number of categorical latent variables                           1

Observed dependent variables

  Continuous
   NARAACC     NARACOMP    WOLDCOMP    COMBACC

Observed independent variables
   F8AGE       F9AGE

Categorical latent variables
   C

Variables with special functions

  ID variable           CIDB3153

Estimator                                                      MLR
Information matrix                                        OBSERVED
Optimization Specifications for the Quasi-Newton Algorithm for
Continuous Outcomes
  Maximum number of iterations                                 100
  Convergence criterion                                  0.100D-05
Optimization Specifications for the EM Algorithm
  Maximum number of iterations                                 500
  Convergence criteria
    Loglikelihood change                                 0.100D-06
    Relative loglikelihood change                        0.100D-06
    Derivative                                           0.100D-05
Optimization Specifications for the M step of the EM Algorithm for
Categorical Latent variables
  Number of M step iterations                                    1
  M step convergence criterion                           0.100D-05
  Basis for M step termination                           ITERATION
Optimization Specifications for the M step of the EM Algorithm for
Censored, Binary or Ordered Categorical (Ordinal), Unordered
Categorical (Nominal) and Count Outcomes
  Number of M step iterations                                    1
  M step convergence criterion                           0.100D-05
  Basis for M step termination                           ITERATION
  Maximum value for logit thresholds                            15
  Minimum value for logit thresholds                           -15
  Minimum expected cell size for chi-square              0.100D-01
Maximum number of iterations for H1                           2000
Convergence criterion for H1                             0.100D-03
Optimization algorithm                                         EMA
Random Starts Specifications
  Random seed for analysis                                  530559

Input data file(s)
  mplus_models/simpview/lpa_comp/sv_lpa_mbench_576296b10d9f155ad9363f1cbb7ab8da.
Input data format  FREE


SUMMARY OF DATA

     Number of missing data patterns             5
     Number of y missing data patterns           5
     Number of u missing data patterns           0


COVARIANCE COVERAGE OF DATA

Minimum covariance coverage value   0.100


     PROPORTION OF DATA PRESENT FOR Y


           Covariance Coverage
              NARAACC       NARACOMP      WOLDCOMP      COMBACC       F8AGE
              ________      ________      ________      ________      ________
 NARAACC        1.000
 NARACOMP       1.000         1.000
 WOLDCOMP       0.852         0.852         0.852
 COMBACC        0.996         0.996         0.850         0.996
 F8AGE          0.861         0.861         0.852         0.858         0.861
 F9AGE          1.000         1.000         0.852         0.996         0.861


           Covariance Coverage
              F9AGE
              ________
 F9AGE          1.000



UNIVARIATE SAMPLE STATISTICS


     UNIVARIATE HIGHER-ORDER MOMENT DESCRIPTIVE STATISTICS

         Variable/         Mean/     Skewness/   Minimum/ % with                Percentiles
        Sample Size      Variance    Kurtosis    Maximum  Min/Max      20%/60%    40%/80%    Median

     NARAACC              66.334      -0.525       0.000    0.06%      48.000     62.000     69.000
            3423.000     417.180      -0.469     100.000    0.06%      76.000     86.000
     NARACOMP             25.018      -0.273       0.000    0.09%      18.000     23.000     25.000
            3423.000      62.018      -0.237      44.000    0.03%      28.000     32.000
     WOLDCOMP              7.517       0.082       2.000    0.41%       6.000      7.000      7.000
            2917.000       3.758       0.190      15.000    0.03%       8.000      9.000
     COMBACC              12.788      -0.783       0.000    1.44%       9.000     13.000     14.000
            3408.000      21.534      -0.011      20.000    1.44%      15.000     17.000
     F8AGE               103.533       2.579      94.000    0.03%     102.000    102.000    103.000
            2947.000      11.227       8.561     126.000    0.03%     103.000    105.000
     F9AGE               118.643       1.305     105.000    0.03%     116.000    117.000    118.000
            3423.000      14.907       2.626     139.000    0.06%     119.000    121.000


THE MODEL ESTIMATION TERMINATED NORMALLY



MODEL FIT INFORMATION

Number of Free Parameters                      111

Loglikelihood

          H0 Value                      -54202.413
          H0 Scaling Correction Factor      1.2759
            for MLR

Information Criteria

          Akaike (AIC)                  108626.825
          Bayesian (BIC)                109308.174
          Sample-Size Adjusted BIC      108955.474
            (n* = (n + 2) / 24)



FINAL CLASS COUNTS AND PROPORTIONS FOR THE LATENT CLASSES
BASED ON THE ESTIMATED MODEL

    Latent
   Classes

       1         55.22735          0.01613
       2        759.42634          0.22186
       3        191.99233          0.05609
       4       1165.91551          0.34061
       5        122.13351          0.03568
       6        152.91766          0.04467
       7         27.95828          0.00817
       8        853.20632          0.24926
       9         94.22270          0.02753


FINAL CLASS COUNTS AND PROPORTIONS FOR THE LATENT CLASSES
BASED ON ESTIMATED POSTERIOR PROBABILITIES

    Latent
   Classes

       1         55.22735          0.01613
       2        759.42634          0.22186
       3        191.99233          0.05609
       4       1165.91551          0.34061
       5        122.13351          0.03568
       6        152.91766          0.04467
       7         27.95828          0.00817
       8        853.20632          0.24926
       9         94.22270          0.02753


FINAL CLASS COUNTS AND PROPORTIONS FOR THE LATENT CLASSES
BASED ON THEIR MOST LIKELY LATENT CLASS MEMBERSHIP

Class Counts and Proportions

    Latent
   Classes

       1               43          0.01256
       2              789          0.23050
       3              187          0.05463
       4             1141          0.33333
       5              120          0.03506
       6              128          0.03739
       7               29          0.00847
       8              908          0.26526
       9               78          0.02279


CLASSIFICATION QUALITY

     Entropy                         0.766


Average Latent Class Probabilities for Most Likely Latent Class Membership (Row)
by Latent Class (Column)

           1        2        3        4        5        6        7        8        9

    1   0.918    0.019    0.005    0.000    0.000    0.037    0.002    0.000    0.019
    2   0.013    0.805    0.036    0.130    0.005    0.005    0.002    0.001    0.003
    3   0.015    0.114    0.865    0.000    0.000    0.000    0.007    0.000    0.000
    4   0.000    0.085    0.000    0.744    0.012    0.019    0.000    0.134    0.006
    5   0.000    0.023    0.000    0.082    0.770    0.022    0.000    0.054    0.049
    6   0.010    0.008    0.000    0.067    0.008    0.867    0.000    0.018    0.022
    7   0.015    0.037    0.066    0.000    0.006    0.000    0.870    0.000    0.005
    8   0.000    0.000    0.000    0.216    0.011    0.009    0.000    0.761    0.003
    9   0.011    0.001    0.000    0.008    0.009    0.046    0.000    0.002    0.924



Classification Probabilities for the Most Likely Latent Class Membership (Column)
by Latent Class (Row)

           1        2        3        4        5        6        7        8        9

    1   0.715    0.189    0.049    0.002    0.000    0.022    0.008    0.000    0.015
    2   0.001    0.836    0.028    0.128    0.004    0.001    0.001    0.000    0.000
    3   0.001    0.146    0.843    0.000    0.000    0.000    0.010    0.000    0.000
    4   0.000    0.088    0.000    0.728    0.008    0.007    0.000    0.168    0.001
    5   0.000    0.034    0.000    0.109    0.756    0.008    0.002    0.085    0.006
    6   0.010    0.027    0.000    0.143    0.018    0.726    0.000    0.053    0.023
    7   0.003    0.050    0.044    0.000    0.000    0.000    0.902    0.000    0.001
    8   0.000    0.001    0.000    0.179    0.008    0.003    0.000    0.810    0.000
    9   0.009    0.028    0.000    0.077    0.062    0.030    0.002    0.028    0.765



Logits for the Classification Probabilities for the Most Likely Latent Class Membership (Column)
by Latent Class (Row)

              1        2        3        4        5        6        7        8        9

    1      3.864    2.533    1.185   -2.200   -4.732    0.389   -0.616   -9.616    0.000
    2      2.179    8.860    5.463    6.981    3.430    2.452    2.482    0.943    0.000
    3      6.978   11.894   13.644    2.110    0.000    0.000    9.200    0.000    0.000
    4     -4.045    5.088   -3.469    7.203    2.746    2.615   -3.864    5.737    0.000
    5     -8.650    1.798   -6.138    2.951    4.886    0.356   -1.329    2.697    0.000
    6     -0.819    0.154   -8.868    1.813   -0.287    3.436   -6.232    0.819    0.000
    7      1.504    4.223    4.108   -6.591   -3.141   -6.591    7.121   -6.591    0.000
    8     -4.984    1.424   -4.984    7.112    3.949    2.936   -4.984    8.620    0.000
    9     -4.455   -3.307  -11.554   -2.293   -2.507   -3.247   -6.166   -3.317    0.000



MODEL RESULTS

                                                    Two-Tailed
                    Estimate       S.E.  Est./S.E.    P-Value

Latent Class 1

 COMBACC    ON
    F9AGE              0.008      0.023      0.332      0.740

 NARAACC    ON
    F9AGE              0.248      0.099      2.502      0.012

 NARACOMP   ON
    F9AGE              0.089      0.044      2.029      0.042

 WOLDCOMP   ON
    F8AGE              0.052      0.022      2.351      0.019

 NARACOMP WITH
    NARAACC           32.836      2.879     11.406      0.000
    COMBACC            3.715      0.484      7.668      0.000
    WOLDCOMP           3.997      0.305     13.110      0.000

 NARAACC  WITH
    COMBACC           10.639      1.252      8.497      0.000
    WOLDCOMP           4.413      0.715      6.173      0.000

 COMBACC  WITH
    WOLDCOMP           0.515      0.147      3.510      0.000

 F9AGE    WITH
    F8AGE              0.178      0.207      0.857      0.391

 Means
    F8AGE            111.291      0.700    158.934      0.000
    F9AGE            118.306      0.783    151.015      0.000

 Intercepts
    NARAACC            7.010     12.328      0.569      0.570
    NARACOMP           4.151      5.412      0.767      0.443
    WOLDCOMP           1.627      2.486      0.654      0.513
    COMBACC            5.095      2.841      1.793      0.073

 Variances
    F8AGE              2.855      0.141     20.322      0.000
    F9AGE              9.693      0.535     18.120      0.000

 Residual Variances
    NARAACC          104.517     22.849      4.574      0.000
    NARACOMP          22.469      3.015      7.452      0.000
    WOLDCOMP           3.263      0.702      4.645      0.000
    COMBACC            6.921      1.500      4.615      0.000

Latent Class 2

 COMBACC    ON
    F9AGE              0.008      0.023      0.332      0.740

 NARAACC    ON
    F9AGE              0.248      0.099      2.502      0.012

 NARACOMP   ON
    F9AGE              0.089      0.044      2.029      0.042

 WOLDCOMP   ON
    F8AGE              0.052      0.022      2.351      0.019

 NARACOMP WITH
    NARAACC           32.836      2.879     11.406      0.000
    COMBACC            3.715      0.484      7.668      0.000
    WOLDCOMP           3.997      0.305     13.110      0.000

 NARAACC  WITH
    COMBACC           10.639      1.252      8.497      0.000
    WOLDCOMP           4.413      0.715      6.173      0.000

 COMBACC  WITH
    WOLDCOMP           0.515      0.147      3.510      0.000

 F9AGE    WITH
    F8AGE              0.178      0.207      0.857      0.391

 Means
    F8AGE            102.819      0.087   1184.209      0.000
    F9AGE            117.995      0.159    743.037      0.000

 Intercepts
    NARAACC           18.343     11.864      1.546      0.122
    NARACOMP           8.811      5.244      1.680      0.093
    WOLDCOMP           1.696      2.282      0.743      0.458
    COMBACC            8.238      2.802      2.940      0.003

 Variances
    F8AGE              2.855      0.141     20.322      0.000
    F9AGE              9.693      0.535     18.120      0.000

 Residual Variances
    NARAACC           85.172      5.845     14.571      0.000
    NARACOMP          22.585      1.717     13.151      0.000
    WOLDCOMP           3.488      0.242     14.421      0.000
    COMBACC            8.648      0.847     10.217      0.000

Latent Class 3

 COMBACC    ON
    F9AGE              0.008      0.023      0.332      0.740

 NARAACC    ON
    F9AGE              0.248      0.099      2.502      0.012

 NARACOMP   ON
    F9AGE              0.089      0.044      2.029      0.042

 WOLDCOMP   ON
    F8AGE              0.052      0.022      2.351      0.019

 NARACOMP WITH
    NARAACC           32.836      2.879     11.406      0.000
    COMBACC            3.715      0.484      7.668      0.000
    WOLDCOMP           3.997      0.305     13.110      0.000

 NARAACC  WITH
    COMBACC           10.639      1.252      8.497      0.000
    WOLDCOMP           4.413      0.715      6.173      0.000

 COMBACC  WITH
    WOLDCOMP           0.515      0.147      3.510      0.000

 F9AGE    WITH
    F8AGE              0.178      0.207      0.857      0.391

 Means
    F8AGE            102.969      0.148    698.043      0.000
    F9AGE            118.409      0.360    329.032      0.000

 Intercepts
    NARAACC           -3.855     11.856     -0.325      0.745
    NARACOMP           0.150      5.262      0.029      0.977
    WOLDCOMP           1.261      2.298      0.549      0.583
    COMBACC            1.592      2.766      0.576      0.565

 Variances
    F8AGE              2.855      0.141     20.322      0.000
    F9AGE              9.693      0.535     18.120      0.000

 Residual Variances
    NARAACC           79.095      7.723     10.241      0.000
    NARACOMP          20.811      1.622     12.834      0.000
    WOLDCOMP           5.176      0.605      8.556      0.000
    COMBACC            3.528      0.584      6.042      0.000

Latent Class 4

 COMBACC    ON
    F9AGE              0.008      0.023      0.332      0.740

 NARAACC    ON
    F9AGE              0.248      0.099      2.502      0.012

 NARACOMP   ON
    F9AGE              0.089      0.044      2.029      0.042

 WOLDCOMP   ON
    F8AGE              0.052      0.022      2.351      0.019

 NARACOMP WITH
    NARAACC           32.836      2.879     11.406      0.000
    COMBACC            3.715      0.484      7.668      0.000
    WOLDCOMP           3.997      0.305     13.110      0.000

 NARAACC  WITH
    COMBACC           10.639      1.252      8.497      0.000
    WOLDCOMP           4.413      0.715      6.173      0.000

 COMBACC  WITH
    WOLDCOMP           0.515      0.147      3.510      0.000

 F9AGE    WITH
    F8AGE              0.178      0.207      0.857      0.391

 Means
    F8AGE            102.726      0.095   1079.448      0.000
    F9AGE            117.755      0.137    857.195      0.000

 Intercepts
    NARAACC           42.013     11.903      3.530      0.000
    NARACOMP          16.227      5.223      3.107      0.002
    WOLDCOMP           2.124      2.285      0.930      0.353
    COMBACC           12.989      2.718      4.779      0.000

 Variances
    F8AGE              2.855      0.141     20.322      0.000
    F9AGE              9.693      0.535     18.120      0.000

 Residual Variances
    NARAACC          141.934      8.186     17.339      0.000
    NARACOMP          32.672      1.591     20.539      0.000
    WOLDCOMP           3.338      0.226     14.763      0.000
    COMBACC            7.610      0.502     15.157      0.000

Latent Class 5

 COMBACC    ON
    F9AGE              0.008      0.023      0.332      0.740

 NARAACC    ON
    F9AGE              0.248      0.099      2.502      0.012

 NARACOMP   ON
    F9AGE              0.089      0.044      2.029      0.042

 WOLDCOMP   ON
    F8AGE              0.052      0.022      2.351      0.019

 NARACOMP WITH
    NARAACC           32.836      2.879     11.406      0.000
    COMBACC            3.715      0.484      7.668      0.000
    WOLDCOMP           3.997      0.305     13.110      0.000

 NARAACC  WITH
    COMBACC           10.639      1.252      8.497      0.000
    WOLDCOMP           4.413      0.715      6.173      0.000

 COMBACC  WITH
    WOLDCOMP           0.515      0.147      3.510      0.000

 F9AGE    WITH
    F8AGE              0.178      0.207      0.857      0.391

 Means
    F8AGE            102.839      0.321    320.761      0.000
    F9AGE            128.457      1.019    126.065      0.000

 Intercepts
    NARAACC           42.735     14.247      3.000      0.003
    NARACOMP          17.080      6.239      2.738      0.006
    WOLDCOMP           1.577      2.295      0.687      0.492
    COMBACC           13.510      3.227      4.187      0.000

 Variances
    F8AGE              2.855      0.141     20.322      0.000
    F9AGE              9.693      0.535     18.120      0.000

 Residual Variances
    NARAACC          144.088     14.317     10.064      0.000
    NARACOMP          29.352      3.059      9.596      0.000
    WOLDCOMP           2.496      0.648      3.850      0.000
    COMBACC            6.191      1.436      4.312      0.000

Latent Class 6

 COMBACC    ON
    F9AGE              0.008      0.023      0.332      0.740

 NARAACC    ON
    F9AGE              0.248      0.099      2.502      0.012

 NARACOMP   ON
    F9AGE              0.089      0.044      2.029      0.042

 WOLDCOMP   ON
    F8AGE              0.052      0.022      2.351      0.019

 NARACOMP WITH
    NARAACC           32.836      2.879     11.406      0.000
    COMBACC            3.715      0.484      7.668      0.000
    WOLDCOMP           3.997      0.305     13.110      0.000

 NARAACC  WITH
    COMBACC           10.639      1.252      8.497      0.000
    WOLDCOMP           4.413      0.715      6.173      0.000

 COMBACC  WITH
    WOLDCOMP           0.515      0.147      3.510      0.000

 F9AGE    WITH
    F8AGE              0.178      0.207      0.857      0.391

 Means
    F8AGE            109.284      0.774    141.201      0.000
    F9AGE            120.506      0.615    196.035      0.000

 Intercepts
    NARAACC           44.504     12.142      3.665      0.000
    NARACOMP          16.359      5.365      3.049      0.002
    WOLDCOMP           1.558      2.461      0.633      0.527
    COMBACC           13.605      2.746      4.955      0.000

 Variances
    F8AGE              2.855      0.141     20.322      0.000
    F9AGE              9.693      0.535     18.120      0.000

 Residual Variances
    NARAACC          137.058     17.583      7.795      0.000
    NARACOMP          35.794      3.641      9.830      0.000
    WOLDCOMP           3.771      0.531      7.103      0.000
    COMBACC            7.463      0.891      8.374      0.000

Latent Class 7

 COMBACC    ON
    F9AGE              0.008      0.023      0.332      0.740

 NARAACC    ON
    F9AGE              0.248      0.099      2.502      0.012

 NARACOMP   ON
    F9AGE              0.089      0.044      2.029      0.042

 WOLDCOMP   ON
    F8AGE              0.052      0.022      2.351      0.019

 NARACOMP WITH
    NARAACC           32.836      2.879     11.406      0.000
    COMBACC            3.715      0.484      7.668      0.000
    WOLDCOMP           3.997      0.305     13.110      0.000

 NARAACC  WITH
    COMBACC           10.639      1.252      8.497      0.000
    WOLDCOMP           4.413      0.715      6.173      0.000

 COMBACC  WITH
    WOLDCOMP           0.515      0.147      3.510      0.000

 F9AGE    WITH
    F8AGE              0.178      0.207      0.857      0.391

 Means
    F8AGE            118.218      0.813    145.377      0.000
    F9AGE            127.324      1.014    125.545      0.000

 Intercepts
    NARAACC           -5.102     13.294     -0.384      0.701
    NARACOMP           0.442      5.992      0.074      0.941
    WOLDCOMP          -0.148      2.652     -0.056      0.956
    COMBACC            2.144      3.096      0.693      0.489

 Variances
    F8AGE              2.855      0.141     20.322      0.000
    F9AGE              9.693      0.535     18.120      0.000

 Residual Variances
    NARAACC           85.460     14.700      5.813      0.000
    NARACOMP          24.618      3.874      6.355      0.000
    WOLDCOMP           1.997      0.684      2.922      0.003
    COMBACC            3.736      0.911      4.100      0.000

Latent Class 8

 COMBACC    ON
    F9AGE              0.008      0.023      0.332      0.740

 NARAACC    ON
    F9AGE              0.248      0.099      2.502      0.012

 NARACOMP   ON
    F9AGE              0.089      0.044      2.029      0.042

 WOLDCOMP   ON
    F8AGE              0.052      0.022      2.351      0.019

 NARACOMP WITH
    NARAACC           32.836      2.879     11.406      0.000
    COMBACC            3.715      0.484      7.668      0.000
    WOLDCOMP           3.997      0.305     13.110      0.000

 NARAACC  WITH
    COMBACC           10.639      1.252      8.497      0.000
    WOLDCOMP           4.413      0.715      6.173      0.000

 COMBACC  WITH
    WOLDCOMP           0.515      0.147      3.510      0.000

 F9AGE    WITH
    F8AGE              0.178      0.207      0.857      0.391

 Means
    F8AGE            102.480      0.070   1471.440      0.000
    F9AGE            117.998      0.163    722.885      0.000

 Intercepts
    NARAACC           56.118     11.715      4.790      0.000
    NARACOMP          20.368      5.234      3.892      0.000
    WOLDCOMP           2.731      2.270      1.203      0.229
    COMBACC           15.910      2.684      5.929      0.000

 Variances
    F8AGE              2.855      0.141     20.322      0.000
    F9AGE              9.693      0.535     18.120      0.000

 Residual Variances
    NARAACC           78.326      7.140     10.970      0.000
    NARACOMP          33.701      2.494     13.514      0.000
    WOLDCOMP           3.727      0.226     16.474      0.000
    COMBACC            3.490      0.387      9.011      0.000

Latent Class 9

 COMBACC    ON
    F9AGE              0.008      0.023      0.332      0.740

 NARAACC    ON
    F9AGE              0.248      0.099      2.502      0.012

 NARACOMP   ON
    F9AGE              0.089      0.044      2.029      0.042

 WOLDCOMP   ON
    F8AGE              0.052      0.022      2.351      0.019

 NARACOMP WITH
    NARAACC           32.836      2.879     11.406      0.000
    COMBACC            3.715      0.484      7.668      0.000
    WOLDCOMP           3.997      0.305     13.110      0.000

 NARAACC  WITH
    COMBACC           10.639      1.252      8.497      0.000
    WOLDCOMP           4.413      0.715      6.173      0.000

 COMBACC  WITH
    WOLDCOMP           0.515      0.147      3.510      0.000

 F9AGE    WITH
    F8AGE              0.178      0.207      0.857      0.391

 Means
    F8AGE            116.888      0.779    150.070      0.000
    F9AGE            123.058      0.660    186.422      0.000

 Intercepts
    NARAACC           40.619     12.409      3.273      0.001
    NARACOMP          15.410      5.492      2.806      0.005
    WOLDCOMP           2.117      2.618      0.809      0.419
    COMBACC           13.480      2.882      4.678      0.000

 Variances
    F8AGE              2.855      0.141     20.322      0.000
    F9AGE              9.693      0.535     18.120      0.000

 Residual Variances
    NARAACC          166.247     16.541     10.051      0.000
    NARACOMP          29.017      3.206      9.052      0.000
    WOLDCOMP           4.184      0.584      7.159      0.000
    COMBACC            6.800      1.077      6.312      0.000

Categorical Latent Variables

 Means
    C#1               -0.534      0.293     -1.825      0.068
    C#2                2.087      0.205     10.193      0.000
    C#3                0.712      0.230      3.091      0.002
    C#4                2.516      0.216     11.633      0.000
    C#5                0.259      0.332      0.782      0.434
    C#6                0.484      0.190      2.550      0.011
    C#7               -1.215      0.292     -4.159      0.000
    C#8                2.203      0.212     10.371      0.000


QUALITY OF NUMERICAL RESULTS

     Condition Number for the Information Matrix              0.858E-09
       (ratio of smallest to largest eigenvalue)


TECHNICAL 7 OUTPUT


     SAMPLE STATISTICS WEIGHTED BY ESTIMATED CLASS PROBABILITIES FOR CLASS 1


           Means
              NARAACC       NARACOMP      WOLDCOMP      COMBACC       F8AGE
              ________      ________      ________      ________      ________
               36.406        14.736         7.469         5.991       111.285


           Means
              F9AGE
              ________
              118.306


           Covariances
              NARAACC       NARACOMP      WOLDCOMP      COMBACC       F8AGE
              ________      ________      ________      ________      ________
 NARAACC      143.700
 NARACOMP      50.118        28.761
 WOLDCOMP       1.024         4.536         2.947
 COMBACC       23.958        11.289         1.167         9.334
 F8AGE        -47.268         8.790        -0.373        -1.305         5.425
 F9AGE          7.413         3.041        -1.341         2.121       -33.798


           Covariances
              F9AGE
              ________
 F9AGE         12.361


     SAMPLE STATISTICS WEIGHTED BY ESTIMATED CLASS PROBABILITIES FOR CLASS 2


           Means
              NARAACC       NARACOMP      WOLDCOMP      COMBACC       F8AGE
              ________      ________      ________      ________      ________
               47.661        19.369         7.107         9.133       102.814


           Means
              F9AGE
              ________
              117.995


           Covariances
              NARAACC       NARACOMP      WOLDCOMP      COMBACC       F8AGE
              ________      ________      ________      ________      ________
 NARAACC       83.144
 NARACOMP      29.793        19.965
 WOLDCOMP       3.938         4.176         3.133
 COMBACC       13.273         4.618         1.033         9.288
 F8AGE         16.205        19.790         0.117         3.809         2.844
 F9AGE          0.721         0.243        -2.005         0.260       -23.536


           Covariances
              F9AGE
              ________
 F9AGE          9.473


     SAMPLE STATISTICS WEIGHTED BY ESTIMATED CLASS PROBABILITIES FOR CLASS 3


           Means
              NARAACC       NARACOMP      WOLDCOMP      COMBACC       F8AGE
              ________      ________      ________      ________      ________
               25.566        10.745         6.671         2.505       102.965


           Means
              F9AGE
              ________
              118.409


           Covariances
              NARAACC       NARACOMP      WOLDCOMP      COMBACC       F8AGE
              ________      ________      ________      ________      ________
 NARAACC       91.121
 NARACOMP      39.458        22.891
 WOLDCOMP       4.655         3.059         4.182
 COMBACC       12.612         5.456         1.273         3.634
 F8AGE         23.749        16.242        -0.184         6.923         2.503
 F9AGE          4.447         1.031        -1.820         0.335       -19.256


           Covariances
              F9AGE
              ________
 F9AGE         12.826


     SAMPLE STATISTICS WEIGHTED BY ESTIMATED CLASS PROBABILITIES FOR CLASS 4


           Means
              NARAACC       NARACOMP      WOLDCOMP      COMBACC       F8AGE
              ________      ________      ________      ________      ________
               71.272        26.763         7.502        13.880       102.724


           Means
              F9AGE
              ________
              117.755


           Covariances
              NARAACC       NARACOMP      WOLDCOMP      COMBACC       F8AGE
              ________      ________      ________      ________      ________
 NARAACC      147.617
 NARACOMP      36.988        34.874
 WOLDCOMP       6.045         5.529         3.481
 COMBACC        9.671         2.840         0.544         7.352
 F8AGE         19.806        12.740         0.113         2.566         2.570
 F9AGE          1.642         0.974        -1.234        -0.149       -13.085


           Covariances
              F9AGE
              ________
 F9AGE          7.764


     SAMPLE STATISTICS WEIGHTED BY ESTIMATED CLASS PROBABILITIES FOR CLASS 5


           Means
              NARAACC       NARACOMP      WOLDCOMP      COMBACC       F8AGE
              ________      ________      ________      ________      ________
               74.654        28.574         7.002        14.482       102.825


           Means
              F9AGE
              ________
              128.457


           Covariances
              NARAACC       NARACOMP      WOLDCOMP      COMBACC       F8AGE
              ________      ________      ________      ________      ________
 NARAACC      200.445
 NARACOMP      55.440        37.116
 WOLDCOMP       2.514         6.820         2.575
 COMBACC       21.602         6.999         2.035         7.520
 F8AGE        -71.851        12.803         0.037        10.276         3.241
 F9AGE          7.794         2.014        -4.968        -0.389       -74.113


           Covariances
              F9AGE
              ________
 F9AGE         13.965


     SAMPLE STATISTICS WEIGHTED BY ESTIMATED CLASS PROBABILITIES FOR CLASS 6


           Means
              NARAACC       NARACOMP      WOLDCOMP      COMBACC       F8AGE
              ________      ________      ________      ________      ________
               74.447        27.141         7.279        14.519       109.281


           Means
              F9AGE
              ________
              120.506


           Covariances
              NARAACC       NARACOMP      WOLDCOMP      COMBACC       F8AGE
              ________      ________      ________      ________      ________
 NARAACC      180.538
 NARACOMP      53.231        42.381
 WOLDCOMP      10.146         6.022         4.043
 COMBACC       19.078         4.817         1.553         8.339
 F8AGE         20.795        11.397         0.805         7.685         3.979
 F9AGE          2.258         0.024        -2.065         0.522       -22.662


           Covariances
              F9AGE
              ________
 F9AGE         12.791


     SAMPLE STATISTICS WEIGHTED BY ESTIMATED CLASS PROBABILITIES FOR CLASS 7


           Means
              NARAACC       NARACOMP      WOLDCOMP      COMBACC       F8AGE
              ________      ________      ________      ________      ________
               26.535        11.834         5.922         3.223       118.178


           Means
              F9AGE
              ________
              127.324


           Covariances
              NARAACC       NARACOMP      WOLDCOMP      COMBACC       F8AGE
              ________      ________      ________      ________      ________
 NARAACC      125.363
 NARACOMP      58.900        37.658
 WOLDCOMP      -0.678         0.975         2.138
 COMBACC       19.781        11.035         0.270         4.549
 F8AGE       -133.769       -93.476         0.870       -26.231         6.035
 F9AGE          7.507         3.452       -10.803         1.335      -255.271


           Covariances
              F9AGE
              ________
 F9AGE         21.973


     SAMPLE STATISTICS WEIGHTED BY ESTIMATED CLASS PROBABILITIES FOR CLASS 8


           Means
              NARAACC       NARACOMP      WOLDCOMP      COMBACC       F8AGE
              ________      ________      ________      ________      ________
               85.438        30.926         8.093        16.802       102.478


           Means
              F9AGE
              ________
              117.998


           Covariances
              NARAACC       NARACOMP      WOLDCOMP      COMBACC       F8AGE
              ________      ________      ________      ________      ________
 NARAACC       61.510
 NARACOMP      23.608        29.718
 WOLDCOMP       4.727         5.243         3.897
 COMBACC        7.450         2.153         0.453         2.983
 F8AGE          7.626         8.615         0.082         0.847         2.403
 F9AGE          2.409         0.913        -1.036        -0.045       -12.766


           Covariances
              F9AGE
              ________
 F9AGE          9.006


     SAMPLE STATISTICS WEIGHTED BY ESTIMATED CLASS PROBABILITIES FOR CLASS 9


           Means
              NARAACC       NARACOMP      WOLDCOMP      COMBACC       F8AGE
              ________      ________      ________      ________      ________
               71.196        26.420         8.264        14.412       116.882


           Means
              F9AGE
              ________
              123.058


           Covariances
              NARAACC       NARACOMP      WOLDCOMP      COMBACC       F8AGE
              ________      ________      ________      ________      ________
 NARAACC      223.581
 NARACOMP      49.734        34.637
 WOLDCOMP       6.283         8.185         4.503
 COMBACC       26.619         5.824         1.039         8.371
 F8AGE         59.657        21.721        -0.307        13.796         7.926
 F9AGE          6.672        -3.593        -2.503         1.185       -38.398


           Covariances
              F9AGE
              ________
 F9AGE         19.397


TECHNICAL 11 OUTPUT

     Random Starts Specifications for the k-1 Class Analysis Model
        Number of initial stage random starts                4000
        Number of final stage optimizations                  1000



     VUONG-LO-MENDELL-RUBIN LIKELIHOOD RATIO TEST FOR 8 (H0) VERSUS 9 CLASSES

          H0 Loglikelihood Value                       -54288.880
          2 Times the Loglikelihood Difference            172.935
          Difference in the Number of Parameters               11
          Mean                                             18.666
          Standard Deviation                               53.022
          P-Value                                          0.0018

     LO-MENDELL-RUBIN ADJUSTED LRT TEST

          Value                                           171.024
          P-Value                                          0.0020


PLOT INFORMATION

The following plots are available:

  Histograms (sample values)
  Scatterplots (sample values)
  Estimated overall and class-specific distributions

     Beginning Time:  22:29:43
        Ending Time:  22:35:04
       Elapsed Time:  00:05:21



MUTHEN & MUTHEN
3463 Stoner Ave.
Los Angeles, CA  90066

Tel: (310) 391-9971
Fax: (310) 391-8971
Web: www.StatModel.com
Support: Support@StatModel.com

Copyright (c) 1998-2020 Muthen & Muthen
