Mplus VERSION 8.5
MUTHEN & MUTHEN
09/13/2021   4:16 PM

INPUT INSTRUCTIONS

  TITLE:
   LPA Model E: 2 classes;
  DATA:
  FILE = "mplus_models/simpview/lpa_comp/sv_lpa_mbench_576296b10d9f155ad9363f1cbb7ab8da.dat"

  VARIABLE:
  NAMES = cidB3153 f8age f9age naraAcc naraComp woldComp combAcc;
   MISSING=.;
    idvariable = cidb3153; classes = c(2);
  ANALYSIS:
   estimator = mlr; type = mixture;
                                                     starts = 0;
                                                     optseed = 345541;
                                                     k-1starts = 20 4;
  MODEL:
  %OVERALL%
             f8age; f9age;
             combAcc naraAcc naraComp on f9age;
             woldcomp on f8age;
   naraComp; naraAcc; combAcc; woldComp;

    naraComp with naraAcc;
    naraComp with combAcc;
    naraComp with woldComp;
    naraAcc with combAcc;
    naraAcc with woldComp;
    combAcc with woldComp;
   %c#1%
   naraComp; naraAcc; combAcc; woldComp;
    naraComp with naraAcc;
    naraComp with combAcc;
    naraComp with woldComp;
    naraAcc with combAcc;
    naraAcc with woldComp;
    combAcc with woldComp;
   %c#2%
   naraComp; naraAcc; combAcc; woldComp;
    naraComp with naraAcc;
    naraComp with combAcc;
    naraComp with woldComp;
    naraAcc with combAcc;
    naraAcc with woldComp;
    combAcc with woldComp;
  OUTPUT:
   TECH7 TECH11;
  PLOT:
  TYPE = PLOT3;



*** WARNING
  Input line exceeded 90 characters. Some input may be truncated.
  FILE = "mplus_models/simpview/lpa_comp/sv_lpa_mbench_576296b10d9f155ad9363f1cbb7ab8da.dat";
   1 WARNING(S) FOUND IN THE INPUT INSTRUCTIONS




LPA Model E: 2 classes;

SUMMARY OF ANALYSIS

Number of groups                                                 1
Number of observations                                        3423

Number of dependent variables                                    4
Number of independent variables                                  2
Number of continuous latent variables                            0
Number of categorical latent variables                           1

Observed dependent variables

  Continuous
   NARAACC     NARACOMP    WOLDCOMP    COMBACC

Observed independent variables
   F8AGE       F9AGE

Categorical latent variables
   C

Variables with special functions

  ID variable           CIDB3153

Estimator                                                      MLR
Information matrix                                        OBSERVED
Optimization Specifications for the Quasi-Newton Algorithm for
Continuous Outcomes
  Maximum number of iterations                                 100
  Convergence criterion                                  0.100D-05
Optimization Specifications for the EM Algorithm
  Maximum number of iterations                                 500
  Convergence criteria
    Loglikelihood change                                 0.100D-06
    Relative loglikelihood change                        0.100D-06
    Derivative                                           0.100D-05
Optimization Specifications for the M step of the EM Algorithm for
Categorical Latent variables
  Number of M step iterations                                    1
  M step convergence criterion                           0.100D-05
  Basis for M step termination                           ITERATION
Optimization Specifications for the M step of the EM Algorithm for
Censored, Binary or Ordered Categorical (Ordinal), Unordered
Categorical (Nominal) and Count Outcomes
  Number of M step iterations                                    1
  M step convergence criterion                           0.100D-05
  Basis for M step termination                           ITERATION
  Maximum value for logit thresholds                            15
  Minimum value for logit thresholds                           -15
  Minimum expected cell size for chi-square              0.100D-01
Maximum number of iterations for H1                           2000
Convergence criterion for H1                             0.100D-03
Optimization algorithm                                         EMA
Random Starts Specifications
  Random seed for analysis                                  345541

Input data file(s)
  mplus_models/simpview/lpa_comp/sv_lpa_mbench_576296b10d9f155ad9363f1cbb7ab8da.
Input data format  FREE


SUMMARY OF DATA

     Number of missing data patterns             5
     Number of y missing data patterns           5
     Number of u missing data patterns           0


COVARIANCE COVERAGE OF DATA

Minimum covariance coverage value   0.100


     PROPORTION OF DATA PRESENT FOR Y


           Covariance Coverage
              NARAACC       NARACOMP      WOLDCOMP      COMBACC       F8AGE
              ________      ________      ________      ________      ________
 NARAACC        1.000
 NARACOMP       1.000         1.000
 WOLDCOMP       0.852         0.852         0.852
 COMBACC        0.996         0.996         0.850         0.996
 F8AGE          0.861         0.861         0.852         0.858         0.861
 F9AGE          1.000         1.000         0.852         0.996         0.861


           Covariance Coverage
              F9AGE
              ________
 F9AGE          1.000



UNIVARIATE SAMPLE STATISTICS


     UNIVARIATE HIGHER-ORDER MOMENT DESCRIPTIVE STATISTICS

         Variable/         Mean/     Skewness/   Minimum/ % with                Percentiles
        Sample Size      Variance    Kurtosis    Maximum  Min/Max      20%/60%    40%/80%    Median

     NARAACC              66.334      -0.525       0.000    0.06%      48.000     62.000     69.000
            3423.000     417.180      -0.469     100.000    0.06%      76.000     86.000
     NARACOMP             25.018      -0.273       0.000    0.09%      18.000     23.000     25.000
            3423.000      62.018      -0.237      44.000    0.03%      28.000     32.000
     WOLDCOMP              7.517       0.082       2.000    0.41%       6.000      7.000      7.000
            2917.000       3.758       0.190      15.000    0.03%       8.000      9.000
     COMBACC              12.788      -0.783       0.000    1.44%       9.000     13.000     14.000
            3408.000      21.534      -0.011      20.000    1.44%      15.000     17.000
     F8AGE               103.533       2.579      94.000    0.03%     102.000    102.000    103.000
            2947.000      11.227       8.561     126.000    0.03%     103.000    105.000
     F9AGE               118.643       1.305     105.000    0.03%     116.000    117.000    118.000
            3423.000      14.907       2.626     139.000    0.06%     119.000    121.000


THE MODEL ESTIMATION TERMINATED NORMALLY



MODEL FIT INFORMATION

Number of Free Parameters                       40

Loglikelihood

          H0 Value                      -55212.868
          H0 Scaling Correction Factor      1.2292
            for MLR

Information Criteria

          Akaike (AIC)                  110505.735
          Bayesian (BIC)                110751.266
          Sample-Size Adjusted BIC      110624.167
            (n* = (n + 2) / 24)



FINAL CLASS COUNTS AND PROPORTIONS FOR THE LATENT CLASSES
BASED ON THE ESTIMATED MODEL

    Latent
   Classes

       1        250.43878          0.07316
       2       3172.56122          0.92684


FINAL CLASS COUNTS AND PROPORTIONS FOR THE LATENT CLASSES
BASED ON ESTIMATED POSTERIOR PROBABILITIES

    Latent
   Classes

       1        250.43878          0.07316
       2       3172.56122          0.92684


FINAL CLASS COUNTS AND PROPORTIONS FOR THE LATENT CLASSES
BASED ON THEIR MOST LIKELY LATENT CLASS MEMBERSHIP

Class Counts and Proportions

    Latent
   Classes

       1              221          0.06456
       2             3202          0.93544


CLASSIFICATION QUALITY

     Entropy                         0.929


Average Latent Class Probabilities for Most Likely Latent Class Membership (Row)
by Latent Class (Column)

           1        2

    1   0.909    0.091
    2   0.015    0.985


Classification Probabilities for the Most Likely Latent Class Membership (Column)
by Latent Class (Row)

           1        2

    1   0.802    0.198
    2   0.006    0.994


Logits for the Classification Probabilities for the Most Likely Latent Class Membership (Column)
by Latent Class (Row)

              1        2

    1      1.399    0.000
    2     -5.054    0.000


MODEL RESULTS

                                                    Two-Tailed
                    Estimate       S.E.  Est./S.E.    P-Value

Latent Class 1

 COMBACC    ON
    F9AGE              0.049      0.022      2.189      0.029

 NARAACC    ON
    F9AGE              0.391      0.098      4.007      0.000

 NARACOMP   ON
    F9AGE              0.168      0.037      4.547      0.000

 WOLDCOMP   ON
    F8AGE              0.019      0.018      1.082      0.279

 NARACOMP WITH
    NARAACC          180.560     18.359      9.835      0.000
    COMBACC           37.721      4.448      8.481      0.000
    WOLDCOMP           8.567      1.622      5.282      0.000

 NARAACC  WITH
    COMBACC          115.813     10.986     10.542      0.000
    WOLDCOMP          15.209      4.101      3.708      0.000

 COMBACC  WITH
    WOLDCOMP           3.238      0.914      3.541      0.000

 F9AGE    WITH
    F8AGE              0.679      0.198      3.425      0.001

 Means
    F8AGE            114.418      0.519    220.338      0.000
    F9AGE            123.195      0.569    216.562      0.000

 Intercepts
    NARAACC           12.699     12.375      1.026      0.305
    NARACOMP           2.090      4.674      0.447      0.655
    WOLDCOMP           5.429      2.069      2.625      0.009
    COMBACC            5.564      2.842      1.958      0.050

 Variances
    F8AGE              4.048      0.199     20.328      0.000
    F9AGE             13.271      0.532     24.965      0.000

 Residual Variances
    NARAACC          570.316     45.064     12.656      0.000
    NARACOMP          78.405      7.461     10.509      0.000
    WOLDCOMP           4.133      0.475      8.694      0.000
    COMBACC           29.752      2.565     11.600      0.000

Latent Class 2

 COMBACC    ON
    F9AGE              0.049      0.022      2.189      0.029

 NARAACC    ON
    F9AGE              0.391      0.098      4.007      0.000

 NARACOMP   ON
    F9AGE              0.168      0.037      4.547      0.000

 WOLDCOMP   ON
    F8AGE              0.019      0.018      1.082      0.279

 NARACOMP WITH
    NARAACC          127.258      3.590     35.452      0.000
    COMBACC           24.330      0.851     28.576      0.000
    WOLDCOMP           6.234      0.312     19.956      0.000

 NARAACC  WITH
    COMBACC           75.373      2.236     33.703      0.000
    WOLDCOMP          11.186      0.780     14.350      0.000

 COMBACC  WITH
    WOLDCOMP           1.980      0.177     11.167      0.000

 F9AGE    WITH
    F8AGE              0.679      0.198      3.425      0.001

 Means
    F8AGE            102.877      0.046   2245.296      0.000
    F9AGE            118.284      0.070   1697.717      0.000

 Intercepts
    NARAACC           20.506     11.527      1.779      0.075
    NARACOMP           5.340      4.361      1.224      0.221
    WOLDCOMP           5.467      1.850      2.956      0.003
    COMBACC            7.091      2.635      2.692      0.007

 Variances
    F8AGE              4.048      0.199     20.328      0.000
    F9AGE             13.271      0.532     24.965      0.000

 Residual Variances
    NARAACC          400.993      9.236     43.415      0.000
    NARACOMP          60.059      1.464     41.027      0.000
    WOLDCOMP           3.744      0.106     35.213      0.000
    COMBACC           20.919      0.562     37.209      0.000

Categorical Latent Variables

 Means
    C#1               -2.539      0.085    -30.032      0.000


QUALITY OF NUMERICAL RESULTS

     Condition Number for the Information Matrix              0.381E-08
       (ratio of smallest to largest eigenvalue)


TECHNICAL 7 OUTPUT


     SAMPLE STATISTICS WEIGHTED BY ESTIMATED CLASS PROBABILITIES FOR CLASS 1


           Means
              NARAACC       NARACOMP      WOLDCOMP      COMBACC       F8AGE
              ________      ________      ________      ________      ________
               60.878        22.771         7.750        11.647       114.331


           Means
              F9AGE
              ________
              123.195


           Covariances
              NARAACC       NARACOMP      WOLDCOMP      COMBACC       F8AGE
              ________      ________      ________      ________      ________
 NARAACC      580.199
 NARACOMP     183.299        78.935
 WOLDCOMP      27.635        13.579         4.146
 COMBACC      118.411        38.843         7.137        29.380
 F8AGE        215.092        72.305         0.223        63.296        12.721
 F9AGE         18.531         4.109       -12.562         2.229      -190.552


           Covariances
              F9AGE
              ________
 F9AGE         30.147


     SAMPLE STATISTICS WEIGHTED BY ESTIMATED CLASS PROBABILITIES FOR CLASS 2


           Means
              NARAACC       NARACOMP      WOLDCOMP      COMBACC       F8AGE
              ________      ________      ________      ________      ________
               66.764        25.195         7.503        12.877       102.868


           Means
              F9AGE
              ________
              118.284


           Covariances
              NARAACC       NARACOMP      WOLDCOMP      COMBACC       F8AGE
              ________      ________      ________      ________      ________
 NARAACC      401.776
 NARACOMP     127.652        60.253
 WOLDCOMP      15.437         8.240         3.731
 COMBACC       75.830        24.576         2.939        20.810
 F8AGE         66.817        29.582        -0.039        14.000         3.510
 F9AGE          3.336         1.580        -1.792         0.346       -17.901


           Covariances
              F9AGE
              ________
 F9AGE         11.939


TECHNICAL 11 OUTPUT

     Random Starts Specifications for the k-1 Class Analysis Model
        Number of initial stage random starts                  20
        Number of final stage optimizations                     4



     VUONG-LO-MENDELL-RUBIN LIKELIHOOD RATIO TEST FOR 1 (H0) VERSUS 2 CLASSES

          H0 Loglikelihood Value                       -56151.251
          2 Times the Loglikelihood Difference           1876.767
          Difference in the Number of Parameters               17
          Mean                                             35.651
          Standard Deviation                               68.170
          P-Value                                          0.0000

     LO-MENDELL-RUBIN ADJUSTED LRT TEST

          Value                                          1863.299
          P-Value                                          0.0000


PLOT INFORMATION

The following plots are available:

  Histograms (sample values)
  Scatterplots (sample values)
  Estimated overall and class-specific distributions

     Beginning Time:  16:16:01
        Ending Time:  16:16:02
       Elapsed Time:  00:00:01



MUTHEN & MUTHEN
3463 Stoner Ave.
Los Angeles, CA  90066

Tel: (310) 391-9971
Fax: (310) 391-8971
Web: www.StatModel.com
Support: Support@StatModel.com

Copyright (c) 1998-2020 Muthen & Muthen
