Mplus VERSION 8.5
MUTHEN & MUTHEN
09/13/2021   6:22 PM

INPUT INSTRUCTIONS

  TITLE:
   LPA Model E: 6 classes;
  DATA:
  FILE = "mplus_models/simpview/lpa_comp/sv_lpa_mbench_576296b10d9f155ad9363f1cbb7ab8da.dat"

  VARIABLE:
  NAMES = cidB3153 f8age f9age naraAcc naraComp woldComp combAcc;
   MISSING=.;
    idvariable = cidb3153; classes = c(6);
  ANALYSIS:
   estimator = mlr; type = mixture;
                                                     starts = 0;
                                                     optseed = 595190;
                                                     k-1starts = 2000 200;
                                                     STSCALE = 1;
  MODEL:
  %OVERALL%
             f8age; f9age;
             combAcc naraAcc naraComp on f9age;
             woldcomp on f8age;
   naraComp; naraAcc; combAcc; woldComp;

    naraComp with naraAcc;
    naraComp with combAcc;
    naraComp with woldComp;
    naraAcc with combAcc;
    naraAcc with woldComp;
    combAcc with woldComp;
   %c#1%
   naraComp; naraAcc; combAcc; woldComp;
    naraComp with naraAcc;
    naraComp with combAcc;
    naraComp with woldComp;
    naraAcc with combAcc;
    naraAcc with woldComp;
    combAcc with woldComp;
   %c#2%
   naraComp; naraAcc; combAcc; woldComp;
    naraComp with naraAcc;
    naraComp with combAcc;
    naraComp with woldComp;
    naraAcc with combAcc;
    naraAcc with woldComp;
    combAcc with woldComp;
   %c#3%
   naraComp; naraAcc; combAcc; woldComp;
    naraComp with naraAcc;
    naraComp with combAcc;
    naraComp with woldComp;
    naraAcc with combAcc;
    naraAcc with woldComp;
    combAcc with woldComp;
   %c#4%
   naraComp; naraAcc; combAcc; woldComp;
    naraComp with naraAcc;
    naraComp with combAcc;
    naraComp with woldComp;
    naraAcc with combAcc;
    naraAcc with woldComp;
    combAcc with woldComp;
   %c#5%
   naraComp; naraAcc; combAcc; woldComp;
    naraComp with naraAcc;
    naraComp with combAcc;
    naraComp with woldComp;
    naraAcc with combAcc;
    naraAcc with woldComp;
    combAcc with woldComp;
   %c#6%
   naraComp; naraAcc; combAcc; woldComp;
    naraComp with naraAcc;
    naraComp with combAcc;
    naraComp with woldComp;
    naraAcc with combAcc;
    naraAcc with woldComp;
    combAcc with woldComp;
  OUTPUT:
   TECH7 TECH11;
  PLOT:
  TYPE = PLOT3;



*** WARNING
  Input line exceeded 90 characters. Some input may be truncated.
  FILE = "mplus_models/simpview/lpa_comp/sv_lpa_mbench_576296b10d9f155ad9363f1cbb7ab8da.dat";
   1 WARNING(S) FOUND IN THE INPUT INSTRUCTIONS




LPA Model E: 6 classes;

SUMMARY OF ANALYSIS

Number of groups                                                 1
Number of observations                                        3423

Number of dependent variables                                    4
Number of independent variables                                  2
Number of continuous latent variables                            0
Number of categorical latent variables                           1

Observed dependent variables

  Continuous
   NARAACC     NARACOMP    WOLDCOMP    COMBACC

Observed independent variables
   F8AGE       F9AGE

Categorical latent variables
   C

Variables with special functions

  ID variable           CIDB3153

Estimator                                                      MLR
Information matrix                                        OBSERVED
Optimization Specifications for the Quasi-Newton Algorithm for
Continuous Outcomes
  Maximum number of iterations                                 100
  Convergence criterion                                  0.100D-05
Optimization Specifications for the EM Algorithm
  Maximum number of iterations                                 500
  Convergence criteria
    Loglikelihood change                                 0.100D-06
    Relative loglikelihood change                        0.100D-06
    Derivative                                           0.100D-05
Optimization Specifications for the M step of the EM Algorithm for
Categorical Latent variables
  Number of M step iterations                                    1
  M step convergence criterion                           0.100D-05
  Basis for M step termination                           ITERATION
Optimization Specifications for the M step of the EM Algorithm for
Censored, Binary or Ordered Categorical (Ordinal), Unordered
Categorical (Nominal) and Count Outcomes
  Number of M step iterations                                    1
  M step convergence criterion                           0.100D-05
  Basis for M step termination                           ITERATION
  Maximum value for logit thresholds                            15
  Minimum value for logit thresholds                           -15
  Minimum expected cell size for chi-square              0.100D-01
Maximum number of iterations for H1                           2000
Convergence criterion for H1                             0.100D-03
Optimization algorithm                                         EMA
Random Starts Specifications
  Random seed for analysis                                  595190

Input data file(s)
  mplus_models/simpview/lpa_comp/sv_lpa_mbench_576296b10d9f155ad9363f1cbb7ab8da.
Input data format  FREE


SUMMARY OF DATA

     Number of missing data patterns             5
     Number of y missing data patterns           5
     Number of u missing data patterns           0


COVARIANCE COVERAGE OF DATA

Minimum covariance coverage value   0.100


     PROPORTION OF DATA PRESENT FOR Y


           Covariance Coverage
              NARAACC       NARACOMP      WOLDCOMP      COMBACC       F8AGE
              ________      ________      ________      ________      ________
 NARAACC        1.000
 NARACOMP       1.000         1.000
 WOLDCOMP       0.852         0.852         0.852
 COMBACC        0.996         0.996         0.850         0.996
 F8AGE          0.861         0.861         0.852         0.858         0.861
 F9AGE          1.000         1.000         0.852         0.996         0.861


           Covariance Coverage
              F9AGE
              ________
 F9AGE          1.000



UNIVARIATE SAMPLE STATISTICS


     UNIVARIATE HIGHER-ORDER MOMENT DESCRIPTIVE STATISTICS

         Variable/         Mean/     Skewness/   Minimum/ % with                Percentiles
        Sample Size      Variance    Kurtosis    Maximum  Min/Max      20%/60%    40%/80%    Median

     NARAACC              66.334      -0.525       0.000    0.06%      48.000     62.000     69.000
            3423.000     417.180      -0.469     100.000    0.06%      76.000     86.000
     NARACOMP             25.018      -0.273       0.000    0.09%      18.000     23.000     25.000
            3423.000      62.018      -0.237      44.000    0.03%      28.000     32.000
     WOLDCOMP              7.517       0.082       2.000    0.41%       6.000      7.000      7.000
            2917.000       3.758       0.190      15.000    0.03%       8.000      9.000
     COMBACC              12.788      -0.783       0.000    1.44%       9.000     13.000     14.000
            3408.000      21.534      -0.011      20.000    1.44%      15.000     17.000
     F8AGE               103.533       2.579      94.000    0.03%     102.000    102.000    103.000
            2947.000      11.227       8.561     126.000    0.03%     103.000    105.000
     F9AGE               118.643       1.305     105.000    0.03%     116.000    117.000    118.000
            3423.000      14.907       2.626     139.000    0.06%     119.000    121.000


THE MODEL ESTIMATION TERMINATED NORMALLY



MODEL FIT INFORMATION

Number of Free Parameters                      108

Loglikelihood

          H0 Value                      -54154.000
          H0 Scaling Correction Factor      1.1414
            for MLR

Information Criteria

          Akaike (AIC)                  108524.000
          Bayesian (BIC)                109186.934
          Sample-Size Adjusted BIC      108843.767
            (n* = (n + 2) / 24)



FINAL CLASS COUNTS AND PROPORTIONS FOR THE LATENT CLASSES
BASED ON THE ESTIMATED MODEL

    Latent
   Classes

       1        783.45297          0.22888
       2        129.85897          0.03794
       3        183.99668          0.05375
       4       1194.54188          0.34898
       5        933.17719          0.27262
       6        197.97231          0.05784


FINAL CLASS COUNTS AND PROPORTIONS FOR THE LATENT CLASSES
BASED ON ESTIMATED POSTERIOR PROBABILITIES

    Latent
   Classes

       1        783.45297          0.22888
       2        129.85897          0.03794
       3        183.99668          0.05375
       4       1194.54188          0.34898
       5        933.17719          0.27262
       6        197.97231          0.05784


FINAL CLASS COUNTS AND PROPORTIONS FOR THE LATENT CLASSES
BASED ON THEIR MOST LIKELY LATENT CLASS MEMBERSHIP

Class Counts and Proportions

    Latent
   Classes

       1              852          0.24890
       2              103          0.03009
       3              190          0.05551
       4             1240          0.36226
       5              868          0.25358
       6              170          0.04966


CLASSIFICATION QUALITY

     Entropy                         0.736


Average Latent Class Probabilities for Most Likely Latent Class Membership (Row)
by Latent Class (Column)

           1        2        3        4        5        6

    1   0.807    0.003    0.013    0.157    0.014    0.006
    2   0.000    0.942    0.003    0.003    0.003    0.049
    3   0.039    0.059    0.776    0.066    0.043    0.017
    4   0.070    0.006    0.012    0.760    0.135    0.017
    5   0.000    0.009    0.011    0.111    0.851    0.018
    6   0.011    0.025    0.005    0.052    0.040    0.866


Classification Probabilities for the Most Likely Latent Class Membership (Column)
by Latent Class (Row)

           1        2        3        4        5        6

    1   0.877    0.000    0.009    0.111    0.000    0.002
    2   0.021    0.747    0.087    0.054    0.058    0.033
    3   0.058    0.002    0.801    0.083    0.051    0.005
    4   0.112    0.000    0.011    0.789    0.081    0.007
    5   0.013    0.000    0.009    0.179    0.792    0.007
    6   0.026    0.026    0.016    0.109    0.079    0.744


Logits for the Classification Probabilities for the Most Likely Latent Class Membership (Column)
by Latent Class (Row)

              1        2        3        4        5        6

    1      5.922   -7.763    1.382    3.854   -4.416    0.000
    2     -0.426    3.131    0.976    0.495    0.579    0.000
    3      2.487   -1.003    5.114    2.845    2.365    0.000
    4      2.710   -3.456    0.343    4.660    2.381    0.000
    5      0.559   -3.215    0.183    3.197    4.683    0.000
    6     -3.337   -3.372   -3.831   -1.924   -2.239    0.000


MODEL RESULTS

                                                    Two-Tailed
                    Estimate       S.E.  Est./S.E.    P-Value

Latent Class 1

 COMBACC    ON
    F9AGE             -0.010      0.020     -0.469      0.639

 NARAACC    ON
    F9AGE              0.211      0.082      2.583      0.010

 NARACOMP   ON
    F9AGE              0.077      0.038      2.036      0.042

 WOLDCOMP   ON
    F8AGE              0.033      0.022      1.515      0.130

 NARACOMP WITH
    NARAACC           11.800      1.604      7.356      0.000
    COMBACC            0.605      0.386      1.567      0.117
    WOLDCOMP           4.371      0.448      9.747      0.000

 NARAACC  WITH
    COMBACC            3.492      0.533      6.557      0.000
    WOLDCOMP           3.076      0.586      5.248      0.000

 COMBACC  WITH
    WOLDCOMP           0.240      0.159      1.510      0.131

 F9AGE    WITH
    F8AGE              0.146      0.189      0.770      0.441

 Means
    F8AGE            102.476      0.071   1441.867      0.000
    F9AGE            117.934      0.170    694.229      0.000

 Intercepts
    NARAACC           62.479      9.646      6.477      0.000
    NARACOMP          22.463      4.460      5.037      0.000
    WOLDCOMP           4.751      2.237      2.124      0.034
    COMBACC           18.211      2.392      7.613      0.000

 Variances
    F8AGE              2.819      0.136     20.723      0.000
    F9AGE              8.863      0.491     18.036      0.000

 Residual Variances
    NARAACC           35.648      3.498     10.190      0.000
    NARACOMP          25.529      1.517     16.825      0.000
    WOLDCOMP           4.021      0.244     16.451      0.000
    COMBACC            2.354      0.275      8.553      0.000

Latent Class 2

 COMBACC    ON
    F9AGE             -0.010      0.020     -0.469      0.639

 NARAACC    ON
    F9AGE              0.211      0.082      2.583      0.010

 NARACOMP   ON
    F9AGE              0.077      0.038      2.036      0.042

 WOLDCOMP   ON
    F8AGE              0.033      0.022      1.515      0.130

 NARACOMP WITH
    NARAACC          144.899     25.848      5.606      0.000
    COMBACC           30.720      6.214      4.943      0.000
    WOLDCOMP           8.910      2.170      4.107      0.000

 NARAACC  WITH
    COMBACC           96.517     15.545      6.209      0.000
    WOLDCOMP          14.291      5.563      2.569      0.010

 COMBACC  WITH
    WOLDCOMP           3.058      1.267      2.413      0.016

 F9AGE    WITH
    F8AGE              0.146      0.189      0.770      0.441

 Means
    F8AGE            116.625      0.518    225.124      0.000
    F9AGE            123.084      0.612    201.202      0.000

 Intercepts
    NARAACC           36.137     10.259      3.522      0.000
    NARACOMP          13.824      4.681      2.953      0.003
    WOLDCOMP           4.009      2.568      1.561      0.118
    COMBACC           13.240      2.562      5.167      0.000

 Variances
    F8AGE              2.819      0.136     20.723      0.000
    F9AGE              8.863      0.491     18.036      0.000

 Residual Variances
    NARAACC          479.866     64.113      7.485      0.000
    NARACOMP          65.832      9.836      6.693      0.000
    WOLDCOMP           4.519      0.649      6.965      0.000
    COMBACC           25.795      3.806      6.778      0.000

Latent Class 3

 COMBACC    ON
    F9AGE             -0.010      0.020     -0.469      0.639

 NARAACC    ON
    F9AGE              0.211      0.082      2.583      0.010

 NARACOMP   ON
    F9AGE              0.077      0.038      2.036      0.042

 WOLDCOMP   ON
    F8AGE              0.033      0.022      1.515      0.130

 NARACOMP WITH
    NARAACC          171.262     26.719      6.410      0.000
    COMBACC           31.027      6.801      4.562      0.000
    WOLDCOMP           6.745      2.410      2.799      0.005

 NARAACC  WITH
    COMBACC           88.478     17.001      5.204      0.000
    WOLDCOMP          13.947      6.362      2.192      0.028

 COMBACC  WITH
    WOLDCOMP           2.730      1.510      1.807      0.071

 F9AGE    WITH
    F8AGE              0.146      0.189      0.770      0.441

 Means
    F8AGE            102.811      0.303    338.800      0.000
    F9AGE            127.889      0.746    171.352      0.000

 Intercepts
    NARAACC           38.470     11.051      3.481      0.000
    NARACOMP          15.565      5.185      3.002      0.003
    WOLDCOMP           3.296      2.254      1.462      0.144
    COMBACC           13.807      2.802      4.928      0.000

 Variances
    F8AGE              2.819      0.136     20.723      0.000
    F9AGE              8.863      0.491     18.036      0.000

 Residual Variances
    NARAACC          495.198     66.427      7.455      0.000
    NARACOMP          77.798     10.643      7.310      0.000
    WOLDCOMP           3.463      0.606      5.717      0.000
    COMBACC           22.923      4.263      5.378      0.000

Latent Class 4

 COMBACC    ON
    F9AGE             -0.010      0.020     -0.469      0.639

 NARAACC    ON
    F9AGE              0.211      0.082      2.583      0.010

 NARACOMP   ON
    F9AGE              0.077      0.038      2.036      0.042

 WOLDCOMP   ON
    F8AGE              0.033      0.022      1.515      0.130

 NARACOMP WITH
    NARAACC           40.307      4.884      8.253      0.000
    COMBACC            2.036      1.032      1.972      0.049
    WOLDCOMP           4.796      0.523      9.177      0.000

 NARAACC  WITH
    COMBACC            7.516      2.354      3.193      0.001
    WOLDCOMP           3.862      1.413      2.733      0.006

 COMBACC  WITH
    WOLDCOMP           0.095      0.239      0.397      0.691

 F9AGE    WITH
    F8AGE              0.146      0.189      0.770      0.441

 Means
    F8AGE            102.754      0.073   1401.571      0.000
    F9AGE            117.789      0.134    878.902      0.000

 Intercepts
    NARAACC           44.993      9.674      4.651      0.000
    NARACOMP          16.977      4.485      3.785      0.000
    WOLDCOMP           4.157      2.253      1.845      0.065
    COMBACC           14.885      2.403      6.193      0.000

 Variances
    F8AGE              2.819      0.136     20.723      0.000
    F9AGE              8.863      0.491     18.036      0.000

 Residual Variances
    NARAACC          151.351     11.675     12.964      0.000
    NARACOMP          36.956      1.762     20.978      0.000
    WOLDCOMP           3.268      0.253     12.908      0.000
    COMBACC            6.676      0.531     12.580      0.000

Latent Class 5

 COMBACC    ON
    F9AGE             -0.010      0.020     -0.469      0.639

 NARAACC    ON
    F9AGE              0.211      0.082      2.583      0.010

 NARACOMP   ON
    F9AGE              0.077      0.038      2.036      0.042

 WOLDCOMP   ON
    F8AGE              0.033      0.022      1.515      0.130

 NARACOMP WITH
    NARAACC           86.371      6.829     12.648      0.000
    COMBACC           20.036      1.609     12.453      0.000
    WOLDCOMP           2.293      0.726      3.156      0.002

 NARAACC  WITH
    COMBACC           51.822      3.804     13.624      0.000
    WOLDCOMP           3.107      1.737      1.789      0.074

 COMBACC  WITH
    WOLDCOMP           0.732      0.499      1.467      0.142

 F9AGE    WITH
    F8AGE              0.146      0.189      0.770      0.441

 Means
    F8AGE            102.757      0.072   1429.878      0.000
    F9AGE            117.660      0.126    937.404      0.000

 Intercepts
    NARAACC           20.759      9.707      2.139      0.032
    NARACOMP           9.664      4.510      2.143      0.032
    WOLDCOMP           3.507      2.248      1.560      0.119
    COMBACC            9.315      2.441      3.817      0.000

 Variances
    F8AGE              2.819      0.136     20.723      0.000
    F9AGE              8.863      0.491     18.036      0.000

 Residual Variances
    NARAACC          222.236     15.747     14.113      0.000
    NARACOMP          41.187      3.207     12.843      0.000
    WOLDCOMP           3.321      0.222     14.981      0.000
    COMBACC           17.963      1.174     15.307      0.000

Latent Class 6

 COMBACC    ON
    F9AGE             -0.010      0.020     -0.469      0.639

 NARAACC    ON
    F9AGE              0.211      0.082      2.583      0.010

 NARACOMP   ON
    F9AGE              0.077      0.038      2.036      0.042

 WOLDCOMP   ON
    F8AGE              0.033      0.022      1.515      0.130

 NARACOMP WITH
    NARAACC          147.287     20.449      7.203      0.000
    COMBACC           28.224      5.045      5.594      0.000
    WOLDCOMP           4.881      1.618      3.016      0.003

 NARAACC  WITH
    COMBACC           83.420     12.430      6.711      0.000
    WOLDCOMP           7.633      3.647      2.093      0.036

 COMBACC  WITH
    WOLDCOMP           1.257      0.798      1.576      0.115

 F9AGE    WITH
    F8AGE              0.146      0.189      0.770      0.441

 Means
    F8AGE            109.367      0.490    223.114      0.000
    F9AGE            119.729      0.376    318.016      0.000

 Intercepts
    NARAACC           37.546     10.014      3.749      0.000
    NARACOMP          13.922      4.611      3.019      0.003
    WOLDCOMP           3.645      2.425      1.503      0.133
    COMBACC           13.054      2.477      5.270      0.000

 Variances
    F8AGE              2.819      0.136     20.723      0.000
    F9AGE              8.863      0.491     18.036      0.000

 Residual Variances
    NARAACC          444.475     51.356      8.655      0.000
    NARACOMP          70.097      8.446      8.299      0.000
    WOLDCOMP           3.682      0.475      7.758      0.000
    COMBACC           23.099      2.778      8.314      0.000

Categorical Latent Variables

 Means
    C#1                1.376      0.128     10.756      0.000
    C#2               -0.422      0.154     -2.747      0.006
    C#3               -0.073      0.227     -0.323      0.747
    C#4                1.797      0.132     13.652      0.000
    C#5                1.550      0.140     11.079      0.000


QUALITY OF NUMERICAL RESULTS

     Condition Number for the Information Matrix              0.101E-07
       (ratio of smallest to largest eigenvalue)


TECHNICAL 7 OUTPUT


     SAMPLE STATISTICS WEIGHTED BY ESTIMATED CLASS PROBABILITIES FOR CLASS 1


           Means
              NARAACC       NARACOMP      WOLDCOMP      COMBACC       F8AGE
              ________      ________      ________      ________      ________
               87.391        31.559         8.168        17.084       102.474


           Means
              F9AGE
              ________
              117.934


           Covariances
              NARAACC       NARACOMP      WOLDCOMP      COMBACC       F8AGE
              ________      ________      ________      ________      ________
 NARAACC       36.020
 NARACOMP      11.889        25.544
 WOLDCOMP       3.615         5.092         4.028
 COMBACC        3.346         0.695         0.329         2.358
 F8AGE          4.994         7.841         0.109         0.648         2.427
 F9AGE          1.784         0.427        -0.934        -0.200       -11.981


           Covariances
              F9AGE
              ________
 F9AGE          8.550


     SAMPLE STATISTICS WEIGHTED BY ESTIMATED CLASS PROBABILITIES FOR CLASS 2


           Means
              NARAACC       NARACOMP      WOLDCOMP      COMBACC       F8AGE
              ________      ________      ________      ________      ________
               62.137        23.317         7.965        12.090       116.619


           Means
              F9AGE
              ________
              123.084


           Covariances
              NARAACC       NARACOMP      WOLDCOMP      COMBACC       F8AGE
              ________      ________      ________      ________      ________
 NARAACC      481.039
 NARACOMP     144.389        65.303
 WOLDCOMP      23.765        13.866         4.522
 COMBACC       97.288        31.054         5.813        25.585
 F8AGE        153.011        59.928        -0.363        41.647         8.067
 F9AGE          4.936        -2.640        -2.302         0.878       -40.651


           Covariances
              F9AGE
              ________
 F9AGE         20.452


     SAMPLE STATISTICS WEIGHTED BY ESTIMATED CLASS PROBABILITIES FOR CLASS 3


           Means
              NARAACC       NARACOMP      WOLDCOMP      COMBACC       F8AGE
              ________      ________      ________      ________      ________
               65.485        25.429         6.801        12.760       102.800


           Means
              F9AGE
              ________
              127.889


           Covariances
              NARAACC       NARACOMP      WOLDCOMP      COMBACC       F8AGE
              ________      ________      ________      ________      ________
 NARAACC      498.509
 NARACOMP     172.329        78.136
 WOLDCOMP      24.113        12.610         3.410
 COMBACC       93.161        33.476         6.785        21.569
 F8AGE        156.734        76.006        -0.104        57.325         3.447
 F9AGE          9.169         2.676        -4.268        -0.313       -69.339


           Covariances
              F9AGE
              ________
 F9AGE         12.613


     SAMPLE STATISTICS WEIGHTED BY ESTIMATED CLASS PROBABILITIES FOR CLASS 4


           Means
              NARAACC       NARACOMP      WOLDCOMP      COMBACC       F8AGE
              ________      ________      ________      ________      ________
               69.875        26.062         7.581        13.760       102.751


           Means
              F9AGE
              ________
              117.789


           Covariances
              NARAACC       NARACOMP      WOLDCOMP      COMBACC       F8AGE
              ________      ________      ________      ________      ________
 NARAACC      151.648
 NARACOMP      40.510        37.064
 WOLDCOMP       4.827         5.588         3.265
 COMBACC        7.530         2.070         0.181         6.676
 F8AGE         18.446        12.489         0.100         0.911         2.582
 F9AGE          1.506         0.996        -1.366        -0.059       -14.461


           Covariances
              F9AGE
              ________
 F9AGE          7.611


     SAMPLE STATISTICS WEIGHTED BY ESTIMATED CLASS PROBABILITIES FOR CLASS 5


           Means
              NARAACC       NARACOMP      WOLDCOMP      COMBACC       F8AGE
              ________      ________      ________      ________      ________
               45.614        18.739         6.939         8.207       102.754


           Means
              F9AGE
              ________
              117.660


           Covariances
              NARAACC       NARACOMP      WOLDCOMP      COMBACC       F8AGE
              ________      ________      ________      ________      ________
 NARAACC      222.270
 NARACOMP      86.409        41.210
 WOLDCOMP       7.005         4.586         3.323
 COMBACC       52.141        20.191         1.849        17.916
 F8AGE         62.657        34.809         0.004        16.417         2.530
 F9AGE          0.896         0.447        -1.219        -0.090       -15.686


           Covariances
              F9AGE
              ________
 F9AGE          7.719


     SAMPLE STATISTICS WEIGHTED BY ESTIMATED CLASS PROBABILITIES FOR CLASS 6


           Means
              NARAACC       NARACOMP      WOLDCOMP      COMBACC       F8AGE
              ________      ________      ________      ________      ________
               62.838        23.157         7.304        11.942       109.364


           Means
              F9AGE
              ________
              119.729


           Covariances
              NARAACC       NARACOMP      WOLDCOMP      COMBACC       F8AGE
              ________      ________      ________      ________      ________
 NARAACC      450.473
 NARACOMP     149.142        70.652
 WOLDCOMP      14.179         8.147         3.705
 COMBACC       85.725        29.086         2.810        22.969
 F8AGE         93.524        47.903         0.348        22.984         3.796
 F9AGE         15.460         4.057        -1.669         3.538       -19.565


           Covariances
              F9AGE
              ________
 F9AGE         11.963


TECHNICAL 11 OUTPUT

     Random Starts Specifications for the k-1 Class Analysis Model
        Number of initial stage random starts                2000
        Number of final stage optimizations                   200



     VUONG-LO-MENDELL-RUBIN LIKELIHOOD RATIO TEST FOR 5 (H0) VERSUS 6 CLASSES

          H0 Loglikelihood Value                       -54325.783
          2 Times the Loglikelihood Difference            343.566
          Difference in the Number of Parameters               17
          Mean                                             30.799
          Standard Deviation                               55.404
          P-Value                                          0.0001

     LO-MENDELL-RUBIN ADJUSTED LRT TEST

          Value                                           341.101
          P-Value                                          0.0001


PLOT INFORMATION

The following plots are available:

  Histograms (sample values)
  Scatterplots (sample values)
  Estimated overall and class-specific distributions

     Beginning Time:  18:22:18
        Ending Time:  18:25:20
       Elapsed Time:  00:03:02



MUTHEN & MUTHEN
3463 Stoner Ave.
Los Angeles, CA  90066

Tel: (310) 391-9971
Fax: (310) 391-8971
Web: www.StatModel.com
Support: Support@StatModel.com

Copyright (c) 1998-2020 Muthen & Muthen
