Mplus VERSION 8.5
MUTHEN & MUTHEN
09/18/2021  10:47 AM

INPUT INSTRUCTIONS

  TITLE:
   LPA Model C: 2 classes;
  DATA:
  FILE = "mplus_models/simpview/lpa_comp/sv_lpa_mbench_576296b10d9f155ad9363f1cbb7ab8da.dat"

  VARIABLE:
  NAMES = cidB3153 f8age f9age naraAcc naraComp woldComp combAcc;
   MISSING=.;
    idvariable = cidb3153; classes = c(2);
  ANALYSIS:
   estimator = mlr; type = mixture;
                                                     starts = 0;
                                                     optseed = 879211;
                                                     k-1starts = 20 4;
                                                     STSCALE = 5;
  MODEL:
  %OVERALL%
             f8age; f9age;
             combAcc naraAcc naraComp on f9age;
             woldcomp on f8age;
   naraComp; naraAcc; combAcc; woldComp;
    naraComp with naraAcc@0;
    naraComp with combAcc@0;
    naraComp with woldComp@0;
    naraAcc with combAcc@0;
    naraAcc with woldComp@0;
    combAcc with woldComp@0;
   %c#1%
   naraComp; naraAcc; combAcc; woldComp;
   %c#2%
   naraComp; naraAcc; combAcc; woldComp;
  OUTPUT:
   TECH7 TECH11;
  PLOT:
  TYPE = PLOT3;



*** WARNING
  Input line exceeded 90 characters. Some input may be truncated.
  FILE = "mplus_models/simpview/lpa_comp/sv_lpa_mbench_576296b10d9f155ad9363f1cbb7ab8da.dat";
   1 WARNING(S) FOUND IN THE INPUT INSTRUCTIONS




LPA Model C: 2 classes;

SUMMARY OF ANALYSIS

Number of groups                                                 1
Number of observations                                        3423

Number of dependent variables                                    4
Number of independent variables                                  2
Number of continuous latent variables                            0
Number of categorical latent variables                           1

Observed dependent variables

  Continuous
   NARAACC     NARACOMP    WOLDCOMP    COMBACC

Observed independent variables
   F8AGE       F9AGE

Categorical latent variables
   C

Variables with special functions

  ID variable           CIDB3153

Estimator                                                      MLR
Information matrix                                        OBSERVED
Optimization Specifications for the Quasi-Newton Algorithm for
Continuous Outcomes
  Maximum number of iterations                                 100
  Convergence criterion                                  0.100D-05
Optimization Specifications for the EM Algorithm
  Maximum number of iterations                                 500
  Convergence criteria
    Loglikelihood change                                 0.100D-06
    Relative loglikelihood change                        0.100D-06
    Derivative                                           0.100D-05
Optimization Specifications for the M step of the EM Algorithm for
Categorical Latent variables
  Number of M step iterations                                    1
  M step convergence criterion                           0.100D-05
  Basis for M step termination                           ITERATION
Optimization Specifications for the M step of the EM Algorithm for
Censored, Binary or Ordered Categorical (Ordinal), Unordered
Categorical (Nominal) and Count Outcomes
  Number of M step iterations                                    1
  M step convergence criterion                           0.100D-05
  Basis for M step termination                           ITERATION
  Maximum value for logit thresholds                            15
  Minimum value for logit thresholds                           -15
  Minimum expected cell size for chi-square              0.100D-01
Maximum number of iterations for H1                           2000
Convergence criterion for H1                             0.100D-03
Optimization algorithm                                         EMA
Random Starts Specifications
  Random seed for analysis                                  879211

Input data file(s)
  mplus_models/simpview/lpa_comp/sv_lpa_mbench_576296b10d9f155ad9363f1cbb7ab8da.
Input data format  FREE


SUMMARY OF DATA

     Number of missing data patterns             5
     Number of y missing data patterns           5
     Number of u missing data patterns           0


COVARIANCE COVERAGE OF DATA

Minimum covariance coverage value   0.100


     PROPORTION OF DATA PRESENT FOR Y


           Covariance Coverage
              NARAACC       NARACOMP      WOLDCOMP      COMBACC       F8AGE
              ________      ________      ________      ________      ________
 NARAACC        1.000
 NARACOMP       1.000         1.000
 WOLDCOMP       0.852         0.852         0.852
 COMBACC        0.996         0.996         0.850         0.996
 F8AGE          0.861         0.861         0.852         0.858         0.861
 F9AGE          1.000         1.000         0.852         0.996         0.861


           Covariance Coverage
              F9AGE
              ________
 F9AGE          1.000



UNIVARIATE SAMPLE STATISTICS


     UNIVARIATE HIGHER-ORDER MOMENT DESCRIPTIVE STATISTICS

         Variable/         Mean/     Skewness/   Minimum/ % with                Percentiles
        Sample Size      Variance    Kurtosis    Maximum  Min/Max      20%/60%    40%/80%    Median

     NARAACC              66.334      -0.525       0.000    0.06%      48.000     62.000     69.000
            3423.000     417.180      -0.469     100.000    0.06%      76.000     86.000
     NARACOMP             25.018      -0.273       0.000    0.09%      18.000     23.000     25.000
            3423.000      62.018      -0.237      44.000    0.03%      28.000     32.000
     WOLDCOMP              7.517       0.082       2.000    0.41%       6.000      7.000      7.000
            2917.000       3.758       0.190      15.000    0.03%       8.000      9.000
     COMBACC              12.788      -0.783       0.000    1.44%       9.000     13.000     14.000
            3408.000      21.534      -0.011      20.000    1.44%      15.000     17.000
     F8AGE               103.533       2.579      94.000    0.03%     102.000    102.000    103.000
            2947.000      11.227       8.561     126.000    0.03%     103.000    105.000
     F9AGE               118.643       1.305     105.000    0.03%     116.000    117.000    118.000
            3423.000      14.907       2.626     139.000    0.06%     119.000    121.000


THE MODEL ESTIMATION TERMINATED NORMALLY



MODEL FIT INFORMATION

Number of Free Parameters                       28

Loglikelihood

          H0 Value                      -57593.254
          H0 Scaling Correction Factor      1.3641
            for MLR

Information Criteria

          Akaike (AIC)                  115242.507
          Bayesian (BIC)                115414.379
          Sample-Size Adjusted BIC      115325.410
            (n* = (n + 2) / 24)



FINAL CLASS COUNTS AND PROPORTIONS FOR THE LATENT CLASSES
BASED ON THE ESTIMATED MODEL

    Latent
   Classes

       1       1374.11773          0.40144
       2       2048.88227          0.59856


FINAL CLASS COUNTS AND PROPORTIONS FOR THE LATENT CLASSES
BASED ON ESTIMATED POSTERIOR PROBABILITIES

    Latent
   Classes

       1       1374.11773          0.40144
       2       2048.88227          0.59856


FINAL CLASS COUNTS AND PROPORTIONS FOR THE LATENT CLASSES
BASED ON THEIR MOST LIKELY LATENT CLASS MEMBERSHIP

Class Counts and Proportions

    Latent
   Classes

       1             1366          0.39907
       2             2057          0.60093


CLASSIFICATION QUALITY

     Entropy                         0.855


Average Latent Class Probabilities for Most Likely Latent Class Membership (Row)
by Latent Class (Column)

           1        2

    1   0.950    0.050
    2   0.037    0.963


Classification Probabilities for the Most Likely Latent Class Membership (Column)
by Latent Class (Row)

           1        2

    1   0.944    0.056
    2   0.033    0.967


Logits for the Classification Probabilities for the Most Likely Latent Class Membership (Column)
by Latent Class (Row)

              1        2

    1      2.832    0.000
    2     -3.367    0.000


MODEL RESULTS

                                                    Two-Tailed
                    Estimate       S.E.  Est./S.E.    P-Value

Latent Class 1

 COMBACC    ON
    F9AGE             -0.021      0.020     -1.085      0.278

 NARAACC    ON
    F9AGE              0.047      0.100      0.472      0.637

 NARACOMP   ON
    F9AGE              0.014      0.040      0.350      0.726

 WOLDCOMP   ON
    F8AGE              0.024      0.011      2.112      0.035

 NARACOMP WITH
    NARAACC            0.000      0.000    999.000    999.000
    COMBACC            0.000      0.000    999.000    999.000
    WOLDCOMP           0.000      0.000    999.000    999.000

 NARAACC  WITH
    COMBACC            0.000      0.000    999.000    999.000
    WOLDCOMP           0.000      0.000    999.000    999.000

 COMBACC  WITH
    WOLDCOMP           0.000      0.000    999.000    999.000

 F9AGE    WITH
    F8AGE              3.277      0.421      7.782      0.000

 Means
    F8AGE            103.887      0.114    913.080      0.000
    F9AGE            118.481      0.121    980.899      0.000

 Intercepts
    NARAACC           40.642     11.688      3.477      0.001
    NARACOMP          16.305      4.744      3.437      0.001
    WOLDCOMP           4.356      1.179      3.695      0.000
    COMBACC           11.241      2.323      4.839      0.000

 Variances
    F8AGE             11.294      0.685     16.480      0.000
    F9AGE             14.890      0.546     27.249      0.000

 Residual Variances
    NARAACC          192.910      8.617     22.387      0.000
    NARACOMP          30.272      1.366     22.162      0.000
    WOLDCOMP           3.170      0.144     21.961      0.000
    COMBACC           16.665      0.531     31.414      0.000

Latent Class 2

 COMBACC    ON
    F9AGE             -0.021      0.020     -1.085      0.278

 NARAACC    ON
    F9AGE              0.047      0.100      0.472      0.637

 NARACOMP   ON
    F9AGE              0.014      0.040      0.350      0.726

 WOLDCOMP   ON
    F8AGE              0.024      0.011      2.112      0.035

 NARACOMP WITH
    NARAACC            0.000      0.000    999.000    999.000
    COMBACC            0.000      0.000    999.000    999.000
    WOLDCOMP           0.000      0.000    999.000    999.000

 NARAACC  WITH
    COMBACC            0.000      0.000    999.000    999.000
    WOLDCOMP           0.000      0.000    999.000    999.000

 COMBACC  WITH
    WOLDCOMP           0.000      0.000    999.000    999.000

 F9AGE    WITH
    F8AGE              3.277      0.421      7.782      0.000

 Means
    F8AGE            103.436      0.084   1227.370      0.000
    F9AGE            118.751      0.097   1222.855      0.000

 Intercepts
    NARAACC           74.229     11.738      6.324      0.000
    NARACOMP          28.056      4.768      5.884      0.000
    WOLDCOMP           5.455      1.173      4.652      0.000
    COMBACC           18.070      2.342      7.716      0.000

 Variances
    F8AGE             11.294      0.685     16.480      0.000
    F9AGE             14.890      0.546     27.249      0.000

 Residual Variances
    NARAACC          114.402      6.682     17.122      0.000
    NARACOMP          27.842      0.955     29.147      0.000
    WOLDCOMP           3.660      0.129     28.289      0.000
    COMBACC            6.142      0.264     23.231      0.000

Categorical Latent Variables

 Means
    C#1               -0.399      0.071     -5.652      0.000


QUALITY OF NUMERICAL RESULTS

     Condition Number for the Information Matrix              0.275E-06
       (ratio of smallest to largest eigenvalue)


TECHNICAL 7 OUTPUT


     SAMPLE STATISTICS WEIGHTED BY ESTIMATED CLASS PROBABILITIES FOR CLASS 1


           Means
              NARAACC       NARACOMP      WOLDCOMP      COMBACC       F8AGE
              ________      ________      ________      ________      ________
               46.222        17.982         6.847         8.695       103.802


           Means
              F9AGE
              ________
              118.481


           Covariances
              NARAACC       NARACOMP      WOLDCOMP      COMBACC       F8AGE
              ________      ________      ________      ________      ________
 NARAACC      192.714
 NARACOMP      56.370        30.260
 WOLDCOMP       3.901         3.943         3.179
 COMBACC       41.562        12.748         1.233        16.665
 F8AGE         49.688        28.077         0.252        13.543        12.566
 F9AGE         -1.747        -0.310        -3.011        -0.344       -37.149


           Covariances
              F9AGE
              ________
 F9AGE         14.215


     SAMPLE STATISTICS WEIGHTED BY ESTIMATED CLASS PROBABILITIES FOR CLASS 2


           Means
              NARAACC       NARACOMP      WOLDCOMP      COMBACC       F8AGE
              ________      ________      ________      ________      ________
               79.822        29.736         7.936        15.518       103.365


           Means
              F9AGE
              ________
              118.751


           Covariances
              NARAACC       NARACOMP      WOLDCOMP      COMBACC       F8AGE
              ________      ________      ________      ________      ________
 NARAACC      114.527
 NARACOMP      25.334        27.854
 WOLDCOMP       3.802         4.496         3.664
 COMBACC       12.124         2.161         0.377         6.150
 F8AGE         10.035         6.611         0.126         3.081        10.317
 F9AGE          1.684         0.532        -3.049        -0.449       -30.388


           Covariances
              F9AGE
              ________
 F9AGE         15.342


TECHNICAL 11 OUTPUT

     Random Starts Specifications for the k-1 Class Analysis Model
        Number of initial stage random starts                  20
        Number of final stage optimizations                     4



     VUONG-LO-MENDELL-RUBIN LIKELIHOOD RATIO TEST FOR 1 (H0) VERSUS 2 CLASSES

          H0 Loglikelihood Value                       -60382.881
          2 Times the Loglikelihood Difference           5579.255
          Difference in the Number of Parameters               11
          Mean                                             36.639
          Standard Deviation                               43.671
          P-Value                                          0.0000

     LO-MENDELL-RUBIN ADJUSTED LRT TEST

          Value                                          5517.620
          P-Value                                          0.0000


PLOT INFORMATION

The following plots are available:

  Histograms (sample values)
  Scatterplots (sample values)
  Estimated overall and class-specific distributions

     Beginning Time:  10:47:49
        Ending Time:  10:47:50
       Elapsed Time:  00:00:01



MUTHEN & MUTHEN
3463 Stoner Ave.
Los Angeles, CA  90066

Tel: (310) 391-9971
Fax: (310) 391-8971
Web: www.StatModel.com
Support: Support@StatModel.com

Copyright (c) 1998-2020 Muthen & Muthen
