Mplus VERSION 8.5
MUTHEN & MUTHEN
09/19/2021   9:12 PM

INPUT INSTRUCTIONS

  TITLE:
   LPA Model D: 2 classes;
  DATA:
  FILE = "mplus_models/simpview/lpa_comp/sv_lpa_mbench_576296b10d9f155ad9363f1cbb7ab8da.dat"

  VARIABLE:
  NAMES = cidB3153 f8age f9age naraAcc naraComp woldComp combAcc;
   MISSING=.;
    idvariable = cidb3153; classes = c(2);
  ANALYSIS:
   estimator = mlr; type = mixture;
                                                     starts = 0;
                                                     optseed = 713148;
                                                     k-1starts = 1000 250;
                                                     STSCALE = 5;
  MODEL:
  %OVERALL%
             f8age; f9age;
             combAcc naraAcc naraComp on f9age;
             woldcomp on f8age;
   naraComp; naraAcc; combAcc; woldComp;

    naraComp with naraAcc;
    naraComp with combAcc;
    naraComp with woldComp;
    naraAcc with combAcc;
    naraAcc with woldComp;
    combAcc with woldComp;
   %c#1%
   naraComp; naraAcc; combAcc; woldComp;
   %c#2%
   naraComp; naraAcc; combAcc; woldComp;
  OUTPUT:
   TECH7 TECH11;
  PLOT:
  TYPE = PLOT3;



*** WARNING
  Input line exceeded 90 characters. Some input may be truncated.
  FILE = "mplus_models/simpview/lpa_comp/sv_lpa_mbench_576296b10d9f155ad9363f1cbb7ab8da.dat";
   1 WARNING(S) FOUND IN THE INPUT INSTRUCTIONS




LPA Model D: 2 classes;

SUMMARY OF ANALYSIS

Number of groups                                                 1
Number of observations                                        3423

Number of dependent variables                                    4
Number of independent variables                                  2
Number of continuous latent variables                            0
Number of categorical latent variables                           1

Observed dependent variables

  Continuous
   NARAACC     NARACOMP    WOLDCOMP    COMBACC

Observed independent variables
   F8AGE       F9AGE

Categorical latent variables
   C

Variables with special functions

  ID variable           CIDB3153

Estimator                                                      MLR
Information matrix                                        OBSERVED
Optimization Specifications for the Quasi-Newton Algorithm for
Continuous Outcomes
  Maximum number of iterations                                 100
  Convergence criterion                                  0.100D-05
Optimization Specifications for the EM Algorithm
  Maximum number of iterations                                 500
  Convergence criteria
    Loglikelihood change                                 0.100D-06
    Relative loglikelihood change                        0.100D-06
    Derivative                                           0.100D-05
Optimization Specifications for the M step of the EM Algorithm for
Categorical Latent variables
  Number of M step iterations                                    1
  M step convergence criterion                           0.100D-05
  Basis for M step termination                           ITERATION
Optimization Specifications for the M step of the EM Algorithm for
Censored, Binary or Ordered Categorical (Ordinal), Unordered
Categorical (Nominal) and Count Outcomes
  Number of M step iterations                                    1
  M step convergence criterion                           0.100D-05
  Basis for M step termination                           ITERATION
  Maximum value for logit thresholds                            15
  Minimum value for logit thresholds                           -15
  Minimum expected cell size for chi-square              0.100D-01
Maximum number of iterations for H1                           2000
Convergence criterion for H1                             0.100D-03
Optimization algorithm                                         EMA
Random Starts Specifications
  Random seed for analysis                                  713148

Input data file(s)
  mplus_models/simpview/lpa_comp/sv_lpa_mbench_576296b10d9f155ad9363f1cbb7ab8da.
Input data format  FREE


SUMMARY OF DATA

     Number of missing data patterns             5
     Number of y missing data patterns           5
     Number of u missing data patterns           0


COVARIANCE COVERAGE OF DATA

Minimum covariance coverage value   0.100


     PROPORTION OF DATA PRESENT FOR Y


           Covariance Coverage
              NARAACC       NARACOMP      WOLDCOMP      COMBACC       F8AGE
              ________      ________      ________      ________      ________
 NARAACC        1.000
 NARACOMP       1.000         1.000
 WOLDCOMP       0.852         0.852         0.852
 COMBACC        0.996         0.996         0.850         0.996
 F8AGE          0.861         0.861         0.852         0.858         0.861
 F9AGE          1.000         1.000         0.852         0.996         0.861


           Covariance Coverage
              F9AGE
              ________
 F9AGE          1.000



UNIVARIATE SAMPLE STATISTICS


     UNIVARIATE HIGHER-ORDER MOMENT DESCRIPTIVE STATISTICS

         Variable/         Mean/     Skewness/   Minimum/ % with                Percentiles
        Sample Size      Variance    Kurtosis    Maximum  Min/Max      20%/60%    40%/80%    Median

     NARAACC              66.334      -0.525       0.000    0.06%      48.000     62.000     69.000
            3423.000     417.180      -0.469     100.000    0.06%      76.000     86.000
     NARACOMP             25.018      -0.273       0.000    0.09%      18.000     23.000     25.000
            3423.000      62.018      -0.237      44.000    0.03%      28.000     32.000
     WOLDCOMP              7.517       0.082       2.000    0.41%       6.000      7.000      7.000
            2917.000       3.758       0.190      15.000    0.03%       8.000      9.000
     COMBACC              12.788      -0.783       0.000    1.44%       9.000     13.000     14.000
            3408.000      21.534      -0.011      20.000    1.44%      15.000     17.000
     F8AGE               103.533       2.579      94.000    0.03%     102.000    102.000    103.000
            2947.000      11.227       8.561     126.000    0.03%     103.000    105.000
     F9AGE               118.643       1.305     105.000    0.03%     116.000    117.000    118.000
            3423.000      14.907       2.626     139.000    0.06%     119.000    121.000


THE MODEL ESTIMATION TERMINATED NORMALLY



MODEL FIT INFORMATION

Number of Free Parameters                       34

Loglikelihood

          H0 Value                      -55222.087
          H0 Scaling Correction Factor      1.2943
            for MLR

Information Criteria

          Akaike (AIC)                  110512.174
          Bayesian (BIC)                110720.875
          Sample-Size Adjusted BIC      110612.841
            (n* = (n + 2) / 24)



FINAL CLASS COUNTS AND PROPORTIONS FOR THE LATENT CLASSES
BASED ON THE ESTIMATED MODEL

    Latent
   Classes

       1       3171.83694          0.92662
       2        251.16306          0.07338


FINAL CLASS COUNTS AND PROPORTIONS FOR THE LATENT CLASSES
BASED ON ESTIMATED POSTERIOR PROBABILITIES

    Latent
   Classes

       1       3171.83694          0.92662
       2        251.16306          0.07338


FINAL CLASS COUNTS AND PROPORTIONS FOR THE LATENT CLASSES
BASED ON THEIR MOST LIKELY LATENT CLASS MEMBERSHIP

Class Counts and Proportions

    Latent
   Classes

       1             3200          0.93485
       2              223          0.06515


CLASSIFICATION QUALITY

     Entropy                         0.929


Average Latent Class Probabilities for Most Likely Latent Class Membership (Row)
by Latent Class (Column)

           1        2

    1   0.985    0.015
    2   0.093    0.907


Classification Probabilities for the Most Likely Latent Class Membership (Column)
by Latent Class (Row)

           1        2

    1   0.993    0.007
    2   0.195    0.805


Logits for the Classification Probabilities for the Most Likely Latent Class Membership (Column)
by Latent Class (Row)

              1        2

    1      5.023    0.000
    2     -1.419    0.000


MODEL RESULTS

                                                    Two-Tailed
                    Estimate       S.E.  Est./S.E.    P-Value

Latent Class 1

 COMBACC    ON
    F9AGE              0.046      0.023      2.043      0.041

 NARAACC    ON
    F9AGE              0.384      0.099      3.859      0.000

 NARACOMP   ON
    F9AGE              0.165      0.038      4.392      0.000

 WOLDCOMP   ON
    F8AGE              0.021      0.018      1.182      0.237

 NARACOMP WITH
    NARAACC          131.486      3.392     38.764      0.000
    COMBACC           25.393      0.794     31.980      0.000
    WOLDCOMP           6.407      0.308     20.827      0.000

 NARAACC  WITH
    COMBACC           78.524      2.085     37.662      0.000
    WOLDCOMP          11.517      0.771     14.939      0.000

 COMBACC  WITH
    WOLDCOMP           2.077      0.175     11.880      0.000

 F9AGE    WITH
    F8AGE              0.682      0.199      3.430      0.001

 Means
    F8AGE            102.872      0.045   2307.673      0.000
    F9AGE            118.284      0.070   1690.583      0.000

 Intercepts
    NARAACC           21.338     11.740      1.818      0.069
    NARACOMP           5.685      4.430      1.283      0.199
    WOLDCOMP           5.262      1.865      2.821      0.005
    COMBACC            7.374      2.676      2.756      0.006

 Variances
    F8AGE              4.027      0.194     20.762      0.000
    F9AGE             13.277      0.531     24.981      0.000

 Residual Variances
    NARAACC          413.549      8.780     47.102      0.000
    NARACOMP          61.547      1.414     43.524      0.000
    WOLDCOMP           3.769      0.106     35.471      0.000
    COMBACC           21.648      0.532     40.720      0.000

Latent Class 2

 COMBACC    ON
    F9AGE              0.046      0.023      2.043      0.041

 NARAACC    ON
    F9AGE              0.384      0.099      3.859      0.000

 NARACOMP   ON
    F9AGE              0.165      0.038      4.392      0.000

 WOLDCOMP   ON
    F8AGE              0.021      0.018      1.182      0.237

 NARACOMP WITH
    NARAACC          131.486      3.392     38.764      0.000
    COMBACC           25.393      0.794     31.980      0.000
    WOLDCOMP           6.407      0.308     20.827      0.000

 NARAACC  WITH
    COMBACC           78.524      2.085     37.662      0.000
    WOLDCOMP          11.517      0.771     14.939      0.000

 COMBACC  WITH
    WOLDCOMP           2.077      0.175     11.880      0.000

 F9AGE    WITH
    F8AGE              0.682      0.199      3.430      0.001

 Means
    F8AGE            114.361      0.498    229.624      0.000
    F9AGE            123.180      0.555    221.918      0.000

 Intercepts
    NARAACC           14.430     12.608      1.145      0.252
    NARACOMP           2.792      4.751      0.588      0.557
    WOLDCOMP           5.227      2.085      2.507      0.012
    COMBACC            6.111      2.879      2.123      0.034

 Variances
    F8AGE              4.027      0.194     20.762      0.000
    F9AGE             13.277      0.531     24.981      0.000

 Residual Variances
    NARAACC          421.101     13.130     32.073      0.000
    NARACOMP          61.430      2.703     22.729      0.000
    WOLDCOMP           3.809      0.343     11.110      0.000
    COMBACC           21.202      0.781     27.153      0.000

Categorical Latent Variables

 Means
    C#1                2.536      0.082     30.914      0.000


QUALITY OF NUMERICAL RESULTS

     Condition Number for the Information Matrix              0.605E-08
       (ratio of smallest to largest eigenvalue)


TECHNICAL 7 OUTPUT


     SAMPLE STATISTICS WEIGHTED BY ESTIMATED CLASS PROBABILITIES FOR CLASS 1


           Means
              NARAACC       NARACOMP      WOLDCOMP      COMBACC       F8AGE
              ________      ________      ________      ________      ________
               66.703        25.171         7.503        12.860       102.863


           Means
              F9AGE
              ________
              118.284


           Covariances
              NARAACC       NARACOMP      WOLDCOMP      COMBACC       F8AGE
              ________      ________      ________      ________      ________
 NARAACC      405.016
 NARACOMP     128.911        60.720
 WOLDCOMP      15.876         8.409         3.732
 COMBACC       76.720        24.915         3.052        21.004
 F8AGE         72.846        31.820        -0.037        15.533         3.474
 F9AGE          3.069         1.488        -1.798         0.274       -18.001


           Covariances
              F9AGE
              ________
 F9AGE         11.935


     SAMPLE STATISTICS WEIGHTED BY ESTIMATED CLASS PROBABILITIES FOR CLASS 2


           Means
              NARAACC       NARACOMP      WOLDCOMP      COMBACC       F8AGE
              ________      ________      ________      ________      ________
               61.673        23.084         7.742        11.865       114.272


           Means
              F9AGE
              ________
              123.180


           Covariances
              NARAACC       NARACOMP      WOLDCOMP      COMBACC       F8AGE
              ________      ________      ________      ________      ________
 NARAACC      547.355
 NARACOMP     170.701        74.370
 WOLDCOMP      22.243        11.514         4.121
 COMBACC      109.124        35.360         5.713        27.361
 F8AGE        135.628        43.505         0.250        42.529        12.824
 F9AGE         17.968         3.727       -12.670         2.006      -192.094


           Covariances
              F9AGE
              ________
 F9AGE         30.229


TECHNICAL 11 OUTPUT

     Random Starts Specifications for the k-1 Class Analysis Model
        Number of initial stage random starts                1000
        Number of final stage optimizations                   250



     VUONG-LO-MENDELL-RUBIN LIKELIHOOD RATIO TEST FOR 1 (H0) VERSUS 2 CLASSES

          H0 Loglikelihood Value                       -56151.251
          2 Times the Loglikelihood Difference           1858.328
          Difference in the Number of Parameters               11
          Mean                                             26.287
          Standard Deviation                               64.496
          P-Value                                          0.0000

     LO-MENDELL-RUBIN ADJUSTED LRT TEST

          Value                                          1837.799
          P-Value                                          0.0000


PLOT INFORMATION

The following plots are available:

  Histograms (sample values)
  Scatterplots (sample values)
  Estimated overall and class-specific distributions

     Beginning Time:  21:12:04
        Ending Time:  21:12:15
       Elapsed Time:  00:00:11



MUTHEN & MUTHEN
3463 Stoner Ave.
Los Angeles, CA  90066

Tel: (310) 391-9971
Fax: (310) 391-8971
Web: www.StatModel.com
Support: Support@StatModel.com

Copyright (c) 1998-2020 Muthen & Muthen
