Mplus VERSION 8.5
MUTHEN & MUTHEN
09/13/2021   2:22 PM

INPUT INSTRUCTIONS

  TITLE:
   LPA Model B: 4 classes;
  DATA:
  FILE = "mplus_models/simpview/lpa_comp/sv_lpa_mbench_576296b10d9f155ad9363f1cbb7ab8da.dat"

  VARIABLE:
  NAMES = cidB3153 f8age f9age naraAcc naraComp woldComp combAcc;
   MISSING=.;
    idvariable = cidB3153; classes = c(4);
  ANALYSIS:
   estimator = mlr; type = mixture;
                                                     starts = 0;
                                                     optseed = 526742;
                                                     k-1starts = 20 4;
  MODEL:
  %OVERALL%
             f8age; f9age;
             combAcc naraAcc naraComp on f9age;
             woldcomp on f8age;

   naraComp; naraAcc; combAcc; woldComp;

    naraComp with naraAcc;
    naraComp with combAcc;
    naraComp with woldComp;
    naraAcc with combAcc;
    naraAcc with woldComp;
    combAcc with woldComp;
  OUTPUT:
   TECH7 TECH11;
  PLOT:
  TYPE = PLOT3;



*** WARNING
  Input line exceeded 90 characters. Some input may be truncated.
  FILE = "mplus_models/simpview/lpa_comp/sv_lpa_mbench_576296b10d9f155ad9363f1cbb7ab8da.dat";
   1 WARNING(S) FOUND IN THE INPUT INSTRUCTIONS




LPA Model B: 4 classes;

SUMMARY OF ANALYSIS

Number of groups                                                 1
Number of observations                                        3423

Number of dependent variables                                    4
Number of independent variables                                  2
Number of continuous latent variables                            0
Number of categorical latent variables                           1

Observed dependent variables

  Continuous
   NARAACC     NARACOMP    WOLDCOMP    COMBACC

Observed independent variables
   F8AGE       F9AGE

Categorical latent variables
   C

Variables with special functions

  ID variable           CIDB3153

Estimator                                                      MLR
Information matrix                                        OBSERVED
Optimization Specifications for the Quasi-Newton Algorithm for
Continuous Outcomes
  Maximum number of iterations                                 100
  Convergence criterion                                  0.100D-05
Optimization Specifications for the EM Algorithm
  Maximum number of iterations                                 500
  Convergence criteria
    Loglikelihood change                                 0.100D-06
    Relative loglikelihood change                        0.100D-06
    Derivative                                           0.100D-05
Optimization Specifications for the M step of the EM Algorithm for
Categorical Latent variables
  Number of M step iterations                                    1
  M step convergence criterion                           0.100D-05
  Basis for M step termination                           ITERATION
Optimization Specifications for the M step of the EM Algorithm for
Censored, Binary or Ordered Categorical (Ordinal), Unordered
Categorical (Nominal) and Count Outcomes
  Number of M step iterations                                    1
  M step convergence criterion                           0.100D-05
  Basis for M step termination                           ITERATION
  Maximum value for logit thresholds                            15
  Minimum value for logit thresholds                           -15
  Minimum expected cell size for chi-square              0.100D-01
Maximum number of iterations for H1                           2000
Convergence criterion for H1                             0.100D-03
Optimization algorithm                                         EMA
Random Starts Specifications
  Random seed for analysis                                  526742

Input data file(s)
  mplus_models/simpview/lpa_comp/sv_lpa_mbench_576296b10d9f155ad9363f1cbb7ab8da.
Input data format  FREE


SUMMARY OF DATA

     Number of missing data patterns             5
     Number of y missing data patterns           5
     Number of u missing data patterns           0


COVARIANCE COVERAGE OF DATA

Minimum covariance coverage value   0.100


     PROPORTION OF DATA PRESENT FOR Y


           Covariance Coverage
              NARAACC       NARACOMP      WOLDCOMP      COMBACC       F8AGE
              ________      ________      ________      ________      ________
 NARAACC        1.000
 NARACOMP       1.000         1.000
 WOLDCOMP       0.852         0.852         0.852
 COMBACC        0.996         0.996         0.850         0.996
 F8AGE          0.861         0.861         0.852         0.858         0.861
 F9AGE          1.000         1.000         0.852         0.996         0.861


           Covariance Coverage
              F9AGE
              ________
 F9AGE          1.000



UNIVARIATE SAMPLE STATISTICS


     UNIVARIATE HIGHER-ORDER MOMENT DESCRIPTIVE STATISTICS

         Variable/         Mean/     Skewness/   Minimum/ % with                Percentiles
        Sample Size      Variance    Kurtosis    Maximum  Min/Max      20%/60%    40%/80%    Median

     NARAACC              66.334      -0.525       0.000    0.06%      48.000     62.000     69.000
            3423.000     417.180      -0.469     100.000    0.06%      76.000     86.000
     NARACOMP             25.018      -0.273       0.000    0.09%      18.000     23.000     25.000
            3423.000      62.018      -0.237      44.000    0.03%      28.000     32.000
     WOLDCOMP              7.517       0.082       2.000    0.41%       6.000      7.000      7.000
            2917.000       3.758       0.190      15.000    0.03%       8.000      9.000
     COMBACC              12.788      -0.783       0.000    1.44%       9.000     13.000     14.000
            3408.000      21.534      -0.011      20.000    1.44%      15.000     17.000
     F8AGE               103.533       2.579      94.000    0.03%     102.000    102.000    103.000
            2947.000      11.227       8.561     126.000    0.03%     103.000    105.000
     F9AGE               118.643       1.305     105.000    0.03%     116.000    117.000    118.000
            3423.000      14.907       2.626     139.000    0.06%     119.000    121.000


THE MODEL ESTIMATION TERMINATED NORMALLY



MODEL FIT INFORMATION

Number of Free Parameters                       44

Loglikelihood

          H0 Value                      -54802.676
          H0 Scaling Correction Factor      1.3338
            for MLR

Information Criteria

          Akaike (AIC)                  109693.352
          Bayesian (BIC)                109963.436
          Sample-Size Adjusted BIC      109823.627
            (n* = (n + 2) / 24)



FINAL CLASS COUNTS AND PROPORTIONS FOR THE LATENT CLASSES
BASED ON THE ESTIMATED MODEL

    Latent
   Classes

       1        211.83127          0.06188
       2        133.19456          0.03891
       3       2823.93696          0.82499
       4        254.03722          0.07421


FINAL CLASS COUNTS AND PROPORTIONS FOR THE LATENT CLASSES
BASED ON ESTIMATED POSTERIOR PROBABILITIES

    Latent
   Classes

       1        211.83127          0.06188
       2        133.19456          0.03891
       3       2823.93696          0.82499
       4        254.03722          0.07421


FINAL CLASS COUNTS AND PROPORTIONS FOR THE LATENT CLASSES
BASED ON THEIR MOST LIKELY LATENT CLASS MEMBERSHIP

Class Counts and Proportions

    Latent
   Classes

       1              173          0.05054
       2              104          0.03038
       3             2896          0.84604
       4              250          0.07304


CLASSIFICATION QUALITY

     Entropy                         0.889


Average Latent Class Probabilities for Most Likely Latent Class Membership (Row)
by Latent Class (Column)

           1        2        3        4

    1   0.878    0.015    0.100    0.007
    2   0.048    0.947    0.003    0.003
    3   0.018    0.006    0.958    0.018
    4   0.016    0.057    0.125    0.802


Classification Probabilities for the Most Likely Latent Class Membership (Column)
by Latent Class (Row)

           1        2        3        4

    1   0.717    0.024    0.240    0.019
    2   0.019    0.739    0.134    0.107
    3   0.006    0.000    0.983    0.011
    4   0.005    0.001    0.205    0.789


Logits for the Classification Probabilities for the Most Likely Latent Class Membership (Column)
by Latent Class (Row)

              1        2        3        4

    1      3.639    0.227    2.545    0.000
    2     -1.723    1.929    0.223    0.000
    3     -0.591   -4.733    4.486    0.000
    4     -5.144   -6.613   -1.346    0.000


MODEL RESULTS

                                                    Two-Tailed
                    Estimate       S.E.  Est./S.E.    P-Value

Latent Class 1

 COMBACC    ON
    F9AGE              0.039      0.035      1.136      0.256

 NARAACC    ON
    F9AGE              0.453      0.149      3.042      0.002

 NARACOMP   ON
    F9AGE              0.130      0.060      2.174      0.030

 WOLDCOMP   ON
    F8AGE              0.028      0.023      1.220      0.223

 NARACOMP WITH
    NARAACC          131.518      3.399     38.690      0.000
    COMBACC           25.387      0.794     31.963      0.000
    WOLDCOMP           6.390      0.308     20.771      0.000

 NARAACC  WITH
    COMBACC           78.524      2.088     37.602      0.000
    WOLDCOMP          11.443      0.771     14.841      0.000

 COMBACC  WITH
    WOLDCOMP           2.073      0.175     11.838      0.000

 F9AGE    WITH
    F8AGE              0.224      0.202      1.106      0.269

 Means
    F8AGE            109.181      0.457    238.834      0.000
    F9AGE            119.643      0.353    338.498      0.000

 Intercepts
    NARAACC            8.570     18.135      0.473      0.637
    NARACOMP           7.680      7.274      1.056      0.291
    WOLDCOMP           4.263      2.519      1.692      0.091
    COMBACC            7.205      4.216      1.709      0.087

 Variances
    F8AGE              2.783      0.135     20.644      0.000
    F9AGE              8.137      0.449     18.141      0.000

 Residual Variances
    NARAACC          413.987      8.780     47.151      0.000
    NARACOMP          61.526      1.407     43.739      0.000
    WOLDCOMP           3.750      0.103     36.504      0.000
    COMBACC           21.606      0.523     41.328      0.000

Latent Class 2

 COMBACC    ON
    F9AGE              0.039      0.035      1.136      0.256

 NARAACC    ON
    F9AGE              0.453      0.149      3.042      0.002

 NARACOMP   ON
    F9AGE              0.130      0.060      2.174      0.030

 WOLDCOMP   ON
    F8AGE              0.028      0.023      1.220      0.223

 NARACOMP WITH
    NARAACC          131.518      3.399     38.690      0.000
    COMBACC           25.387      0.794     31.963      0.000
    WOLDCOMP           6.390      0.308     20.771      0.000

 NARAACC  WITH
    COMBACC           78.524      2.088     37.602      0.000
    WOLDCOMP          11.443      0.771     14.841      0.000

 COMBACC  WITH
    WOLDCOMP           2.073      0.175     11.838      0.000

 F9AGE    WITH
    F8AGE              0.224      0.202      1.106      0.269

 Means
    F8AGE            116.599      0.483    241.407      0.000
    F9AGE            123.035      0.581    211.805      0.000

 Intercepts
    NARAACC            6.065     18.315      0.331      0.741
    NARACOMP           7.182      7.360      0.976      0.329
    WOLDCOMP           4.654      2.663      1.748      0.080
    COMBACC            7.197      4.298      1.675      0.094

 Variances
    F8AGE              2.783      0.135     20.644      0.000
    F9AGE              8.137      0.449     18.141      0.000

 Residual Variances
    NARAACC          413.987      8.780     47.151      0.000
    NARACOMP          61.526      1.407     43.739      0.000
    WOLDCOMP           3.750      0.103     36.504      0.000
    COMBACC           21.606      0.523     41.328      0.000

Latent Class 3

 COMBACC    ON
    F9AGE              0.039      0.035      1.136      0.256

 NARAACC    ON
    F9AGE              0.453      0.149      3.042      0.002

 NARACOMP   ON
    F9AGE              0.130      0.060      2.174      0.030

 WOLDCOMP   ON
    F8AGE              0.028      0.023      1.220      0.223

 NARACOMP WITH
    NARAACC          131.518      3.399     38.690      0.000
    COMBACC           25.387      0.794     31.963      0.000
    WOLDCOMP           6.390      0.308     20.771      0.000

 NARAACC  WITH
    COMBACC           78.524      2.088     37.602      0.000
    WOLDCOMP          11.443      0.771     14.841      0.000

 COMBACC  WITH
    WOLDCOMP           2.073      0.175     11.838      0.000

 F9AGE    WITH
    F8AGE              0.224      0.202      1.106      0.269

 Means
    F8AGE            102.671      0.046   2227.107      0.000
    F9AGE            117.616      0.097   1216.996      0.000

 Intercepts
    NARAACC           13.483     17.461      0.772      0.440
    NARACOMP           9.820      7.025      1.398      0.162
    WOLDCOMP           4.666      2.334      2.000      0.046
    COMBACC            8.217      4.071      2.018      0.044

 Variances
    F8AGE              2.783      0.135     20.644      0.000
    F9AGE              8.137      0.449     18.141      0.000

 Residual Variances
    NARAACC          413.987      8.780     47.151      0.000
    NARACOMP          61.526      1.407     43.739      0.000
    WOLDCOMP           3.750      0.103     36.504      0.000
    COMBACC           21.606      0.523     41.328      0.000

Latent Class 4

 COMBACC    ON
    F9AGE              0.039      0.035      1.136      0.256

 NARAACC    ON
    F9AGE              0.453      0.149      3.042      0.002

 NARACOMP   ON
    F9AGE              0.130      0.060      2.174      0.030

 WOLDCOMP   ON
    F8AGE              0.028      0.023      1.220      0.223

 NARACOMP WITH
    NARAACC          131.518      3.399     38.690      0.000
    COMBACC           25.387      0.794     31.963      0.000
    WOLDCOMP           6.390      0.308     20.771      0.000

 NARAACC  WITH
    COMBACC           78.524      2.088     37.602      0.000
    WOLDCOMP          11.443      0.771     14.841      0.000

 COMBACC  WITH
    WOLDCOMP           2.073      0.175     11.838      0.000

 F9AGE    WITH
    F8AGE              0.224      0.202      1.106      0.269

 Means
    F8AGE            102.595      0.228    449.203      0.000
    F9AGE            126.923      0.635    200.010      0.000

 Intercepts
    NARAACC            9.556     19.731      0.484      0.628
    NARACOMP           9.419      7.993      1.178      0.239
    WOLDCOMP           4.045      2.335      1.732      0.083
    COMBACC            7.884      4.577      1.722      0.085

 Variances
    F8AGE              2.783      0.135     20.644      0.000
    F9AGE              8.137      0.449     18.141      0.000

 Residual Variances
    NARAACC          413.987      8.780     47.151      0.000
    NARACOMP          61.526      1.407     43.739      0.000
    WOLDCOMP           3.750      0.103     36.504      0.000
    COMBACC           21.606      0.523     41.328      0.000

Categorical Latent Variables

 Means
    C#1               -0.182      0.205     -0.885      0.376
    C#2               -0.646      0.223     -2.893      0.004
    C#3                2.408      0.181     13.315      0.000


QUALITY OF NUMERICAL RESULTS

     Condition Number for the Information Matrix              0.118E-08
       (ratio of smallest to largest eigenvalue)


TECHNICAL 7 OUTPUT


     SAMPLE STATISTICS WEIGHTED BY ESTIMATED CLASS PROBABILITIES FOR CLASS 1


           Means
              NARAACC       NARACOMP      WOLDCOMP      COMBACC       F8AGE
              ________      ________      ________      ________      ________
               62.757        23.273         7.333        11.949       109.176


           Means
              F9AGE
              ________
              119.643


           Covariances
              NARAACC       NARACOMP      WOLDCOMP      COMBACC       F8AGE
              ________      ________      ________      ________      ________
 NARAACC      478.633
 NARACOMP     155.164        71.525
 WOLDCOMP      15.979         8.415         3.763
 COMBACC       91.689        30.303         3.222        24.289
 F8AGE        102.977        43.054         0.278        24.715         3.888
 F9AGE         14.293         3.523        -1.671         3.236       -19.648


           Covariances
              F9AGE
              ________
 F9AGE         11.284


     SAMPLE STATISTICS WEIGHTED BY ESTIMATED CLASS PROBABILITIES FOR CLASS 2


           Means
              NARAACC       NARACOMP      WOLDCOMP      COMBACC       F8AGE
              ________      ________      ________      ________      ________
               61.789        23.217         7.957        12.085       116.590


           Means
              F9AGE
              ________
              123.035


           Covariances
              NARAACC       NARACOMP      WOLDCOMP      COMBACC       F8AGE
              ________      ________      ________      ________      ________
 NARAACC      493.942
 NARACOMP     149.798        66.874
 WOLDCOMP      24.861        13.945         4.451
 COMBACC       99.982        31.841         5.563        26.152
 F8AGE        173.813        63.774        -0.320        38.998         8.085
 F9AGE          5.176        -2.591        -1.883         1.076       -35.342


           Covariances
              F9AGE
              ________
 F9AGE         19.879


     SAMPLE STATISTICS WEIGHTED BY ESTIMATED CLASS PROBABILITIES FOR CLASS 3


           Means
              NARAACC       NARACOMP      WOLDCOMP      COMBACC       F8AGE
              ________      ________      ________      ________      ________
               66.753        25.149         7.547        12.862       102.668


           Means
              F9AGE
              ________
              117.616


           Covariances
              NARAACC       NARACOMP      WOLDCOMP      COMBACC       F8AGE
              ________      ________      ________      ________      ________
 NARAACC      401.752
 NARACOMP     126.786        59.620
 WOLDCOMP      15.626         8.407         3.714
 COMBACC       76.258        24.538         2.960        21.041
 F8AGE         69.567        31.558         0.029        14.396         2.457
 F9AGE          2.457         0.883        -0.894         0.109       -10.691


           Covariances
              F9AGE
              ________
 F9AGE          6.960


     SAMPLE STATISTICS WEIGHTED BY ESTIMATED CLASS PROBABILITIES FOR CLASS 4


           Means
              NARAACC       NARACOMP      WOLDCOMP      COMBACC       F8AGE
              ________      ________      ________      ________      ________
               67.041        25.961         6.991        13.033       102.577


           Means
              F9AGE
              ________
              126.923


           Covariances
              NARAACC       NARACOMP      WOLDCOMP      COMBACC       F8AGE
              ________      ________      ________      ________      ________
 NARAACC      473.244
 NARACOMP     159.849        72.887
 WOLDCOMP      27.110        13.034         3.573
 COMBACC       89.486        31.313         7.048        21.345
 F8AGE        193.204        81.706        -0.314        60.185         3.289
 F9AGE          3.949         0.791        -4.584        -1.056       -66.266


           Covariances
              F9AGE
              ________
 F9AGE         12.444


TECHNICAL 11 OUTPUT

     Random Starts Specifications for the k-1 Class Analysis Model
        Number of initial stage random starts                  20
        Number of final stage optimizations                     4



     VUONG-LO-MENDELL-RUBIN LIKELIHOOD RATIO TEST FOR 3 (H0) VERSUS 4 CLASSES

          H0 Loglikelihood Value                       -54995.669
          2 Times the Loglikelihood Difference            385.986
          Difference in the Number of Parameters                7
          Mean                                             23.265
          Standard Deviation                               61.784
          P-Value                                          0.0005

     LO-MENDELL-RUBIN ADJUSTED LRT TEST

          Value                                           379.328
          P-Value                                          0.0006


PLOT INFORMATION

The following plots are available:

  Histograms (sample values)
  Scatterplots (sample values)
  Estimated overall and class-specific distributions

     Beginning Time:  14:22:15
        Ending Time:  14:22:19
       Elapsed Time:  00:00:04



MUTHEN & MUTHEN
3463 Stoner Ave.
Los Angeles, CA  90066

Tel: (310) 391-9971
Fax: (310) 391-8971
Web: www.StatModel.com
Support: Support@StatModel.com

Copyright (c) 1998-2020 Muthen & Muthen
