Mplus VERSION 8.5
MUTHEN & MUTHEN
09/18/2021  10:47 AM

INPUT INSTRUCTIONS

  TITLE:
   LPA Model C: 4 classes;
  DATA:
  FILE = "mplus_models/simpview/lpa_comp/sv_lpa_mbench_576296b10d9f155ad9363f1cbb7ab8da.dat"

  VARIABLE:
  NAMES = cidB3153 f8age f9age naraAcc naraComp woldComp combAcc;
   MISSING=.;
    idvariable = cidb3153; classes = c(4);
  ANALYSIS:
   estimator = mlr; type = mixture;
                                                     starts = 0;
                                                     optseed = 901494;
                                                     k-1starts = 20 4;
                                                     STSCALE = 5;
  MODEL:
  %OVERALL%
             f8age; f9age;
             combAcc naraAcc naraComp on f9age;
             woldcomp on f8age;
   naraComp; naraAcc; combAcc; woldComp;
    naraComp with naraAcc@0;
    naraComp with combAcc@0;
    naraComp with woldComp@0;
    naraAcc with combAcc@0;
    naraAcc with woldComp@0;
    combAcc with woldComp@0;
   %c#1%
   naraComp; naraAcc; combAcc; woldComp;
   %c#2%
   naraComp; naraAcc; combAcc; woldComp;
   %c#3%
   naraComp; naraAcc; combAcc; woldComp;
   %c#4%
   naraComp; naraAcc; combAcc; woldComp;
  OUTPUT:
   TECH7 TECH11;
  PLOT:
  TYPE = PLOT3;



*** WARNING
  Input line exceeded 90 characters. Some input may be truncated.
  FILE = "mplus_models/simpview/lpa_comp/sv_lpa_mbench_576296b10d9f155ad9363f1cbb7ab8da.dat";
   1 WARNING(S) FOUND IN THE INPUT INSTRUCTIONS




LPA Model C: 4 classes;

SUMMARY OF ANALYSIS

Number of groups                                                 1
Number of observations                                        3423

Number of dependent variables                                    4
Number of independent variables                                  2
Number of continuous latent variables                            0
Number of categorical latent variables                           1

Observed dependent variables

  Continuous
   NARAACC     NARACOMP    WOLDCOMP    COMBACC

Observed independent variables
   F8AGE       F9AGE

Categorical latent variables
   C

Variables with special functions

  ID variable           CIDB3153

Estimator                                                      MLR
Information matrix                                        OBSERVED
Optimization Specifications for the Quasi-Newton Algorithm for
Continuous Outcomes
  Maximum number of iterations                                 100
  Convergence criterion                                  0.100D-05
Optimization Specifications for the EM Algorithm
  Maximum number of iterations                                 500
  Convergence criteria
    Loglikelihood change                                 0.100D-06
    Relative loglikelihood change                        0.100D-06
    Derivative                                           0.100D-05
Optimization Specifications for the M step of the EM Algorithm for
Categorical Latent variables
  Number of M step iterations                                    1
  M step convergence criterion                           0.100D-05
  Basis for M step termination                           ITERATION
Optimization Specifications for the M step of the EM Algorithm for
Censored, Binary or Ordered Categorical (Ordinal), Unordered
Categorical (Nominal) and Count Outcomes
  Number of M step iterations                                    1
  M step convergence criterion                           0.100D-05
  Basis for M step termination                           ITERATION
  Maximum value for logit thresholds                            15
  Minimum value for logit thresholds                           -15
  Minimum expected cell size for chi-square              0.100D-01
Maximum number of iterations for H1                           2000
Convergence criterion for H1                             0.100D-03
Optimization algorithm                                         EMA
Random Starts Specifications
  Random seed for analysis                                  901494

Input data file(s)
  mplus_models/simpview/lpa_comp/sv_lpa_mbench_576296b10d9f155ad9363f1cbb7ab8da.
Input data format  FREE


SUMMARY OF DATA

     Number of missing data patterns             5
     Number of y missing data patterns           5
     Number of u missing data patterns           0


COVARIANCE COVERAGE OF DATA

Minimum covariance coverage value   0.100


     PROPORTION OF DATA PRESENT FOR Y


           Covariance Coverage
              NARAACC       NARACOMP      WOLDCOMP      COMBACC       F8AGE
              ________      ________      ________      ________      ________
 NARAACC        1.000
 NARACOMP       1.000         1.000
 WOLDCOMP       0.852         0.852         0.852
 COMBACC        0.996         0.996         0.850         0.996
 F8AGE          0.861         0.861         0.852         0.858         0.861
 F9AGE          1.000         1.000         0.852         0.996         0.861


           Covariance Coverage
              F9AGE
              ________
 F9AGE          1.000



UNIVARIATE SAMPLE STATISTICS


     UNIVARIATE HIGHER-ORDER MOMENT DESCRIPTIVE STATISTICS

         Variable/         Mean/     Skewness/   Minimum/ % with                Percentiles
        Sample Size      Variance    Kurtosis    Maximum  Min/Max      20%/60%    40%/80%    Median

     NARAACC              66.334      -0.525       0.000    0.06%      48.000     62.000     69.000
            3423.000     417.180      -0.469     100.000    0.06%      76.000     86.000
     NARACOMP             25.018      -0.273       0.000    0.09%      18.000     23.000     25.000
            3423.000      62.018      -0.237      44.000    0.03%      28.000     32.000
     WOLDCOMP              7.517       0.082       2.000    0.41%       6.000      7.000      7.000
            2917.000       3.758       0.190      15.000    0.03%       8.000      9.000
     COMBACC              12.788      -0.783       0.000    1.44%       9.000     13.000     14.000
            3408.000      21.534      -0.011      20.000    1.44%      15.000     17.000
     F8AGE               103.533       2.579      94.000    0.03%     102.000    102.000    103.000
            2947.000      11.227       8.561     126.000    0.03%     103.000    105.000
     F9AGE               118.643       1.305     105.000    0.03%     116.000    117.000    118.000
            3423.000      14.907       2.626     139.000    0.06%     119.000    121.000


THE MODEL ESTIMATION TERMINATED NORMALLY



MODEL FIT INFORMATION

Number of Free Parameters                       50

Loglikelihood

          H0 Value                      -55930.005
          H0 Scaling Correction Factor      1.5396
            for MLR

Information Criteria

          Akaike (AIC)                  111960.010
          Bayesian (BIC)                112266.923
          Sample-Size Adjusted BIC      112108.050
            (n* = (n + 2) / 24)



FINAL CLASS COUNTS AND PROPORTIONS FOR THE LATENT CLASSES
BASED ON THE ESTIMATED MODEL

    Latent
   Classes

       1       1279.42183          0.37377
       2        536.44546          0.15672
       3        184.76383          0.05398
       4       1422.36888          0.41553


FINAL CLASS COUNTS AND PROPORTIONS FOR THE LATENT CLASSES
BASED ON ESTIMATED POSTERIOR PROBABILITIES

    Latent
   Classes

       1       1279.42183          0.37377
       2        536.44546          0.15672
       3        184.76383          0.05398
       4       1422.36888          0.41553


FINAL CLASS COUNTS AND PROPORTIONS FOR THE LATENT CLASSES
BASED ON THEIR MOST LIKELY LATENT CLASS MEMBERSHIP

Class Counts and Proportions

    Latent
   Classes

       1             1289          0.37657
       2              535          0.15630
       3              167          0.04879
       4             1432          0.41835


CLASSIFICATION QUALITY

     Entropy                         0.866


Average Latent Class Probabilities for Most Likely Latent Class Membership (Row)
by Latent Class (Column)

           1        2        3        4

    1   0.903    0.031    0.013    0.054
    2   0.064    0.925    0.011    0.000
    3   0.044    0.011    0.925    0.020
    4   0.052    0.000    0.005    0.942


Classification Probabilities for the Most Likely Latent Class Membership (Column)
by Latent Class (Row)

           1        2        3        4

    1   0.909    0.027    0.006    0.058
    2   0.074    0.923    0.003    0.000
    3   0.090    0.032    0.836    0.042
    4   0.049    0.000    0.002    0.949


Logits for the Classification Probabilities for the Most Likely Latent Class Membership (Column)
by Latent Class (Row)

              1        2        3        4

    1      2.747   -0.782   -2.325    0.000
    2     11.213   13.735    8.108    0.000
    3      0.763   -0.264    2.997    0.000
    4     -2.969  -13.763   -5.992    0.000


MODEL RESULTS

                                                    Two-Tailed
                    Estimate       S.E.  Est./S.E.    P-Value

Latent Class 1

 COMBACC    ON
    F9AGE              0.028      0.021      1.314      0.189

 NARAACC    ON
    F9AGE              0.303      0.100      3.042      0.002

 NARACOMP   ON
    F9AGE              0.134      0.043      3.084      0.002

 WOLDCOMP   ON
    F8AGE              0.009      0.018      0.479      0.632

 NARACOMP WITH
    NARAACC            0.000      0.000    999.000    999.000
    COMBACC            0.000      0.000    999.000    999.000
    WOLDCOMP           0.000      0.000    999.000    999.000

 NARAACC  WITH
    COMBACC            0.000      0.000    999.000    999.000
    WOLDCOMP           0.000      0.000    999.000    999.000

 COMBACC  WITH
    WOLDCOMP           0.000      0.000    999.000    999.000

 F9AGE    WITH
    F8AGE              0.597      0.227      2.629      0.009

 Means
    F8AGE            103.022      0.076   1347.169      0.000
    F9AGE            118.329      0.126    939.749      0.000

 Intercepts
    NARAACC           24.257     12.634      1.920      0.055
    NARACOMP           7.099      5.400      1.315      0.189
    WOLDCOMP           6.204      1.827      3.395      0.001
    COMBACC            8.840      2.704      3.269      0.001

 Variances
    F8AGE              4.314      0.256     16.823      0.000
    F9AGE             13.722      0.592     23.167      0.000

 Residual Variances
    NARAACC          102.825      9.252     11.114      0.000
    NARACOMP          19.606      2.031      9.652      0.000
    WOLDCOMP           2.970      0.154     19.262      0.000
    COMBACC            7.881      0.583     13.523      0.000

Latent Class 2

 COMBACC    ON
    F9AGE              0.028      0.021      1.314      0.189

 NARAACC    ON
    F9AGE              0.303      0.100      3.042      0.002

 NARACOMP   ON
    F9AGE              0.134      0.043      3.084      0.002

 WOLDCOMP   ON
    F8AGE              0.009      0.018      0.479      0.632

 NARACOMP WITH
    NARAACC            0.000      0.000    999.000    999.000
    COMBACC            0.000      0.000    999.000    999.000
    WOLDCOMP           0.000      0.000    999.000    999.000

 NARAACC  WITH
    COMBACC            0.000      0.000    999.000    999.000
    WOLDCOMP           0.000      0.000    999.000    999.000

 COMBACC  WITH
    WOLDCOMP           0.000      0.000    999.000    999.000

 F9AGE    WITH
    F8AGE              0.597      0.227      2.629      0.009

 Means
    F8AGE            103.224      0.179    577.103      0.000
    F9AGE            118.636      0.218    544.427      0.000

 Intercepts
    NARAACC           -1.707     12.394     -0.138      0.890
    NARACOMP          -2.075      5.379     -0.386      0.700
    WOLDCOMP           5.782      1.835      3.151      0.002
    COMBACC            1.892      2.720      0.696      0.487

 Variances
    F8AGE              4.314      0.256     16.823      0.000
    F9AGE             13.722      0.592     23.167      0.000

 Residual Variances
    NARAACC          116.720      9.305     12.543      0.000
    NARACOMP          23.011      1.714     13.425      0.000
    WOLDCOMP           3.486      0.277     12.561      0.000
    COMBACC            9.484      1.067      8.892      0.000

Latent Class 3

 COMBACC    ON
    F9AGE              0.028      0.021      1.314      0.189

 NARAACC    ON
    F9AGE              0.303      0.100      3.042      0.002

 NARACOMP   ON
    F9AGE              0.134      0.043      3.084      0.002

 WOLDCOMP   ON
    F8AGE              0.009      0.018      0.479      0.632

 NARACOMP WITH
    NARAACC            0.000      0.000    999.000    999.000
    COMBACC            0.000      0.000    999.000    999.000
    WOLDCOMP           0.000      0.000    999.000    999.000

 NARAACC  WITH
    COMBACC            0.000      0.000    999.000    999.000
    WOLDCOMP           0.000      0.000    999.000    999.000

 COMBACC  WITH
    WOLDCOMP           0.000      0.000    999.000    999.000

 F9AGE    WITH
    F8AGE              0.597      0.227      2.629      0.009

 Means
    F8AGE            115.056      0.553    208.035      0.000
    F9AGE            123.178      0.834    147.747      0.000

 Intercepts
    NARAACC           27.589     12.791      2.157      0.031
    NARACOMP           7.665      5.506      1.392      0.164
    WOLDCOMP           6.875      2.062      3.334      0.001
    COMBACC            9.182      2.695      3.407      0.001

 Variances
    F8AGE              4.314      0.256     16.823      0.000
    F9AGE             13.722      0.592     23.167      0.000

 Residual Variances
    NARAACC          442.530     79.544      5.563      0.000
    NARACOMP          63.704     11.122      5.728      0.000
    WOLDCOMP           4.314      0.520      8.293      0.000
    COMBACC           21.935      4.012      5.468      0.000

Latent Class 4

 COMBACC    ON
    F9AGE              0.028      0.021      1.314      0.189

 NARAACC    ON
    F9AGE              0.303      0.100      3.042      0.002

 NARACOMP   ON
    F9AGE              0.134      0.043      3.084      0.002

 WOLDCOMP   ON
    F8AGE              0.009      0.018      0.479      0.632

 NARACOMP WITH
    NARAACC            0.000      0.000    999.000    999.000
    COMBACC            0.000      0.000    999.000    999.000
    WOLDCOMP           0.000      0.000    999.000    999.000

 NARAACC  WITH
    COMBACC            0.000      0.000    999.000    999.000
    WOLDCOMP           0.000      0.000    999.000    999.000

 COMBACC  WITH
    WOLDCOMP           0.000      0.000    999.000    999.000

 F9AGE    WITH
    F8AGE              0.597      0.227      2.629      0.009

 Means
    F8AGE            102.786      0.060   1705.056      0.000
    F9AGE            118.340      0.121    974.313      0.000

 Intercepts
    NARAACC           48.396     12.119      3.994      0.000
    NARACOMP          15.449      5.254      2.941      0.003
    WOLDCOMP           7.262      1.823      3.983      0.000
    COMBACC           12.920      2.588      4.993      0.000

 Variances
    F8AGE              4.314      0.256     16.823      0.000
    F9AGE             13.722      0.592     23.167      0.000

 Residual Variances
    NARAACC           62.014     11.756      5.275      0.000
    NARACOMP          23.415      1.348     17.375      0.000
    WOLDCOMP           3.669      0.162     22.715      0.000
    COMBACC            4.598      0.645      7.126      0.000

Categorical Latent Variables

 Means
    C#1               -0.106      0.187     -0.567      0.570
    C#2               -0.975      0.269     -3.630      0.000
    C#3               -2.041      0.153    -13.349      0.000


QUALITY OF NUMERICAL RESULTS

     Condition Number for the Information Matrix              0.246E-08
       (ratio of smallest to largest eigenvalue)


TECHNICAL 7 OUTPUT


     SAMPLE STATISTICS WEIGHTED BY ESTIMATED CLASS PROBABILITIES FOR CLASS 1


           Means
              NARAACC       NARACOMP      WOLDCOMP      COMBACC       F8AGE
              ________      ________      ________      ________      ________
               60.097        22.913         7.081        12.138       103.013


           Means
              F9AGE
              ________
              118.329


           Covariances
              NARAACC       NARACOMP      WOLDCOMP      COMBACC       F8AGE
              ________      ________      ________      ________      ________
 NARAACC      104.302
 NARACOMP      17.412        20.018
 WOLDCOMP      -1.062         2.331         2.970
 COMBACC        9.226         0.496        -0.368         7.915
 F8AGE          1.648         8.141         0.007        -0.252         4.010
 F9AGE          4.330         2.376        -2.154         0.780       -22.573


           Covariances
              F9AGE
              ________
 F9AGE         12.500


     SAMPLE STATISTICS WEIGHTED BY ESTIMATED CLASS PROBABILITIES FOR CLASS 2


           Means
              NARAACC       NARACOMP      WOLDCOMP      COMBACC       F8AGE
              ________      ________      ________      ________      ________
               34.226        13.780         6.660         5.197       103.201


           Means
              F9AGE
              ________
              118.636


           Covariances
              NARAACC       NARACOMP      WOLDCOMP      COMBACC       F8AGE
              ________      ________      ________      ________      ________
 NARAACC      116.294
 NARACOMP      40.187        22.930
 WOLDCOMP       1.200         2.550         3.487
 COMBACC       21.730         7.371         0.618         9.498
 F8AGE         16.934        17.136         0.120         7.586         4.797
 F9AGE          1.550         0.691        -4.262         0.205       -54.421


           Covariances
              F9AGE
              ________
 F9AGE         14.867


     SAMPLE STATISTICS WEIGHTED BY ESTIMATED CLASS PROBABILITIES FOR CLASS 3


           Means
              NARAACC       NARACOMP      WOLDCOMP      COMBACC       F8AGE
              ________      ________      ________      ________      ________
               64.897        24.127         7.853        12.613       115.004


           Means
              F9AGE
              ________
              123.178


           Covariances
              NARAACC       NARACOMP      WOLDCOMP      COMBACC       F8AGE
              ________      ________      ________      ________      ________
 NARAACC      449.177
 NARACOMP     131.293        63.564
 WOLDCOMP      11.783         8.790         4.318
 COMBACC       82.699        24.839         2.911        22.058
 F8AGE        -29.768        -6.586        -0.043        -1.561        11.505
 F9AGE         15.348         1.406        -8.727         1.730      -133.425


           Covariances
              F9AGE
              ________
 F9AGE         28.878


     SAMPLE STATISTICS WEIGHTED BY ESTIMATED CLASS PROBABILITIES FOR CLASS 4


           Means
              NARAACC       NARACOMP      WOLDCOMP      COMBACC       F8AGE
              ________      ________      ________      ________      ________
               84.240        31.265         8.136        16.219       102.776


           Means
              F9AGE
              ________
              118.340


           Covariances
              NARAACC       NARACOMP      WOLDCOMP      COMBACC       F8AGE
              ________      ________      ________      ________      ________
 NARAACC       63.260
 NARACOMP      11.544        23.598
 WOLDCOMP       1.183         3.645         3.669
 COMBACC        5.760         0.445        -0.153         4.591
 F8AGE         -4.403         1.859         0.029        -0.921         3.587
 F9AGE          3.938         1.517        -2.117         0.079       -22.852


           Covariances
              F9AGE
              ________
 F9AGE         12.420


TECHNICAL 11 OUTPUT

     Random Starts Specifications for the k-1 Class Analysis Model
        Number of initial stage random starts                  20
        Number of final stage optimizations                     4



     VUONG-LO-MENDELL-RUBIN LIKELIHOOD RATIO TEST FOR 3 (H0) VERSUS 4 CLASSES

          H0 Loglikelihood Value                       -56631.391
          2 Times the Loglikelihood Difference           1402.772
          Difference in the Number of Parameters               11
          Mean                                             48.036
          Standard Deviation                              221.999
          P-Value                                          0.0003

     LO-MENDELL-RUBIN ADJUSTED LRT TEST

          Value                                          1387.276
          P-Value                                          0.0003


PLOT INFORMATION

The following plots are available:

  Histograms (sample values)
  Scatterplots (sample values)
  Estimated overall and class-specific distributions

     Beginning Time:  10:47:58
        Ending Time:  10:48:08
       Elapsed Time:  00:00:10



MUTHEN & MUTHEN
3463 Stoner Ave.
Los Angeles, CA  90066

Tel: (310) 391-9971
Fax: (310) 391-8971
Web: www.StatModel.com
Support: Support@StatModel.com

Copyright (c) 1998-2020 Muthen & Muthen
