Mplus VERSION 8.5
MUTHEN & MUTHEN
09/20/2021  11:51 AM

INPUT INSTRUCTIONS

  TITLE:
   LPA Model C: 8 classes;
  DATA:
  FILE = "mplus_models/simpview/lpa_comp/sv_lpa_mbench_576296b10d9f155ad9363f1cbb7ab8da.dat"

  VARIABLE:
  NAMES = cidB3153 f8age f9age naraAcc naraComp woldComp combAcc;
   MISSING=.;
    idvariable = cidb3153; classes = c(8);
  ANALYSIS:
   estimator = mlr; type = mixture;
                                                     starts = 0;
                                                     optseed = 227563;
                                                     k-1starts = 2000 200;
                                                     STSCALE = 1;
  MODEL:
  %OVERALL%
             f8age; f9age;
             combAcc naraAcc naraComp on f9age;
             woldcomp on f8age;
   naraComp; naraAcc; combAcc; woldComp;
    naraComp with naraAcc@0;
    naraComp with combAcc@0;
    naraComp with woldComp@0;
    naraAcc with combAcc@0;
    naraAcc with woldComp@0;
    combAcc with woldComp@0;
   %c#1%
   naraComp; naraAcc; combAcc; woldComp;
   %c#2%
   naraComp; naraAcc; combAcc; woldComp;
   %c#3%
   naraComp; naraAcc; combAcc; woldComp;
   %c#4%
   naraComp; naraAcc; combAcc; woldComp;
   %c#5%
   naraComp; naraAcc; combAcc; woldComp;
   %c#6%
   naraComp; naraAcc; combAcc; woldComp;
   %c#7%
   naraComp; naraAcc; combAcc; woldComp;
   %c#8%
   naraComp; naraAcc; combAcc; woldComp;
  OUTPUT:
   TECH7 TECH11;
  PLOT:
  TYPE = PLOT3;



*** WARNING
  Input line exceeded 90 characters. Some input may be truncated.
  FILE = "mplus_models/simpview/lpa_comp/sv_lpa_mbench_576296b10d9f155ad9363f1cbb7ab8da.dat";
   1 WARNING(S) FOUND IN THE INPUT INSTRUCTIONS




LPA Model C: 8 classes;

SUMMARY OF ANALYSIS

Number of groups                                                 1
Number of observations                                        3423

Number of dependent variables                                    4
Number of independent variables                                  2
Number of continuous latent variables                            0
Number of categorical latent variables                           1

Observed dependent variables

  Continuous
   NARAACC     NARACOMP    WOLDCOMP    COMBACC

Observed independent variables
   F8AGE       F9AGE

Categorical latent variables
   C

Variables with special functions

  ID variable           CIDB3153

Estimator                                                      MLR
Information matrix                                        OBSERVED
Optimization Specifications for the Quasi-Newton Algorithm for
Continuous Outcomes
  Maximum number of iterations                                 100
  Convergence criterion                                  0.100D-05
Optimization Specifications for the EM Algorithm
  Maximum number of iterations                                 500
  Convergence criteria
    Loglikelihood change                                 0.100D-06
    Relative loglikelihood change                        0.100D-06
    Derivative                                           0.100D-05
Optimization Specifications for the M step of the EM Algorithm for
Categorical Latent variables
  Number of M step iterations                                    1
  M step convergence criterion                           0.100D-05
  Basis for M step termination                           ITERATION
Optimization Specifications for the M step of the EM Algorithm for
Censored, Binary or Ordered Categorical (Ordinal), Unordered
Categorical (Nominal) and Count Outcomes
  Number of M step iterations                                    1
  M step convergence criterion                           0.100D-05
  Basis for M step termination                           ITERATION
  Maximum value for logit thresholds                            15
  Minimum value for logit thresholds                           -15
  Minimum expected cell size for chi-square              0.100D-01
Maximum number of iterations for H1                           2000
Convergence criterion for H1                             0.100D-03
Optimization algorithm                                         EMA
Random Starts Specifications
  Random seed for analysis                                  227563

Input data file(s)
  mplus_models/simpview/lpa_comp/sv_lpa_mbench_576296b10d9f155ad9363f1cbb7ab8da.
Input data format  FREE


SUMMARY OF DATA

     Number of missing data patterns             5
     Number of y missing data patterns           5
     Number of u missing data patterns           0


COVARIANCE COVERAGE OF DATA

Minimum covariance coverage value   0.100


     PROPORTION OF DATA PRESENT FOR Y


           Covariance Coverage
              NARAACC       NARACOMP      WOLDCOMP      COMBACC       F8AGE
              ________      ________      ________      ________      ________
 NARAACC        1.000
 NARACOMP       1.000         1.000
 WOLDCOMP       0.852         0.852         0.852
 COMBACC        0.996         0.996         0.850         0.996
 F8AGE          0.861         0.861         0.852         0.858         0.861
 F9AGE          1.000         1.000         0.852         0.996         0.861


           Covariance Coverage
              F9AGE
              ________
 F9AGE          1.000



UNIVARIATE SAMPLE STATISTICS


     UNIVARIATE HIGHER-ORDER MOMENT DESCRIPTIVE STATISTICS

         Variable/         Mean/     Skewness/   Minimum/ % with                Percentiles
        Sample Size      Variance    Kurtosis    Maximum  Min/Max      20%/60%    40%/80%    Median

     NARAACC              66.334      -0.525       0.000    0.06%      48.000     62.000     69.000
            3423.000     417.180      -0.469     100.000    0.06%      76.000     86.000
     NARACOMP             25.018      -0.273       0.000    0.09%      18.000     23.000     25.000
            3423.000      62.018      -0.237      44.000    0.03%      28.000     32.000
     WOLDCOMP              7.517       0.082       2.000    0.41%       6.000      7.000      7.000
            2917.000       3.758       0.190      15.000    0.03%       8.000      9.000
     COMBACC              12.788      -0.783       0.000    1.44%       9.000     13.000     14.000
            3408.000      21.534      -0.011      20.000    1.44%      15.000     17.000
     F8AGE               103.533       2.579      94.000    0.03%     102.000    102.000    103.000
            2947.000      11.227       8.561     126.000    0.03%     103.000    105.000
     F9AGE               118.643       1.305     105.000    0.03%     116.000    117.000    118.000
            3423.000      14.907       2.626     139.000    0.06%     119.000    121.000


THE MODEL ESTIMATION TERMINATED NORMALLY



MODEL FIT INFORMATION

Number of Free Parameters                       94

Loglikelihood

          H0 Value                      -54841.991
          H0 Scaling Correction Factor      1.3338
            for MLR

Information Criteria

          Akaike (AIC)                  109871.983
          Bayesian (BIC)                110448.980
          Sample-Size Adjusted BIC      110150.298
            (n* = (n + 2) / 24)



FINAL CLASS COUNTS AND PROPORTIONS FOR THE LATENT CLASSES
BASED ON THE ESTIMATED MODEL

    Latent
   Classes

       1        145.04504          0.04237
       2         52.21694          0.01525
       3        350.87940          0.10251
       4        136.43020          0.03986
       5        747.45195          0.21836
       6       1168.92254          0.34149
       7         94.45658          0.02759
       8        727.59736          0.21256


FINAL CLASS COUNTS AND PROPORTIONS FOR THE LATENT CLASSES
BASED ON ESTIMATED POSTERIOR PROBABILITIES

    Latent
   Classes

       1        145.04504          0.04237
       2         52.21694          0.01525
       3        350.87940          0.10251
       4        136.43020          0.03986
       5        747.45195          0.21836
       6       1168.92254          0.34149
       7         94.45658          0.02759
       8        727.59736          0.21256


FINAL CLASS COUNTS AND PROPORTIONS FOR THE LATENT CLASSES
BASED ON THEIR MOST LIKELY LATENT CLASS MEMBERSHIP

Class Counts and Proportions

    Latent
   Classes

       1              147          0.04294
       2               48          0.01402
       3              355          0.10371
       4              119          0.03476
       5              766          0.22378
       6             1160          0.33888
       7               89          0.02600
       8              739          0.21589


CLASSIFICATION QUALITY

     Entropy                         0.865


Average Latent Class Probabilities for Most Likely Latent Class Membership (Row)
by Latent Class (Column)

           1        2        3        4        5        6        7        8

    1   0.932    0.022    0.046    0.000    0.000    0.000    0.000    0.000
    2   0.032    0.903    0.043    0.012    0.000    0.000    0.010    0.000
    3   0.018    0.013    0.894    0.001    0.000    0.000    0.001    0.074
    4   0.000    0.002    0.001    0.872    0.028    0.047    0.030    0.020
    5   0.000    0.000    0.000    0.004    0.884    0.110    0.002    0.000
    6   0.000    0.000    0.000    0.015    0.056    0.884    0.008    0.038
    7   0.000    0.006    0.000    0.069    0.020    0.034    0.860    0.011
    8   0.000    0.000    0.033    0.008    0.000    0.069    0.004    0.886


Classification Probabilities for the Most Likely Latent Class Membership (Column)
by Latent Class (Row)

           1        2        3        4        5        6        7        8

    1   0.944    0.011    0.045    0.000    0.000    0.000    0.000    0.000
    2   0.062    0.830    0.089    0.003    0.000    0.000    0.010    0.005
    3   0.019    0.006    0.904    0.000    0.000    0.000    0.000    0.070
    4   0.000    0.004    0.002    0.761    0.022    0.125    0.045    0.041
    5   0.000    0.000    0.000    0.004    0.906    0.087    0.002    0.000
    6   0.000    0.000    0.000    0.005    0.072    0.877    0.003    0.043
    7   0.000    0.005    0.002    0.038    0.015    0.095    0.811    0.035
    8   0.000    0.000    0.036    0.003    0.000    0.060    0.001    0.900


Logits for the Classification Probabilities for the Most Likely Latent Class Membership (Column)
by Latent Class (Row)

              1        2        3        4        5        6        7        8

    1     12.469    7.979    9.427   -1.289   -1.289   -1.289   -1.289    0.000
    2      2.417    5.017    2.787   -0.462   -8.612   -7.646    0.605    0.000
    3     -1.284   -2.480    2.557   -4.995  -11.158  -11.158  -11.158    0.000
    4    -10.040   -2.280   -3.303    2.909   -0.631    1.101    0.087    0.000
    5      0.000    0.000    0.000    8.409   13.717   11.375    7.752    0.000
    6    -10.676  -10.676   -9.749   -2.211    0.510    3.008   -2.823    0.000
    7    -10.451   -1.940   -2.857    0.093   -0.814    1.007    3.154    0.000
    8    -13.710  -11.210   -3.220   -5.621  -13.710   -2.711   -6.491    0.000


MODEL RESULTS

                                                    Two-Tailed
                    Estimate       S.E.  Est./S.E.    P-Value

Latent Class 1

 COMBACC    ON
    F9AGE              0.009      0.015      0.610      0.542

 NARAACC    ON
    F9AGE              0.184      0.064      2.864      0.004

 NARACOMP   ON
    F9AGE              0.091      0.030      3.097      0.002

 WOLDCOMP   ON
    F8AGE              0.033      0.022      1.471      0.141

 NARACOMP WITH
    NARAACC            0.000      0.000    999.000    999.000
    COMBACC            0.000      0.000    999.000    999.000
    WOLDCOMP           0.000      0.000    999.000    999.000

 NARAACC  WITH
    COMBACC            0.000      0.000    999.000    999.000
    WOLDCOMP           0.000      0.000    999.000    999.000

 COMBACC  WITH
    WOLDCOMP           0.000      0.000    999.000    999.000

 F9AGE    WITH
    F8AGE              0.445      0.217      2.055      0.040

 Means
    F8AGE            103.114      0.178    580.349      0.000
    F9AGE            118.750      0.429    277.008      0.000

 Intercepts
    NARAACC           -1.022      7.839     -0.130      0.896
    NARACOMP          -2.563      3.596     -0.713      0.476
    WOLDCOMP           2.937      2.297      1.278      0.201
    COMBACC            0.799      1.895      0.422      0.673

 Variances
    F8AGE              3.190      0.172     18.531      0.000
    F9AGE             13.387      0.519     25.775      0.000

 Residual Variances
    NARAACC           51.756      7.820      6.619      0.000
    NARACOMP          13.529      1.331     10.164      0.000
    WOLDCOMP           3.839      0.487      7.882      0.000
    COMBACC            3.654      1.385      2.638      0.008

Latent Class 2

 COMBACC    ON
    F9AGE              0.009      0.015      0.610      0.542

 NARAACC    ON
    F9AGE              0.184      0.064      2.864      0.004

 NARACOMP   ON
    F9AGE              0.091      0.030      3.097      0.002

 WOLDCOMP   ON
    F8AGE              0.033      0.022      1.471      0.141

 NARACOMP WITH
    NARAACC            0.000      0.000    999.000    999.000
    COMBACC            0.000      0.000    999.000    999.000
    WOLDCOMP           0.000      0.000    999.000    999.000

 NARAACC  WITH
    COMBACC            0.000      0.000    999.000    999.000
    WOLDCOMP           0.000      0.000    999.000    999.000

 COMBACC  WITH
    WOLDCOMP           0.000      0.000    999.000    999.000

 F9AGE    WITH
    F8AGE              0.445      0.217      2.055      0.040

 Means
    F8AGE            114.128      0.787    145.001      0.000
    F9AGE            121.170      1.527     79.368      0.000

 Intercepts
    NARAACC            8.293      8.828      0.939      0.348
    NARACOMP           1.523      3.880      0.393      0.695
    WOLDCOMP           3.004      2.568      1.170      0.242
    COMBACC            3.281      2.088      1.571      0.116

 Variances
    F8AGE              3.190      0.172     18.531      0.000
    F9AGE             13.387      0.519     25.775      0.000

 Residual Variances
    NARAACC          136.560     34.942      3.908      0.000
    NARACOMP          28.598      6.801      4.205      0.000
    WOLDCOMP           2.626      0.624      4.210      0.000
    COMBACC            7.356      2.064      3.564      0.000

Latent Class 3

 COMBACC    ON
    F9AGE              0.009      0.015      0.610      0.542

 NARAACC    ON
    F9AGE              0.184      0.064      2.864      0.004

 NARACOMP   ON
    F9AGE              0.091      0.030      3.097      0.002

 WOLDCOMP   ON
    F8AGE              0.033      0.022      1.471      0.141

 NARACOMP WITH
    NARAACC            0.000      0.000    999.000    999.000
    COMBACC            0.000      0.000    999.000    999.000
    WOLDCOMP           0.000      0.000    999.000    999.000

 NARAACC  WITH
    COMBACC            0.000      0.000    999.000    999.000
    WOLDCOMP           0.000      0.000    999.000    999.000

 COMBACC  WITH
    WOLDCOMP           0.000      0.000    999.000    999.000

 F9AGE    WITH
    F8AGE              0.445      0.217      2.055      0.040

 Means
    F8AGE            102.959      0.141    728.867      0.000
    F9AGE            118.438      0.228    518.358      0.000

 Intercepts
    NARAACC           16.778      7.636      2.197      0.028
    NARACOMP           4.979      3.537      1.408      0.159
    WOLDCOMP           3.471      2.286      1.518      0.129
    COMBACC            5.556      1.820      3.053      0.002

 Variances
    F8AGE              3.190      0.172     18.531      0.000
    F9AGE             13.387      0.519     25.775      0.000

 Residual Variances
    NARAACC           25.976      4.093      6.346      0.000
    NARACOMP           7.264      0.955      7.606      0.000
    WOLDCOMP           3.292      0.299     11.010      0.000
    COMBACC            6.481      0.577     11.227      0.000

Latent Class 4

 COMBACC    ON
    F9AGE              0.009      0.015      0.610      0.542

 NARAACC    ON
    F9AGE              0.184      0.064      2.864      0.004

 NARACOMP   ON
    F9AGE              0.091      0.030      3.097      0.002

 WOLDCOMP   ON
    F8AGE              0.033      0.022      1.471      0.141

 NARACOMP WITH
    NARAACC            0.000      0.000    999.000    999.000
    COMBACC            0.000      0.000    999.000    999.000
    WOLDCOMP           0.000      0.000    999.000    999.000

 NARAACC  WITH
    COMBACC            0.000      0.000    999.000    999.000
    WOLDCOMP           0.000      0.000    999.000    999.000

 COMBACC  WITH
    WOLDCOMP           0.000      0.000    999.000    999.000

 F9AGE    WITH
    F8AGE              0.445      0.217      2.055      0.040

 Means
    F8AGE            110.302      0.910    121.248      0.000
    F9AGE            120.659      0.669    180.403      0.000

 Intercepts
    NARAACC           51.345      8.206      6.257      0.000
    NARACOMP          15.830      3.773      4.196      0.000
    WOLDCOMP           3.884      2.528      1.536      0.124
    COMBACC           13.247      1.910      6.935      0.000

 Variances
    F8AGE              3.190      0.172     18.531      0.000
    F9AGE             13.387      0.519     25.775      0.000

 Residual Variances
    NARAACC          201.476     25.046      8.044      0.000
    NARACOMP          40.160      5.305      7.570      0.000
    WOLDCOMP           3.633      0.637      5.701      0.000
    COMBACC            9.601      1.147      8.374      0.000

Latent Class 5

 COMBACC    ON
    F9AGE              0.009      0.015      0.610      0.542

 NARAACC    ON
    F9AGE              0.184      0.064      2.864      0.004

 NARACOMP   ON
    F9AGE              0.091      0.030      3.097      0.002

 WOLDCOMP   ON
    F8AGE              0.033      0.022      1.471      0.141

 NARACOMP WITH
    NARAACC            0.000      0.000    999.000    999.000
    COMBACC            0.000      0.000    999.000    999.000
    WOLDCOMP           0.000      0.000    999.000    999.000

 NARAACC  WITH
    COMBACC            0.000      0.000    999.000    999.000
    WOLDCOMP           0.000      0.000    999.000    999.000

 COMBACC  WITH
    WOLDCOMP           0.000      0.000    999.000    999.000

 F9AGE    WITH
    F8AGE              0.445      0.217      2.055      0.040

 Means
    F8AGE            102.585      0.077   1339.227      0.000
    F9AGE            118.378      0.163    727.989      0.000

 Intercepts
    NARAACC           67.387      7.547      8.929      0.000
    NARACOMP          22.353      3.475      6.432      0.000
    WOLDCOMP           5.197      2.273      2.287      0.022
    COMBACC           16.034      1.804      8.889      0.000

 Variances
    F8AGE              3.190      0.172     18.531      0.000
    F9AGE             13.387      0.519     25.775      0.000

 Residual Variances
    NARAACC           25.849      2.406     10.746      0.000
    NARACOMP          19.318      1.372     14.084      0.000
    WOLDCOMP           3.807      0.222     17.148      0.000
    COMBACC            2.731      0.309      8.829      0.000

Latent Class 6

 COMBACC    ON
    F9AGE              0.009      0.015      0.610      0.542

 NARAACC    ON
    F9AGE              0.184      0.064      2.864      0.004

 NARACOMP   ON
    F9AGE              0.091      0.030      3.097      0.002

 WOLDCOMP   ON
    F8AGE              0.033      0.022      1.471      0.141

 NARACOMP WITH
    NARAACC            0.000      0.000    999.000    999.000
    COMBACC            0.000      0.000    999.000    999.000
    WOLDCOMP           0.000      0.000    999.000    999.000

 NARAACC  WITH
    COMBACC            0.000      0.000    999.000    999.000
    WOLDCOMP           0.000      0.000    999.000    999.000

 COMBACC  WITH
    WOLDCOMP           0.000      0.000    999.000    999.000

 F9AGE    WITH
    F8AGE              0.445      0.217      2.055      0.040

 Means
    F8AGE            102.718      0.068   1511.926      0.000
    F9AGE            118.307      0.115   1027.561      0.000

 Intercepts
    NARAACC           52.235      7.477      6.986      0.000
    NARACOMP          16.584      3.465      4.786      0.000
    WOLDCOMP           4.110      2.279      1.803      0.071
    COMBACC           13.235      1.804      7.335      0.000

 Variances
    F8AGE              3.190      0.172     18.531      0.000
    F9AGE             13.387      0.519     25.775      0.000

 Residual Variances
    NARAACC           70.325      3.608     19.490      0.000
    NARACOMP          21.657      1.128     19.196      0.000
    WOLDCOMP           3.065      0.167     18.330      0.000
    COMBACC            6.150      0.275     22.341      0.000

Latent Class 7

 COMBACC    ON
    F9AGE              0.009      0.015      0.610      0.542

 NARAACC    ON
    F9AGE              0.184      0.064      2.864      0.004

 NARACOMP   ON
    F9AGE              0.091      0.030      3.097      0.002

 WOLDCOMP   ON
    F8AGE              0.033      0.022      1.471      0.141

 NARACOMP WITH
    NARAACC            0.000      0.000    999.000    999.000
    COMBACC            0.000      0.000    999.000    999.000
    WOLDCOMP           0.000      0.000    999.000    999.000

 NARAACC  WITH
    COMBACC            0.000      0.000    999.000    999.000
    WOLDCOMP           0.000      0.000    999.000    999.000

 COMBACC  WITH
    WOLDCOMP           0.000      0.000    999.000    999.000

 F9AGE    WITH
    F8AGE              0.445      0.217      2.055      0.040

 Means
    F8AGE            117.471      1.101    106.708      0.000
    F9AGE            125.092      0.966    129.552      0.000

 Intercepts
    NARAACC           49.445      8.601      5.748      0.000
    NARACOMP          15.343      3.889      3.946      0.000
    WOLDCOMP           4.532      2.625      1.726      0.084
    COMBACC           13.176      2.015      6.537      0.000

 Variances
    F8AGE              3.190      0.172     18.531      0.000
    F9AGE             13.387      0.519     25.775      0.000

 Residual Variances
    NARAACC          205.922     23.560      8.740      0.000
    NARACOMP          35.816      4.842      7.397      0.000
    WOLDCOMP           4.805      0.988      4.863      0.000
    COMBACC            7.622      1.405      5.424      0.000

Latent Class 8

 COMBACC    ON
    F9AGE              0.009      0.015      0.610      0.542

 NARAACC    ON
    F9AGE              0.184      0.064      2.864      0.004

 NARACOMP   ON
    F9AGE              0.091      0.030      3.097      0.002

 WOLDCOMP   ON
    F8AGE              0.033      0.022      1.471      0.141

 NARACOMP WITH
    NARAACC            0.000      0.000    999.000    999.000
    COMBACC            0.000      0.000    999.000    999.000
    WOLDCOMP           0.000      0.000    999.000    999.000

 NARAACC  WITH
    COMBACC            0.000      0.000    999.000    999.000
    WOLDCOMP           0.000      0.000    999.000    999.000

 COMBACC  WITH
    WOLDCOMP           0.000      0.000    999.000    999.000

 F9AGE    WITH
    F8AGE              0.445      0.217      2.055      0.040

 Means
    F8AGE            102.913      0.093   1103.738      0.000
    F9AGE            118.135      0.138    853.804      0.000

 Intercepts
    NARAACC           31.765      7.488      4.242      0.000
    NARACOMP          10.076      3.460      2.913      0.004
    WOLDCOMP           3.617      2.278      1.588      0.112
    COMBACC            9.833      1.797      5.473      0.000

 Variances
    F8AGE              3.190      0.172     18.531      0.000
    F9AGE             13.387      0.519     25.775      0.000

 Residual Variances
    NARAACC           37.854      3.298     11.478      0.000
    NARACOMP          12.831      1.118     11.478      0.000
    WOLDCOMP           3.013      0.219     13.733      0.000
    COMBACC            8.128      0.475     17.100      0.000

Categorical Latent Variables

 Means
    C#1               -1.613      0.134    -12.031      0.000
    C#2               -2.634      0.179    -14.677      0.000
    C#3               -0.729      0.097     -7.487      0.000
    C#4               -1.674      0.126    -13.259      0.000
    C#5                0.027      0.119      0.226      0.821
    C#6                0.474      0.068      7.010      0.000
    C#7               -2.042      0.238     -8.571      0.000


QUALITY OF NUMERICAL RESULTS

     Condition Number for the Information Matrix              0.252E-08
       (ratio of smallest to largest eigenvalue)


TECHNICAL 7 OUTPUT


     SAMPLE STATISTICS WEIGHTED BY ESTIMATED CLASS PROBABILITIES FOR CLASS 1


           Means
              NARAACC       NARACOMP      WOLDCOMP      COMBACC       F8AGE
              ________      ________      ________      ________      ________
               20.813         8.299         6.305         1.907       103.100


           Means
              F9AGE
              ________
              118.750


           Covariances
              NARAACC       NARACOMP      WOLDCOMP      COMBACC       F8AGE
              ________      ________      ________      ________      ________
 NARAACC       51.883
 NARACOMP      18.692        13.348
 WOLDCOMP       2.396         2.161         3.830
 COMBACC        5.424         2.059         1.185         3.668
 F8AGE         46.683        25.973        -0.092        16.309         2.932
 F9AGE          1.831        -0.247        -3.750         0.407       -43.732


           Covariances
              F9AGE
              ________
 F9AGE         16.160


     SAMPLE STATISTICS WEIGHTED BY ESTIMATED CLASS PROBABILITIES FOR CLASS 2


           Means
              NARAACC       NARACOMP      WOLDCOMP      COMBACC       F8AGE
              ________      ________      ________      ________      ________
               30.573        12.607         6.731         4.413       114.086


           Means
              F9AGE
              ________
              121.170


           Covariances
              NARAACC       NARACOMP      WOLDCOMP      COMBACC       F8AGE
              ________      ________      ________      ________      ________
 NARAACC      135.166
 NARACOMP      47.863        28.729
 WOLDCOMP       0.716         2.508         2.552
 COMBACC       22.068         9.335         0.965         7.346
 F8AGE        -13.791        -5.194        -1.003         7.205        11.142
 F9AGE         -0.631         2.289        -7.968        -0.736      -137.733


           Covariances
              F9AGE
              ________
 F9AGE         34.359


     SAMPLE STATISTICS WEIGHTED BY ESTIMATED CLASS PROBABILITIES FOR CLASS 3


           Means
              NARAACC       NARACOMP      WOLDCOMP      COMBACC       F8AGE
              ________      ________      ________      ________      ________
               38.555        15.813         6.834         6.663       102.943


           Means
              F9AGE
              ________
              118.438


           Covariances
              NARAACC       NARACOMP      WOLDCOMP      COMBACC       F8AGE
              ________      ________      ________      ________      ________
 NARAACC       26.505
 NARACOMP       4.867         7.421
 WOLDCOMP      -2.527         0.852         3.298
 COMBACC        2.814        -0.140        -0.146         6.486
 F8AGE        -22.405         3.321         0.116         1.665         3.608
 F9AGE          2.661         1.466        -3.535         0.391       -47.703


           Covariances
              F9AGE
              ________
 F9AGE         13.284


     SAMPLE STATISTICS WEIGHTED BY ESTIMATED CLASS PROBABILITIES FOR CLASS 4


           Means
              NARAACC       NARACOMP      WOLDCOMP      COMBACC       F8AGE
              ________      ________      ________      ________      ________
               73.531        26.867         7.488        14.375       110.295


           Means
              F9AGE
              ________
              120.659


           Covariances
              NARAACC       NARACOMP      WOLDCOMP      COMBACC       F8AGE
              ________      ________      ________      ________      ________
 NARAACC      203.620
 NARACOMP      50.585        40.126
 WOLDCOMP       6.827         5.537         3.684
 COMBACC       23.414         4.392         1.110         9.627
 F8AGE         17.502        16.058         0.894         5.110         4.336
 F9AGE          7.393         0.594        -2.103         1.418       -24.434


           Covariances
              F9AGE
              ________
 F9AGE         17.014


     SAMPLE STATISTICS WEIGHTED BY ESTIMATED CLASS PROBABILITIES FOR CLASS 5


           Means
              NARAACC       NARACOMP      WOLDCOMP      COMBACC       F8AGE
              ________      ________      ________      ________      ________
               89.153        33.181         8.549        17.141       102.578


           Means
              F9AGE
              ________
              118.378


           Covariances
              NARAACC       NARACOMP      WOLDCOMP      COMBACC       F8AGE
              ________      ________      ________      ________      ________
 NARAACC       26.460
 NARACOMP       4.249        19.438
 WOLDCOMP       0.615         3.210         3.805
 COMBACC        1.878        -0.383        -0.198         2.731
 F8AGE         -0.777         4.051         0.043        -0.125         2.826
 F9AGE          2.832         1.239        -2.143         0.105       -21.611


           Covariances
              F9AGE
              ________
 F9AGE         12.743


     SAMPLE STATISTICS WEIGHTED BY ESTIMATED CLASS PROBABILITIES FOR CLASS 6


           Means
              NARAACC       NARACOMP      WOLDCOMP      COMBACC       F8AGE
              ________      ________      ________      ________      ________
               73.989        27.406         7.466        14.341       102.712


           Means
              F9AGE
              ________
              118.307


           Covariances
              NARAACC       NARACOMP      WOLDCOMP      COMBACC       F8AGE
              ________      ________      ________      ________      ________
 NARAACC       70.576
 NARACOMP       4.745        21.816
 WOLDCOMP      -0.755         2.923         3.071
 COMBACC        2.921        -1.432        -0.510         6.144
 F8AGE          5.995         6.223         0.145         1.125         2.696
 F9AGE          1.795         1.427        -1.847        -0.285       -18.507


           Covariances
              F9AGE
              ________
 F9AGE         12.099


     SAMPLE STATISTICS WEIGHTED BY ESTIMATED CLASS PROBABILITIES FOR CLASS 7


           Means
              NARAACC       NARACOMP      WOLDCOMP      COMBACC       F8AGE
              ________      ________      ________      ________      ________
               72.445        26.785         8.367        14.345       117.400


           Means
              F9AGE
              ________
              125.092


           Covariances
              NARAACC       NARACOMP      WOLDCOMP      COMBACC       F8AGE
              ________      ________      ________      ________      ________
 NARAACC      211.100
 NARACOMP      46.814        35.428
 WOLDCOMP      -8.921         4.526         4.778
 COMBACC       20.727         4.443         0.885         7.621
 F8AGE       -119.798       -22.880        -0.522        20.873         7.474
 F9AGE         16.962        -0.689       -18.023        -0.971      -250.228


           Covariances
              F9AGE
              ________
 F9AGE         31.326


     SAMPLE STATISTICS WEIGHTED BY ESTIMATED CLASS PROBABILITIES FOR CLASS 8


           Means
              NARAACC       NARACOMP      WOLDCOMP      COMBACC       F8AGE
              ________      ________      ________      ________      ________
               53.487        20.882         6.979        10.937       102.905


           Means
              F9AGE
              ________
              118.135


           Covariances
              NARAACC       NARACOMP      WOLDCOMP      COMBACC       F8AGE
              ________      ________      ________      ________      ________
 NARAACC       37.998
 NARACOMP       2.566        12.925
 WOLDCOMP      -1.484         2.346         3.017
 COMBACC        3.876        -0.687        -0.197         8.138
 F8AGE          0.031         8.586         0.103        -1.339         3.101
 F9AGE          1.411         1.023        -2.121         0.602       -22.827


           Covariances
              F9AGE
              ________
 F9AGE         11.101


TECHNICAL 11 OUTPUT

     Random Starts Specifications for the k-1 Class Analysis Model
        Number of initial stage random starts                2000
        Number of final stage optimizations                   200



     VUONG-LO-MENDELL-RUBIN LIKELIHOOD RATIO TEST FOR 7 (H0) VERSUS 8 CLASSES

          H0 Loglikelihood Value                       -54965.409
          2 Times the Loglikelihood Difference            246.836
          Difference in the Number of Parameters               11
          Mean                                             38.016
          Standard Deviation                              118.559
          P-Value                                          0.0506

     LO-MENDELL-RUBIN ADJUSTED LRT TEST

          Value                                           244.109
          P-Value                                          0.0519


PLOT INFORMATION

The following plots are available:

  Histograms (sample values)
  Scatterplots (sample values)
  Estimated overall and class-specific distributions

     Beginning Time:  11:51:58
        Ending Time:  11:56:00
       Elapsed Time:  00:04:02



MUTHEN & MUTHEN
3463 Stoner Ave.
Los Angeles, CA  90066

Tel: (310) 391-9971
Fax: (310) 391-8971
Web: www.StatModel.com
Support: Support@StatModel.com

Copyright (c) 1998-2020 Muthen & Muthen
