Mplus VERSION 8.5
MUTHEN & MUTHEN
08/13/2021   2:21 PM

INPUT INSTRUCTIONS

  TITLE:
   LPA Model A: 3 classes;
  DATA:
  FILE = "mplus_models/simpview/lpa_comp/sv_lpa_mbench_576296b10d9f155ad9363f1cbb7ab8da.dat"

  VARIABLE:
  NAMES = cidB3153 f8age f9age naraAcc naraComp woldComp combAcc;
   MISSING=.;
    idvariable = cidb3153; classes = c(3);
  ANALYSIS:
   estimator = mlr; type = mixture;
                                                     starts = 0;
                                                     optseed = 484406;
                                                     k-1starts = 20 4;
  MODEL:
  %OVERALL%
             f8age; f9age;
             combAcc naraAcc naraComp on f9age;
             woldcomp on f8age;
   naraComp; naraAcc; combAcc; woldComp;
    naraComp with naraAcc@0;
    naraComp with combAcc@0;
    naraComp with woldComp@0;
    naraAcc with combAcc@0;
    naraAcc with woldComp@0;
    combAcc with woldComp@0;
  OUTPUT:
   TECH7 TECH11;
  PLOT:
  TYPE = PLOT3;



*** WARNING
  Input line exceeded 90 characters. Some input may be truncated.
  FILE = "mplus_models/simpview/lpa_comp/sv_lpa_mbench_576296b10d9f155ad9363f1cbb7ab8da.dat";
   1 WARNING(S) FOUND IN THE INPUT INSTRUCTIONS




LPA Model A: 3 classes;

SUMMARY OF ANALYSIS

Number of groups                                                 1
Number of observations                                        3423

Number of dependent variables                                    4
Number of independent variables                                  2
Number of continuous latent variables                            0
Number of categorical latent variables                           1

Observed dependent variables

  Continuous
   NARAACC     NARACOMP    WOLDCOMP    COMBACC

Observed independent variables
   F8AGE       F9AGE

Categorical latent variables
   C

Variables with special functions

  ID variable           CIDB3153

Estimator                                                      MLR
Information matrix                                        OBSERVED
Optimization Specifications for the Quasi-Newton Algorithm for
Continuous Outcomes
  Maximum number of iterations                                 100
  Convergence criterion                                  0.100D-05
Optimization Specifications for the EM Algorithm
  Maximum number of iterations                                 500
  Convergence criteria
    Loglikelihood change                                 0.100D-06
    Relative loglikelihood change                        0.100D-06
    Derivative                                           0.100D-05
Optimization Specifications for the M step of the EM Algorithm for
Categorical Latent variables
  Number of M step iterations                                    1
  M step convergence criterion                           0.100D-05
  Basis for M step termination                           ITERATION
Optimization Specifications for the M step of the EM Algorithm for
Censored, Binary or Ordered Categorical (Ordinal), Unordered
Categorical (Nominal) and Count Outcomes
  Number of M step iterations                                    1
  M step convergence criterion                           0.100D-05
  Basis for M step termination                           ITERATION
  Maximum value for logit thresholds                            15
  Minimum value for logit thresholds                           -15
  Minimum expected cell size for chi-square              0.100D-01
Maximum number of iterations for H1                           2000
Convergence criterion for H1                             0.100D-03
Optimization algorithm                                         EMA
Random Starts Specifications
  Random seed for analysis                                  484406

Input data file(s)
  mplus_models/simpview/lpa_comp/sv_lpa_mbench_576296b10d9f155ad9363f1cbb7ab8da.
Input data format  FREE


SUMMARY OF DATA

     Number of missing data patterns             5
     Number of y missing data patterns           5
     Number of u missing data patterns           0


COVARIANCE COVERAGE OF DATA

Minimum covariance coverage value   0.100


     PROPORTION OF DATA PRESENT FOR Y


           Covariance Coverage
              NARAACC       NARACOMP      WOLDCOMP      COMBACC       F8AGE
              ________      ________      ________      ________      ________
 NARAACC        1.000
 NARACOMP       1.000         1.000
 WOLDCOMP       0.852         0.852         0.852
 COMBACC        0.996         0.996         0.850         0.996
 F8AGE          0.861         0.861         0.852         0.858         0.861
 F9AGE          1.000         1.000         0.852         0.996         0.861


           Covariance Coverage
              F9AGE
              ________
 F9AGE          1.000



UNIVARIATE SAMPLE STATISTICS


     UNIVARIATE HIGHER-ORDER MOMENT DESCRIPTIVE STATISTICS

         Variable/         Mean/     Skewness/   Minimum/ % with                Percentiles
        Sample Size      Variance    Kurtosis    Maximum  Min/Max      20%/60%    40%/80%    Median

     NARAACC              66.334      -0.525       0.000    0.06%      48.000     62.000     69.000
            3423.000     417.180      -0.469     100.000    0.06%      76.000     86.000
     NARACOMP             25.018      -0.273       0.000    0.09%      18.000     23.000     25.000
            3423.000      62.018      -0.237      44.000    0.03%      28.000     32.000
     WOLDCOMP              7.517       0.082       2.000    0.41%       6.000      7.000      7.000
            2917.000       3.758       0.190      15.000    0.03%       8.000      9.000
     COMBACC              12.788      -0.783       0.000    1.44%       9.000     13.000     14.000
            3408.000      21.534      -0.011      20.000    1.44%      15.000     17.000
     F8AGE               103.533       2.579      94.000    0.03%     102.000    102.000    103.000
            2947.000      11.227       8.561     126.000    0.03%     103.000    105.000
     F9AGE               118.643       1.305     105.000    0.03%     116.000    117.000    118.000
            3423.000      14.907       2.626     139.000    0.06%     119.000    121.000


THE MODEL ESTIMATION TERMINATED NORMALLY



MODEL FIT INFORMATION

Number of Free Parameters                       31

Loglikelihood

          H0 Value                      -56707.574
          H0 Scaling Correction Factor      1.4288
            for MLR

Information Criteria

          Akaike (AIC)                  113477.148
          Bayesian (BIC)                113667.434
          Sample-Size Adjusted BIC      113568.933
            (n* = (n + 2) / 24)



FINAL CLASS COUNTS AND PROPORTIONS FOR THE LATENT CLASSES
BASED ON THE ESTIMATED MODEL

    Latent
   Classes

       1       1727.51287          0.50468
       2        473.15871          0.13823
       3       1222.32842          0.35709


FINAL CLASS COUNTS AND PROPORTIONS FOR THE LATENT CLASSES
BASED ON ESTIMATED POSTERIOR PROBABILITIES

    Latent
   Classes

       1       1727.51287          0.50468
       2        473.15871          0.13823
       3       1222.32842          0.35709


FINAL CLASS COUNTS AND PROPORTIONS FOR THE LATENT CLASSES
BASED ON THEIR MOST LIKELY LATENT CLASS MEMBERSHIP

Class Counts and Proportions

    Latent
   Classes

       1             1740          0.50833
       2              476          0.13906
       3             1207          0.35261


CLASSIFICATION QUALITY

     Entropy                         0.870


Average Latent Class Probabilities for Most Likely Latent Class Membership (Row)
by Latent Class (Column)

           1        2        3

    1   0.955    0.000    0.045
    2   0.000    0.932    0.068
    3   0.054    0.024    0.922


Classification Probabilities for the Most Likely Latent Class Membership (Column)
by Latent Class (Row)

           1        2        3

    1   0.962    0.000    0.038
    2   0.000    0.938    0.062
    3   0.064    0.026    0.910


Logits for the Classification Probabilities for the Most Likely Latent Class Membership (Column)
by Latent Class (Row)

              1        2        3

    1      3.237  -10.540    0.000
    2    -11.038    2.713    0.000
    3     -2.661   -3.540    0.000


MODEL RESULTS

                                                    Two-Tailed
                    Estimate       S.E.  Est./S.E.    P-Value

Latent Class 1

 COMBACC    ON
    F9AGE              0.011      0.019      0.566      0.571

 NARAACC    ON
    F9AGE              0.161      0.088      1.837      0.066

 NARACOMP   ON
    F9AGE              0.062      0.036      1.744      0.081

 WOLDCOMP   ON
    F8AGE              0.026      0.011      2.271      0.023

 NARACOMP WITH
    NARAACC            0.000      0.000    999.000    999.000
    COMBACC            0.000      0.000    999.000    999.000
    WOLDCOMP           0.000      0.000    999.000    999.000

 NARAACC  WITH
    COMBACC            0.000      0.000    999.000    999.000
    WOLDCOMP           0.000      0.000    999.000    999.000

 COMBACC  WITH
    WOLDCOMP           0.000      0.000    999.000    999.000

 F9AGE    WITH
    F8AGE              3.254      0.421      7.732      0.000

 Means
    F8AGE            103.395      0.089   1167.218      0.000
    F9AGE            118.682      0.109   1090.629      0.000

 Intercepts
    NARAACC           63.478     10.401      6.103      0.000
    NARACOMP          23.212      4.255      5.455      0.000
    WOLDCOMP           5.397      1.166      4.630      0.000
    COMBACC           14.642      2.237      6.546      0.000

 Variances
    F8AGE             11.275      0.684     16.493      0.000
    F9AGE             14.901      0.547     27.265      0.000

 Residual Variances
    NARAACC           87.121      2.388     36.488      0.000
    NARACOMP          22.527      0.610     36.916      0.000
    WOLDCOMP           3.430      0.094     36.468      0.000
    COMBACC            6.622      0.197     33.550      0.000

Latent Class 2

 COMBACC    ON
    F9AGE              0.011      0.019      0.566      0.571

 NARAACC    ON
    F9AGE              0.161      0.088      1.837      0.066

 NARACOMP   ON
    F9AGE              0.062      0.036      1.744      0.081

 WOLDCOMP   ON
    F8AGE              0.026      0.011      2.271      0.023

 NARACOMP WITH
    NARAACC            0.000      0.000    999.000    999.000
    COMBACC            0.000      0.000    999.000    999.000
    WOLDCOMP           0.000      0.000    999.000    999.000

 NARAACC  WITH
    COMBACC            0.000      0.000    999.000    999.000
    WOLDCOMP           0.000      0.000    999.000    999.000

 COMBACC  WITH
    WOLDCOMP           0.000      0.000    999.000    999.000

 F9AGE    WITH
    F8AGE              3.254      0.421      7.732      0.000

 Means
    F8AGE            104.189      0.228    457.854      0.000
    F9AGE            118.764      0.205    579.163      0.000

 Intercepts
    NARAACC           12.819     10.559      1.214      0.225
    NARACOMP           5.640      4.301      1.311      0.190
    WOLDCOMP           3.988      1.182      3.374      0.001
    COMBACC            3.200      2.287      1.399      0.162

 Variances
    F8AGE             11.275      0.684     16.493      0.000
    F9AGE             14.901      0.547     27.265      0.000

 Residual Variances
    NARAACC           87.121      2.388     36.488      0.000
    NARACOMP          22.527      0.610     36.916      0.000
    WOLDCOMP           3.430      0.094     36.468      0.000
    COMBACC            6.622      0.197     33.550      0.000

Latent Class 3

 COMBACC    ON
    F9AGE              0.011      0.019      0.566      0.571

 NARAACC    ON
    F9AGE              0.161      0.088      1.837      0.066

 NARACOMP   ON
    F9AGE              0.062      0.036      1.744      0.081

 WOLDCOMP   ON
    F8AGE              0.026      0.011      2.271      0.023

 NARACOMP WITH
    NARAACC            0.000      0.000    999.000    999.000
    COMBACC            0.000      0.000    999.000    999.000
    WOLDCOMP           0.000      0.000    999.000    999.000

 NARAACC  WITH
    COMBACC            0.000      0.000    999.000    999.000
    WOLDCOMP           0.000      0.000    999.000    999.000

 COMBACC  WITH
    WOLDCOMP           0.000      0.000    999.000    999.000

 F9AGE    WITH
    F8AGE              3.254      0.421      7.732      0.000

 Means
    F8AGE            103.718      0.114    911.904      0.000
    F9AGE            118.541      0.125    945.908      0.000

 Intercepts
    NARAACC           37.655     10.472      3.596      0.000
    NARACOMP          14.353      4.256      3.373      0.001
    WOLDCOMP           4.376      1.170      3.741      0.000
    COMBACC           10.288      2.264      4.544      0.000

 Variances
    F8AGE             11.275      0.684     16.493      0.000
    F9AGE             14.901      0.547     27.265      0.000

 Residual Variances
    NARAACC           87.121      2.388     36.488      0.000
    NARACOMP          22.527      0.610     36.916      0.000
    WOLDCOMP           3.430      0.094     36.468      0.000
    COMBACC            6.622      0.197     33.550      0.000

Categorical Latent Variables

 Means
    C#1                0.346      0.053      6.506      0.000
    C#2               -0.949      0.090    -10.512      0.000


QUALITY OF NUMERICAL RESULTS

     Condition Number for the Information Matrix              0.463E-07
       (ratio of smallest to largest eigenvalue)


TECHNICAL 7 OUTPUT


     SAMPLE STATISTICS WEIGHTED BY ESTIMATED CLASS PROBABILITIES FOR CLASS 1


           Means
              NARAACC       NARACOMP      WOLDCOMP      COMBACC       F8AGE
              ________      ________      ________      ________      ________
               82.563        30.613         8.047        15.907       103.329


           Means
              F9AGE
              ________
              118.682


           Covariances
              NARAACC       NARACOMP      WOLDCOMP      COMBACC       F8AGE
              ________      ________      ________      ________      ________
 NARAACC       79.442
 NARACOMP      15.495        25.263
 WOLDCOMP       2.268         4.032         3.652
 COMBACC        7.881         1.049         0.111         5.507
 F8AGE          0.410         2.222         0.127         1.370        10.197
 F9AGE          2.881         0.881        -2.871        -0.303       -28.933


           Covariances
              F9AGE
              ________
 F9AGE         15.083


     SAMPLE STATISTICS WEIGHTED BY ESTIMATED CLASS PROBABILITIES FOR CLASS 2


           Means
              NARAACC       NARACOMP      WOLDCOMP      COMBACC       F8AGE
              ________      ________      ________      ________      ________
               31.918        13.046         6.657         4.466       104.067


           Means
              F9AGE
              ________
              118.764


           Covariances
              NARAACC       NARACOMP      WOLDCOMP      COMBACC       F8AGE
              ________      ________      ________      ________      ________
 NARAACC      108.061
 NARACOMP      40.039        22.955
 WOLDCOMP       1.615         2.434         3.532
 COMBACC       17.935         6.834         0.491         7.512
 F8AGE          5.371        12.271        -0.147         2.084        14.583
 F9AGE         -0.246         0.083        -4.324        -0.250       -55.537


           Covariances
              F9AGE
              ________
 F9AGE         17.046


     SAMPLE STATISTICS WEIGHTED BY ESTIMATED CLASS PROBABILITIES FOR CLASS 3


           Means
              NARAACC       NARACOMP      WOLDCOMP      COMBACC       F8AGE
              ________      ________      ________      ________      ________
               56.718        21.745         7.035        11.551       103.649


           Means
              F9AGE
              ________
              118.541


           Covariances
              NARAACC       NARACOMP      WOLDCOMP      COMBACC       F8AGE
              ________      ________      ________      ________      ________
 NARAACC       90.947
 NARACOMP      14.903        18.657
 WOLDCOMP      -1.578         2.511         3.086
 COMBACC        8.900         0.523        -0.186         7.863
 F8AGE         -1.092        10.730         0.417         0.515        11.396
 F9AGE          2.733         1.325        -2.559         0.731       -29.625


           Covariances
              F9AGE
              ________
 F9AGE         13.813


TECHNICAL 11 OUTPUT

     Random Starts Specifications for the k-1 Class Analysis Model
        Number of initial stage random starts                  20
        Number of final stage optimizations                     4



     VUONG-LO-MENDELL-RUBIN LIKELIHOOD RATIO TEST FOR 2 (H0) VERSUS 3 CLASSES

          H0 Loglikelihood Value                       -57767.551
          2 Times the Loglikelihood Difference           2119.955
          Difference in the Number of Parameters                7
          Mean                                             18.671
          Standard Deviation                               86.221
          P-Value                                          0.0000

     LO-MENDELL-RUBIN ADJUSTED LRT TEST

          Value                                          2083.384
          P-Value                                          0.0000


PLOT INFORMATION

The following plots are available:

  Histograms (sample values)
  Scatterplots (sample values)
  Estimated overall and class-specific distributions

     Beginning Time:  14:21:03
        Ending Time:  14:21:05
       Elapsed Time:  00:00:02



MUTHEN & MUTHEN
3463 Stoner Ave.
Los Angeles, CA  90066

Tel: (310) 391-9971
Fax: (310) 391-8971
Web: www.StatModel.com
Support: Support@StatModel.com

Copyright (c) 1998-2020 Muthen & Muthen
