Mplus VERSION 8.5
MUTHEN & MUTHEN
09/20/2021   8:14 PM

INPUT INSTRUCTIONS

  TITLE:
   LPA Model A: 6 classes;
  DATA:
  FILE = "mplus_models/simpview/lpa_comp/sv_lpa_mbench_576296b10d9f155ad9363f1cbb7ab8da.dat"

  VARIABLE:
  NAMES = cidB3153 f8age f9age naraAcc naraComp woldComp combAcc;
   MISSING=.;
    idvariable = cidb3153; classes = c(6);
  ANALYSIS:
   estimator = mlr; type = mixture;
                                                     starts = 0; stscale = 1;
                                                     optseed = 436892;
                                                     processors = 4(starts);
                                                     lrtbootstrap = 500;
                                                     lrtstarts = 0 0 1000 250;
  MODEL:
  %OVERALL%
             f8age; f9age;
             combAcc naraAcc naraComp on f9age;
             woldcomp on f8age;
   naraComp; naraAcc; combAcc; woldComp;
    naraComp with naraAcc@0;
    naraComp with combAcc@0;
    naraComp with woldComp@0;
    naraAcc with combAcc@0;
    naraAcc with woldComp@0;
    combAcc with woldComp@0;
  OUTPUT:
   TECH7 TECH11 TECH14 stdyx CINTERVAL ENTROPY;
  SAVEDATA:
   FILE IS sv_lpa_a_6class.dat; SAVE = cprobabilities;
  PLOT:
  TYPE = PLOT3;



*** WARNING
  Input line exceeded 90 characters. Some input may be truncated.
  FILE = "mplus_models/simpview/lpa_comp/sv_lpa_mbench_576296b10d9f155ad9363f1cbb7ab8da.dat";
   1 WARNING(S) FOUND IN THE INPUT INSTRUCTIONS




LPA Model A: 6 classes;

SUMMARY OF ANALYSIS

Number of groups                                                 1
Number of observations                                        3423

Number of dependent variables                                    4
Number of independent variables                                  2
Number of continuous latent variables                            0
Number of categorical latent variables                           1

Observed dependent variables

  Continuous
   NARAACC     NARACOMP    WOLDCOMP    COMBACC

Observed independent variables
   F8AGE       F9AGE

Categorical latent variables
   C

Variables with special functions

  ID variable           CIDB3153

Estimator                                                      MLR
Information matrix                                        OBSERVED
Optimization Specifications for the Quasi-Newton Algorithm for
Continuous Outcomes
  Maximum number of iterations                                 100
  Convergence criterion                                  0.100D-05
Optimization Specifications for the EM Algorithm
  Maximum number of iterations                                 500
  Convergence criteria
    Loglikelihood change                                 0.100D-06
    Relative loglikelihood change                        0.100D-06
    Derivative                                           0.100D-05
Optimization Specifications for the M step of the EM Algorithm for
Categorical Latent variables
  Number of M step iterations                                    1
  M step convergence criterion                           0.100D-05
  Basis for M step termination                           ITERATION
Optimization Specifications for the M step of the EM Algorithm for
Censored, Binary or Ordered Categorical (Ordinal), Unordered
Categorical (Nominal) and Count Outcomes
  Number of M step iterations                                    1
  M step convergence criterion                           0.100D-05
  Basis for M step termination                           ITERATION
  Maximum value for logit thresholds                            15
  Minimum value for logit thresholds                           -15
  Minimum expected cell size for chi-square              0.100D-01
Maximum number of iterations for H1                           2000
Convergence criterion for H1                             0.100D-03
Optimization algorithm                                         EMA
Random Starts Specifications
  Random seed for analysis                                  436892

Input data file(s)
  mplus_models/simpview/lpa_comp/sv_lpa_mbench_576296b10d9f155ad9363f1cbb7ab8da.
Input data format  FREE


SUMMARY OF DATA

     Number of missing data patterns             5
     Number of y missing data patterns           5
     Number of u missing data patterns           0


COVARIANCE COVERAGE OF DATA

Minimum covariance coverage value   0.100


     PROPORTION OF DATA PRESENT FOR Y


           Covariance Coverage
              NARAACC       NARACOMP      WOLDCOMP      COMBACC       F8AGE
              ________      ________      ________      ________      ________
 NARAACC        1.000
 NARACOMP       1.000         1.000
 WOLDCOMP       0.852         0.852         0.852
 COMBACC        0.996         0.996         0.850         0.996
 F8AGE          0.861         0.861         0.852         0.858         0.861
 F9AGE          1.000         1.000         0.852         0.996         0.861


           Covariance Coverage
              F9AGE
              ________
 F9AGE          1.000



UNIVARIATE SAMPLE STATISTICS


     UNIVARIATE HIGHER-ORDER MOMENT DESCRIPTIVE STATISTICS

         Variable/         Mean/     Skewness/   Minimum/ % with                Percentiles
        Sample Size      Variance    Kurtosis    Maximum  Min/Max      20%/60%    40%/80%    Median

     NARAACC              66.334      -0.525       0.000    0.06%      48.000     62.000     69.000
            3423.000     417.180      -0.469     100.000    0.06%      76.000     86.000
     NARACOMP             25.018      -0.273       0.000    0.09%      18.000     23.000     25.000
            3423.000      62.018      -0.237      44.000    0.03%      28.000     32.000
     WOLDCOMP              7.517       0.082       2.000    0.41%       6.000      7.000      7.000
            2917.000       3.758       0.190      15.000    0.03%       8.000      9.000
     COMBACC              12.788      -0.783       0.000    1.44%       9.000     13.000     14.000
            3408.000      21.534      -0.011      20.000    1.44%      15.000     17.000
     F8AGE               103.533       2.579      94.000    0.03%     102.000    102.000    103.000
            2947.000      11.227       8.561     126.000    0.03%     103.000    105.000
     F9AGE               118.643       1.305     105.000    0.03%     116.000    117.000    118.000
            3423.000      14.907       2.626     139.000    0.06%     119.000    121.000


THE MODEL ESTIMATION TERMINATED NORMALLY



MODEL FIT INFORMATION

Number of Free Parameters                       52

Loglikelihood

          H0 Value                      -55493.252
          H0 Scaling Correction Factor      1.8115
            for MLR

Information Criteria

          Akaike (AIC)                  111090.504
          Bayesian (BIC)                111409.694
          Sample-Size Adjusted BIC      111244.466
            (n* = (n + 2) / 24)



FINAL CLASS COUNTS AND PROPORTIONS FOR THE LATENT CLASSES
BASED ON THE ESTIMATED MODEL

    Latent
   Classes

       1        674.90847          0.19717
       2       1052.82492          0.30757
       3       1296.89657          0.37888
       4        186.29320          0.05442
       5         65.07946          0.01901
       6        146.99738          0.04294


FINAL CLASS COUNTS AND PROPORTIONS FOR THE LATENT CLASSES
BASED ON ESTIMATED POSTERIOR PROBABILITIES

    Latent
   Classes

       1        674.90847          0.19717
       2       1052.82492          0.30757
       3       1296.89657          0.37888
       4        186.29320          0.05442
       5         65.07946          0.01901
       6        146.99738          0.04294


FINAL CLASS COUNTS AND PROPORTIONS FOR THE LATENT CLASSES
BASED ON THEIR MOST LIKELY LATENT CLASS MEMBERSHIP

Class Counts and Proportions

    Latent
   Classes

       1              685          0.20012
       2             1055          0.30821
       3             1308          0.38212
       4              179          0.05229
       5               62          0.01811
       6              134          0.03915


CLASSIFICATION QUALITY

     Entropy                         0.866


           Univariate Entropy
              NARAACC       NARACOMP      WOLDCOMP      COMBACC       F8AGE
              ________      ________      ________      ________      ________
                0.677         0.515         0.235         0.545         0.314


           Univariate Entropy
              F9AGE
              ________
                0.246


Average Latent Class Probabilities for Most Likely Latent Class Membership (Row)
by Latent Class (Column)

           1        2        3        4        5        6

    1   0.891    0.074    0.000    0.021    0.012    0.001
    2   0.049    0.865    0.073    0.000    0.000    0.013
    3   0.000    0.064    0.929    0.000    0.000    0.007
    4   0.044    0.000    0.000    0.937    0.019    0.000
    5   0.066    0.000    0.000    0.063    0.849    0.022
    6   0.001    0.043    0.037    0.000    0.005    0.914


Classification Probabilities for the Most Likely Latent Class Membership (Column)
by Latent Class (Row)

           1        2        3        4        5        6

    1   0.905    0.077    0.000    0.012    0.006    0.000
    2   0.048    0.866    0.080    0.000    0.000    0.005
    3   0.000    0.059    0.937    0.000    0.000    0.004
    4   0.079    0.000    0.000    0.900    0.021    0.000
    5   0.128    0.000    0.000    0.053    0.809    0.010
    6   0.003    0.093    0.062    0.000    0.009    0.833


Logits for the Classification Probabilities for the Most Likely Latent Class Membership (Column)
by Latent Class (Row)

              1        2        3        4        5        6

    1      8.538    6.078   -4.723    4.184    3.531    0.000
    2      2.187    5.071    2.688   -8.601   -8.601    0.000
    3     -8.255    2.738    5.495   -8.255   -8.255    0.000
    4     11.275    0.000    0.000   13.711    9.946    0.000
    5      2.510   -4.701   -9.247    1.624    4.356    0.000
    6     -5.740   -2.192   -2.604  -13.633   -4.499    0.000


MODEL RESULTS

                                                    Two-Tailed
                    Estimate       S.E.  Est./S.E.    P-Value

Latent Class 1

 COMBACC    ON
    F9AGE              0.011      0.024      0.462      0.644

 NARAACC    ON
    F9AGE              0.180      0.113      1.586      0.113

 NARACOMP   ON
    F9AGE              0.082      0.046      1.795      0.073

 WOLDCOMP   ON
    F8AGE              0.003      0.018      0.155      0.876

 NARACOMP WITH
    NARAACC            0.000      0.000    999.000    999.000
    COMBACC            0.000      0.000    999.000    999.000
    WOLDCOMP           0.000      0.000    999.000    999.000

 NARAACC  WITH
    COMBACC            0.000      0.000    999.000    999.000
    WOLDCOMP           0.000      0.000    999.000    999.000

 COMBACC  WITH
    WOLDCOMP           0.000      0.000    999.000    999.000

 F9AGE    WITH
    F8AGE              0.610      0.199      3.070      0.002

 Means
    F8AGE            103.012      0.116    888.719      0.000
    F9AGE            118.195      0.181    654.072      0.000

 Intercepts
    NARAACC           24.210     13.937      1.737      0.082
    NARACOMP           8.547      5.558      1.538      0.124
    WOLDCOMP           6.607      1.893      3.491      0.000
    COMBACC            6.991      3.064      2.282      0.023

 Variances
    F8AGE              4.281      0.212     20.153      0.000
    F9AGE             13.471      0.520     25.881      0.000

 Residual Variances
    NARAACC           70.766      2.621     27.002      0.000
    NARACOMP          19.965      0.779     25.623      0.000
    WOLDCOMP           3.352      0.095     35.371      0.000
    COMBACC            5.711      0.226     25.246      0.000

Latent Class 2

 COMBACC    ON
    F9AGE              0.011      0.024      0.462      0.644

 NARAACC    ON
    F9AGE              0.180      0.113      1.586      0.113

 NARACOMP   ON
    F9AGE              0.082      0.046      1.795      0.073

 WOLDCOMP   ON
    F8AGE              0.003      0.018      0.155      0.876

 NARACOMP WITH
    NARAACC            0.000      0.000    999.000    999.000
    COMBACC            0.000      0.000    999.000    999.000
    WOLDCOMP           0.000      0.000    999.000    999.000

 NARAACC  WITH
    COMBACC            0.000      0.000    999.000    999.000
    WOLDCOMP           0.000      0.000    999.000    999.000

 COMBACC  WITH
    WOLDCOMP           0.000      0.000    999.000    999.000

 F9AGE    WITH
    F8AGE              0.610      0.199      3.070      0.002

 Means
    F8AGE            103.041      0.096   1078.090      0.000
    F9AGE            118.367      0.142    835.245      0.000

 Intercepts
    NARAACC           43.627     14.126      3.088      0.002
    NARACOMP          14.498      5.589      2.594      0.009
    WOLDCOMP           6.828      1.899      3.596      0.000
    COMBACC           11.963      2.991      4.000      0.000

 Variances
    F8AGE              4.281      0.212     20.153      0.000
    F9AGE             13.471      0.520     25.881      0.000

 Residual Variances
    NARAACC           70.766      2.621     27.002      0.000
    NARACOMP          19.965      0.779     25.623      0.000
    WOLDCOMP           3.352      0.095     35.371      0.000
    COMBACC            5.711      0.226     25.246      0.000

Latent Class 3

 COMBACC    ON
    F9AGE              0.011      0.024      0.462      0.644

 NARAACC    ON
    F9AGE              0.180      0.113      1.586      0.113

 NARACOMP   ON
    F9AGE              0.082      0.046      1.795      0.073

 WOLDCOMP   ON
    F8AGE              0.003      0.018      0.155      0.876

 NARACOMP WITH
    NARAACC            0.000      0.000    999.000    999.000
    COMBACC            0.000      0.000    999.000    999.000
    WOLDCOMP           0.000      0.000    999.000    999.000

 NARAACC  WITH
    COMBACC            0.000      0.000    999.000    999.000
    WOLDCOMP           0.000      0.000    999.000    999.000

 COMBACC  WITH
    WOLDCOMP           0.000      0.000    999.000    999.000

 F9AGE    WITH
    F8AGE              0.610      0.199      3.070      0.002

 Means
    F8AGE            102.769      0.065   1569.290      0.000
    F9AGE            118.361      0.129    915.558      0.000

 Intercepts
    NARAACC           63.872     13.617      4.691      0.000
    NARACOMP          21.975      5.523      3.979      0.000
    WOLDCOMP           7.927      1.890      4.194      0.000
    COMBACC           14.969      2.917      5.131      0.000

 Variances
    F8AGE              4.281      0.212     20.153      0.000
    F9AGE             13.471      0.520     25.881      0.000

 Residual Variances
    NARAACC           70.766      2.621     27.002      0.000
    NARACOMP          19.965      0.779     25.623      0.000
    WOLDCOMP           3.352      0.095     35.371      0.000
    COMBACC            5.711      0.226     25.246      0.000

Latent Class 4

 COMBACC    ON
    F9AGE              0.011      0.024      0.462      0.644

 NARAACC    ON
    F9AGE              0.180      0.113      1.586      0.113

 NARACOMP   ON
    F9AGE              0.082      0.046      1.795      0.073

 WOLDCOMP   ON
    F8AGE              0.003      0.018      0.155      0.876

 NARACOMP WITH
    NARAACC            0.000      0.000    999.000    999.000
    COMBACC            0.000      0.000    999.000    999.000
    WOLDCOMP           0.000      0.000    999.000    999.000

 NARAACC  WITH
    COMBACC            0.000      0.000    999.000    999.000
    WOLDCOMP           0.000      0.000    999.000    999.000

 COMBACC  WITH
    WOLDCOMP           0.000      0.000    999.000    999.000

 F9AGE    WITH
    F8AGE              0.610      0.199      3.070      0.002

 Means
    F8AGE            103.246      0.332    310.548      0.000
    F9AGE            118.577      0.347    342.180      0.000

 Intercepts
    NARAACC            1.785     13.852      0.129      0.897
    NARACOMP          -0.408      5.601     -0.073      0.942
    WOLDCOMP           6.069      1.916      3.168      0.002
    COMBACC            0.952      2.996      0.318      0.751

 Variances
    F8AGE              4.281      0.212     20.153      0.000
    F9AGE             13.471      0.520     25.881      0.000

 Residual Variances
    NARAACC           70.766      2.621     27.002      0.000
    NARACOMP          19.965      0.779     25.623      0.000
    WOLDCOMP           3.352      0.095     35.371      0.000
    COMBACC            5.711      0.226     25.246      0.000

Latent Class 5

 COMBACC    ON
    F9AGE              0.011      0.024      0.462      0.644

 NARAACC    ON
    F9AGE              0.180      0.113      1.586      0.113

 NARACOMP   ON
    F9AGE              0.082      0.046      1.795      0.073

 WOLDCOMP   ON
    F8AGE              0.003      0.018      0.155      0.876

 NARACOMP WITH
    NARAACC            0.000      0.000    999.000    999.000
    COMBACC            0.000      0.000    999.000    999.000
    WOLDCOMP           0.000      0.000    999.000    999.000

 NARAACC  WITH
    COMBACC            0.000      0.000    999.000    999.000
    WOLDCOMP           0.000      0.000    999.000    999.000

 COMBACC  WITH
    WOLDCOMP           0.000      0.000    999.000    999.000

 F9AGE    WITH
    F8AGE              0.610      0.199      3.070      0.002

 Means
    F8AGE            114.452      1.130    101.300      0.000
    F9AGE            121.965      1.128    108.087      0.000

 Intercepts
    NARAACC           11.969     17.793      0.673      0.501
    NARACOMP           4.207      6.880      0.611      0.541
    WOLDCOMP           6.645      2.260      2.940      0.003
    COMBACC            3.605      3.943      0.914      0.361

 Variances
    F8AGE              4.281      0.212     20.153      0.000
    F9AGE             13.471      0.520     25.881      0.000

 Residual Variances
    NARAACC           70.766      2.621     27.002      0.000
    NARACOMP          19.965      0.779     25.623      0.000
    WOLDCOMP           3.352      0.095     35.371      0.000
    COMBACC            5.711      0.226     25.246      0.000

Latent Class 6

 COMBACC    ON
    F9AGE              0.011      0.024      0.462      0.644

 NARAACC    ON
    F9AGE              0.180      0.113      1.586      0.113

 NARACOMP   ON
    F9AGE              0.082      0.046      1.795      0.073

 WOLDCOMP   ON
    F8AGE              0.003      0.018      0.155      0.876

 NARACOMP WITH
    NARAACC            0.000      0.000    999.000    999.000
    COMBACC            0.000      0.000    999.000    999.000
    WOLDCOMP           0.000      0.000    999.000    999.000

 NARAACC  WITH
    COMBACC            0.000      0.000    999.000    999.000
    WOLDCOMP           0.000      0.000    999.000    999.000

 COMBACC  WITH
    WOLDCOMP           0.000      0.000    999.000    999.000

 F9AGE    WITH
    F8AGE              0.610      0.199      3.070      0.002

 Means
    F8AGE            115.092      0.595    193.390      0.000
    F9AGE            123.780      0.623    198.736      0.000

 Intercepts
    NARAACC           53.186     15.445      3.444      0.001
    NARACOMP          17.234      6.123      2.815      0.005
    WOLDCOMP           7.887      2.140      3.685      0.000
    COMBACC           13.341      3.370      3.959      0.000

 Variances
    F8AGE              4.281      0.212     20.153      0.000
    F9AGE             13.471      0.520     25.881      0.000

 Residual Variances
    NARAACC           70.766      2.621     27.002      0.000
    NARACOMP          19.965      0.779     25.623      0.000
    WOLDCOMP           3.352      0.095     35.371      0.000
    COMBACC            5.711      0.226     25.246      0.000

Categorical Latent Variables

 Means
    C#1                1.524      0.155      9.827      0.000
    C#2                1.969      0.138     14.284      0.000
    C#3                2.177      0.133     16.365      0.000
    C#4                0.237      0.218      1.086      0.277
    C#5               -0.815      0.330     -2.468      0.014


STANDARDIZED MODEL RESULTS


STDYX Standardization

                                                    Two-Tailed
                    Estimate       S.E.  Est./S.E.    P-Value

Latent Class 1

 COMBACC    ON
    F9AGE              0.017      0.038      0.462      0.644

 NARAACC    ON
    F9AGE              0.078      0.049      1.593      0.111

 NARACOMP   ON
    F9AGE              0.067      0.037      1.813      0.070

 WOLDCOMP   ON
    F8AGE              0.003      0.021      0.155      0.876

 NARACOMP WITH
    NARAACC            0.000      0.000    999.000    999.000
    COMBACC            0.000      0.000    999.000    999.000
    WOLDCOMP           0.000      0.000    999.000    999.000

 NARAACC  WITH
    COMBACC            0.000      0.000    999.000    999.000
    WOLDCOMP           0.000      0.000    999.000    999.000

 COMBACC  WITH
    WOLDCOMP           0.000      0.000    999.000    999.000

 F9AGE    WITH
    F8AGE              0.080      0.026      3.129      0.002

 Means
    F8AGE             49.788      1.226     40.601      0.000
    F9AGE             32.203      0.614     52.477      0.000

 Intercepts
    NARAACC            2.869      1.667      1.721      0.085
    NARACOMP           1.909      1.256      1.519      0.129
    WOLDCOMP           3.608      1.033      3.492      0.000
    COMBACC            2.925      1.277      2.290      0.022

 Variances
    F8AGE              1.000      0.000    999.000    999.000
    F9AGE              1.000      0.000    999.000    999.000

 Residual Variances
    NARAACC            0.994      0.008    129.434      0.000
    NARACOMP           0.995      0.005    198.909      0.000
    WOLDCOMP           1.000      0.000   7435.417      0.000
    COMBACC            1.000      0.001    764.910      0.000

Latent Class 2

 COMBACC    ON
    F9AGE              0.017      0.038      0.462      0.644

 NARAACC    ON
    F9AGE              0.078      0.049      1.593      0.111

 NARACOMP   ON
    F9AGE              0.067      0.037      1.813      0.070

 WOLDCOMP   ON
    F8AGE              0.003      0.021      0.155      0.876

 NARACOMP WITH
    NARAACC            0.000      0.000    999.000    999.000
    COMBACC            0.000      0.000    999.000    999.000
    WOLDCOMP           0.000      0.000    999.000    999.000

 NARAACC  WITH
    COMBACC            0.000      0.000    999.000    999.000
    WOLDCOMP           0.000      0.000    999.000    999.000

 COMBACC  WITH
    WOLDCOMP           0.000      0.000    999.000    999.000

 F9AGE    WITH
    F8AGE              0.080      0.026      3.129      0.002

 Means
    F8AGE             49.802      1.220     40.816      0.000
    F9AGE             32.250      0.613     52.619      0.000

 Intercepts
    NARAACC            5.170      1.702      3.038      0.002
    NARACOMP           3.237      1.275      2.540      0.011
    WOLDCOMP           3.729      1.037      3.597      0.000
    COMBACC            5.005      1.248      4.011      0.000

 Variances
    F8AGE              1.000      0.000    999.000    999.000
    F9AGE              1.000      0.000    999.000    999.000

 Residual Variances
    NARAACC            0.994      0.008    129.434      0.000
    NARACOMP           0.995      0.005    198.909      0.000
    WOLDCOMP           1.000      0.000   7435.417      0.000
    COMBACC            1.000      0.001    764.910      0.000

Latent Class 3

 COMBACC    ON
    F9AGE              0.017      0.038      0.462      0.644

 NARAACC    ON
    F9AGE              0.078      0.049      1.593      0.111

 NARACOMP   ON
    F9AGE              0.067      0.037      1.813      0.070

 WOLDCOMP   ON
    F8AGE              0.003      0.021      0.155      0.876

 NARACOMP WITH
    NARAACC            0.000      0.000    999.000    999.000
    COMBACC            0.000      0.000    999.000    999.000
    WOLDCOMP           0.000      0.000    999.000    999.000

 NARAACC  WITH
    COMBACC            0.000      0.000    999.000    999.000
    WOLDCOMP           0.000      0.000    999.000    999.000

 COMBACC  WITH
    WOLDCOMP           0.000      0.000    999.000    999.000

 F9AGE    WITH
    F8AGE              0.080      0.026      3.129      0.002

 Means
    F8AGE             49.671      1.223     40.615      0.000
    F9AGE             32.249      0.612     52.685      0.000

 Intercepts
    NARAACC            7.570      1.655      4.574      0.000
    NARACOMP           4.907      1.274      3.852      0.000
    WOLDCOMP           4.329      1.033      4.193      0.000
    COMBACC            6.263      1.223      5.121      0.000

 Variances
    F8AGE              1.000      0.000    999.000    999.000
    F9AGE              1.000      0.000    999.000    999.000

 Residual Variances
    NARAACC            0.994      0.008    129.434      0.000
    NARACOMP           0.995      0.005    198.909      0.000
    WOLDCOMP           1.000      0.000   7435.417      0.000
    COMBACC            1.000      0.001    764.910      0.000

Latent Class 4

 COMBACC    ON
    F9AGE              0.017      0.038      0.462      0.644

 NARAACC    ON
    F9AGE              0.078      0.049      1.593      0.111

 NARACOMP   ON
    F9AGE              0.067      0.037      1.813      0.070

 WOLDCOMP   ON
    F8AGE              0.003      0.021      0.155      0.876

 NARACOMP WITH
    NARAACC            0.000      0.000    999.000    999.000
    COMBACC            0.000      0.000    999.000    999.000
    WOLDCOMP           0.000      0.000    999.000    999.000

 NARAACC  WITH
    COMBACC            0.000      0.000    999.000    999.000
    WOLDCOMP           0.000      0.000    999.000    999.000

 COMBACC  WITH
    WOLDCOMP           0.000      0.000    999.000    999.000

 F9AGE    WITH
    F8AGE              0.080      0.026      3.129      0.002

 Means
    F8AGE             49.902      1.199     41.623      0.000
    F9AGE             32.308      0.617     52.369      0.000

 Intercepts
    NARAACC            0.212      1.643      0.129      0.898
    NARACOMP          -0.091      1.250     -0.073      0.942
    WOLDCOMP           3.315      1.046      3.169      0.002
    COMBACC            0.398      1.253      0.318      0.751

 Variances
    F8AGE              1.000      0.000    999.000    999.000
    F9AGE              1.000      0.000    999.000    999.000

 Residual Variances
    NARAACC            0.994      0.008    129.434      0.000
    NARACOMP           0.995      0.005    198.909      0.000
    WOLDCOMP           1.000      0.000   7435.417      0.000
    COMBACC            1.000      0.001    764.910      0.000

Latent Class 5

 COMBACC    ON
    F9AGE              0.017      0.038      0.462      0.644

 NARAACC    ON
    F9AGE              0.078      0.049      1.593      0.111

 NARACOMP   ON
    F9AGE              0.067      0.037      1.813      0.070

 WOLDCOMP   ON
    F8AGE              0.003      0.021      0.155      0.876

 NARACOMP WITH
    NARAACC            0.000      0.000    999.000    999.000
    COMBACC            0.000      0.000    999.000    999.000
    WOLDCOMP           0.000      0.000    999.000    999.000

 NARAACC  WITH
    COMBACC            0.000      0.000    999.000    999.000
    WOLDCOMP           0.000      0.000    999.000    999.000

 COMBACC  WITH
    WOLDCOMP           0.000      0.000    999.000    999.000

 F9AGE    WITH
    F8AGE              0.080      0.026      3.129      0.002

 Means
    F8AGE             55.317      1.300     42.561      0.000
    F9AGE             33.231      0.728     45.624      0.000

 Intercepts
    NARAACC            1.418      2.116      0.670      0.503
    NARACOMP           0.939      1.543      0.609      0.543
    WOLDCOMP           3.629      1.233      2.943      0.003
    COMBACC            1.508      1.651      0.914      0.361

 Variances
    F8AGE              1.000      0.000    999.000    999.000
    F9AGE              1.000      0.000    999.000    999.000

 Residual Variances
    NARAACC            0.994      0.008    129.434      0.000
    NARACOMP           0.995      0.005    198.909      0.000
    WOLDCOMP           1.000      0.000   7435.417      0.000
    COMBACC            1.000      0.001    764.910      0.000

Latent Class 6

 COMBACC    ON
    F9AGE              0.017      0.038      0.462      0.644

 NARAACC    ON
    F9AGE              0.078      0.049      1.593      0.111

 NARACOMP   ON
    F9AGE              0.067      0.037      1.813      0.070

 WOLDCOMP   ON
    F8AGE              0.003      0.021      0.155      0.876

 NARACOMP WITH
    NARAACC            0.000      0.000    999.000    999.000
    COMBACC            0.000      0.000    999.000    999.000
    WOLDCOMP           0.000      0.000    999.000    999.000

 NARAACC  WITH
    COMBACC            0.000      0.000    999.000    999.000
    WOLDCOMP           0.000      0.000    999.000    999.000

 COMBACC  WITH
    WOLDCOMP           0.000      0.000    999.000    999.000

 F9AGE    WITH
    F8AGE              0.080      0.026      3.129      0.002

 Means
    F8AGE             55.627      1.312     42.397      0.000
    F9AGE             33.725      0.698     48.297      0.000

 Intercepts
    NARAACC            6.303      1.866      3.378      0.001
    NARACOMP           3.848      1.395      2.758      0.006
    WOLDCOMP           4.307      1.168      3.687      0.000
    COMBACC            5.581      1.416      3.942      0.000

 Variances
    F8AGE              1.000      0.000    999.000    999.000
    F9AGE              1.000      0.000    999.000    999.000

 Residual Variances
    NARAACC            0.994      0.008    129.434      0.000
    NARACOMP           0.995      0.005    198.909      0.000
    WOLDCOMP           1.000      0.000   7435.417      0.000
    COMBACC            1.000      0.001    764.910      0.000


R-SQUARE

Class 1

    Observed                                        Two-Tailed
    Variable        Estimate       S.E.  Est./S.E.    P-Value

    NARAACC            0.006      0.008      0.797      0.426
    NARACOMP           0.005      0.005      0.906      0.365
    WOLDCOMP           0.000      0.000      0.078      0.938
    COMBACC            0.000      0.001      0.231      0.817

Class 2

    Observed                                        Two-Tailed
    Variable        Estimate       S.E.  Est./S.E.    P-Value

    NARAACC            0.006      0.008      0.797      0.426
    NARACOMP           0.005      0.005      0.906      0.365
    WOLDCOMP           0.000      0.000      0.078      0.938
    COMBACC            0.000      0.001      0.231      0.817

Class 3

    Observed                                        Two-Tailed
    Variable        Estimate       S.E.  Est./S.E.    P-Value

    NARAACC            0.006      0.008      0.797      0.426
    NARACOMP           0.005      0.005      0.906      0.365
    WOLDCOMP           0.000      0.000      0.078      0.938
    COMBACC            0.000      0.001      0.231      0.817

Class 4

    Observed                                        Two-Tailed
    Variable        Estimate       S.E.  Est./S.E.    P-Value

    NARAACC            0.006      0.008      0.797      0.426
    NARACOMP           0.005      0.005      0.906      0.365
    WOLDCOMP           0.000      0.000      0.078      0.938
    COMBACC            0.000      0.001      0.231      0.817

Class 5

    Observed                                        Two-Tailed
    Variable        Estimate       S.E.  Est./S.E.    P-Value

    NARAACC            0.006      0.008      0.797      0.426
    NARACOMP           0.005      0.005      0.906      0.365
    WOLDCOMP           0.000      0.000      0.078      0.938
    COMBACC            0.000      0.001      0.231      0.817

Class 6

    Observed                                        Two-Tailed
    Variable        Estimate       S.E.  Est./S.E.    P-Value

    NARAACC            0.006      0.008      0.797      0.426
    NARACOMP           0.005      0.005      0.906      0.365
    WOLDCOMP           0.000      0.000      0.078      0.938
    COMBACC            0.000      0.001      0.231      0.817


QUALITY OF NUMERICAL RESULTS

     Condition Number for the Information Matrix              0.215E-08
       (ratio of smallest to largest eigenvalue)


CONFIDENCE INTERVALS OF MODEL RESULTS

                  Lower .5%  Lower 2.5%    Lower 5%    Estimate    Upper 5%  Upper 2.5%   Upper .5%

Latent Class 1

 COMBACC  ON
    F9AGE           -0.052      -0.037      -0.029       0.011       0.052       0.059       0.074

 NARAACC  ON
    F9AGE           -0.112      -0.042      -0.007       0.180       0.366       0.402       0.472

 NARACOMP ON
    F9AGE           -0.036      -0.008       0.007       0.082       0.157       0.172       0.200

 WOLDCOMP ON
    F8AGE           -0.045      -0.033      -0.027       0.003       0.033       0.039       0.050

 NARACOMP WITH
    NARAACC          0.000       0.000       0.000       0.000       0.000       0.000       0.000
    COMBACC          0.000       0.000       0.000       0.000       0.000       0.000       0.000
    WOLDCOMP         0.000       0.000       0.000       0.000       0.000       0.000       0.000

 NARAACC  WITH
    COMBACC          0.000       0.000       0.000       0.000       0.000       0.000       0.000
    WOLDCOMP         0.000       0.000       0.000       0.000       0.000       0.000       0.000

 COMBACC  WITH
    WOLDCOMP         0.000       0.000       0.000       0.000       0.000       0.000       0.000

 F9AGE    WITH
    F8AGE            0.098       0.220       0.283       0.610       0.937       0.999       1.121

 Means
    F8AGE          102.714     102.785     102.822     103.012     103.203     103.239     103.311
    F9AGE          117.730     117.841     117.898     118.195     118.493     118.549     118.661

 Intercepts
    NARAACC        -11.690      -3.107       1.283      24.210      47.136      51.526      60.109
    NARACOMP        -5.770      -2.347      -0.597       8.547      17.691      19.442      22.865
    WOLDCOMP         1.732       2.897       3.493       6.607       9.720      10.316      11.482
    COMBACC         -0.901       0.986       1.951       6.991      12.031      12.996      14.883

 Variances
    F8AGE            3.734       3.864       3.931       4.281       4.630       4.697       4.828
    F9AGE           12.130      12.451      12.615      13.471      14.327      14.491      14.812

 Residual Variances
    NARAACC         64.015      65.629      66.454      70.766      75.077      75.902      77.516
    NARACOMP        17.958      18.438      18.684      19.965      21.247      21.493      21.973
    WOLDCOMP         3.108       3.167       3.196       3.352       3.508       3.538       3.597
    COMBACC          5.128       5.268       5.339       5.711       6.083       6.155       6.294

Latent Class 2

 COMBACC  ON
    F9AGE           -0.052      -0.037      -0.029       0.011       0.052       0.059       0.074

 NARAACC  ON
    F9AGE           -0.112      -0.042      -0.007       0.180       0.366       0.402       0.472

 NARACOMP ON
    F9AGE           -0.036      -0.008       0.007       0.082       0.157       0.172       0.200

 WOLDCOMP ON
    F8AGE           -0.045      -0.033      -0.027       0.003       0.033       0.039       0.050

 NARACOMP WITH
    NARAACC          0.000       0.000       0.000       0.000       0.000       0.000       0.000
    COMBACC          0.000       0.000       0.000       0.000       0.000       0.000       0.000
    WOLDCOMP         0.000       0.000       0.000       0.000       0.000       0.000       0.000

 NARAACC  WITH
    COMBACC          0.000       0.000       0.000       0.000       0.000       0.000       0.000
    WOLDCOMP         0.000       0.000       0.000       0.000       0.000       0.000       0.000

 COMBACC  WITH
    WOLDCOMP         0.000       0.000       0.000       0.000       0.000       0.000       0.000

 F9AGE    WITH
    F8AGE            0.098       0.220       0.283       0.610       0.937       0.999       1.121

 Means
    F8AGE          102.795     102.854     102.884     103.041     103.198     103.228     103.287
    F9AGE          118.002     118.089     118.134     118.367     118.600     118.645     118.732

 Intercepts
    NARAACC          7.240      15.940      20.389      43.627      66.865      71.315      80.014
    NARACOMP         0.103       3.545       5.305      14.498      23.692      25.452      28.894
    WOLDCOMP         1.937       3.106       3.704       6.828       9.952      10.550      11.720
    COMBACC          4.260       6.101       7.044      11.963      16.883      17.826      19.667

 Variances
    F8AGE            3.734       3.864       3.931       4.281       4.630       4.697       4.828
    F9AGE           12.130      12.451      12.615      13.471      14.327      14.491      14.812

 Residual Variances
    NARAACC         64.015      65.629      66.454      70.766      75.077      75.902      77.516
    NARACOMP        17.958      18.438      18.684      19.965      21.247      21.493      21.973
    WOLDCOMP         3.108       3.167       3.196       3.352       3.508       3.538       3.597
    COMBACC          5.128       5.268       5.339       5.711       6.083       6.155       6.294

Latent Class 3

 COMBACC  ON
    F9AGE           -0.052      -0.037      -0.029       0.011       0.052       0.059       0.074

 NARAACC  ON
    F9AGE           -0.112      -0.042      -0.007       0.180       0.366       0.402       0.472

 NARACOMP ON
    F9AGE           -0.036      -0.008       0.007       0.082       0.157       0.172       0.200

 WOLDCOMP ON
    F8AGE           -0.045      -0.033      -0.027       0.003       0.033       0.039       0.050

 NARACOMP WITH
    NARAACC          0.000       0.000       0.000       0.000       0.000       0.000       0.000
    COMBACC          0.000       0.000       0.000       0.000       0.000       0.000       0.000
    WOLDCOMP         0.000       0.000       0.000       0.000       0.000       0.000       0.000

 NARAACC  WITH
    COMBACC          0.000       0.000       0.000       0.000       0.000       0.000       0.000
    WOLDCOMP         0.000       0.000       0.000       0.000       0.000       0.000       0.000

 COMBACC  WITH
    WOLDCOMP         0.000       0.000       0.000       0.000       0.000       0.000       0.000

 F9AGE    WITH
    F8AGE            0.098       0.220       0.283       0.610       0.937       0.999       1.121

 Means
    F8AGE          102.600     102.641     102.661     102.769     102.877     102.897     102.938
    F9AGE          118.028     118.107     118.148     118.361     118.573     118.614     118.694

 Intercepts
    NARAACC         28.798      37.183      41.472      63.872      86.272      90.561      98.946
    NARACOMP         7.749      11.150      12.890      21.975      31.060      32.800      36.200
    WOLDCOMP         3.059       4.223       4.818       7.927      11.036      11.631      12.795
    COMBACC          7.455       9.251      10.170      14.969      19.769      20.687      22.484

 Variances
    F8AGE            3.734       3.864       3.931       4.281       4.630       4.697       4.828
    F9AGE           12.130      12.451      12.615      13.471      14.327      14.491      14.812

 Residual Variances
    NARAACC         64.015      65.629      66.454      70.766      75.077      75.902      77.516
    NARACOMP        17.958      18.438      18.684      19.965      21.247      21.493      21.973
    WOLDCOMP         3.108       3.167       3.196       3.352       3.508       3.538       3.597
    COMBACC          5.128       5.268       5.339       5.711       6.083       6.155       6.294

Latent Class 4

 COMBACC  ON
    F9AGE           -0.052      -0.037      -0.029       0.011       0.052       0.059       0.074

 NARAACC  ON
    F9AGE           -0.112      -0.042      -0.007       0.180       0.366       0.402       0.472

 NARACOMP ON
    F9AGE           -0.036      -0.008       0.007       0.082       0.157       0.172       0.200

 WOLDCOMP ON
    F8AGE           -0.045      -0.033      -0.027       0.003       0.033       0.039       0.050

 NARACOMP WITH
    NARAACC          0.000       0.000       0.000       0.000       0.000       0.000       0.000
    COMBACC          0.000       0.000       0.000       0.000       0.000       0.000       0.000
    WOLDCOMP         0.000       0.000       0.000       0.000       0.000       0.000       0.000

 NARAACC  WITH
    COMBACC          0.000       0.000       0.000       0.000       0.000       0.000       0.000
    WOLDCOMP         0.000       0.000       0.000       0.000       0.000       0.000       0.000

 COMBACC  WITH
    WOLDCOMP         0.000       0.000       0.000       0.000       0.000       0.000       0.000

 F9AGE    WITH
    F8AGE            0.098       0.220       0.283       0.610       0.937       0.999       1.121

 Means
    F8AGE          102.390     102.595     102.700     103.246     103.793     103.898     104.103
    F9AGE          117.685     117.898     118.007     118.577     119.147     119.257     119.470

 Intercepts
    NARAACC        -33.895     -25.365     -21.002       1.785      24.572      28.936      37.466
    NARACOMP       -14.834     -11.385      -9.621      -0.408       8.805      10.569      14.018
    WOLDCOMP         1.134       2.314       2.918       6.069       9.221       9.825      11.005
    COMBACC         -6.764      -4.920      -3.976       0.952       5.880       6.824       8.668

 Variances
    F8AGE            3.734       3.864       3.931       4.281       4.630       4.697       4.828
    F9AGE           12.130      12.451      12.615      13.471      14.327      14.491      14.812

 Residual Variances
    NARAACC         64.015      65.629      66.454      70.766      75.077      75.902      77.516
    NARACOMP        17.958      18.438      18.684      19.965      21.247      21.493      21.973
    WOLDCOMP         3.108       3.167       3.196       3.352       3.508       3.538       3.597
    COMBACC          5.128       5.268       5.339       5.711       6.083       6.155       6.294

Latent Class 5

 COMBACC  ON
    F9AGE           -0.052      -0.037      -0.029       0.011       0.052       0.059       0.074

 NARAACC  ON
    F9AGE           -0.112      -0.042      -0.007       0.180       0.366       0.402       0.472

 NARACOMP ON
    F9AGE           -0.036      -0.008       0.007       0.082       0.157       0.172       0.200

 WOLDCOMP ON
    F8AGE           -0.045      -0.033      -0.027       0.003       0.033       0.039       0.050

 NARACOMP WITH
    NARAACC          0.000       0.000       0.000       0.000       0.000       0.000       0.000
    COMBACC          0.000       0.000       0.000       0.000       0.000       0.000       0.000
    WOLDCOMP         0.000       0.000       0.000       0.000       0.000       0.000       0.000

 NARAACC  WITH
    COMBACC          0.000       0.000       0.000       0.000       0.000       0.000       0.000
    WOLDCOMP         0.000       0.000       0.000       0.000       0.000       0.000       0.000

 COMBACC  WITH
    WOLDCOMP         0.000       0.000       0.000       0.000       0.000       0.000       0.000

 F9AGE    WITH
    F8AGE            0.098       0.220       0.283       0.610       0.937       0.999       1.121

 Means
    F8AGE          111.542     112.238     112.594     114.452     116.311     116.667     117.362
    F9AGE          119.059     119.753     120.109     121.965     123.821     124.177     124.872

 Intercepts
    NARAACC        -33.863     -22.906     -17.301      11.969      41.238      46.843      57.800
    NARACOMP       -13.515      -9.278      -7.111       4.207      15.525      17.693      21.930
    WOLDCOMP         0.823       2.214       2.926       6.645      10.363      11.075      12.467
    COMBACC         -6.551      -4.123      -2.881       3.605      10.090      11.332      13.760

 Variances
    F8AGE            3.734       3.864       3.931       4.281       4.630       4.697       4.828
    F9AGE           12.130      12.451      12.615      13.471      14.327      14.491      14.812

 Residual Variances
    NARAACC         64.015      65.629      66.454      70.766      75.077      75.902      77.516
    NARACOMP        17.958      18.438      18.684      19.965      21.247      21.493      21.973
    WOLDCOMP         3.108       3.167       3.196       3.352       3.508       3.538       3.597
    COMBACC          5.128       5.268       5.339       5.711       6.083       6.155       6.294

Latent Class 6

 COMBACC  ON
    F9AGE           -0.052      -0.037      -0.029       0.011       0.052       0.059       0.074

 NARAACC  ON
    F9AGE           -0.112      -0.042      -0.007       0.180       0.366       0.402       0.472

 NARACOMP ON
    F9AGE           -0.036      -0.008       0.007       0.082       0.157       0.172       0.200

 WOLDCOMP ON
    F8AGE           -0.045      -0.033      -0.027       0.003       0.033       0.039       0.050

 NARACOMP WITH
    NARAACC          0.000       0.000       0.000       0.000       0.000       0.000       0.000
    COMBACC          0.000       0.000       0.000       0.000       0.000       0.000       0.000
    WOLDCOMP         0.000       0.000       0.000       0.000       0.000       0.000       0.000

 NARAACC  WITH
    COMBACC          0.000       0.000       0.000       0.000       0.000       0.000       0.000
    WOLDCOMP         0.000       0.000       0.000       0.000       0.000       0.000       0.000

 COMBACC  WITH
    WOLDCOMP         0.000       0.000       0.000       0.000       0.000       0.000       0.000

 F9AGE    WITH
    F8AGE            0.098       0.220       0.283       0.610       0.937       0.999       1.121

 Means
    F8AGE          113.559     113.926     114.113     115.092     116.071     116.259     116.625
    F9AGE          122.176     122.559     122.755     123.780     124.805     125.001     125.384

 Intercepts
    NARAACC         13.403      22.914      27.779      53.186      78.593      83.458      92.970
    NARACOMP         1.463       5.234       7.162      17.234      27.305      29.234      33.004
    WOLDCOMP         2.374       3.692       4.366       7.887      11.407      12.081      13.399
    COMBACC          4.660       6.736       7.797      13.341      18.884      19.945      22.021

 Variances
    F8AGE            3.734       3.864       3.931       4.281       4.630       4.697       4.828
    F9AGE           12.130      12.451      12.615      13.471      14.327      14.491      14.812

 Residual Variances
    NARAACC         64.015      65.629      66.454      70.766      75.077      75.902      77.516
    NARACOMP        17.958      18.438      18.684      19.965      21.247      21.493      21.973
    WOLDCOMP         3.108       3.167       3.196       3.352       3.508       3.538       3.597
    COMBACC          5.128       5.268       5.339       5.711       6.083       6.155       6.294

Categorical Latent Variables

 Means
    C#1              1.125       1.220       1.269       1.524       1.779       1.828       1.924
    C#2              1.614       1.699       1.742       1.969       2.196       2.239       2.324
    C#3              1.835       1.917       1.958       2.177       2.396       2.438       2.520
    C#4             -0.325      -0.191      -0.122       0.237       0.596       0.664       0.799
    C#5             -1.665      -1.462      -1.358      -0.815      -0.272      -0.168       0.036


CONFIDENCE INTERVALS OF STANDARDIZED MODEL RESULTS


STDYX Standardization

                  Lower .5%  Lower 2.5%    Lower 5%    Estimate    Upper 5%  Upper 2.5%   Upper .5%

Latent Class 1

 COMBACC  ON
    F9AGE           -0.079      -0.056      -0.044       0.017       0.079       0.091       0.114

 NARAACC  ON
    F9AGE           -0.048      -0.018      -0.003       0.078       0.159       0.174       0.205

 NARACOMP ON
    F9AGE           -0.028      -0.005       0.006       0.067       0.128       0.140       0.163

 WOLDCOMP ON
    F8AGE           -0.050      -0.038      -0.031       0.003       0.037       0.044       0.057

 NARACOMP WITH
    NARAACC          0.000       0.000       0.000       0.000       0.000       0.000       0.000
    COMBACC          0.000       0.000       0.000       0.000       0.000       0.000       0.000
    WOLDCOMP         0.000       0.000       0.000       0.000       0.000       0.000       0.000

 NARAACC  WITH
    COMBACC          0.000       0.000       0.000       0.000       0.000       0.000       0.000
    WOLDCOMP         0.000       0.000       0.000       0.000       0.000       0.000       0.000

 COMBACC  WITH
    WOLDCOMP         0.000       0.000       0.000       0.000       0.000       0.000       0.000

 F9AGE    WITH
    F8AGE            0.014       0.030       0.038       0.080       0.123       0.131       0.146

 Means
    F8AGE           46.630      47.385      47.771      49.788      51.806      52.192      52.947
    F9AGE           30.623      31.001      31.194      32.203      33.213      33.406      33.784

 Intercepts
    NARAACC         -1.424      -0.397       0.127       2.869       5.611       6.136       7.162
    NARACOMP        -1.327      -0.554      -0.158       1.909       3.975       4.371       5.144
    WOLDCOMP         0.947       1.583       1.908       3.608       5.308       5.634       6.270
    COMBACC         -0.365       0.422       0.824       2.925       5.026       5.428       6.215

 Variances
    F8AGE            1.000       1.000       1.000       1.000       1.000       1.000       1.000
    F9AGE            1.000       1.000       1.000       1.000       1.000       1.000       1.000

 Residual Variances
    NARAACC          0.974       0.979       0.981       0.994       1.007       1.009       1.014
    NARACOMP         0.983       0.986       0.987       0.995       1.004       1.005       1.008
    WOLDCOMP         1.000       1.000       1.000       1.000       1.000       1.000       1.000
    COMBACC          0.996       0.997       0.998       1.000       1.002       1.002       1.003

Latent Class 2

 COMBACC  ON
    F9AGE           -0.079      -0.056      -0.044       0.017       0.079       0.091       0.114

 NARAACC  ON
    F9AGE           -0.048      -0.018      -0.003       0.078       0.159       0.174       0.205

 NARACOMP ON
    F9AGE           -0.028      -0.005       0.006       0.067       0.128       0.140       0.163

 WOLDCOMP ON
    F8AGE           -0.050      -0.038      -0.031       0.003       0.037       0.044       0.057

 NARACOMP WITH
    NARAACC          0.000       0.000       0.000       0.000       0.000       0.000       0.000
    COMBACC          0.000       0.000       0.000       0.000       0.000       0.000       0.000
    WOLDCOMP         0.000       0.000       0.000       0.000       0.000       0.000       0.000

 NARAACC  WITH
    COMBACC          0.000       0.000       0.000       0.000       0.000       0.000       0.000
    WOLDCOMP         0.000       0.000       0.000       0.000       0.000       0.000       0.000

 COMBACC  WITH
    WOLDCOMP         0.000       0.000       0.000       0.000       0.000       0.000       0.000

 F9AGE    WITH
    F8AGE            0.014       0.030       0.038       0.080       0.123       0.131       0.146

 Means
    F8AGE           46.659      47.411      47.795      49.802      51.809      52.194      52.945
    F9AGE           30.672      31.049      31.242      32.250      33.258      33.452      33.829

 Intercepts
    NARAACC          0.786       1.834       2.370       5.170       7.970       8.506       9.554
    NARACOMP        -0.046       0.739       1.141       3.237       5.334       5.736       6.520
    WOLDCOMP         1.058       1.697       2.024       3.729       5.435       5.762       6.400
    COMBACC          1.791       2.559       2.952       5.005       7.058       7.451       8.220

 Variances
    F8AGE            1.000       1.000       1.000       1.000       1.000       1.000       1.000
    F9AGE            1.000       1.000       1.000       1.000       1.000       1.000       1.000

 Residual Variances
    NARAACC          0.974       0.979       0.981       0.994       1.007       1.009       1.014
    NARACOMP         0.983       0.986       0.987       0.995       1.004       1.005       1.008
    WOLDCOMP         1.000       1.000       1.000       1.000       1.000       1.000       1.000
    COMBACC          0.996       0.997       0.998       1.000       1.002       1.002       1.003

Latent Class 3

 COMBACC  ON
    F9AGE           -0.079      -0.056      -0.044       0.017       0.079       0.091       0.114

 NARAACC  ON
    F9AGE           -0.048      -0.018      -0.003       0.078       0.159       0.174       0.205

 NARACOMP ON
    F9AGE           -0.028      -0.005       0.006       0.067       0.128       0.140       0.163

 WOLDCOMP ON
    F8AGE           -0.050      -0.038      -0.031       0.003       0.037       0.044       0.057

 NARACOMP WITH
    NARAACC          0.000       0.000       0.000       0.000       0.000       0.000       0.000
    COMBACC          0.000       0.000       0.000       0.000       0.000       0.000       0.000
    WOLDCOMP         0.000       0.000       0.000       0.000       0.000       0.000       0.000

 NARAACC  WITH
    COMBACC          0.000       0.000       0.000       0.000       0.000       0.000       0.000
    WOLDCOMP         0.000       0.000       0.000       0.000       0.000       0.000       0.000

 COMBACC  WITH
    WOLDCOMP         0.000       0.000       0.000       0.000       0.000       0.000       0.000

 F9AGE    WITH
    F8AGE            0.014       0.030       0.038       0.080       0.123       0.131       0.146

 Means
    F8AGE           46.521      47.274      47.659      49.671      51.682      52.068      52.821
    F9AGE           30.672      31.049      31.242      32.249      33.255      33.448      33.825

 Intercepts
    NARAACC          3.307       4.326       4.847       7.570      10.292      10.813      11.832
    NARACOMP         1.625       2.410       2.811       4.907       7.002       7.404       8.188
    WOLDCOMP         1.670       2.306       2.631       4.329       6.028       6.353       6.989
    COMBACC          3.113       3.866       4.251       6.263       8.275       8.660       9.413

 Variances
    F8AGE            1.000       1.000       1.000       1.000       1.000       1.000       1.000
    F9AGE            1.000       1.000       1.000       1.000       1.000       1.000       1.000

 Residual Variances
    NARAACC          0.974       0.979       0.981       0.994       1.007       1.009       1.014
    NARACOMP         0.983       0.986       0.987       0.995       1.004       1.005       1.008
    WOLDCOMP         1.000       1.000       1.000       1.000       1.000       1.000       1.000
    COMBACC          0.996       0.997       0.998       1.000       1.002       1.002       1.003

Latent Class 4

 COMBACC  ON
    F9AGE           -0.079      -0.056      -0.044       0.017       0.079       0.091       0.114

 NARAACC  ON
    F9AGE           -0.048      -0.018      -0.003       0.078       0.159       0.174       0.205

 NARACOMP ON
    F9AGE           -0.028      -0.005       0.006       0.067       0.128       0.140       0.163

 WOLDCOMP ON
    F8AGE           -0.050      -0.038      -0.031       0.003       0.037       0.044       0.057

 NARACOMP WITH
    NARAACC          0.000       0.000       0.000       0.000       0.000       0.000       0.000
    COMBACC          0.000       0.000       0.000       0.000       0.000       0.000       0.000
    WOLDCOMP         0.000       0.000       0.000       0.000       0.000       0.000       0.000

 NARAACC  WITH
    COMBACC          0.000       0.000       0.000       0.000       0.000       0.000       0.000
    WOLDCOMP         0.000       0.000       0.000       0.000       0.000       0.000       0.000

 COMBACC  WITH
    WOLDCOMP         0.000       0.000       0.000       0.000       0.000       0.000       0.000

 F9AGE    WITH
    F8AGE            0.014       0.030       0.038       0.080       0.123       0.131       0.146

 Means
    F8AGE           46.813      47.552      47.929      49.902      51.874      52.251      52.990
    F9AGE           30.719      31.098      31.293      32.308      33.322      33.517      33.897

 Intercepts
    NARAACC         -4.020      -3.008      -2.491       0.212       2.914       3.431       4.443
    NARACOMP        -3.310      -2.541      -2.147      -0.091       1.965       2.359       3.128
    WOLDCOMP         0.620       1.264       1.594       3.315       5.036       5.365       6.010
    COMBACC         -2.829      -2.057      -1.663       0.398       2.459       2.854       3.625

 Variances
    F8AGE            1.000       1.000       1.000       1.000       1.000       1.000       1.000
    F9AGE            1.000       1.000       1.000       1.000       1.000       1.000       1.000

 Residual Variances
    NARAACC          0.974       0.979       0.981       0.994       1.007       1.009       1.014
    NARACOMP         0.983       0.986       0.987       0.995       1.004       1.005       1.008
    WOLDCOMP         1.000       1.000       1.000       1.000       1.000       1.000       1.000
    COMBACC          0.996       0.997       0.998       1.000       1.002       1.002       1.003

Latent Class 5

 COMBACC  ON
    F9AGE           -0.079      -0.056      -0.044       0.017       0.079       0.091       0.114

 NARAACC  ON
    F9AGE           -0.048      -0.018      -0.003       0.078       0.159       0.174       0.205

 NARACOMP ON
    F9AGE           -0.028      -0.005       0.006       0.067       0.128       0.140       0.163

 WOLDCOMP ON
    F8AGE           -0.050      -0.038      -0.031       0.003       0.037       0.044       0.057

 NARACOMP WITH
    NARAACC          0.000       0.000       0.000       0.000       0.000       0.000       0.000
    COMBACC          0.000       0.000       0.000       0.000       0.000       0.000       0.000
    WOLDCOMP         0.000       0.000       0.000       0.000       0.000       0.000       0.000

 NARAACC  WITH
    COMBACC          0.000       0.000       0.000       0.000       0.000       0.000       0.000
    WOLDCOMP         0.000       0.000       0.000       0.000       0.000       0.000       0.000

 COMBACC  WITH
    WOLDCOMP         0.000       0.000       0.000       0.000       0.000       0.000       0.000

 F9AGE    WITH
    F8AGE            0.014       0.030       0.038       0.080       0.123       0.131       0.146

 Means
    F8AGE           51.970      52.770      53.179      55.317      57.456      57.865      58.665
    F9AGE           31.355      31.803      32.032      33.231      34.429      34.658      35.107

 Intercepts
    NARAACC         -4.033      -2.730      -2.063       1.418       4.900       5.567       6.870
    NARACOMP        -3.036      -2.085      -1.599       0.939       3.478       3.964       4.915
    WOLDCOMP         0.452       1.212       1.600       3.629       5.658       6.046       6.806
    COMBACC         -2.743      -1.727      -1.207       1.508       4.223       4.743       5.760

 Variances
    F8AGE            1.000       1.000       1.000       1.000       1.000       1.000       1.000
    F9AGE            1.000       1.000       1.000       1.000       1.000       1.000       1.000

 Residual Variances
    NARAACC          0.974       0.979       0.981       0.994       1.007       1.009       1.014
    NARACOMP         0.983       0.986       0.987       0.995       1.004       1.005       1.008
    WOLDCOMP         1.000       1.000       1.000       1.000       1.000       1.000       1.000
    COMBACC          0.996       0.997       0.998       1.000       1.002       1.002       1.003

Latent Class 6

 COMBACC  ON
    F9AGE           -0.079      -0.056      -0.044       0.017       0.079       0.091       0.114

 NARAACC  ON
    F9AGE           -0.048      -0.018      -0.003       0.078       0.159       0.174       0.205

 NARACOMP ON
    F9AGE           -0.028      -0.005       0.006       0.067       0.128       0.140       0.163

 WOLDCOMP ON
    F8AGE           -0.050      -0.038      -0.031       0.003       0.037       0.044       0.057

 NARACOMP WITH
    NARAACC          0.000       0.000       0.000       0.000       0.000       0.000       0.000
    COMBACC          0.000       0.000       0.000       0.000       0.000       0.000       0.000
    WOLDCOMP         0.000       0.000       0.000       0.000       0.000       0.000       0.000

 NARAACC  WITH
    COMBACC          0.000       0.000       0.000       0.000       0.000       0.000       0.000
    WOLDCOMP         0.000       0.000       0.000       0.000       0.000       0.000       0.000

 COMBACC  WITH
    WOLDCOMP         0.000       0.000       0.000       0.000       0.000       0.000       0.000

 F9AGE    WITH
    F8AGE            0.014       0.030       0.038       0.080       0.123       0.131       0.146

 Means
    F8AGE           52.247      53.055      53.469      55.627      57.785      58.198      59.006
    F9AGE           31.926      32.356      32.576      33.725      34.874      35.094      35.524

 Intercepts
    NARAACC          1.497       2.646       3.234       6.303       9.372       9.960      11.109
    NARACOMP         0.254       1.113       1.553       3.848       6.144       6.583       7.442
    WOLDCOMP         1.298       2.017       2.385       4.307       6.229       6.597       7.317
    COMBACC          1.935       2.806       3.252       5.581       7.910       8.356       9.228

 Variances
    F8AGE            1.000       1.000       1.000       1.000       1.000       1.000       1.000
    F9AGE            1.000       1.000       1.000       1.000       1.000       1.000       1.000

 Residual Variances
    NARAACC          0.974       0.979       0.981       0.994       1.007       1.009       1.014
    NARACOMP         0.983       0.986       0.987       0.995       1.004       1.005       1.008
    WOLDCOMP         1.000       1.000       1.000       1.000       1.000       1.000       1.000
    COMBACC          0.996       0.997       0.998       1.000       1.002       1.002       1.003


TECHNICAL 7 OUTPUT


     SAMPLE STATISTICS WEIGHTED BY ESTIMATED CLASS PROBABILITIES FOR CLASS 1


           Means
              NARAACC       NARACOMP      WOLDCOMP      COMBACC       F8AGE
              ________      ________      ________      ________      ________
               45.462        18.260         6.901         8.328       102.999


           Means
              F9AGE
              ________
              118.195


           Covariances
              NARAACC       NARACOMP      WOLDCOMP      COMBACC       F8AGE
              ________      ________      ________      ________      ________
 NARAACC       56.312
 NARACOMP      12.802        13.850
 WOLDCOMP      -0.692         2.673         3.042
 COMBACC        5.937         0.527        -0.374         7.075
 F8AGE          4.302        18.355         0.166        -1.261         4.109
 F9AGE          1.501         0.558        -2.540         0.720       -30.032


           Covariances
              F9AGE
              ________
 F9AGE         11.558


     SAMPLE STATISTICS WEIGHTED BY ESTIMATED CLASS PROBABILITIES FOR CLASS 2


           Means
              NARAACC       NARACOMP      WOLDCOMP      COMBACC       F8AGE
              ________      ________      ________      ________      ________
               64.911        24.225         7.123        13.303       103.031


           Means
              F9AGE
              ________
              118.367


           Covariances
              NARAACC       NARACOMP      WOLDCOMP      COMBACC       F8AGE
              ________      ________      ________      ________      ________
 NARAACC       83.504
 NARACOMP       9.084        19.985
 WOLDCOMP      -0.682         2.471         3.077
 COMBACC        2.474        -1.490        -0.271         5.944
 F8AGE         13.745         9.037        -0.031         2.301         4.098
 F9AGE          1.589         1.744        -2.244         0.039       -21.855


           Covariances
              F9AGE
              ________
 F9AGE         12.868


     SAMPLE STATISTICS WEIGHTED BY ESTIMATED CLASS PROBABILITIES FOR CLASS 3


           Means
              NARAACC       NARACOMP      WOLDCOMP      COMBACC       F8AGE
              ________      ________      ________      ________      ________
               85.154        31.701         8.221        16.309       102.760


           Means
              F9AGE
              ________
              118.361


           Covariances
              NARAACC       NARACOMP      WOLDCOMP      COMBACC       F8AGE
              ________      ________      ________      ________      ________
 NARAACC       56.601
 NARACOMP       9.080        22.243
 WOLDCOMP       0.672         3.320         3.608
 COMBACC        5.399         0.256        -0.222         4.737
 F8AGE         -5.027         1.216         0.017        -1.507         3.574
 F9AGE          3.409         1.353        -1.872         0.032       -18.837


           Covariances
              F9AGE
              ________
 F9AGE         12.333


     SAMPLE STATISTICS WEIGHTED BY ESTIMATED CLASS PROBABILITIES FOR CLASS 4


           Means
              NARAACC       NARACOMP      WOLDCOMP      COMBACC       F8AGE
              ________      ________      ________      ________      ________
               23.107         9.336         6.365         2.292       103.227


           Means
              F9AGE
              ________
              118.577


           Covariances
              NARAACC       NARACOMP      WOLDCOMP      COMBACC       F8AGE
              ________      ________      ________      ________      ________
 NARAACC       69.521
 NARACOMP      26.706        17.023
 WOLDCOMP       3.899         2.855         3.756
 COMBACC        7.967         3.298         1.378         4.231
 F8AGE         59.579        32.001        -0.234        16.997         3.825
 F9AGE          0.273        -0.786        -3.439        -0.036       -45.639


           Covariances
              F9AGE
              ________
 F9AGE         15.225


     SAMPLE STATISTICS WEIGHTED BY ESTIMATED CLASS PROBABILITIES FOR CLASS 5


           Means
              NARAACC       NARACOMP      WOLDCOMP      COMBACC       F8AGE
              ________      ________      ________      ________      ________
               33.899        14.230         6.972         4.985       114.382


           Means
              F9AGE
              ________
              121.965


           Covariances
              NARAACC       NARACOMP      WOLDCOMP      COMBACC       F8AGE
              ________      ________      ________      ________      ________
 NARAACC      113.976
 NARACOMP      38.418        23.106
 WOLDCOMP       0.034         0.755         3.112
 COMBACC       19.175         7.659         2.179         7.581
 F8AGE        -70.478       -46.890        -0.974        17.026        10.889
 F9AGE          1.705         2.524        -9.830        -0.508      -169.982


           Covariances
              F9AGE
              ________
 F9AGE         31.077


     SAMPLE STATISTICS WEIGHTED BY ESTIMATED CLASS PROBABILITIES FOR CLASS 6


           Means
              NARAACC       NARACOMP      WOLDCOMP      COMBACC       F8AGE
              ________      ________      ________      ________      ________
               75.443        27.406         8.216        14.740       115.031


           Means
              F9AGE
              ________
              123.780


           Covariances
              NARAACC       NARACOMP      WOLDCOMP      COMBACC       F8AGE
              ________      ________      ________      ________      ________
 NARAACC      163.445
 NARACOMP      33.920        32.267
 WOLDCOMP      -3.324         4.597         4.078
 COMBACC       18.313         3.181         1.608         7.412
 F8AGE        -70.586       -19.644        -0.169        21.579        12.247
 F9AGE          6.954        -1.333       -11.392        -1.124      -152.712


           Covariances
              F9AGE
              ________
 F9AGE         26.597


TECHNICAL 11 OUTPUT

     Random Starts Specifications for the k-1 Class Analysis Model
        Number of initial stage random starts                  20
        Number of final stage optimizations                     4



     VUONG-LO-MENDELL-RUBIN LIKELIHOOD RATIO TEST FOR 5 (H0) VERSUS 6 CLASSES

          H0 Loglikelihood Value                       -55766.091
          2 Times the Loglikelihood Difference            545.678
          Difference in the Number of Parameters                7
          Mean                                            273.307
          Standard Deviation                              515.389
          P-Value                                          0.1904

     LO-MENDELL-RUBIN ADJUSTED LRT TEST

          Value                                           536.265
          P-Value                                          0.1940


TECHNICAL 14 OUTPUT

     Random Starts Specifications for the k-1 Class Analysis Model
        Number of initial stage random starts                  20
        Number of final stage optimizations                     4

     Random Starts Specification for the k-1 Class Model for Generated Data
        Number of initial stage random starts                   0
        Number of final stage optimizations for the
           initial stage random starts                          0
     Random Starts Specification for the k Class Model for Generated Data
        Number of initial stage random starts                1000
        Number of final stage optimizations                   250
     Number of bootstrap draws requested                      500


     PARAMETRIC BOOTSTRAPPED LIKELIHOOD RATIO TEST FOR 5 (H0) VERSUS 6 CLASSES

          H0 Loglikelihood Value                       -55766.091
          2 Times the Loglikelihood Difference            545.678
          Difference in the Number of Parameters                7
          Approximate P-Value                              0.0000
          Successful Bootstrap Draws                          500


PLOT INFORMATION

The following plots are available:

  Histograms (sample values)
  Scatterplots (sample values)
  Estimated overall and class-specific distributions

SAVEDATA INFORMATION


  Save file
    sv_lpa_a_6class.dat

  Order and format of variables

    NARAACC        F10.3
    NARACOMP       F10.3
    WOLDCOMP       F10.3
    COMBACC        F10.3
    F8AGE          F10.3
    F9AGE          F10.3
    CPROB1         F10.3
    CPROB2         F10.3
    CPROB3         F10.3
    CPROB4         F10.3
    CPROB5         F10.3
    CPROB6         F10.3
    C              F10.3
    CIDB3153       I6

  Save file format
    13F10.3 I6

  Save file record length    10000

  Save missing symbol        *


     Beginning Time:  20:14:52
        Ending Time:  03:25:32
       Elapsed Time:  07:10:40



MUTHEN & MUTHEN
3463 Stoner Ave.
Los Angeles, CA  90066

Tel: (310) 391-9971
Fax: (310) 391-8971
Web: www.StatModel.com
Support: Support@StatModel.com

Copyright (c) 1998-2020 Muthen & Muthen
