Mplus VERSION 8.5
MUTHEN & MUTHEN
08/13/2021   5:17 PM

INPUT INSTRUCTIONS

  TITLE:
   LPA Model C: 6 classes;
  DATA:
  FILE = "mplus_models/simpview/lpa_comp/sv_lpa_mbench_576296b10d9f155ad9363f1cbb7ab8da.dat"

  VARIABLE:
  NAMES = cidB3153 f8age f9age naraAcc naraComp woldComp combAcc;
   MISSING=.;
    idvariable = cidb3153; classes = c(6);
  ANALYSIS:
   estimator = mlr; type = mixture;
                                                     starts = 0;
                                                     optseed = 778338;
                                                     k-1starts = 20 4;
  MODEL:
  %OVERALL%
             f8age; f9age;
             combAcc naraAcc naraComp on f9age;
             woldcomp on f8age;
   naraComp; naraAcc; combAcc; woldComp;
    naraComp with naraAcc@0;
    naraComp with combAcc@0;
    naraComp with woldComp@0;
    naraAcc with combAcc@0;
    naraAcc with woldComp@0;
    combAcc with woldComp@0;
   %c#1%
   naraComp; naraAcc; combAcc; woldComp;
   %c#2%
   naraComp; naraAcc; combAcc; woldComp;
   %c#3%
   naraComp; naraAcc; combAcc; woldComp;
   %c#4%
   naraComp; naraAcc; combAcc; woldComp;
   %c#5%
   naraComp; naraAcc; combAcc; woldComp;
   %c#6%
   naraComp; naraAcc; combAcc; woldComp;
  OUTPUT:
   TECH7 TECH11;
  PLOT:
  TYPE = PLOT3;



*** WARNING
  Input line exceeded 90 characters. Some input may be truncated.
  FILE = "mplus_models/simpview/lpa_comp/sv_lpa_mbench_576296b10d9f155ad9363f1cbb7ab8da.dat";
   1 WARNING(S) FOUND IN THE INPUT INSTRUCTIONS




LPA Model C: 6 classes;

SUMMARY OF ANALYSIS

Number of groups                                                 1
Number of observations                                        3423

Number of dependent variables                                    4
Number of independent variables                                  2
Number of continuous latent variables                            0
Number of categorical latent variables                           1

Observed dependent variables

  Continuous
   NARAACC     NARACOMP    WOLDCOMP    COMBACC

Observed independent variables
   F8AGE       F9AGE

Categorical latent variables
   C

Variables with special functions

  ID variable           CIDB3153

Estimator                                                      MLR
Information matrix                                        OBSERVED
Optimization Specifications for the Quasi-Newton Algorithm for
Continuous Outcomes
  Maximum number of iterations                                 100
  Convergence criterion                                  0.100D-05
Optimization Specifications for the EM Algorithm
  Maximum number of iterations                                 500
  Convergence criteria
    Loglikelihood change                                 0.100D-06
    Relative loglikelihood change                        0.100D-06
    Derivative                                           0.100D-05
Optimization Specifications for the M step of the EM Algorithm for
Categorical Latent variables
  Number of M step iterations                                    1
  M step convergence criterion                           0.100D-05
  Basis for M step termination                           ITERATION
Optimization Specifications for the M step of the EM Algorithm for
Censored, Binary or Ordered Categorical (Ordinal), Unordered
Categorical (Nominal) and Count Outcomes
  Number of M step iterations                                    1
  M step convergence criterion                           0.100D-05
  Basis for M step termination                           ITERATION
  Maximum value for logit thresholds                            15
  Minimum value for logit thresholds                           -15
  Minimum expected cell size for chi-square              0.100D-01
Maximum number of iterations for H1                           2000
Convergence criterion for H1                             0.100D-03
Optimization algorithm                                         EMA
Random Starts Specifications
  Random seed for analysis                                  778338

Input data file(s)
  mplus_models/simpview/lpa_comp/sv_lpa_mbench_576296b10d9f155ad9363f1cbb7ab8da.
Input data format  FREE


SUMMARY OF DATA

     Number of missing data patterns             5
     Number of y missing data patterns           5
     Number of u missing data patterns           0


COVARIANCE COVERAGE OF DATA

Minimum covariance coverage value   0.100


     PROPORTION OF DATA PRESENT FOR Y


           Covariance Coverage
              NARAACC       NARACOMP      WOLDCOMP      COMBACC       F8AGE
              ________      ________      ________      ________      ________
 NARAACC        1.000
 NARACOMP       1.000         1.000
 WOLDCOMP       0.852         0.852         0.852
 COMBACC        0.996         0.996         0.850         0.996
 F8AGE          0.861         0.861         0.852         0.858         0.861
 F9AGE          1.000         1.000         0.852         0.996         0.861


           Covariance Coverage
              F9AGE
              ________
 F9AGE          1.000



UNIVARIATE SAMPLE STATISTICS


     UNIVARIATE HIGHER-ORDER MOMENT DESCRIPTIVE STATISTICS

         Variable/         Mean/     Skewness/   Minimum/ % with                Percentiles
        Sample Size      Variance    Kurtosis    Maximum  Min/Max      20%/60%    40%/80%    Median

     NARAACC              66.334      -0.525       0.000    0.06%      48.000     62.000     69.000
            3423.000     417.180      -0.469     100.000    0.06%      76.000     86.000
     NARACOMP             25.018      -0.273       0.000    0.09%      18.000     23.000     25.000
            3423.000      62.018      -0.237      44.000    0.03%      28.000     32.000
     WOLDCOMP              7.517       0.082       2.000    0.41%       6.000      7.000      7.000
            2917.000       3.758       0.190      15.000    0.03%       8.000      9.000
     COMBACC              12.788      -0.783       0.000    1.44%       9.000     13.000     14.000
            3408.000      21.534      -0.011      20.000    1.44%      15.000     17.000
     F8AGE               103.533       2.579      94.000    0.03%     102.000    102.000    103.000
            2947.000      11.227       8.561     126.000    0.03%     103.000    105.000
     F9AGE               118.643       1.305     105.000    0.03%     116.000    117.000    118.000
            3423.000      14.907       2.626     139.000    0.06%     119.000    121.000


THE MODEL ESTIMATION TERMINATED NORMALLY



MODEL FIT INFORMATION

Number of Free Parameters                       72

Loglikelihood

          H0 Value                      -55114.316
          H0 Scaling Correction Factor      1.2496
            for MLR

Information Criteria

          Akaike (AIC)                  110372.631
          Bayesian (BIC)                110814.587
          Sample-Size Adjusted BIC      110585.809
            (n* = (n + 2) / 24)



FINAL CLASS COUNTS AND PROPORTIONS FOR THE LATENT CLASSES
BASED ON THE ESTIMATED MODEL

    Latent
   Classes

       1       1219.57692          0.35629
       2        765.88884          0.22375
       3        155.71644          0.04549
       4        746.17292          0.21799
       5        361.57090          0.10563
       6        174.07398          0.05085


FINAL CLASS COUNTS AND PROPORTIONS FOR THE LATENT CLASSES
BASED ON ESTIMATED POSTERIOR PROBABILITIES

    Latent
   Classes

       1       1219.57692          0.35629
       2        765.88884          0.22375
       3        155.71644          0.04549
       4        746.17292          0.21799
       5        361.57090          0.10563
       6        174.07398          0.05085


FINAL CLASS COUNTS AND PROPORTIONS FOR THE LATENT CLASSES
BASED ON THEIR MOST LIKELY LATENT CLASS MEMBERSHIP

Class Counts and Proportions

    Latent
   Classes

       1             1204          0.35174
       2              786          0.22962
       3              158          0.04616
       4              755          0.22057
       5              363          0.10605
       6              157          0.04587


CLASSIFICATION QUALITY

     Entropy                         0.858


Average Latent Class Probabilities for Most Likely Latent Class Membership (Row)
by Latent Class (Column)

           1        2        3        4        5        6

    1   0.892    0.057    0.000    0.039    0.000    0.011
    2   0.111    0.885    0.000    0.000    0.000    0.004
    3   0.000    0.000    0.943    0.000    0.053    0.004
    4   0.071    0.000    0.000    0.885    0.033    0.010
    5   0.000    0.000    0.018    0.073    0.902    0.007
    6   0.025    0.008    0.001    0.026    0.005    0.935


Classification Probabilities for the Most Likely Latent Class Membership (Column)
by Latent Class (Row)

           1        2        3        4        5        6

    1   0.881    0.072    0.000    0.044    0.000    0.003
    2   0.090    0.908    0.000    0.000    0.000    0.002
    3   0.000    0.000    0.957    0.000    0.042    0.001
    4   0.063    0.000    0.000    0.896    0.035    0.005
    5   0.000    0.000    0.023    0.069    0.906    0.002
    6   0.077    0.017    0.004    0.045    0.014    0.843


Logits for the Classification Probabilities for the Most Likely Latent Class Membership (Column)
by Latent Class (Row)

              1        2        3        4        5        6

    1      5.600    3.093   -8.088    2.608   -7.140    0.000
    2      4.040    6.347   -7.372   -7.372   -7.372    0.000
    3     -7.098   -7.098    6.673   -5.926    3.554    0.000
    4      2.458   -8.598   -8.598    5.107    1.873    0.000
    5     -7.726   -7.726    2.323    3.410    5.991    0.000
    6     -2.395   -3.908   -5.360   -2.934   -4.078    0.000


MODEL RESULTS

                                                    Two-Tailed
                    Estimate       S.E.  Est./S.E.    P-Value

Latent Class 1

 COMBACC    ON
    F9AGE              0.009      0.015      0.586      0.558

 NARAACC    ON
    F9AGE              0.184      0.063      2.921      0.003

 NARACOMP   ON
    F9AGE              0.092      0.030      3.075      0.002

 WOLDCOMP   ON
    F8AGE              0.015      0.018      0.856      0.392

 NARACOMP WITH
    NARAACC            0.000      0.000    999.000    999.000
    COMBACC            0.000      0.000    999.000    999.000
    WOLDCOMP           0.000      0.000    999.000    999.000

 NARAACC  WITH
    COMBACC            0.000      0.000    999.000    999.000
    WOLDCOMP           0.000      0.000    999.000    999.000

 COMBACC  WITH
    WOLDCOMP           0.000      0.000    999.000    999.000

 F9AGE    WITH
    F8AGE              0.542      0.203      2.671      0.008

 Means
    F8AGE            102.921      0.068   1519.350      0.000
    F9AGE            118.417      0.117   1009.255      0.000

 Intercepts
    NARAACC           52.194      7.324      7.127      0.000
    NARACOMP          16.541      3.497      4.730      0.000
    WOLDCOMP           5.920      1.807      3.275      0.001
    COMBACC           13.264      1.816      7.302      0.000

 Variances
    F8AGE              4.412      0.223     19.779      0.000
    F9AGE             13.704      0.550     24.933      0.000

 Residual Variances
    NARAACC           70.991      3.575     19.857      0.000
    NARACOMP          21.940      1.088     20.171      0.000
    WOLDCOMP           3.081      0.165     18.645      0.000
    COMBACC            6.182      0.270     22.922      0.000

Latent Class 2

 COMBACC    ON
    F9AGE              0.009      0.015      0.586      0.558

 NARAACC    ON
    F9AGE              0.184      0.063      2.921      0.003

 NARACOMP   ON
    F9AGE              0.092      0.030      3.075      0.002

 WOLDCOMP   ON
    F8AGE              0.015      0.018      0.856      0.392

 NARACOMP WITH
    NARAACC            0.000      0.000    999.000    999.000
    COMBACC            0.000      0.000    999.000    999.000
    WOLDCOMP           0.000      0.000    999.000    999.000

 NARAACC  WITH
    COMBACC            0.000      0.000    999.000    999.000
    WOLDCOMP           0.000      0.000    999.000    999.000

 COMBACC  WITH
    WOLDCOMP           0.000      0.000    999.000    999.000

 F9AGE    WITH
    F8AGE              0.542      0.203      2.671      0.008

 Means
    F8AGE            102.726      0.082   1252.141      0.000
    F9AGE            118.459      0.169    700.905      0.000

 Intercepts
    NARAACC           67.371      7.404      9.100      0.000
    NARACOMP          22.294      3.512      6.348      0.000
    WOLDCOMP           6.979      1.799      3.880      0.000
    COMBACC           16.059      1.812      8.861      0.000

 Variances
    F8AGE              4.412      0.223     19.779      0.000
    F9AGE             13.704      0.550     24.933      0.000

 Residual Variances
    NARAACC           25.575      2.394     10.683      0.000
    NARACOMP          19.445      1.327     14.656      0.000
    WOLDCOMP           3.849      0.223     17.250      0.000
    COMBACC            2.761      0.312      8.854      0.000

Latent Class 3

 COMBACC    ON
    F9AGE              0.009      0.015      0.586      0.558

 NARAACC    ON
    F9AGE              0.184      0.063      2.921      0.003

 NARACOMP   ON
    F9AGE              0.092      0.030      3.075      0.002

 WOLDCOMP   ON
    F8AGE              0.015      0.018      0.856      0.392

 NARACOMP WITH
    NARAACC            0.000      0.000    999.000    999.000
    COMBACC            0.000      0.000    999.000    999.000
    WOLDCOMP           0.000      0.000    999.000    999.000

 NARAACC  WITH
    COMBACC            0.000      0.000    999.000    999.000
    WOLDCOMP           0.000      0.000    999.000    999.000

 COMBACC  WITH
    WOLDCOMP           0.000      0.000    999.000    999.000

 F9AGE    WITH
    F8AGE              0.542      0.203      2.671      0.008

 Means
    F8AGE            103.638      0.282    366.978      0.000
    F9AGE            118.860      0.375    316.818      0.000

 Intercepts
    NARAACC           -1.229      7.670     -0.160      0.873
    NARACOMP          -2.690      3.611     -0.745      0.456
    WOLDCOMP           4.733      1.835      2.579      0.010
    COMBACC            0.868      1.890      0.459      0.646

 Variances
    F8AGE              4.412      0.223     19.779      0.000
    F9AGE             13.704      0.550     24.933      0.000

 Residual Variances
    NARAACC           51.462      7.215      7.133      0.000
    NARACOMP          13.708      1.162     11.794      0.000
    WOLDCOMP           3.648      0.464      7.867      0.000
    COMBACC            3.732      1.128      3.308      0.001

Latent Class 4

 COMBACC    ON
    F9AGE              0.009      0.015      0.586      0.558

 NARAACC    ON
    F9AGE              0.184      0.063      2.921      0.003

 NARACOMP   ON
    F9AGE              0.092      0.030      3.075      0.002

 WOLDCOMP   ON
    F8AGE              0.015      0.018      0.856      0.392

 NARACOMP WITH
    NARAACC            0.000      0.000    999.000    999.000
    COMBACC            0.000      0.000    999.000    999.000
    WOLDCOMP           0.000      0.000    999.000    999.000

 NARAACC  WITH
    COMBACC            0.000      0.000    999.000    999.000
    WOLDCOMP           0.000      0.000    999.000    999.000

 COMBACC  WITH
    WOLDCOMP           0.000      0.000    999.000    999.000

 F9AGE    WITH
    F8AGE              0.542      0.203      2.671      0.008

 Means
    F8AGE            103.076      0.097   1060.515      0.000
    F9AGE            118.139      0.138    853.086      0.000

 Intercepts
    NARAACC           31.771      7.352      4.321      0.000
    NARACOMP          10.044      3.498      2.871      0.004
    WOLDCOMP           5.413      1.807      2.996      0.003
    COMBACC            9.894      1.808      5.472      0.000

 Variances
    F8AGE              4.412      0.223     19.779      0.000
    F9AGE             13.704      0.550     24.933      0.000

 Residual Variances
    NARAACC           38.771      3.256     11.906      0.000
    NARACOMP          12.763      1.107     11.532      0.000
    WOLDCOMP           2.999      0.212     14.164      0.000
    COMBACC            8.109      0.469     17.297      0.000

Latent Class 5

 COMBACC    ON
    F9AGE              0.009      0.015      0.586      0.558

 NARAACC    ON
    F9AGE              0.184      0.063      2.921      0.003

 NARACOMP   ON
    F9AGE              0.092      0.030      3.075      0.002

 WOLDCOMP   ON
    F8AGE              0.015      0.018      0.856      0.392

 NARACOMP WITH
    NARAACC            0.000      0.000    999.000    999.000
    COMBACC            0.000      0.000    999.000    999.000
    WOLDCOMP           0.000      0.000    999.000    999.000

 NARAACC  WITH
    COMBACC            0.000      0.000    999.000    999.000
    WOLDCOMP           0.000      0.000    999.000    999.000

 COMBACC  WITH
    WOLDCOMP           0.000      0.000    999.000    999.000

 F9AGE    WITH
    F8AGE              0.542      0.203      2.671      0.008

 Means
    F8AGE            103.164      0.155    667.509      0.000
    F9AGE            118.486      0.215    550.741      0.000

 Intercepts
    NARAACC           16.597      7.511      2.210      0.027
    NARACOMP           4.882      3.569      1.368      0.171
    WOLDCOMP           5.311      1.812      2.931      0.003
    COMBACC            5.492      1.841      2.983      0.003

 Variances
    F8AGE              4.412      0.223     19.779      0.000
    F9AGE             13.704      0.550     24.933      0.000

 Residual Variances
    NARAACC           26.112      3.708      7.042      0.000
    NARACOMP           7.364      0.898      8.204      0.000
    WOLDCOMP           3.292      0.293     11.229      0.000
    COMBACC            6.430      0.554     11.608      0.000

Latent Class 6

 COMBACC    ON
    F9AGE              0.009      0.015      0.586      0.558

 NARAACC    ON
    F9AGE              0.184      0.063      2.921      0.003

 NARACOMP   ON
    F9AGE              0.092      0.030      3.075      0.002

 WOLDCOMP   ON
    F8AGE              0.015      0.018      0.856      0.392

 NARACOMP WITH
    NARAACC            0.000      0.000    999.000    999.000
    COMBACC            0.000      0.000    999.000    999.000
    WOLDCOMP           0.000      0.000    999.000    999.000

 NARAACC  WITH
    COMBACC            0.000      0.000    999.000    999.000
    WOLDCOMP           0.000      0.000    999.000    999.000

 COMBACC  WITH
    WOLDCOMP           0.000      0.000    999.000    999.000

 F9AGE    WITH
    F8AGE              0.542      0.203      2.671      0.008

 Means
    F8AGE            115.236      0.481    239.616      0.000
    F9AGE            123.330      0.677    182.280      0.000

 Intercepts
    NARAACC           43.281      8.082      5.355      0.000
    NARACOMP          13.125      3.765      3.487      0.000
    WOLDCOMP           6.141      2.042      3.007      0.003
    COMBACC           11.702      1.962      5.963      0.000

 Variances
    F8AGE              4.412      0.223     19.779      0.000
    F9AGE             13.704      0.550     24.933      0.000

 Residual Variances
    NARAACC          418.954     52.608      7.964      0.000
    NARACOMP          59.755      7.160      8.345      0.000
    WOLDCOMP           4.392      0.529      8.301      0.000
    COMBACC           20.975      2.869      7.310      0.000

Categorical Latent Variables

 Means
    C#1                1.947      0.101     19.293      0.000
    C#2                1.482      0.125     11.867      0.000
    C#3               -0.111      0.143     -0.778      0.436
    C#4                1.455      0.108     13.521      0.000
    C#5                0.731      0.120      6.108      0.000


QUALITY OF NUMERICAL RESULTS

     Condition Number for the Information Matrix              0.295E-08
       (ratio of smallest to largest eigenvalue)


TECHNICAL 7 OUTPUT


     SAMPLE STATISTICS WEIGHTED BY ESTIMATED CLASS PROBABILITIES FOR CLASS 1


           Means
              NARAACC       NARACOMP      WOLDCOMP      COMBACC       F8AGE
              ________      ________      ________      ________      ________
               73.992        27.406         7.467        14.336       102.912


           Means
              F9AGE
              ________
              118.417


           Covariances
              NARAACC       NARACOMP      WOLDCOMP      COMBACC       F8AGE
              ________      ________      ________      ________      ________
 NARAACC       71.282
 NARACOMP       4.947        22.097
 WOLDCOMP      -0.711         2.884         3.084
 COMBACC        2.813        -1.507        -0.498         6.177
 F8AGE          4.822         6.062         0.112         1.025         3.770
 F9AGE          1.949         1.433        -2.281        -0.272       -24.066


           Covariances
              F9AGE
              ________
 F9AGE         12.597


     SAMPLE STATISTICS WEIGHTED BY ESTIMATED CLASS PROBABILITIES FOR CLASS 2


           Means
              NARAACC       NARACOMP      WOLDCOMP      COMBACC       F8AGE
              ________      ________      ________      ________      ________
               89.177        33.163         8.523        17.132       102.716


           Means
              F9AGE
              ________
              118.459


           Covariances
              NARAACC       NARACOMP      WOLDCOMP      COMBACC       F8AGE
              ________      ________      ________      ________      ________
 NARAACC       26.229
 NARACOMP       4.241        19.537
 WOLDCOMP       0.589         3.286         3.844
 COMBACC        1.866        -0.387        -0.183         2.761
 F8AGE         -1.081         4.370        -0.070         0.128         3.684
 F9AGE          3.031         1.127        -2.605         0.113       -25.840


           Covariances
              F9AGE
              ________
 F9AGE         13.641


     SAMPLE STATISTICS WEIGHTED BY ESTIMATED CLASS PROBABILITIES FOR CLASS 3


           Means
              NARAACC       NARACOMP      WOLDCOMP      COMBACC       F8AGE
              ________      ________      ________      ________      ________
               20.650         8.216         6.290         1.941       103.612


           Means
              F9AGE
              ________
              118.860


           Covariances
              NARAACC       NARACOMP      WOLDCOMP      COMBACC       F8AGE
              ________      ________      ________      ________      ________
 NARAACC       51.751
 NARACOMP      18.882        13.686
 WOLDCOMP       1.367         1.531         3.643
 COMBACC        5.498         2.268         0.982         3.748
 F8AGE         29.032        14.363        -0.145        13.077         6.664
 F9AGE          2.435         0.704        -5.102         0.536       -68.107


           Covariances
              F9AGE
              ________
 F9AGE         17.928


     SAMPLE STATISTICS WEIGHTED BY ESTIMATED CLASS PROBABILITIES FOR CLASS 4


           Means
              NARAACC       NARACOMP      WOLDCOMP      COMBACC       F8AGE
              ________      ________      ________      ________      ________
               53.518        20.884         6.962        10.963       103.068


           Means
              F9AGE
              ________
              118.139


           Covariances
              NARAACC       NARACOMP      WOLDCOMP      COMBACC       F8AGE
              ________      ________      ________      ________      ________
 NARAACC       39.042
 NARACOMP       2.699        12.862
 WOLDCOMP      -1.638         2.229         2.999
 COMBACC        3.998        -0.639        -0.206         8.119
 F8AGE         -1.292         7.554         0.031        -1.123         4.121
 F9AGE          1.763         1.051        -2.020         0.635       -21.030


           Covariances
              F9AGE
              ________
 F9AGE         11.138


     SAMPLE STATISTICS WEIGHTED BY ESTIMATED CLASS PROBABILITIES FOR CLASS 5


           Means
              NARAACC       NARACOMP      WOLDCOMP      COMBACC       F8AGE
              ________      ________      ________      ________      ________
               38.407        15.754         6.861         6.565       103.143


           Means
              F9AGE
              ________
              118.486


           Covariances
              NARAACC       NARACOMP      WOLDCOMP      COMBACC       F8AGE
              ________      ________      ________      ________      ________
 NARAACC       26.480
 NARACOMP       4.833         7.501
 WOLDCOMP      -2.235         0.996         3.300
 COMBACC        2.885        -0.061         0.099         6.430
 F8AGE        -17.834         5.582         0.298         5.043         4.955
 F9AGE          2.276         1.383        -3.990         0.109       -54.217


           Covariances
              F9AGE
              ________
 F9AGE         13.873


     SAMPLE STATISTICS WEIGHTED BY ESTIMATED CLASS PROBABILITIES FOR CLASS 6


           Means
              NARAACC       NARACOMP      WOLDCOMP      COMBACC       F8AGE
              ________      ________      ________      ________      ________
               65.983        24.441         7.872        12.818       115.192


           Means
              F9AGE
              ________
              123.330


           Covariances
              NARAACC       NARACOMP      WOLDCOMP      COMBACC       F8AGE
              ________      ________      ________      ________      ________
 NARAACC      422.366
 NARACOMP     119.382        59.559
 WOLDCOMP       9.144         8.583         4.397
 COMBACC       75.554        22.026         2.654        21.001
 F8AGE        -63.416       -10.019        -0.049        -4.730        11.229
 F9AGE         11.900         0.240        -8.221         0.955      -126.026


           Covariances
              F9AGE
              ________
 F9AGE         28.610


TECHNICAL 11 OUTPUT

     Random Starts Specifications for the k-1 Class Analysis Model
        Number of initial stage random starts                  20
        Number of final stage optimizations                     4



     VUONG-LO-MENDELL-RUBIN LIKELIHOOD RATIO TEST FOR 5 (H0) VERSUS 6 CLASSES

          H0 Loglikelihood Value                       -55405.566
          2 Times the Loglikelihood Difference            582.501
          Difference in the Number of Parameters               11
          Mean                                            -76.622
          Standard Deviation                              180.809
          P-Value                                          0.0000

     LO-MENDELL-RUBIN ADJUSTED LRT TEST

          Value                                           576.066
          P-Value                                          0.0000


PLOT INFORMATION

The following plots are available:

  Histograms (sample values)
  Scatterplots (sample values)
  Estimated overall and class-specific distributions

     Beginning Time:  17:17:12
        Ending Time:  17:17:24
       Elapsed Time:  00:00:12



MUTHEN & MUTHEN
3463 Stoner Ave.
Los Angeles, CA  90066

Tel: (310) 391-9971
Fax: (310) 391-8971
Web: www.StatModel.com
Support: Support@StatModel.com

Copyright (c) 1998-2020 Muthen & Muthen
