Mplus VERSION 8.5
MUTHEN & MUTHEN
07/19/2021  12:48 PM

INPUT INSTRUCTIONS

  TITLE:
   LPA Model A: 7 classes;
  DATA:
  FILE = "mplus_models/simpview/lpa_comp/sv_lpa_mbench_576296b10d9f155ad9363f1cbb7ab8da.dat"

  VARIABLE:
  NAMES = cidB3153 f8age f9age naraAcc naraComp woldComp combAcc;
   MISSING=.;
    idvariable = cidb3153; classes = c(7);
  ANALYSIS:
   estimator = mlr; type = mixture;
                                                     starts = 0;
                                                     optseed = 929361;
                                                     processors = 4(starts);
                                                     lrtstarts = 0 0 100 20;
  MODEL:
  %OVERALL%
             f8age; f9age;
             combAcc naraAcc naraComp on f9age;
             woldcomp on f8age;
   naraComp; naraAcc; combAcc; woldComp;
    naraComp with naraAcc@0;
    naraComp with combAcc@0;
    naraComp with woldComp@0;
    naraAcc with combAcc@0;
    naraAcc with woldComp@0;
    combAcc with woldComp@0;
  OUTPUT:
   TECH7 TECH11 TECH14 stdyx CINTERVAL ENTROPY;
  SAVEDATA:
   FILE IS sv_lpa_a_7class.dat; SAVE = cprobabilities;
  PLOT:
  TYPE = PLOT3;



*** WARNING
  Input line exceeded 90 characters. Some input may be truncated.
  FILE = "mplus_models/simpview/lpa_comp/sv_lpa_mbench_576296b10d9f155ad9363f1cbb7ab8da.dat";
   1 WARNING(S) FOUND IN THE INPUT INSTRUCTIONS




LPA Model A: 7 classes;

SUMMARY OF ANALYSIS

Number of groups                                                 1
Number of observations                                        3423

Number of dependent variables                                    4
Number of independent variables                                  2
Number of continuous latent variables                            0
Number of categorical latent variables                           1

Observed dependent variables

  Continuous
   NARAACC     NARACOMP    WOLDCOMP    COMBACC

Observed independent variables
   F8AGE       F9AGE

Categorical latent variables
   C

Variables with special functions

  ID variable           CIDB3153

Estimator                                                      MLR
Information matrix                                        OBSERVED
Optimization Specifications for the Quasi-Newton Algorithm for
Continuous Outcomes
  Maximum number of iterations                                 100
  Convergence criterion                                  0.100D-05
Optimization Specifications for the EM Algorithm
  Maximum number of iterations                                 500
  Convergence criteria
    Loglikelihood change                                 0.100D-06
    Relative loglikelihood change                        0.100D-06
    Derivative                                           0.100D-05
Optimization Specifications for the M step of the EM Algorithm for
Categorical Latent variables
  Number of M step iterations                                    1
  M step convergence criterion                           0.100D-05
  Basis for M step termination                           ITERATION
Optimization Specifications for the M step of the EM Algorithm for
Censored, Binary or Ordered Categorical (Ordinal), Unordered
Categorical (Nominal) and Count Outcomes
  Number of M step iterations                                    1
  M step convergence criterion                           0.100D-05
  Basis for M step termination                           ITERATION
  Maximum value for logit thresholds                            15
  Minimum value for logit thresholds                           -15
  Minimum expected cell size for chi-square              0.100D-01
Maximum number of iterations for H1                           2000
Convergence criterion for H1                             0.100D-03
Optimization algorithm                                         EMA
Random Starts Specifications
  Random seed for analysis                                  929361

Input data file(s)
  mplus_models/simpview/lpa_comp/sv_lpa_mbench_576296b10d9f155ad9363f1cbb7ab8da.
Input data format  FREE


SUMMARY OF DATA

     Number of missing data patterns             5
     Number of y missing data patterns           5
     Number of u missing data patterns           0


COVARIANCE COVERAGE OF DATA

Minimum covariance coverage value   0.100


     PROPORTION OF DATA PRESENT FOR Y


           Covariance Coverage
              NARAACC       NARACOMP      WOLDCOMP      COMBACC       F8AGE
              ________      ________      ________      ________      ________
 NARAACC        1.000
 NARACOMP       1.000         1.000
 WOLDCOMP       0.852         0.852         0.852
 COMBACC        0.996         0.996         0.850         0.996
 F8AGE          0.861         0.861         0.852         0.858         0.861
 F9AGE          1.000         1.000         0.852         0.996         0.861


           Covariance Coverage
              F9AGE
              ________
 F9AGE          1.000



UNIVARIATE SAMPLE STATISTICS


     UNIVARIATE HIGHER-ORDER MOMENT DESCRIPTIVE STATISTICS

         Variable/         Mean/     Skewness/   Minimum/ % with                Percentiles
        Sample Size      Variance    Kurtosis    Maximum  Min/Max      20%/60%    40%/80%    Median

     NARAACC              66.334      -0.525       0.000    0.06%      48.000     62.000     69.000
            3423.000     417.180      -0.469     100.000    0.06%      76.000     86.000
     NARACOMP             25.018      -0.273       0.000    0.09%      18.000     23.000     25.000
            3423.000      62.018      -0.237      44.000    0.03%      28.000     32.000
     WOLDCOMP              7.517       0.082       2.000    0.41%       6.000      7.000      7.000
            2917.000       3.758       0.190      15.000    0.03%       8.000      9.000
     COMBACC              12.788      -0.783       0.000    1.44%       9.000     13.000     14.000
            3408.000      21.534      -0.011      20.000    1.44%      15.000     17.000
     F8AGE               103.533       2.579      94.000    0.03%     102.000    102.000    103.000
            2947.000      11.227       8.561     126.000    0.03%     103.000    105.000
     F9AGE               118.643       1.305     105.000    0.03%     116.000    117.000    118.000
            3423.000      14.907       2.626     139.000    0.06%     119.000    121.000


THE MODEL ESTIMATION TERMINATED NORMALLY



MODEL FIT INFORMATION

Number of Free Parameters                       59

Loglikelihood

          H0 Value                      -55432.959
          H0 Scaling Correction Factor      1.5294
            for MLR

Information Criteria

          Akaike (AIC)                  110983.919
          Bayesian (BIC)                111346.077
          Sample-Size Adjusted BIC      111158.606
            (n* = (n + 2) / 24)



FINAL CLASS COUNTS AND PROPORTIONS FOR THE LATENT CLASSES
BASED ON THE ESTIMATED MODEL

    Latent
   Classes

       1        699.91373          0.20447
       2        400.11083          0.11689
       3        127.17944          0.03715
       4        760.57332          0.22219
       5        497.80538          0.14543
       6        176.58395          0.05159
       7        760.83336          0.22227


FINAL CLASS COUNTS AND PROPORTIONS FOR THE LATENT CLASSES
BASED ON ESTIMATED POSTERIOR PROBABILITIES

    Latent
   Classes

       1        699.91373          0.20447
       2        400.11083          0.11689
       3        127.17944          0.03715
       4        760.57332          0.22219
       5        497.80538          0.14543
       6        176.58395          0.05159
       7        760.83336          0.22227


FINAL CLASS COUNTS AND PROPORTIONS FOR THE LATENT CLASSES
BASED ON THEIR MOST LIKELY LATENT CLASS MEMBERSHIP

Class Counts and Proportions

    Latent
   Classes

       1              709          0.20713
       2              359          0.10488
       3              123          0.03593
       4              782          0.22845
       5              494          0.14432
       6              176          0.05142
       7              780          0.22787


CLASSIFICATION QUALITY

     Entropy                         0.794


           Univariate Entropy
              NARAACC       NARACOMP      WOLDCOMP      COMBACC       F8AGE
              ________      ________      ________      ________      ________
                0.563         0.440         0.122         0.422         0.157


           Univariate Entropy
              F9AGE
              ________
                0.108


Average Latent Class Probabilities for Most Likely Latent Class Membership (Row)
by Latent Class (Column)

           1        2        3        4        5        6        7

    1   0.764    0.104    0.008    0.093    0.000    0.000    0.032
    2   0.142    0.720    0.017    0.039    0.000    0.000    0.082
    3   0.037    0.034    0.884    0.016    0.003    0.000    0.027
    4   0.101    0.029    0.003    0.868    0.000    0.000    0.000
    5   0.000    0.000    0.002    0.000    0.900    0.021    0.077
    6   0.000    0.000    0.000    0.000    0.055    0.945    0.000
    7   0.030    0.053    0.005    0.000    0.055    0.000    0.856


Classification Probabilities for the Most Likely Latent Class Membership (Column)
by Latent Class (Row)

           1        2        3        4        5        6        7

    1   0.774    0.073    0.006    0.113    0.000    0.000    0.034
    2   0.184    0.646    0.010    0.056    0.000    0.000    0.104
    3   0.043    0.047    0.855    0.016    0.008    0.000    0.032
    4   0.087    0.018    0.003    0.892    0.000    0.000    0.000
    5   0.000    0.000    0.001    0.000    0.894    0.019    0.086
    6   0.000    0.000    0.000    0.000    0.058    0.942    0.000
    7   0.030    0.039    0.004    0.000    0.050    0.000    0.878


Logits for the Classification Probabilities for the Most Likely Latent Class Membership (Column)
by Latent Class (Row)

              1        2        3        4        5        6        7

    1      3.131    0.770   -1.660    1.208  -10.428  -10.428    0.000
    2      0.568    1.827   -2.305   -0.623   -6.652  -11.552    0.000
    3      0.292    0.394    3.293   -0.663   -1.426   -7.918    0.000
    4      8.598    7.047    5.100   10.927   -2.775   -2.775    0.000
    5    -11.366   -8.495   -4.708  -11.366    2.337   -1.498    0.000
    6      0.000    0.000    0.000    0.000   10.964   13.756    0.000
    7     -3.389   -3.125   -5.317  -11.872   -2.867  -13.685    0.000


MODEL RESULTS

                                                    Two-Tailed
                    Estimate       S.E.  Est./S.E.    P-Value

Latent Class 1

 COMBACC    ON
    F9AGE              0.030      0.021      1.441      0.150

 NARAACC    ON
    F9AGE              0.249      0.098      2.538      0.011

 NARACOMP   ON
    F9AGE              0.089      0.043      2.064      0.039

 WOLDCOMP   ON
    F8AGE              0.015      0.014      1.097      0.273

 NARACOMP WITH
    NARAACC            0.000      0.000    999.000    999.000
    COMBACC            0.000      0.000    999.000    999.000
    WOLDCOMP           0.000      0.000    999.000    999.000

 NARAACC  WITH
    COMBACC            0.000      0.000    999.000    999.000
    WOLDCOMP           0.000      0.000    999.000    999.000

 COMBACC  WITH
    WOLDCOMP           0.000      0.000    999.000    999.000

 F9AGE    WITH
    F8AGE              0.939      0.295      3.188      0.001

 Means
    F8AGE            102.843      0.085   1208.050      0.000
    F9AGE            118.129      0.174    680.569      0.000

 Intercepts
    NARAACC           49.533     11.446      4.328      0.000
    NARACOMP          15.840      5.021      3.155      0.002
    WOLDCOMP           5.323      1.450      3.672      0.000
    COMBACC           12.358      2.451      5.041      0.000

 Variances
    F8AGE              6.092      0.453     13.449      0.000
    F9AGE             13.639      0.535     25.500      0.000

 Residual Variances
    NARAACC           55.730      3.026     18.419      0.000
    NARACOMP          14.528      0.541     26.872      0.000
    WOLDCOMP           3.024      0.100     30.110      0.000
    COMBACC            4.940      0.274     18.047      0.000

Latent Class 2

 COMBACC    ON
    F9AGE              0.030      0.021      1.441      0.150

 NARAACC    ON
    F9AGE              0.249      0.098      2.538      0.011

 NARACOMP   ON
    F9AGE              0.089      0.043      2.064      0.039

 WOLDCOMP   ON
    F8AGE              0.015      0.014      1.097      0.273

 NARACOMP WITH
    NARAACC            0.000      0.000    999.000    999.000
    COMBACC            0.000      0.000    999.000    999.000
    WOLDCOMP           0.000      0.000    999.000    999.000

 NARAACC  WITH
    COMBACC            0.000      0.000    999.000    999.000
    WOLDCOMP           0.000      0.000    999.000    999.000

 COMBACC  WITH
    WOLDCOMP           0.000      0.000    999.000    999.000

 F9AGE    WITH
    F8AGE              0.939      0.295      3.188      0.001

 Means
    F8AGE            102.940      0.110    939.516      0.000
    F9AGE            118.689      0.300    395.324      0.000

 Intercepts
    NARAACC           41.079     11.646      3.527      0.000
    NARACOMP          18.685      5.213      3.584      0.000
    WOLDCOMP           6.596      1.457      4.529      0.000
    COMBACC            9.133      2.461      3.710      0.000

 Variances
    F8AGE              6.092      0.453     13.449      0.000
    F9AGE             13.639      0.535     25.500      0.000

 Residual Variances
    NARAACC           55.730      3.026     18.419      0.000
    NARACOMP          14.528      0.541     26.872      0.000
    WOLDCOMP           3.024      0.100     30.110      0.000
    COMBACC            4.940      0.274     18.047      0.000

Latent Class 3

 COMBACC    ON
    F9AGE              0.030      0.021      1.441      0.150

 NARAACC    ON
    F9AGE              0.249      0.098      2.538      0.011

 NARACOMP   ON
    F9AGE              0.089      0.043      2.064      0.039

 WOLDCOMP   ON
    F8AGE              0.015      0.014      1.097      0.273

 NARACOMP WITH
    NARAACC            0.000      0.000    999.000    999.000
    COMBACC            0.000      0.000    999.000    999.000
    WOLDCOMP           0.000      0.000    999.000    999.000

 NARAACC  WITH
    COMBACC            0.000      0.000    999.000    999.000
    WOLDCOMP           0.000      0.000    999.000    999.000

 COMBACC  WITH
    WOLDCOMP           0.000      0.000    999.000    999.000

 F9AGE    WITH
    F8AGE              0.939      0.295      3.188      0.001

 Means
    F8AGE            115.865      0.467    248.305      0.000
    F9AGE            124.222      0.612    202.903      0.000

 Intercepts
    NARAACC           41.883     12.797      3.273      0.001
    NARACOMP          15.325      5.506      2.783      0.005
    WOLDCOMP           6.324      1.659      3.811      0.000
    COMBACC           10.606      2.677      3.962      0.000

 Variances
    F8AGE              6.092      0.453     13.449      0.000
    F9AGE             13.639      0.535     25.500      0.000

 Residual Variances
    NARAACC           55.730      3.026     18.419      0.000
    NARACOMP          14.528      0.541     26.872      0.000
    WOLDCOMP           3.024      0.100     30.110      0.000
    COMBACC            4.940      0.274     18.047      0.000

Latent Class 4

 COMBACC    ON
    F9AGE              0.030      0.021      1.441      0.150

 NARAACC    ON
    F9AGE              0.249      0.098      2.538      0.011

 NARACOMP   ON
    F9AGE              0.089      0.043      2.064      0.039

 WOLDCOMP   ON
    F8AGE              0.015      0.014      1.097      0.273

 NARACOMP WITH
    NARAACC            0.000      0.000    999.000    999.000
    COMBACC            0.000      0.000    999.000    999.000
    WOLDCOMP           0.000      0.000    999.000    999.000

 NARAACC  WITH
    COMBACC            0.000      0.000    999.000    999.000
    WOLDCOMP           0.000      0.000    999.000    999.000

 COMBACC  WITH
    WOLDCOMP           0.000      0.000    999.000    999.000

 F9AGE    WITH
    F8AGE              0.939      0.295      3.188      0.001

 Means
    F8AGE            102.940      0.110    936.637      0.000
    F9AGE            118.457      0.195    606.058      0.000

 Intercepts
    NARAACC           58.725     11.582      5.071      0.000
    NARACOMP          23.553      5.041      4.672      0.000
    WOLDCOMP           7.218      1.456      4.957      0.000
    COMBACC           13.254      2.437      5.438      0.000

 Variances
    F8AGE              6.092      0.453     13.449      0.000
    F9AGE             13.639      0.535     25.500      0.000

 Residual Variances
    NARAACC           55.730      3.026     18.419      0.000
    NARACOMP          14.528      0.541     26.872      0.000
    WOLDCOMP           3.024      0.100     30.110      0.000
    COMBACC            4.940      0.274     18.047      0.000

Latent Class 5

 COMBACC    ON
    F9AGE              0.030      0.021      1.441      0.150

 NARAACC    ON
    F9AGE              0.249      0.098      2.538      0.011

 NARACOMP   ON
    F9AGE              0.089      0.043      2.064      0.039

 WOLDCOMP   ON
    F8AGE              0.015      0.014      1.097      0.273

 NARACOMP WITH
    NARAACC            0.000      0.000    999.000    999.000
    COMBACC            0.000      0.000    999.000    999.000
    WOLDCOMP           0.000      0.000    999.000    999.000

 NARAACC  WITH
    COMBACC            0.000      0.000    999.000    999.000
    WOLDCOMP           0.000      0.000    999.000    999.000

 COMBACC  WITH
    WOLDCOMP           0.000      0.000    999.000    999.000

 F9AGE    WITH
    F8AGE              0.939      0.295      3.188      0.001

 Means
    F8AGE            103.368      0.198    521.088      0.000
    F9AGE            118.437      0.181    655.319      0.000

 Intercepts
    NARAACC           11.853     11.765      1.007      0.314
    NARACOMP           6.375      5.179      1.231      0.218
    WOLDCOMP           5.340      1.457      3.665      0.000
    COMBACC            3.331      2.459      1.355      0.176

 Variances
    F8AGE              6.092      0.453     13.449      0.000
    F9AGE             13.639      0.535     25.500      0.000

 Residual Variances
    NARAACC           55.730      3.026     18.419      0.000
    NARACOMP          14.528      0.541     26.872      0.000
    WOLDCOMP           3.024      0.100     30.110      0.000
    COMBACC            4.940      0.274     18.047      0.000

Latent Class 6

 COMBACC    ON
    F9AGE              0.030      0.021      1.441      0.150

 NARAACC    ON
    F9AGE              0.249      0.098      2.538      0.011

 NARACOMP   ON
    F9AGE              0.089      0.043      2.064      0.039

 WOLDCOMP   ON
    F8AGE              0.015      0.014      1.097      0.273

 NARACOMP WITH
    NARAACC            0.000      0.000    999.000    999.000
    COMBACC            0.000      0.000    999.000    999.000
    WOLDCOMP           0.000      0.000    999.000    999.000

 NARAACC  WITH
    COMBACC            0.000      0.000    999.000    999.000
    WOLDCOMP           0.000      0.000    999.000    999.000

 COMBACC  WITH
    WOLDCOMP           0.000      0.000    999.000    999.000

 F9AGE    WITH
    F8AGE              0.939      0.295      3.188      0.001

 Means
    F8AGE            105.124      0.512    205.431      0.000
    F9AGE            119.292      0.410    291.133      0.000

 Intercepts
    NARAACC           -8.295     11.758     -0.706      0.480
    NARACOMP          -2.026      5.165     -0.392      0.695
    WOLDCOMP           4.621      1.509      3.062      0.002
    COMBACC           -1.523      2.458     -0.620      0.535

 Variances
    F8AGE              6.092      0.453     13.449      0.000
    F9AGE             13.639      0.535     25.500      0.000

 Residual Variances
    NARAACC           55.730      3.026     18.419      0.000
    NARACOMP          14.528      0.541     26.872      0.000
    WOLDCOMP           3.024      0.100     30.110      0.000
    COMBACC            4.940      0.274     18.047      0.000

Latent Class 7

 COMBACC    ON
    F9AGE              0.030      0.021      1.441      0.150

 NARAACC    ON
    F9AGE              0.249      0.098      2.538      0.011

 NARACOMP   ON
    F9AGE              0.089      0.043      2.064      0.039

 WOLDCOMP   ON
    F8AGE              0.015      0.014      1.097      0.273

 NARACOMP WITH
    NARAACC            0.000      0.000    999.000    999.000
    COMBACC            0.000      0.000    999.000    999.000
    WOLDCOMP           0.000      0.000    999.000    999.000

 NARAACC  WITH
    COMBACC            0.000      0.000    999.000    999.000
    WOLDCOMP           0.000      0.000    999.000    999.000

 COMBACC  WITH
    WOLDCOMP           0.000      0.000    999.000    999.000

 F9AGE    WITH
    F8AGE              0.939      0.295      3.188      0.001

 Means
    F8AGE            103.242      0.106    976.430      0.000
    F9AGE            118.330      0.160    741.249      0.000

 Intercepts
    NARAACC           26.704     11.601      2.302      0.021
    NARACOMP          10.765      5.097      2.112      0.035
    WOLDCOMP           5.310      1.457      3.645      0.000
    COMBACC            8.528      2.476      3.445      0.001

 Variances
    F8AGE              6.092      0.453     13.449      0.000
    F9AGE             13.639      0.535     25.500      0.000

 Residual Variances
    NARAACC           55.730      3.026     18.419      0.000
    NARACOMP          14.528      0.541     26.872      0.000
    WOLDCOMP           3.024      0.100     30.110      0.000
    COMBACC            4.940      0.274     18.047      0.000

Categorical Latent Variables

 Means
    C#1               -0.083      0.106     -0.789      0.430
    C#2               -0.643      0.200     -3.218      0.001
    C#3               -1.789      0.123    -14.577      0.000
    C#4                0.000      0.115     -0.003      0.998
    C#5               -0.424      0.106     -4.013      0.000
    C#6               -1.461      0.127    -11.489      0.000


STANDARDIZED MODEL RESULTS


STDYX Standardization

                                                    Two-Tailed
                    Estimate       S.E.  Est./S.E.    P-Value

Latent Class 1

 COMBACC    ON
    F9AGE              0.049      0.034      1.451      0.147

 NARAACC    ON
    F9AGE              0.122      0.048      2.564      0.010

 NARACOMP   ON
    F9AGE              0.086      0.042      2.067      0.039

 WOLDCOMP   ON
    F8AGE              0.022      0.020      1.092      0.275

 NARACOMP WITH
    NARAACC            0.000      0.000    999.000    999.000
    COMBACC            0.000      0.000    999.000    999.000
    WOLDCOMP           0.000      0.000    999.000    999.000

 NARAACC  WITH
    COMBACC            0.000      0.000    999.000    999.000
    WOLDCOMP           0.000      0.000    999.000    999.000

 COMBACC  WITH
    WOLDCOMP           0.000      0.000    999.000    999.000

 F9AGE    WITH
    F8AGE              0.103      0.030      3.446      0.001

 Means
    F8AGE             41.666      1.542     27.022      0.000
    F9AGE             31.986      0.617     51.854      0.000

 Intercepts
    NARAACC            6.585      1.569      4.198      0.000
    NARACOMP           4.140      1.322      3.132      0.002
    WOLDCOMP           3.061      0.835      3.666      0.000
    COMBACC            5.553      1.144      4.852      0.000

 Variances
    F8AGE              1.000      0.000    999.000    999.000
    F9AGE              1.000      0.000    999.000    999.000

 Residual Variances
    NARAACC            0.985      0.012     84.352      0.000
    NARACOMP           0.993      0.007    138.533      0.000
    WOLDCOMP           1.000      0.001   1131.919      0.000
    COMBACC            0.998      0.003    296.930      0.000

Latent Class 2

 COMBACC    ON
    F9AGE              0.049      0.034      1.451      0.147

 NARAACC    ON
    F9AGE              0.122      0.048      2.564      0.010

 NARACOMP   ON
    F9AGE              0.086      0.042      2.067      0.039

 WOLDCOMP   ON
    F8AGE              0.022      0.020      1.092      0.275

 NARACOMP WITH
    NARAACC            0.000      0.000    999.000    999.000
    COMBACC            0.000      0.000    999.000    999.000
    WOLDCOMP           0.000      0.000    999.000    999.000

 NARAACC  WITH
    COMBACC            0.000      0.000    999.000    999.000
    WOLDCOMP           0.000      0.000    999.000    999.000

 COMBACC  WITH
    WOLDCOMP           0.000      0.000    999.000    999.000

 F9AGE    WITH
    F8AGE              0.103      0.030      3.446      0.001

 Means
    F8AGE             41.706      1.543     27.026      0.000
    F9AGE             32.138      0.620     51.870      0.000

 Intercepts
    NARAACC            5.461      1.581      3.454      0.001
    NARACOMP           4.884      1.374      3.554      0.000
    WOLDCOMP           3.792      0.840      4.517      0.000
    COMBACC            4.104      1.126      3.644      0.000

 Variances
    F8AGE              1.000      0.000    999.000    999.000
    F9AGE              1.000      0.000    999.000    999.000

 Residual Variances
    NARAACC            0.985      0.012     84.352      0.000
    NARACOMP           0.993      0.007    138.533      0.000
    WOLDCOMP           1.000      0.001   1131.919      0.000
    COMBACC            0.998      0.003    296.930      0.000

Latent Class 3

 COMBACC    ON
    F9AGE              0.049      0.034      1.451      0.147

 NARAACC    ON
    F9AGE              0.122      0.048      2.564      0.010

 NARACOMP   ON
    F9AGE              0.086      0.042      2.067      0.039

 WOLDCOMP   ON
    F8AGE              0.022      0.020      1.092      0.275

 NARACOMP WITH
    NARAACC            0.000      0.000    999.000    999.000
    COMBACC            0.000      0.000    999.000    999.000
    WOLDCOMP           0.000      0.000    999.000    999.000

 NARAACC  WITH
    COMBACC            0.000      0.000    999.000    999.000
    WOLDCOMP           0.000      0.000    999.000    999.000

 COMBACC  WITH
    WOLDCOMP           0.000      0.000    999.000    999.000

 F9AGE    WITH
    F8AGE              0.103      0.030      3.446      0.001

 Means
    F8AGE             46.942      1.687     27.819      0.000
    F9AGE             33.636      0.701     47.972      0.000

 Intercepts
    NARAACC            5.568      1.746      3.189      0.001
    NARACOMP           4.006      1.446      2.771      0.006
    WOLDCOMP           3.636      0.955      3.807      0.000
    COMBACC            4.766      1.242      3.837      0.000

 Variances
    F8AGE              1.000      0.000    999.000    999.000
    F9AGE              1.000      0.000    999.000    999.000

 Residual Variances
    NARAACC            0.985      0.012     84.352      0.000
    NARACOMP           0.993      0.007    138.533      0.000
    WOLDCOMP           1.000      0.001   1131.919      0.000
    COMBACC            0.998      0.003    296.930      0.000

Latent Class 4

 COMBACC    ON
    F9AGE              0.049      0.034      1.451      0.147

 NARAACC    ON
    F9AGE              0.122      0.048      2.564      0.010

 NARACOMP   ON
    F9AGE              0.086      0.042      2.067      0.039

 WOLDCOMP   ON
    F8AGE              0.022      0.020      1.092      0.275

 NARACOMP WITH
    NARAACC            0.000      0.000    999.000    999.000
    COMBACC            0.000      0.000    999.000    999.000
    WOLDCOMP           0.000      0.000    999.000    999.000

 NARAACC  WITH
    COMBACC            0.000      0.000    999.000    999.000
    WOLDCOMP           0.000      0.000    999.000    999.000

 COMBACC  WITH
    WOLDCOMP           0.000      0.000    999.000    999.000

 F9AGE    WITH
    F8AGE              0.103      0.030      3.446      0.001

 Means
    F8AGE             41.706      1.534     27.183      0.000
    F9AGE             32.075      0.619     51.790      0.000

 Intercepts
    NARAACC            7.807      1.596      4.891      0.000
    NARACOMP           6.156      1.335      4.611      0.000
    WOLDCOMP           4.150      0.843      4.925      0.000
    COMBACC            5.956      1.145      5.200      0.000

 Variances
    F8AGE              1.000      0.000    999.000    999.000
    F9AGE              1.000      0.000    999.000    999.000

 Residual Variances
    NARAACC            0.985      0.012     84.352      0.000
    NARACOMP           0.993      0.007    138.533      0.000
    WOLDCOMP           1.000      0.001   1131.919      0.000
    COMBACC            0.998      0.003    296.930      0.000

Latent Class 5

 COMBACC    ON
    F9AGE              0.049      0.034      1.451      0.147

 NARAACC    ON
    F9AGE              0.122      0.048      2.564      0.010

 NARACOMP   ON
    F9AGE              0.086      0.042      2.067      0.039

 WOLDCOMP   ON
    F8AGE              0.022      0.020      1.092      0.275

 NARACOMP WITH
    NARAACC            0.000      0.000    999.000    999.000
    COMBACC            0.000      0.000    999.000    999.000
    WOLDCOMP           0.000      0.000    999.000    999.000

 NARAACC  WITH
    COMBACC            0.000      0.000    999.000    999.000
    WOLDCOMP           0.000      0.000    999.000    999.000

 COMBACC  WITH
    WOLDCOMP           0.000      0.000    999.000    999.000

 F9AGE    WITH
    F8AGE              0.103      0.030      3.446      0.001

 Means
    F8AGE             41.879      1.519     27.567      0.000
    F9AGE             32.070      0.623     51.498      0.000

 Intercepts
    NARAACC            1.576      1.572      1.002      0.316
    NARACOMP           1.666      1.357      1.228      0.219
    WOLDCOMP           3.070      0.839      3.660      0.000
    COMBACC            1.497      1.116      1.341      0.180

 Variances
    F8AGE              1.000      0.000    999.000    999.000
    F9AGE              1.000      0.000    999.000    999.000

 Residual Variances
    NARAACC            0.985      0.012     84.352      0.000
    NARACOMP           0.993      0.007    138.533      0.000
    WOLDCOMP           1.000      0.001   1131.919      0.000
    COMBACC            0.998      0.003    296.930      0.000

Latent Class 6

 COMBACC    ON
    F9AGE              0.049      0.034      1.451      0.147

 NARAACC    ON
    F9AGE              0.122      0.048      2.564      0.010

 NARACOMP   ON
    F9AGE              0.086      0.042      2.067      0.039

 WOLDCOMP   ON
    F8AGE              0.022      0.020      1.092      0.275

 NARACOMP WITH
    NARAACC            0.000      0.000    999.000    999.000
    COMBACC            0.000      0.000    999.000    999.000
    WOLDCOMP           0.000      0.000    999.000    999.000

 NARAACC  WITH
    COMBACC            0.000      0.000    999.000    999.000
    WOLDCOMP           0.000      0.000    999.000    999.000

 COMBACC  WITH
    WOLDCOMP           0.000      0.000    999.000    999.000

 F9AGE    WITH
    F8AGE              0.103      0.030      3.446      0.001

 Means
    F8AGE             42.591      1.511     28.181      0.000
    F9AGE             32.301      0.620     52.135      0.000

 Intercepts
    NARAACC           -1.103      1.558     -0.708      0.479
    NARACOMP          -0.530      1.349     -0.392      0.695
    WOLDCOMP           2.657      0.868      3.060      0.002
    COMBACC           -0.685      1.100     -0.622      0.534

 Variances
    F8AGE              1.000      0.000    999.000    999.000
    F9AGE              1.000      0.000    999.000    999.000

 Residual Variances
    NARAACC            0.985      0.012     84.352      0.000
    NARACOMP           0.993      0.007    138.533      0.000
    WOLDCOMP           1.000      0.001   1131.919      0.000
    COMBACC            0.998      0.003    296.930      0.000

Latent Class 7

 COMBACC    ON
    F9AGE              0.049      0.034      1.451      0.147

 NARAACC    ON
    F9AGE              0.122      0.048      2.564      0.010

 NARACOMP   ON
    F9AGE              0.086      0.042      2.067      0.039

 WOLDCOMP   ON
    F8AGE              0.022      0.020      1.092      0.275

 NARACOMP WITH
    NARAACC            0.000      0.000    999.000    999.000
    COMBACC            0.000      0.000    999.000    999.000
    WOLDCOMP           0.000      0.000    999.000    999.000

 NARAACC  WITH
    COMBACC            0.000      0.000    999.000    999.000
    WOLDCOMP           0.000      0.000    999.000    999.000

 COMBACC  WITH
    WOLDCOMP           0.000      0.000    999.000    999.000

 F9AGE    WITH
    F8AGE              0.103      0.030      3.446      0.001

 Means
    F8AGE             41.828      1.543     27.107      0.000
    F9AGE             32.041      0.620     51.647      0.000

 Intercepts
    NARAACC            3.550      1.562      2.273      0.023
    NARACOMP           2.814      1.339      2.102      0.036
    WOLDCOMP           3.053      0.838      3.642      0.000
    COMBACC            3.832      1.145      3.348      0.001

 Variances
    F8AGE              1.000      0.000    999.000    999.000
    F9AGE              1.000      0.000    999.000    999.000

 Residual Variances
    NARAACC            0.985      0.012     84.352      0.000
    NARACOMP           0.993      0.007    138.533      0.000
    WOLDCOMP           1.000      0.001   1131.919      0.000
    COMBACC            0.998      0.003    296.930      0.000


R-SQUARE

Class 1

    Observed                                        Two-Tailed
    Variable        Estimate       S.E.  Est./S.E.    P-Value

    NARAACC            0.015      0.012      1.282      0.200
    NARACOMP           0.007      0.007      1.034      0.301
    WOLDCOMP           0.000      0.001      0.546      0.585
    COMBACC            0.002      0.003      0.726      0.468

Class 2

    Observed                                        Two-Tailed
    Variable        Estimate       S.E.  Est./S.E.    P-Value

    NARAACC            0.015      0.012      1.282      0.200
    NARACOMP           0.007      0.007      1.034      0.301
    WOLDCOMP           0.000      0.001      0.546      0.585
    COMBACC            0.002      0.003      0.726      0.468

Class 3

    Observed                                        Two-Tailed
    Variable        Estimate       S.E.  Est./S.E.    P-Value

    NARAACC            0.015      0.012      1.282      0.200
    NARACOMP           0.007      0.007      1.034      0.301
    WOLDCOMP           0.000      0.001      0.546      0.585
    COMBACC            0.002      0.003      0.726      0.468

Class 4

    Observed                                        Two-Tailed
    Variable        Estimate       S.E.  Est./S.E.    P-Value

    NARAACC            0.015      0.012      1.282      0.200
    NARACOMP           0.007      0.007      1.034      0.301
    WOLDCOMP           0.000      0.001      0.546      0.585
    COMBACC            0.002      0.003      0.726      0.468

Class 5

    Observed                                        Two-Tailed
    Variable        Estimate       S.E.  Est./S.E.    P-Value

    NARAACC            0.015      0.012      1.282      0.200
    NARACOMP           0.007      0.007      1.034      0.301
    WOLDCOMP           0.000      0.001      0.546      0.585
    COMBACC            0.002      0.003      0.726      0.468

Class 6

    Observed                                        Two-Tailed
    Variable        Estimate       S.E.  Est./S.E.    P-Value

    NARAACC            0.015      0.012      1.282      0.200
    NARACOMP           0.007      0.007      1.034      0.301
    WOLDCOMP           0.000      0.001      0.546      0.585
    COMBACC            0.002      0.003      0.726      0.468

Class 7

    Observed                                        Two-Tailed
    Variable        Estimate       S.E.  Est./S.E.    P-Value

    NARAACC            0.015      0.012      1.282      0.200
    NARACOMP           0.007      0.007      1.034      0.301
    WOLDCOMP           0.000      0.001      0.546      0.585
    COMBACC            0.002      0.003      0.726      0.468


QUALITY OF NUMERICAL RESULTS

     Condition Number for the Information Matrix              0.643E-08
       (ratio of smallest to largest eigenvalue)


CONFIDENCE INTERVALS OF MODEL RESULTS

                  Lower .5%  Lower 2.5%    Lower 5%    Estimate    Upper 5%  Upper 2.5%   Upper .5%

Latent Class 1

 COMBACC  ON
    F9AGE           -0.023      -0.011      -0.004       0.030       0.064       0.070       0.083

 NARAACC  ON
    F9AGE           -0.004       0.057       0.088       0.249       0.411       0.442       0.502

 NARACOMP ON
    F9AGE           -0.022       0.004       0.018       0.089       0.160       0.174       0.200

 WOLDCOMP ON
    F8AGE           -0.021      -0.012      -0.008       0.015       0.039       0.043       0.052

 NARACOMP WITH
    NARAACC          0.000       0.000       0.000       0.000       0.000       0.000       0.000
    COMBACC          0.000       0.000       0.000       0.000       0.000       0.000       0.000
    WOLDCOMP         0.000       0.000       0.000       0.000       0.000       0.000       0.000

 NARAACC  WITH
    COMBACC          0.000       0.000       0.000       0.000       0.000       0.000       0.000
    WOLDCOMP         0.000       0.000       0.000       0.000       0.000       0.000       0.000

 COMBACC  WITH
    WOLDCOMP         0.000       0.000       0.000       0.000       0.000       0.000       0.000

 F9AGE    WITH
    F8AGE            0.180       0.362       0.454       0.939       1.423       1.516       1.697

 Means
    F8AGE          102.623     102.676     102.703     102.843     102.983     103.010     103.062
    F9AGE          117.682     117.789     117.844     118.129     118.415     118.469     118.576

 Intercepts
    NARAACC         20.052      27.100      30.705      49.533      68.361      71.967      79.015
    NARACOMP         2.907       5.999       7.581      15.840      24.099      25.680      28.772
    WOLDCOMP         1.589       2.482       2.938       5.323       7.708       8.165       9.058
    COMBACC          6.043       7.553       8.325      12.358      16.390      17.162      18.672

 Variances
    F8AGE            4.925       5.204       5.347       6.092       6.837       6.980       7.259
    F9AGE           12.261      12.591      12.759      13.639      14.519      14.687      15.017

 Residual Variances
    NARAACC         47.936      49.800      50.753      55.730      60.707      61.661      63.524
    NARACOMP        13.136      13.468      13.639      14.528      15.417      15.588      15.921
    WOLDCOMP         2.765       2.827       2.858       3.024       3.189       3.220       3.282
    COMBACC          4.235       4.404       4.490       4.940       5.391       5.477       5.646

Latent Class 2

 COMBACC  ON
    F9AGE           -0.023      -0.011      -0.004       0.030       0.064       0.070       0.083

 NARAACC  ON
    F9AGE           -0.004       0.057       0.088       0.249       0.411       0.442       0.502

 NARACOMP ON
    F9AGE           -0.022       0.004       0.018       0.089       0.160       0.174       0.200

 WOLDCOMP ON
    F8AGE           -0.021      -0.012      -0.008       0.015       0.039       0.043       0.052

 NARACOMP WITH
    NARAACC          0.000       0.000       0.000       0.000       0.000       0.000       0.000
    COMBACC          0.000       0.000       0.000       0.000       0.000       0.000       0.000
    WOLDCOMP         0.000       0.000       0.000       0.000       0.000       0.000       0.000

 NARAACC  WITH
    COMBACC          0.000       0.000       0.000       0.000       0.000       0.000       0.000
    WOLDCOMP         0.000       0.000       0.000       0.000       0.000       0.000       0.000

 COMBACC  WITH
    WOLDCOMP         0.000       0.000       0.000       0.000       0.000       0.000       0.000

 F9AGE    WITH
    F8AGE            0.180       0.362       0.454       0.939       1.423       1.516       1.697

 Means
    F8AGE          102.658     102.725     102.760     102.940     103.120     103.155     103.222
    F9AGE          117.916     118.100     118.195     118.689     119.183     119.277     119.462

 Intercepts
    NARAACC         11.082      18.254      21.922      41.079      60.236      63.905      71.076
    NARACOMP         5.258       8.468      10.110      18.685      27.261      28.903      32.113
    WOLDCOMP         2.844       3.741       4.200       6.596       8.992       9.451      10.348
    COMBACC          2.793       4.308       5.084       9.133      13.182      13.957      15.473

 Variances
    F8AGE            4.925       5.204       5.347       6.092       6.837       6.980       7.259
    F9AGE           12.261      12.591      12.759      13.639      14.519      14.687      15.017

 Residual Variances
    NARAACC         47.936      49.800      50.753      55.730      60.707      61.661      63.524
    NARACOMP        13.136      13.468      13.639      14.528      15.417      15.588      15.921
    WOLDCOMP         2.765       2.827       2.858       3.024       3.189       3.220       3.282
    COMBACC          4.235       4.404       4.490       4.940       5.391       5.477       5.646

Latent Class 3

 COMBACC  ON
    F9AGE           -0.023      -0.011      -0.004       0.030       0.064       0.070       0.083

 NARAACC  ON
    F9AGE           -0.004       0.057       0.088       0.249       0.411       0.442       0.502

 NARACOMP ON
    F9AGE           -0.022       0.004       0.018       0.089       0.160       0.174       0.200

 WOLDCOMP ON
    F8AGE           -0.021      -0.012      -0.008       0.015       0.039       0.043       0.052

 NARACOMP WITH
    NARAACC          0.000       0.000       0.000       0.000       0.000       0.000       0.000
    COMBACC          0.000       0.000       0.000       0.000       0.000       0.000       0.000
    WOLDCOMP         0.000       0.000       0.000       0.000       0.000       0.000       0.000

 NARAACC  WITH
    COMBACC          0.000       0.000       0.000       0.000       0.000       0.000       0.000
    WOLDCOMP         0.000       0.000       0.000       0.000       0.000       0.000       0.000

 COMBACC  WITH
    WOLDCOMP         0.000       0.000       0.000       0.000       0.000       0.000       0.000

 F9AGE    WITH
    F8AGE            0.180       0.362       0.454       0.939       1.423       1.516       1.697

 Means
    F8AGE          114.663     114.950     115.097     115.865     116.632     116.779     117.067
    F9AGE          122.645     123.022     123.215     124.222     125.229     125.422     125.799

 Intercepts
    NARAACC          8.922      16.802      20.833      41.883      62.933      66.964      74.844
    NARACOMP         1.143       4.533       6.267      15.325      24.382      26.116      29.506
    WOLDCOMP         2.050       3.072       3.594       6.324       9.053       9.576      10.598
    COMBACC          3.711       5.359       6.203      10.606      15.009      15.852      17.501

 Variances
    F8AGE            4.925       5.204       5.347       6.092       6.837       6.980       7.259
    F9AGE           12.261      12.591      12.759      13.639      14.519      14.687      15.017

 Residual Variances
    NARAACC         47.936      49.800      50.753      55.730      60.707      61.661      63.524
    NARACOMP        13.136      13.468      13.639      14.528      15.417      15.588      15.921
    WOLDCOMP         2.765       2.827       2.858       3.024       3.189       3.220       3.282
    COMBACC          4.235       4.404       4.490       4.940       5.391       5.477       5.646

Latent Class 4

 COMBACC  ON
    F9AGE           -0.023      -0.011      -0.004       0.030       0.064       0.070       0.083

 NARAACC  ON
    F9AGE           -0.004       0.057       0.088       0.249       0.411       0.442       0.502

 NARACOMP ON
    F9AGE           -0.022       0.004       0.018       0.089       0.160       0.174       0.200

 WOLDCOMP ON
    F8AGE           -0.021      -0.012      -0.008       0.015       0.039       0.043       0.052

 NARACOMP WITH
    NARAACC          0.000       0.000       0.000       0.000       0.000       0.000       0.000
    COMBACC          0.000       0.000       0.000       0.000       0.000       0.000       0.000
    WOLDCOMP         0.000       0.000       0.000       0.000       0.000       0.000       0.000

 NARAACC  WITH
    COMBACC          0.000       0.000       0.000       0.000       0.000       0.000       0.000
    WOLDCOMP         0.000       0.000       0.000       0.000       0.000       0.000       0.000

 COMBACC  WITH
    WOLDCOMP         0.000       0.000       0.000       0.000       0.000       0.000       0.000

 F9AGE    WITH
    F8AGE            0.180       0.362       0.454       0.939       1.423       1.516       1.697

 Means
    F8AGE          102.657     102.725     102.760     102.940     103.121     103.156     103.224
    F9AGE          117.953     118.074     118.135     118.457     118.778     118.840     118.960

 Intercepts
    NARAACC         28.893      36.025      39.673      58.725      77.777      81.425      88.557
    NARACOMP        10.568      13.673      15.261      23.553      31.846      33.434      36.538
    WOLDCOMP         3.467       4.364       4.822       7.218       9.613      10.071      10.968
    COMBACC          6.977       8.477       9.245      13.254      17.263      18.031      19.532

 Variances
    F8AGE            4.925       5.204       5.347       6.092       6.837       6.980       7.259
    F9AGE           12.261      12.591      12.759      13.639      14.519      14.687      15.017

 Residual Variances
    NARAACC         47.936      49.800      50.753      55.730      60.707      61.661      63.524
    NARACOMP        13.136      13.468      13.639      14.528      15.417      15.588      15.921
    WOLDCOMP         2.765       2.827       2.858       3.024       3.189       3.220       3.282
    COMBACC          4.235       4.404       4.490       4.940       5.391       5.477       5.646

Latent Class 5

 COMBACC  ON
    F9AGE           -0.023      -0.011      -0.004       0.030       0.064       0.070       0.083

 NARAACC  ON
    F9AGE           -0.004       0.057       0.088       0.249       0.411       0.442       0.502

 NARACOMP ON
    F9AGE           -0.022       0.004       0.018       0.089       0.160       0.174       0.200

 WOLDCOMP ON
    F8AGE           -0.021      -0.012      -0.008       0.015       0.039       0.043       0.052

 NARACOMP WITH
    NARAACC          0.000       0.000       0.000       0.000       0.000       0.000       0.000
    COMBACC          0.000       0.000       0.000       0.000       0.000       0.000       0.000
    WOLDCOMP         0.000       0.000       0.000       0.000       0.000       0.000       0.000

 NARAACC  WITH
    COMBACC          0.000       0.000       0.000       0.000       0.000       0.000       0.000
    WOLDCOMP         0.000       0.000       0.000       0.000       0.000       0.000       0.000

 COMBACC  WITH
    WOLDCOMP         0.000       0.000       0.000       0.000       0.000       0.000       0.000

 F9AGE    WITH
    F8AGE            0.180       0.362       0.454       0.939       1.423       1.516       1.697

 Means
    F8AGE          102.857     102.979     103.042     103.368     103.695     103.757     103.879
    F9AGE          117.971     118.082     118.139     118.437     118.734     118.791     118.902

 Intercepts
    NARAACC        -18.451     -11.207      -7.501      11.853      31.206      34.912      42.157
    NARACOMP        -6.965      -3.776      -2.145       6.375      14.895      16.526      19.716
    WOLDCOMP         1.587       2.484       2.943       5.340       7.737       8.196       9.093
    COMBACC         -3.003      -1.489      -0.714       3.331       7.377       8.151       9.666

 Variances
    F8AGE            4.925       5.204       5.347       6.092       6.837       6.980       7.259
    F9AGE           12.261      12.591      12.759      13.639      14.519      14.687      15.017

 Residual Variances
    NARAACC         47.936      49.800      50.753      55.730      60.707      61.661      63.524
    NARACOMP        13.136      13.468      13.639      14.528      15.417      15.588      15.921
    WOLDCOMP         2.765       2.827       2.858       3.024       3.189       3.220       3.282
    COMBACC          4.235       4.404       4.490       4.940       5.391       5.477       5.646

Latent Class 6

 COMBACC  ON
    F9AGE           -0.023      -0.011      -0.004       0.030       0.064       0.070       0.083

 NARAACC  ON
    F9AGE           -0.004       0.057       0.088       0.249       0.411       0.442       0.502

 NARACOMP ON
    F9AGE           -0.022       0.004       0.018       0.089       0.160       0.174       0.200

 WOLDCOMP ON
    F8AGE           -0.021      -0.012      -0.008       0.015       0.039       0.043       0.052

 NARACOMP WITH
    NARAACC          0.000       0.000       0.000       0.000       0.000       0.000       0.000
    COMBACC          0.000       0.000       0.000       0.000       0.000       0.000       0.000
    WOLDCOMP         0.000       0.000       0.000       0.000       0.000       0.000       0.000

 NARAACC  WITH
    COMBACC          0.000       0.000       0.000       0.000       0.000       0.000       0.000
    WOLDCOMP         0.000       0.000       0.000       0.000       0.000       0.000       0.000

 COMBACC  WITH
    WOLDCOMP         0.000       0.000       0.000       0.000       0.000       0.000       0.000

 F9AGE    WITH
    F8AGE            0.180       0.362       0.454       0.939       1.423       1.516       1.697

 Means
    F8AGE          103.806     104.121     104.282     105.124     105.966     106.127     106.442
    F9AGE          118.237     118.489     118.618     119.292     119.967     120.096     120.348

 Intercepts
    NARAACC        -38.581     -31.340     -27.637      -8.295      11.046      14.750      21.990
    NARACOMP       -15.329     -12.148     -10.522      -2.026       6.470       8.097      11.277
    WOLDCOMP         0.734       1.664       2.139       4.621       7.104       7.579       8.508
    COMBACC         -7.854      -6.341      -5.567      -1.523       2.520       3.294       4.808

 Variances
    F8AGE            4.925       5.204       5.347       6.092       6.837       6.980       7.259
    F9AGE           12.261      12.591      12.759      13.639      14.519      14.687      15.017

 Residual Variances
    NARAACC         47.936      49.800      50.753      55.730      60.707      61.661      63.524
    NARACOMP        13.136      13.468      13.639      14.528      15.417      15.588      15.921
    WOLDCOMP         2.765       2.827       2.858       3.024       3.189       3.220       3.282
    COMBACC          4.235       4.404       4.490       4.940       5.391       5.477       5.646

Latent Class 7

 COMBACC  ON
    F9AGE           -0.023      -0.011      -0.004       0.030       0.064       0.070       0.083

 NARAACC  ON
    F9AGE           -0.004       0.057       0.088       0.249       0.411       0.442       0.502

 NARACOMP ON
    F9AGE           -0.022       0.004       0.018       0.089       0.160       0.174       0.200

 WOLDCOMP ON
    F8AGE           -0.021      -0.012      -0.008       0.015       0.039       0.043       0.052

 NARACOMP WITH
    NARAACC          0.000       0.000       0.000       0.000       0.000       0.000       0.000
    COMBACC          0.000       0.000       0.000       0.000       0.000       0.000       0.000
    WOLDCOMP         0.000       0.000       0.000       0.000       0.000       0.000       0.000

 NARAACC  WITH
    COMBACC          0.000       0.000       0.000       0.000       0.000       0.000       0.000
    WOLDCOMP         0.000       0.000       0.000       0.000       0.000       0.000       0.000

 COMBACC  WITH
    WOLDCOMP         0.000       0.000       0.000       0.000       0.000       0.000       0.000

 F9AGE    WITH
    F8AGE            0.180       0.362       0.454       0.939       1.423       1.516       1.697

 Means
    F8AGE          102.969     103.035     103.068     103.242     103.416     103.449     103.514
    F9AGE          117.918     118.017     118.067     118.330     118.592     118.642     118.741

 Intercepts
    NARAACC         -3.177       3.967       7.621      26.704      45.787      49.442      56.585
    NARACOMP        -2.364       0.775       2.380      10.765      19.149      20.755      23.894
    WOLDCOMP         1.557       2.454       2.913       5.310       7.707       8.166       9.063
    COMBACC          2.151       3.675       4.455       8.528      12.601      13.381      14.906

 Variances
    F8AGE            4.925       5.204       5.347       6.092       6.837       6.980       7.259
    F9AGE           12.261      12.591      12.759      13.639      14.519      14.687      15.017

 Residual Variances
    NARAACC         47.936      49.800      50.753      55.730      60.707      61.661      63.524
    NARACOMP        13.136      13.468      13.639      14.528      15.417      15.588      15.921
    WOLDCOMP         2.765       2.827       2.858       3.024       3.189       3.220       3.282
    COMBACC          4.235       4.404       4.490       4.940       5.391       5.477       5.646

Categorical Latent Variables

 Means
    C#1             -0.356      -0.291      -0.257      -0.083       0.090       0.124       0.189
    C#2             -1.157      -1.034      -0.971      -0.643      -0.314      -0.251      -0.128
    C#3             -2.105      -2.029      -1.991      -1.789      -1.587      -1.548      -1.473
    C#4             -0.296      -0.225      -0.189       0.000       0.188       0.224       0.295
    C#5             -0.697      -0.631      -0.598      -0.424      -0.250      -0.217      -0.152
    C#6             -1.788      -1.710      -1.670      -1.461      -1.251      -1.211      -1.133


CONFIDENCE INTERVALS OF STANDARDIZED MODEL RESULTS


STDYX Standardization

                  Lower .5%  Lower 2.5%    Lower 5%    Estimate    Upper 5%  Upper 2.5%   Upper .5%

Latent Class 1

 COMBACC  ON
    F9AGE           -0.038      -0.017      -0.007       0.049       0.105       0.116       0.137

 NARAACC  ON
    F9AGE           -0.001       0.029       0.044       0.122       0.201       0.216       0.245

 NARACOMP ON
    F9AGE           -0.021       0.004       0.018       0.086       0.155       0.168       0.193

 WOLDCOMP ON
    F8AGE           -0.030      -0.017      -0.011       0.022       0.055       0.061       0.074

 NARACOMP WITH
    NARAACC          0.000       0.000       0.000       0.000       0.000       0.000       0.000
    COMBACC          0.000       0.000       0.000       0.000       0.000       0.000       0.000
    WOLDCOMP         0.000       0.000       0.000       0.000       0.000       0.000       0.000

 NARAACC  WITH
    COMBACC          0.000       0.000       0.000       0.000       0.000       0.000       0.000
    WOLDCOMP         0.000       0.000       0.000       0.000       0.000       0.000       0.000

 COMBACC  WITH
    WOLDCOMP         0.000       0.000       0.000       0.000       0.000       0.000       0.000

 F9AGE    WITH
    F8AGE            0.026       0.044       0.054       0.103       0.152       0.162       0.180

 Means
    F8AGE           37.695      38.644      39.130      41.666      44.203      44.689      45.638
    F9AGE           30.397      30.777      30.972      31.986      33.001      33.195      33.575

 Intercepts
    NARAACC          2.544       3.510       4.005       6.585       9.166       9.660      10.626
    NARACOMP         0.735       1.549       1.965       4.140       6.315       6.732       7.546
    WOLDCOMP         0.910       1.424       1.687       3.061       4.434       4.697       5.211
    COMBACC          2.605       3.310       3.670       5.553       7.436       7.796       8.501

 Variances
    F8AGE            1.000       1.000       1.000       1.000       1.000       1.000       1.000
    F9AGE            1.000       1.000       1.000       1.000       1.000       1.000       1.000

 Residual Variances
    NARAACC          0.955       0.962       0.966       0.985       1.004       1.008       1.015
    NARACOMP         0.974       0.979       0.981       0.993       1.004       1.007       1.011
    WOLDCOMP         0.997       0.998       0.998       1.000       1.001       1.001       1.002
    COMBACC          0.989       0.991       0.992       0.998       1.003       1.004       1.006

Latent Class 2

 COMBACC  ON
    F9AGE           -0.038      -0.017      -0.007       0.049       0.105       0.116       0.137

 NARAACC  ON
    F9AGE           -0.001       0.029       0.044       0.122       0.201       0.216       0.245

 NARACOMP ON
    F9AGE           -0.021       0.004       0.018       0.086       0.155       0.168       0.193

 WOLDCOMP ON
    F8AGE           -0.030      -0.017      -0.011       0.022       0.055       0.061       0.074

 NARACOMP WITH
    NARAACC          0.000       0.000       0.000       0.000       0.000       0.000       0.000
    COMBACC          0.000       0.000       0.000       0.000       0.000       0.000       0.000
    WOLDCOMP         0.000       0.000       0.000       0.000       0.000       0.000       0.000

 NARAACC  WITH
    COMBACC          0.000       0.000       0.000       0.000       0.000       0.000       0.000
    WOLDCOMP         0.000       0.000       0.000       0.000       0.000       0.000       0.000

 COMBACC  WITH
    WOLDCOMP         0.000       0.000       0.000       0.000       0.000       0.000       0.000

 F9AGE    WITH
    F8AGE            0.026       0.044       0.054       0.103       0.152       0.162       0.180

 Means
    F8AGE           37.731      38.681      39.167      41.706      44.244      44.731      45.681
    F9AGE           30.542      30.924      31.119      32.138      33.157      33.352      33.734

 Intercepts
    NARAACC          1.389       2.362       2.860       5.461       8.062       8.560       9.534
    NARACOMP         1.344       2.190       2.623       4.884       7.145       7.578       8.424
    WOLDCOMP         1.630       2.147       2.411       3.792       5.174       5.438       5.955
    COMBACC          1.203       1.896       2.251       4.104       5.957       6.312       7.005

 Variances
    F8AGE            1.000       1.000       1.000       1.000       1.000       1.000       1.000
    F9AGE            1.000       1.000       1.000       1.000       1.000       1.000       1.000

 Residual Variances
    NARAACC          0.955       0.962       0.966       0.985       1.004       1.008       1.015
    NARACOMP         0.974       0.979       0.981       0.993       1.004       1.007       1.011
    WOLDCOMP         0.997       0.998       0.998       1.000       1.001       1.001       1.002
    COMBACC          0.989       0.991       0.992       0.998       1.003       1.004       1.006

Latent Class 3

 COMBACC  ON
    F9AGE           -0.038      -0.017      -0.007       0.049       0.105       0.116       0.137

 NARAACC  ON
    F9AGE           -0.001       0.029       0.044       0.122       0.201       0.216       0.245

 NARACOMP ON
    F9AGE           -0.021       0.004       0.018       0.086       0.155       0.168       0.193

 WOLDCOMP ON
    F8AGE           -0.030      -0.017      -0.011       0.022       0.055       0.061       0.074

 NARACOMP WITH
    NARAACC          0.000       0.000       0.000       0.000       0.000       0.000       0.000
    COMBACC          0.000       0.000       0.000       0.000       0.000       0.000       0.000
    WOLDCOMP         0.000       0.000       0.000       0.000       0.000       0.000       0.000

 NARAACC  WITH
    COMBACC          0.000       0.000       0.000       0.000       0.000       0.000       0.000
    WOLDCOMP         0.000       0.000       0.000       0.000       0.000       0.000       0.000

 COMBACC  WITH
    WOLDCOMP         0.000       0.000       0.000       0.000       0.000       0.000       0.000

 F9AGE    WITH
    F8AGE            0.026       0.044       0.054       0.103       0.152       0.162       0.180

 Means
    F8AGE           42.596      43.635      44.166      46.942      49.718      50.250      51.289
    F9AGE           31.830      32.262      32.483      33.636      34.790      35.010      35.442

 Intercepts
    NARAACC          1.071       2.146       2.696       5.568       8.440       8.990      10.065
    NARACOMP         0.282       1.172       1.627       4.006       6.384       6.839       7.730
    WOLDCOMP         1.176       1.764       2.065       3.636       5.207       5.508       6.096
    COMBACC          1.566       2.331       2.722       4.766       6.809       7.201       7.965

 Variances
    F8AGE            1.000       1.000       1.000       1.000       1.000       1.000       1.000
    F9AGE            1.000       1.000       1.000       1.000       1.000       1.000       1.000

 Residual Variances
    NARAACC          0.955       0.962       0.966       0.985       1.004       1.008       1.015
    NARACOMP         0.974       0.979       0.981       0.993       1.004       1.007       1.011
    WOLDCOMP         0.997       0.998       0.998       1.000       1.001       1.001       1.002
    COMBACC          0.989       0.991       0.992       0.998       1.003       1.004       1.006

Latent Class 4

 COMBACC  ON
    F9AGE           -0.038      -0.017      -0.007       0.049       0.105       0.116       0.137

 NARAACC  ON
    F9AGE           -0.001       0.029       0.044       0.122       0.201       0.216       0.245

 NARACOMP ON
    F9AGE           -0.021       0.004       0.018       0.086       0.155       0.168       0.193

 WOLDCOMP ON
    F8AGE           -0.030      -0.017      -0.011       0.022       0.055       0.061       0.074

 NARACOMP WITH
    NARAACC          0.000       0.000       0.000       0.000       0.000       0.000       0.000
    COMBACC          0.000       0.000       0.000       0.000       0.000       0.000       0.000
    WOLDCOMP         0.000       0.000       0.000       0.000       0.000       0.000       0.000

 NARAACC  WITH
    COMBACC          0.000       0.000       0.000       0.000       0.000       0.000       0.000
    WOLDCOMP         0.000       0.000       0.000       0.000       0.000       0.000       0.000

 COMBACC  WITH
    WOLDCOMP         0.000       0.000       0.000       0.000       0.000       0.000       0.000

 F9AGE    WITH
    F8AGE            0.026       0.044       0.054       0.103       0.152       0.162       0.180

 Means
    F8AGE           37.754      38.699      39.182      41.706      44.230      44.713      45.658
    F9AGE           30.480      30.861      31.056      32.075      33.094      33.289      33.670

 Intercepts
    NARAACC          3.696       4.679       5.182       7.807      10.433      10.936      11.919
    NARACOMP         2.717       3.539       3.960       6.156       8.353       8.774       9.596
    WOLDCOMP         1.979       2.498       2.764       4.150       5.536       5.801       6.320
    COMBACC          3.006       3.711       4.072       5.956       7.840       8.201       8.906

 Variances
    F8AGE            1.000       1.000       1.000       1.000       1.000       1.000       1.000
    F9AGE            1.000       1.000       1.000       1.000       1.000       1.000       1.000

 Residual Variances
    NARAACC          0.955       0.962       0.966       0.985       1.004       1.008       1.015
    NARACOMP         0.974       0.979       0.981       0.993       1.004       1.007       1.011
    WOLDCOMP         0.997       0.998       0.998       1.000       1.001       1.001       1.002
    COMBACC          0.989       0.991       0.992       0.998       1.003       1.004       1.006

Latent Class 5

 COMBACC  ON
    F9AGE           -0.038      -0.017      -0.007       0.049       0.105       0.116       0.137

 NARAACC  ON
    F9AGE           -0.001       0.029       0.044       0.122       0.201       0.216       0.245

 NARACOMP ON
    F9AGE           -0.021       0.004       0.018       0.086       0.155       0.168       0.193

 WOLDCOMP ON
    F8AGE           -0.030      -0.017      -0.011       0.022       0.055       0.061       0.074

 NARACOMP WITH
    NARAACC          0.000       0.000       0.000       0.000       0.000       0.000       0.000
    COMBACC          0.000       0.000       0.000       0.000       0.000       0.000       0.000
    WOLDCOMP         0.000       0.000       0.000       0.000       0.000       0.000       0.000

 NARAACC  WITH
    COMBACC          0.000       0.000       0.000       0.000       0.000       0.000       0.000
    WOLDCOMP         0.000       0.000       0.000       0.000       0.000       0.000       0.000

 COMBACC  WITH
    WOLDCOMP         0.000       0.000       0.000       0.000       0.000       0.000       0.000

 F9AGE    WITH
    F8AGE            0.026       0.044       0.054       0.103       0.152       0.162       0.180

 Means
    F8AGE           37.966      38.902      39.380      41.879      44.378      44.857      45.792
    F9AGE           30.466      30.849      31.045      32.070      33.094      33.290      33.674

 Intercepts
    NARAACC         -2.474      -1.505      -1.010       1.576       4.162       4.657       5.625
    NARACOMP        -1.828      -0.993      -0.565       1.666       3.898       4.325       5.161
    WOLDCOMP         0.909       1.426       1.690       3.070       4.450       4.715       5.231
    COMBACC         -1.378      -0.691      -0.339       1.497       3.333       3.685       4.372

 Variances
    F8AGE            1.000       1.000       1.000       1.000       1.000       1.000       1.000
    F9AGE            1.000       1.000       1.000       1.000       1.000       1.000       1.000

 Residual Variances
    NARAACC          0.955       0.962       0.966       0.985       1.004       1.008       1.015
    NARACOMP         0.974       0.979       0.981       0.993       1.004       1.007       1.011
    WOLDCOMP         0.997       0.998       0.998       1.000       1.001       1.001       1.002
    COMBACC          0.989       0.991       0.992       0.998       1.003       1.004       1.006

Latent Class 6

 COMBACC  ON
    F9AGE           -0.038      -0.017      -0.007       0.049       0.105       0.116       0.137

 NARAACC  ON
    F9AGE           -0.001       0.029       0.044       0.122       0.201       0.216       0.245

 NARACOMP ON
    F9AGE           -0.021       0.004       0.018       0.086       0.155       0.168       0.193

 WOLDCOMP ON
    F8AGE           -0.030      -0.017      -0.011       0.022       0.055       0.061       0.074

 NARACOMP WITH
    NARAACC          0.000       0.000       0.000       0.000       0.000       0.000       0.000
    COMBACC          0.000       0.000       0.000       0.000       0.000       0.000       0.000
    WOLDCOMP         0.000       0.000       0.000       0.000       0.000       0.000       0.000

 NARAACC  WITH
    COMBACC          0.000       0.000       0.000       0.000       0.000       0.000       0.000
    WOLDCOMP         0.000       0.000       0.000       0.000       0.000       0.000       0.000

 COMBACC  WITH
    WOLDCOMP         0.000       0.000       0.000       0.000       0.000       0.000       0.000

 F9AGE    WITH
    F8AGE            0.026       0.044       0.054       0.103       0.152       0.162       0.180

 Means
    F8AGE           38.698      39.628      40.105      42.591      45.077      45.553      46.483
    F9AGE           30.705      31.087      31.282      32.301      33.321      33.516      33.897

 Intercepts
    NARAACC         -5.116      -4.156      -3.666      -1.103       1.460       1.951       2.910
    NARACOMP        -4.005      -3.174      -2.749      -0.530       1.690       2.115       2.946
    WOLDCOMP         0.421       0.955       1.229       2.657       4.085       4.359       4.894
    COMBACC         -3.519      -2.841      -2.495      -0.685       1.126       1.472       2.150

 Variances
    F8AGE            1.000       1.000       1.000       1.000       1.000       1.000       1.000
    F9AGE            1.000       1.000       1.000       1.000       1.000       1.000       1.000

 Residual Variances
    NARAACC          0.955       0.962       0.966       0.985       1.004       1.008       1.015
    NARACOMP         0.974       0.979       0.981       0.993       1.004       1.007       1.011
    WOLDCOMP         0.997       0.998       0.998       1.000       1.001       1.001       1.002
    COMBACC          0.989       0.991       0.992       0.998       1.003       1.004       1.006

Latent Class 7

 COMBACC  ON
    F9AGE           -0.038      -0.017      -0.007       0.049       0.105       0.116       0.137

 NARAACC  ON
    F9AGE           -0.001       0.029       0.044       0.122       0.201       0.216       0.245

 NARACOMP ON
    F9AGE           -0.021       0.004       0.018       0.086       0.155       0.168       0.193

 WOLDCOMP ON
    F8AGE           -0.030      -0.017      -0.011       0.022       0.055       0.061       0.074

 NARACOMP WITH
    NARAACC          0.000       0.000       0.000       0.000       0.000       0.000       0.000
    COMBACC          0.000       0.000       0.000       0.000       0.000       0.000       0.000
    WOLDCOMP         0.000       0.000       0.000       0.000       0.000       0.000       0.000

 NARAACC  WITH
    COMBACC          0.000       0.000       0.000       0.000       0.000       0.000       0.000
    WOLDCOMP         0.000       0.000       0.000       0.000       0.000       0.000       0.000

 COMBACC  WITH
    WOLDCOMP         0.000       0.000       0.000       0.000       0.000       0.000       0.000

 F9AGE    WITH
    F8AGE            0.026       0.044       0.054       0.103       0.152       0.162       0.180

 Means
    F8AGE           37.853      38.804      39.290      41.828      44.366      44.853      45.803
    F9AGE           30.443      30.825      31.020      32.041      33.061      33.257      33.639

 Intercepts
    NARAACC         -0.473       0.489       0.981       3.550       6.120       6.612       7.573
    NARACOMP        -0.634       0.190       0.612       2.814       5.016       5.437       6.262
    WOLDCOMP         0.894       1.410       1.674       3.053       4.432       4.696       5.213
    COMBACC          0.884       1.589       1.949       3.832       5.715       6.076       6.781

 Variances
    F8AGE            1.000       1.000       1.000       1.000       1.000       1.000       1.000
    F9AGE            1.000       1.000       1.000       1.000       1.000       1.000       1.000

 Residual Variances
    NARAACC          0.955       0.962       0.966       0.985       1.004       1.008       1.015
    NARACOMP         0.974       0.979       0.981       0.993       1.004       1.007       1.011
    WOLDCOMP         0.997       0.998       0.998       1.000       1.001       1.001       1.002
    COMBACC          0.989       0.991       0.992       0.998       1.003       1.004       1.006


TECHNICAL 7 OUTPUT


     SAMPLE STATISTICS WEIGHTED BY ESTIMATED CLASS PROBABILITIES FOR CLASS 1


           Means
              NARAACC       NARACOMP      WOLDCOMP      COMBACC       F8AGE
              ________      ________      ________      ________      ________
               78.973        26.371         6.914        15.872       102.833


           Means
              F9AGE
              ________
              118.129


           Covariances
              NARAACC       NARACOMP      WOLDCOMP      COMBACC       F8AGE
              ________      ________      ________      ________      ________
 NARAACC       63.561
 NARACOMP       3.831        15.379
 WOLDCOMP      -0.989         0.561         2.557
 COMBACC        1.801         0.071        -0.091         4.185
 F8AGE         -5.755         1.515         0.109        -1.258         3.847
 F9AGE          3.810         1.096        -1.335         0.103       -14.560


           Covariances
              F9AGE
              ________
 F9AGE         11.469


     SAMPLE STATISTICS WEIGHTED BY ESTIMATED CLASS PROBABILITIES FOR CLASS 2


           Means
              NARAACC       NARACOMP      WOLDCOMP      COMBACC       F8AGE
              ________      ________      ________      ________      ________
               70.658        29.266         8.189        12.664       102.924


           Means
              F9AGE
              ________
              118.689


           Covariances
              NARAACC       NARACOMP      WOLDCOMP      COMBACC       F8AGE
              ________      ________      ________      ________      ________
 NARAACC       56.934
 NARACOMP       2.219        14.949
 WOLDCOMP      -0.534         1.436         2.693
 COMBACC       -0.604        -0.069         0.022         5.390
 F8AGE          1.114         3.490         0.029        -0.159         3.840
 F9AGE          3.271         1.785        -2.831         0.270       -23.404


           Covariances
              F9AGE
              ________
 F9AGE         13.953


     SAMPLE STATISTICS WEIGHTED BY ESTIMATED CLASS PROBABILITIES FOR CLASS 3


           Means
              NARAACC       NARACOMP      WOLDCOMP      COMBACC       F8AGE
              ________      ________      ________      ________      ________
               72.841        26.399         8.115        14.300       115.777


           Means
              F9AGE
              ________
              124.222


           Covariances
              NARAACC       NARACOMP      WOLDCOMP      COMBACC       F8AGE
              ________      ________      ________      ________      ________
 NARAACC      164.373
 NARACOMP      28.208        27.209
 WOLDCOMP      -6.615         3.491         3.965
 COMBACC       18.409         3.075         0.708         7.701
 F8AGE        -73.383       -23.026         0.010        14.309        11.075
 F9AGE         14.205         1.426        -9.475         0.157      -146.408


           Covariances
              F9AGE
              ________
 F9AGE         25.266


     SAMPLE STATISTICS WEIGHTED BY ESTIMATED CLASS PROBABILITIES FOR CLASS 4


           Means
              NARAACC       NARACOMP      WOLDCOMP      COMBACC       F8AGE
              ________      ________      ________      ________      ________
               88.246        34.113         8.810        16.779       102.923


           Means
              F9AGE
              ________
              118.457


           Covariances
              NARAACC       NARACOMP      WOLDCOMP      COMBACC       F8AGE
              ________      ________      ________      ________      ________
 NARAACC       39.146
 NARACOMP       3.881        14.054
 WOLDCOMP       0.087         1.703         3.391
 COMBACC        3.661        -0.045        -0.036         3.857
 F8AGE         -3.264         1.831         0.139         0.612         5.220
 F9AGE          3.288         1.049        -2.764         0.156       -26.010


           Covariances
              F9AGE
              ________
 F9AGE         13.137


     SAMPLE STATISTICS WEIGHTED BY ESTIMATED CLASS PROBABILITIES FOR CLASS 5


           Means
              NARAACC       NARACOMP      WOLDCOMP      COMBACC       F8AGE
              ________      ________      ________      ________      ________
               41.369        16.934         6.939         6.855       103.337


           Means
              F9AGE
              ________
              118.437


           Covariances
              NARAACC       NARACOMP      WOLDCOMP      COMBACC       F8AGE
              ________      ________      ________      ________      ________
 NARAACC       47.690
 NARACOMP      12.132        12.063
 WOLDCOMP      -1.069         2.351         3.118
 COMBACC        3.352         0.049        -0.356         5.579
 F8AGE         -1.816        18.526         0.215        -0.835         7.691
 F9AGE          1.857         0.756        -3.649         0.436       -46.623


           Covariances
              F9AGE
              ________
 F9AGE         12.889


     SAMPLE STATISTICS WEIGHTED BY ESTIMATED CLASS PROBABILITIES FOR CLASS 6


           Means
              NARAACC       NARACOMP      WOLDCOMP      COMBACC       F8AGE
              ________      ________      ________      ________      ________
               21.434         8.609         6.247         2.021       105.084


           Means
              F9AGE
              ________
              119.292


           Covariances
              NARAACC       NARACOMP      WOLDCOMP      COMBACC       F8AGE
              ________      ________      ________      ________      ________
 NARAACC       59.750
 NARACOMP      21.445        14.973
 WOLDCOMP       0.233         1.088         3.467
 COMBACC        5.678         2.557         0.895         3.682
 F8AGE         19.139         8.453        -0.138        12.644        23.717
 F9AGE          4.303         1.274        -4.539         1.192       -55.733


           Covariances
              F9AGE
              ________
 F9AGE         21.863


     SAMPLE STATISTICS WEIGHTED BY ESTIMATED CLASS PROBABILITIES FOR CLASS 7


           Means
              NARAACC       NARACOMP      WOLDCOMP      COMBACC       F8AGE
              ________      ________      ________      ________      ________
               56.194        21.314         6.907        12.049       103.224


           Means
              F9AGE
              ________
              118.330


           Covariances
              NARAACC       NARACOMP      WOLDCOMP      COMBACC       F8AGE
              ________      ________      ________      ________      ________
 NARAACC       54.450
 NARACOMP       4.039        13.876
 WOLDCOMP      -2.192         1.695         2.995
 COMBACC        3.073        -0.768        -0.181         5.939
 F8AGE         -6.488         6.512        -0.056        -2.001         5.057
 F9AGE          2.192         1.446        -2.233         0.681       -24.987


           Covariances
              F9AGE
              ________
 F9AGE         12.612


TECHNICAL 11 OUTPUT

     Random Starts Specifications for the k-1 Class Analysis Model
        Number of initial stage random starts                  20
        Number of final stage optimizations                     4



     VUONG-LO-MENDELL-RUBIN LIKELIHOOD RATIO TEST FOR 6 (H0) VERSUS 7 CLASSES

          H0 Loglikelihood Value                       -55538.359
          2 Times the Loglikelihood Difference            210.800
          Difference in the Number of Parameters                7
          Mean                                             -0.782
          Standard Deviation                               67.504
          P-Value                                          0.0017

     LO-MENDELL-RUBIN ADJUSTED LRT TEST

          Value                                           207.163
          P-Value                                          0.0019


TECHNICAL 14 OUTPUT

     Random Starts Specifications for the k-1 Class Analysis Model
        Number of initial stage random starts                  20
        Number of final stage optimizations                     4

     Random Starts Specification for the k-1 Class Model for Generated Data
        Number of initial stage random starts                   0
        Number of final stage optimizations for the
           initial stage random starts                          0
     Random Starts Specification for the k Class Model for Generated Data
        Number of initial stage random starts                 100
        Number of final stage optimizations                    20
     Number of bootstrap draws requested                   Varies


     PARAMETRIC BOOTSTRAPPED LIKELIHOOD RATIO TEST FOR 6 (H0) VERSUS 7 CLASSES

          H0 Loglikelihood Value                       -55538.359
          2 Times the Loglikelihood Difference            210.800
          Difference in the Number of Parameters                7
          Approximate P-Value                              0.0000
          Successful Bootstrap Draws                            5


PLOT INFORMATION

The following plots are available:

  Histograms (sample values)
  Scatterplots (sample values)
  Estimated overall and class-specific distributions

SAVEDATA INFORMATION


  Save file
    sv_lpa_a_7class.dat

  Order and format of variables

    NARAACC        F10.3
    NARACOMP       F10.3
    WOLDCOMP       F10.3
    COMBACC        F10.3
    F8AGE          F10.3
    F9AGE          F10.3
    CPROB1         F10.3
    CPROB2         F10.3
    CPROB3         F10.3
    CPROB4         F10.3
    CPROB5         F10.3
    CPROB6         F10.3
    CPROB7         F10.3
    C              F10.3
    CIDB3153       I6

  Save file format
    14F10.3 I6

  Save file record length    10000

  Save missing symbol        *


     Beginning Time:  12:48:54
        Ending Time:  12:49:35
       Elapsed Time:  00:00:41



MUTHEN & MUTHEN
3463 Stoner Ave.
Los Angeles, CA  90066

Tel: (310) 391-9971
Fax: (310) 391-8971
Web: www.StatModel.com
Support: Support@StatModel.com

Copyright (c) 1998-2020 Muthen & Muthen
