Mplus VERSION 8.5
MUTHEN & MUTHEN
08/16/2021  11:15 AM

INPUT INSTRUCTIONS

  TITLE:
   LPA Model B: 5 classes;
  DATA:
  FILE = "mplus_models/simpview/lpa_comp/sv_lpa_mbench_576296b10d9f155ad9363f1cbb7ab8da.dat"

  VARIABLE:
  NAMES = cidB3153 f8age f9age naraAcc naraComp woldComp combAcc;
   MISSING=.;
    idvariable = cidB3153; classes = c(5);
  ANALYSIS:
   estimator = mlr; type = mixture;
                                                     starts = 0;
                                                     optseed = 139885;
                                                     k-1starts = 10000 2500;
  MODEL:
  %OVERALL%
             f8age; f9age;
             combAcc naraAcc naraComp on f9age;
             woldcomp on f8age;

   naraComp; naraAcc; combAcc; woldComp;

    naraComp with naraAcc;
    naraComp with combAcc;
    naraComp with woldComp;
    naraAcc with combAcc;
    naraAcc with woldComp;
    combAcc with woldComp;
  OUTPUT:
   TECH7 TECH11;
  PLOT:
  TYPE = PLOT3;



*** WARNING
  Input line exceeded 90 characters. Some input may be truncated.
  FILE = "mplus_models/simpview/lpa_comp/sv_lpa_mbench_576296b10d9f155ad9363f1cbb7ab8da.dat";
   1 WARNING(S) FOUND IN THE INPUT INSTRUCTIONS




LPA Model B: 5 classes;

SUMMARY OF ANALYSIS

Number of groups                                                 1
Number of observations                                        3423

Number of dependent variables                                    4
Number of independent variables                                  2
Number of continuous latent variables                            0
Number of categorical latent variables                           1

Observed dependent variables

  Continuous
   NARAACC     NARACOMP    WOLDCOMP    COMBACC

Observed independent variables
   F8AGE       F9AGE

Categorical latent variables
   C

Variables with special functions

  ID variable           CIDB3153

Estimator                                                      MLR
Information matrix                                        OBSERVED
Optimization Specifications for the Quasi-Newton Algorithm for
Continuous Outcomes
  Maximum number of iterations                                 100
  Convergence criterion                                  0.100D-05
Optimization Specifications for the EM Algorithm
  Maximum number of iterations                                 500
  Convergence criteria
    Loglikelihood change                                 0.100D-06
    Relative loglikelihood change                        0.100D-06
    Derivative                                           0.100D-05
Optimization Specifications for the M step of the EM Algorithm for
Categorical Latent variables
  Number of M step iterations                                    1
  M step convergence criterion                           0.100D-05
  Basis for M step termination                           ITERATION
Optimization Specifications for the M step of the EM Algorithm for
Censored, Binary or Ordered Categorical (Ordinal), Unordered
Categorical (Nominal) and Count Outcomes
  Number of M step iterations                                    1
  M step convergence criterion                           0.100D-05
  Basis for M step termination                           ITERATION
  Maximum value for logit thresholds                            15
  Minimum value for logit thresholds                           -15
  Minimum expected cell size for chi-square              0.100D-01
Maximum number of iterations for H1                           2000
Convergence criterion for H1                             0.100D-03
Optimization algorithm                                         EMA
Random Starts Specifications
  Random seed for analysis                                  139885

Input data file(s)
  mplus_models/simpview/lpa_comp/sv_lpa_mbench_576296b10d9f155ad9363f1cbb7ab8da.
Input data format  FREE


SUMMARY OF DATA

     Number of missing data patterns             5
     Number of y missing data patterns           5
     Number of u missing data patterns           0


COVARIANCE COVERAGE OF DATA

Minimum covariance coverage value   0.100


     PROPORTION OF DATA PRESENT FOR Y


           Covariance Coverage
              NARAACC       NARACOMP      WOLDCOMP      COMBACC       F8AGE
              ________      ________      ________      ________      ________
 NARAACC        1.000
 NARACOMP       1.000         1.000
 WOLDCOMP       0.852         0.852         0.852
 COMBACC        0.996         0.996         0.850         0.996
 F8AGE          0.861         0.861         0.852         0.858         0.861
 F9AGE          1.000         1.000         0.852         0.996         0.861


           Covariance Coverage
              F9AGE
              ________
 F9AGE          1.000



UNIVARIATE SAMPLE STATISTICS


     UNIVARIATE HIGHER-ORDER MOMENT DESCRIPTIVE STATISTICS

         Variable/         Mean/     Skewness/   Minimum/ % with                Percentiles
        Sample Size      Variance    Kurtosis    Maximum  Min/Max      20%/60%    40%/80%    Median

     NARAACC              66.334      -0.525       0.000    0.06%      48.000     62.000     69.000
            3423.000     417.180      -0.469     100.000    0.06%      76.000     86.000
     NARACOMP             25.018      -0.273       0.000    0.09%      18.000     23.000     25.000
            3423.000      62.018      -0.237      44.000    0.03%      28.000     32.000
     WOLDCOMP              7.517       0.082       2.000    0.41%       6.000      7.000      7.000
            2917.000       3.758       0.190      15.000    0.03%       8.000      9.000
     COMBACC              12.788      -0.783       0.000    1.44%       9.000     13.000     14.000
            3408.000      21.534      -0.011      20.000    1.44%      15.000     17.000
     F8AGE               103.533       2.579      94.000    0.03%     102.000    102.000    103.000
            2947.000      11.227       8.561     126.000    0.03%     103.000    105.000
     F9AGE               118.643       1.305     105.000    0.03%     116.000    117.000    118.000
            3423.000      14.907       2.626     139.000    0.06%     119.000    121.000


THE MODEL ESTIMATION TERMINATED NORMALLY



MODEL FIT INFORMATION

Number of Free Parameters                       51

Loglikelihood

          H0 Value                      -54670.919
          H0 Scaling Correction Factor      1.3724
            for MLR

Information Criteria

          Akaike (AIC)                  109443.838
          Bayesian (BIC)                109756.890
          Sample-Size Adjusted BIC      109594.839
            (n* = (n + 2) / 24)



FINAL CLASS COUNTS AND PROPORTIONS FOR THE LATENT CLASSES
BASED ON THE ESTIMATED MODEL

    Latent
   Classes

       1        129.71227          0.03789
       2        199.30345          0.05822
       3       2374.90511          0.69381
       4        504.54125          0.14740
       5        214.53792          0.06268


FINAL CLASS COUNTS AND PROPORTIONS FOR THE LATENT CLASSES
BASED ON ESTIMATED POSTERIOR PROBABILITIES

    Latent
   Classes

       1        129.71227          0.03789
       2        199.30345          0.05822
       3       2374.90511          0.69381
       4        504.54125          0.14740
       5        214.53792          0.06268


FINAL CLASS COUNTS AND PROPORTIONS FOR THE LATENT CLASSES
BASED ON THEIR MOST LIKELY LATENT CLASS MEMBERSHIP

Class Counts and Proportions

    Latent
   Classes

       1              107          0.03126
       2              162          0.04733
       3             2477          0.72363
       4              469          0.13701
       5              208          0.06077


CLASSIFICATION QUALITY

     Entropy                         0.827


Average Latent Class Probabilities for Most Likely Latent Class Membership (Row)
by Latent Class (Column)

           1        2        3        4        5

    1   0.911    0.055    0.011    0.009    0.014
    2   0.020    0.887    0.065    0.021    0.007
    3   0.005    0.016    0.916    0.046    0.018
    4   0.009    0.015    0.153    0.816    0.007
    5   0.060    0.016    0.114    0.021    0.790


Classification Probabilities for the Most Likely Latent Class Membership (Column)
by Latent Class (Row)

           1        2        3        4        5

    1   0.752    0.025    0.097    0.031    0.096
    2   0.029    0.721    0.197    0.036    0.016
    3   0.000    0.004    0.955    0.030    0.010
    4   0.002    0.007    0.225    0.758    0.009
    5   0.007    0.005    0.206    0.016    0.766


Logits for the Classification Probabilities for the Most Likely Latent Class Membership (Column)
by Latent Class (Row)

              1        2        3        4        5

    1      2.062   -1.353    0.013   -1.124    0.000
    2      0.584    3.786    2.488    0.793    0.000
    3     -3.002   -0.804    4.565    1.112    0.000
    4     -1.521   -0.282    3.246    4.463    0.000
    5     -4.691   -4.962   -1.314   -3.876    0.000


MODEL RESULTS

                                                    Two-Tailed
                    Estimate       S.E.  Est./S.E.    P-Value

Latent Class 1

 COMBACC    ON
    F9AGE              0.026      0.033      0.799      0.424

 NARAACC    ON
    F9AGE              0.370      0.150      2.468      0.014

 NARACOMP   ON
    F9AGE              0.099      0.063      1.579      0.114

 WOLDCOMP   ON
    F8AGE              0.028      0.023      1.193      0.233

 NARACOMP WITH
    NARAACC           87.273      3.671     23.773      0.000
    COMBACC           13.241      0.806     16.427      0.000
    WOLDCOMP           5.457      0.287     19.028      0.000

 NARAACC  WITH
    COMBACC           43.008      2.265     18.987      0.000
    WOLDCOMP           8.713      0.718     12.135      0.000

 COMBACC  WITH
    WOLDCOMP           1.323      0.162      8.149      0.000

 F9AGE    WITH
    F8AGE              0.228      0.212      1.073      0.283

 Means
    F8AGE            116.683      0.519    224.670      0.000
    F9AGE            123.104      0.613    200.950      0.000

 Intercepts
    NARAACC           16.197     18.102      0.895      0.371
    NARACOMP          11.088      7.577      1.463      0.143
    WOLDCOMP           4.668      2.710      1.723      0.085
    COMBACC            8.806      4.009      2.197      0.028

 Variances
    F8AGE              2.831      0.140     20.209      0.000
    F9AGE              8.654      0.547     15.835      0.000

 Residual Variances
    NARAACC          284.581     10.320     27.576      0.000
    NARACOMP          46.389      1.418     32.718      0.000
    WOLDCOMP           3.693      0.101     36.463      0.000
    COMBACC           11.880      0.565     21.032      0.000

Latent Class 2

 COMBACC    ON
    F9AGE              0.026      0.033      0.799      0.424

 NARAACC    ON
    F9AGE              0.370      0.150      2.468      0.014

 NARACOMP   ON
    F9AGE              0.099      0.063      1.579      0.114

 WOLDCOMP   ON
    F8AGE              0.028      0.023      1.193      0.233

 NARACOMP WITH
    NARAACC           87.273      3.671     23.773      0.000
    COMBACC           13.241      0.806     16.427      0.000
    WOLDCOMP           5.457      0.287     19.028      0.000

 NARAACC  WITH
    COMBACC           43.008      2.265     18.987      0.000
    WOLDCOMP           8.713      0.718     12.135      0.000

 COMBACC  WITH
    WOLDCOMP           1.323      0.162      8.149      0.000

 F9AGE    WITH
    F8AGE              0.228      0.212      1.073      0.283

 Means
    F8AGE            109.376      0.508    215.352      0.000
    F9AGE            119.704      0.394    303.441      0.000

 Intercepts
    NARAACC           20.390     18.345      1.111      0.266
    NARACOMP          12.130      7.615      1.593      0.111
    WOLDCOMP           4.340      2.573      1.687      0.092
    COMBACC            9.264      4.041      2.292      0.022

 Variances
    F8AGE              2.831      0.140     20.209      0.000
    F9AGE              8.654      0.547     15.835      0.000

 Residual Variances
    NARAACC          284.581     10.320     27.576      0.000
    NARACOMP          46.389      1.418     32.718      0.000
    WOLDCOMP           3.693      0.101     36.463      0.000
    COMBACC           11.880      0.565     21.032      0.000

Latent Class 3

 COMBACC    ON
    F9AGE              0.026      0.033      0.799      0.424

 NARAACC    ON
    F9AGE              0.370      0.150      2.468      0.014

 NARACOMP   ON
    F9AGE              0.099      0.063      1.579      0.114

 WOLDCOMP   ON
    F8AGE              0.028      0.023      1.193      0.233

 NARACOMP WITH
    NARAACC           87.273      3.671     23.773      0.000
    COMBACC           13.241      0.806     16.427      0.000
    WOLDCOMP           5.457      0.287     19.028      0.000

 NARAACC  WITH
    COMBACC           43.008      2.265     18.987      0.000
    WOLDCOMP           8.713      0.718     12.135      0.000

 COMBACC  WITH
    WOLDCOMP           1.323      0.162      8.149      0.000

 F9AGE    WITH
    F8AGE              0.228      0.212      1.073      0.283

 Means
    F8AGE            102.646      0.050   2052.580      0.000
    F9AGE            117.676      0.118    999.021      0.000

 Intercepts
    NARAACC           28.684     17.604      1.629      0.103
    NARACOMP          15.349      7.353      2.087      0.037
    WOLDCOMP           4.792      2.374      2.019      0.044
    COMBACC           11.235      3.894      2.885      0.004

 Variances
    F8AGE              2.831      0.140     20.209      0.000
    F9AGE              8.654      0.547     15.835      0.000

 Residual Variances
    NARAACC          284.581     10.320     27.576      0.000
    NARACOMP          46.389      1.418     32.718      0.000
    WOLDCOMP           3.693      0.101     36.463      0.000
    COMBACC           11.880      0.565     21.032      0.000

Latent Class 4

 COMBACC    ON
    F9AGE              0.026      0.033      0.799      0.424

 NARAACC    ON
    F9AGE              0.370      0.150      2.468      0.014

 NARACOMP   ON
    F9AGE              0.099      0.063      1.579      0.114

 WOLDCOMP   ON
    F8AGE              0.028      0.023      1.193      0.233

 NARACOMP WITH
    NARAACC           87.273      3.671     23.773      0.000
    COMBACC           13.241      0.806     16.427      0.000
    WOLDCOMP           5.457      0.287     19.028      0.000

 NARAACC  WITH
    COMBACC           43.008      2.265     18.987      0.000
    WOLDCOMP           8.713      0.718     12.135      0.000

 COMBACC  WITH
    WOLDCOMP           1.323      0.162      8.149      0.000

 F9AGE    WITH
    F8AGE              0.228      0.212      1.073      0.283

 Means
    F8AGE            102.895      0.106    973.367      0.000
    F9AGE            117.944      0.198    594.793      0.000

 Intercepts
    NARAACC           -4.126     17.798     -0.232      0.817
    NARACOMP           4.149      7.434      0.558      0.577
    WOLDCOMP           4.085      2.382      1.715      0.086
    COMBACC            2.281      3.927      0.581      0.561

 Variances
    F8AGE              2.831      0.140     20.209      0.000
    F9AGE              8.654      0.547     15.835      0.000

 Residual Variances
    NARAACC          284.581     10.320     27.576      0.000
    NARACOMP          46.389      1.418     32.718      0.000
    WOLDCOMP           3.693      0.101     36.463      0.000
    COMBACC           11.880      0.565     21.032      0.000

Latent Class 5

 COMBACC    ON
    F9AGE              0.026      0.033      0.799      0.424

 NARAACC    ON
    F9AGE              0.370      0.150      2.468      0.014

 NARACOMP   ON
    F9AGE              0.099      0.063      1.579      0.114

 WOLDCOMP   ON
    F8AGE              0.028      0.023      1.193      0.233

 NARACOMP WITH
    NARAACC           87.273      3.671     23.773      0.000
    COMBACC           13.241      0.806     16.427      0.000
    WOLDCOMP           5.457      0.287     19.028      0.000

 NARAACC  WITH
    COMBACC           43.008      2.265     18.987      0.000
    WOLDCOMP           8.713      0.718     12.135      0.000

 COMBACC  WITH
    WOLDCOMP           1.323      0.162      8.149      0.000

 F9AGE    WITH
    F8AGE              0.228      0.212      1.073      0.283

 Means
    F8AGE            102.652      0.277    370.053      0.000
    F9AGE            127.314      0.813    156.693      0.000

 Intercepts
    NARAACC           22.285     20.613      1.081      0.280
    NARACOMP          14.312      8.631      1.658      0.097
    WOLDCOMP           4.057      2.384      1.702      0.089
    COMBACC           10.094      4.513      2.236      0.025

 Variances
    F8AGE              2.831      0.140     20.209      0.000
    F9AGE              8.654      0.547     15.835      0.000

 Residual Variances
    NARAACC          284.581     10.320     27.576      0.000
    NARACOMP          46.389      1.418     32.718      0.000
    WOLDCOMP           3.693      0.101     36.463      0.000
    COMBACC           11.880      0.565     21.032      0.000

Categorical Latent Variables

 Means
    C#1               -0.503      0.264     -1.906      0.057
    C#2               -0.074      0.250     -0.295      0.768
    C#3                2.404      0.233     10.299      0.000
    C#4                0.855      0.242      3.540      0.000


QUALITY OF NUMERICAL RESULTS

     Condition Number for the Information Matrix              0.120E-08
       (ratio of smallest to largest eigenvalue)


TECHNICAL 7 OUTPUT


     SAMPLE STATISTICS WEIGHTED BY ESTIMATED CLASS PROBABILITIES FOR CLASS 1


           Means
              NARAACC       NARACOMP      WOLDCOMP      COMBACC       F8AGE
              ________      ________      ________      ________      ________
               61.689        23.263         7.949        12.086       116.673


           Means
              F9AGE
              ________
              123.104


           Covariances
              NARAACC       NARACOMP      WOLDCOMP      COMBACC       F8AGE
              ________      ________      ________      ________      ________
 NARAACC      467.168
 NARACOMP     139.508        62.997
 WOLDCOMP      22.702        12.791         4.486
 COMBACC       92.523        29.053         4.903        24.199
 F8AGE        144.905        47.364        -0.279        29.826         7.971
 F9AGE          4.130        -3.033        -2.363         0.761       -42.821


           Covariances
              F9AGE
              ________
 F9AGE         20.319


     SAMPLE STATISTICS WEIGHTED BY ESTIMATED CLASS PROBABILITIES FOR CLASS 2


           Means
              NARAACC       NARACOMP      WOLDCOMP      COMBACC       F8AGE
              ________      ________      ________      ________      ________
               64.625        23.969         7.381        12.443       109.371


           Means
              F9AGE
              ________
              119.704


           Covariances
              NARAACC       NARACOMP      WOLDCOMP      COMBACC       F8AGE
              ________      ________      ________      ________      ________
 NARAACC      421.347
 NARACOMP     132.696        63.226
 WOLDCOMP      11.371         6.574         3.740
 COMBACC       74.438        23.644         1.981        19.569
 F8AGE         37.409        17.280         0.240         8.085         3.929
 F9AGE         15.238         3.791        -1.629         3.513       -20.084


           Covariances
              F9AGE
              ________
 F9AGE         11.971


     SAMPLE STATISTICS WEIGHTED BY ESTIMATED CLASS PROBABILITIES FOR CLASS 3


           Means
              NARAACC       NARACOMP      WOLDCOMP      COMBACC       F8AGE
              ________      ________      ________      ________      ________
               72.169        26.987         7.645        14.342       102.643


           Means
              F9AGE
              ________
              117.676


           Covariances
              NARAACC       NARACOMP      WOLDCOMP      COMBACC       F8AGE
              ________      ________      ________      ________      ________
 NARAACC      260.071
 NARACOMP      76.894        43.904
 WOLDCOMP      10.478         6.737         3.716
 COMBACC       36.467        10.694         1.483        10.338
 F8AGE         31.198        16.691         0.062         4.953         2.501
 F9AGE          2.647         0.957        -0.919         0.113       -10.934


           Covariances
              F9AGE
              ________
 F9AGE          7.310


     SAMPLE STATISTICS WEIGHTED BY ESTIMATED CLASS PROBABILITIES FOR CLASS 4


           Means
              NARAACC       NARACOMP      WOLDCOMP      COMBACC       F8AGE
              ________      ________      ________      ________      ________
               39.458        15.813         6.985         5.416       102.888


           Means
              F9AGE
              ________
              117.944


           Covariances
              NARAACC       NARACOMP      WOLDCOMP      COMBACC       F8AGE
              ________      ________      ________      ________      ________
 NARAACC      257.455
 NARACOMP      88.434        41.128
 WOLDCOMP      11.861         7.016         3.420
 COMBACC       41.186        14.678         2.264        10.793
 F8AGE         91.453        51.712        -0.096        14.569         2.647
 F9AGE         -0.589        -0.564        -2.110        -0.302       -25.923


           Covariances
              F9AGE
              ________
 F9AGE          8.841


     SAMPLE STATISTICS WEIGHTED BY ESTIMATED CLASS PROBABILITIES FOR CLASS 5


           Means
              NARAACC       NARACOMP      WOLDCOMP      COMBACC       F8AGE
              ________      ________      ________      ________      ________
               69.332        26.903         6.986        13.550       102.634


           Means
              F9AGE
              ________
              127.314


           Covariances
              NARAACC       NARACOMP      WOLDCOMP      COMBACC       F8AGE
              ________      ________      ________      ________      ________
 NARAACC      397.547
 NARACOMP     129.106        61.346
 WOLDCOMP      20.600        10.848         3.405
 COMBACC       68.120        22.970         5.657        16.066
 F8AGE        122.969        59.100        -0.286        46.067         3.437
 F9AGE          1.649        -0.309        -4.847        -1.762       -70.179


           Covariances
              F9AGE
              ________
 F9AGE         12.953


TECHNICAL 11 OUTPUT

     Random Starts Specifications for the k-1 Class Analysis Model
        Number of initial stage random starts               10000
        Number of final stage optimizations                  2500



     VUONG-LO-MENDELL-RUBIN LIKELIHOOD RATIO TEST FOR 4 (H0) VERSUS 5 CLASSES

          H0 Loglikelihood Value                       -54852.775
          2 Times the Loglikelihood Difference            363.712
          Difference in the Number of Parameters                7
          Mean                                             21.725
          Standard Deviation                               78.122
          P-Value                                          0.0014

     LO-MENDELL-RUBIN ADJUSTED LRT TEST

          Value                                           357.437
          P-Value                                          0.0016


PLOT INFORMATION

The following plots are available:

  Histograms (sample values)
  Scatterplots (sample values)
  Estimated overall and class-specific distributions

     Beginning Time:  11:15:57
        Ending Time:  11:30:18
       Elapsed Time:  00:14:21



MUTHEN & MUTHEN
3463 Stoner Ave.
Los Angeles, CA  90066

Tel: (310) 391-9971
Fax: (310) 391-8971
Web: www.StatModel.com
Support: Support@StatModel.com

Copyright (c) 1998-2020 Muthen & Muthen
