Mplus VERSION 8.5
MUTHEN & MUTHEN
08/13/2021   5:17 PM

INPUT INSTRUCTIONS

  TITLE:
   LPA Model C: 7 classes;
  DATA:
  FILE = "mplus_models/simpview/lpa_comp/sv_lpa_mbench_576296b10d9f155ad9363f1cbb7ab8da.dat"

  VARIABLE:
  NAMES = cidB3153 f8age f9age naraAcc naraComp woldComp combAcc;
   MISSING=.;
    idvariable = cidb3153; classes = c(7);
  ANALYSIS:
   estimator = mlr; type = mixture;
                                                     starts = 0;
                                                     optseed = 926283;
                                                     k-1starts = 20 4;
  MODEL:
  %OVERALL%
             f8age; f9age;
             combAcc naraAcc naraComp on f9age;
             woldcomp on f8age;
   naraComp; naraAcc; combAcc; woldComp;
    naraComp with naraAcc@0;
    naraComp with combAcc@0;
    naraComp with woldComp@0;
    naraAcc with combAcc@0;
    naraAcc with woldComp@0;
    combAcc with woldComp@0;
   %c#1%
   naraComp; naraAcc; combAcc; woldComp;
   %c#2%
   naraComp; naraAcc; combAcc; woldComp;
   %c#3%
   naraComp; naraAcc; combAcc; woldComp;
   %c#4%
   naraComp; naraAcc; combAcc; woldComp;
   %c#5%
   naraComp; naraAcc; combAcc; woldComp;
   %c#6%
   naraComp; naraAcc; combAcc; woldComp;
   %c#7%
   naraComp; naraAcc; combAcc; woldComp;
  OUTPUT:
   TECH7 TECH11;
  PLOT:
  TYPE = PLOT3;



*** WARNING
  Input line exceeded 90 characters. Some input may be truncated.
  FILE = "mplus_models/simpview/lpa_comp/sv_lpa_mbench_576296b10d9f155ad9363f1cbb7ab8da.dat";
   1 WARNING(S) FOUND IN THE INPUT INSTRUCTIONS




LPA Model C: 7 classes;

SUMMARY OF ANALYSIS

Number of groups                                                 1
Number of observations                                        3423

Number of dependent variables                                    4
Number of independent variables                                  2
Number of continuous latent variables                            0
Number of categorical latent variables                           1

Observed dependent variables

  Continuous
   NARAACC     NARACOMP    WOLDCOMP    COMBACC

Observed independent variables
   F8AGE       F9AGE

Categorical latent variables
   C

Variables with special functions

  ID variable           CIDB3153

Estimator                                                      MLR
Information matrix                                        OBSERVED
Optimization Specifications for the Quasi-Newton Algorithm for
Continuous Outcomes
  Maximum number of iterations                                 100
  Convergence criterion                                  0.100D-05
Optimization Specifications for the EM Algorithm
  Maximum number of iterations                                 500
  Convergence criteria
    Loglikelihood change                                 0.100D-06
    Relative loglikelihood change                        0.100D-06
    Derivative                                           0.100D-05
Optimization Specifications for the M step of the EM Algorithm for
Categorical Latent variables
  Number of M step iterations                                    1
  M step convergence criterion                           0.100D-05
  Basis for M step termination                           ITERATION
Optimization Specifications for the M step of the EM Algorithm for
Censored, Binary or Ordered Categorical (Ordinal), Unordered
Categorical (Nominal) and Count Outcomes
  Number of M step iterations                                    1
  M step convergence criterion                           0.100D-05
  Basis for M step termination                           ITERATION
  Maximum value for logit thresholds                            15
  Minimum value for logit thresholds                           -15
  Minimum expected cell size for chi-square              0.100D-01
Maximum number of iterations for H1                           2000
Convergence criterion for H1                             0.100D-03
Optimization algorithm                                         EMA
Random Starts Specifications
  Random seed for analysis                                  926283

Input data file(s)
  mplus_models/simpview/lpa_comp/sv_lpa_mbench_576296b10d9f155ad9363f1cbb7ab8da.
Input data format  FREE


SUMMARY OF DATA

     Number of missing data patterns             5
     Number of y missing data patterns           5
     Number of u missing data patterns           0


COVARIANCE COVERAGE OF DATA

Minimum covariance coverage value   0.100


     PROPORTION OF DATA PRESENT FOR Y


           Covariance Coverage
              NARAACC       NARACOMP      WOLDCOMP      COMBACC       F8AGE
              ________      ________      ________      ________      ________
 NARAACC        1.000
 NARACOMP       1.000         1.000
 WOLDCOMP       0.852         0.852         0.852
 COMBACC        0.996         0.996         0.850         0.996
 F8AGE          0.861         0.861         0.852         0.858         0.861
 F9AGE          1.000         1.000         0.852         0.996         0.861


           Covariance Coverage
              F9AGE
              ________
 F9AGE          1.000



UNIVARIATE SAMPLE STATISTICS


     UNIVARIATE HIGHER-ORDER MOMENT DESCRIPTIVE STATISTICS

         Variable/         Mean/     Skewness/   Minimum/ % with                Percentiles
        Sample Size      Variance    Kurtosis    Maximum  Min/Max      20%/60%    40%/80%    Median

     NARAACC              66.334      -0.525       0.000    0.06%      48.000     62.000     69.000
            3423.000     417.180      -0.469     100.000    0.06%      76.000     86.000
     NARACOMP             25.018      -0.273       0.000    0.09%      18.000     23.000     25.000
            3423.000      62.018      -0.237      44.000    0.03%      28.000     32.000
     WOLDCOMP              7.517       0.082       2.000    0.41%       6.000      7.000      7.000
            2917.000       3.758       0.190      15.000    0.03%       8.000      9.000
     COMBACC              12.788      -0.783       0.000    1.44%       9.000     13.000     14.000
            3408.000      21.534      -0.011      20.000    1.44%      15.000     17.000
     F8AGE               103.533       2.579      94.000    0.03%     102.000    102.000    103.000
            2947.000      11.227       8.561     126.000    0.03%     103.000    105.000
     F9AGE               118.643       1.305     105.000    0.03%     116.000    117.000    118.000
            3423.000      14.907       2.626     139.000    0.06%     119.000    121.000


THE MODEL ESTIMATION TERMINATED NORMALLY



MODEL FIT INFORMATION

Number of Free Parameters                       83

Loglikelihood

          H0 Value                      -54999.854
          H0 Scaling Correction Factor      1.2420
            for MLR

Information Criteria

          Akaike (AIC)                  110165.709
          Bayesian (BIC)                110675.185
          Sample-Size Adjusted BIC      110411.455
            (n* = (n + 2) / 24)



FINAL CLASS COUNTS AND PROPORTIONS FOR THE LATENT CLASSES
BASED ON THE ESTIMATED MODEL

    Latent
   Classes

       1        173.46951          0.05068
       2        811.13809          0.23697
       3        960.42740          0.28058
       4        314.39963          0.09185
       5        663.76726          0.19391
       6        154.53332          0.04515
       7        345.26480          0.10087


FINAL CLASS COUNTS AND PROPORTIONS FOR THE LATENT CLASSES
BASED ON ESTIMATED POSTERIOR PROBABILITIES

    Latent
   Classes

       1        173.46951          0.05068
       2        811.13809          0.23697
       3        960.42740          0.28058
       4        314.39963          0.09185
       5        663.76726          0.19391
       6        154.53332          0.04515
       7        345.26480          0.10087


FINAL CLASS COUNTS AND PROPORTIONS FOR THE LATENT CLASSES
BASED ON THEIR MOST LIKELY LATENT CLASS MEMBERSHIP

Class Counts and Proportions

    Latent
   Classes

       1              163          0.04762
       2              830          0.24248
       3              931          0.27198
       4              317          0.09261
       5              677          0.19778
       6              157          0.04587
       7              348          0.10167


CLASSIFICATION QUALITY

     Entropy                         0.831


Average Latent Class Probabilities for Most Likely Latent Class Membership (Row)
by Latent Class (Column)

           1        2        3        4        5        6        7

    1   0.917    0.018    0.025    0.009    0.025    0.001    0.004
    2   0.003    0.824    0.113    0.059    0.000    0.000    0.000
    3   0.013    0.077    0.864    0.000    0.047    0.000    0.000
    4   0.002    0.165    0.001    0.832    0.000    0.000    0.000
    5   0.009    0.000    0.086    0.000    0.871    0.000    0.034
    6   0.005    0.000    0.000    0.000    0.000    0.942    0.054
    7   0.007    0.000    0.000    0.000    0.075    0.019    0.899


Classification Probabilities for the Most Likely Latent Class Membership (Column)
by Latent Class (Row)

           1        2        3        4        5        6        7

    1   0.862    0.015    0.067    0.003    0.034    0.004    0.014
    2   0.004    0.844    0.088    0.065    0.000    0.000    0.000
    3   0.004    0.098    0.837    0.000    0.060    0.000    0.000
    4   0.005    0.156    0.000    0.839    0.000    0.000    0.000
    5   0.006    0.000    0.066    0.000    0.889    0.000    0.039
    6   0.001    0.000    0.000    0.000    0.000    0.957    0.042
    7   0.002    0.000    0.000    0.000    0.068    0.024    0.906


Logits for the Classification Probabilities for the Most Likely Latent Class Membership (Column)
by Latent Class (Row)

              1        2        3        4        5        6        7

    1      4.086    0.025    1.538   -1.642    0.861   -1.211    0.000
    2      8.221   13.645   11.386   11.076    0.000    0.000    0.000
    3      5.930    9.061   11.207    3.258    8.578   -2.430    0.000
    4      8.440   11.959    0.000   13.640    0.000    0.000    0.000
    5     -1.866  -10.580    0.518  -10.580    3.117  -10.580    0.000
    6     -3.456  -10.646  -10.646  -10.646   -9.274    3.126    0.000
    7     -6.147  -13.717  -13.717  -13.717   -2.597   -3.616    0.000


MODEL RESULTS

                                                    Two-Tailed
                    Estimate       S.E.  Est./S.E.    P-Value

Latent Class 1

 COMBACC    ON
    F9AGE              0.001      0.018      0.068      0.946

 NARAACC    ON
    F9AGE              0.139      0.072      1.941      0.052

 NARACOMP   ON
    F9AGE              0.078      0.033      2.363      0.018

 WOLDCOMP   ON
    F8AGE              0.012      0.018      0.665      0.506

 NARACOMP WITH
    NARAACC            0.000      0.000    999.000    999.000
    COMBACC            0.000      0.000    999.000    999.000
    WOLDCOMP           0.000      0.000    999.000    999.000

 NARAACC  WITH
    COMBACC            0.000      0.000    999.000    999.000
    WOLDCOMP           0.000      0.000    999.000    999.000

 COMBACC  WITH
    WOLDCOMP           0.000      0.000    999.000    999.000

 F9AGE    WITH
    F8AGE              0.541      0.203      2.662      0.008

 Means
    F8AGE            115.229      0.490    235.326      0.000
    F9AGE            123.346      0.679    181.654      0.000

 Intercepts
    NARAACC           48.784      9.111      5.354      0.000
    NARACOMP          14.760      4.160      3.548      0.000
    WOLDCOMP           6.528      2.043      3.195      0.001
    COMBACC           12.657      2.305      5.492      0.000

 Variances
    F8AGE              4.416      0.227     19.462      0.000
    F9AGE             13.688      0.546     25.086      0.000

 Residual Variances
    NARAACC          420.925     52.657      7.994      0.000
    NARACOMP          59.619      7.129      8.363      0.000
    WOLDCOMP           4.367      0.531      8.226      0.000
    COMBACC           20.983      2.872      7.307      0.000

Latent Class 2

 COMBACC    ON
    F9AGE              0.001      0.018      0.068      0.946

 NARAACC    ON
    F9AGE              0.139      0.072      1.941      0.052

 NARACOMP   ON
    F9AGE              0.078      0.033      2.363      0.018

 WOLDCOMP   ON
    F8AGE              0.012      0.018      0.665      0.506

 NARACOMP WITH
    NARAACC            0.000      0.000    999.000    999.000
    COMBACC            0.000      0.000    999.000    999.000
    WOLDCOMP           0.000      0.000    999.000    999.000

 NARAACC  WITH
    COMBACC            0.000      0.000    999.000    999.000
    WOLDCOMP           0.000      0.000    999.000    999.000

 COMBACC  WITH
    WOLDCOMP           0.000      0.000    999.000    999.000

 F9AGE    WITH
    F8AGE              0.541      0.203      2.662      0.008

 Means
    F8AGE            102.770      0.081   1264.162      0.000
    F9AGE            118.338      0.154    766.663      0.000

 Intercepts
    NARAACC           67.918      8.525      7.967      0.000
    NARACOMP          21.471      4.022      5.338      0.000
    WOLDCOMP           6.736      1.811      3.719      0.000
    COMBACC           15.875      2.160      7.349      0.000

 Variances
    F8AGE              4.416      0.227     19.462      0.000
    F9AGE             13.688      0.546     25.086      0.000

 Residual Variances
    NARAACC           28.423      2.877      9.878      0.000
    NARACOMP          21.420      1.259     17.020      0.000
    WOLDCOMP           3.585      0.269     13.343      0.000
    COMBACC            3.852      0.312     12.348      0.000

Latent Class 3

 COMBACC    ON
    F9AGE              0.001      0.018      0.068      0.946

 NARAACC    ON
    F9AGE              0.139      0.072      1.941      0.052

 NARACOMP   ON
    F9AGE              0.078      0.033      2.363      0.018

 WOLDCOMP   ON
    F8AGE              0.012      0.018      0.665      0.506

 NARACOMP WITH
    NARAACC            0.000      0.000    999.000    999.000
    COMBACC            0.000      0.000    999.000    999.000
    WOLDCOMP           0.000      0.000    999.000    999.000

 NARAACC  WITH
    COMBACC            0.000      0.000    999.000    999.000
    WOLDCOMP           0.000      0.000    999.000    999.000

 COMBACC  WITH
    WOLDCOMP           0.000      0.000    999.000    999.000

 F9AGE    WITH
    F8AGE              0.541      0.203      2.662      0.008

 Means
    F8AGE            102.964      0.081   1263.505      0.000
    F9AGE            118.435      0.136    872.405      0.000

 Intercepts
    NARAACC           53.198      8.632      6.163      0.000
    NARACOMP          17.006      3.928      4.329      0.000
    WOLDCOMP           6.189      1.810      3.419      0.001
    COMBACC           13.639      2.193      6.220      0.000

 Variances
    F8AGE              4.416      0.227     19.462      0.000
    F9AGE             13.688      0.546     25.086      0.000

 Residual Variances
    NARAACC           59.627      5.297     11.257      0.000
    NARACOMP          21.861      1.534     14.253      0.000
    WOLDCOMP           3.084      0.196     15.740      0.000
    COMBACC            6.482      0.300     21.595      0.000

Latent Class 4

 COMBACC    ON
    F9AGE              0.001      0.018      0.068      0.946

 NARAACC    ON
    F9AGE              0.139      0.072      1.941      0.052

 NARACOMP   ON
    F9AGE              0.078      0.033      2.363      0.018

 WOLDCOMP   ON
    F8AGE              0.012      0.018      0.665      0.506

 NARACOMP WITH
    NARAACC            0.000      0.000    999.000    999.000
    COMBACC            0.000      0.000    999.000    999.000
    WOLDCOMP           0.000      0.000    999.000    999.000

 NARAACC  WITH
    COMBACC            0.000      0.000    999.000    999.000
    WOLDCOMP           0.000      0.000    999.000    999.000

 COMBACC  WITH
    WOLDCOMP           0.000      0.000    999.000    999.000

 F9AGE    WITH
    F8AGE              0.541      0.203      2.662      0.008

 Means
    F8AGE            102.765      0.146    705.605      0.000
    F9AGE            118.736      0.378    313.750      0.000

 Intercepts
    NARAACC           76.533      8.569      8.931      0.000
    NARACOMP          25.519      3.884      6.569      0.000
    WOLDCOMP           7.717      1.798      4.291      0.000
    COMBACC           17.794      2.201      8.085      0.000

 Variances
    F8AGE              4.416      0.227     19.462      0.000
    F9AGE             13.688      0.546     25.086      0.000

 Residual Variances
    NARAACC            9.688      1.544      6.275      0.000
    NARACOMP          16.393      2.754      5.954      0.000
    WOLDCOMP           3.731      0.374      9.967      0.000
    COMBACC            1.430      0.266      5.378      0.000

Latent Class 5

 COMBACC    ON
    F9AGE              0.001      0.018      0.068      0.946

 NARAACC    ON
    F9AGE              0.139      0.072      1.941      0.052

 NARACOMP   ON
    F9AGE              0.078      0.033      2.363      0.018

 WOLDCOMP   ON
    F8AGE              0.012      0.018      0.665      0.506

 NARACOMP WITH
    NARAACC            0.000      0.000    999.000    999.000
    COMBACC            0.000      0.000    999.000    999.000
    WOLDCOMP           0.000      0.000    999.000    999.000

 NARAACC  WITH
    COMBACC            0.000      0.000    999.000    999.000
    WOLDCOMP           0.000      0.000    999.000    999.000

 COMBACC  WITH
    WOLDCOMP           0.000      0.000    999.000    999.000

 F9AGE    WITH
    F8AGE              0.541      0.203      2.662      0.008

 Means
    F8AGE            103.065      0.103   1005.250      0.000
    F9AGE            118.092      0.145    812.392      0.000

 Intercepts
    NARAACC           35.793      8.485      4.218      0.000
    NARACOMP          11.296      3.911      2.888      0.004
    WOLDCOMP           5.745      1.808      3.178      0.001
    COMBACC           10.478      2.166      4.837      0.000

 Variances
    F8AGE              4.416      0.227     19.462      0.000
    F9AGE             13.688      0.546     25.086      0.000

 Residual Variances
    NARAACC           33.123      3.175     10.434      0.000
    NARACOMP          11.728      1.241      9.452      0.000
    WOLDCOMP           2.984      0.227     13.125      0.000
    COMBACC            8.156      0.475     17.164      0.000

Latent Class 6

 COMBACC    ON
    F9AGE              0.001      0.018      0.068      0.946

 NARAACC    ON
    F9AGE              0.139      0.072      1.941      0.052

 NARACOMP   ON
    F9AGE              0.078      0.033      2.363      0.018

 WOLDCOMP   ON
    F8AGE              0.012      0.018      0.665      0.506

 NARACOMP WITH
    NARAACC            0.000      0.000    999.000    999.000
    COMBACC            0.000      0.000    999.000    999.000
    WOLDCOMP           0.000      0.000    999.000    999.000

 NARAACC  WITH
    COMBACC            0.000      0.000    999.000    999.000
    WOLDCOMP           0.000      0.000    999.000    999.000

 COMBACC  WITH
    WOLDCOMP           0.000      0.000    999.000    999.000

 F9AGE    WITH
    F8AGE              0.541      0.203      2.662      0.008

 Means
    F8AGE            103.641      0.284    364.556      0.000
    F9AGE            118.814      0.382    311.178      0.000

 Intercepts
    NARAACC            4.015      8.760      0.458      0.647
    NARACOMP          -1.123      4.022     -0.279      0.780
    WOLDCOMP           5.083      1.837      2.767      0.006
    COMBACC            1.789      2.255      0.794      0.427

 Variances
    F8AGE              4.416      0.227     19.462      0.000
    F9AGE             13.688      0.546     25.086      0.000

 Residual Variances
    NARAACC           50.689      7.279      6.964      0.000
    NARACOMP          13.586      1.145     11.864      0.000
    WOLDCOMP           3.654      0.468      7.807      0.000
    COMBACC            3.771      1.242      3.037      0.002

Latent Class 7

 COMBACC    ON
    F9AGE              0.001      0.018      0.068      0.946

 NARAACC    ON
    F9AGE              0.139      0.072      1.941      0.052

 NARACOMP   ON
    F9AGE              0.078      0.033      2.363      0.018

 WOLDCOMP   ON
    F8AGE              0.012      0.018      0.665      0.506

 NARACOMP WITH
    NARAACC            0.000      0.000    999.000    999.000
    COMBACC            0.000      0.000    999.000    999.000
    WOLDCOMP           0.000      0.000    999.000    999.000

 NARAACC  WITH
    COMBACC            0.000      0.000    999.000    999.000
    WOLDCOMP           0.000      0.000    999.000    999.000

 COMBACC  WITH
    WOLDCOMP           0.000      0.000    999.000    999.000

 F9AGE    WITH
    F8AGE              0.541      0.203      2.662      0.008

 Means
    F8AGE            103.178      0.160    644.661      0.000
    F9AGE            118.474      0.223    530.922      0.000

 Intercepts
    NARAACC           21.545      8.610      2.502      0.012
    NARACOMP           6.355      3.982      1.596      0.110
    WOLDCOMP           5.658      1.814      3.119      0.002
    COMBACC            6.341      2.198      2.885      0.004

 Variances
    F8AGE              4.416      0.227     19.462      0.000
    F9AGE             13.688      0.546     25.086      0.000

 Residual Variances
    NARAACC           24.303      3.685      6.594      0.000
    NARACOMP           7.154      0.905      7.900      0.000
    WOLDCOMP           3.321      0.302     11.006      0.000
    COMBACC            6.425      0.571     11.247      0.000

Categorical Latent Variables

 Means
    C#1               -0.688      0.120     -5.756      0.000
    C#2                0.854      0.112      7.660      0.000
    C#3                1.023      0.099     10.299      0.000
    C#4               -0.094      0.173     -0.542      0.588
    C#5                0.654      0.102      6.436      0.000
    C#6               -0.804      0.148     -5.417      0.000


QUALITY OF NUMERICAL RESULTS

     Condition Number for the Information Matrix              0.634E-08
       (ratio of smallest to largest eigenvalue)


TECHNICAL 7 OUTPUT


     SAMPLE STATISTICS WEIGHTED BY ESTIMATED CLASS PROBABILITIES FOR CLASS 1


           Means
              NARAACC       NARACOMP      WOLDCOMP      COMBACC       F8AGE
              ________      ________      ________      ________      ________
               65.955        24.414         7.873        12.810       115.184


           Means
              F9AGE
              ________
              123.346


           Covariances
              NARAACC       NARACOMP      WOLDCOMP      COMBACC       F8AGE
              ________      ________      ________      ________      ________
 NARAACC      423.605
 NARACOMP     119.216        59.443
 WOLDCOMP       9.254         8.715         4.371
 COMBACC       75.571        22.031         2.726        20.986
 F8AGE        -59.764        -7.475        -0.062        -3.177        11.268
 F9AGE         11.628        -0.001        -8.306         0.869      -127.459


           Covariances
              F9AGE
              ________
 F9AGE         28.785


     SAMPLE STATISTICS WEIGHTED BY ESTIMATED CLASS PROBABILITIES FOR CLASS 2


           Means
              NARAACC       NARACOMP      WOLDCOMP      COMBACC       F8AGE
              ________      ________      ________      ________      ________
               84.391        30.733         7.936        16.022       102.761


           Means
              F9AGE
              ________
              118.338


           Covariances
              NARAACC       NARACOMP      WOLDCOMP      COMBACC       F8AGE
              ________      ________      ________      ________      ________
 NARAACC       28.846
 NARACOMP       1.171        21.467
 WOLDCOMP      -0.423         3.180         3.587
 COMBACC        0.414        -1.454        -0.526         3.851
 F8AGE         -1.222         1.650         0.094        -1.485         3.574
 F9AGE          2.371         0.784        -2.070        -0.256       -22.550


           Covariances
              F9AGE
              ________
 F9AGE         12.269


     SAMPLE STATISTICS WEIGHTED BY ESTIMATED CLASS PROBABILITIES FOR CLASS 3


           Means
              NARAACC       NARACOMP      WOLDCOMP      COMBACC       F8AGE
              ________      ________      ________      ________      ________
               69.685        26.275         7.392        13.786       102.955


           Means
              F9AGE
              ________
              118.435


           Covariances
              NARAACC       NARACOMP      WOLDCOMP      COMBACC       F8AGE
              ________      ________      ________      ________      ________
 NARAACC       59.759
 NARACOMP       3.696        22.006
 WOLDCOMP      -0.465         3.139         3.084
 COMBACC        1.003        -1.664        -0.339         6.482
 F8AGE          5.478         9.194         0.032         1.908         3.898
 F9AGE          1.372         1.430        -2.463        -0.235       -24.393


           Covariances
              F9AGE
              ________
 F9AGE         12.927


     SAMPLE STATISTICS WEIGHTED BY ESTIMATED CLASS PROBABILITIES FOR CLASS 4


           Means
              NARAACC       NARACOMP      WOLDCOMP      COMBACC       F8AGE
              ________      ________      ________      ________      ________
               93.062        34.812         8.917        17.941       102.753


           Means
              F9AGE
              ________
              118.736


           Covariances
              NARAACC       NARACOMP      WOLDCOMP      COMBACC       F8AGE
              ________      ________      ________      ________      ________
 NARAACC        9.927
 NARACOMP       1.738        16.480
 WOLDCOMP      -0.091         2.511         3.724
 COMBACC        0.227        -0.160        -0.066         1.430
 F8AGE         -2.128         3.729        -0.225         1.380         3.946
 F9AGE          1.896         1.136        -3.370         0.185       -31.187


           Covariances
              F9AGE
              ________
 F9AGE         14.895


     SAMPLE STATISTICS WEIGHTED BY ESTIMATED CLASS PROBABILITIES FOR CLASS 5


           Means
              NARAACC       NARACOMP      WOLDCOMP      COMBACC       F8AGE
              ________      ________      ________      ________      ________
               52.232        20.539         6.949        10.625       103.056


           Means
              F9AGE
              ________
              118.092


           Covariances
              NARAACC       NARACOMP      WOLDCOMP      COMBACC       F8AGE
              ________      ________      ________      ________      ________
 NARAACC       33.218
 NARACOMP       1.806        11.784
 WOLDCOMP      -1.294         2.327         2.985
 COMBACC        3.063        -0.715        -0.146         8.157
 F8AGE          2.105         9.006         0.059        -0.368         4.051
 F9AGE          1.103         0.785        -2.076         0.446       -21.765


           Covariances
              F9AGE
              ________
 F9AGE         10.923


     SAMPLE STATISTICS WEIGHTED BY ESTIMATED CLASS PROBABILITIES FOR CLASS 6


           Means
              NARAACC       NARACOMP      WOLDCOMP      COMBACC       F8AGE
              ________      ________      ________      ________      ________
               20.555         8.177         6.293         1.937       103.616


           Means
              F9AGE
              ________
              118.814


           Covariances
              NARAACC       NARACOMP      WOLDCOMP      COMBACC       F8AGE
              ________      ________      ________      ________      ________
 NARAACC       50.913
 NARACOMP      18.589        13.548
 WOLDCOMP       1.512         1.639         3.650
 COMBACC        5.455         2.255         1.014         3.773
 F8AGE         31.041        15.980        -0.144        13.460         6.698
 F9AGE          2.032         0.450        -5.026         0.466       -66.650


           Covariances
              F9AGE
              ________
 F9AGE         17.649


     SAMPLE STATISTICS WEIGHTED BY ESTIMATED CLASS PROBABILITIES FOR CLASS 7


           Means
              NARAACC       NARACOMP      WOLDCOMP      COMBACC       F8AGE
              ________      ________      ________      ________      ________
               38.038        15.628         6.863         6.488       103.156


           Means
              F9AGE
              ________
              118.474


           Covariances
              NARAACC       NARACOMP      WOLDCOMP      COMBACC       F8AGE
              ________      ________      ________      ________      ________
 NARAACC       24.579
 NARACOMP       4.352         7.272
 WOLDCOMP      -2.119         0.979         3.327
 COMBACC        2.719        -0.091         0.177         6.425
 F8AGE        -16.662         5.386         0.301         6.103         4.990
 F9AGE          1.965         1.302        -4.042        -0.027       -55.594


           Covariances
              F9AGE
              ________
 F9AGE         13.997


TECHNICAL 11 OUTPUT

     Random Starts Specifications for the k-1 Class Analysis Model
        Number of initial stage random starts                  20
        Number of final stage optimizations                     4



     VUONG-LO-MENDELL-RUBIN LIKELIHOOD RATIO TEST FOR 6 (H0) VERSUS 7 CLASSES

          H0 Loglikelihood Value                       -55114.316
          2 Times the Loglikelihood Difference            228.922
          Difference in the Number of Parameters               11
          Mean                                             27.393
          Standard Deviation                               36.057
          P-Value                                          0.0003

     LO-MENDELL-RUBIN ADJUSTED LRT TEST

          Value                                           226.393
          P-Value                                          0.0003


PLOT INFORMATION

The following plots are available:

  Histograms (sample values)
  Scatterplots (sample values)
  Estimated overall and class-specific distributions

     Beginning Time:  17:17:27
        Ending Time:  17:17:43
       Elapsed Time:  00:00:16



MUTHEN & MUTHEN
3463 Stoner Ave.
Los Angeles, CA  90066

Tel: (310) 391-9971
Fax: (310) 391-8971
Web: www.StatModel.com
Support: Support@StatModel.com

Copyright (c) 1998-2020 Muthen & Muthen
