Mplus VERSION 8.5
MUTHEN & MUTHEN
08/13/2021   2:44 PM

INPUT INSTRUCTIONS

  TITLE:
   LPA Model A: 4 classes;
  DATA:
  FILE = "mplus_models/simpview/lpa_comp/sv_lpa_mbench_576296b10d9f155ad9363f1cbb7ab8da.dat"

  VARIABLE:
  NAMES = cidB3153 f8age f9age naraAcc naraComp woldComp combAcc;
   MISSING=.;
    idvariable = cidb3153; classes = c(4);
  ANALYSIS:
   estimator = mlr; type = mixture;
                                                     starts = 0;
                                                     optseed = 778338;
                                                     k-1starts = 500 50;
  MODEL:
  %OVERALL%
             f8age; f9age;
             combAcc naraAcc naraComp on f9age;
             woldcomp on f8age;
   naraComp; naraAcc; combAcc; woldComp;
    naraComp with naraAcc@0;
    naraComp with combAcc@0;
    naraComp with woldComp@0;
    naraAcc with combAcc@0;
    naraAcc with woldComp@0;
    combAcc with woldComp@0;
  OUTPUT:
   TECH7 TECH11;
  PLOT:
  TYPE = PLOT3;



*** WARNING
  Input line exceeded 90 characters. Some input may be truncated.
  FILE = "mplus_models/simpview/lpa_comp/sv_lpa_mbench_576296b10d9f155ad9363f1cbb7ab8da.dat";
   1 WARNING(S) FOUND IN THE INPUT INSTRUCTIONS




LPA Model A: 4 classes;

SUMMARY OF ANALYSIS

Number of groups                                                 1
Number of observations                                        3423

Number of dependent variables                                    4
Number of independent variables                                  2
Number of continuous latent variables                            0
Number of categorical latent variables                           1

Observed dependent variables

  Continuous
   NARAACC     NARACOMP    WOLDCOMP    COMBACC

Observed independent variables
   F8AGE       F9AGE

Categorical latent variables
   C

Variables with special functions

  ID variable           CIDB3153

Estimator                                                      MLR
Information matrix                                        OBSERVED
Optimization Specifications for the Quasi-Newton Algorithm for
Continuous Outcomes
  Maximum number of iterations                                 100
  Convergence criterion                                  0.100D-05
Optimization Specifications for the EM Algorithm
  Maximum number of iterations                                 500
  Convergence criteria
    Loglikelihood change                                 0.100D-06
    Relative loglikelihood change                        0.100D-06
    Derivative                                           0.100D-05
Optimization Specifications for the M step of the EM Algorithm for
Categorical Latent variables
  Number of M step iterations                                    1
  M step convergence criterion                           0.100D-05
  Basis for M step termination                           ITERATION
Optimization Specifications for the M step of the EM Algorithm for
Censored, Binary or Ordered Categorical (Ordinal), Unordered
Categorical (Nominal) and Count Outcomes
  Number of M step iterations                                    1
  M step convergence criterion                           0.100D-05
  Basis for M step termination                           ITERATION
  Maximum value for logit thresholds                            15
  Minimum value for logit thresholds                           -15
  Minimum expected cell size for chi-square              0.100D-01
Maximum number of iterations for H1                           2000
Convergence criterion for H1                             0.100D-03
Optimization algorithm                                         EMA
Random Starts Specifications
  Random seed for analysis                                  778338

Input data file(s)
  mplus_models/simpview/lpa_comp/sv_lpa_mbench_576296b10d9f155ad9363f1cbb7ab8da.
Input data format  FREE


SUMMARY OF DATA

     Number of missing data patterns             5
     Number of y missing data patterns           5
     Number of u missing data patterns           0


COVARIANCE COVERAGE OF DATA

Minimum covariance coverage value   0.100


     PROPORTION OF DATA PRESENT FOR Y


           Covariance Coverage
              NARAACC       NARACOMP      WOLDCOMP      COMBACC       F8AGE
              ________      ________      ________      ________      ________
 NARAACC        1.000
 NARACOMP       1.000         1.000
 WOLDCOMP       0.852         0.852         0.852
 COMBACC        0.996         0.996         0.850         0.996
 F8AGE          0.861         0.861         0.852         0.858         0.861
 F9AGE          1.000         1.000         0.852         0.996         0.861


           Covariance Coverage
              F9AGE
              ________
 F9AGE          1.000



UNIVARIATE SAMPLE STATISTICS


     UNIVARIATE HIGHER-ORDER MOMENT DESCRIPTIVE STATISTICS

         Variable/         Mean/     Skewness/   Minimum/ % with                Percentiles
        Sample Size      Variance    Kurtosis    Maximum  Min/Max      20%/60%    40%/80%    Median

     NARAACC              66.334      -0.525       0.000    0.06%      48.000     62.000     69.000
            3423.000     417.180      -0.469     100.000    0.06%      76.000     86.000
     NARACOMP             25.018      -0.273       0.000    0.09%      18.000     23.000     25.000
            3423.000      62.018      -0.237      44.000    0.03%      28.000     32.000
     WOLDCOMP              7.517       0.082       2.000    0.41%       6.000      7.000      7.000
            2917.000       3.758       0.190      15.000    0.03%       8.000      9.000
     COMBACC              12.788      -0.783       0.000    1.44%       9.000     13.000     14.000
            3408.000      21.534      -0.011      20.000    1.44%      15.000     17.000
     F8AGE               103.533       2.579      94.000    0.03%     102.000    102.000    103.000
            2947.000      11.227       8.561     126.000    0.03%     103.000    105.000
     F9AGE               118.643       1.305     105.000    0.03%     116.000    117.000    118.000
            3423.000      14.907       2.626     139.000    0.06%     119.000    121.000


THE MODEL ESTIMATION TERMINATED NORMALLY



MODEL FIT INFORMATION

Number of Free Parameters                       38

Loglikelihood

          H0 Value                      -56171.220
          H0 Scaling Correction Factor      1.6816
            for MLR

Information Criteria

          Akaike (AIC)                  112418.440
          Bayesian (BIC)                112651.695
          Sample-Size Adjusted BIC      112530.951
            (n* = (n + 2) / 24)



FINAL CLASS COUNTS AND PROPORTIONS FOR THE LATENT CLASSES
BASED ON THE ESTIMATED MODEL

    Latent
   Classes

       1        446.03877          0.13031
       2        161.00634          0.04704
       3       1655.64327          0.48368
       4       1160.31163          0.33898


FINAL CLASS COUNTS AND PROPORTIONS FOR THE LATENT CLASSES
BASED ON ESTIMATED POSTERIOR PROBABILITIES

    Latent
   Classes

       1        446.03877          0.13031
       2        161.00634          0.04704
       3       1655.64327          0.48368
       4       1160.31163          0.33898


FINAL CLASS COUNTS AND PROPORTIONS FOR THE LATENT CLASSES
BASED ON THEIR MOST LIKELY LATENT CLASS MEMBERSHIP

Class Counts and Proportions

    Latent
   Classes

       1              443          0.12942
       2              150          0.04382
       3             1670          0.48788
       4             1160          0.33888


CLASSIFICATION QUALITY

     Entropy                         0.881


Average Latent Class Probabilities for Most Likely Latent Class Membership (Row)
by Latent Class (Column)

           1        2        3        4

    1   0.932    0.000    0.000    0.067
    2   0.009    0.898    0.057    0.036
    3   0.000    0.009    0.949    0.042
    4   0.027    0.010    0.053    0.909


Classification Probabilities for the Most Likely Latent Class Membership (Column)
by Latent Class (Row)

           1        2        3        4

    1   0.926    0.003    0.000    0.071
    2   0.001    0.837    0.089    0.073
    3   0.000    0.005    0.957    0.037
    4   0.026    0.005    0.061    0.909


Logits for the Classification Probabilities for the Most Likely Latent Class Membership (Column)
by Latent Class (Row)

              1        2        3        4

    1      2.569   -3.116  -11.169    0.000
    2     -4.293    2.435    0.197    0.000
    3    -10.528   -1.976    3.244    0.000
    4     -3.565   -5.287   -2.706    0.000


MODEL RESULTS

                                                    Two-Tailed
                    Estimate       S.E.  Est./S.E.    P-Value

Latent Class 1

 COMBACC    ON
    F9AGE              0.022      0.024      0.917      0.359

 NARAACC    ON
    F9AGE              0.226      0.113      1.995      0.046

 NARACOMP   ON
    F9AGE              0.096      0.045      2.164      0.030

 WOLDCOMP   ON
    F8AGE              0.004      0.015      0.262      0.794

 NARACOMP WITH
    NARAACC            0.000      0.000    999.000    999.000
    COMBACC            0.000      0.000    999.000    999.000
    WOLDCOMP           0.000      0.000    999.000    999.000

 NARAACC  WITH
    COMBACC            0.000      0.000    999.000    999.000
    WOLDCOMP           0.000      0.000    999.000    999.000

 COMBACC  WITH
    WOLDCOMP           0.000      0.000    999.000    999.000

 F9AGE    WITH
    F8AGE              0.786      0.288      2.733      0.006

 Means
    F8AGE            104.074      0.318    327.479      0.000
    F9AGE            118.826      0.234    508.425      0.000

 Intercepts
    NARAACC            4.488     13.653      0.329      0.742
    NARACOMP           1.332      5.364      0.248      0.804
    WOLDCOMP           6.219      1.620      3.839      0.000
    COMBACC            1.694      2.888      0.586      0.558

 Variances
    F8AGE              5.393      0.451     11.950      0.000
    F9AGE             13.570      0.531     25.560      0.000

 Residual Variances
    NARAACC           94.959      3.268     29.054      0.000
    NARACOMP          22.851      0.623     36.690      0.000
    WOLDCOMP           3.418      0.094     36.266      0.000
    COMBACC            6.834      0.231     29.543      0.000

Latent Class 2

 COMBACC    ON
    F9AGE              0.022      0.024      0.917      0.359

 NARAACC    ON
    F9AGE              0.226      0.113      1.995      0.046

 NARACOMP   ON
    F9AGE              0.096      0.045      2.164      0.030

 WOLDCOMP   ON
    F8AGE              0.004      0.015      0.262      0.794

 NARACOMP WITH
    NARAACC            0.000      0.000    999.000    999.000
    COMBACC            0.000      0.000    999.000    999.000
    WOLDCOMP           0.000      0.000    999.000    999.000

 NARAACC  WITH
    COMBACC            0.000      0.000    999.000    999.000
    WOLDCOMP           0.000      0.000    999.000    999.000

 COMBACC  WITH
    WOLDCOMP           0.000      0.000    999.000    999.000

 F9AGE    WITH
    F8AGE              0.786      0.288      2.733      0.006

 Means
    F8AGE            115.392      0.490    235.341      0.000
    F9AGE            123.789      0.585    211.438      0.000

 Intercepts
    NARAACC           43.642     14.273      3.058      0.002
    NARACOMP          14.356      5.622      2.553      0.011
    WOLDCOMP           7.659      1.815      4.220      0.000
    COMBACC           11.291      3.015      3.745      0.000

 Variances
    F8AGE              5.393      0.451     11.950      0.000
    F9AGE             13.570      0.531     25.560      0.000

 Residual Variances
    NARAACC           94.959      3.268     29.054      0.000
    NARACOMP          22.851      0.623     36.690      0.000
    WOLDCOMP           3.418      0.094     36.266      0.000
    COMBACC            6.834      0.231     29.543      0.000

Latent Class 3

 COMBACC    ON
    F9AGE              0.022      0.024      0.917      0.359

 NARAACC    ON
    F9AGE              0.226      0.113      1.995      0.046

 NARACOMP   ON
    F9AGE              0.096      0.045      2.164      0.030

 WOLDCOMP   ON
    F8AGE              0.004      0.015      0.262      0.794

 NARACOMP WITH
    NARAACC            0.000      0.000    999.000    999.000
    COMBACC            0.000      0.000    999.000    999.000
    WOLDCOMP           0.000      0.000    999.000    999.000

 NARAACC  WITH
    COMBACC            0.000      0.000    999.000    999.000
    WOLDCOMP           0.000      0.000    999.000    999.000

 COMBACC  WITH
    WOLDCOMP           0.000      0.000    999.000    999.000

 F9AGE    WITH
    F8AGE              0.786      0.288      2.733      0.006

 Means
    F8AGE            102.829      0.060   1713.151      0.000
    F9AGE            118.348      0.114   1040.869      0.000

 Intercepts
    NARAACC           55.657     13.436      4.142      0.000
    NARACOMP          19.228      5.289      3.635      0.000
    WOLDCOMP           7.618      1.591      4.788      0.000
    COMBACC           13.303      2.838      4.687      0.000

 Variances
    F8AGE              5.393      0.451     11.950      0.000
    F9AGE             13.570      0.531     25.560      0.000

 Residual Variances
    NARAACC           94.959      3.268     29.054      0.000
    NARACOMP          22.851      0.623     36.690      0.000
    WOLDCOMP           3.418      0.094     36.266      0.000
    COMBACC            6.834      0.231     29.543      0.000

Latent Class 4

 COMBACC    ON
    F9AGE              0.022      0.024      0.917      0.359

 NARAACC    ON
    F9AGE              0.226      0.113      1.995      0.046

 NARACOMP   ON
    F9AGE              0.096      0.045      2.164      0.030

 WOLDCOMP   ON
    F8AGE              0.004      0.015      0.262      0.794

 NARACOMP WITH
    NARAACC            0.000      0.000    999.000    999.000
    COMBACC            0.000      0.000    999.000    999.000
    WOLDCOMP           0.000      0.000    999.000    999.000

 NARAACC  WITH
    COMBACC            0.000      0.000    999.000    999.000
    WOLDCOMP           0.000      0.000    999.000    999.000

 COMBACC  WITH
    WOLDCOMP           0.000      0.000    999.000    999.000

 F9AGE    WITH
    F8AGE              0.786      0.288      2.733      0.006

 Means
    F8AGE            103.071      0.076   1352.553      0.000
    F9AGE            118.279      0.127    934.598      0.000

 Intercepts
    NARAACC           29.330     13.535      2.167      0.030
    NARACOMP          10.097      5.294      1.907      0.057
    WOLDCOMP           6.553      1.595      4.107      0.000
    COMBACC            8.779      2.869      3.060      0.002

 Variances
    F8AGE              5.393      0.451     11.950      0.000
    F9AGE             13.570      0.531     25.560      0.000

 Residual Variances
    NARAACC           94.959      3.268     29.054      0.000
    NARACOMP          22.851      0.623     36.690      0.000
    WOLDCOMP           3.418      0.094     36.266      0.000
    COMBACC            6.834      0.231     29.543      0.000

Categorical Latent Variables

 Means
    C#1               -0.956      0.097     -9.823      0.000
    C#2               -1.975      0.111    -17.864      0.000
    C#3                0.356      0.055      6.405      0.000


QUALITY OF NUMERICAL RESULTS

     Condition Number for the Information Matrix              0.912E-08
       (ratio of smallest to largest eigenvalue)


TECHNICAL 7 OUTPUT


     SAMPLE STATISTICS WEIGHTED BY ESTIMATED CLASS PROBABILITIES FOR CLASS 1


           Means
              NARAACC       NARACOMP      WOLDCOMP      COMBACC       F8AGE
              ________      ________      ________      ________      ________
               31.363        12.796         6.640         4.303       104.040


           Means
              F9AGE
              ________
              118.826


           Covariances
              NARAACC       NARACOMP      WOLDCOMP      COMBACC       F8AGE
              ________      ________      ________      ________      ________
 NARAACC      107.502
 NARACOMP      39.751        22.672
 WOLDCOMP       1.114         2.100         3.557
 COMBACC       17.548         6.677         0.415         7.272
 F8AGE         -0.907         8.528        -0.327         0.449        12.985
 F9AGE          0.666         0.354        -4.688         0.032       -60.322


           Covariances
              F9AGE
              ________
 F9AGE         17.286


     SAMPLE STATISTICS WEIGHTED BY ESTIMATED CLASS PROBABILITIES FOR CLASS 2


           Means
              NARAACC       NARACOMP      WOLDCOMP      COMBACC       F8AGE
              ________      ________      ________      ________      ________
               71.640        26.298         8.127        14.011       115.319


           Means
              F9AGE
              ________
              123.789


           Covariances
              NARAACC       NARACOMP      WOLDCOMP      COMBACC       F8AGE
              ________      ________      ________      ________      ________
 NARAACC      214.851
 NARACOMP      46.696        33.703
 WOLDCOMP      -2.551         4.247         4.002
 COMBACC       29.727         6.031         0.959        10.404
 F8AGE        -74.389       -23.173        -0.027         8.361        11.771
 F9AGE         10.393         0.679        -9.908        -0.319      -145.356


           Covariances
              F9AGE
              ________
 F9AGE         25.693


     SAMPLE STATISTICS WEIGHTED BY ESTIMATED CLASS PROBABILITIES FOR CLASS 3


           Means
              NARAACC       NARACOMP      WOLDCOMP      COMBACC       F8AGE
              ________      ________      ________      ________      ________
               82.424        30.646         8.035        15.904       102.818


           Means
              F9AGE
              ________
              118.348


           Covariances
              NARAACC       NARACOMP      WOLDCOMP      COMBACC       F8AGE
              ________      ________      ________      ________      ________
 NARAACC       82.433
 NARACOMP      16.320        25.240
 WOLDCOMP       1.672         3.691         3.609
 COMBACC        8.111         1.065        -0.111         5.535
 F8AGE         -5.888         0.258         0.080        -1.310         3.832
 F9AGE          3.518         1.603        -1.933         0.043       -19.533


           Covariances
              F9AGE
              ________
 F9AGE         12.476


     SAMPLE STATISTICS WEIGHTED BY ESTIMATED CLASS PROBABILITIES FOR CLASS 4


           Means
              NARAACC       NARACOMP      WOLDCOMP      COMBACC       F8AGE
              ________      ________      ________      ________      ________
               56.082        21.508         6.971        11.378       103.058


           Means
              F9AGE
              ________
              118.279


           Covariances
              NARAACC       NARACOMP      WOLDCOMP      COMBACC       F8AGE
              ________      ________      ________      ________      ________
 NARAACC       93.423
 NARACOMP      15.951        18.377
 WOLDCOMP      -0.701         2.600         3.016
 COMBACC        9.661         0.769        -0.094         8.046
 F8AGE         10.505        14.220        -0.019         2.174         4.362
 F9AGE          2.337         1.345        -2.148         0.656       -22.176


           Covariances
              F9AGE
              ________
 F9AGE         12.022


TECHNICAL 11 OUTPUT

     Random Starts Specifications for the k-1 Class Analysis Model
        Number of initial stage random starts                 500
        Number of final stage optimizations                    50



     VUONG-LO-MENDELL-RUBIN LIKELIHOOD RATIO TEST FOR 3 (H0) VERSUS 4 CLASSES

          H0 Loglikelihood Value                       -56707.574
          2 Times the Loglikelihood Difference           1072.708
          Difference in the Number of Parameters                7
          Mean                                            130.326
          Standard Deviation                              157.391
          P-Value                                          0.0012

     LO-MENDELL-RUBIN ADJUSTED LRT TEST

          Value                                          1054.202
          P-Value                                          0.0013


PLOT INFORMATION

The following plots are available:

  Histograms (sample values)
  Scatterplots (sample values)
  Estimated overall and class-specific distributions

     Beginning Time:  14:44:00
        Ending Time:  14:44:20
       Elapsed Time:  00:00:20



MUTHEN & MUTHEN
3463 Stoner Ave.
Los Angeles, CA  90066

Tel: (310) 391-9971
Fax: (310) 391-8971
Web: www.StatModel.com
Support: Support@StatModel.com

Copyright (c) 1998-2020 Muthen & Muthen
