Mplus VERSION 8.5
MUTHEN & MUTHEN
07/19/2021   1:55 PM

INPUT INSTRUCTIONS

  TITLE:
   LPA Model C: 7 classes;
  DATA:
  FILE = "mplus_models/simpview/lpa_comp/sv_lpa_mbench_576296b10d9f155ad9363f1cbb7ab8da.dat"

  VARIABLE:
  NAMES = cidB3153 f8age f9age naraAcc naraComp woldComp combAcc;
   MISSING=.;
    idvariable = cidb3153; classes = c(7);
  ANALYSIS:
   estimator = mlr; type = mixture;
                                                     starts = 0;
                                                     optseed = 926283;
                                                     processors = 4(starts);
                                                     lrtstarts = 0 0 100 20;
  MODEL:
  %OVERALL%
             f8age; f9age;
             combAcc naraAcc naraComp on f9age;
             woldcomp on f8age;
   naraComp; naraAcc; combAcc; woldComp;
    naraComp with naraAcc@0;
    naraComp with combAcc@0;
    naraComp with woldComp@0;
    naraAcc with combAcc@0;
    naraAcc with woldComp@0;
    combAcc with woldComp@0;
   %c#1%
   naraComp; naraAcc; combAcc; woldComp;
   %c#2%
   naraComp; naraAcc; combAcc; woldComp;
   %c#3%
   naraComp; naraAcc; combAcc; woldComp;
   %c#4%
   naraComp; naraAcc; combAcc; woldComp;
   %c#5%
   naraComp; naraAcc; combAcc; woldComp;
   %c#6%
   naraComp; naraAcc; combAcc; woldComp;
   %c#7%
   naraComp; naraAcc; combAcc; woldComp;
  OUTPUT:
   TECH7 TECH11 TECH14 stdyx CINTERVAL ENTROPY;
  SAVEDATA:
   FILE IS sv_lpa_c_7class.dat; SAVE = cprobabilities;
  PLOT:
  TYPE = PLOT3;



*** WARNING
  Input line exceeded 90 characters. Some input may be truncated.
  FILE = "mplus_models/simpview/lpa_comp/sv_lpa_mbench_576296b10d9f155ad9363f1cbb7ab8da.dat";
   1 WARNING(S) FOUND IN THE INPUT INSTRUCTIONS




LPA Model C: 7 classes;

SUMMARY OF ANALYSIS

Number of groups                                                 1
Number of observations                                        3423

Number of dependent variables                                    4
Number of independent variables                                  2
Number of continuous latent variables                            0
Number of categorical latent variables                           1

Observed dependent variables

  Continuous
   NARAACC     NARACOMP    WOLDCOMP    COMBACC

Observed independent variables
   F8AGE       F9AGE

Categorical latent variables
   C

Variables with special functions

  ID variable           CIDB3153

Estimator                                                      MLR
Information matrix                                        OBSERVED
Optimization Specifications for the Quasi-Newton Algorithm for
Continuous Outcomes
  Maximum number of iterations                                 100
  Convergence criterion                                  0.100D-05
Optimization Specifications for the EM Algorithm
  Maximum number of iterations                                 500
  Convergence criteria
    Loglikelihood change                                 0.100D-06
    Relative loglikelihood change                        0.100D-06
    Derivative                                           0.100D-05
Optimization Specifications for the M step of the EM Algorithm for
Categorical Latent variables
  Number of M step iterations                                    1
  M step convergence criterion                           0.100D-05
  Basis for M step termination                           ITERATION
Optimization Specifications for the M step of the EM Algorithm for
Censored, Binary or Ordered Categorical (Ordinal), Unordered
Categorical (Nominal) and Count Outcomes
  Number of M step iterations                                    1
  M step convergence criterion                           0.100D-05
  Basis for M step termination                           ITERATION
  Maximum value for logit thresholds                            15
  Minimum value for logit thresholds                           -15
  Minimum expected cell size for chi-square              0.100D-01
Maximum number of iterations for H1                           2000
Convergence criterion for H1                             0.100D-03
Optimization algorithm                                         EMA
Random Starts Specifications
  Random seed for analysis                                  926283

Input data file(s)
  mplus_models/simpview/lpa_comp/sv_lpa_mbench_576296b10d9f155ad9363f1cbb7ab8da.
Input data format  FREE


SUMMARY OF DATA

     Number of missing data patterns             5
     Number of y missing data patterns           5
     Number of u missing data patterns           0


COVARIANCE COVERAGE OF DATA

Minimum covariance coverage value   0.100


     PROPORTION OF DATA PRESENT FOR Y


           Covariance Coverage
              NARAACC       NARACOMP      WOLDCOMP      COMBACC       F8AGE
              ________      ________      ________      ________      ________
 NARAACC        1.000
 NARACOMP       1.000         1.000
 WOLDCOMP       0.852         0.852         0.852
 COMBACC        0.996         0.996         0.850         0.996
 F8AGE          0.861         0.861         0.852         0.858         0.861
 F9AGE          1.000         1.000         0.852         0.996         0.861


           Covariance Coverage
              F9AGE
              ________
 F9AGE          1.000



UNIVARIATE SAMPLE STATISTICS


     UNIVARIATE HIGHER-ORDER MOMENT DESCRIPTIVE STATISTICS

         Variable/         Mean/     Skewness/   Minimum/ % with                Percentiles
        Sample Size      Variance    Kurtosis    Maximum  Min/Max      20%/60%    40%/80%    Median

     NARAACC              66.334      -0.525       0.000    0.06%      48.000     62.000     69.000
            3423.000     417.180      -0.469     100.000    0.06%      76.000     86.000
     NARACOMP             25.018      -0.273       0.000    0.09%      18.000     23.000     25.000
            3423.000      62.018      -0.237      44.000    0.03%      28.000     32.000
     WOLDCOMP              7.517       0.082       2.000    0.41%       6.000      7.000      7.000
            2917.000       3.758       0.190      15.000    0.03%       8.000      9.000
     COMBACC              12.788      -0.783       0.000    1.44%       9.000     13.000     14.000
            3408.000      21.534      -0.011      20.000    1.44%      15.000     17.000
     F8AGE               103.533       2.579      94.000    0.03%     102.000    102.000    103.000
            2947.000      11.227       8.561     126.000    0.03%     103.000    105.000
     F9AGE               118.643       1.305     105.000    0.03%     116.000    117.000    118.000
            3423.000      14.907       2.626     139.000    0.06%     119.000    121.000


THE MODEL ESTIMATION TERMINATED NORMALLY



MODEL FIT INFORMATION

Number of Free Parameters                       83

Loglikelihood

          H0 Value                      -54999.854
          H0 Scaling Correction Factor      1.2420
            for MLR

Information Criteria

          Akaike (AIC)                  110165.709
          Bayesian (BIC)                110675.185
          Sample-Size Adjusted BIC      110411.455
            (n* = (n + 2) / 24)



FINAL CLASS COUNTS AND PROPORTIONS FOR THE LATENT CLASSES
BASED ON THE ESTIMATED MODEL

    Latent
   Classes

       1        173.46951          0.05068
       2        811.13804          0.23697
       3        960.42743          0.28058
       4        314.39966          0.09185
       5        663.76725          0.19391
       6        154.53332          0.04515
       7        345.26480          0.10087


FINAL CLASS COUNTS AND PROPORTIONS FOR THE LATENT CLASSES
BASED ON ESTIMATED POSTERIOR PROBABILITIES

    Latent
   Classes

       1        173.46951          0.05068
       2        811.13804          0.23697
       3        960.42743          0.28058
       4        314.39966          0.09185
       5        663.76725          0.19391
       6        154.53332          0.04515
       7        345.26480          0.10087


FINAL CLASS COUNTS AND PROPORTIONS FOR THE LATENT CLASSES
BASED ON THEIR MOST LIKELY LATENT CLASS MEMBERSHIP

Class Counts and Proportions

    Latent
   Classes

       1              163          0.04762
       2              830          0.24248
       3              931          0.27198
       4              317          0.09261
       5              677          0.19778
       6              157          0.04587
       7              348          0.10167


CLASSIFICATION QUALITY

     Entropy                         0.831


           Univariate Entropy
              NARAACC       NARACOMP      WOLDCOMP      COMBACC       F8AGE
              ________      ________      ________      ________      ________
                0.662         0.416         0.123         0.412         0.185


           Univariate Entropy
              F9AGE
              ________
                0.129


Average Latent Class Probabilities for Most Likely Latent Class Membership (Row)
by Latent Class (Column)

           1        2        3        4        5        6        7

    1   0.917    0.018    0.025    0.009    0.025    0.001    0.004
    2   0.003    0.824    0.113    0.059    0.000    0.000    0.000
    3   0.013    0.077    0.864    0.000    0.047    0.000    0.000
    4   0.002    0.165    0.001    0.832    0.000    0.000    0.000
    5   0.009    0.000    0.086    0.000    0.871    0.000    0.034
    6   0.005    0.000    0.000    0.000    0.000    0.942    0.054
    7   0.007    0.000    0.000    0.000    0.075    0.019    0.899


Classification Probabilities for the Most Likely Latent Class Membership (Column)
by Latent Class (Row)

           1        2        3        4        5        6        7

    1   0.862    0.015    0.067    0.003    0.034    0.004    0.014
    2   0.004    0.844    0.088    0.065    0.000    0.000    0.000
    3   0.004    0.098    0.837    0.000    0.060    0.000    0.000
    4   0.005    0.156    0.000    0.839    0.000    0.000    0.000
    5   0.006    0.000    0.066    0.000    0.889    0.000    0.039
    6   0.001    0.000    0.000    0.000    0.000    0.957    0.042
    7   0.002    0.000    0.000    0.000    0.068    0.024    0.906


Logits for the Classification Probabilities for the Most Likely Latent Class Membership (Column)
by Latent Class (Row)

              1        2        3        4        5        6        7

    1      4.086    0.025    1.538   -1.642    0.861   -1.211    0.000
    2      8.221   13.645   11.386   11.076    0.000    0.000    0.000
    3      5.930    9.061   11.207    3.258    8.578   -2.430    0.000
    4      8.440   11.959    0.000   13.640    0.000    0.000    0.000
    5     -1.866  -10.580    0.518  -10.580    3.117  -10.580    0.000
    6     -3.456  -10.646  -10.646  -10.646   -9.274    3.126    0.000
    7     -6.147  -13.717  -13.717  -13.717   -2.597   -3.616    0.000


MODEL RESULTS

                                                    Two-Tailed
                    Estimate       S.E.  Est./S.E.    P-Value

Latent Class 1

 COMBACC    ON
    F9AGE              0.001      0.018      0.068      0.946

 NARAACC    ON
    F9AGE              0.139      0.072      1.941      0.052

 NARACOMP   ON
    F9AGE              0.078      0.033      2.363      0.018

 WOLDCOMP   ON
    F8AGE              0.012      0.018      0.665      0.506

 NARACOMP WITH
    NARAACC            0.000      0.000    999.000    999.000
    COMBACC            0.000      0.000    999.000    999.000
    WOLDCOMP           0.000      0.000    999.000    999.000

 NARAACC  WITH
    COMBACC            0.000      0.000    999.000    999.000
    WOLDCOMP           0.000      0.000    999.000    999.000

 COMBACC  WITH
    WOLDCOMP           0.000      0.000    999.000    999.000

 F9AGE    WITH
    F8AGE              0.541      0.203      2.662      0.008

 Means
    F8AGE            115.229      0.490    235.326      0.000
    F9AGE            123.346      0.679    181.654      0.000

 Intercepts
    NARAACC           48.784      9.111      5.354      0.000
    NARACOMP          14.760      4.160      3.548      0.000
    WOLDCOMP           6.528      2.043      3.195      0.001
    COMBACC           12.657      2.305      5.492      0.000

 Variances
    F8AGE              4.416      0.227     19.462      0.000
    F9AGE             13.688      0.546     25.086      0.000

 Residual Variances
    NARAACC          420.925     52.657      7.994      0.000
    NARACOMP          59.619      7.129      8.363      0.000
    WOLDCOMP           4.367      0.531      8.226      0.000
    COMBACC           20.983      2.872      7.307      0.000

Latent Class 2

 COMBACC    ON
    F9AGE              0.001      0.018      0.068      0.946

 NARAACC    ON
    F9AGE              0.139      0.072      1.941      0.052

 NARACOMP   ON
    F9AGE              0.078      0.033      2.363      0.018

 WOLDCOMP   ON
    F8AGE              0.012      0.018      0.665      0.506

 NARACOMP WITH
    NARAACC            0.000      0.000    999.000    999.000
    COMBACC            0.000      0.000    999.000    999.000
    WOLDCOMP           0.000      0.000    999.000    999.000

 NARAACC  WITH
    COMBACC            0.000      0.000    999.000    999.000
    WOLDCOMP           0.000      0.000    999.000    999.000

 COMBACC  WITH
    WOLDCOMP           0.000      0.000    999.000    999.000

 F9AGE    WITH
    F8AGE              0.541      0.203      2.662      0.008

 Means
    F8AGE            102.770      0.081   1264.162      0.000
    F9AGE            118.338      0.154    766.663      0.000

 Intercepts
    NARAACC           67.918      8.525      7.967      0.000
    NARACOMP          21.471      4.022      5.338      0.000
    WOLDCOMP           6.736      1.811      3.719      0.000
    COMBACC           15.875      2.160      7.349      0.000

 Variances
    F8AGE              4.416      0.227     19.462      0.000
    F9AGE             13.688      0.546     25.086      0.000

 Residual Variances
    NARAACC           28.423      2.877      9.878      0.000
    NARACOMP          21.420      1.259     17.020      0.000
    WOLDCOMP           3.585      0.269     13.343      0.000
    COMBACC            3.852      0.312     12.348      0.000

Latent Class 3

 COMBACC    ON
    F9AGE              0.001      0.018      0.068      0.946

 NARAACC    ON
    F9AGE              0.139      0.072      1.941      0.052

 NARACOMP   ON
    F9AGE              0.078      0.033      2.363      0.018

 WOLDCOMP   ON
    F8AGE              0.012      0.018      0.665      0.506

 NARACOMP WITH
    NARAACC            0.000      0.000    999.000    999.000
    COMBACC            0.000      0.000    999.000    999.000
    WOLDCOMP           0.000      0.000    999.000    999.000

 NARAACC  WITH
    COMBACC            0.000      0.000    999.000    999.000
    WOLDCOMP           0.000      0.000    999.000    999.000

 COMBACC  WITH
    WOLDCOMP           0.000      0.000    999.000    999.000

 F9AGE    WITH
    F8AGE              0.541      0.203      2.662      0.008

 Means
    F8AGE            102.964      0.081   1263.505      0.000
    F9AGE            118.435      0.136    872.405      0.000

 Intercepts
    NARAACC           53.198      8.632      6.163      0.000
    NARACOMP          17.006      3.928      4.329      0.000
    WOLDCOMP           6.189      1.810      3.419      0.001
    COMBACC           13.639      2.193      6.220      0.000

 Variances
    F8AGE              4.416      0.227     19.462      0.000
    F9AGE             13.688      0.546     25.086      0.000

 Residual Variances
    NARAACC           59.627      5.297     11.257      0.000
    NARACOMP          21.861      1.534     14.253      0.000
    WOLDCOMP           3.084      0.196     15.740      0.000
    COMBACC            6.482      0.300     21.595      0.000

Latent Class 4

 COMBACC    ON
    F9AGE              0.001      0.018      0.068      0.946

 NARAACC    ON
    F9AGE              0.139      0.072      1.941      0.052

 NARACOMP   ON
    F9AGE              0.078      0.033      2.363      0.018

 WOLDCOMP   ON
    F8AGE              0.012      0.018      0.665      0.506

 NARACOMP WITH
    NARAACC            0.000      0.000    999.000    999.000
    COMBACC            0.000      0.000    999.000    999.000
    WOLDCOMP           0.000      0.000    999.000    999.000

 NARAACC  WITH
    COMBACC            0.000      0.000    999.000    999.000
    WOLDCOMP           0.000      0.000    999.000    999.000

 COMBACC  WITH
    WOLDCOMP           0.000      0.000    999.000    999.000

 F9AGE    WITH
    F8AGE              0.541      0.203      2.662      0.008

 Means
    F8AGE            102.765      0.146    705.605      0.000
    F9AGE            118.736      0.378    313.750      0.000

 Intercepts
    NARAACC           76.533      8.569      8.931      0.000
    NARACOMP          25.519      3.884      6.569      0.000
    WOLDCOMP           7.717      1.798      4.291      0.000
    COMBACC           17.794      2.201      8.085      0.000

 Variances
    F8AGE              4.416      0.227     19.462      0.000
    F9AGE             13.688      0.546     25.086      0.000

 Residual Variances
    NARAACC            9.688      1.544      6.275      0.000
    NARACOMP          16.393      2.754      5.954      0.000
    WOLDCOMP           3.731      0.374      9.967      0.000
    COMBACC            1.430      0.266      5.378      0.000

Latent Class 5

 COMBACC    ON
    F9AGE              0.001      0.018      0.068      0.946

 NARAACC    ON
    F9AGE              0.139      0.072      1.941      0.052

 NARACOMP   ON
    F9AGE              0.078      0.033      2.363      0.018

 WOLDCOMP   ON
    F8AGE              0.012      0.018      0.665      0.506

 NARACOMP WITH
    NARAACC            0.000      0.000    999.000    999.000
    COMBACC            0.000      0.000    999.000    999.000
    WOLDCOMP           0.000      0.000    999.000    999.000

 NARAACC  WITH
    COMBACC            0.000      0.000    999.000    999.000
    WOLDCOMP           0.000      0.000    999.000    999.000

 COMBACC  WITH
    WOLDCOMP           0.000      0.000    999.000    999.000

 F9AGE    WITH
    F8AGE              0.541      0.203      2.662      0.008

 Means
    F8AGE            103.065      0.103   1005.250      0.000
    F9AGE            118.092      0.145    812.392      0.000

 Intercepts
    NARAACC           35.793      8.485      4.218      0.000
    NARACOMP          11.296      3.911      2.888      0.004
    WOLDCOMP           5.745      1.808      3.178      0.001
    COMBACC           10.478      2.166      4.837      0.000

 Variances
    F8AGE              4.416      0.227     19.462      0.000
    F9AGE             13.688      0.546     25.086      0.000

 Residual Variances
    NARAACC           33.123      3.175     10.434      0.000
    NARACOMP          11.728      1.241      9.452      0.000
    WOLDCOMP           2.984      0.227     13.125      0.000
    COMBACC            8.156      0.475     17.164      0.000

Latent Class 6

 COMBACC    ON
    F9AGE              0.001      0.018      0.068      0.946

 NARAACC    ON
    F9AGE              0.139      0.072      1.941      0.052

 NARACOMP   ON
    F9AGE              0.078      0.033      2.363      0.018

 WOLDCOMP   ON
    F8AGE              0.012      0.018      0.665      0.506

 NARACOMP WITH
    NARAACC            0.000      0.000    999.000    999.000
    COMBACC            0.000      0.000    999.000    999.000
    WOLDCOMP           0.000      0.000    999.000    999.000

 NARAACC  WITH
    COMBACC            0.000      0.000    999.000    999.000
    WOLDCOMP           0.000      0.000    999.000    999.000

 COMBACC  WITH
    WOLDCOMP           0.000      0.000    999.000    999.000

 F9AGE    WITH
    F8AGE              0.541      0.203      2.662      0.008

 Means
    F8AGE            103.641      0.284    364.556      0.000
    F9AGE            118.814      0.382    311.178      0.000

 Intercepts
    NARAACC            4.015      8.760      0.458      0.647
    NARACOMP          -1.123      4.022     -0.279      0.780
    WOLDCOMP           5.083      1.837      2.767      0.006
    COMBACC            1.789      2.255      0.794      0.427

 Variances
    F8AGE              4.416      0.227     19.462      0.000
    F9AGE             13.688      0.546     25.086      0.000

 Residual Variances
    NARAACC           50.689      7.279      6.964      0.000
    NARACOMP          13.586      1.145     11.864      0.000
    WOLDCOMP           3.654      0.468      7.807      0.000
    COMBACC            3.771      1.242      3.037      0.002

Latent Class 7

 COMBACC    ON
    F9AGE              0.001      0.018      0.068      0.946

 NARAACC    ON
    F9AGE              0.139      0.072      1.941      0.052

 NARACOMP   ON
    F9AGE              0.078      0.033      2.363      0.018

 WOLDCOMP   ON
    F8AGE              0.012      0.018      0.665      0.506

 NARACOMP WITH
    NARAACC            0.000      0.000    999.000    999.000
    COMBACC            0.000      0.000    999.000    999.000
    WOLDCOMP           0.000      0.000    999.000    999.000

 NARAACC  WITH
    COMBACC            0.000      0.000    999.000    999.000
    WOLDCOMP           0.000      0.000    999.000    999.000

 COMBACC  WITH
    WOLDCOMP           0.000      0.000    999.000    999.000

 F9AGE    WITH
    F8AGE              0.541      0.203      2.662      0.008

 Means
    F8AGE            103.178      0.160    644.661      0.000
    F9AGE            118.474      0.223    530.922      0.000

 Intercepts
    NARAACC           21.545      8.610      2.502      0.012
    NARACOMP           6.355      3.982      1.596      0.110
    WOLDCOMP           5.658      1.814      3.119      0.002
    COMBACC            6.341      2.198      2.885      0.004

 Variances
    F8AGE              4.416      0.227     19.462      0.000
    F9AGE             13.688      0.546     25.086      0.000

 Residual Variances
    NARAACC           24.303      3.685      6.594      0.000
    NARACOMP           7.154      0.905      7.900      0.000
    WOLDCOMP           3.321      0.302     11.006      0.000
    COMBACC            6.425      0.571     11.247      0.000

Categorical Latent Variables

 Means
    C#1               -0.688      0.120     -5.756      0.000
    C#2                0.854      0.112      7.660      0.000
    C#3                1.023      0.099     10.299      0.000
    C#4               -0.094      0.173     -0.542      0.588
    C#5                0.654      0.102      6.436      0.000
    C#6               -0.804      0.148     -5.417      0.000


STANDARDIZED MODEL RESULTS


STDYX Standardization

                                                    Two-Tailed
                    Estimate       S.E.  Est./S.E.    P-Value

Latent Class 1

 COMBACC    ON
    F9AGE              0.001      0.015      0.068      0.946

 NARAACC    ON
    F9AGE              0.025      0.013      1.913      0.056

 NARACOMP   ON
    F9AGE              0.037      0.016      2.307      0.021

 WOLDCOMP   ON
    F8AGE              0.012      0.018      0.666      0.505

 NARACOMP WITH
    NARAACC            0.000      0.000    999.000    999.000
    COMBACC            0.000      0.000    999.000    999.000
    WOLDCOMP           0.000      0.000    999.000    999.000

 NARAACC  WITH
    COMBACC            0.000      0.000    999.000    999.000
    WOLDCOMP           0.000      0.000    999.000    999.000

 COMBACC  WITH
    WOLDCOMP           0.000      0.000    999.000    999.000

 F9AGE    WITH
    F8AGE              0.070      0.026      2.699      0.007

 Means
    F8AGE             54.834      1.294     42.361      0.000
    F9AGE             33.339      0.734     45.423      0.000

 Intercepts
    NARAACC            2.377      0.481      4.940      0.000
    NARACOMP           1.910      0.547      3.493      0.000
    WOLDCOMP           3.123      1.002      3.118      0.002
    COMBACC            2.763      0.553      4.998      0.000

 Variances
    F8AGE              1.000      0.000    999.000    999.000
    F9AGE              1.000      0.000    999.000    999.000

 Residual Variances
    NARAACC            0.999      0.001   1517.808      0.000
    NARACOMP           0.999      0.001    820.299      0.000
    WOLDCOMP           1.000      0.000   2414.461      0.000
    COMBACC            1.000      0.000  33697.609      0.000

Latent Class 2

 COMBACC    ON
    F9AGE              0.002      0.035      0.068      0.946

 NARAACC    ON
    F9AGE              0.096      0.049      1.951      0.051

 NARACOMP   ON
    F9AGE              0.062      0.026      2.365      0.018

 WOLDCOMP   ON
    F8AGE              0.013      0.020      0.665      0.506

 NARACOMP WITH
    NARAACC            0.000      0.000    999.000    999.000
    COMBACC            0.000      0.000    999.000    999.000
    WOLDCOMP           0.000      0.000    999.000    999.000

 NARAACC  WITH
    COMBACC            0.000      0.000    999.000    999.000
    WOLDCOMP           0.000      0.000    999.000    999.000

 COMBACC  WITH
    WOLDCOMP           0.000      0.000    999.000    999.000

 F9AGE    WITH
    F8AGE              0.070      0.026      2.699      0.007

 Means
    F8AGE             48.905      1.248     39.192      0.000
    F9AGE             31.985      0.626     51.106      0.000

 Intercepts
    NARAACC           12.680      1.830      6.930      0.000
    NARACOMP           4.630      0.897      5.164      0.000
    WOLDCOMP           3.557      0.956      3.721      0.000
    COMBACC            8.089      1.192      6.783      0.000

 Variances
    F8AGE              1.000      0.000    999.000    999.000
    F9AGE              1.000      0.000    999.000    999.000

 Residual Variances
    NARAACC            0.991      0.009    104.544      0.000
    NARACOMP           0.996      0.003    302.090      0.000
    WOLDCOMP           1.000      0.001   1977.437      0.000
    COMBACC            1.000      0.000   6188.417      0.000

Latent Class 3

 COMBACC    ON
    F9AGE              0.002      0.027      0.068      0.946

 NARAACC    ON
    F9AGE              0.067      0.035      1.912      0.056

 NARACOMP   ON
    F9AGE              0.062      0.026      2.352      0.019

 WOLDCOMP   ON
    F8AGE              0.014      0.021      0.666      0.505

 NARACOMP WITH
    NARAACC            0.000      0.000    999.000    999.000
    COMBACC            0.000      0.000    999.000    999.000
    WOLDCOMP           0.000      0.000    999.000    999.000

 NARAACC  WITH
    COMBACC            0.000      0.000    999.000    999.000
    WOLDCOMP           0.000      0.000    999.000    999.000

 COMBACC  WITH
    WOLDCOMP           0.000      0.000    999.000    999.000

 F9AGE    WITH
    F8AGE              0.070      0.026      2.699      0.007

 Means
    F8AGE             48.997      1.246     39.324      0.000
    F9AGE             32.012      0.626     51.118      0.000

 Intercepts
    NARAACC            6.874      1.115      6.163      0.000
    NARACOMP           3.630      0.858      4.232      0.000
    WOLDCOMP           3.524      1.042      3.381      0.001
    COMBACC            5.357      0.867      6.180      0.000

 Variances
    F8AGE              1.000      0.000    999.000    999.000
    F9AGE              1.000      0.000    999.000    999.000

 Residual Variances
    NARAACC            0.996      0.005    214.868      0.000
    NARACOMP           0.996      0.003    306.635      0.000
    WOLDCOMP           1.000      0.001   1704.888      0.000
    COMBACC            1.000      0.000  10412.358      0.000

Latent Class 4

 COMBACC    ON
    F9AGE              0.004      0.057      0.068      0.946

 NARAACC    ON
    F9AGE              0.163      0.080      2.033      0.042

 NARACOMP   ON
    F9AGE              0.071      0.032      2.236      0.025

 WOLDCOMP   ON
    F8AGE              0.013      0.019      0.665      0.506

 NARACOMP WITH
    NARAACC            0.000      0.000    999.000    999.000
    COMBACC            0.000      0.000    999.000    999.000
    WOLDCOMP           0.000      0.000    999.000    999.000

 NARAACC  WITH
    COMBACC            0.000      0.000    999.000    999.000
    WOLDCOMP           0.000      0.000    999.000    999.000

 COMBACC  WITH
    WOLDCOMP           0.000      0.000    999.000    999.000

 F9AGE    WITH
    F8AGE              0.070      0.026      2.699      0.007

 Means
    F8AGE             48.902      1.241     39.403      0.000
    F9AGE             32.093      0.636     50.453      0.000

 Intercepts
    NARAACC           24.259      3.975      6.103      0.000
    NARACOMP           6.287      1.075      5.850      0.000
    WOLDCOMP           3.995      0.956      4.179      0.000
    COMBACC           14.880      2.564      5.804      0.000

 Variances
    F8AGE              1.000      0.000    999.000    999.000
    F9AGE              1.000      0.000    999.000    999.000

 Residual Variances
    NARAACC            0.973      0.026     37.117      0.000
    NARACOMP           0.995      0.005    218.591      0.000
    WOLDCOMP           1.000      0.000   2057.595      0.000
    COMBACC            1.000      0.000   2299.935      0.000

Latent Class 5

 COMBACC    ON
    F9AGE              0.002      0.024      0.068      0.946

 NARAACC    ON
    F9AGE              0.089      0.046      1.953      0.051

 NARACOMP   ON
    F9AGE              0.084      0.036      2.340      0.019

 WOLDCOMP   ON
    F8AGE              0.014      0.021      0.665      0.506

 NARACOMP WITH
    NARAACC            0.000      0.000    999.000    999.000
    COMBACC            0.000      0.000    999.000    999.000
    WOLDCOMP           0.000      0.000    999.000    999.000

 NARAACC  WITH
    COMBACC            0.000      0.000    999.000    999.000
    WOLDCOMP           0.000      0.000    999.000    999.000

 COMBACC  WITH
    WOLDCOMP           0.000      0.000    999.000    999.000

 F9AGE    WITH
    F8AGE              0.070      0.026      2.699      0.007

 Means
    F8AGE             49.045      1.244     39.424      0.000
    F9AGE             31.919      0.628     50.854      0.000

 Intercepts
    NARAACC            6.194      1.535      4.035      0.000
    NARACOMP           3.287      1.156      2.843      0.004
    WOLDCOMP           3.325      1.050      3.165      0.002
    COMBACC            3.669      0.764      4.803      0.000

 Variances
    F8AGE              1.000      0.000    999.000    999.000
    F9AGE              1.000      0.000    999.000    999.000

 Residual Variances
    NARAACC            0.992      0.008    121.955      0.000
    NARACOMP           0.993      0.006    163.658      0.000
    WOLDCOMP           1.000      0.001   1646.905      0.000
    COMBACC            1.000      0.000  13100.533      0.000

Latent Class 6

 COMBACC    ON
    F9AGE              0.002      0.035      0.068      0.946

 NARAACC    ON
    F9AGE              0.072      0.038      1.902      0.057

 NARACOMP   ON
    F9AGE              0.078      0.033      2.365      0.018

 WOLDCOMP   ON
    F8AGE              0.013      0.019      0.666      0.506

 NARACOMP WITH
    NARAACC            0.000      0.000    999.000    999.000
    COMBACC            0.000      0.000    999.000    999.000
    WOLDCOMP           0.000      0.000    999.000    999.000

 NARAACC  WITH
    COMBACC            0.000      0.000    999.000    999.000
    WOLDCOMP           0.000      0.000    999.000    999.000

 COMBACC  WITH
    WOLDCOMP           0.000      0.000    999.000    999.000

 F9AGE    WITH
    F8AGE              0.070      0.026      2.699      0.007

 Means
    F8AGE             49.319      1.229     40.119      0.000
    F9AGE             32.114      0.626     51.300      0.000

 Intercepts
    NARAACC            0.562      1.224      0.460      0.646
    NARACOMP          -0.304      1.086     -0.279      0.780
    WOLDCOMP           2.659      0.979      2.715      0.007
    COMBACC            0.921      1.124      0.820      0.412

 Variances
    F8AGE              1.000      0.000    999.000    999.000
    F9AGE              1.000      0.000    999.000    999.000

 Residual Variances
    NARAACC            0.995      0.005    181.705      0.000
    NARACOMP           0.994      0.005    191.585      0.000
    WOLDCOMP           1.000      0.000   2018.549      0.000
    COMBACC            1.000      0.000   6044.337      0.000

Latent Class 7

 COMBACC    ON
    F9AGE              0.002      0.027      0.068      0.946

 NARAACC    ON
    F9AGE              0.104      0.052      2.017      0.044

 NARACOMP   ON
    F9AGE              0.108      0.045      2.405      0.016

 WOLDCOMP   ON
    F8AGE              0.013      0.020      0.665      0.506

 NARACOMP WITH
    NARAACC            0.000      0.000    999.000    999.000
    COMBACC            0.000      0.000    999.000    999.000
    WOLDCOMP           0.000      0.000    999.000    999.000

 NARAACC  WITH
    COMBACC            0.000      0.000    999.000    999.000
    WOLDCOMP           0.000      0.000    999.000    999.000

 COMBACC  WITH
    WOLDCOMP           0.000      0.000    999.000    999.000

 F9AGE    WITH
    F8AGE              0.070      0.026      2.699      0.007

 Means
    F8AGE             49.099      1.244     39.459      0.000
    F9AGE             32.022      0.630     50.796      0.000

 Intercepts
    NARAACC            4.347      1.884      2.307      0.021
    NARACOMP           2.362      1.524      1.550      0.121
    WOLDCOMP           3.105      1.000      3.103      0.002
    COMBACC            2.502      0.877      2.853      0.004

 Variances
    F8AGE              1.000      0.000    999.000    999.000
    F9AGE              1.000      0.000    999.000    999.000

 Residual Variances
    NARAACC            0.989      0.011     92.403      0.000
    NARACOMP           0.988      0.010    102.583      0.000
    WOLDCOMP           1.000      0.001   1831.532      0.000
    COMBACC            1.000      0.000  10322.517      0.000


R-SQUARE

Class 1

    Observed                                        Two-Tailed
    Variable        Estimate       S.E.  Est./S.E.    P-Value

    NARAACC            0.001      0.001      0.957      0.339
    NARACOMP           0.001      0.001      1.154      0.249
    WOLDCOMP           0.000      0.000      0.333      0.739
    COMBACC            0.000      0.000      0.034      0.973

Class 2

    Observed                                        Two-Tailed
    Variable        Estimate       S.E.  Est./S.E.    P-Value

    NARAACC            0.009      0.009      0.976      0.329
    NARACOMP           0.004      0.003      1.183      0.237
    WOLDCOMP           0.000      0.001      0.332      0.740
    COMBACC            0.000      0.000      0.034      0.973

Class 3

    Observed                                        Two-Tailed
    Variable        Estimate       S.E.  Est./S.E.    P-Value

    NARAACC            0.004      0.005      0.956      0.339
    NARACOMP           0.004      0.003      1.176      0.240
    WOLDCOMP           0.000      0.001      0.333      0.739
    COMBACC            0.000      0.000      0.034      0.973

Class 4

    Observed                                        Two-Tailed
    Variable        Estimate       S.E.  Est./S.E.    P-Value

    NARAACC            0.027      0.026      1.016      0.309
    NARACOMP           0.005      0.005      1.118      0.264
    WOLDCOMP           0.000      0.000      0.332      0.740
    COMBACC            0.000      0.000      0.034      0.973

Class 5

    Observed                                        Two-Tailed
    Variable        Estimate       S.E.  Est./S.E.    P-Value

    NARAACC            0.008      0.008      0.977      0.329
    NARACOMP           0.007      0.006      1.170      0.242
    WOLDCOMP           0.000      0.001      0.333      0.739
    COMBACC            0.000      0.000      0.034      0.973

Class 6

    Observed                                        Two-Tailed
    Variable        Estimate       S.E.  Est./S.E.    P-Value

    NARAACC            0.005      0.005      0.951      0.342
    NARACOMP           0.006      0.005      1.182      0.237
    WOLDCOMP           0.000      0.000      0.333      0.739
    COMBACC            0.000      0.000      0.034      0.973

Class 7

    Observed                                        Two-Tailed
    Variable        Estimate       S.E.  Est./S.E.    P-Value

    NARAACC            0.011      0.011      1.009      0.313
    NARACOMP           0.012      0.010      1.202      0.229
    WOLDCOMP           0.000      0.001      0.332      0.740
    COMBACC            0.000      0.000      0.034      0.973


QUALITY OF NUMERICAL RESULTS

     Condition Number for the Information Matrix              0.634E-08
       (ratio of smallest to largest eigenvalue)


CONFIDENCE INTERVALS OF MODEL RESULTS

                  Lower .5%  Lower 2.5%    Lower 5%    Estimate    Upper 5%  Upper 2.5%   Upper .5%

Latent Class 1

 COMBACC  ON
    F9AGE           -0.046      -0.035      -0.029       0.001       0.031       0.037       0.048

 NARAACC  ON
    F9AGE           -0.045      -0.001       0.021       0.139       0.257       0.280       0.324

 NARACOMP ON
    F9AGE           -0.007       0.013       0.024       0.078       0.133       0.143       0.164

 WOLDCOMP ON
    F8AGE           -0.034      -0.023      -0.017       0.012       0.041       0.046       0.057

 NARACOMP WITH
    NARAACC          0.000       0.000       0.000       0.000       0.000       0.000       0.000
    COMBACC          0.000       0.000       0.000       0.000       0.000       0.000       0.000
    WOLDCOMP         0.000       0.000       0.000       0.000       0.000       0.000       0.000

 NARAACC  WITH
    COMBACC          0.000       0.000       0.000       0.000       0.000       0.000       0.000
    WOLDCOMP         0.000       0.000       0.000       0.000       0.000       0.000       0.000

 COMBACC  WITH
    WOLDCOMP         0.000       0.000       0.000       0.000       0.000       0.000       0.000

 F9AGE    WITH
    F8AGE            0.018       0.143       0.207       0.541       0.875       0.939       1.065

 Means
    F8AGE          113.968     114.269     114.423     115.229     116.034     116.189     116.490
    F9AGE          121.597     122.015     122.229     123.346     124.463     124.677     125.095

 Intercepts
    NARAACC         25.315      30.926      33.796      48.784      63.772      66.642      72.253
    NARACOMP         4.044       6.606       7.916      14.760      21.603      22.914      25.476
    WOLDCOMP         1.265       2.523       3.167       6.528       9.889      10.532      11.790
    COMBACC          6.721       8.140       8.866      12.657      16.448      17.174      18.593

 Variances
    F8AGE            3.832       3.971       4.043       4.416       4.789       4.861       5.000
    F9AGE           12.283      12.619      12.790      13.688      14.586      14.758      15.094

 Residual Variances
    NARAACC        285.291     317.717     334.304     420.925     507.546     524.133     556.559
    NARACOMP        41.256      45.646      47.892      59.619      71.347      73.592      77.982
    WOLDCOMP         3.000       3.326       3.494       4.367       5.240       5.407       5.734
    COMBACC         13.586      15.354      16.259      20.983      25.706      26.611      28.379

Latent Class 2

 COMBACC  ON
    F9AGE           -0.046      -0.035      -0.029       0.001       0.031       0.037       0.048

 NARAACC  ON
    F9AGE           -0.045      -0.001       0.021       0.139       0.257       0.280       0.324

 NARACOMP ON
    F9AGE           -0.007       0.013       0.024       0.078       0.133       0.143       0.164

 WOLDCOMP ON
    F8AGE           -0.034      -0.023      -0.017       0.012       0.041       0.046       0.057

 NARACOMP WITH
    NARAACC          0.000       0.000       0.000       0.000       0.000       0.000       0.000
    COMBACC          0.000       0.000       0.000       0.000       0.000       0.000       0.000
    WOLDCOMP         0.000       0.000       0.000       0.000       0.000       0.000       0.000

 NARAACC  WITH
    COMBACC          0.000       0.000       0.000       0.000       0.000       0.000       0.000
    WOLDCOMP         0.000       0.000       0.000       0.000       0.000       0.000       0.000

 COMBACC  WITH
    WOLDCOMP         0.000       0.000       0.000       0.000       0.000       0.000       0.000

 F9AGE    WITH
    F8AGE            0.018       0.143       0.207       0.541       0.875       0.939       1.065

 Means
    F8AGE          102.560     102.611     102.636     102.770     102.904     102.929     102.979
    F9AGE          117.940     118.035     118.084     118.338     118.592     118.640     118.735

 Intercepts
    NARAACC         45.960      51.210      53.895      67.918      81.941      84.626      89.875
    NARACOMP        11.110      13.587      14.854      21.471      28.087      29.354      31.831
    WOLDCOMP         2.071       3.186       3.757       6.736       9.714      10.285      11.400
    COMBACC         10.311      11.642      12.322      15.875      19.429      20.109      21.439

 Variances
    F8AGE            3.832       3.971       4.043       4.416       4.789       4.861       5.000
    F9AGE           12.283      12.619      12.790      13.688      14.586      14.758      15.094

 Residual Variances
    NARAACC         21.012      22.784      23.690      28.423      33.157      34.063      35.835
    NARACOMP        18.178      18.953      19.349      21.420      23.490      23.886      24.661
    WOLDCOMP         2.893       3.059       3.143       3.585       4.027       4.112       4.278
    COMBACC          3.048       3.240       3.338       3.852       4.365       4.463       4.655

Latent Class 3

 COMBACC  ON
    F9AGE           -0.046      -0.035      -0.029       0.001       0.031       0.037       0.048

 NARAACC  ON
    F9AGE           -0.045      -0.001       0.021       0.139       0.257       0.280       0.324

 NARACOMP ON
    F9AGE           -0.007       0.013       0.024       0.078       0.133       0.143       0.164

 WOLDCOMP ON
    F8AGE           -0.034      -0.023      -0.017       0.012       0.041       0.046       0.057

 NARACOMP WITH
    NARAACC          0.000       0.000       0.000       0.000       0.000       0.000       0.000
    COMBACC          0.000       0.000       0.000       0.000       0.000       0.000       0.000
    WOLDCOMP         0.000       0.000       0.000       0.000       0.000       0.000       0.000

 NARAACC  WITH
    COMBACC          0.000       0.000       0.000       0.000       0.000       0.000       0.000
    WOLDCOMP         0.000       0.000       0.000       0.000       0.000       0.000       0.000

 COMBACC  WITH
    WOLDCOMP         0.000       0.000       0.000       0.000       0.000       0.000       0.000

 F9AGE    WITH
    F8AGE            0.018       0.143       0.207       0.541       0.875       0.939       1.065

 Means
    F8AGE          102.755     102.805     102.830     102.964     103.099     103.124     103.174
    F9AGE          118.085     118.169     118.212     118.435     118.658     118.701     118.785

 Intercepts
    NARAACC         30.964      36.279      38.998      53.198      67.398      70.117      75.433
    NARACOMP         6.888       9.307      10.544      17.006      23.467      24.704      27.123
    WOLDCOMP         1.527       2.641       3.211       6.189       9.166       9.737      10.851
    COMBACC          7.990       9.341      10.032      13.639      17.246      17.937      19.287

 Variances
    F8AGE            3.832       3.971       4.043       4.416       4.789       4.861       5.000
    F9AGE           12.283      12.619      12.790      13.688      14.586      14.758      15.094

 Residual Variances
    NARAACC         45.983      49.245      50.914      59.627      68.341      70.010      73.271
    NARACOMP        17.910      18.855      19.338      21.861      24.384      24.867      25.812
    WOLDCOMP         2.579       2.700       2.762       3.084       3.406       3.468       3.589
    COMBACC          5.709       5.894       5.988       6.482       6.976       7.071       7.255

Latent Class 4

 COMBACC  ON
    F9AGE           -0.046      -0.035      -0.029       0.001       0.031       0.037       0.048

 NARAACC  ON
    F9AGE           -0.045      -0.001       0.021       0.139       0.257       0.280       0.324

 NARACOMP ON
    F9AGE           -0.007       0.013       0.024       0.078       0.133       0.143       0.164

 WOLDCOMP ON
    F8AGE           -0.034      -0.023      -0.017       0.012       0.041       0.046       0.057

 NARACOMP WITH
    NARAACC          0.000       0.000       0.000       0.000       0.000       0.000       0.000
    COMBACC          0.000       0.000       0.000       0.000       0.000       0.000       0.000
    WOLDCOMP         0.000       0.000       0.000       0.000       0.000       0.000       0.000

 NARAACC  WITH
    COMBACC          0.000       0.000       0.000       0.000       0.000       0.000       0.000
    WOLDCOMP         0.000       0.000       0.000       0.000       0.000       0.000       0.000

 COMBACC  WITH
    WOLDCOMP         0.000       0.000       0.000       0.000       0.000       0.000       0.000

 F9AGE    WITH
    F8AGE            0.018       0.143       0.207       0.541       0.875       0.939       1.065

 Means
    F8AGE          102.389     102.479     102.525     102.765     103.004     103.050     103.140
    F9AGE          117.762     117.995     118.114     118.736     119.359     119.478     119.711

 Intercepts
    NARAACC         54.460      59.737      62.436      76.533      90.629      93.328      98.605
    NARACOMP        15.513      17.905      19.129      25.519      31.909      33.132      35.524
    WOLDCOMP         3.085       4.192       4.758       7.717      10.675      11.241      12.349
    COMBACC         12.125      13.481      14.174      17.794      21.414      22.107      23.463

 Variances
    F8AGE            3.832       3.971       4.043       4.416       4.789       4.861       5.000
    F9AGE           12.283      12.619      12.790      13.688      14.586      14.758      15.094

 Residual Variances
    NARAACC          5.711       6.662       7.148       9.688      12.227      12.714      13.664
    NARACOMP         9.301      10.996      11.864      16.393      20.923      21.790      23.486
    WOLDCOMP         2.767       2.997       3.115       3.731       4.347       4.465       4.695
    COMBACC          0.745       0.909       0.993       1.430       1.867       1.951       2.115

Latent Class 5

 COMBACC  ON
    F9AGE           -0.046      -0.035      -0.029       0.001       0.031       0.037       0.048

 NARAACC  ON
    F9AGE           -0.045      -0.001       0.021       0.139       0.257       0.280       0.324

 NARACOMP ON
    F9AGE           -0.007       0.013       0.024       0.078       0.133       0.143       0.164

 WOLDCOMP ON
    F8AGE           -0.034      -0.023      -0.017       0.012       0.041       0.046       0.057

 NARACOMP WITH
    NARAACC          0.000       0.000       0.000       0.000       0.000       0.000       0.000
    COMBACC          0.000       0.000       0.000       0.000       0.000       0.000       0.000
    WOLDCOMP         0.000       0.000       0.000       0.000       0.000       0.000       0.000

 NARAACC  WITH
    COMBACC          0.000       0.000       0.000       0.000       0.000       0.000       0.000
    WOLDCOMP         0.000       0.000       0.000       0.000       0.000       0.000       0.000

 COMBACC  WITH
    WOLDCOMP         0.000       0.000       0.000       0.000       0.000       0.000       0.000

 F9AGE    WITH
    F8AGE            0.018       0.143       0.207       0.541       0.875       0.939       1.065

 Means
    F8AGE          102.801     102.864     102.896     103.065     103.234     103.266     103.329
    F9AGE          117.717     117.807     117.852     118.092     118.331     118.376     118.466

 Intercepts
    NARAACC         13.937      19.162      21.835      35.793      49.750      52.423      57.648
    NARACOMP         1.221       3.630       4.862      11.296      17.730      18.962      21.371
    WOLDCOMP         1.089       2.202       2.772       5.745       8.719       9.288      10.401
    COMBACC          4.899       6.233       6.915      10.478      14.041      14.724      16.058

 Variances
    F8AGE            3.832       3.971       4.043       4.416       4.789       4.861       5.000
    F9AGE           12.283      12.619      12.790      13.688      14.586      14.758      15.094

 Residual Variances
    NARAACC         24.946      26.901      27.901      33.123      38.345      39.345      41.300
    NARACOMP         8.532       9.296       9.687      11.728      13.769      14.159      14.923
    WOLDCOMP         2.399       2.539       2.610       2.984       3.358       3.430       3.570
    COMBACC          6.932       7.225       7.374       8.156       8.938       9.087       9.380

Latent Class 6

 COMBACC  ON
    F9AGE           -0.046      -0.035      -0.029       0.001       0.031       0.037       0.048

 NARAACC  ON
    F9AGE           -0.045      -0.001       0.021       0.139       0.257       0.280       0.324

 NARACOMP ON
    F9AGE           -0.007       0.013       0.024       0.078       0.133       0.143       0.164

 WOLDCOMP ON
    F8AGE           -0.034      -0.023      -0.017       0.012       0.041       0.046       0.057

 NARACOMP WITH
    NARAACC          0.000       0.000       0.000       0.000       0.000       0.000       0.000
    COMBACC          0.000       0.000       0.000       0.000       0.000       0.000       0.000
    WOLDCOMP         0.000       0.000       0.000       0.000       0.000       0.000       0.000

 NARAACC  WITH
    COMBACC          0.000       0.000       0.000       0.000       0.000       0.000       0.000
    WOLDCOMP         0.000       0.000       0.000       0.000       0.000       0.000       0.000

 COMBACC  WITH
    WOLDCOMP         0.000       0.000       0.000       0.000       0.000       0.000       0.000

 F9AGE    WITH
    F8AGE            0.018       0.143       0.207       0.541       0.875       0.939       1.065

 Means
    F8AGE          102.909     103.084     103.173     103.641     104.108     104.198     104.373
    F9AGE          117.830     118.065     118.186     118.814     119.442     119.562     119.797

 Intercepts
    NARAACC        -18.549     -13.154     -10.395       4.015      18.424      21.184      26.578
    NARACOMP       -11.484      -9.007      -7.740      -1.123       5.494       6.761       9.238
    WOLDCOMP         0.351       1.482       2.061       5.083       8.104       8.683       9.814
    COMBACC         -4.019      -2.630      -1.920       1.789       5.499       6.209       7.597

 Variances
    F8AGE            3.832       3.971       4.043       4.416       4.789       4.861       5.000
    F9AGE           12.283      12.619      12.790      13.688      14.586      14.758      15.094

 Residual Variances
    NARAACC         31.940      36.422      38.715      50.689      62.663      64.956      69.438
    NARACOMP        10.637      11.342      11.702      13.586      15.470      15.831      16.536
    WOLDCOMP         2.449       2.737       2.884       3.654       4.424       4.572       4.860
    COMBACC          0.573       1.338       1.729       3.771       5.814       6.205       6.969

Latent Class 7

 COMBACC  ON
    F9AGE           -0.046      -0.035      -0.029       0.001       0.031       0.037       0.048

 NARAACC  ON
    F9AGE           -0.045      -0.001       0.021       0.139       0.257       0.280       0.324

 NARACOMP ON
    F9AGE           -0.007       0.013       0.024       0.078       0.133       0.143       0.164

 WOLDCOMP ON
    F8AGE           -0.034      -0.023      -0.017       0.012       0.041       0.046       0.057

 NARACOMP WITH
    NARAACC          0.000       0.000       0.000       0.000       0.000       0.000       0.000
    COMBACC          0.000       0.000       0.000       0.000       0.000       0.000       0.000
    WOLDCOMP         0.000       0.000       0.000       0.000       0.000       0.000       0.000

 NARAACC  WITH
    COMBACC          0.000       0.000       0.000       0.000       0.000       0.000       0.000
    WOLDCOMP         0.000       0.000       0.000       0.000       0.000       0.000       0.000

 COMBACC  WITH
    WOLDCOMP         0.000       0.000       0.000       0.000       0.000       0.000       0.000

 F9AGE    WITH
    F8AGE            0.018       0.143       0.207       0.541       0.875       0.939       1.065

 Means
    F8AGE          102.765     102.864     102.914     103.178     103.441     103.491     103.590
    F9AGE          117.900     118.037     118.107     118.474     118.841     118.912     119.049

 Intercepts
    NARAACC         -0.632       4.670       7.382      21.545      35.708      38.420      43.722
    NARACOMP        -3.901      -1.449      -0.195       6.355      12.905      14.159      16.611
    WOLDCOMP         0.985       2.102       2.674       5.658       8.642       9.214      10.331
    COMBACC          0.680       2.034       2.726       6.341       9.956      10.648      12.001

 Variances
    F8AGE            3.832       3.971       4.043       4.416       4.789       4.861       5.000
    F9AGE           12.283      12.619      12.790      13.688      14.586      14.758      15.094

 Residual Variances
    NARAACC         14.810      17.080      18.240      24.303      30.365      31.526      33.796
    NARACOMP         4.821       5.379       5.664       7.154       8.643       8.929       9.486
    WOLDCOMP         2.544       2.729       2.824       3.321       3.817       3.912       4.098
    COMBACC          4.954       5.305       5.485       6.425       7.365       7.545       7.896

Categorical Latent Variables

 Means
    C#1             -0.996      -0.923      -0.885      -0.688      -0.492      -0.454      -0.380
    C#2              0.567       0.636       0.671       0.854       1.038       1.073       1.141
    C#3              0.767       0.828       0.860       1.023       1.186       1.218       1.279
    C#4             -0.539      -0.432      -0.378      -0.094       0.191       0.245       0.352
    C#5              0.392       0.455       0.487       0.654       0.821       0.853       0.915
    C#6             -1.186      -1.095      -1.048      -0.804      -0.560      -0.513      -0.422


CONFIDENCE INTERVALS OF STANDARDIZED MODEL RESULTS


STDYX Standardization

                  Lower .5%  Lower 2.5%    Lower 5%    Estimate    Upper 5%  Upper 2.5%   Upper .5%

Latent Class 1

 COMBACC  ON
    F9AGE           -0.037      -0.028      -0.023       0.001       0.025       0.030       0.039

 NARAACC  ON
    F9AGE           -0.009      -0.001       0.004       0.025       0.047       0.051       0.059

 NARACOMP ON
    F9AGE           -0.004       0.006       0.011       0.037       0.064       0.069       0.079

 WOLDCOMP ON
    F8AGE           -0.034      -0.023      -0.017       0.012       0.041       0.046       0.057

 NARACOMP WITH
    NARAACC          0.000       0.000       0.000       0.000       0.000       0.000       0.000
    COMBACC          0.000       0.000       0.000       0.000       0.000       0.000       0.000
    WOLDCOMP         0.000       0.000       0.000       0.000       0.000       0.000       0.000

 NARAACC  WITH
    COMBACC          0.000       0.000       0.000       0.000       0.000       0.000       0.000
    WOLDCOMP         0.000       0.000       0.000       0.000       0.000       0.000       0.000

 COMBACC  WITH
    WOLDCOMP         0.000       0.000       0.000       0.000       0.000       0.000       0.000

 F9AGE    WITH
    F8AGE            0.003       0.019       0.027       0.070       0.112       0.120       0.136

 Means
    F8AGE           51.499      52.296      52.704      54.834      56.963      57.371      58.168
    F9AGE           31.449      31.901      32.132      33.339      34.547      34.778      35.230

 Intercepts
    NARAACC          1.138       1.434       1.585       2.377       3.169       3.320       3.617
    NARACOMP         0.501       0.838       1.011       1.910       2.810       2.982       3.319
    WOLDCOMP         0.543       1.160       1.475       3.123       4.771       5.087       5.704
    COMBACC          1.339       1.680       1.854       2.763       3.673       3.847       4.187

 Variances
    F8AGE            1.000       1.000       1.000       1.000       1.000       1.000       1.000
    F9AGE            1.000       1.000       1.000       1.000       1.000       1.000       1.000

 Residual Variances
    NARAACC          0.998       0.998       0.998       0.999       1.000       1.001       1.001
    NARACOMP         0.995       0.996       0.997       0.999       1.001       1.001       1.002
    WOLDCOMP         0.999       0.999       0.999       1.000       1.001       1.001       1.001
    COMBACC          1.000       1.000       1.000       1.000       1.000       1.000       1.000

Latent Class 2

 COMBACC  ON
    F9AGE           -0.087      -0.065      -0.054       0.002       0.059       0.070       0.091

 NARAACC  ON
    F9AGE           -0.031       0.000       0.015       0.096       0.177       0.193       0.223

 NARACOMP ON
    F9AGE           -0.006       0.011       0.019       0.062       0.106       0.114       0.130

 WOLDCOMP ON
    F8AGE           -0.037      -0.025      -0.019       0.013       0.045       0.051       0.063

 NARACOMP WITH
    NARAACC          0.000       0.000       0.000       0.000       0.000       0.000       0.000
    COMBACC          0.000       0.000       0.000       0.000       0.000       0.000       0.000
    WOLDCOMP         0.000       0.000       0.000       0.000       0.000       0.000       0.000

 NARAACC  WITH
    COMBACC          0.000       0.000       0.000       0.000       0.000       0.000       0.000
    WOLDCOMP         0.000       0.000       0.000       0.000       0.000       0.000       0.000

 COMBACC  WITH
    WOLDCOMP         0.000       0.000       0.000       0.000       0.000       0.000       0.000

 F9AGE    WITH
    F8AGE            0.003       0.019       0.027       0.070       0.112       0.120       0.136

 Means
    F8AGE           45.691      46.459      46.852      48.905      50.957      51.350      52.119
    F9AGE           30.373      30.759      30.956      31.985      33.015      33.212      33.598

 Intercepts
    NARAACC          7.967       9.094       9.670      12.680      15.690      16.267      17.394
    NARACOMP         2.320       2.873       3.155       4.630       6.105       6.388       6.940
    WOLDCOMP         1.094       1.683       1.984       3.557       5.129       5.431       6.019
    COMBACC          5.018       5.752       6.128       8.089      10.051      10.426      11.161

 Variances
    F8AGE            1.000       1.000       1.000       1.000       1.000       1.000       1.000
    F9AGE            1.000       1.000       1.000       1.000       1.000       1.000       1.000

 Residual Variances
    NARAACC          0.966       0.972       0.975       0.991       1.006       1.009       1.015
    NARACOMP         0.988       0.990       0.991       0.996       1.002       1.003       1.005
    WOLDCOMP         0.999       0.999       0.999       1.000       1.001       1.001       1.001
    COMBACC          1.000       1.000       1.000       1.000       1.000       1.000       1.000

Latent Class 3

 COMBACC  ON
    F9AGE           -0.067      -0.050      -0.042       0.002       0.046       0.054       0.070

 NARAACC  ON
    F9AGE           -0.023      -0.002       0.009       0.067       0.124       0.135       0.156

 NARACOMP ON
    F9AGE           -0.006       0.010       0.019       0.062       0.105       0.113       0.130

 WOLDCOMP ON
    F8AGE           -0.040      -0.027      -0.021       0.014       0.048       0.055       0.068

 NARACOMP WITH
    NARAACC          0.000       0.000       0.000       0.000       0.000       0.000       0.000
    COMBACC          0.000       0.000       0.000       0.000       0.000       0.000       0.000
    WOLDCOMP         0.000       0.000       0.000       0.000       0.000       0.000       0.000

 NARAACC  WITH
    COMBACC          0.000       0.000       0.000       0.000       0.000       0.000       0.000
    WOLDCOMP         0.000       0.000       0.000       0.000       0.000       0.000       0.000

 COMBACC  WITH
    WOLDCOMP         0.000       0.000       0.000       0.000       0.000       0.000       0.000

 F9AGE    WITH
    F8AGE            0.003       0.019       0.027       0.070       0.112       0.120       0.136

 Means
    F8AGE           45.788      46.555      46.948      48.997      51.047      51.439      52.207
    F9AGE           30.399      30.784      30.982      32.012      33.042      33.239      33.625

 Intercepts
    NARAACC          4.001       4.688       5.039       6.874       8.709       9.060       9.747
    NARACOMP         1.421       1.949       2.219       3.630       5.041       5.311       5.839
    WOLDCOMP         0.839       1.481       1.809       3.524       5.238       5.567       6.208
    COMBACC          3.124       3.658       3.931       5.357       6.783       7.056       7.590

 Variances
    F8AGE            1.000       1.000       1.000       1.000       1.000       1.000       1.000
    F9AGE            1.000       1.000       1.000       1.000       1.000       1.000       1.000

 Residual Variances
    NARAACC          0.984       0.986       0.988       0.996       1.003       1.005       1.008
    NARACOMP         0.988       0.990       0.991       0.996       1.002       1.003       1.005
    WOLDCOMP         0.998       0.999       0.999       1.000       1.001       1.001       1.001
    COMBACC          1.000       1.000       1.000       1.000       1.000       1.000       1.000

Latent Class 4

 COMBACC  ON
    F9AGE           -0.142      -0.107      -0.089       0.004       0.097       0.115       0.150

 NARAACC  ON
    F9AGE           -0.044       0.006       0.031       0.163       0.295       0.321       0.370

 NARACOMP ON
    F9AGE           -0.011       0.009       0.019       0.071       0.124       0.134       0.154

 WOLDCOMP ON
    F8AGE           -0.037      -0.025      -0.019       0.013       0.044       0.050       0.062

 NARACOMP WITH
    NARAACC          0.000       0.000       0.000       0.000       0.000       0.000       0.000
    COMBACC          0.000       0.000       0.000       0.000       0.000       0.000       0.000
    WOLDCOMP         0.000       0.000       0.000       0.000       0.000       0.000       0.000

 NARAACC  WITH
    COMBACC          0.000       0.000       0.000       0.000       0.000       0.000       0.000
    WOLDCOMP         0.000       0.000       0.000       0.000       0.000       0.000       0.000

 COMBACC  WITH
    WOLDCOMP         0.000       0.000       0.000       0.000       0.000       0.000       0.000

 F9AGE    WITH
    F8AGE            0.003       0.019       0.027       0.070       0.112       0.120       0.136

 Means
    F8AGE           45.705      46.470      46.861      48.902      50.944      51.335      52.099
    F9AGE           30.455      30.846      31.047      32.093      33.140      33.340      33.732

 Intercepts
    NARAACC         14.021      16.469      17.721      24.259      30.797      32.049      34.497
    NARACOMP         3.519       4.180       4.519       6.287       8.054       8.393       9.055
    WOLDCOMP         1.532       2.121       2.422       3.995       5.567       5.868       6.457
    COMBACC          8.276       9.855      10.662      14.880      19.097      19.905      21.484

 Variances
    F8AGE            1.000       1.000       1.000       1.000       1.000       1.000       1.000
    F9AGE            1.000       1.000       1.000       1.000       1.000       1.000       1.000

 Residual Variances
    NARAACC          0.906       0.922       0.930       0.973       1.016       1.025       1.041
    NARACOMP         0.983       0.986       0.987       0.995       1.002       1.004       1.007
    WOLDCOMP         0.999       0.999       0.999       1.000       1.001       1.001       1.001
    COMBACC          0.999       0.999       0.999       1.000       1.001       1.001       1.001

Latent Class 5

 COMBACC  ON
    F9AGE           -0.060      -0.045      -0.037       0.002       0.041       0.048       0.063

 NARAACC  ON
    F9AGE           -0.028       0.000       0.014       0.089       0.164       0.179       0.207

 NARACOMP ON
    F9AGE           -0.008       0.014       0.025       0.084       0.143       0.155       0.177

 WOLDCOMP ON
    F8AGE           -0.041      -0.028      -0.021       0.014       0.049       0.056       0.069

 NARACOMP WITH
    NARAACC          0.000       0.000       0.000       0.000       0.000       0.000       0.000
    COMBACC          0.000       0.000       0.000       0.000       0.000       0.000       0.000
    WOLDCOMP         0.000       0.000       0.000       0.000       0.000       0.000       0.000

 NARAACC  WITH
    COMBACC          0.000       0.000       0.000       0.000       0.000       0.000       0.000
    WOLDCOMP         0.000       0.000       0.000       0.000       0.000       0.000       0.000

 COMBACC  WITH
    WOLDCOMP         0.000       0.000       0.000       0.000       0.000       0.000       0.000

 F9AGE    WITH
    F8AGE            0.003       0.019       0.027       0.070       0.112       0.120       0.136

 Means
    F8AGE           45.841      46.607      46.999      49.045      51.092      51.483      52.250
    F9AGE           30.302      30.689      30.886      31.919      32.951      33.149      33.536

 Intercepts
    NARAACC          2.240       3.186       3.669       6.194       8.720       9.203      10.149
    NARACOMP         0.309       1.021       1.385       3.287       5.189       5.553       6.265
    WOLDCOMP         0.619       1.266       1.597       3.325       5.053       5.384       6.031
    COMBACC          1.701       2.172       2.412       3.669       4.926       5.166       5.637

 Variances
    F8AGE            1.000       1.000       1.000       1.000       1.000       1.000       1.000
    F9AGE            1.000       1.000       1.000       1.000       1.000       1.000       1.000

 Residual Variances
    NARAACC          0.971       0.976       0.979       0.992       1.005       1.008       1.013
    NARACOMP         0.977       0.981       0.983       0.993       1.003       1.005       1.009
    WOLDCOMP         0.998       0.999       0.999       1.000       1.001       1.001       1.001
    COMBACC          1.000       1.000       1.000       1.000       1.000       1.000       1.000

Latent Class 6

 COMBACC  ON
    F9AGE           -0.088      -0.066      -0.055       0.002       0.060       0.071       0.092

 NARAACC  ON
    F9AGE           -0.026      -0.002       0.010       0.072       0.135       0.147       0.170

 NARACOMP ON
    F9AGE           -0.007       0.013       0.024       0.078       0.133       0.143       0.164

 WOLDCOMP ON
    F8AGE           -0.037      -0.025      -0.019       0.013       0.045       0.051       0.063

 NARACOMP WITH
    NARAACC          0.000       0.000       0.000       0.000       0.000       0.000       0.000
    COMBACC          0.000       0.000       0.000       0.000       0.000       0.000       0.000
    WOLDCOMP         0.000       0.000       0.000       0.000       0.000       0.000       0.000

 NARAACC  WITH
    COMBACC          0.000       0.000       0.000       0.000       0.000       0.000       0.000
    WOLDCOMP         0.000       0.000       0.000       0.000       0.000       0.000       0.000

 COMBACC  WITH
    WOLDCOMP         0.000       0.000       0.000       0.000       0.000       0.000       0.000

 F9AGE    WITH
    F8AGE            0.003       0.019       0.027       0.070       0.112       0.120       0.136

 Means
    F8AGE           46.153      46.910      47.297      49.319      51.341      51.729      52.486
    F9AGE           30.502      30.887      31.084      32.114      33.144      33.341      33.727

 Intercepts
    NARAACC         -2.590      -1.837      -1.451       0.562       2.576       2.961       3.715
    NARACOMP        -3.102      -2.433      -2.091      -0.304       1.484       1.826       2.495
    WOLDCOMP         0.137       0.740       1.048       2.659       4.269       4.577       5.180
    COMBACC         -1.974      -1.282      -0.928       0.921       2.770       3.125       3.817

 Variances
    F8AGE            1.000       1.000       1.000       1.000       1.000       1.000       1.000
    F9AGE            1.000       1.000       1.000       1.000       1.000       1.000       1.000

 Residual Variances
    NARAACC          0.981       0.984       0.986       0.995       1.004       1.006       1.009
    NARACOMP         0.981       0.984       0.985       0.994       1.002       1.004       1.007
    WOLDCOMP         0.999       0.999       0.999       1.000       1.001       1.001       1.001
    COMBACC          1.000       1.000       1.000       1.000       1.000       1.000       1.000

Latent Class 7

 COMBACC  ON
    F9AGE           -0.067      -0.051      -0.042       0.002       0.046       0.054       0.071

 NARAACC  ON
    F9AGE           -0.029       0.003       0.019       0.104       0.189       0.205       0.237

 NARACOMP ON
    F9AGE           -0.008       0.020       0.034       0.108       0.181       0.195       0.223

 WOLDCOMP ON
    F8AGE           -0.039      -0.026      -0.020       0.013       0.047       0.053       0.066

 NARACOMP WITH
    NARAACC          0.000       0.000       0.000       0.000       0.000       0.000       0.000
    COMBACC          0.000       0.000       0.000       0.000       0.000       0.000       0.000
    WOLDCOMP         0.000       0.000       0.000       0.000       0.000       0.000       0.000

 NARAACC  WITH
    COMBACC          0.000       0.000       0.000       0.000       0.000       0.000       0.000
    WOLDCOMP         0.000       0.000       0.000       0.000       0.000       0.000       0.000

 COMBACC  WITH
    WOLDCOMP         0.000       0.000       0.000       0.000       0.000       0.000       0.000

 F9AGE    WITH
    F8AGE            0.003       0.019       0.027       0.070       0.112       0.120       0.136

 Means
    F8AGE           45.894      46.660      47.052      49.099      51.146      51.538      52.304
    F9AGE           30.399      30.787      30.985      32.022      33.059      33.258      33.646

 Intercepts
    NARAACC         -0.507       0.653       1.247       4.347       7.447       8.040       9.201
    NARACOMP        -1.562      -0.624      -0.144       2.362       4.868       5.348       6.286
    WOLDCOMP         0.528       1.144       1.459       3.105       4.750       5.066       5.682
    COMBACC          0.243       0.783       1.059       2.502       3.944       4.220       4.760

 Variances
    F8AGE            1.000       1.000       1.000       1.000       1.000       1.000       1.000
    F9AGE            1.000       1.000       1.000       1.000       1.000       1.000       1.000

 Residual Variances
    NARAACC          0.962       0.968       0.972       0.989       1.007       1.010       1.017
    NARACOMP         0.964       0.970       0.973       0.988       1.004       1.007       1.013
    WOLDCOMP         0.998       0.999       0.999       1.000       1.001       1.001       1.001
    COMBACC          1.000       1.000       1.000       1.000       1.000       1.000       1.000


TECHNICAL 7 OUTPUT


     SAMPLE STATISTICS WEIGHTED BY ESTIMATED CLASS PROBABILITIES FOR CLASS 1


           Means
              NARAACC       NARACOMP      WOLDCOMP      COMBACC       F8AGE
              ________      ________      ________      ________      ________
               65.955        24.414         7.873        12.810       115.184


           Means
              F9AGE
              ________
              123.346


           Covariances
              NARAACC       NARACOMP      WOLDCOMP      COMBACC       F8AGE
              ________      ________      ________      ________      ________
 NARAACC      423.605
 NARACOMP     119.216        59.443
 WOLDCOMP       9.254         8.715         4.371
 COMBACC       75.571        22.031         2.726        20.986
 F8AGE        -59.764        -7.475        -0.062        -3.177        11.268
 F9AGE         11.628        -0.001        -8.306         0.869      -127.459


           Covariances
              F9AGE
              ________
 F9AGE         28.785


     SAMPLE STATISTICS WEIGHTED BY ESTIMATED CLASS PROBABILITIES FOR CLASS 2


           Means
              NARAACC       NARACOMP      WOLDCOMP      COMBACC       F8AGE
              ________      ________      ________      ________      ________
               84.391        30.733         7.936        16.022       102.761


           Means
              F9AGE
              ________
              118.338


           Covariances
              NARAACC       NARACOMP      WOLDCOMP      COMBACC       F8AGE
              ________      ________      ________      ________      ________
 NARAACC       28.846
 NARACOMP       1.171        21.467
 WOLDCOMP      -0.423         3.180         3.587
 COMBACC        0.414        -1.454        -0.526         3.851
 F8AGE         -1.222         1.650         0.094        -1.485         3.574
 F9AGE          2.371         0.784        -2.070        -0.256       -22.550


           Covariances
              F9AGE
              ________
 F9AGE         12.269


     SAMPLE STATISTICS WEIGHTED BY ESTIMATED CLASS PROBABILITIES FOR CLASS 3


           Means
              NARAACC       NARACOMP      WOLDCOMP      COMBACC       F8AGE
              ________      ________      ________      ________      ________
               69.685        26.275         7.392        13.786       102.955


           Means
              F9AGE
              ________
              118.435


           Covariances
              NARAACC       NARACOMP      WOLDCOMP      COMBACC       F8AGE
              ________      ________      ________      ________      ________
 NARAACC       59.759
 NARACOMP       3.696        22.006
 WOLDCOMP      -0.465         3.139         3.084
 COMBACC        1.003        -1.664        -0.339         6.482
 F8AGE          5.478         9.194         0.032         1.908         3.898
 F9AGE          1.372         1.430        -2.463        -0.235       -24.393


           Covariances
              F9AGE
              ________
 F9AGE         12.927


     SAMPLE STATISTICS WEIGHTED BY ESTIMATED CLASS PROBABILITIES FOR CLASS 4


           Means
              NARAACC       NARACOMP      WOLDCOMP      COMBACC       F8AGE
              ________      ________      ________      ________      ________
               93.062        34.812         8.917        17.941       102.753


           Means
              F9AGE
              ________
              118.736


           Covariances
              NARAACC       NARACOMP      WOLDCOMP      COMBACC       F8AGE
              ________      ________      ________      ________      ________
 NARAACC        9.927
 NARACOMP       1.738        16.480
 WOLDCOMP      -0.091         2.511         3.724
 COMBACC        0.227        -0.160        -0.066         1.430
 F8AGE         -2.128         3.729        -0.225         1.380         3.946
 F9AGE          1.896         1.136        -3.370         0.185       -31.187


           Covariances
              F9AGE
              ________
 F9AGE         14.895


     SAMPLE STATISTICS WEIGHTED BY ESTIMATED CLASS PROBABILITIES FOR CLASS 5


           Means
              NARAACC       NARACOMP      WOLDCOMP      COMBACC       F8AGE
              ________      ________      ________      ________      ________
               52.232        20.539         6.949        10.625       103.056


           Means
              F9AGE
              ________
              118.092


           Covariances
              NARAACC       NARACOMP      WOLDCOMP      COMBACC       F8AGE
              ________      ________      ________      ________      ________
 NARAACC       33.218
 NARACOMP       1.806        11.784
 WOLDCOMP      -1.294         2.327         2.985
 COMBACC        3.063        -0.715        -0.146         8.157
 F8AGE          2.105         9.006         0.059        -0.368         4.051
 F9AGE          1.103         0.785        -2.076         0.446       -21.765


           Covariances
              F9AGE
              ________
 F9AGE         10.923


     SAMPLE STATISTICS WEIGHTED BY ESTIMATED CLASS PROBABILITIES FOR CLASS 6


           Means
              NARAACC       NARACOMP      WOLDCOMP      COMBACC       F8AGE
              ________      ________      ________      ________      ________
               20.555         8.177         6.293         1.937       103.616


           Means
              F9AGE
              ________
              118.814


           Covariances
              NARAACC       NARACOMP      WOLDCOMP      COMBACC       F8AGE
              ________      ________      ________      ________      ________
 NARAACC       50.913
 NARACOMP      18.589        13.548
 WOLDCOMP       1.512         1.639         3.650
 COMBACC        5.455         2.255         1.014         3.773
 F8AGE         31.041        15.980        -0.144        13.460         6.698
 F9AGE          2.032         0.450        -5.026         0.466       -66.650


           Covariances
              F9AGE
              ________
 F9AGE         17.649


     SAMPLE STATISTICS WEIGHTED BY ESTIMATED CLASS PROBABILITIES FOR CLASS 7


           Means
              NARAACC       NARACOMP      WOLDCOMP      COMBACC       F8AGE
              ________      ________      ________      ________      ________
               38.038        15.628         6.863         6.488       103.156


           Means
              F9AGE
              ________
              118.474


           Covariances
              NARAACC       NARACOMP      WOLDCOMP      COMBACC       F8AGE
              ________      ________      ________      ________      ________
 NARAACC       24.579
 NARACOMP       4.352         7.272
 WOLDCOMP      -2.119         0.979         3.327
 COMBACC        2.719        -0.091         0.177         6.425
 F8AGE        -16.662         5.386         0.301         6.103         4.990
 F9AGE          1.965         1.302        -4.042        -0.027       -55.594


           Covariances
              F9AGE
              ________
 F9AGE         13.997


TECHNICAL 11 OUTPUT

     Random Starts Specifications for the k-1 Class Analysis Model
        Number of initial stage random starts                  20
        Number of final stage optimizations                     4



     VUONG-LO-MENDELL-RUBIN LIKELIHOOD RATIO TEST FOR 6 (H0) VERSUS 7 CLASSES

          H0 Loglikelihood Value                       -55646.332
          2 Times the Loglikelihood Difference           1292.956
          Difference in the Number of Parameters               11
          Mean                                      -45142122.988
          Standard Deviation                         63840667.765
          P-Value                                          0.2397

     LO-MENDELL-RUBIN ADJUSTED LRT TEST

          Value                                          1278.672
          P-Value                                          0.2397


TECHNICAL 14 OUTPUT

     Random Starts Specifications for the k-1 Class Analysis Model
        Number of initial stage random starts                  20
        Number of final stage optimizations                     4

     Random Starts Specification for the k-1 Class Model for Generated Data
        Number of initial stage random starts                   0
        Number of final stage optimizations for the
           initial stage random starts                          0
     Random Starts Specification for the k Class Model for Generated Data
        Number of initial stage random starts                 100
        Number of final stage optimizations                    20
     Number of bootstrap draws requested                   Varies


     PARAMETRIC BOOTSTRAPPED LIKELIHOOD RATIO TEST FOR 6 (H0) VERSUS 7 CLASSES

          H0 Loglikelihood Value                       -55646.332
          2 Times the Loglikelihood Difference           1292.956
          Difference in the Number of Parameters               11
          Approximate P-Value                              0.0000
          Successful Bootstrap Draws                            5

     WARNING:  OF THE 5 BOOTSTRAP DRAWS, 3 DRAWS HAD BOTH A SMALLER LRT VALUE THAN THE
     OBSERVED LRT VALUE AND NOT A REPLICATED BEST LOGLIKELIHOOD VALUE FOR THE 7-CLASS MODEL.
     THIS MEANS THAT THE P-VALUE MAY NOT BE TRUSTWORTHY DUE TO LOCAL MAXIMA.
     INCREASE THE NUMBER OF RANDOM STARTS USING THE LRTSTARTS OPTION.



PLOT INFORMATION

The following plots are available:

  Histograms (sample values)
  Scatterplots (sample values)
  Estimated overall and class-specific distributions

SAVEDATA INFORMATION


  Save file
    sv_lpa_c_7class.dat

  Order and format of variables

    NARAACC        F10.3
    NARACOMP       F10.3
    WOLDCOMP       F10.3
    COMBACC        F10.3
    F8AGE          F10.3
    F9AGE          F10.3
    CPROB1         F10.3
    CPROB2         F10.3
    CPROB3         F10.3
    CPROB4         F10.3
    CPROB5         F10.3
    CPROB6         F10.3
    CPROB7         F10.3
    C              F10.3
    CIDB3153       I6

  Save file format
    14F10.3 I6

  Save file record length    10000

  Save missing symbol        *


     Beginning Time:  13:55:18
        Ending Time:  13:56:50
       Elapsed Time:  00:01:32



MUTHEN & MUTHEN
3463 Stoner Ave.
Los Angeles, CA  90066

Tel: (310) 391-9971
Fax: (310) 391-8971
Web: www.StatModel.com
Support: Support@StatModel.com

Copyright (c) 1998-2020 Muthen & Muthen
