Mplus VERSION 8.5
MUTHEN & MUTHEN
08/13/2021   2:21 PM

INPUT INSTRUCTIONS

  TITLE:
   LPA Model A: 2 classes;
  DATA:
  FILE = "mplus_models/simpview/lpa_comp/sv_lpa_mbench_576296b10d9f155ad9363f1cbb7ab8da.dat"

  VARIABLE:
  NAMES = cidB3153 f8age f9age naraAcc naraComp woldComp combAcc;
   MISSING=.;
    idvariable = cidb3153; classes = c(2);
  ANALYSIS:
   estimator = mlr; type = mixture;
                                                     starts = 0;
                                                     optseed = 688839;
                                                     k-1starts = 20 4;
  MODEL:
  %OVERALL%
             f8age; f9age;
             combAcc naraAcc naraComp on f9age;
             woldcomp on f8age;
   naraComp; naraAcc; combAcc; woldComp;
    naraComp with naraAcc@0;
    naraComp with combAcc@0;
    naraComp with woldComp@0;
    naraAcc with combAcc@0;
    naraAcc with woldComp@0;
    combAcc with woldComp@0;
  OUTPUT:
   TECH7 TECH11;
  PLOT:
  TYPE = PLOT3;



*** WARNING
  Input line exceeded 90 characters. Some input may be truncated.
  FILE = "mplus_models/simpview/lpa_comp/sv_lpa_mbench_576296b10d9f155ad9363f1cbb7ab8da.dat";
   1 WARNING(S) FOUND IN THE INPUT INSTRUCTIONS




LPA Model A: 2 classes;

SUMMARY OF ANALYSIS

Number of groups                                                 1
Number of observations                                        3423

Number of dependent variables                                    4
Number of independent variables                                  2
Number of continuous latent variables                            0
Number of categorical latent variables                           1

Observed dependent variables

  Continuous
   NARAACC     NARACOMP    WOLDCOMP    COMBACC

Observed independent variables
   F8AGE       F9AGE

Categorical latent variables
   C

Variables with special functions

  ID variable           CIDB3153

Estimator                                                      MLR
Information matrix                                        OBSERVED
Optimization Specifications for the Quasi-Newton Algorithm for
Continuous Outcomes
  Maximum number of iterations                                 100
  Convergence criterion                                  0.100D-05
Optimization Specifications for the EM Algorithm
  Maximum number of iterations                                 500
  Convergence criteria
    Loglikelihood change                                 0.100D-06
    Relative loglikelihood change                        0.100D-06
    Derivative                                           0.100D-05
Optimization Specifications for the M step of the EM Algorithm for
Categorical Latent variables
  Number of M step iterations                                    1
  M step convergence criterion                           0.100D-05
  Basis for M step termination                           ITERATION
Optimization Specifications for the M step of the EM Algorithm for
Censored, Binary or Ordered Categorical (Ordinal), Unordered
Categorical (Nominal) and Count Outcomes
  Number of M step iterations                                    1
  M step convergence criterion                           0.100D-05
  Basis for M step termination                           ITERATION
  Maximum value for logit thresholds                            15
  Minimum value for logit thresholds                           -15
  Minimum expected cell size for chi-square              0.100D-01
Maximum number of iterations for H1                           2000
Convergence criterion for H1                             0.100D-03
Optimization algorithm                                         EMA
Random Starts Specifications
  Random seed for analysis                                  688839

Input data file(s)
  mplus_models/simpview/lpa_comp/sv_lpa_mbench_576296b10d9f155ad9363f1cbb7ab8da.
Input data format  FREE


SUMMARY OF DATA

     Number of missing data patterns             5
     Number of y missing data patterns           5
     Number of u missing data patterns           0


COVARIANCE COVERAGE OF DATA

Minimum covariance coverage value   0.100


     PROPORTION OF DATA PRESENT FOR Y


           Covariance Coverage
              NARAACC       NARACOMP      WOLDCOMP      COMBACC       F8AGE
              ________      ________      ________      ________      ________
 NARAACC        1.000
 NARACOMP       1.000         1.000
 WOLDCOMP       0.852         0.852         0.852
 COMBACC        0.996         0.996         0.850         0.996
 F8AGE          0.861         0.861         0.852         0.858         0.861
 F9AGE          1.000         1.000         0.852         0.996         0.861


           Covariance Coverage
              F9AGE
              ________
 F9AGE          1.000



UNIVARIATE SAMPLE STATISTICS


     UNIVARIATE HIGHER-ORDER MOMENT DESCRIPTIVE STATISTICS

         Variable/         Mean/     Skewness/   Minimum/ % with                Percentiles
        Sample Size      Variance    Kurtosis    Maximum  Min/Max      20%/60%    40%/80%    Median

     NARAACC              66.334      -0.525       0.000    0.06%      48.000     62.000     69.000
            3423.000     417.180      -0.469     100.000    0.06%      76.000     86.000
     NARACOMP             25.018      -0.273       0.000    0.09%      18.000     23.000     25.000
            3423.000      62.018      -0.237      44.000    0.03%      28.000     32.000
     WOLDCOMP              7.517       0.082       2.000    0.41%       6.000      7.000      7.000
            2917.000       3.758       0.190      15.000    0.03%       8.000      9.000
     COMBACC              12.788      -0.783       0.000    1.44%       9.000     13.000     14.000
            3408.000      21.534      -0.011      20.000    1.44%      15.000     17.000
     F8AGE               103.533       2.579      94.000    0.03%     102.000    102.000    103.000
            2947.000      11.227       8.561     126.000    0.03%     103.000    105.000
     F9AGE               118.643       1.305     105.000    0.03%     116.000    117.000    118.000
            3423.000      14.907       2.626     139.000    0.06%     119.000    121.000


THE MODEL ESTIMATION TERMINATED NORMALLY



MODEL FIT INFORMATION

Number of Free Parameters                       24

Loglikelihood

          H0 Value                      -57767.551
          H0 Scaling Correction Factor      1.4585
            for MLR

Information Criteria

          Akaike (AIC)                  115583.103
          Bayesian (BIC)                115730.421
          Sample-Size Adjusted BIC      115654.162
            (n* = (n + 2) / 24)



FINAL CLASS COUNTS AND PROPORTIONS FOR THE LATENT CLASSES
BASED ON THE ESTIMATED MODEL

    Latent
   Classes

       1       2290.09757          0.66903
       2       1132.90243          0.33097


FINAL CLASS COUNTS AND PROPORTIONS FOR THE LATENT CLASSES
BASED ON ESTIMATED POSTERIOR PROBABILITIES

    Latent
   Classes

       1       2290.09757          0.66903
       2       1132.90243          0.33097


FINAL CLASS COUNTS AND PROPORTIONS FOR THE LATENT CLASSES
BASED ON THEIR MOST LIKELY LATENT CLASS MEMBERSHIP

Class Counts and Proportions

    Latent
   Classes

       1             2282          0.66667
       2             1141          0.33333


CLASSIFICATION QUALITY

     Entropy                         0.874


Average Latent Class Probabilities for Most Likely Latent Class Membership (Row)
by Latent Class (Column)

           1        2

    1   0.974    0.026
    2   0.059    0.941


Classification Probabilities for the Most Likely Latent Class Membership (Column)
by Latent Class (Row)

           1        2

    1   0.971    0.029
    2   0.052    0.948


Logits for the Classification Probabilities for the Most Likely Latent Class Membership (Column)
by Latent Class (Row)

              1        2

    1      3.500    0.000
    2     -2.901    0.000


MODEL RESULTS

                                                    Two-Tailed
                    Estimate       S.E.  Est./S.E.    P-Value

Latent Class 1

 COMBACC    ON
    F9AGE             -0.028      0.021     -1.296      0.195

 NARAACC    ON
    F9AGE             -0.010      0.095     -0.108      0.914

 NARACOMP   ON
    F9AGE              0.003      0.038      0.078      0.938

 WOLDCOMP   ON
    F8AGE              0.021      0.011      1.864      0.062

 NARACOMP WITH
    NARAACC            0.000      0.000    999.000    999.000
    COMBACC            0.000      0.000    999.000    999.000
    WOLDCOMP           0.000      0.000    999.000    999.000

 NARAACC  WITH
    COMBACC            0.000      0.000    999.000    999.000
    WOLDCOMP           0.000      0.000    999.000    999.000

 COMBACC  WITH
    WOLDCOMP           0.000      0.000    999.000    999.000

 F9AGE    WITH
    F8AGE              3.279      0.421      7.798      0.000

 Means
    F8AGE            103.487      0.081   1285.163      0.000
    F9AGE            118.757      0.087   1360.193      0.000

 Intercepts
    NARAACC           79.020     11.246      7.026      0.000
    NARACOMP          28.640      4.471      6.405      0.000
    WOLDCOMP           5.666      1.172      4.834      0.000
    COMBACC           18.508      2.537      7.296      0.000

 Variances
    F8AGE             11.311      0.686     16.478      0.000
    F9AGE             14.881      0.546     27.260      0.000

 Residual Variances
    NARAACC          151.105      4.945     30.555      0.000
    NARACOMP          30.145      0.866     34.827      0.000
    WOLDCOMP           3.504      0.096     36.691      0.000
    COMBACC            9.418      0.253     37.168      0.000

Latent Class 2

 COMBACC    ON
    F9AGE             -0.028      0.021     -1.296      0.195

 NARAACC    ON
    F9AGE             -0.010      0.095     -0.108      0.914

 NARACOMP   ON
    F9AGE              0.003      0.038      0.078      0.938

 WOLDCOMP   ON
    F8AGE              0.021      0.011      1.864      0.062

 NARACOMP WITH
    NARAACC            0.000      0.000    999.000    999.000
    COMBACC            0.000      0.000    999.000    999.000
    WOLDCOMP           0.000      0.000    999.000    999.000

 NARAACC  WITH
    COMBACC            0.000      0.000    999.000    999.000
    WOLDCOMP           0.000      0.000    999.000    999.000

 COMBACC  WITH
    WOLDCOMP           0.000      0.000    999.000    999.000

 F9AGE    WITH
    F8AGE              3.279      0.421      7.798      0.000

 Means
    F8AGE            103.877      0.125    830.996      0.000
    F9AGE            118.413      0.123    959.345      0.000

 Intercepts
    NARAACC           44.352     11.262      3.938      0.000
    NARACOMP          16.643      4.462      3.730      0.000
    WOLDCOMP           4.585      1.178      3.892      0.000
    COMBACC           11.095      2.542      4.365      0.000

 Variances
    F8AGE             11.311      0.686     16.478      0.000
    F9AGE             14.881      0.546     27.260      0.000

 Residual Variances
    NARAACC          151.105      4.945     30.555      0.000
    NARACOMP          30.145      0.866     34.827      0.000
    WOLDCOMP           3.504      0.096     36.691      0.000
    COMBACC            9.418      0.253     37.168      0.000

Categorical Latent Variables

 Means
    C#1                0.704      0.064     11.020      0.000


QUALITY OF NUMERICAL RESULTS

     Condition Number for the Information Matrix              0.155E-06
       (ratio of smallest to largest eigenvalue)


TECHNICAL 7 OUTPUT


     SAMPLE STATISTICS WEIGHTED BY ESTIMATED CLASS PROBABILITIES FOR CLASS 1


           Means
              NARAACC       NARACOMP      WOLDCOMP      COMBACC       F8AGE
              ________      ________      ________      ________      ________
               77.806        28.989         7.855        15.227       103.417


           Means
              F9AGE
              ________
              118.757


           Covariances
              NARAACC       NARACOMP      WOLDCOMP      COMBACC       F8AGE
              ________      ________      ________      ________      ________
 NARAACC      143.864
 NARACOMP      35.224        31.193
 WOLDCOMP       4.969         4.973         3.636
 COMBACC       15.273         3.318         0.576         6.866
 F8AGE         15.729        10.114         0.140         3.933        10.674
 F9AGE          1.270         0.479        -3.004        -0.390       -29.931


           Covariances
              F9AGE
              ________
 F9AGE         15.349


     SAMPLE STATISTICS WEIGHTED BY ESTIMATED CLASS PROBABILITIES FOR CLASS 2


           Means
              NARAACC       NARACOMP      WOLDCOMP      COMBACC       F8AGE
              ________      ________      ________      ________      ________
               43.142        16.991         6.782         7.825       103.786


           Means
              F9AGE
              ________
              118.413


           Covariances
              NARAACC       NARACOMP      WOLDCOMP      COMBACC       F8AGE
              ________      ________      ________      ________      ________
 NARAACC      165.746
 NARACOMP      51.471        28.027
 WOLDCOMP       3.806         3.774         3.233
 COMBACC       36.069        11.426         1.091        14.644
 F8AGE         51.935        27.883         0.166        13.666        12.334
 F9AGE         -3.027        -0.837        -3.153        -0.811       -39.900


           Covariances
              F9AGE
              ________
 F9AGE         13.935


TECHNICAL 11 OUTPUT

     Random Starts Specifications for the k-1 Class Analysis Model
        Number of initial stage random starts                  20
        Number of final stage optimizations                     4



     VUONG-LO-MENDELL-RUBIN LIKELIHOOD RATIO TEST FOR 1 (H0) VERSUS 2 CLASSES

          H0 Loglikelihood Value                       -60382.881
          2 Times the Loglikelihood Difference           5230.660
          Difference in the Number of Parameters                7
          Mean                                             40.613
          Standard Deviation                               55.548
          P-Value                                          0.0000

     LO-MENDELL-RUBIN ADJUSTED LRT TEST

          Value                                          5140.426
          P-Value                                          0.0000


PLOT INFORMATION

The following plots are available:

  Histograms (sample values)
  Scatterplots (sample values)
  Estimated overall and class-specific distributions

     Beginning Time:  14:21:01
        Ending Time:  14:21:02
       Elapsed Time:  00:00:01



MUTHEN & MUTHEN
3463 Stoner Ave.
Los Angeles, CA  90066

Tel: (310) 391-9971
Fax: (310) 391-8971
Web: www.StatModel.com
Support: Support@StatModel.com

Copyright (c) 1998-2020 Muthen & Muthen
